-126.707366031354	-1	5.02047895794467
-126.836595649237	-0.9	5.15652985998324
-126.953813219065	-0.8	5.2944482570864
-127.058321696173	-0.7	5.43380797133805
-127.149764796562	-0.6	5.57450670793657
-127.227861641021	-0.5	5.71652054417326
-127.292313741575	-0.4	5.85976896401125
-127.342809134392	-0.3	6.00406320761798
-127.379059140114	-0.2	6.14908037163655
-127.400849760756	-0.1	6.29434970647904
-127.408101955309	0	6.43928732444077
-127.400910386772	0.1	6.58331255340185
-127.379515872813	0.2	6.72602173716249
-127.344198136814	0.3	6.86733650111756
-127.295134281611	0.4	7.00753972418393
-127.232302696933	0.5	7.14717037112745
-127.155490376828	0.6	7.28682471520189
-127.064399617728	0.7	7.42695631745069
-126.958792690949	0.8	7.56775802868974
-126.838600433679	0.9	7.70915589011767
-126.703959844041	1	7.85088148756874
