-126.664277942133	-1	4.90092978485771
-126.797901009675	-0.9	5.04162545657
-126.92081062796	-0.8	5.18625833370756
-127.03153381357	-0.7	5.33391937054501
-127.12912599332	-0.6	5.48409119168833
-127.212923128617	-0.5	5.63648148008437
-127.282375030877	-0.4	5.79085333278242
-127.336983743509	-0.3	5.94691423734934
-127.37631480579	-0.2	6.10427428634904
-127.400037830482	-0.1	6.26245954940612
-127.407962454392	0	6.42096411395868
-127.40004725911	0.1	6.57932519759832
-127.376371095246	0.2	6.73719995671061
-127.33707277378	0.3	6.89441615181844
-127.282282775794	0.4	7.05097361249152
-127.212078187217	0.5	7.20699231707635
-127.126482434534	0.6	7.3626257908504
-127.025509947962	0.7	7.51797157906883
-126.909236382202	0.8	7.67300708312189
-126.777867808559	0.9	7.82756430011459
-126.631786740289	1	7.98134229782427
