TOTAL ENERGY: -126.618640186273	 lambda: -1	 population of target: 4.82293633209065
1RDM: 
     1.99990160448896  0.000140844651213719   0.00140578780842563   -0.0010565589850736 -0.000446293504838693 -0.000503019637735181   0.00300618749901569  -0.00572009652390452   0.00737506813270723  -0.00846233760774479
 0.000140844651213719      1.99891931666447   -0.0099877184176464   0.00275596399206529  -0.00294960523381015   0.00241003695483599   0.00430690451749733  -0.00557496462217722   0.00739734267218112    0.0422756317758548
  0.00140578780842563   -0.0099877184176464        1.903588078787   0.00344962865436285  -0.00735491097843767    0.0267517108770475    0.0199973316199291   0.00207969520438128    0.0951882998839661     0.403936541896456
  -0.0010565589850736   0.00275596399206529   0.00344962865436285      1.73632449277458     0.157479516202277    0.0449966119537486    -0.186436622831018     0.399325142811292     0.419882791882922    -0.106300778828643
-0.000446293504838693  -0.00294960523381015  -0.00735491097843767     0.157479516202277      1.86056848941393   -0.0320895553076802     0.170261540595743    -0.363020732002421    -0.154235922807118    0.0524317740579159
-0.000503019637735181   0.00241003695483599    0.0267517108770475    0.0449966119537486   -0.0320895553076802      1.96459212709287    0.0601495364446292   -0.0948560962628575   -0.0650808900168886   -0.0752459393625894
  0.00300618749901569   0.00430690451749733    0.0199973316199291    -0.186436622831018     0.170261540595743    0.0601495364446292      1.62770403715848     0.671501988246827    -0.130119267802698   -0.0551308570212546
 -0.00572009652390452  -0.00557496462217722   0.00207969520438128     0.399325142811292    -0.363020732002421   -0.0948560962628575     0.671501988246827     0.610921018470585     0.116408775675853   -0.0711012620208893
  0.00737506813270723   0.00739734267218112    0.0951882998839661     0.419882791882922    -0.154235922807118   -0.0650808900168886    -0.130119267802698     0.116408775675853     0.178707145741073   -0.0134681102023498
 -0.00846233760774479    0.0422756317758548     0.403936541896456    -0.106300778828643    0.0524317740579159   -0.0752459393625894   -0.0551308570212546   -0.0711012620208893   -0.0134681102023498     0.118773689408164
TOTAL ENERGY: -126.754978783335	 lambda: -0.9	 population of target: 4.9665011560368
1RDM: 
     1.99991485885355  0.000114614640435808   0.00114505475754253 -0.000755047274422265 -0.000410811261982856 -0.000409170291401662    0.0028198845945326  -0.00530860242446749   0.00661876369399081  -0.00762356052645592
 0.000114614640435808      1.99908769630083  -0.00842985760851526    0.0024680015592708  -0.00254061735599888   0.00205936094574581    0.0038150248261635   -0.0050262580847444   0.00682870809551134    0.0387139759418887
  0.00114505475754253  -0.00842985760851526      1.91838671666201   0.00314646466031048  -0.00625076712270562    0.0227451188298887    0.0179881366612475   0.00171227214241228    0.0872919507440645     0.370437765473542
-0.000755047274422265    0.0024680015592708   0.00314646466031048      1.73993282327389     0.140859747169784    0.0403071783463609    -0.199463769477821      0.42356401094793     0.377719702301144   -0.0956065935912586
-0.000410811261982856  -0.00254061735599888  -0.00625076712270562     0.140859747169784      1.87945909613945   -0.0271558426994579     0.152128536957335     -0.32482639291835    -0.138095202436196    0.0463800228294938
-0.000409170291401662   0.00205936094574581    0.0227451188298887    0.0403071783463609   -0.0271558426994579      1.96748814993215    0.0544484401376955   -0.0845654430648803   -0.0577902077170165   -0.0654655659844407
   0.0028198845945326    0.0038150248261635    0.0179881366612475    -0.199463769477821     0.152128536957335    0.0544484401376955      1.62954673945478     0.672459846832758    -0.119329359167794   -0.0526177856036125
 -0.00530860242446749   -0.0050262580847444   0.00171227214241228      0.42356401094793     -0.32482639291835   -0.0845654430648803     0.672459846832758     0.606557532679259     0.103622537344501   -0.0654358284685457
  0.00661876369399081   0.00682870809551134    0.0872919507440645     0.377719702301144    -0.138095202436196   -0.0577902077170165    -0.119329359167794     0.103622537344501     0.156475369027729   -0.0119323790528957
 -0.00762356052645592    0.0387139759418887     0.370437765473542   -0.0956065935912586    0.0463800228294938   -0.0654655659844407   -0.0526177856036125   -0.0654358284685457   -0.0119323790528957     0.103151017676435
TOTAL ENERGY: -126.881334614587	 lambda: -0.8	 population of target: 5.11519972612744
1RDM: 
     1.99992636101896  9.05514775105169e-05   0.00090515644872106 -0.000521334583831592 -0.000372008763898073 -0.000323290221195406   0.00263874531225115  -0.00491169774842331   0.00585033279090916  -0.00676106730795756
 9.05514775105169e-05      1.99924455634799  -0.00697510913192489   0.00217671304775029  -0.00219236659171443   0.00173527886603689    0.0033455612362721  -0.00445024982911677   0.00622800611517535    0.0349978129343009
  0.00090515644872106  -0.00697510913192489      1.93220190260386   0.00285250389738383  -0.00524970748122333     0.019121063735817    0.0162252819574462   0.00150222384832374    0.0790525410821554     0.335494278399754
-0.000521334583831592   0.00217671304775029   0.00285250389738383      1.74079525568429     0.123957864589751    0.0355309617457203      -0.2113776435574     0.445987009117745     0.334743830127833   -0.0847815486120445
-0.000372008763898073  -0.00219236659171443  -0.00524970748122333     0.123957864589751      1.89511662178483   -0.0231141295215473     0.133704509281789    -0.285972065717218    -0.121653668719282    0.0403317981861659
-0.000323290221195406   0.00173527886603689     0.019121063735817    0.0355309617457203   -0.0231141295215473      1.97004304977941    0.0485833776978422   -0.0741248483904796   -0.0504630201478922   -0.0558947934586059
  0.00263874531225115    0.0033455612362721    0.0162252819574462      -0.2113776435574     0.133704509281789    0.0485833776978422      1.63180248511267     0.672344008641535    -0.108467937986002   -0.0507499326390804
 -0.00491169774842331  -0.00445024982911677   0.00150222384832374     0.445987009117745    -0.285972065717218   -0.0741248483904796     0.672344008641535     0.604488929446296    0.0905364321592518    -0.059972786875809
  0.00585033279090916   0.00622800611517535    0.0790525410821554     0.334743830127833    -0.121653668719282   -0.0504630201478922    -0.108467937986002    0.0905364321592518     0.137591083814646   -0.0109114999065571
 -0.00676106730795756    0.0349978129343009     0.335494278399754   -0.0847815486120445    0.0403317981861659   -0.0558947934586059   -0.0507499326390804    -0.059972786875809   -0.0109114999065571    0.0887897544071155
TOTAL ENERGY: -126.995907360391	 lambda: -0.7	 population of target: 5.26800454906321
1RDM: 
      1.9999361032806  6.89086858480758e-05   0.00068845311151711 -0.000351594717164574 -0.000330664096936895 -0.000245251693573534    0.0024653740869924  -0.00453160586842671    0.0050797607249201  -0.00588137980005525
 6.89086858480758e-05      1.99938852309191  -0.00563582267767802   0.00188456973090658  -0.00190238122536958   0.00143672098209481    0.0028939413404676   -0.0038579729203952   0.00559247593769654    0.0311286912452743
  0.00068845311151711  -0.00563582267767802      1.94492536126913   0.00256184332114687  -0.00434640810845348    0.0158600865114133     0.014632792735334   0.00141210484828313    0.0704618366892472     0.299066658797045
-0.000351594717164574   0.00188456973090658   0.00256184332114687      1.73914988591845     0.106971592885282    0.0307265961775406    -0.222153768888596     0.466531046471438     0.291471904866458   -0.0739313507039286
-0.000330664096936895  -0.00190238122536958  -0.00434640810845348     0.106971592885282      1.90767291718827   -0.0199289141303223     0.115200003784601    -0.246915666619863    -0.105117740838515    0.0343010798616689
-0.000245251693573534   0.00143672098209481    0.0158600865114133    0.0307265961775406   -0.0199289141303223      1.97227355086403    0.0426436008282545   -0.0636508300284713   -0.0431382379488279   -0.0464450626294136
   0.0024653740869924    0.0028939413404676     0.014632792735334    -0.222153768888596     0.115200003784601    0.0426436008282545      1.63444105226988      0.67126448422942   -0.0975969006816557   -0.0492506156571455
 -0.00453160586842671   -0.0038579729203952   0.00141210484828313     0.466531046471438    -0.246915666619863   -0.0636508300284713      0.67126448422942     0.604529365088706    0.0773399311343958   -0.0546278244846236
   0.0050797607249201   0.00559247593769654    0.0704618366892472     0.291471904866458    -0.105117740838515   -0.0431382379488279   -0.0975969006816557    0.0773399311343958     0.121941755715208   -0.0103664909621912
 -0.00588137980005525    0.0311286912452743     0.299066658797045   -0.0739313507039286    0.0343010798616689   -0.0464450626294136   -0.0492506156571455   -0.0546278244846236   -0.0103664909621912    0.0757414853138745
TOTAL ENERGY: -127.097422455021	 lambda: -0.6	 population of target: 5.42422203121143
1RDM: 
     1.99994414557835  4.99044512809176e-05  0.000497022249349194 -0.000240178344957704 -0.000287267214053522   -0.0001748553509506   0.00230073112867438  -0.00416869165797702   0.00431282092461819  -0.00498885327398928
 4.99044512809176e-05      1.99951811318877  -0.00442645086105849   0.00159306903947515  -0.00166688197023692   0.00116451630317575   0.00245804154901598  -0.00325565489327175   0.00492117355155823    0.0271103789369789
 0.000497022249349194  -0.00442645086105849      1.95642055945095   0.00227175906129433  -0.00354040248695923    0.0129591609512198     0.013174631021262   0.00142375495918667    0.0615211449602615     0.261158196496166
-0.000240178344957704   0.00159306903947515   0.00227175906129433      1.73526793708168    0.0900165830005123    0.0259278913992123    -0.231841263068008     0.485262808119073     0.248210222005911   -0.0631150389808754
-0.000287267214053522  -0.00166688197023692  -0.00354040248695923    0.0900165830005123      1.91737106844338   -0.0175301165386343    0.0967399079710696    -0.207923751881775   -0.0886082774011963    0.0282950300008317
  -0.0001748553509506   0.00116451630317575    0.0129591609512198    0.0259278913992123   -0.0175301165386343      1.97419552019008    0.0366746640090147   -0.0532149395314464   -0.0358376958605668   -0.0370611013097271
  0.00230073112867438   0.00245804154901598     0.013174631021262    -0.231841263068008    0.0967399079710696    0.0366746640090147      1.63741364560773     0.669329148485698   -0.0867488226235545   -0.0479337723362957
 -0.00416869165797702  -0.00325565489327175   0.00142375495918667     0.485262808119073    -0.207923751881775   -0.0532149395314464     0.669329148485698     0.606457192930813    0.0641458956954442   -0.0493449657785406
  0.00431282092461819   0.00492117355155823    0.0615211449602615     0.248210222005911   -0.0886082774011963   -0.0358376958605668   -0.0867488226235545    0.0641458956954442     0.109297052620754   -0.0102142426585633
 -0.00498885327398928    0.0271103789369789     0.261158196496166   -0.0631150389808754    0.0282950300008317   -0.0370611013097271   -0.0479337723362957   -0.0493449657785406   -0.0102142426585633    0.0641147649075742
TOTAL ENERGY: -127.184942299023	 lambda: -0.5	 population of target: 5.58339087613905
1RDM: 
     1.99995055913127  3.37363676468553e-05  0.000332801256704486 -0.000182007294176644 -0.000242064463487108 -0.000111935074999228   0.00214481532014471  -0.00382244909668459   0.00355205306080623  -0.00408618507957561
 3.37363676468553e-05      1.99963174387555  -0.00336289703993991   0.00130296116685704  -0.00148254059881754  0.000920492749721168   0.00203729229393232  -0.00264608583893665   0.00421511132084566    0.0229507663955495
 0.000332801256704486  -0.00336289703993991      1.96653213089146   0.00198175582246535  -0.00283441556413859    0.0104265489134598    0.0118401746242758    0.0015304962875665     0.052245800095164     0.221833207531804
-0.000182007294176644   0.00130296116685704   0.00198175582246535      1.72937070594635    0.0731460796382468    0.0211501243123775    -0.240508536789599     0.502287419226328     0.205102504752842   -0.0523588795625525
-0.000242064463487108  -0.00148254059881754  -0.00283441556413859    0.0731460796382468      1.92444358389907   -0.0158489425024278    0.0783823201690591    -0.169118621466562   -0.0721797043322155    0.0223217985615941
-0.000111935074999228  0.000920492749721168    0.0104265489134598    0.0211501243123775   -0.0158489425024278      1.97581841854872    0.0306951123184136   -0.0428509330369943     -0.02857544084944   -0.0277346151615144
  0.00214481532014471   0.00203729229393232    0.0118401746242758    -0.240508536789599    0.0783823201690591    0.0306951123184136      1.64067585015453     0.666618820728736   -0.0759403375701075   -0.0467143505373146
 -0.00382244909668459  -0.00264608583893665    0.0015304962875665     0.502287419226328    -0.169118621466562   -0.0428509330369943     0.666618820728736     0.610090782722935    0.0510054087258763    -0.044103669079666
  0.00355205306080623   0.00421511132084566     0.052245800095164     0.205102504752842   -0.0721797043322155     -0.02857544084944   -0.0759403375701075    0.0510054087258763     0.099436026023646   -0.0103652331159532
 -0.00408618507957561    0.0229507663955495     0.221833207531804   -0.0523588795625525    0.0223217985615941   -0.0277346151615144   -0.0467143505373146    -0.044103669079666   -0.0103652331159532    0.0540501988065434
TOTAL ENERGY: -127.257711224814	 lambda: -0.4	 population of target: 5.74514410946999
1RDM: 
     1.99995539407637   2.0589954218037e-05  0.000197655490510756  -0.00017365480895166 -0.000195171570724232 -5.63881025342388e-05   0.00199734270383626  -0.00349233967632943   0.00279838614263963  -0.00317539208212321
  2.0589954218037e-05       1.9997278238219  -0.00246115216173166   0.00101461635289251  -0.00134720634749619  0.000706457691582667   0.00163140434645436  -0.00203069118583059   0.00347676207578008    0.0186619136510647
 0.000197655490510756  -0.00246115216173166      1.97510267807821   0.00169209481833451  -0.00223178816782213    0.0082730966768337    0.0106245701566581   0.00172730264623016    0.0426637489058588     0.181210004452037
 -0.00017365480895166   0.00101461635289251   0.00169209481833451      1.72160289755274    0.0563832050115817    0.0164000086196751    -0.248207183855264     0.517686012378118     0.162212402618013   -0.0416747223717286
-0.000195171570724232  -0.00134720634749619  -0.00223178816782213    0.0563832050115817      1.92905108986949   -0.0148364856069887    0.0601514451662189    -0.130554179615172    -0.055853472050333    0.0163942584812575
-5.63881025342388e-05  0.000706457691582667    0.0082730966768337    0.0164000086196751   -0.0148364856069887       1.9771443039896    0.0247167037211701   -0.0325708522407032   -0.0213653562282476   -0.0184948722826334
  0.00199734270383626   0.00163140434645436    0.0106245701566581    -0.248207183855264    0.0601514451662189    0.0247167037211701      1.64420096436856     0.663184086925242   -0.0651829442273359   -0.0455703705917262
 -0.00349233967632943  -0.00203069118583059   0.00172730264623016     0.517686012378118    -0.130554179615172   -0.0325708522407032     0.663184086925242     0.615316273015756    0.0379383290311215   -0.0389057771672612
  0.00279838614263963   0.00347676207578008    0.0426637489058588     0.162212402618013    -0.055853472050333   -0.0213653562282476   -0.0651829442273359    0.0379383290311215    0.0922122456763589    -0.010748516723016
 -0.00317539208212321    0.0186619136510647     0.181210004452037   -0.0416747223717286    0.0163942584812575   -0.0184948722826334   -0.0455703705917262   -0.0389057771672612    -0.010748516723016    0.0456863295510877
TOTAL ENERGY: -127.315079573865	 lambda: -0.3	 population of target: 5.90910117281791
1RDM: 
     1.99995867674624   1.0637690315947e-05  9.33500923606618e-05 -0.000213092816304489 -0.000146687310478401 -8.14792145120645e-06   0.00185813415205041  -0.00317820573904438   0.00205256437508426  -0.00225872931512686
  1.0637690315947e-05      1.99980485657189   -0.0017360767381055  0.000728364295477027  -0.00125966873681141  0.000523626902863082   0.00123963027646249  -0.00141111924928245   0.00270931110306628     0.014258766609966
 9.33500923606618e-05   -0.0017360767381055      1.98198677972998   0.00140276187596794  -0.00173467541158353   0.00650586625905501   0.00951641113778282   0.00200505419922155    0.0328105792623079     0.139439088442297
-0.000213092816304489  0.000728364295477027   0.00140276187596794      1.71205543673913    0.0397491974367588    0.0116841872575087    -0.254962828875734     0.531497854144376     0.119597281348497   -0.0310741691582663
-0.000146687310478401  -0.00125966873681141  -0.00173467541158353    0.0397491974367588      1.93128699715874   -0.0144628568034356      0.04206746540006   -0.0922814665541992   -0.0396481671409832    0.0105294271475429
-8.14792145120645e-06  0.000523626902863082   0.00650586625905501    0.0116841872575087   -0.0144628568034356      1.97816967423639    0.0187579782081073   -0.0223814688743697   -0.0142245931909481  -0.00938696831672452
  0.00185813415205041   0.00123963027646249   0.00951641113778282    -0.254962828875734      0.04206746540006    0.0187579782081073      1.64797965070983     0.659057448629906   -0.0544877782435314   -0.0444867926334902
 -0.00317820573904438  -0.00141111924928245   0.00200505419922155     0.531497854144376   -0.0922814665541992   -0.0223814688743697     0.659057448629906     0.622070752840343    0.0249625891193507   -0.0337538889261744
  0.00205256437508426   0.00270931110306628    0.0328105792623079     0.119597281348497   -0.0396481671409832   -0.0142245931909481   -0.0544877782435314    0.0249625891193507    0.0875506304143192   -0.0113171478210089
 -0.00225872931512686     0.014258766609966     0.139439088442297   -0.0310741691582663    0.0105294271475429  -0.00938696831672452   -0.0444867926334902   -0.0337538889261744   -0.0113171478210089    0.0391365448532177
TOTAL ENERGY: -127.356496098458	 lambda: -0.2	 population of target: 6.07481779707218
1RDM: 
     1.99996042771163  4.03051382240402e-06  2.14496803242672e-05 -0.000298655120110663  -9.6761885035002e-05  3.28683065824876e-05   0.00172715144377364  -0.00288023816769461   0.00131587127192143  -0.00133920074925229
 4.03051382240402e-06      1.99986150849335  -0.00120079724728583  0.000444695871323982  -0.00121889750248254  0.000372658485983752  0.000860890173676171 -0.000789766496567807   0.00191608481063211   0.00975770837360355
 2.14496803242672e-05  -0.00120079724728583      1.98705713890504   0.00111331567042028  -0.00134370915289252   0.00512667287908614   0.00849749444193261   0.00235092687304777    0.0227247296660474    0.0966827058635843
-0.000298655120110663  0.000444695871323982   0.00111331567042028      1.70081200211669    0.0232777013399125   0.00701327893334501      -0.2607876694999     0.543739193602315    0.0773466588356507   -0.0205744913430974
 -9.6761885035002e-05  -0.00121889750248254  -0.00134370915289252    0.0232777013399125      1.93122409585822   -0.0147036615689514    0.0241627210331689   -0.0543810274680766   -0.0235953223818868    0.0047455565370802
 3.28683065824876e-05  0.000372658485983752   0.00512667287908614   0.00701327893334501   -0.0147036615689514      1.97888821736293     0.012847106058227   -0.0122948224788061  -0.00717309052805899 -0.000451631046285538
  0.00172715144377364  0.000860890173676171   0.00849749444193261      -0.2607876694999    0.0241627210331689     0.012847106058227      1.65200924099014     0.654270203322437   -0.0438651868339767    -0.043412813431392
 -0.00288023816769461 -0.000789766496567807   0.00235092687304777     0.543739193602315   -0.0543810274680766   -0.0122948224788061     0.654270203322437     0.630302179026159     0.012110551765436   -0.0286343192829607
  0.00131587127192143   0.00191608481063211    0.0227247296660474    0.0773466588356507   -0.0235953223818868  -0.00717309052805899   -0.0438651868339767     0.012110551765436    0.0854001998774056   -0.0120378016755723
 -0.00133920074925229   0.00975770837360355    0.0966827058635843   -0.0205744913430974    0.0047455565370802 -0.000451631046285538    -0.043412813431392   -0.0286343192829607   -0.0120378016755723    0.0344849896584553
TOTAL ENERGY: -127.381533647053	 lambda: -0.1	 population of target: 6.24178991978182
1RDM: 
      1.9999606857803   8.8621437626745e-07   -1.681089214678e-05 -0.000427918686063215 -4.56061761221728e-05  6.68128711955078e-05   0.00160429634488023  -0.00259864708725192  0.000590063121944774 -0.000420557158452374
  8.8621437626745e-07      1.99989663768684 -0.000866613914240508  0.000164285483057928  -0.00122325027611418  0.000254052334496413  0.000494449716797777 -0.000169345551014763   0.00110041874870854   0.00517591640374434
  -1.681089214678e-05 -0.000866613914240508      1.99020458937583   0.00082343968540706  -0.00105870149577363   0.00413424074980703    0.0075511699203996   0.00275285290617511    0.0124456534095879    0.0531073978721749
-0.000427918686063215  0.000164285483057928   0.00082343968540706      1.68799128238304   0.00701329224005222   0.00240109424752791       -0.265702395022      0.55443896346971    0.0355797058627683    -0.010196633851387
-4.56061761221728e-05  -0.00122325027611418  -0.00105870149577363   0.00701329224005222      1.92896933691513   -0.0155239021920093   0.00648155418026817   -0.0169584463586849  -0.00773843316392184 -0.000940741458165095
 6.68128711955078e-05  0.000254052334496413   0.00413424074980703   0.00240109424752791   -0.0155239021920093      1.97929340276433   0.00701586099491558  -0.00233025966098719 -0.000230915496077021    0.0082837897793278
  0.00160429634488023  0.000494449716797777    0.0075511699203996       -0.265702395022   0.00648155418026817   0.00701586099491558      1.65628037423228     0.648865230105273   -0.0333218526054363   -0.0422509192582915
 -0.00259864708725192 -0.000169345551014763   0.00275285290617511      0.55443896346971   -0.0169584463586849  -0.00233025966098719     0.648865230105273     0.639930769931741 -0.000571054360623195   -0.0235126435620912
 0.000590063121944774   0.00110041874870854    0.0124456534095879    0.0355797058627683  -0.00773843316392184 -0.000230915496077021   -0.0333218526054363 -0.000571054360623195    0.0856771059754972   -0.0128743876886008
-0.000420557158452374   0.00517591640374434    0.0531073978721749    -0.010196633851387 -0.000940741458165095    0.0082837897793278   -0.0422509192582915   -0.0235126435620912   -0.0128743876886008    0.0317958149550189
TOTAL ENERGY: -127.389914884915	 lambda: 0	 population of target: 6.4094941641857
1RDM: 
     1.99995952441547  1.27925765916407e-06 -2.06421897372226e-05 -0.000597064782167256   6.5449607490982e-06  9.39493359431924e-05   0.00148915865499764  -0.00233324684161362 -0.000123268622043367  0.000493128967300339
 1.27925765916407e-06       1.9999093113412 -0.000742980878036715   -0.0001121449784828  -0.00127000327391048  0.000168502161374606  0.000140542584894074  0.000447991583911663  0.000265951900636009  0.000531759871165415
-2.06421897372226e-05 -0.000742980878036715      1.99133739732994  0.000533666663691275 -0.000879409257270483    0.0035266909813698   0.00667175215202077   0.00320415731355614   0.00201538872050154    0.0088911432715371
-0.000597064782167256   -0.0001121449784828  0.000533666663691275      1.67376529371154  -0.00900137643129496  -0.00213947615865897     -0.26975469557622     0.563670234320033  -0.00558759510742529   4.1741125167956e-05
  6.5449607490982e-06  -0.00127000327391048 -0.000879409257270483  -0.00900137643129496      1.92469830564494   -0.0168679943452091   -0.0109323111924991    0.0198862074357156   0.00788040597409915  -0.00651589654698298
 9.39493359431924e-05  0.000168502161374606    0.0035266909813698  -0.00213947615865897   -0.0168679943452091       1.9793805929587   0.00128973102508353   0.00749106176196096   0.00658471093482965    0.0168012659773931
  0.00148915865499764  0.000140542584894074   0.00667175215202077     -0.26975469557622   -0.0109323111924991   0.00128973102508353       1.6607685664613     0.642900919336105   -0.0228579872525941   -0.0408778471164769
 -0.00233324684161362  0.000447991583911663   0.00320415731355614     0.563670234320033    0.0198862074357156   0.00749106176196096     0.642900919336105     0.650830174781006   -0.0130340753659231   -0.0183421042544651
-0.000123268622043367  0.000265951900636009   0.00201538872050154  -0.00558759510742529   0.00788040597409915   0.00658471093482965   -0.0228579872525941   -0.0130340753659231    0.0882271941239959   -0.0137759459892848
 0.000493128967300339  0.000531759871165415    0.0088911432715371   4.1741125167956e-05  -0.00651589654698298    0.0168012659773931   -0.0408778471164769   -0.0183421042544651   -0.0137759459892848    0.0311236392319321
TOTAL ENERGY: -127.381517120584	 lambda: 0.1	 population of target: 6.57744474251203
1RDM: 
     1.99995705257981  5.23540244946107e-06  1.02305005409075e-05 -0.000800990498167794  5.94876531279458e-05  0.000114678756716344   0.00138088113683605  -0.00208315869606662 -0.000823514971166867   0.00139809873825787
 5.23540244946107e-06      1.99989883844889 -0.000837184849063806 -0.000384048872028375  -0.00135536905516011  0.000116884473699718 -0.000199527343178222   0.00106141473160781 -0.000582885088599999  -0.00415425893823661
 1.02305005409075e-05 -0.000837184849063806      1.99038431498908   0.00024577827156058 -0.000805565409160043   0.00330166046634704   0.00586869233023871   0.00370532192439628   -0.0085181193033033   -0.0357622495697762
-0.000800990498167794 -0.000384048872028375   0.00024577827156058      1.65834683842454   -0.0247422171988297   -0.0066015101798468    -0.273025415136035     0.571562145753013   -0.0460859886439934    0.0101341411026693
 5.94876531279458e-05  -0.00135536905516011 -0.000805565409160043   -0.0247422171988297      1.91865407461861   -0.0186605638194834   -0.0280532203772415    0.0560971215549308    0.0232382194021998    -0.011969250061343
 0.000114678756716344  0.000116884473699718   0.00330166046634704   -0.0066015101798468   -0.0186605638194834      1.97914847371244   -0.0043206717802374    0.0171555544351725    0.0132616306748108    0.0250800010484234
  0.00138088113683605 -0.000199527343178222   0.00586869233023871    -0.273025415136035   -0.0280532203772415   -0.0043206717802374      1.66543463205951     0.636445460410162   -0.0124659056998362   -0.0391834184825786
 -0.00208315869606662   0.00106141473160781   0.00370532192439628     0.571562145753013    0.0560971215549308    0.0171555544351725     0.636445460410162     0.662835586631401   -0.0252468464081474   -0.0130791490781953
-0.000823514971166867 -0.000582885088599999   -0.0085181193033033   -0.0460859886439934    0.0232382194021998    0.0132616306748108   -0.0124659056998362   -0.0252468464081474    0.0928242820333205   -0.0146752993978147
  0.00139809873825787  -0.00415425893823661   -0.0357622495697762    0.0101341411026693    -0.011969250061343    0.0250800010484234   -0.0391834184825786   -0.0130791490781953   -0.0146752993978147    0.0325159065024178
TOTAL ENERGY: -127.35634933585	 lambda: 0.2	 population of target: 6.74524707045767
1RDM: 
     1.99995339913284  1.27326245790987e-05  7.55618146713247e-05  -0.00103412572641129  0.000113094102823313  0.000129547444949423   0.00127822494044491  -0.00184676223551965  -0.00151165591748669    0.0022915048055564
 1.27326245790987e-05      1.99986482185971  -0.00115367233401705 -0.000651262760760723  -0.00147498276867479  9.98307484396013e-05 -0.000523871219690757   0.00167170007047708  -0.00144049524471664  -0.00885878909877302
 7.55618146713247e-05  -0.00115367233401705      1.98730197490496  -3.7325478617068e-05 -0.000836030213602487   0.00345352614825834   0.00516356692344151   0.00426213062876371   -0.0190983661060134   -0.0806119140504475
 -0.00103412572641129 -0.000651262760760723  -3.7325478617068e-05      1.64195156618632   -0.0402163267297817   -0.0109877003907794    -0.275619469299166     0.578286652007676   -0.0859268660161094    0.0200904452575527
 0.000113094102823313  -0.00147498276867479 -0.000836030213602487   -0.0402163267297817      1.91111062397595   -0.0208178517086425   -0.0448874865691955    0.0916916100216511    0.0383447287123143   -0.0172920938313849
 0.000129547444949423  9.98307484396013e-05   0.00345352614825834   -0.0109877003907794   -0.0208178517086425       1.9785994592409  -0.00982357355113694    0.0266656466898916    0.0197936711209817    0.0330842784675477
  0.00127822494044491 -0.000523871219690757   0.00516356692344151    -0.275619469299166   -0.0448874865691955  -0.00982357355113694      1.67023301575733     0.629563844058666  -0.00213047899262331   -0.0371083195798088
 -0.00184676223551965   0.00167170007047708   0.00426213062876371     0.578286652007676    0.0916916100216511    0.0266656466898916     0.629563844058666     0.675774716198016   -0.0372086423246681   -0.0076984231028754
 -0.00151165591748669  -0.00144049524471664   -0.0190983661060134   -0.0859268660161094    0.0383447287123143    0.0197936711209817  -0.00213047899262331   -0.0372086423246681    0.0992048271914243   -0.0154991763184307
   0.0022915048055564  -0.00885878909877302   -0.0806119140504475    0.0200904452575527   -0.0172920938313849    0.0330842784675477   -0.0371083195798088   -0.0076984231028754   -0.0154991763184307    0.0360055955526081
TOTAL ENERGY: -127.314507893228	 lambda: 0.3	 population of target: 6.9126299823172
1RDM: 
     1.99994868640596  2.37077790483341e-05  0.000174643703953827   -0.0012916499801066  0.000167328477224087  0.000139232499605356   0.00117982045111825  -0.00162192987059503  -0.00219038439018598   0.00317176239200647
 2.37077790483341e-05      1.99980721239814  -0.00169326721122644 -0.000914107364414262  -0.00162468799662271  0.000117073478717786   -0.0008308159863539    0.0022809554162665  -0.00230007242218694   -0.0135556995760432
 0.000174643703953827  -0.00169326721122644      1.98208379314774 -0.000312187243587756 -0.000967506757416893   0.00396922734708827   0.00458200409062912   0.00488147502740475   -0.0296600490767767    -0.125379230407073
  -0.0012916499801066 -0.000914107364414262 -0.000312187243587756      1.62474905268152   -0.0554651816813884   -0.0153111045548806    -0.277644678523825     0.584024433242534    -0.125212099819851    0.0299371103010461
 0.000167328477224087  -0.00162468799662271 -0.000967506757416893   -0.0554651816813884      1.90231423433469   -0.0232655379644998   -0.0614775894022775     0.126766935472749    0.0532459654497052   -0.0224766089347636
 0.000139232499605356  0.000117073478717786   0.00396922734708827   -0.0153111045548806   -0.0232655379644998      1.97773886832771   -0.0152444667597038    0.0360432835883513    0.0261801670706934    0.0407575030266799
  0.00117982045111825   -0.0008308159863539   0.00458200409062912    -0.277644678523825   -0.0614775894022775   -0.0152444667597038      1.67512385302215     0.622302234940462    0.0081684679342201   -0.0346658412067087
 -0.00162192987059503    0.0022809554162665   0.00488147502740475     0.584024433242534     0.126766935472749    0.0360432835883513     0.622302234940462     0.689509303619377   -0.0489546170113547   -0.0022014005029649
 -0.00219038439018598  -0.00230007242218694   -0.0296600490767767    -0.125212099819851    0.0532459654497052    0.0261801670706934    0.0081684679342201   -0.0489546170113547     0.107126081166565   -0.0161855640829393
  0.00317176239200647   -0.0135556995760432    -0.125379230407073    0.0299371103010461   -0.0224766089347636    0.0407575030266799   -0.0346658412067087   -0.0022014005029649   -0.0161855640829393    0.0415989148961958
TOTAL ENERGY: -127.256127937977	 lambda: 0.4	 population of target: 7.07944439842524
1RDM: 
     1.99994300229662  3.80666022565172e-05  0.000306405758401531  -0.00157068272871385  0.000222228085491665  0.000144504826037147   0.00108450735733378   -0.0014064734285995  -0.00286368050204012   0.00403854063802153
 3.80666022565172e-05      1.99972634250839  -0.00245260251015062   -0.0011733355496115  -0.00180136395696853  0.000166854849029113   -0.0011196402792428   0.00289192241479271  -0.00315395005402173   -0.0182170552533039
 0.000306405758401531  -0.00245260251015062      1.97476661065116 -0.000575526522505467  -0.00119346959424608    0.0048248454420041   0.00414439642649113   0.00556685787154553   -0.0401316774072616    -0.169759330619957
 -0.00157068272871385   -0.0011733355496115 -0.000575526522505467      1.60682019554593   -0.0705568880126348   -0.0195926530403693    -0.279185901164555     0.588921782440224    -0.164115348358746    0.0397119945456033
 0.000222228085491665  -0.00180136395696853  -0.00119346959424608   -0.0705568880126348      1.89242339649663   -0.0259567488005798   -0.0778946005811629      0.16148184595719    0.0680161947976455   -0.0275149603651902
 0.000144504826037147  0.000166854849029113    0.0048248454420041   -0.0195926530403693   -0.0259567488005798      1.97657321634011   -0.0206199980129028    0.0453266895135387     0.032424108325027    0.0480244810843544
  0.00108450735733378   -0.0011196402792428   0.00414439642649113    -0.279185901164555   -0.0778946005811629   -0.0206199980129028      1.68008413202312      0.61467533295995    0.0184522225916573   -0.0319409704160403
  -0.0014064734285995   0.00289192241479271   0.00556685787154553     0.588921782440224      0.16148184595719    0.0453266895135387      0.61467533295995     0.703972144696638    -0.060549305791473     0.003383700377344
 -0.00286368050204012  -0.00315395005402173   -0.0401316774072616    -0.164115348358746    0.0680161947976455     0.032424108325027    0.0184522225916573    -0.060549305791473     0.116427095485218   -0.0167017449096252
  0.00403854063802153   -0.0182170552533039    -0.169759330619957    0.0397119945456033   -0.0275149603651902    0.0480244810843544   -0.0319409704160403     0.003383700377344   -0.0167017449096252    0.0492638639562046
TOTAL ENERGY: -127.181350861428	 lambda: 0.5	 population of target: 7.24562767265545
1RDM: 
    1.99993638040031 5.56936730181608e-05 0.000469526247776979   -0.001871048321852 0.000277856796196452 0.000146175972563942  0.00099163883086232 -0.00119867084085451 -0.00353595941964458  0.00489239886130487
5.56936730181608e-05     1.99962292516935 -0.00342399146705068 -0.00142993582876381 -0.00200352746787548  0.00024562799175754 -0.00139094599688243  0.00350710240046934 -0.00399425528603618  -0.0228147924392125
0.000469526247776979 -0.00342399146705068     1.96543246016041 -0.00082487592488304 -0.00150376645840642  0.00598444591022764  0.00385889842455911  0.00631531300765496  -0.0504404007559875   -0.213442005079668
  -0.001871048321852 -0.00142993582876381 -0.00082487592488304     1.58813533409158  -0.0855697586534888  -0.0238561821880293   -0.280282970017417    0.593052717760584   -0.202840332771141   0.0494552896498748
0.000277856796196452 -0.00200352746787548 -0.00150376645840642  -0.0855697586534888     1.88146729103132  -0.0288843416925152  -0.0942210008273332     0.19601832735541   0.0827406696471533  -0.0323985305682037
0.000146175972563942  0.00024562799175754  0.00598444591022764  -0.0238561821880293  -0.0288843416925152     1.97510852988248  -0.0259893901865837    0.054561240506332    0.038529223123534   0.0548001642708083
 0.00099163883086232 -0.00139094599688243  0.00385889842455911   -0.280282970017417  -0.0942210008273332  -0.0259893901865837      1.6851148122547    0.606661567800507   0.0287385701273654  -0.0290679581233729
-0.00119867084085451  0.00350710240046934  0.00631531300765496    0.593052717760584     0.19601832735541    0.054561240506332    0.606661567800507    0.719187009953373  -0.0720707595634653  0.00901017975636564
-0.00353595941964458 -0.00399425528603618  -0.0504404007559875   -0.202840332771141   0.0827406696471533    0.038529223123534   0.0287385701273654  -0.0720707595634653     0.12707189578517  -0.0170569312110431
 0.00489239886130487  -0.0228147924392125   -0.213442005079668   0.0494552896498748  -0.0323985305682037   0.0548001642708083  -0.0290679581233729  0.00901017975636564  -0.0170569312110431   0.0589233612713533
TOTAL ENERGY: -127.090321872949	 lambda: 0.6	 population of target: 7.41114535307489
1RDM: 
    1.99992879468061 7.64591071648134e-05  0.00066251988008631 -0.00219537200059538 0.000334245265567264 0.000145041671158421 0.000901242136659912 -0.00099771828726361 -0.00421104378600361  0.00573417424482399
7.64591071648134e-05     1.99949801360807 -0.00459582553559332 -0.00168484748985289 -0.00223151924135683 0.000348149210860729 -0.00164650550185737   0.0041279951890194 -0.00481371180950565  -0.0273227428364115
 0.00066251988008631 -0.00459582553559332     1.95420446862118 -0.00105891680321315 -0.00188502548928547  0.00740156958185189  0.00371914188498702  0.00711687799168781  -0.0605179607129777   -0.256137204995925
-0.00219537200059538 -0.00168484748985289 -0.00105891680321315     1.56856023501555   -0.100572069747886   -0.028122453399987   -0.280919316763311    0.596398242439809   -0.241568339592448   0.0591992471761972
0.000334245265567264 -0.00223151924135683 -0.00188502548928547   -0.100572069747886     1.86933608453409  -0.0320836935825582   -0.110528988439065    0.230534825675144   0.0974943125999124  -0.0371172631488452
0.000145041671158421 0.000348149210860729  0.00740156958185189   -0.028122453399987  -0.0320836935825582     1.97334968232554  -0.0313858077686817   0.0637872222462439   0.0444966399939636   0.0610014558898953
0.000901242136659912 -0.00164650550185737  0.00371914188498702   -0.280919316763311   -0.110528988439065  -0.0313858077686817     1.69024230606937    0.598208259681358   0.0390379184113267  -0.0261927221545497
-0.00099771828726361   0.0041279951890194  0.00711687799168781    0.596398242439809    0.230534825675144   0.0637872222462439    0.598208259681358    0.735264939545667  -0.0835899505096394   0.0146269673594094
-0.00421104378600361 -0.00481371180950565  -0.0605179607129777   -0.241568339592448   0.0974943125999124   0.0444966399939636   0.0390379184113267  -0.0835899505096394    0.139160812440114  -0.0173055355462783
 0.00573417424482399  -0.0273227428364115   -0.256137204995925   0.0591992471761972  -0.0371172631488452   0.0610014558898953  -0.0261927221545497   0.0146269673594094  -0.0173055355462783   0.0704546631598257
TOTAL ENERGY: -126.983218825598	 lambda: 0.7	 population of target: 7.57592940235694
1RDM: 
     1.99992017048476  0.000100219910716441   0.00088377702516757   -0.0025484697665845  0.000391335157686442  0.000141836410751572  0.000813984624684652 -0.000803979365546907  -0.00489125270175663   0.00656429540291269
 0.000100219910716441      1.99935292460898   -0.0059534759857598  -0.00193866421215255   -0.0024872141342363   0.00046793500683214  -0.00188855067419113   0.00475471068040668  -0.00560639596592308   -0.0317185724392701
  0.00088377702516757   -0.0059534759857598      1.94123715791464  -0.00127737891036979  -0.00232173751399564   0.00902289721230977   0.00370802156428109   0.00795716640592207   -0.0703064615672008    -0.297599516003338
  -0.0025484697665845  -0.00193866421215255  -0.00127737891036979      1.54788859873451     -0.11560375763053   -0.0324038343195796    -0.281024728477387     0.598848963120323     -0.28040985099606    0.0689596782205471
 0.000391335157686442   -0.0024872141342363  -0.00232173751399564     -0.11560375763053      1.85580628208637   -0.0356251475429944    -0.126860518549514     0.265124195607889     0.112322399907238   -0.0416593490866592
 0.000141836410751572   0.00046793500683214   0.00902289721230977   -0.0324038343195796   -0.0356251475429944      1.97130125783188   -0.0368298724273778    0.0730280730592484    0.0503221262812694    0.0665588465492158
 0.000813984624684652  -0.00188855067419113   0.00370802156428109    -0.281024728477387    -0.126860518549514   -0.0368298724273778      1.69551349709199     0.589245281177477    0.0493514835005789   -0.0234300436995362
-0.000803979365546907   0.00475471068040668   0.00795716640592207     0.598848963120323     0.265124195607889    0.0730280730592484     0.589245281177477     0.752377492277621   -0.0951511972092513    0.0201949039673953
 -0.00489125270175663  -0.00560639596592308   -0.0703064615672008     -0.28040985099606     0.112322399907238    0.0503221262812694    0.0493514835005789   -0.0951511972092513      0.15290622005069   -0.0175397308182846
  0.00656429540291269   -0.0317185724392701    -0.297599516003338    0.0689596782205471   -0.0416593490866592    0.0665588465492158   -0.0234300436995362    0.0201949039673953   -0.0175397308182846    0.0836963989186322
TOTAL ENERGY: -126.860300807754	 lambda: 0.8	 population of target: 7.73983107753794
1RDM: 
     1.99991040865477   0.00012681601280599   0.00113154731599329   -0.0029362016705044  0.000448944580847283  0.000137208624768801   0.00073096410724119 -0.000618953877663868   -0.0055768642837687    0.0073822271754466
  0.00012681601280599       1.9991891360686  -0.00748056050518303  -0.00219140453809723  -0.00277333794641034  0.000597967610726713  -0.00211863765208893   0.00538609776274995  -0.00636824851924788   -0.0359851486638385
  0.00113154731599329  -0.00748056050518303      1.92670266856792  -0.00148048147972027  -0.00279773390837065    0.0107931397350879   0.00380722298958683   0.00882270875786907   -0.0797625128688948    -0.337645437546774
  -0.0029362016705044  -0.00219140453809723  -0.00148048147972027      1.52589202692739    -0.130665263727603   -0.0367011346757992    -0.280491600902866      0.60023034391648     -0.31937406149506    0.0787316190514033
 0.000448944580847283  -0.00277333794641034  -0.00279773390837065    -0.130665263727603       1.8405941283104   -0.0395981974551059    -0.143214838898679     0.299788301577331      0.12722866806159   -0.0460115945554576
 0.000137208624768801  0.000597967610726713    0.0107931397350879   -0.0367011346757992   -0.0395981974551059      1.96896967443516   -0.0423268443925323    0.0822826079719176    0.0559948758887916    0.0714254687664643
  0.00073096410724119  -0.00211863765208893   0.00380722298958683    -0.280491600902866    -0.143214838898679   -0.0423268443925323      1.70098427530289     0.579702630145337    0.0596718200710412   -0.0208284224476691
-0.000618953877663868   0.00538609776274995   0.00882270875786907      0.60023034391648     0.299788301577331    0.0822826079719176     0.579702630145337     0.770714077130573    -0.106759304497862    0.0257001477795665
  -0.0055768642837687  -0.00636824851924788   -0.0797625128688948     -0.31937406149506      0.12722866806159    0.0559948758887916    0.0596718200710412    -0.106759304497862      0.16857963594851   -0.0178727387564303
   0.0073822271754466   -0.0359851486638385    -0.337645437546774    0.0787316190514033   -0.0460115945554576    0.0714254687664643   -0.0208284224476691    0.0257001477795665   -0.0178727387564303    0.0984639686538601
TOTAL ENERGY: -126.721957890906	 lambda: 0.9	 population of target: 7.90260009185493
1RDM: 
      1.9998994152914  0.000156063397405597   0.00140388489893352  -0.00336412020105965  0.000506766915653619  0.000131718428163306    0.0006534065601815 -0.000444962098464324  -0.00626611096413354   0.00818623690830155
 0.000156063397405597      1.99900818364118  -0.00916026557800424  -0.00244242278022046  -0.00309259601915546  0.000731463496360148  -0.00233647054934922   0.00602033380798562  -0.00709716440321515   -0.0401108420924107
  0.00140388489893352  -0.00916026557800424      1.91077621134561  -0.00166809885951531  -0.00329767739497446     0.012659901036256   0.00400939356228672   0.00970732198535408   -0.0888583675063569    -0.376157717098592
 -0.00336412020105965  -0.00244242278022046  -0.00166809885951531      1.50237278378034    -0.145716968663304   -0.0410035270672998    -0.279200116782404     0.600343236703509    -0.358365698706942    0.0884903222350464
 0.000506766915653619  -0.00309259601915546  -0.00329767739497446    -0.145716968663304      1.82342146300038   -0.0440919274709517    -0.159547499664802     0.334437019272066     0.142174482157978   -0.0501606496861158
 0.000131718428163306  0.000731463496360148     0.012659901036256   -0.0410035270672998   -0.0440919274709517      1.96636562283125   -0.0478678614428262    0.0915238459066819    0.0614984677126186     0.075581760258146
   0.0006534065601815  -0.00233647054934922   0.00400939356228672    -0.279200116782404    -0.159547499664802   -0.0478678614428262      1.70670358255867     0.569525995411685    0.0699849459800771   -0.0183560380046242
-0.000444962098464324   0.00602033380798562   0.00970732198535408     0.600343236703509     0.334437019272066    0.0915238459066819     0.569525995411685     0.790435827831212    -0.118377686702677     0.031159151253665
 -0.00626611096413354  -0.00709716440321515   -0.0888583675063569    -0.358365698706942     0.142174482157978    0.0614984677126186    0.0699849459800771    -0.118377686702677     0.186445971463851    -0.018417246431034
  0.00818623690830155   -0.0401108420924107    -0.376157717098592    0.0884903222350464   -0.0501606496861158     0.075581760258146   -0.0183560380046242     0.031159151253665    -0.018417246431034     0.114570938256128
TOTAL ENERGY: -126.568742486204	 lambda: 1	 population of target: 8.06389409837728
1RDM: 
     1.99988712713574  0.000187749105247489   0.00169859776615026  -0.00383634391606623  0.000564405691626614  0.000125852100430648  0.000582385484889296 -0.000284623793466356  -0.00695571827580048   0.00897359671888471
 0.000187749105247489      1.99881159001237   -0.0109762985077702  -0.00269050710573609  -0.00344689346628893  0.000862479739200479  -0.00253927040282339   0.00665568710520537  -0.00779261238200729   -0.0440885944785115
  0.00169859776615026   -0.0109762985077702      1.89362540685233  -0.00183904960670709  -0.00380813447421498    0.0145771180263848   0.00432712930788276    0.0106164577325782   -0.0975794700727372    -0.413074507964111
 -0.00383634391606623  -0.00269050710573609  -0.00183904960670709      1.47720249594686    -0.160689689654257   -0.0452916044492994     -0.27704444566318     0.599006998546447    -0.397210896525521    0.0981971543497758
 0.000564405691626614  -0.00344689346628893  -0.00380813447421498    -0.160689689654257      1.80407319433921   -0.0491777603117732    -0.175781608661769     0.368912467026477     0.157089492230976   -0.0540948357687844
 0.000125852100430648  0.000862479739200479    0.0145771180263848   -0.0452916044492994   -0.0491777603117732      1.96350560359404   -0.0534342999912798     0.100705282375508    0.0668138274460629      0.07903462639305
 0.000582385484889296  -0.00253927040282339   0.00432712930788276     -0.27704444566318    -0.175781608661769   -0.0534342999912798      1.71269818973265     0.558685266877408    0.0802727154681687   -0.0159160769755527
-0.000284623793466356   0.00665568710520537    0.0106164577325782     0.599006998546447     0.368912467026477     0.100705282375508     0.558685266877408     0.811641092895014    -0.129938737622584    0.0366117598223711
 -0.00695571827580048  -0.00779261238200729   -0.0975794700727372    -0.397210896525521     0.157089492230976    0.0668138274460629    0.0802727154681687    -0.129938737622584     0.206706023179077   -0.0192659087646544
  0.00897359671888471   -0.0440885944785115    -0.413074507964111    0.0981971543497758   -0.0540948357687844      0.07903462639305   -0.0159160769755527    0.0366117598223711   -0.0192659087646544     0.131849276312792
-------------------general-----------------------
mullikenoperator: 
-0.000690910818122413  -0.00111667827978902   -0.0116117123734207    0.0064574828408458  -0.00363519178321192    0.0149799226779234    0.0017075730640578   0.00737102543214791   0.00435582731720981    0.0591254706803844
 -0.00111667827978901     0.992597799837129   -0.0732724183242133  -0.00216206299384435  -0.00145452079508319   -0.0284406060949146    0.0107226169412059    0.0151374793047896   -0.0236038834132847    -0.110934966628213
  -0.0116117123734207   -0.0732724183242133     0.361623036847761  -0.00193677147638911    0.0822219524058488    -0.286039627455895    0.0188179967339758    0.0235207412245729    -0.154619727402804    -0.654665083192501
  0.00645748284084579  -0.00216206299384435  -0.00193677147638911     0.300008686233033    -0.157694098055301   -0.0699216503962549  -0.00319457241371673    0.0529388062393445     -0.42102875464502     0.118246310310947
 -0.00363519178321192   -0.0014545207950832    0.0822219524058488    -0.157694098055301     0.377688409493821  -0.00511505099336645   -0.0849667533095256     0.426622659482081     0.156357397206628   -0.0698691853117911
   0.0149799226779234   -0.0284406060949146    -0.286039627455895   -0.0699216503962549  -0.00511505099336646     0.394109241319648    -0.389718231338954   -0.0710046289565141    0.0841785978769105     0.134378913724698
  0.00170757306405779    0.0107226169412059    0.0188179967339757  -0.00319457241371669   -0.0849667533095256    -0.389718231338953     0.689316623766799    -0.021128323428635     0.153549901587665     0.211225179821808
   0.0073710254321479    0.0151374793047896    0.0235207412245729    0.0529388062393444     0.426622659482081   -0.0710046289565141    -0.021128323428635     0.695612418801243    -0.104868202162682     0.154243428665259
  0.00435582731720981   -0.0236038834132847    -0.154619727402804     -0.42102875464502     0.156357397206628    0.0841785978769106     0.153549901587665    -0.104868202162682      0.61023530640166   -0.0107941324969237
   0.0591254706803844    -0.110934966628213    -0.654665083192501     0.118246310310947   -0.0698691853117912     0.134378913724698     0.211225179821807     0.154243428665259   -0.0107941324969238      0.57949938811703
selected BF: 
0 1 2 3 4
selected lambdas: 
  -1 -0.9 -0.8 -0.7 -0.6 -0.5 -0.4 -0.3 -0.2 -0.1    0  0.1  0.2  0.3  0.4  0.5  0.6  0.7  0.8  0.9    1
RHF C: 
 0.000467013469573488     -0.99468224215122    -0.138876222060973    -0.175639338138461   -3.451203837883e-15  4.01758747214319e-17     0.119462253372414  1.86617119701387e-16  1.94826764792913e-17     0.113029653037799
  -0.0075702607979661   -0.0238616074955453      0.36427639835295     0.713300551717213  1.72019530280154e-14 -3.33255701621608e-16    -0.592428458154188 -1.21564721577453e-15 -1.74823772535298e-16    -0.886884756724622
 1.38254926137749e-17  1.31337550619042e-20  1.08439605924407e-16 -6.08398708470988e-16    0.0485842828652904      0.53294461396265  5.93379169391849e-16     -0.24702341287662      0.84148585681101  1.37937608583877e-16
-1.58985222941508e-17 -6.05168250862553e-18 -5.46056968836783e-16  1.47230415160992e-15     0.532944613962648   -0.0485842828652905  1.61735370628932e-14     0.841485856811012      0.24702341287662  -6.9839788473838e-16
 -0.00589176649696969  -0.00657436400440709     0.213648452924905   -0.0362818715670519 -1.85801597353567e-14  1.28461335835003e-15     0.595627365276512 -4.05642058603528e-16 -1.93074340236035e-16     -1.14403344877467
    0.994536892334378 -0.000196342029507798     -0.19482261640937     0.165744277520803 -1.68659927447298e-15  3.15266179681682e-16    0.0385189419253567 -1.28762846303889e-16 -4.40045921328445e-17    -0.117847135322443
   0.0251658924558589     0.007123033104991     0.636891486329228    -0.765879448049113  8.99905671244612e-15 -1.58802616895369e-15    -0.223619843143593  7.82987632737639e-16  1.29021547431845e-16     0.938150150785801
 1.22594661922301e-18 -1.25355027887641e-20   2.6409034465375e-17 -7.12765749034139e-16    0.0663549241688325     0.727879416142286  4.56295123199549e-16     0.203368819567963    -0.692776378521924  3.14668339883455e-18
 3.17385357164402e-18    8.296467099204e-19 -3.28282392001783e-16  1.43622367114619e-15     0.727879416142288   -0.0663549241688326  2.33800942334204e-14    -0.692776378521922    -0.203368819567962  5.33582638788021e-16
 -0.00650523119748614  -0.00334183878367873     -0.25246464175206    -0.393230480055432  1.76479189360635e-14 -1.54862350097322e-15    -0.546570624300088   -1.171418441392e-15 -2.57291554433649e-16     -1.02872321381754
RDM (no constraint): 
      1.9999954065262  9.04231892904374e-07 -1.74996312160676e-05   0.00011433421208235 -4.11888667560083e-18   4.9258062928948e-19  7.62591000147852e-05 -2.00717769867929e-17 -6.32843177486291e-17 -9.57245048782201e-05
 9.04231892904374e-07      1.99999054417448  1.87288605761952e-05  0.000204986454919414  9.21980370951283e-18 -4.02905443320684e-19 -0.000302770934680951   8.7476620935434e-18  2.56300136643871e-18  0.000203944068650489
-1.74996312160676e-05  1.87288605761952e-05      1.99116390213914  -0.00376596979896906  2.78900929185475e-16 -2.61894389414341e-17  -0.00728021254824815  1.65368243466374e-16  5.56166851977789e-18   0.00891923199812054
  0.00011433421208235  0.000204986454919414  -0.00376596979896906      1.98427495200667 -2.85042282538367e-16  8.78840362779595e-17   0.00454899549992836 -6.89088800248901e-17  1.93827510279922e-16   -0.0185957791454681
-4.11888667560083e-18  9.21980370951283e-18  2.78900929185475e-16 -2.85042282538367e-16      1.91989620878248  2.53227910039045e-15 -1.75143307513691e-15     0.025094459617168   0.00991975827964017 -1.09827850401744e-15
  4.9258062928948e-19 -4.02905443320684e-19 -2.61894389414341e-17  8.78840362779595e-17  2.53227910039045e-15      1.91989620878249  1.28754369183159e-16  -0.00991975827964033    0.0250944596171545  2.43413507707802e-16
 7.62591000147852e-05 -0.000302770934680951  -0.00728021254824815   0.00454899549992836 -1.75143307513691e-15  1.28754369183159e-16      1.97433187545935  2.38313392399008e-15  5.38896421506137e-16    0.0343047492825657
-2.00717769867929e-17   8.7476620935434e-18  1.65368243466374e-16 -6.89088800248901e-17     0.025094459617168  -0.00991975827964033  2.38313392399008e-15    0.0915803205315042   1.0511797852719e-15 -2.64209364832749e-17
-6.32843177486291e-17  2.56300136643871e-18  5.56166851977789e-18  1.93827510279922e-16   0.00991975827964017    0.0250944596171545  5.38896421506137e-16   1.0511797852719e-15    0.0915803205314938  7.43608922254935e-20
-9.57245048782201e-05  0.000203944068650489   0.00891923199812054   -0.0185957791454681 -1.09827850401744e-15  2.43413507707802e-16    0.0343047492825657 -2.64209364832749e-17  7.43608922254935e-20    0.0272902610662199
RDM Eigenvectors: 
   -0.999788348964864  1.12518055247994e-17 -8.59543615747311e-16  1.14682936206942e-16  7.20197491877495e-17   -0.0198467374015812   0.00525143529196953   0.00132544055221065 -0.000129463053281973 -0.000114728633465818
 -8.0548339783351e-17    -0.996353354745718      0.08403754703829  -0.00147419904830223    0.0146802558529384 -1.33078664851771e-16 -9.79132467885943e-17 -9.75879047743312e-17 -2.73256491616643e-17 -3.76609961279107e-17
-8.40787760085409e-16    0.0840375470382903     0.996353354745718   -0.0146802558529459  -0.00147419904830012 -8.55642052976526e-16 -1.18517864033145e-17 -1.98440974747349e-16   -3.630780391784e-18 -6.00615100657684e-18
   0.0176471423515482  1.84386109850079e-16 -1.28319492746379e-15 -2.85349234711571e-14  5.77160999048085e-15    -0.929671230463342     -0.06259797261459     -0.36220377645881   -0.0156966297542555   0.00659663349570312
 1.24498060659386e-16    0.0141282783410332   0.00425146161455591     0.272826158887121     0.961950208613813 -1.78462635190749e-15 -1.19560993031463e-15 -1.36806974848644e-15  2.03256478487494e-16  8.26751710563444e-17
-5.54145103171788e-16   0.00425146161455521   -0.0141282783410408    -0.961950208613813     0.272826158887121  2.59035065823788e-14  5.24087054276464e-15  1.21369595883023e-14  1.99676938851449e-16 -3.35312814692656e-16
 -0.00952844333599938  1.02731787303128e-16  1.99211595987384e-17 -3.97213809356852e-15 -1.48523500136968e-16     0.218034194782479     -0.88698830688576    -0.406663899669841   0.00330361992337015    0.0153492971109742
  0.00458591378502064 -5.36217845803332e-18 -8.56531657603035e-17  2.00035431480368e-16  2.09199752752206e-17     -0.29606031505923    -0.457356656420366     0.838316901647812    0.0139160984503824   -0.0135374549048566
 0.000106971745436515 -2.99910237218681e-17 -9.05480400492964e-18 -2.82735170768106e-16  6.84895228965693e-17    -0.011180503048069   0.00988764023789688   -0.0110119801061795     0.973240618384926     0.229038543697415
-4.85832367069219e-05 -3.21566419917183e-17  1.32377329846617e-17 -2.30809090979952e-17  1.42204424699651e-17   0.00137345093296083   0.00572565265791495    0.0231224768870188    -0.228804995746869     0.973179815428644
Total C: 
 0.000147465930094815     0.979643099174539    -0.219382015036083  -0.00672423821666418   -0.0625625804790582     0.166689526512128    -0.104231146040109   -0.0561648489182526    0.0270693968670026     0.110682153560805
  0.00455930990749442    0.0533359406448424     0.350471305992077    0.0311007732366413     0.195818633349413     -0.69140765958605     0.511936190216014     0.282922544626286    -0.208989322372576    -0.866490015644028
  -0.0110135679799923  0.000713229702893936 -7.16229035626482e-05    -0.419198953951617     0.046735661037618    0.0132550632764341      0.21943560360096    -0.353157452408112     0.815729843672413    -0.197515987766222
   0.0020475985773376   0.00782376328841705 -0.000785666442701104    -0.263499380193627     0.512666182580976     0.145401231927016    -0.351978883573097     0.723253296487419     0.231689990311426   -0.0371296817863755
  0.00914967145958462    0.0245583682439795     0.212849486541122   -0.0449358077105456  -0.00908320990484335    0.0318549184565629    -0.545818478208359    -0.256953858166101    -0.256139036197327     -1.10993961887452
   -0.994110597399804   -0.0164211288070303    -0.196561835942522    0.0143621320808593    0.0443883197433654    -0.156686068926523    -0.045451110199314   -0.0114606837634696   -0.0265042874657883    -0.114514225140929
  -0.0264425238897254    0.0475547990639847     0.646410877492602    0.0206308876124486    -0.206143592080713     0.727769997933803     0.212508339674848    0.0896892670222798     0.212664163785873     0.911707198396313
  -0.0140867894064766  0.000974107263900694 -9.78203660603435e-05    -0.739475252579272    0.0638301331467602    0.0181033590842506    0.0737111753140391   -0.0546494348438367    -0.684615662461251     0.164212793834424
 0.000425023597897861    0.0106854560590563  -0.00107303914255436      0.31580668960576     0.700183756203776     0.198584545239089     0.266587647943733     -0.56395118793699    -0.189556074586297     0.030421960863542
  0.00375159810110215   -0.0173071569241446    -0.246052108641928    0.0273133042208418    -0.108404119592793     0.381820825353269     0.469073559114441     0.263874174914691    -0.241022256334112     -1.00426182485269
Basis set used: STO-3G
Naturals: 
  1.99999819428428   1.99999615123317   1.99614962468607   1.98276122246965   1.97167516088161   1.92029437573797   1.92029437573796  0.091182153576025 0.0911821535760146  0.026466587817293
Version: Tmhuysen's fci hack
