TOTAL ENERGY: -126.69196988056	 lambda: -1	 population of target: 4.9655196924591
1RDM: 
     1.99984304960779  0.000908749761439957 -6.83986509177484e-05 -0.000223488991173121 -0.000324252127730128  -0.00882567315421066   0.00342720984693516   -0.0108432837621976   0.00371668550034312   0.00380914826760538
 0.000908749761439957      1.91961598041374   0.00608278789036332    0.0312724057519755     0.030305411757942   0.00239608125656543  -0.00491171122008634   0.00589222910488321   -0.0617710725463827    -0.367977440396722
-6.83986509177484e-05   0.00608278789036332      1.99948458811117  -0.00159027634182518    -0.003707667619795 -0.000185103322377811  0.000379308975701838 -0.000455041348347865   0.00477056513401962    0.0284188086717238
-0.000223488991173121    0.0312724057519755  -0.00159027634182518       1.9662295197504   0.00935096782157383 -0.000659811107886634   0.00135056858322987  -0.00162035107502906    0.0169891062188693     0.101206060752047
-0.000324252127730128     0.030305411757942    -0.003707667619795   0.00935096782157383      1.94873352772889  -0.00100279153237761    0.0020514799766596  -0.00246136978408085    0.0258083136233162      0.15374309649516
 -0.00882567315421066   0.00239608125656543 -0.000185103322377811 -0.000659811107886634  -0.00100279153237761      1.36754712700795     0.343183339827241    -0.817819669254711   -0.0200793910050917  -0.00618441734492239
  0.00342720984693516  -0.00491171122008634  0.000379308975701838   0.00135056858322987    0.0020514799766596     0.343183339827241      1.68514546702417     0.422170772596761     0.397901468128481   -0.0787267833299931
  -0.0108432837621976   0.00589222910488321 -0.000455041348347865  -0.00162035107502906  -0.00246136978408085    -0.817819669254711     0.422170772596761     0.830187013726628     0.178970050301432   -0.0296056269986292
  0.00371668550034312   -0.0617710725463827   0.00477056513401962    0.0169891062188693    0.0258083136233162   -0.0200793910050917     0.397901468128481     0.178970050301432     0.164160736709512   -0.0105273105720473
  0.00380914826760538    -0.367977440396722    0.0284188086717238     0.101206060752047      0.15374309649516  -0.00618441734492239   -0.0787267833299931   -0.0296056269986292   -0.0105273105720473     0.119052989919827
TOTAL ENERGY: -126.823313588438	 lambda: -0.9	 population of target: 5.10380562716001
1RDM: 
     1.99986183429724  0.000739422514607269 -5.56059321750451e-05 -0.000161984444949243 -0.000260329440765816  -0.00774289155007124   0.00296667638455299  -0.00943493136871402   0.00325240113546209   0.00342921807043611
 0.000739422514607269       1.9315819288401    0.0052234138908296    0.0268529205028709    0.0271241947078335   0.00219906653443776  -0.00450087254793497   0.00539997763115617   -0.0566183010296833    -0.337281723923174
-5.56059321750451e-05    0.0052234138908296       1.9995472178186  -0.00131851905312213  -0.00345313416205405 -0.000170704149096331  0.000349251293048274 -0.000419030001348485   0.00439364019083266    0.0261734183019355
-0.000161984444949243    0.0268529205028709  -0.00131851905312213      1.96839330754597   0.00905251620041037 -0.000578743725485924   0.00118212008825486  -0.00141847116003341    0.0148752183272093    0.0886133654057968
-0.000260329440765816    0.0271241947078335  -0.00345313416205405   0.00905251620041037       1.9503867648042  -0.00094276897407037   0.00192540242707604  -0.00231038699644946     0.024228844467929     0.144333975668333
 -0.00774289155007124   0.00219906653443776 -0.000170704149096331 -0.000578743725485924  -0.00094276897407037      1.41415213048556     0.331918144316612    -0.791053823787421   -0.0193879539173602  -0.00531461670337413
  0.00296667638455299  -0.00450087254793497  0.000349251293048274   0.00118212008825486   0.00192540242707604     0.331918144316612      1.69118089716189     0.445882000450451       0.3500862535296   -0.0706429246815893
 -0.00943493136871402   0.00539997763115617 -0.000419030001348485  -0.00141847116003341  -0.00231038699644946    -0.791053823787421     0.445882000450451     0.792542901768784     0.158160950982442    -0.026649853857064
  0.00325240113546209   -0.0566183010296833   0.00439364019083266    0.0148752183272093     0.024228844467929   -0.0193879539173602       0.3500862535296     0.158160950982442       0.1465444865363  -0.00944524284730904
  0.00342921807043611    -0.337281723923174    0.0261734183019355    0.0886133654057968     0.144333975668333  -0.00531461670337413   -0.0706429246815893    -0.026649853857064  -0.00944524284730904     0.105808530741392
TOTAL ENERGY: -126.943242145761	 lambda: -0.8	 population of target: 5.24492143661504
1RDM: 
     1.99987586103685  0.000586076376715997 -4.40292672512086e-05 -0.000107879232186425 -0.000202906384418196   -0.0067843951449734   0.00246304809323103  -0.00800504217490915   0.00278994484925846   0.00304177533738216
 0.000586076376715997      1.94270587641081   0.00442554655866006    0.0228158883307215    0.0242330378993257   0.00199433902013548  -0.00407561829201524   0.00489031242452165   -0.0512814276230187    -0.305489300160832
-4.40292672512086e-05   0.00442554655866006      1.99960555313634    -0.001072885699575  -0.00321541255442448 -0.000155833471964195  0.000318329977509895 -0.000381973718846133    0.0040056463921219    0.0238620904754893
-0.000107879232186425    0.0228158883307215    -0.001072885699575      1.97046156636763   0.00868417240640536 -0.000498760184752412   0.00101640848345329  -0.00121983073902218    0.0127947157129536    0.0762195479304671
-0.000202906384418196    0.0242330378993257  -0.00321541255442448   0.00868417240640536      1.95203320017425 -0.000884930903644891   0.00180422122956913  -0.00216524105452257    0.0227100904921869      0.13528656640112
  -0.0067843951449734   0.00199433902013548 -0.000155833471964195 -0.000498760184752412 -0.000884930903644891      1.45762905918505     0.319721183250388    -0.762061852182063   -0.0186397780145062  -0.00443277315413828
  0.00246304809323103  -0.00407561829201524  0.000318329977509895   0.00101640848345329   0.00180422122956913     0.319721183250388      1.69433129105712     0.467061315415835     0.302462291131729   -0.0625870312480611
 -0.00800504217490915   0.00489031242452165 -0.000381973718846133  -0.00121983073902218  -0.00216524105452257    -0.762061852182063     0.467061315415835     0.756981409717932     0.137423142498688   -0.0236391357508607
  0.00278994484925846   -0.0512814276230187    0.0040056463921219    0.0127947157129536    0.0227100904921869   -0.0186397780145062     0.302462291131729     0.137423142498688     0.132806752232566  -0.00886076197007849
  0.00304177533738216    -0.305489300160832    0.0238620904754893    0.0762195479304671      0.13528656640112  -0.00443277315413828   -0.0625870312480611   -0.0236391357508607  -0.00886076197007849    0.0935694306814951
TOTAL ENERGY: -127.050658087092	 lambda: -0.7	 population of target: 5.38816404461988
1RDM: 
     1.99988572771849  0.000449398486504424 -3.36738495617129e-05 -6.05318107962829e-05  -0.00015054150857593  -0.00593914855181339   0.00192789954796638  -0.00657037893739215   0.00233257602839466   0.00264704887256474
 0.000449398486504424      1.95292040788719    0.0036920585379626    0.0191412459611066    0.0215747119046082   0.00178129900216625  -0.00363478674163723   0.00436183393551828   -0.0457457048804562    -0.272512322522526
-3.36738495617129e-05    0.0036920585379626       1.9996594639052 -0.000851705746353298  -0.00299145241541098 -0.000140354127666765  0.000286268172085596 -0.000343539986093133   0.00360309438026657    0.0214640387032837
-6.05318107962829e-05    0.0191412459611066 -0.000851705746353298      1.97243335705842   0.00825428407786158  -0.00041874137971198  0.000851124533697763  -0.00102165933662144    0.0107185831731385    0.0638517777692209
 -0.00015054150857593    0.0215747119046082  -0.00299145241541098   0.00825428407786158      1.95367064354434 -0.000826189942633363   0.00168159028679382  -0.00201832027434511    0.0211723266539724     0.126125911603469
 -0.00593914855181339   0.00178129900216625 -0.000140354127666765  -0.00041874137971198 -0.000826189942633363      1.49807265453467     0.306857430804273    -0.731475436405894   -0.0178511480361852  -0.00354963598867428
  0.00192789954796638  -0.00363478674163723  0.000286268172085596  0.000851124533697763   0.00168159028679382     0.306857430804273       1.6950295926432     0.485920178439313     0.255444729392088   -0.0546285528728918
 -0.00657037893739215   0.00436183393551828 -0.000343539986093133  -0.00102165933662144  -0.00201832027434511    -0.731475436405894     0.485920178439313     0.723493933145375     0.116938952277678   -0.0206122551171924
  0.00233257602839466   -0.0457457048804562   0.00360309438026657    0.0107185831731385    0.0211723266539724   -0.0178511480361852     0.255444729392088     0.116938952277678     0.122446895610803  -0.00868131074890408
  0.00264704887256474    -0.272512322522526    0.0214640387032837    0.0638517777692209     0.126125911603469  -0.00354963598867428   -0.0546285528728918   -0.0206122551171924  -0.00868131074890408    0.0823873239523796
TOTAL ENERGY: -127.144934573146	 lambda: -0.6	 population of target: 5.53322711570364
1RDM: 
     1.99989199437665   0.00033021684224652 -2.45859606210067e-05 -1.95975952691424e-05 -0.000102784912734667  -0.00519285349018442    0.0013680237690904  -0.00513694299961023   0.00188081404710703   0.00224529743994601
  0.00033021684224652      1.96211810701202   0.00303110670271434    0.0158400513047665    0.0191752837357573   0.00155995860031683  -0.00317846295767838   0.00381463938858829   -0.0400120829410139    -0.238356447242353
-2.45859606210067e-05   0.00303110670271434      1.99970824472774 -0.000656591474270484  -0.00278552458537589 -0.000124235647746318  0.000253007543667083  -0.00030365853083542   0.00318524108420964     0.018974836200295
-1.95975952691424e-05    0.0158400513047665 -0.000656591474270484      1.97429179976652   0.00773224242082394 -0.000338230155404376  0.000685317584303912 -0.000822819383404173   0.00863489691213857    0.0514390028641124
-0.000102784912734667    0.0191752837357573  -0.00278552458537589   0.00773224242082394      1.95523309835916  -0.00076553449398272    0.0015554271944228  -0.00186712868635711    0.0195893324159752     0.116695823324504
 -0.00519285349018442   0.00155995860031683 -0.000124235647746318 -0.000338230155404376  -0.00076553449398272      1.53579912168227     0.293477416782363    -0.699653911281584   -0.0170315476259213  -0.00267056935197137
   0.0013680237690904  -0.00317846295767838  0.000253007543667083  0.000685317584303912    0.0015554271944228     0.293477416782363      1.69364966659266     0.502746663838797      0.20911492252612   -0.0467779551376121
 -0.00513694299961023   0.00381463938858829  -0.00030365853083542 -0.000822819383404173  -0.00186712868635711    -0.699653911281584     0.502746663838797     0.691882703664488     0.096744361039957    -0.017587709359472
  0.00188081404710703   -0.0400120829410139   0.00318524108420964   0.00863489691213857    0.0195893324159752   -0.0170315476259213      0.20911492252612     0.096744361039957     0.114988577215777  -0.00879502493331349
  0.00224529743994601    -0.238356447242353     0.018974836200295    0.0514390028641124     0.116695823324504  -0.00267056935197137   -0.0467779551376121    -0.017587709359472  -0.00879502493331349    0.0724366866027601
TOTAL ENERGY: -127.225633504855	 lambda: -0.5	 population of target: 5.67997715771732
1RDM: 
     1.99989500604615  0.000229488601888452 -1.68392156306737e-05  1.50370273947621e-05 -5.97875417574945e-05  -0.00453480402235165  0.000785755779467327   -0.0037039520526227   0.00143386752093627   0.00183708619999467
 0.000229488601888452      1.97017815846812   0.00245246122638528    0.0129353144355899    0.0170837401395999   0.00133093082281091  -0.00270795758860129   0.00325029587100001   -0.0340969331661333    -0.203119206426763
-1.68392156306737e-05   0.00245246122638528       1.9997510548792 -0.000489965287396678  -0.00260298709074111 -0.000107538007979132  0.000218674867897197  -0.00026248106281095   0.00275367374837932    0.0164039388253373
 1.50370273947621e-05    0.0129353144355899 -0.000489965287396678      1.97601810355013   0.00708826418601403 -0.000257457839296372  0.000519447958138995 -0.000623862564142978   0.00654946539539955    0.0390158502742374
-5.97875417574945e-05    0.0170837401395999  -0.00260298709074111   0.00708826418601403      1.95666166157808  -0.00070357520561544   0.00142697913052506  -0.00171316283231381    0.0179768363358588      0.10708998486059
 -0.00453480402235165   0.00133093082281091 -0.000107538007979132 -0.000257457839296372  -0.00070357520561544      1.57111064676303      0.27962872450346    -0.666711232347018    -0.016184171148405  -0.00179682013968663
 0.000785755779467327  -0.00270795758860129  0.000218674867897197  0.000519447958138995   0.00142697913052506      0.27962872450346       1.6904089705606     0.517760410520411     0.163380334090238    -0.039016139009777
  -0.0037039520526227   0.00325029587100001  -0.00026248106281095 -0.000623862564142978  -0.00171316283231381    -0.666711232347018     0.517760410520411     0.661938893549992    0.0767989400136577   -0.0145688942055663
  0.00143386752093627   -0.0340969331661333   0.00275367374837932   0.00654946539539955    0.0179768363358588    -0.016184171148405     0.163380334090238    0.0767989400136577     0.110136097526621  -0.00911842729303811
  0.00183708619999467    -0.203119206426763    0.0164039388253373    0.0390158502742374      0.10708998486059  -0.00179682013968663    -0.039016139009777   -0.0145688942055663  -0.00911842729303811    0.0639014070780868
TOTAL ENERGY: -127.292356897648	 lambda: -0.4	 population of target: 5.82827835679491
1RDM: 
     1.99989487136053  0.000148192977106287 -1.05137722616693e-05  4.34040752010238e-05 -2.18678052654073e-05  -0.00396060710152192  0.000180913350052304  -0.00226889167247403   0.00099100630451418   0.00142332109805111
 0.000148192977106287      1.97699125472776   0.00196436500592319    0.0104439159632797    0.0153236476771128   0.00109513756584743  -0.00222520650831309   0.00267112206588246   -0.0280245103558269    -0.166945085137461
-1.05137722616693e-05   0.00196436500592319      1.99978726581998  -0.00035306490925052  -0.00244572830466037 -9.03591843432219e-05  0.000183474124787172 -0.000220252034929575    0.0023109511654844      0.01376658895345
 4.34040752010238e-05    0.0104439159632797  -0.00035306490925052      1.97760023285807   0.00631975520443416 -0.000177055440015571  0.000354788783719929 -0.000426318732438684   0.00447834698222464    0.0266779621125733
-2.18678052654073e-05    0.0153236476771128  -0.00244572830466037   0.00631975520443416      1.95794960731404 -0.000641477234821005   0.00129862511102747  -0.00155927724950196    0.0163647637118096     0.097486660258144
 -0.00396060710152192   0.00109513756584743 -9.03591843432219e-05 -0.000177055440015571 -0.000641477234821005      1.60415935026907     0.265302997320372    -0.632627763973605   -0.0153086726078934 -0.000927805229802003
 0.000180913350052304  -0.00222520650831309  0.000183474124787172  0.000354788783719929   0.00129862511102747     0.265302997320372      1.68537145143114     0.531051556768679     0.118138898476787   -0.0313238997093273
 -0.00226889167247403   0.00267112206588246 -0.000220252034929575 -0.000426318732438684  -0.00155927724950196    -0.632627763973605     0.531051556768679     0.633555447932909    0.0570579217773205   -0.0115529281142303
  0.00099100630451418   -0.0280245103558269    0.0023109511654844   0.00447834698222464    0.0163647637118096   -0.0153086726078934     0.118138898476787    0.0570579217773205     0.107799138899118   -0.0096162343485899
  0.00142332109805111    -0.166945085137461      0.01376658895345    0.0266779621125733     0.097486660258144 -0.000927805229802003   -0.0313238997093273   -0.0115529281142303   -0.0096162343485899    0.0568913793874272
TOTAL ENERGY: -127.344714576963	 lambda: -0.3	 population of target: 5.97789946137315
1RDM: 
     1.99989155657321  8.72264169574352e-05 -5.68175681606303e-06  6.55780484882557e-05  1.07322589267305e-05  -0.00347109174594729 -0.000446803649677647 -0.000831578632318369  0.000552429802823035   0.00100515067864049
 8.72264169574352e-05      1.98246923909617    0.0015724716620873   0.00836971227469301    0.0138792238425674   0.00085345522060694  -0.00173204801186215    0.0020793195292738   -0.0218178505583631    -0.129971313589393
-5.68175681606303e-06    0.0015724716620873      1.99981655696408 -0.000245371704120505  -0.00231126490654031 -7.27791892674406e-05  0.000147572422409217 -0.000177171636496465   0.00185916879612195    0.0110752698628348
 6.55780484882557e-05   0.00836971227469301 -0.000245371704120505      1.97903221223093   0.00545479226778316 -9.76588718034387e-05   0.00019262010558829  -0.00023172578529464   0.00243768681669224    0.0145215178191068
 1.07322589267305e-05    0.0138792238425674  -0.00231126490654031   0.00545479226778316      1.95914396451444 -0.000579874699882681   0.00117166504000303  -0.00140703133828913    0.0147694538230234    0.0879831966503824
 -0.00347109174594729   0.00085345522060694 -7.27791892674406e-05 -9.76588718034387e-05 -0.000579874699882681      1.63492718242269     0.250491472227667    -0.597382587826228   -0.0144045296306616 -6.34388731603606e-05
-0.000446803649677647  -0.00173204801186215  0.000147572422409217   0.00019262010558829   0.00117166504000303     0.250491472227667      1.67851919382485     0.542598996447196    0.0733899417507222   -0.0237010471766442
-0.000831578632318369    0.0020793195292738 -0.000177171636496465  -0.00023172578529464  -0.00140703133828913    -0.597382587826228     0.542598996447196     0.606755988448378    0.0375208964563271  -0.00853923474040569
 0.000552429802823035   -0.0218178505583631   0.00185916879612195   0.00243768681669224    0.0147694538230234   -0.0144045296306616    0.0733899417507222    0.0375208964563271     0.108018234347261   -0.0102921144397842
  0.00100515067864049    -0.129971313589393    0.0110752698628348    0.0145215178191068    0.0879831966503824 -6.34388731603606e-05   -0.0237010471766442  -0.00853923474040569   -0.0102921144397842    0.0514258715780017
TOTAL ENERGY: -127.38235449363	 lambda: -0.2	 population of target: 6.128484008634
1RDM: 
     1.99988503198078  4.73393392278039e-05  -2.4021320449464e-06  8.17281561037459e-05  3.78704097006509e-05  -0.00306880899282902  -0.00109587890540816  0.000603847936455861   0.00011949381726058  0.000583888244019548
 4.73393392278039e-05      1.98653956518183   0.00128074010154564   0.00670844153287531    0.0127130740717798  0.000606508656216619  -0.00122980082364571    0.0014764670420287   -0.0154934612272019   -0.0922962275471435
 -2.4021320449464e-06   0.00128074010154564      1.99983878706762 -0.000165365177258859   -0.0021949721747988 -5.48288495758578e-05  0.000111036450877706 -0.000133319557785405   0.00139915827174036   0.00833493536976326
 8.17281561037459e-05   0.00670844153287531 -0.000165365177258859      1.98030635745009   0.00453703883126936 -1.96199950476964e-05  3.36412174550767e-05 -4.09237904291217e-05  0.000436322950881551   0.00259916577483913
 3.78704097006509e-05    0.0127130740717798   -0.0021949721747988   0.00453703883126936      1.96031338691727  -0.00051826101674345   0.00104508538651891  -0.00125520662988724    0.0131781185842118    0.0785033972704241
 -0.00306880899282902  0.000606508656216619 -5.48288495758578e-05 -1.96199950476964e-05  -0.00051826101674345      1.66329690049447     0.235228207888916    -0.561056644008049   -0.0134737455133064  0.000794266065563852
 -0.00109587890540816  -0.00122980082364571  0.000111036450877706  3.36412174550767e-05   0.00104508538651891     0.235228207888916      1.66985019811667      0.55234029589151    0.0292693100185531   -0.0161715988044466
 0.000603847936455861    0.0014764670420287 -0.000133319557785405 -4.09237904291217e-05  -0.00125520662988724    -0.561056644008049      0.55234029589151     0.581652947900784    0.0182472857017476  -0.00553514179055606
  0.00011949381726058   -0.0154934612272019   0.00139915827174036  0.000436322950881551    0.0131781185842118   -0.0134737455133064    0.0292693100185531    0.0182472857017476     0.110842863658348   -0.0111608857320213
 0.000583888244019548   -0.0922962275471435   0.00833493536976326   0.00259916577483913    0.0785033972704241  0.000794266065563852   -0.0161715988044466  -0.00553514179055606   -0.0111608857320213    0.0474739612321796
TOTAL ENERGY: -127.405014440792	 lambda: -0.1	 population of target: 6.2795633615374
1RDM: 
     1.99987541096601  2.90958786704508e-05 -7.20278438808341e-07  9.21149749049612e-05  5.94187790083204e-05  -0.00275376980013781  -0.00176207878878273   0.00202929039223114 -0.000305651984098235  0.000161023134686428
 2.90958786704508e-05      1.98913468335611   0.00109301624943664   0.00545752811072447    0.0117962643124424  0.000354703087014431  -0.00071932560565632  0.000863594722709305  -0.00906210358170073   -0.0539839342103323
-7.20278438808341e-07   0.00109301624943664      1.99985379025263 -0.000111775555482399  -0.00209336099547036 -3.64940629103731e-05   7.3840980939436e-05 -8.86652920005184e-05  0.000930593950106267   0.00554364748240295
 9.21149749049612e-05   0.00545752811072447 -0.000111775555482399      1.98140475813008   0.00360441780556619  5.70567492334521e-05 -0.000122159119325455  0.000146097004289944  -0.00152584152134574   -0.0090896601166505
 5.94187790083204e-05    0.0117962643124424  -0.00209336099547036   0.00360441780556619      1.96150785611376  -0.00045503887725294  0.000915665761157203  -0.00109993627968025    0.0115501292441742    0.0688053024271728
 -0.00275376980013781  0.000354703087014431 -3.64940629103731e-05  5.70567492334521e-05  -0.00045503887725294      1.68917266413628     0.219608690157726    -0.523877314495505   -0.0125220971801276   0.00164082501576773
 -0.00176207878878273  -0.00071932560565632   7.3840980939436e-05 -0.000122159119325455  0.000915665761157203     0.219608690157726       1.6594640798738     0.560259803459347   -0.0139888362985166  -0.00877613336573001
  0.00202929039223114  0.000863594722709305 -8.86652920005184e-05  0.000146097004289944  -0.00109993627968025    -0.523877314495505     0.560259803459347     0.558362273425707 -0.000660293178425798  -0.00255693661424988
-0.000305651984098235  -0.00906210358170073  0.000930593950106267  -0.00152584152134574    0.0115501292441742   -0.0125220971801276   -0.0139888362985166 -0.000660293178425798     0.116211797916601   -0.0122175410269933
 0.000161023134686428   -0.0539839342103323   0.00554364748240295   -0.0090896601166505    0.0688053024271728   0.00164082501576773  -0.00877613336573001  -0.00255693661424988   -0.0122175410269933    0.0450126858290648
TOTAL ENERGY: -127.412569250226	 lambda: 0	 population of target: 6.43061040495287
1RDM: 
     1.99986303187786  3.28275527726839e-05 -6.66272277035679e-07  9.70743481371189e-05  7.52068729577535e-05  -0.00252004835223494  -0.00243880736606503   0.00343503856684676 -0.000720830157793103  -0.00026173473303257
 3.28275527726839e-05      1.99018750556974   0.00101393190858095   0.00462210458374599    0.0111296099886401  9.84391676988757e-05 -0.000201457324391111  0.000241702669330083   -0.0025342535147553   -0.0150968398948124
-6.66272277035679e-07   0.00101393190858095      1.99986125207247 -8.43986156644141e-05  -0.00200626482221913 -1.77475556364328e-05  3.59331683274407e-05 -4.31450837840257e-05  0.000452806431718376   0.00269741627501443
 9.70743481371189e-05   0.00462210458374599 -8.43986156644141e-05      1.98229619916697   0.00267384935776554   0.00013256552960265 -0.000275197209672971  0.000329836694998333  -0.00345401071912432   -0.0205759736010569
 7.52068729577535e-05    0.0111296099886401  -0.00200626482221913   0.00267384935776554      1.96273400735021 -0.000388102110510775  0.000779160460128245 -0.000936119547651536   0.00983197376695007    0.0585700521278292
 -0.00252004835223494  9.84391676988757e-05 -1.77475556364328e-05   0.00013256552960265 -0.000388102110510775      1.71260122918741     0.203779667648087    -0.486194408102493    -0.011558574616623   0.00247024785737047
 -0.00243880736606503 -0.000201457324391111  3.59331683274407e-05 -0.000275197209672971  0.000779160460128245     0.203779667648087      1.64760564706023     0.566461239571449   -0.0561422826696385   -0.0015555920664363
  0.00343503856684676  0.000241702669330083 -4.31450837840257e-05  0.000329836694998333 -0.000936119547651536    -0.486194408102493     0.566461239571449     0.536909822189132   -0.0190954413388738   0.00037380835946272
-0.000720830157793103   -0.0025342535147553  0.000452806431718376  -0.00345401071912432   0.00983197376695007    -0.011558574616623   -0.0561422826696385   -0.0190954413388738     0.123877999501254   -0.0134173926225826
 -0.00026173473303257   -0.0150968398948124   0.00269741627501443   -0.0205759736010569    0.0585700521278292   0.00247024785737047   -0.0015555920664363   0.00037380835946272   -0.0134173926225826    0.0440633060247784
TOTAL ENERGY: -127.405049164362	 lambda: 0.1	 population of target: 6.58113405176264
1RDM: 
     1.99984845028958   5.8583711534227e-05 -2.25015592502688e-06   9.7016795206186e-05  8.50601979988153e-05  -0.00235460701647285  -0.00311856461437348   0.00481313922103886  -0.00112471084292603 -0.000682488885541098
  5.8583711534227e-05      1.98963722948596   0.00104853556540758   0.00421262338693218    0.0107456206884951 -0.000161633320654746  0.000322486782086554 -0.000387627562364754   0.00407349194366784    0.0242661856256965
-2.25015592502688e-06   0.00104853556540758       1.9998607327936 -8.39975922601976e-05  -0.00193696681326755  1.41084199969724e-06 -2.68660852234229e-06  3.24065263312098e-06 -3.42011172779961e-05 -0.000203738440571364
  9.7016795206186e-05   0.00421262338693218 -8.39975922601976e-05      1.98294081004101   0.00173814910279192   0.00020705237734613 -0.000425798856983913  0.000510683072829997  -0.00535222467480616   -0.0318838368877122
 8.50601979988153e-05    0.0107456206884951  -0.00193696681326755   0.00173814910279192       1.9639548506308 -0.000315632114669037  0.000631905793737475 -0.000759356156054218   0.00797744031834218    0.0475223922369026
 -0.00235460701647285 -0.000161633320654746  1.41084199969724e-06   0.00020705237734613 -0.000315632114669037      1.73384501663619     0.187904592461417    -0.448397931938397   -0.0105932974022163    0.0032769633555723
 -0.00311856461437348  0.000322486782086554 -2.68660852234229e-06 -0.000425798856983913  0.000631905793737475     0.187904592461417      1.63464919791837     0.571195887297127   -0.0970462896048806   0.00546685206487756
  0.00481313922103886 -0.000387627562364754  3.24065263312098e-06  0.000510683072829997 -0.000759356156054218    -0.448397931938397     0.571195887297127     0.517166731742966   -0.0369940873394211   0.00323712932652238
 -0.00112471084292603   0.00407349194366784 -3.42011172779961e-05  -0.00535222467480616   0.00797744031834218   -0.0105932974022163   -0.0970462896048806   -0.0369940873394211     0.133407333009124   -0.0146754149898488
-0.000682488885541098    0.0242661856256965 -0.000203738440571364   -0.0318838368877122    0.0475223922369026    0.0032769633555723   0.00546685206487756   0.00323712932652238   -0.0146754149898488    0.0446896474524176
TOTAL ENERGY: -127.382608470026	 lambda: 0.2	 population of target: 6.73079237915137
1RDM: 
     1.99983233921774  0.000106113263479577 -5.45739232037261e-06  9.24381037517621e-05  8.89071305799207e-05  -0.00223895365140671  -0.00379498289632133   0.00616048299620679  -0.00151745782571613  -0.00109932709293949
 0.000106113263479577      1.98744127840544   0.00120105311429411   0.00423586886518551    0.0106944338891065 -0.000424462232521688  0.000850397875323021  -0.00102186195870241    0.0107345194210551    0.0639466037293266
-5.45739232037261e-06   0.00120105311429411      1.99985179635931 -0.000111476786866327  -0.00189073108246079  2.09253272172991e-05 -4.19065925286467e-05  5.03576111596583e-05 -0.000529018782233471  -0.00315141769235491
 9.24381037517621e-05   0.00423586886518551 -0.000111476786866327      1.98329985394607  0.000773408552230935  0.000280415569254202 -0.000573795237058355  0.000688429978561908  -0.00721828005503277   -0.0430001219208075
 8.89071305799207e-05    0.0106944338891065  -0.00189073108246079  0.000773408552230935      1.96510616263449 -0.000236760177210527  0.000472150012603349 -0.000567542273117713   0.00596443542516499    0.0355307114726993
 -0.00223895365140671 -0.000424462232521688  2.09253272172991e-05  0.000280415569254202 -0.000236760177210527      1.75337439775536     0.172117302012031    -0.410807682826409  -0.00963465051012318   0.00405788392369084
 -0.00379498289632133  0.000850397875323021 -4.19065925286467e-05 -0.000573795237058355  0.000472150012603349     0.172117302012031      1.62102628662671      0.57483236073783    -0.136732395799082    0.0122987915469628
  0.00616048299620679  -0.00102186195870241  5.03576111596583e-05  0.000688429978561908 -0.000567542273117713    -0.410807682826409      0.57483236073783     0.498841538195202   -0.0543690038068773    0.0060219582823431
 -0.00151745782571613    0.0107345194210551 -0.000529018782233471  -0.00721828005503277   0.00596443542516499  -0.00963465051012318    -0.136732395799082   -0.0543690038068773      0.14425609407453   -0.0158839080383493
 -0.00109932709293949    0.0639466037293266  -0.00315141769235491   -0.0430001219208075    0.0355307114726993   0.00405788392369084    0.0122987915469628    0.0060219582823431   -0.0158839080383493    0.0469702527851839
TOTAL ENERGY: -127.345445019442	 lambda: 0.3	 population of target: 6.87947768716665
1RDM: 
      1.9998153304664  0.000174906590673328 -1.02486632148676e-05  8.39169663668693e-05  8.68794598421409e-05  -0.00215313608892385  -0.00446470554942059   0.00748044211824725  -0.00190089469010537  -0.00151057586871876
 0.000174906590673328      1.98358565620564    0.0014736247658021   0.00468529211279069    0.0110245878234704 -0.000688589539119653   0.00137936545895797    -0.001657502264876    0.0174120634674218     0.103725399132649
-1.02486632148676e-05    0.0014736247658021      1.99983415257446 -0.000166916447315459   -0.0018729071013308  4.06756752067686e-05 -8.14866436429832e-05  9.79171563274437e-05  -0.00102861290514401  -0.00612754982918183
 8.39169663668693e-05   0.00468529211279069 -0.000166916447315459      1.98334554161022 -0.000249437329111189  0.000352239556780787 -0.000718388776278309  0.000862116046263593  -0.00904204074155731    -0.053864453117918
 8.68794598421409e-05    0.0110245878234704   -0.0018729071013308 -0.000249437329111189      1.96611543001252 -0.000151890927321737  0.000300701108207394 -0.000361649433618946   0.00380316360451082    0.0226557881012645
 -0.00215313608892385 -0.000688589539119653  4.06756752067686e-05  0.000352239556780787 -0.000151890927321737       1.7717784980279     0.156480776090143    -0.373574808121159   -0.0086867193412767   0.00481375261747725
 -0.00446470554942059   0.00137936545895797 -8.14866436429832e-05 -0.000718388776278309  0.000300701108207394     0.156480776090143      1.60712146040177     0.577776785154034    -0.175429845712697    0.0189815543949891
  0.00748044211824725    -0.001657502264876  9.79171563274437e-05  0.000862116046263593 -0.000361649433618946    -0.373574808121159     0.577776785154034     0.481534171446426   -0.0713193519198096   0.00873085961202803
 -0.00190089469010537    0.0174120634674218  -0.00102861290514401  -0.00904204074155731   0.00380316360451082   -0.0086867193412767    -0.175429845712697   -0.0713193519198096     0.155901859427827   -0.0169402176320212
 -0.00151057586871876     0.103725399132649  -0.00612754982918183    -0.053864453117918    0.0226557881012645   0.00481375261747725    0.0189815543949891   0.00873085961202803   -0.0169402176320212    0.0509678998269015
TOTAL ENERGY: -127.293703107319	 lambda: 0.4	 population of target: 7.02732839088382
1RDM: 
     1.99979785318649  0.000264287375878149  -1.6564925601641e-05  7.20828444205711e-05  7.93507560326828e-05  -0.00208064871106352  -0.00512845936912527   0.00878251674125146  -0.00227813543512383  -0.00191501705955198
 0.000264287375878149       1.9780892291096   0.00186557886776813   0.00553595180289392    0.0117673562216351 -0.000952257807815738    0.0019058861151633  -0.00229033708361572    0.0240618666591452     0.143338925428747
 -1.6564925601641e-05   0.00186557886776813       1.9998077489619 -0.000248995744437005  -0.00188745465345742  6.04868023870268e-05 -0.000121077073806365  0.000145499007416032  -0.00152856758341288  -0.00910582899273383
 7.20828444205711e-05   0.00553595180289392 -0.000248995744437005      1.98306686299961  -0.00135479520540942  0.000421856960307232 -0.000858276077361187   0.00103017235009909   -0.0108069835307048   -0.0643783977319848
 7.93507560326828e-05    0.0117673562216351  -0.00188745465345742  -0.00135479520540942      1.96691538369714 -6.26659544161143e-05  0.000120851346264751 -0.000145633032064676   0.00153517827282987   0.00914515900033034
 -0.00208064871106352 -0.000952257807815738  6.04868023870268e-05  0.000421856960307232 -6.26659544161143e-05      1.78962678756734     0.140965249349152    -0.336629378886838  -0.00774787015976125   0.00554927969739871
 -0.00512845936912527    0.0019058861151633 -0.000121077073806365 -0.000858276077361187  0.000120851346264751     0.140965249349152      1.59317253558512     0.580372113705942    -0.213523217036088     0.025582357522167
  0.00878251674125146  -0.00229033708361572  0.000145499007416032   0.00103017235009909 -0.000145633032064676    -0.336629378886838     0.580372113705942     0.464831688904801   -0.0880124192555052    0.0113805567232234
 -0.00227813543512383    0.0240618666591452  -0.00152856758341288   -0.0108069835307048   0.00153517827282987  -0.00774787015976125    -0.213523217036088   -0.0880124192555052     0.167981002704527   -0.0177740100149781
 -0.00191501705955198     0.143338925428747  -0.00910582899273383   -0.0643783977319848   0.00914515900033034   0.00554927969739871     0.025582357522167    0.0113805567232234   -0.0177740100149781     0.056710907283547
TOTAL ENERGY: -127.227408852738	 lambda: 0.5	 population of target: 7.17465528607674
1RDM: 
     1.99978002364029  0.000373509458814419 -2.43349150672216e-05  5.75608714037115e-05  6.69036814029217e-05  -0.00201257621689395  -0.00579100298667384    0.0100802036419892   -0.0026528262344453  -0.00231196957234229
 0.000373509458814419      1.97100294647507   0.00237323082954958   0.00674548190043946    0.0129267380889051  -0.00121356523914177   0.00242616969136415  -0.00291581031693834    0.0306360444693064     0.182501930179656
-2.43349150672216e-05   0.00237323082954958       1.9997728102001 -0.000354963127901983  -0.00193597681357249  8.01493959333655e-05 -0.000160259927890257  0.000192600827220395  -0.00202360399981822   -0.0120548090385247
 5.75608714037115e-05   0.00674548190043946 -0.000354963127901983      1.98247062570524  -0.00255689593181597  0.000488470664796521 -0.000991891699603021   0.00119071534890345   -0.0124932839621805   -0.0744238596873859
 6.69036814029217e-05    0.0129267380889051  -0.00193597681357249  -0.00255689593181597      1.96745456490015  2.83482078609451e-05 -6.22527926204156e-05  7.43236141201394e-05 -0.000774568050021586  -0.00461425943002911
 -0.00201257621689395  -0.00121356523914177  8.01493959333655e-05  0.000488470664796521  2.83482078609451e-05      1.80732976881084     0.125452094314991    -0.299689399084523  -0.00681094881441292   0.00627214446190296
 -0.00579100298667384   0.00242616969136415 -0.000160259927890257 -0.000991891699603021 -6.22527926204156e-05     0.125452094314991      1.57920831288212     0.582811240035409    -0.251463413990901    0.0321786576230788
   0.0100802036419892  -0.00291581031693834  0.000192600827220395   0.00119071534890345  7.43236141201394e-05    -0.299689399084523     0.582811240035409      0.44841135863825    -0.104644905887872    0.0139983839805958
  -0.0026528262344453    0.0306360444693064  -0.00202360399981822   -0.0124932839621805 -0.000774568050021586  -0.00681094881441292    -0.251463413990901    -0.104644905887872     0.180385930288425   -0.0183663128524168
 -0.00231196957234229     0.182501930179656   -0.0120548090385247   -0.0744238596873859  -0.00461425943002911   0.00627214446190296    0.0321786576230788    0.0139983839805958   -0.0183663128524168    0.0641836584595669
TOTAL ENERGY: -127.146472721836	 lambda: 0.6	 population of target: 7.32181205483394
1RDM: 
     1.99976161776498  0.000501814253812073 -3.34815081038161e-05  4.09178979547264e-05   5.0243041424485e-05  -0.00194974392956805  -0.00646001674364823    0.0113878156550428  -0.00302824521823765  -0.00270122154412978
 0.000501814253812073      1.96240721571062   0.00298993706111721   0.00825902693671101    0.0144738535345231  -0.00147063642434926   0.00293648000624961  -0.00352943081847437    0.0370873937159845     0.220933221775894
-3.34815081038161e-05   0.00298993706111721      1.99972985216953 -0.000480985708796224  -0.00201699662271996  9.94463818431443e-05  -0.00019860201955547  0.000238701896684375  -0.00250825083680615    -0.014941893519675
 4.09178979547264e-05   0.00825902693671101 -0.000480985708796224      1.98157944224541  -0.00385812842806395    0.0005512727719408   -0.0011176460662874   0.00134182890424087   -0.0140807989365585   -0.0838808410703072
  5.0243041424485e-05    0.0144738535345231  -0.00201699662271996  -0.00385812842806395      1.96771090029401  0.000118167193676943 -0.000242631527823349  0.000291031875791049  -0.00305058761942669   -0.0181726451087539
 -0.00194974392956805  -0.00147063642434926  9.94463818431443e-05    0.0005512727719408  0.000118167193676943      1.82504121014691     0.109761246659936    -0.262325989880698  -0.00586491279887496    0.0069912819843422
 -0.00646001674364823   0.00293648000624961  -0.00019860201955547   -0.0011176460662874 -0.000242631527823349     0.109761246659936      1.56504094960973      0.58509003212609    -0.289661263626451    0.0388396667744683
   0.0113878156550428  -0.00352943081847437  0.000238701896684375   0.00134182890424087  0.000291031875791049    -0.262325989880698      0.58509003212609     0.432118865038697    -0.121396464630736    0.0166161162492596
 -0.00302824521823765    0.0370873937159845  -0.00250825083680615   -0.0140807989365585  -0.00305058761942669  -0.00586491279887496    -0.289661263626451    -0.121396464630736     0.193293190558137   -0.0187567995321519
 -0.00270122154412978     0.220933221775894    -0.014941893519675   -0.0838808410703072   -0.0181726451087539    0.0069912819843422    0.0388396667744683    0.0166161162492596   -0.0187567995321519    0.0733167564619699
TOTAL ENERGY: -127.050757342988	 lambda: 0.7	 population of target: 7.46906420693461
1RDM: 
     1.99974212952826  0.000648435221165784 -4.39256150121841e-05   2.2632394864972e-05  3.00658560690371e-05   -0.0019024114110712  -0.00714428100418764    0.0127171442088117   -0.0034065105425603  -0.00308286141988531
 0.000648435221165784      1.95240824227127   0.00370636106847381    0.0100152980797599    0.0163470802330894  -0.00172181201171212   0.00343351886848676  -0.00412723259646046    0.0433742241168023       0.2583844426429
-4.39256150121841e-05   0.00370636106847381      1.99967967351397 -0.000622635278580216  -0.00212556315651478  0.000118183466218064 -0.000235716289051464  0.000283336961726322  -0.00297761755121577   -0.0177379556023226
  2.2632394864972e-05    0.0100152980797599 -0.000622635278580216      1.98042878796874  -0.00525014415121447  0.000609534195736329  -0.00123409526944659   0.00148178342367767   -0.0155513090076618   -0.0926408171768514
 3.00658560690371e-05    0.0163470802330894  -0.00212556315651478  -0.00525014415121447      1.96770735467569  0.000204030391221639 -0.000414750043859019  0.000497846662048821  -0.00522304534962307   -0.0311142517597571
  -0.0019024114110712  -0.00172181201171212  0.000118183466218064  0.000609534195736329  0.000204030391221639      1.84262546804723     0.093693781368436    -0.224064811630752  -0.00489743234302753   0.00771497267650953
 -0.00714428100418764   0.00343351886848676 -0.000235716289051464  -0.00123409526944659 -0.000414750043859019     0.093693781368436      1.55031216941427     0.587010676300729    -0.328392620503858    0.0456100059753251
   0.0127171442088117  -0.00412723259646046  0.000283336961726322   0.00148178342367767  0.000497846662048821    -0.224064811630752     0.587010676300729     0.416002026253402     -0.13838808557257    0.0192629781692274
  -0.0034065105425603    0.0433742241168023  -0.00297761755121577   -0.0155513090076618  -0.00522304534962307  -0.00489743234302753    -0.328392620503858     -0.13838808557257     0.207118158834742   -0.0190385172516313
 -0.00308286141988531       0.2583844426429   -0.0177379556023226   -0.0926408171768514   -0.0311142517597571   0.00771497267650953    0.0456100059753251    0.0192629781692274   -0.0190385172516313     0.083975989492468
TOTAL ENERGY: -126.94017611153	 lambda: 0.8	 population of target: 7.61650395136556
1RDM: 
     1.99972089491167  0.000812567564615594 -5.55887016672562e-05  3.09451329083478e-06  6.89297877354592e-06  -0.00188775555528667  -0.00785163280811159    0.0140747808068855  -0.00378807951148433  -0.00345706830414687
 0.000812567564615594      1.94113075974793   0.00451125433214315    0.0119523217987792    0.0184631477837395  -0.00196584734527144   0.00391482882622507  -0.00470625984706475    0.0494654424407234     0.294670370658473
-5.55887016672562e-05   0.00451125433214315      1.99962328829721 -0.000775393187989207  -0.00225382690631513  0.000136220738315042 -0.000271325681162534   0.00032617281296719  -0.00342819998923611   -0.0204221156033337
 3.09451329083478e-06    0.0119523217987792 -0.000775393187989207      1.97906392770721  -0.00671753046602403  0.000662673208998603  -0.00134009628477805   0.00160919799004412   -0.0168903035235709    -0.100617337364507
 6.89297877354592e-06    0.0184631477837395  -0.00225382690631513  -0.00671753046602403      1.96751827438758  0.000284090689995215 -0.000574915454262965  0.000690326565652235  -0.00724528504797856   -0.0431609366088603
 -0.00188775555528667  -0.00196584734527144  0.000136220738315042  0.000662673208998603  0.000284090689995215      1.85969324443182    0.0770782915969778    -0.184496648083239  -0.00389770701437794   0.00844912467414347
 -0.00785163280811159   0.00391482882622507 -0.000271325681162534  -0.00134009628477805 -0.000574915454262965    0.0770782915969778      1.53457833075744     0.588231012853179    -0.367737093976402    0.0524994206060252
   0.0140747808068855  -0.00470625984706475   0.00032617281296719   0.00160919799004412  0.000690326565652235    -0.184496648083239     0.588231012853179     0.400295096167177    -0.155655112234483    0.0219594140657582
 -0.00378807951148433    0.0494654424407234  -0.00342819998923611   -0.0168903035235709  -0.00724528504797856  -0.00389770701437794    -0.367737093976402    -0.155655112234483     0.222412771228711   -0.0193404544166401
 -0.00345706830414687     0.294670370658473   -0.0204221156033337    -0.100617337364507   -0.0431609366088603   0.00844912467414347    0.0524994206060252    0.0219594140657582   -0.0193404544166401    0.0959634123633216
TOTAL ENERGY: -126.814780392505	 lambda: 0.9	 population of target: 7.76402855839589
1RDM: 
     1.99969724671013  0.000993329661417793 -6.83950399691561e-05 -1.73731881464262e-05 -1.91062720886738e-05  -0.00192588508794558  -0.00858723283014951    0.0154607532620662  -0.00417165406068825  -0.00382389875403492
 0.000993329661417793      1.92870492019521   0.00539300354758898    0.0140128903700575    0.0207424862586555  -0.00220205848068617   0.00437909207717357  -0.00526492441143869    0.0553443060091655      0.32969126876019
-6.83950399691561e-05   0.00539300354758898      1.99956176552765  -0.00093516864602153  -0.00239318606281475  0.000153496285562224  -0.00030531058516085  0.000367065307101955  -0.00385847936424847   -0.0229853274026364
-1.73731881464262e-05    0.0140128903700575  -0.00093516864602153      1.97753615118958  -0.00824398929859957  0.000710321248719245  -0.00143492642591475   0.00172320426308642   -0.0180886388809004    -0.107755936681575
-1.91062720886738e-05    0.0207424862586555  -0.00239318606281475  -0.00824398929859957      1.96725257699687  0.000357948925042734 -0.000722332371462532  0.000867515609808134  -0.00910726703091486    -0.054252941685722
 -0.00192588508794558  -0.00220205848068617  0.000153496285562224  0.000710321248719245  0.000357948925042734      1.87569361979257     0.059808995797659    -0.143368400234453  -0.00285887982941035    0.0091960950440597
 -0.00858723283014951   0.00437909207717357  -0.00030531058516085  -0.00143492642591475 -0.000722332371462532     0.059808995797659      1.51741101446694     0.588345009986089    -0.407564422579412    0.0594811468116996
   0.0154607532620662  -0.00526492441143869  0.000367065307101955   0.00172320426308642  0.000867515609808134    -0.143368400234453     0.588345009986089     0.385360239702552    -0.173141097264497    0.0247129122479176
 -0.00417165406068825    0.0553443060091655  -0.00385847936424847   -0.0180886388809004  -0.00910726703091486  -0.00285887982941035    -0.407564422579412    -0.173141097264497     0.239735915253442   -0.0198002010306174
 -0.00382389875403492      0.32969126876019   -0.0229853274026364    -0.107755936681575    -0.054252941685722    0.0091960950440597    0.0594811468116996    0.0247129122479176   -0.0198002010306174     0.109046550165143
TOTAL ENERGY: -126.674810412436	 lambda: 1	 population of target: 7.91136854577147
1RDM: 
     1.99967065881159   0.00118972927039394 -8.22726365331117e-05 -3.84910340103895e-05 -4.82158748914834e-05  -0.00203542987479979  -0.00935262126101578    0.0168688821347987   -0.0045545223233126  -0.00418310508529997
  0.00118972927039394      1.91525022176552   0.00634160647399168    0.0161495528876818    0.0231422077559893  -0.00243032147339484   0.00482613129675467  -0.00580300680839923    0.0610084305391671     0.363432932932818
-8.22726365331117e-05   0.00634160647399168      1.99949600490232  -0.00109878141919609  -0.00253764276180956  0.000170029262597904 -0.000337715045376083  0.000406066892995001  -0.00426899979372607   -0.0254308322289361
-3.84910340103895e-05    0.0161495528876818  -0.00109878141919609       1.9758977149831  -0.00981923087086375  0.000752372341997984   -0.0015183924705631    0.0018235685421625   -0.0191438369219362      -0.1140418477663
-4.82158748914834e-05    0.0231422077559893  -0.00253764276180956  -0.00981923087086375      1.96701172661933  0.000426776727811271 -0.000859348610814861   0.00103223638558085   -0.0108386203529774   -0.0645667826324677
 -0.00203542987479979  -0.00243032147339484  0.000170029262597904  0.000752372341997984  0.000426776727811271      1.89003901338569    0.0418648733320028    -0.100628915392361  -0.00177928207046207   0.00995431932925145
 -0.00935262126101578   0.00482613129675467 -0.000337715045376083   -0.0015183924705631 -0.000859348610814861    0.0418648733320028      1.49848627241593     0.586973139283042    -0.447573621520494    0.0664996889767785
   0.0168688821347987  -0.00580300680839923  0.000406066892995001    0.0018235685421625   0.00103223638558085    -0.100628915392361     0.586973139283042     0.371601389636584    -0.190714836178913    0.0275169885440068
  -0.0045545223233126    0.0610084305391671  -0.00426899979372607   -0.0191438369219362   -0.0108386203529774  -0.00177928207046207    -0.447573621520494    -0.190714836178913     0.259531843085943   -0.0205328740893255
 -0.00418310508529997     0.363432932932818   -0.0254308322289361      -0.1140418477663   -0.0645667826324677   0.00995431932925145    0.0664996889767785    0.0275169885440068   -0.0205328740893255     0.123015154394078
-------------------general-----------------------
mullikenoperator: 
-8.60256844849401e-05  -0.00848418282923835  0.000813069530252917    0.0111369055912789   0.00724948195350697    0.0162808049710436  -0.00213992323350426    0.0116108792613655  -0.00981432954294042   -0.0368798334493768
 -0.00848418282923835     0.338991436260969    0.0424485903106667    -0.335977440954873    0.0136043495325437   -0.0033107792339406    0.0073200123623731  -0.00873527861318305    0.0909848284009266     0.542011840252657
 0.000813069530252917    0.0424485903106667     0.998154835453739    0.0181734058859668   0.00168265332361115  8.96974789961302e-05 -0.000241342970002776  0.000284562416445111  -0.00291947780649326   -0.0173921707892577
   0.0111369055912789    -0.335977440954873    0.0181734058859668      0.48141659888211     -0.37485858531871  0.000686118435025904  -0.00220887272673341   0.00258058485427387   -0.0261637919056204    -0.155867764266072
  0.00724948195350697    0.0136043495325437   0.00168265332361112     -0.37485858531871     0.625287733152964   0.00194416148897345  -0.00446574156701578   0.00531577439443778   -0.0551951226053382    -0.328807950075781
   0.0162808049710436   -0.0033107792339406  8.96974789961306e-05  0.000686118435025905   0.00194416148897345     0.704595889110914    -0.180123964789168     0.428613179380625    0.0110683695884583   0.00955855598111457
 -0.00213992323350426    0.0073200123623731 -0.000241342970002777  -0.00220887272673342  -0.00446574156701578    -0.180123964789168     0.338157955935457    0.0277271647890682    -0.439547649684279    0.0764157438112021
   0.0116108792613655  -0.00873527861318305  0.000284562416445111   0.00258058485427387   0.00531577439443778     0.428613179380625    0.0277271647890682     0.310869177953718    -0.192659012916648    0.0305585487351886
 -0.00981432954294041    0.0909848284009266  -0.00291947780649326   -0.0261637919056204   -0.0551951226053381    0.0110683695884583    -0.439547649684279    -0.192659012916648     0.644462710694891   -0.0119048079775805
  -0.0368798334493768     0.542011840252657   -0.0173921707892578    -0.155867764266072    -0.328807950075781   0.00955855598111457    0.0764157438112021    0.0305585487351886   -0.0119048079775806     0.558149688239721
selected BF: 
0 1 2 3 4
selected lambdas: 
  -1 -0.9 -0.8 -0.7 -0.6 -0.5 -0.4 -0.3 -0.2 -0.1    0  0.1  0.2  0.3  0.4  0.5  0.6  0.7  0.8  0.9    1
RHF C: 
-0.000478068291253413     0.994811047622687     0.130864266135451     0.192590415661861     0.103794388334573  1.72290847385829e-17  9.08697607681942e-15 -3.78421301756224e-17 -7.61407655547185e-17     0.102866036713144
  0.00565339032166164        0.022561210739    -0.387857931282426    -0.784837544851284      -0.5000818928268 -8.28528948780093e-17 -4.40405352568746e-14  2.15624276981005e-16  3.96705968115129e-16    -0.680785222959789
-1.03807849057927e-18 -1.69023825408465e-19 -7.76424969939657e-17  2.07765623595848e-16 -8.50200569099336e-15    -0.531995174060555      0.09415205192382    -0.860022433550973    0.0498753021054957 -2.15218345570392e-16
-1.01364622520902e-16  2.49270181036592e-18 -6.07284432648746e-16  2.22202370685932e-15 -4.96965686817525e-14     0.094152051923819     0.531995174060547    0.0498753021054959     0.860022433550978  3.67353083207058e-16
  0.00488823569348457   0.00510089679034265    -0.196696887866687    0.0429289920653144     0.602944124858908  5.77310458039607e-16  5.60663797208936e-14  1.16817365699527e-16    2.526784474388e-16     -1.03152406809922
   -0.994716909154167  0.000393260126771855     0.197124640392483    -0.161515150002447    0.0493530085478032  8.03649558778343e-17  5.20016430278789e-15  1.02249258127958e-18  1.90365429396138e-16    -0.102900884260972
  -0.0232467482290119  -0.00565290739895809    -0.678130567493536       0.7287763261291    -0.261879067828516 -5.14253432046413e-16 -2.69692364105651e-14 -3.93881805528837e-17 -1.08303316355234e-15     0.710504278108615
-8.22990010911335e-20   4.1958131181477e-20 -4.07640397190905e-17  1.82719770936279e-16 -1.14525815433074e-14    -0.737735940112533     0.130563877129527     0.686384646664119   -0.0398055216671483  8.72325523237959e-17
-4.06018789148392e-18 -4.91036720073327e-19  -3.9924931508645e-17  1.70372229753466e-15 -6.83414119468992e-14     0.130563877129528      0.73773594011254   -0.0398055216671482    -0.686384646664111  1.16393198920215e-16
  0.00487996707499317   0.00328183931614558     0.212699444436914      0.31466144201648    -0.577204100552545 -3.52868966464181e-16  -5.4074542948843e-14   3.0931111488973e-16 -1.28246543579128e-16    -0.954548201001205
RDM (no constraint): 
     1.99999627622327  5.01181652544435e-07 -3.28769786877541e-05  9.86948880500913e-05 -6.98210738411294e-05  2.21384361315092e-18 -1.21667375606916e-17 -9.27842939848071e-18  1.11887889212181e-16  0.000159429252083147
 5.01181652544435e-07      1.99999160393493  4.01424208687289e-05  0.000237442673323784  0.000274012663945703   1.6459224231653e-19  2.47602048325948e-17 -4.75199302924541e-19 -4.23218579368704e-18 -0.000177141360539145
-3.28769786877541e-05  4.01424208687289e-05      1.98987024715565  -0.00440374985217152    0.0113694329465937  1.68646576834503e-17  1.09917737738927e-15   -1.080324981927e-16   9.0231506434415e-16   -0.0150813239836658
 9.86948880500913e-05  0.000237442673323784  -0.00440374985217152       1.9822838650144  -0.00356153206720937 -3.64509269063471e-17 -5.97772354664353e-16  1.05580943058549e-16 -1.33481369114725e-15    0.0231225540342936
-6.98210738411294e-05  0.000274012663945703    0.0113694329465937  -0.00356153206720937      1.96293324777122   5.8840082677894e-17  7.06179632289974e-15 -3.98194878308648e-17 -2.98858286406906e-15    0.0586860832941112
 2.21384361315092e-18   1.6459224231653e-19  1.68646576834503e-17 -3.64509269063471e-17   5.8840082677894e-17      1.88671319495743 -1.14712325045725e-16    0.0372901126705481   0.00439192917826284  2.90205720387895e-16
-1.21667375606916e-17  2.47602048325948e-17  1.09917737738927e-15 -5.97772354664353e-16  7.06179632289974e-15 -1.14712325045725e-16      1.88671319495742  -0.00439192917826341    0.0372901126705846  5.98943671884262e-15
-9.27842939848071e-18 -4.75199302924541e-19   -1.080324981927e-16  1.05580943058549e-16 -3.98194878308648e-17    0.0372901126705481  -0.00439192917826341     0.124865213008978 -4.31370484520738e-16  1.12213632810966e-17
 1.11887889212181e-16 -4.23218579368704e-18   9.0231506434415e-16 -1.33481369114725e-15 -2.98858286406906e-15   0.00439192917826284    0.0372901126705846 -4.31370484520738e-16     0.124865213008983  2.31549971577981e-17
 0.000159429252083147 -0.000177141360539145   -0.0150813239836658    0.0231225540342936    0.0586860832941112  2.90205720387895e-16  5.98943671884262e-15  1.12213632810966e-17  2.31549971577981e-17    0.0417679439677401
RDM Eigenvectors: 
   -0.999430510471351 -2.38258085673278e-16  2.15661867560335e-16 -3.29700485124095e-16  1.48744135344641e-16    0.0319879135368583     -0.01069805134707 -0.000954712370801242  0.000216193884162453  0.000146997968821639
 2.36841536508296e-16   -0.0828795866082358     0.996331975980852   -0.0210583539543989   0.00318017145290808  3.34622854739925e-17  5.27418030460118e-16  7.94970141017609e-16 -7.59687242154231e-18  3.83766729620353e-17
 2.15895700344965e-16    -0.996331975980853   -0.0828795866082358   0.00318017145290755    0.0210583539543778  -1.9115414671567e-16  -1.4473478091572e-17 -1.46079129879919e-16 -3.65205293906533e-18  -1.5095679716421e-18
 3.12814493751311e-15 -0.000729147556099825   -0.0212846448309591    -0.999240435580691    0.0326340947288673  8.68060087007759e-14 -4.73513113252708e-15  3.25540290274303e-14  1.07757964115521e-15 -6.76644951603402e-16
 1.51433889589208e-16    0.0212846448309381 -0.000729147556101329    0.0326340947288675     0.999240435580691  6.75303760486832e-16  2.33060569148312e-16  4.14644036276634e-16 -1.70625597814028e-16 -1.82228464898585e-17
   0.0305636677482451 -1.46428678490915e-16  1.69671456653466e-15  9.27536971149117e-14 -3.78365839862357e-15     0.938309061347977   -0.0794404957932007     0.334890397478584    0.0117200023076228   -0.0064991119954814
   0.0119336422703006 -9.58834186716558e-20  7.12975583791204e-16 -3.00330582322652e-15  4.30750595636272e-16    0.0509564089182506     -0.92966686451852     -0.36436796541277   0.00664437350092843    0.0131298008501031
 -0.00787967518603484 -1.83943536840814e-17 -4.80992741296038e-16  4.34993878343766e-16 -5.91673763313247e-17    -0.340462624599502    -0.359314737703495     0.868596729587364    0.0143922950906312   -0.0157675118839459
-9.58637615786741e-05  1.97713513272077e-19  2.60208521396521e-18  8.16499314188549e-17  5.95812151225339e-17  -0.00634548265219258    0.0131112305792684   -0.0103981960488916      0.98604536197491     0.165512062821548
  8.1633428173952e-05 -1.92248010732802e-28 -5.99733833141532e-17 -2.67120974288645e-17 -2.05179642135607e-17   0.00112217232302982   0.00391091339403151    0.0226957011557144     -0.16530533287431     0.985972865191558
Total C: 
 0.000492917134824776    0.0442091712932654    -0.999209823574571    -0.192567658403302      0.13107934414156 -0.000683149413528035    0.0013449054803055   -0.0016181744334804    0.0170256157600943     0.101423081922605
  -0.0057502448200504    -0.373368082237399  -0.00335977012932337      0.77616065817512    -0.524551498179472   0.00459728775225879  -0.00887110886139925    0.0106897422140146    -0.112678708545765    -0.671235295356105
  -0.0171928023240243 -7.60972067838672e-16  5.40054244583304e-17 -7.50530610315517e-14 -9.19114299888108e-15    -0.794084094055803     0.199057407925999    -0.599000599694832    0.0627322075990653   -0.0279922352952109
 -0.00254126896977749 -4.93248978604732e-16 -1.02773755688065e-15   4.3750671744123e-15 -4.95243043605582e-14    0.0728639877299633    -0.502239287034367    -0.167509740192259     0.853880189810042    -0.138848097827262
 -0.00503708383724533    -0.195384707391058    0.0240535025261807   -0.0190369449523556     0.604139090580091   0.00685339285621966   -0.0134853711301841    0.0162260502928131    -0.170730144965837      -1.0170543418944
    0.994135302069458     0.199927183466669   -0.0162037790917442     0.158807044894581    0.0439092585055322   -0.0297334327437183   -0.0132216638717152   0.00946053706164273   -0.0169359803155772    -0.101538681836893
   0.0233379521350412    -0.691354307820327    0.0586382450634486     -0.72233106978743    -0.237523061023622  -0.00532815276572611   0.00905136129742188   -0.0110197078234854      0.11759925723402     0.700536041105859
  -0.0256593181505954  5.09246164901275e-16 -1.98244262455003e-16 -4.29119154208913e-14 -1.16142584813089e-14    -0.473199270282762    -0.409334344457377     0.799876555685108   -0.0399940684335945    0.0218408029901269
 -0.00382626029407653  7.40815941957129e-17 -1.45725527855649e-15   1.8731502313993e-15 -6.78731670437552e-14    0.0425282435325832     -0.66925233098977    -0.353985112421457    -0.667548356555711     0.115591364811268
 -0.00501750463153292      0.20318540025516    -0.032052534395562    -0.337788594752016    -0.566582222044657   0.00635286535573039   -0.0124747919995571    0.0150123975476361    -0.157989709622309    -0.941158226336164
Basis set used: STO-3G
Naturals: 
   1.9999986843978   1.99999692385605   1.99611633795859   1.98053980481328   1.96061320026137   1.88751303796913   1.88751303796913  0.124065369997277  0.124065369997274 0.0395782327801194
Version: Tmhuysen's fci hack
