-123.953112967754	-5	3.99963608319558
-123.953140748044	-4.95	3.99964166740366
-123.953169649038	-4.9	3.99964753587436
-123.953199738738	-4.85	3.99965370838923
-123.953231090592	-4.8	3.99966020647378
-123.953263784202	-4.75	3.99966705361847
-123.953297905927	-4.7	3.99967427548997
-123.953333549483	-4.65	3.99968190015233
-123.953370816825	-4.6	3.99968995836114
-123.953409819209	-4.55	3.9996984839146
-123.953450678031	-4.5	3.99970751397121
-123.953493525991	-4.45	3.99971708946232
-123.953538508735	-4.4	3.99972725563331
-123.953585785947	-4.35	3.99973806248859
-123.953635533616	-4.3	3.99974956553891
-123.953687945672	-4.25	3.99976182643988
-123.953743236516	-4.2	3.99977491388157
-123.953801643775	-4.15	3.99978890458675
-123.953863431364	-4.1	3.99980388444186
-123.953928893342	-4.05	3.99981994989404
-123.95399835787	-4	3.99983720945877
-123.954072192858	-3.95	3.99985578574812
-123.954150811543	-3.9	3.99987581761122
-123.954234679561	-3.85	3.99989746279753
-123.954324323859	-3.8	3.99992090127543
-123.954420342306	-3.75	3.99994633895584
-123.954523416218	-3.7	3.99997401245044
-123.954634324993	-3.65	4.00000419472274
-123.954753964078	-3.6	4.00003720205505
-123.954883366926	-3.55	4.00007340261414
-123.955023731854	-3.5	4.00011322701672
-123.955176456011	-3.45	4.00015718170354
-123.95534317672	-3.4	4.00020586544142
-123.955525824735	-3.35	4.00025999058037
-123.955726690941	-3.3	4.00032040995632
-123.955948512255	-3.25	4.00038815170806
-123.956194582488	-3.2	4.00046446454256
-123.956468898038	-3.15	4.00055087753727
-123.956776349508	-3.1	4.00064927943293
-123.957122978254	-3.05	4.00076202550172
-123.957516326078	-3	4.00089208405549
-123.957965913474	-2.95	4.00104323850897
-123.958483912679	-2.9	4.0012203733577
-123.959086102144	-2.85	4.00142988298539
-123.959793255057	-2.8	4.00168027041416
-123.960633198247	-2.75	4.00198304177828
-123.961643947771	-2.7	4.00235407832963
-123.962878606439	-2.65	4.00281579597441
-123.964413273579	-2.6	4.00340065918121
-123.966360276993	-2.55	4.0041571052454
-123.968891263092	-2.5	4.00515996409185
-123.972279513275	-2.45	4.00652970912166
-123.976982150302	-2.4	4.00847016631383
-123.983811420838	-2.35	4.01134775959925
-123.994323463499	-2.3	4.01587299025548
-124.01179923222	-2.25	4.02356268510523
-124.044066934701	-2.2	4.03808378019511
-124.112986340247	-2.15	4.06982266646998
-124.290417798289	-2.1	4.15348971717825
-124.787194429336	-2.05	4.39336225019179
-125.645474115677	-2	4.81731218405587
-125.965787063875	-1.95	4.9787448567699
-125.996992220918	-1.9	4.9948956370569
-126.004060551724	-1.85	4.99865651408319
-126.006905256879	-1.8	5.00021291072036
-126.008559909903	-1.75	5.00114433005305
-126.009824590947	-1.7	5.00187725476074
-126.011001452593	-1.65	5.00257991853745
-126.012251275367	-1.6	5.00334931729941
-126.013699913373	-1.55	5.00426960609285
-126.01548722254	-1.5	5.00544247359024
-126.017809387958	-1.45	5.00701824424406
-126.020982913399	-1.4	5.00924770679355
-126.025573235168	-1.35	5.01259052672797
-126.032696654461	-1.3	5.01797540125908
-126.044834572478	-1.25	5.02751471715266
-126.068412952098	-1.2	5.04681307798121
-126.123603345474	-1.15	5.0939472236573
-126.282893896972	-1.1	5.2361381360455
-126.656240473712	-1.05	5.58408186181934
-126.936557459027	-1	5.85657862319544
-127.031723414875	-0.95	5.95375037533906
-127.061450941081	-0.899999999999999	5.98571846834662
-127.069859011869	-0.85	5.9952768029955
-127.072732491279	-0.8	5.99874510280037
-127.074058562128	-0.75	6.00045112287752
-127.074870730472	-0.7	6.00156951362566
-127.075503013151	-0.649999999999999	6.00250580888671
-127.07609284292	-0.6	6.00345005174154
-127.076715454238	-0.55	6.0045343312953
-127.077429740431	-0.5	6.005897747855
-127.078301249723	-0.45	6.00773784292898
-127.079423771821	-0.399999999999999	6.01038938247109
-127.080955007272	-0.35	6.01449427114569
-127.083196032975	-0.3	6.02144071895318
-127.086803383643	-0.25	6.03470083389805
-127.093454858303	-0.199999999999999	6.06476574145359
-127.108121865058	-0.149999999999999	6.150910394501
-127.140713862366	-0.0999999999999996	6.42043568573333
-127.168213434074	-0.0499999999999998	6.77716951238019
-127.172374575856	0	6.91600411658315
-127.171463943276	0.0500000000000007	6.95983240699271
-127.170216872984	0.100000000000001	6.97722999649215
-127.169187475611	0.15	6.98564450116028
-127.168379005154	0.2	6.99032291423646
-127.167736415001	0.25	6.9932023130466
-127.167211918294	0.300000000000001	6.99512031108152
-127.166770040528	0.350000000000001	6.99648532783321
-127.166384425627	0.4	6.99751650624427
-127.166034433152	0.45	6.99834158335289
-127.165702457746	0.5	6.99904130528003
-127.165371734705	0.550000000000001	6.99967162067022
-127.165024236298	0.600000000000001	7.00027601080265
-127.164638197533	0.65	7.00089345560363
-127.164184640075	0.7	7.00156491961067
-127.163621826695	0.75	7.00234044408284
-127.162885612281	0.800000000000001	7.00328923047359
-127.161871420901	0.850000000000001	7.0045167904163
-127.160398197672	0.9	7.00619773657413
-127.158130543371	0.95	7.00864477853922
-127.154394335949	1	7.01246889930094
-127.147687079864	1.05	7.01899716302805
-127.134172968109	1.1	7.0315337989789
-127.102127569181	1.15	7.05992425480779
-127.007456954303	1.2	7.14017623665429
-126.699249942473	1.25	7.39091553918772
-126.239960361973	1.3	7.75158935785879
-126.038848579323	1.35	7.90392827573942
-125.97178684188	1.4	7.95284987043574
-125.944005787633	1.45	7.97239045446386
-125.929970481667	1.5	7.98192288370115
-125.921824664005	1.55	7.98727196768621
-125.916609977965	1.6	7.9905866948684
-125.913019422241	1.65	7.99279837308569
-125.910399975728	1.7	7.99436346022435
-125.908390446583	1.75	7.99552916181649
-125.906770116666	1.8	7.99644248736201
-125.905385394687	1.85	7.99720149860525
-125.90410407352	1.9	7.9978849514708
-125.902767524996	1.95	7.99857912302796
-125.901095268671	2	7.99942528413701
-125.898382257386	2.05	8.00076338605533
-125.892107071501	2.1	8.00378155634763
-125.86715915421	2.15	8.01548498650233
-125.613812964508	2.2	8.1314380645421
-124.657740313693	2.25	8.56108263184963
-124.053581186167	2.3	8.82709064303879
-123.834569864843	2.35	8.92146576099382
-123.7505169296	2.4	8.956909874709
-123.71135628978	2.45	8.97307771331325
-123.690092531899	2.5	8.98167728967178
-123.677204421493	2.55	8.98678547333373
-123.668733395546	2.6	8.99007733797772
-123.662803916144	2.65	8.99233743102251
-123.65842959503	2.7	8.993973449079
-123.655041920442	2.75	8.99521710521399
-123.652279234747	2.8	8.99621295556832
-123.64987642388	2.85	8.9970636558109
-123.647587039528	2.9	8.99785997231164
-123.645086525452	2.95	8.9987146586857
-123.641753343042	3	8.99983445056538
-123.635924484383	3.05	9.00175952744526
-123.621213937414	3.1	9.00653638612235
-123.554207701344	3.15	9.02792827804571
-122.831645514626	3.2	9.25485480840812
-121.470430709741	3.25	9.67730684123847
-120.879208040755	3.3	9.85805027238195
-120.648131113695	3.35	9.92762560591898
-120.547214172575	3.4	9.95755476941463
-120.496199017882	3.45	9.97246103074542
-120.467198116744	3.5	9.98081187942275
-120.449191470193	3.55	9.98592287370315
-120.437238762996	3.6	9.98926782299373
-120.428883618877	3.65	9.9915736136714
-120.422799210202	3.7	9.99322982096513
-120.418219403077	3.75	9.99445968766091
-120.414677049492	3.8	9.99539832622784
-120.411874155319	3.85	9.99613129793247
-120.409613278633	3.9	9.99671488726816
-120.407759310882	3.95	9.99718733775461
-120.406217193545	4	9.99757536908749
-120.404918413397	4.05	9.99789810693881
-120.40381253517	4.1	9.99816953468188
-120.40286173232	4.15	9.99840006927071
-120.402037157922	4.2	9.99859760174687
-120.401316486919	4.25	9.99876819879071
-120.400682207528	4.3	9.99891658791314
-120.400120416133	4.35	9.99904649813191
-120.399619954361	4.4	9.99916090293241
-120.399171773648	4.45	9.99926219806964
-120.398768472341	4.5	9.99935233086401
-120.398403941748	4.55	9.99943289827025
-120.398073103437	4.6	9.99950521963215
-120.397771702935	4.65	9.99957039330671
-120.397496153934	4.7	9.99962933945288
-120.397243413752	4.75	9.99968283393891
-120.397010885786	4.8	9.99973153481906
-120.396796343009	4.85	9.99977600307932
-120.396597865103	4.9	9.99981671951592
-120.396413788407	4.95	9.99985409815912
