-124.234937010377	-5	3.99338721657521
-124.235185478384	-4.95	3.99343716176189
-124.2354427851	-4.9	3.99348940878833
-124.235709418418	-4.85	3.99354410496241
-124.235985903952	-4.8	3.99360140998913
-124.236272806949	-4.75	3.99366149689341
-124.236570734267	-4.7	3.99372455300009
-124.236880341501	-4.65	3.99379078207034
-124.237202336338	-4.6	3.99386040573932
-124.237537483574	-4.55	3.99393366539329
-124.237886610386	-4.5	3.99401082420925
-124.238250614344	-4.45	3.99409216991612
-124.238630471395	-4.4	3.99417801771361
-124.239027240224	-4.35	3.99426871252252
-124.239442077215	-4.3	3.99436463381838
-124.239876243275	-4.25	3.9944661988476
-124.240331116722	-4.2	3.99457386746284
-124.240808208908	-4.15	3.99468814790911
-124.241309179165	-4.1	3.99480960279421
-124.241835851088	-4.05	3.9949388557529
-124.242390237106	-4	3.99507660058486
-124.242974561079	-3.95	3.99522361047221
-124.243591285103	-3.9	3.9953807488561
-124.24424314457	-3.85	3.99554898314416
-124.244933183424	-3.8	3.99572939936618
-124.24566480161	-3.75	3.99592322103248
-124.246441804321	-3.7	3.99613182973984
-124.247268465928	-3.65	3.99635679117522
-124.248149601178	-3.6	3.9965998849203
-124.24909065181	-3.55	3.99686314065176
-124.250097792937	-3.5	3.99714888252305
-124.251178051993	-3.45	3.99745978035196
-124.252339464078	-3.4	3.99779891517475
-124.253591253017	-3.35	3.99816985728812
-124.254944050342	-3.3	3.99857676156001
-124.256410172548	-3.25	3.99902448781563
-124.2580039563	-3.2	3.99951874854118
-124.259742182432	-3.15	4.00006629619595
-124.261644598493	-3.1	4.00067515705997
-124.263734588418	-3.05	4.00135493196115
-124.266040018695	-3	4.00211718023319
-124.26859433295	-2.95	4.00297591949643
-124.27143796372	-2.9	4.00394827665794
-124.274620188853	-2.85	4.00505535027229
-124.278201574676	-2.8	4.00632335703819
-124.2822572827	-2.75	4.00778519300153
-124.286881502833	-2.7	4.00948255170612
-124.292193567984	-2.65	4.01146886927798
-124.298346460817	-2.6	4.01381346204584
-124.305538799748	-2.55	4.01660741816153
-124.314032031281	-2.5	4.01997213626245
-124.324175407494	-2.45	4.02407187500782
-124.336442932838	-2.4	4.02913253690011
-124.351488740447	-2.35	4.03547019695684
-124.370231237149	-2.3	4.04353508536195
-124.393982027944	-2.25	4.05398010728189
-124.424643271494	-2.2	4.06776784840206
-124.465003525687	-2.15	4.08633520276833
-124.519152758771	-2.1	4.11183346861539
-124.592960797642	-2.05	4.14742783066828
-124.694282716863	-2	4.19749836590835
-124.831831280876	-1.95	4.26718977568799
-125.010698944197	-1.9	4.36015926038924
-125.223959936911	-1.85	4.4739351892538
-125.447818004216	-1.8	4.59659830507894
-125.651920683975	-1.75	4.7115502142032
-125.816783750588	-1.7	4.8070685580084
-125.938378094527	-1.65	4.8796057336741
-126.078431540174	-1.55	4.96680592966368
-126.116846648686	-1.5	4.99197466363903
-126.145417869616	-1.45	5.01133387048765
-126.169467045973	-1.4	5.02820709696042
-126.192579357307	-1.35	5.04501904569976
-126.217484794567	-1.3	5.06382508018844
-126.246733786564	-1.25	5.08678298561311
-126.283205954991	-1.2	5.11658494094832
-126.330479411474	-1.15	5.15686256507684
-126.392866823796	-1.1	5.2123844221735
-126.474439279425	-1.05	5.28835372356823
-126.575913154805	-1	5.38744393109467
-126.689907742911	-0.95	5.50441161171519
-126.800532310585	-0.899999999999999	5.62397489364786
-126.892548256995	-0.85	5.72903718414483
-127.040141796526	-0.7	5.91674274727132
-127.062719680921	-0.649999999999999	5.95013613207148
-127.111336963139	-0.45	6.03748041182196
-127.120542560932	-0.399999999999999	6.05917200692889
-127.130374162428	-0.35	6.08545745867184
-127.141488760173	-0.3	6.11978664327405
-127.154412301577	-0.25	6.16702180184102
-127.169290272488	-0.199999999999999	6.23356828086691
-127.185281555158	-0.149999999999999	6.32559951832462
-127.199870563262	-0.0999999999999996	6.44302269320849
-127.209545291093	-0.0499999999999998	6.57203749035865
-127.21257880408	0	6.68979112117939
-127.210408189816	0.0500000000000007	6.7813876785724
-127.20564935627	0.100000000000001	6.84617807183561
-127.200180229572	0.15	6.89049390508764
-127.194890929152	0.2	6.92098128461617
-127.190074568739	0.25	6.94251862456384
-127.185751886727	0.300000000000001	6.95830656844192
-127.181836542043	0.350000000000001	6.97039146009885
-127.178203156957	0.4	6.98010123237149
-127.174708948747	0.45	6.98833387279625
-127.171193894638	0.5	6.99573883746653
-127.167469000113	0.550000000000001	7.00283444483787
-127.163294290602	0.600000000000001	7.01009191908648
-127.158343039096	0.65	7.01800771310854
-127.15214354767	0.7	7.02718218712669
-127.143982025552	0.75	7.03842468600799
-127.132737306929	0.800000000000001	7.05291249209785
-127.116598587923	0.850000000000001	7.07244317485558
-127.092599064904	0.9	7.09982506038396
-127.055936497826	0.95	7.13939294074169
-126.999369076565	1	7.19731714923109
-126.91410816279	1.05	7.28038536486238
-126.795384369197	1.1	7.39072978470484
-126.652563328648	1.15	7.51765795390136
-126.50994540402	1.2	7.63909388379393
-126.389355763271	1.25	7.7376262671223
-126.297414902072	1.3	7.80981702391448
-126.230066955705	1.35	7.86070209387563
-126.180589093519	1.4	7.89672235197237
-124.98408325928	2.05	8.54113813717443
-124.56799631295	2.15	8.73961359223749
-124.315456526702	2.25	8.85467484533493
-124.172038400614	2.35	8.91715915982368
-124.122197943095	2.4	8.93815264891142
-124.079916719996	2.45	8.95559264166265
-124.040944235599	2.5	8.97134045727135
-123.953575564765	2.6	9.00557056867034
-123.890085473755	2.65	9.02974444947239
-123.795554261869	2.7	9.06506060670442
-123.64903064939	2.75	9.11879666269682
-123.430722133373	2.8	9.19742649128796
-123.138122626483	2.85	9.30096918834783
-122.122041783317	3	9.64857513074301
-121.860529183919	3.05	9.73505632177416
-121.660349645734	3.1	9.80018226365315
-121.511891743902	3.15	9.84770915778889
-121.402546867896	3.2	9.88216291013387
-121.321400839389	3.25	9.9073344391454
-121.260294292121	3.3	9.92599980906237
-121.213472262576	3.35	9.94008642031373
-121.176951685441	3.4	9.95091072762538
-121.147975615758	3.45	9.95937333839752
-121.124617810909	3.5	9.96609679935078
-121.105513871839	3.55	9.97151769019664
-121.089682331706	3.6	9.97594710225005
-121.076405936102	3.65	9.97961033122606
-121.06515234939	3.7	9.98267313498012
-121.055520628511	3.75	9.9852593073656
-121.047204547759	3.8	9.98746262177879
-121.039967180889	3.85	9.98935504929258
-121.033623001735	3.9	9.99099250531868
-121.02802507872	3.95	9.99241893172102
-121.023055851126	4	9.99366922067749
-121.01862033576	4.05	9.99477135283687
-121.014641107409	4.1	9.9957479687968
-121.011054525604	4.15	9.99661754308393
-121.007807873565	4.2	9.99739526924981
-121.004857170918	4.25	9.99809373306409
-121.00216547332	4.3	9.99872343238863
-120.999701557623	4.35	9.99929317783656
-120.997438878667	4.4	9.99981040842544
-120.995354741415	4.45	10.0002814407124
-120.993429643284	4.5	10.0007116659626
-120.991646744332	4.55	10.0011057081662
-120.989991436425	4.6	10.0014675517753
-120.988450993061	4.65	10.0018006450935
-120.98701428096	4.7	10.0021079849202
-120.985671524104	4.75	10.002392185612
-120.984414105028	4.8	10.0026555367245
-120.983234403459	4.85	10.002900049926
-120.982125657174	4.9	10.0031274989456
-120.981081848677	4.95	10.0033394522531
