-123.953112967787	-5	3.99963608320205
-123.953140748024	-4.95	3.99964166739974
-123.953169649077	-4.9	3.99964753588245
-123.95319973876	-4.85	3.9996537083938
-123.953231090622	-4.8	3.99966020648002
-123.953263784244	-4.75	3.99966705362733
-123.953297905941	-4.7	3.99967427549294
-123.953333549485	-4.65	3.99968190015284
-123.953370816854	-4.6	3.99968995836759
-123.953409819168	-4.55	3.99969848390543
-123.953450678031	-4.5	3.99970751397102
-123.953493526001	-4.45	3.99971708946462
-123.953538508728	-4.4	3.99972725563169
-123.953585785953	-4.35	3.99973806248993
-123.953635533641	-4.3	3.99974956554488
-123.953687945651	-4.25	3.99976182643493
-123.953743236535	-4.2	3.99977491388595
-123.953801643759	-4.15	3.99978890458293
-123.953863431364	-4.1	3.99980388444193
-123.953928893302	-4.05	3.99981994988435
-123.953998357813	-4	3.99983720944453
-123.954072192874	-3.95	3.99985578575224
-123.95415081141	-3.9	3.99987581757721
-123.954234679445	-3.85	3.99989746276742
-123.954324323877	-3.8	3.99992090128018
-123.95442034223	-3.75	3.99994633893568
-123.954523416243	-3.7	3.99997401245702
-123.954634324899	-3.65	4.00000419469682
-123.95475396397	-3.6	4.00003720202484
-123.954883366869	-3.55	4.00007340259804
-123.95502373183	-3.5	4.00011322700995
-123.955176455749	-3.45	4.00015718162754
-123.955343176729	-3.4	4.00020586544384
-123.955525824757	-3.35	4.00025999058738
-123.955726690965	-3.3	4.00032040996377
-123.955948512199	-3.25	4.00038815169091
-123.956194582419	-3.2	4.00046446452111
-123.956468898129	-3.15	4.00055087756606
-123.956776349422	-3.1	4.00064927940521
-123.957122978291	-3.05	4.00076202551409
-123.957516325934	-3	4.00089208400788
-123.957965913301	-2.95	4.0010432384504
-123.958483912638	-2.9	4.00122037334368
-123.959086101953	-2.85	4.00142988291827
-123.959793254708	-2.8	4.00168027028937
-123.960633198122	-2.75	4.00198304173258
-123.961643947318	-2.7	4.00235407816212
-123.962878606412	-2.65	4.00281579596399
-123.964413273617	-2.6	4.00340065919614
-123.966360276676	-2.55	4.00415710512098
-123.96889126301	-2.5	4.00515996405903
-123.972279513346	-2.45	4.00652970915027
-123.97698215031	-2.4	4.00847016631729
-123.983811421167	-2.35	4.01134775973914
-123.994323462577	-2.3	4.01587298985466
-124.011799231587	-2.25	4.02356268482387
-124.044066935572	-2.2	4.03808378059125
-124.112986340439	-2.15	4.06982266655932
-124.29041779967	-2.1	4.15348971783598
-124.787194431569	-2.05	4.3933622512813
-125.645473959384	-2	4.81731210590889
-125.965787072846	-1.95	4.9787448613699
-125.996992217574	-1.9	4.99489563529779
-126.004060551895	-1.85	4.9986565141755
-126.006905257111	-1.8	5.00021291084936
-126.008559911599	-1.75	5.00114433102182
-126.009824590702	-1.7	5.00187725461668
-126.011001452654	-1.65	5.00257991857468
-126.012251274572	-1.6	5.00334931680254
-126.013699912657	-1.55	5.00426960563081
-126.015487222865	-1.5	5.0054424738071
-126.017809388046	-1.45	5.00701824430489
-126.020982912446	-1.4	5.00924770611346
-126.025573235899	-1.35	5.01259052726935
-126.032696653716	-1.3	5.01797540068599
-126.044834572585	-1.25	5.02751471723811
-126.068412952623	-1.2	5.04681307841859
-126.123603346475	-1.15	5.09394722452688
-126.282893888695	-1.1	5.23613812852117
-126.656240488831	-1.05	5.58408187621836
-126.936557450844	-1	5.85657861501336
-127.031723401857	-0.95	5.95375036163629
-127.061450917862	-0.899999999999999	5.98571844254709
-127.069859005467	-0.85	5.99527679546446
-127.072732488141	-0.8	5.99874509887752
-127.074058562262	-0.75	6.00045112305618
-127.074870729852	-0.7	6.00156951273814
-127.07550301417	-0.649999999999999	6.00250581045465
-127.076092843694	-0.6	6.00345005303101
-127.076715454585	-0.55	6.00453433192341
-127.077429740781	-0.5	6.00589774855448
-127.078301249582	-0.45	6.00773784261493
-127.079423772082	-0.399999999999999	6.0103893831229
-127.080955007443	-0.35	6.01449427163277
-127.083196033124	-0.3	6.02144071945049
-127.086803383533	-0.25	6.03470083345739
-127.093454859282	-0.199999999999999	6.06476574634925
-127.108121866748	-0.149999999999999	6.15091040576689
-127.140713862446	-0.0999999999999996	6.42043568653402
-127.168213433607	-0.0499999999999998	6.77716950303828
-127.172374575856	0	6.91600411658315
-127.171463943336	0.0500000000000007	6.95983240579963
-127.170216872985	0.100000000000001	6.97722999647982
-127.169187475766	0.15	6.98564450013402
-127.168379005137	0.2	6.99032291432067
-127.167736415027	0.25	6.9932023129462
-127.167211918321	0.300000000000001	6.99512031099343
-127.16677004057	0.350000000000001	6.99648532771367
-127.166384425604	0.4	6.99751650630199
-127.166034433157	0.45	6.99834158334287
-127.165702457728	0.5	6.99904130531539
-127.165371734686	0.550000000000001	6.99967162070491
-127.165024236209	0.600000000000001	7.00027601094973
-127.164638197542	0.65	7.00089345559048
-127.164184640056	0.7	7.0015649196386
-127.163621826754	0.75	7.00234044400524
-127.162885612292	0.800000000000001	7.00328923046009
-127.161871421023	0.850000000000001	7.00451679027382
-127.160398197776	0.9	7.00619773645813
-127.158130543111	0.95	7.00864477881319
-127.154394336075	1	7.01246889917567
-127.147687080127	1.05	7.01899716277698
-127.134172969	1.1	7.03153379816844
-127.102127563772	1.15	7.05992425951163
-127.007456945015	1.2	7.14017624439463
-126.699249920393	1.25	7.39091555685132
-126.239960366696	1.3	7.75158935422547
-126.038848561953	1.35	7.9039282886068
-125.971786850162	1.4	7.95284986451942
-125.94400579051	1.45	7.97239045247927
-125.9299704838	1.5	7.98192288227845
-125.921824664984	1.55	7.98727196705373
-125.91660997779	1.6	7.990586694978
-125.913019422053	1.65	7.99279837319951
-125.910399975786	1.7	7.99436346019076
-125.908390447499	1.75	7.99552916129313
-125.906770116231	1.8	7.99644248760309
-125.905385395132	1.85	7.99720149836436
-125.904104073187	1.9	7.99788495164608
-125.902767526528	1.95	7.9985791222426
-125.901095268577	2	7.99942528418379
-125.898382259104	2.05	8.0007633852177
-125.892107071433	2.1	8.00378155637979
-125.867159159522	2.15	8.01548498403155
-125.6138128679	2.2	8.13143810845484
-124.657740316668	2.25	8.56108263052738
-124.053581186852	2.3	8.82709064274098
-123.834569876868	2.35	8.92146575587677
-123.750516936479	2.4	8.95690987184267
-123.711356290611	2.45	8.9730777129744
-123.690092532888	2.5	8.98167728927621
-123.677204420183	2.55	8.98678547384762
-123.668733394378	2.6	8.99007733842672
-123.662803915823	2.65	8.99233743114406
-123.658429594466	2.7	8.99397344928786
-123.655041920247	2.75	8.99521710528489
-123.652279234636	2.8	8.99621295560769
-123.649876423683	2.85	8.99706365588001
-123.647587040474	2.9	8.99785997198532
-123.645086525421	2.95	8.99871465869672
-123.641753342099	3	8.99983445087966
-123.635924484565	3.05	9.00175952738573
-123.621213918712	3.1	9.00653639215543
-123.554207701664	3.15	9.0279282779441
-122.83164531708	3.2	9.25485487014095
-121.470430684578	3.25	9.67730684898118
-120.879208038625	3.3	9.85805027302758
-120.648131111922	3.35	9.92762560644791
-120.547214174622	3.4	9.9575547688124
-120.496199015325	3.45	9.97246103148642
-120.467198116651	3.5	9.98081187944946
-120.449191470107	3.55	9.98592287372744
-120.437238763344	3.6	9.98926782289699
-120.428883618876	3.65	9.99157361367187
-120.422799210296	3.7	9.99322982093969
-120.418219403066	3.75	9.9944596876637
-120.414677049606	3.8	9.99539832619819
-120.411874155143	3.85	9.99613129797825
-120.409613278417	3.9	9.99671488732369
-120.407759311011	3.95	9.99718733772196
-120.406217193651	4	9.99757536906106
-120.404918413523	4.05	9.99789810690777
-120.403812535553	4.1	9.99816953458862
-120.402861732244	4.15	9.99840006928899
-120.402037157901	4.2	9.99859760175199
-120.40131648707	4.25	9.99876819875509
-120.400682207656	4.3	9.99891658788342
-120.400120416014	4.35	9.99904649815928
-120.399619954117	4.4	9.99916090298789
-120.39917177364	4.45	9.99926219807135
-120.398768472046	4.5	9.99935233092932
-120.398403941645	4.55	9.99943289829274
-120.398073103311	4.6	9.99950521965964
-120.397771702977	4.65	9.99957039329781
-120.397496153703	4.7	9.99962933950218
-120.397243413608	4.75	9.99968283396884
-120.397010885874	4.8	9.99973153480069
-120.396796342998	4.85	9.9997760030812
-120.396597865231	4.9	9.99981671948982
-120.396413788401	4.95	9.99985409816042
