TOTAL ENERGY: -100.086201763019	 lambda: -1
1RDM (lambda : -1): 
     1.99705390122713  -0.00212114564961117    0.0314861038382293 -4.77933170640965e-17  8.15812529866116e-18 -0.000312268303060501  -0.00083467175263442  3.12753763395569e-18 -2.24398736370544e-17    0.0698620006850919
 -0.00212114564961117      1.99845499661274    0.0226963843719942 -4.31016942378458e-17  1.24074728074277e-17 -0.000397389380685074 -0.000533083745636632    1.674665781509e-17  2.07877137261551e-17    0.0502945861485102
   0.0314861038382293    0.0226963843719942      1.66280673232463  3.22367527918428e-16 -7.28107668334992e-17   0.00478526465262019   0.00840443930377817 -1.68402173276285e-16  9.12577430672774e-16    -0.747375382509233
-4.77933170640965e-17 -4.31016942378458e-17  3.22367527918428e-16       1.8592262674814 -2.03046447174554e-16  4.06074487488584e-18 -2.91007859222857e-17     -0.13724874461548     0.491129006986627  1.28685676166094e-15
 8.15812529866116e-18  1.24074728074277e-17 -7.28107668334992e-17 -2.03046447174554e-16      1.85922626748139  4.35215873852904e-17  5.53060543904347e-19     -0.49112900698663     -0.13724874461548  -2.0542079907921e-16
-0.000312268303060501 -0.000397389380685074   0.00478526465262019  4.06074487488584e-18  4.35215873852904e-17      1.99451721307979   0.00254625933042432  1.64432136905539e-16   6.7432881017407e-18   0.00869046585560073
 -0.00083467175263442 -0.000533083745636632   0.00840443930377817 -2.91007859222857e-17  5.53060543904347e-19   0.00254625933042432      1.99785972143412 -2.36777830067672e-17   4.5018018776231e-17    0.0192853443457899
 3.12753763395569e-18    1.674665781509e-17 -1.68402173276285e-16     -0.13724874461548     -0.49112900698663  1.64432136905539e-16 -2.36777830067672e-17     0.144448685035552  2.12557817914291e-16  3.37069428763719e-17
-2.24398736370544e-17  2.07877137261551e-17  9.12577430672774e-16     0.491129006986627     -0.13724874461548   6.7432881017407e-18   4.5018018776231e-17  2.12557817914291e-16     0.144448685035551 -1.46233883829066e-17
   0.0698620006850919    0.0502945861485102    -0.747375382509233  1.28685676166094e-15  -2.0542079907921e-16   0.00869046585560073    0.0192853443457899  3.37069428763719e-17 -1.46233883829066e-17     0.341957530287757
POPULATION (lambda : -1): -1.58994920190999
TOTAL ENERGY: -100.35271625646	 lambda: -0.9
1RDM (lambda : -0.9): 
     1.99751489924656  -0.00180185991325135     0.027514964089465 -4.16211424861632e-17  7.36493698073688e-18  -0.00027862593416937 -0.000615681368934347  3.27796790471332e-18 -2.27185062390469e-17    0.0647849557545595
 -0.00180185991325135      1.99867518345796    0.0199743192199179 -3.82716825846856e-17  1.09238280317697e-17 -0.000374080146737382 -0.000381468365909825  1.51075626928497e-17  2.03384273647891e-17    0.0469618760909212
    0.027514964089465    0.0199743192199179        1.694605358382  3.03809479976126e-16  -6.9854024908282e-17   0.00461137546501925   0.00629054542663801 -1.59479453730013e-16  8.58843730296251e-16    -0.718144494853207
-4.16211424861632e-17 -3.82716825846856e-17  3.03809479976126e-16      1.87895272145683 -4.61480190620585e-16  6.41928147018063e-18 -2.50023733601794e-17    -0.127831210424242     0.457429432873953  1.24212009042264e-15
 7.36493698073688e-18  1.09238280317697e-17  -6.9854024908282e-17 -4.61480190620585e-16      1.87895272145683  3.19379112475411e-17    6.389282817655e-18    -0.457429432873953     -0.12783121042424 -2.04862480252724e-16
 -0.00027862593416937 -0.000374080146737382   0.00461137546501925  6.41928147018063e-18  3.19379112475411e-17      1.99438654604574   0.00250556116076831  1.36588549068075e-16  -1.2993438032159e-17   0.00863794833292903
-0.000615681368934347 -0.000381468365909825   0.00629054542663801 -2.50023733601794e-17    6.389282817655e-18   0.00250556116076831      1.99798742965333 -8.29049143446805e-19   5.3780394237153e-17    0.0155682475409735
 3.27796790471332e-18  1.51075626928497e-17 -1.59479453730013e-16    -0.127831210424242    -0.457429432873953  1.36588549068075e-16 -8.29049143446805e-19     0.124768251025355 -5.46001343761963e-16  3.21997655371522e-17
-2.27185062390469e-17  2.03384273647891e-17  8.58843730296251e-16     0.457429432873953     -0.12783121042424  -1.2993438032159e-17   5.3780394237153e-17 -5.46001343761963e-16     0.124768251025355 -1.46579788587648e-17
   0.0647849557545595    0.0469618760909212    -0.718144494853207  1.24212009042264e-15 -2.04862480252724e-16   0.00863794833292903    0.0155682475409735  3.21997655371522e-17 -1.46579788587648e-17     0.309388638250125
POPULATION (lambda : -0.9): -1.30900875253436
TOTAL ENERGY: -100.633769100409	 lambda: -0.8
1RDM (lambda : -0.8): 
     1.99795290401665  -0.00149573583545094    0.0234965437937581 -3.54029826771898e-17  6.53485686014967e-18 -0.000244131628794109 -0.000410649886369823  3.44942272673621e-18  -2.2974897164377e-17    0.0594076173433431
 -0.00149573583545094      1.99888812696685    0.0171882753043059  -3.3293703628913e-17  9.43868252299442e-18 -0.000349414109617169 -0.000238315711967533  1.34284815611606e-17  1.98405584298026e-17    0.0433863438314674
   0.0234965437937581    0.0171882753043059      1.72949018815263  2.80097728566381e-16 -6.57270052503037e-17   0.00440874262972537   0.00417799299169938   -1.490008675985e-16  7.99535541514204e-16    -0.682875271523993
-3.54029826771898e-17  -3.3293703628913e-17  2.80097728566381e-16      1.89858628222587 -2.44226112706414e-16  8.54213650713907e-18 -2.09646817435664e-17    -0.117459002238733     0.420313666972862  1.18788714933852e-15
 6.53485686014967e-18  9.43868252299442e-18 -6.57270052503037e-17 -2.44226112706414e-16      1.89858628222586  2.14455152699363e-17  1.12562735149716e-17     -0.42031366697287    -0.117459002238734  -2.0338130245357e-16
-0.000244131628794109 -0.000349414109617169   0.00440874262972537  8.54213650713907e-18  2.14455152699363e-17      1.99426564681391   0.00244104121976652  1.08437533569052e-16 -3.42334767078449e-17   0.00857403741568132
-0.000410649886369823 -0.000238315711967533   0.00417799299169938 -2.09646817435664e-17  1.12562735149716e-17   0.00244104121976652      1.99811364513584  2.24230623776844e-17  6.38728421999562e-17    0.0114689779238462
 3.44942272673621e-18  1.34284815611606e-17   -1.490008675985e-16    -0.117459002238733     -0.42031366697287  1.08437533569052e-16  2.24230623776844e-17     0.105171297391518    8.405483302384e-16  2.99650408656068e-17
 -2.2974897164377e-17  1.98405584298026e-17  7.99535541514204e-16     0.420313666972862    -0.117459002238734 -3.42334767078449e-17  6.38728421999562e-17    8.405483302384e-16     0.105171297391514 -1.46112912233372e-17
   0.0594076173433431    0.0433863438314674    -0.682875271523993  1.18788714933852e-15  -2.0338130245357e-16   0.00857403741568132    0.0114689779238462  2.99650408656068e-17 -1.46112912233372e-17     0.273774329679417
POPULATION (lambda : -0.8): -0.977816308142617
TOTAL ENERGY: -100.92739795223	 lambda: -0.7
1RDM (lambda : -0.7): 
     1.99836448125594   -0.0012051243592501     0.019466698830591 -2.91945284110902e-17  5.66757475315679e-18 -0.000208140997045899 -0.000226674889391512  3.63782711398583e-18 -2.32052866134075e-17    0.0536808230903861
  -0.0012051243592501      1.99909223670193    0.0143586362695508 -2.81991872732942e-17  7.96209323031721e-18 -0.000322819176594503 -0.000108784371356282  1.17082029379475e-17  1.92942276362571e-17    0.0395207388110346
    0.019466698830591    0.0143586362695508      1.76740840745672  2.50678739278534e-16 -6.02419089531469e-17   0.00416339447570311    0.0021546349848856 -1.36557075711517e-16  7.34353719331448e-16    -0.640125689086533
-2.91945284110902e-17 -2.81991872732942e-17  2.50678739278534e-16      1.91777658505155 -9.98988363173244e-16  1.02823191073427e-17  -1.7014953320185e-17    -0.106072470040821     0.379568256599301  1.12186341084232e-15
 5.66757475315679e-18  7.96209323031721e-18 -6.02419089531469e-17 -9.98988363173244e-16      1.91777658505154  1.23063160925314e-17  1.48849023072126e-17    -0.379568256599312     -0.10607247004082 -2.00602842683565e-16
-0.000208140997045899 -0.000322819176594503   0.00416339447570311  1.02823191073427e-17  1.23063160925314e-17      1.99415595347712   0.00235163675792253  8.03394433202282e-17 -5.67839838187615e-17    0.0084751464635152
-0.000226674889391512 -0.000108784371356282    0.0021546349848856  -1.7014953320185e-17  1.48849023072126e-17   0.00235163675792253      1.99822906274843  4.55030983872364e-17  7.50459586497574e-17   0.00703685327171887
 3.63782711398583e-18  1.17082029379475e-17 -1.36557075711517e-16    -0.106072470040821    -0.379568256599312  8.03394433202282e-17  4.55030983872364e-17    0.0860099838083632  3.11848363773433e-16  2.68879907241007e-17
-2.32052866134075e-17  1.92942276362571e-17  7.34353719331448e-16     0.379568256599301     -0.10607247004082 -5.67839838187615e-17  7.50459586497574e-17  3.11848363773433e-16    0.0860099838083583 -1.44661877922406e-17
   0.0536808230903861    0.0395207388110346    -0.640125689086533  1.12186341084232e-15 -2.00602842683565e-16    0.0084751464635152   0.00703685327171887  2.68879907241007e-17 -1.44661877922406e-17     0.235176720640057
POPULATION (lambda : -0.7): -0.585565605203443
TOTAL ENERGY: -101.229699810451	 lambda: -0.6
1RDM (lambda : -0.6): 
     1.99874537331227 -0.000933091834925355    0.0154814941639565 -2.30833895908812e-17  4.76730456476571e-18 -0.000169971006892368  -7.2457120160453e-05  3.83808782506841e-18  -2.3399279129658e-17    0.0475476742556937
-0.000933091834925355      1.99928532200553    0.0115210480813071 -2.30418493766883e-17   6.5065073419647e-18 -0.000293699190277729  5.57328460083265e-07  9.93917332617221e-18  1.86850278754916e-17    0.0353090256331797
   0.0154814941639565    0.0115210480813071      1.80799696709631   2.1538251641062e-16 -5.32922921588553e-17   0.00385820186797615  0.000344262299391721 -1.21711699337377e-16  6.62880200920884e-16    -0.588176465691123
-2.30833895908812e-17 -2.30418493766883e-17   2.1538251641062e-16      1.93609272423893 -6.96988205879929e-16  1.15825305966575e-17 -1.35171758235925e-17   -0.0936307151601453     0.335046854749034  1.04129080588779e-15
 4.76730456476571e-18   6.5065073419647e-18 -5.32922921588553e-17 -6.96988205879929e-16      1.93609272423893  4.69719634954689e-18  1.72219353686071e-17    -0.335046854749042   -0.0936307151601437 -1.96041698900951e-16
-0.000169971006892368 -0.000293699190277729   0.00385820186797615  1.15825305966575e-17  4.69719634954689e-18      1.99405882065623   0.00223646213515918  5.24993807282687e-17 -8.09909417422895e-17   0.00830124613395381
 -7.2457120160453e-05  5.57328460083265e-07  0.000344262299391721 -1.35171758235925e-17  1.72219353686071e-17   0.00223646213515918       1.9983225779538  6.82172662357213e-17  8.87548466311392e-17   0.00240474781494442
 3.83808782506841e-18  9.93917332617221e-18 -1.21711699337377e-16   -0.0936307151601453    -0.335046854749042  5.24993807282687e-17  6.82172662357213e-17      0.06771839894017  1.27884921228055e-16  2.29324933217099e-17
 -2.3399279129658e-17  1.86850278754916e-17  6.62880200920884e-16     0.335046854749034   -0.0936307151601437 -8.09909417422895e-17  8.87548466311392e-17  1.27884921228055e-16    0.0677183989401666 -1.40976877171472e-17
   0.0475476742556937    0.0353090256331797    -0.588176465691123  1.04129080588779e-15 -1.96041698900951e-16   0.00830124613395381   0.00240474781494442  2.29324933217099e-17 -1.40976877171472e-17     0.193968692617668
POPULATION (lambda : -0.6): -0.119449018864698
TOTAL ENERGY: -101.533874423454	 lambda: -0.5
1RDM (lambda : -0.5): 
     1.99909022931459 -0.000683690111040671     0.011625615364247 -1.71990274665455e-17  3.84333037937403e-18 -0.000129106686047675  4.23436704375321e-05  4.03958331472449e-18  -2.3553775019696e-17    0.0409465891778875
-0.000683690111040671      1.99946433945906   0.00873383874005359 -1.79160357370599e-17  5.09276009473857e-18 -0.000261629909917436   8.2097639070999e-05  8.11818854642681e-18  1.80203627619423e-17    0.0306885508058225
    0.011625615364247   0.00873383874005359      1.85038876060465  1.74635764136637e-16 -4.48561177665799e-17   0.00347522981133208  -0.00109587293410859  -1.0385114068811e-16   5.8512334142685e-16    -0.525086564941655
-1.71990274665455e-17 -1.79160357370599e-17  1.74635764136637e-16      1.95302667689303 -1.92388438798979e-16   1.2226607639486e-17 -1.04767203046207e-17   -0.0801218238531922     0.286706825894982  9.43045527281257e-16
 3.84333037937403e-18  5.09276009473857e-18 -4.48561177665799e-17 -1.92388438798979e-16      1.95302667689303 -1.14704781437421e-18  1.80165046569869e-17    -0.286706825894994   -0.0801218238531945 -1.89120798831538e-16
-0.000129106686047675 -0.000261629909917436   0.00347522981133208   1.2226607639486e-17 -1.14704781437421e-18      1.99397539377154   0.00209406704122348  2.53575902129343e-17   -1.063687135085e-16   0.00798858706753189
 4.23436704375321e-05   8.2097639070999e-05  -0.00109587293410859 -1.04767203046207e-17  1.80165046569869e-17   0.00209406704122348      1.99838315267956  8.96039715971953e-17  1.04492843569064e-16   -0.0021577522366145
 4.03958331472449e-18  8.11818854642681e-18  -1.0385114068811e-16   -0.0801218238531922    -0.286706825894994  2.53575902129343e-17  8.96039715971953e-17    0.0508092931479146  8.91176590036637e-16  1.81357341861075e-17
 -2.3553775019696e-17  1.80203627619423e-17   5.8512334142685e-16     0.286706825894982   -0.0801218238531945   -1.063687135085e-16  1.04492843569064e-16  8.91176590036637e-16    0.0508092931479108 -1.34640835528993e-17
   0.0409465891778875    0.0306885508058225    -0.525086564941655  9.43045527281257e-16 -1.89120798831538e-16   0.00798858706753189   -0.0021577522366145  1.81357341861075e-17 -1.34640835528993e-17     0.151026184088773
POPULATION (lambda : -0.5): 0.435050265619891
TOTAL ENERGY: -101.829061058353	 lambda: -0.4
1RDM (lambda : -0.4): 
     1.99939233024569 -0.000462251962289793   0.00802178576280835 -1.17300170783167e-17  2.91458577027451e-18 -8.55882265681442e-05   0.00010900485459771  4.22899571346044e-18 -2.36638568536627e-17    0.0338192125954861
-0.000462251962289793      1.99962510482574   0.00608687238779913 -1.29663906172831e-17  3.74972816786469e-18 -0.000226734946322063  0.000128516178753575  6.24135097953278e-18  1.73067767028049e-17    0.0255967531193965
  0.00802178576280835   0.00608687238779913      1.89296853498068  1.29945860399462e-16 -3.51260956873152e-17   0.00300139945697601  -0.00199734783479797 -8.22673216715048e-17  5.01286291655651e-16    -0.448873720398485
-1.17300170783167e-17 -1.29663906172831e-17  1.29945860399462e-16      1.96800851836202 -1.95817457633432e-16  1.20354173644836e-17 -7.97235592208277e-18   -0.0655744961918368     0.234650870055791  8.23889650628147e-16
 2.91458577027451e-18  3.74972816786469e-18 -3.51260956873152e-17 -1.95817457633432e-16      1.96800851836202 -5.06495426378695e-18  1.71193069860336e-17    -0.234650870055797   -0.0655744961918368 -1.79203864342335e-16
-8.55882265681442e-05 -0.000226734946322063   0.00300139945697601  1.20354173644836e-17 -5.06495426378695e-18      1.99390616364441   0.00192121442850123 -6.63558103397208e-19 -1.32510646415988e-16   0.00744118641109524
  0.00010900485459771  0.000128516178753575  -0.00199734783479797 -7.97235592208277e-18  1.71193069860336e-17   0.00192121442850123      1.99840271302713   1.0830559482816e-16  1.21931262747693e-16   -0.0061780538228541
 4.22899571346044e-18  6.24135097953278e-18 -8.22673216715048e-17   -0.0655744961918368    -0.234650870055797 -6.63558103397208e-19   1.0830559482816e-16    0.0358589982445902  2.02389945151019e-16  1.27207741796554e-17
-2.36638568536627e-17  1.73067767028049e-17  5.01286291655651e-16     0.234650870055791   -0.0655744961918368 -1.32510646415988e-16  1.21931262747693e-16  2.02389945151019e-16    0.0358589982445888 -1.24581566177811e-17
   0.0338192125954861    0.0255967531193965    -0.448873720398485  8.23889650628147e-16 -1.79203864342335e-16   0.00744118641109524   -0.0061780538228541  1.27207741796554e-17 -1.24581566177811e-17     0.107970120063131
POPULATION (lambda : -0.4): 1.09307311318722
TOTAL ENERGY: -102.099253223708	 lambda: -0.3
1RDM (lambda : -0.3): 
     1.99964344021196 -0.000275596926211495    0.0048380737319619 -6.93613398148909e-18  2.01321663745377e-18 -4.06427044424421e-05  0.000123655120110098  4.39649946999163e-18 -2.37205742112425e-17    0.0261258331777453
-0.000275596926211495      1.99976206884455   0.00370938242972333 -8.40113519520261e-18  2.51582141109798e-18 -0.000190298265915301  0.000135757826474133  4.29834360454898e-18  1.65468244910441e-17     0.019985263186265
   0.0048380737319619   0.00370938242972333      1.93313500134776  8.43495894975832e-17 -2.46393184804482e-17   0.00243917690495341  -0.00223919853820195 -5.64296467725523e-17  4.11658768484294e-16    -0.357897663963513
-6.93613398148909e-18 -8.40113519520261e-18  8.43495894975832e-17      1.98043754146997 -1.48254075758874e-16  1.08566119656147e-17 -6.11255823006817e-18   -0.0500691798497965     0.179166860119304   6.8106283004499e-16
 2.01321663745377e-18  2.51582141109798e-18 -2.46393184804482e-17 -1.48254075758874e-16      1.98043754146997 -7.01259597350441e-18  1.46924531229094e-17    -0.179166860119308   -0.0500691798497959 -1.65708220331027e-16
-4.06427044424421e-05 -0.000190298265915301   0.00243917690495341  1.08566119656147e-17 -7.01259597350441e-18      1.99384990638397   0.00171149793586181 -2.55097327309024e-17  -1.5924055913343e-16   0.00652267752113482
 0.000123655120110098  0.000135757826474133  -0.00223919853820195 -6.11255823006817e-18  1.46924531229094e-17   0.00171149793586181      1.99837815619361   1.2388910311534e-16  1.42199375618408e-16  -0.00892224966811667
 4.39649946999163e-18  4.29834360454898e-18 -5.64296467725523e-17   -0.0500691798497965    -0.179166860119308 -2.55097327309024e-17   1.2388910311534e-16    0.0234765756043146  1.40235533702985e-17  7.22057653608823e-18
-2.37205742112425e-17  1.65468244910441e-17  4.11658768484294e-16     0.179166860119304   -0.0500691798497959  -1.5924055913343e-16  1.42199375618408e-16  1.40235533702985e-17     0.023476575604314 -1.08821036053419e-17
   0.0261258331777453     0.019985263186265    -0.357897663963513   6.8106283004499e-16 -1.65708220331027e-16   0.00652267752113482  -0.00892224966811667  7.22057653608823e-18 -1.08821036053419e-17    0.0674031928696036
POPULATION (lambda : -0.3): 1.86795817363768
TOTAL ENERGY: -102.322982150374	 lambda: -0.2
1RDM (lambda : -0.2): 
     1.99983403801866 -0.000131908089578043   0.00228655203602171 -3.14680481313686e-18  1.18432106801651e-18  2.41269430492381e-06  9.34978224251332e-05  4.53717000924514e-18 -2.37175857032665e-17    0.0178696231422005
-0.000131908089578043      1.99986837504962   0.00177107588400107 -4.49655401423354e-18  1.44177641703851e-18 -0.000155602471504571  0.000107981709544504  2.28730201326352e-18  1.57574400756881e-17    0.0138431642161501
  0.00228655203602171   0.00177107588400107      1.96721034340672  4.26300740461332e-17  -1.4302639978917e-17   0.00182345509589453  -0.00185401631844486 -2.59999771204223e-17  3.16961264443378e-16    -0.251497300955955
-3.14680481313686e-18 -4.49655401423354e-18  4.26300740461332e-17      1.98973111280598  -1.6478939792727e-16   8.4964118756581e-18 -4.56578842763094e-18   -0.0337448026911456     0.120751935036527  5.13278438942476e-16
 1.18432106801651e-18  1.44177641703851e-18  -1.4302639978917e-17  -1.6478939792727e-16      1.98973111280598 -6.97804467588049e-18  1.08944951739341e-17    -0.120751935036532   -0.0337448026911445 -1.48308080502748e-16
 2.41269430492381e-06 -0.000155602471504571   0.00182345509589453   8.4964118756581e-18 -6.97804467588049e-18      1.99380177840957   0.00145476423993602 -4.91556440564239e-17 -1.85971408088357e-16   0.00505256423863439
 9.34978224251332e-05  0.000107981709544504  -0.00185401631844486 -4.56578842763094e-18  1.08944951739341e-17   0.00145476423993602      1.99830727861931  1.35580440946788e-16  1.65376933431317e-16  -0.00939751019507561
 4.53717000924514e-18  2.28730201326352e-18 -2.59999771204223e-17   -0.0337448026911456    -0.120751935036532 -4.91556440564239e-17  1.35580440946788e-16    0.0142556004676952  2.65186379396704e-17  2.47107938780769e-18
-2.37175857032665e-17  1.57574400756881e-17  3.16961264443378e-16     0.120751935036527   -0.0337448026911445 -1.85971408088357e-16  1.65376933431317e-16  2.65186379396704e-17    0.0142556004676944 -8.53530781577148e-18
   0.0178696231422005    0.0138431642161501    -0.251497300955955  5.13278438942476e-16 -1.48308080502748e-16   0.00505256423863439  -0.00939751019507561  2.47107938780769e-18 -8.53530781577148e-18    0.0330047599487488
POPULATION (lambda : -0.2): 2.76703052638037
TOTAL ENERGY: -102.474875829116	 lambda: -0.1
1RDM (lambda : -0.1): 
     1.99995426664907 -3.99420967823078e-05  0.000603920060058216 -7.33661084123926e-19  4.82060915366087e-19  3.71009091520518e-05  4.37780040689515e-05  4.66021613712291e-18 -2.36471294411181e-17   0.00912593192918559
-3.99420967823078e-05      1.99993651842244  0.000467696443765028 -1.57402622690488e-18  5.85771800687482e-19 -0.000128809347238114  6.33155317222951e-05  2.18342728865598e-19  1.49628953523735e-17   0.00722619169865355
 0.000603920060058216  0.000467696443765028      1.99072499778992  1.10432788759201e-17 -5.36326883150336e-18   0.00124310393698157  -0.00116021771973417  8.83001195215253e-18  2.18185322915934e-16    -0.130807162079751
-7.33661084123926e-19 -1.57402622690488e-18  1.10432788759201e-17       1.9953865435261 -7.57201001148505e-17  4.76466183641921e-18 -2.50102371499327e-18   -0.0167951426533455    0.0600995061310407  3.22020611447528e-16
 4.82060915366087e-19  5.85771800687482e-19 -5.36326883150336e-18 -7.57201001148505e-17       1.9953865435261  -5.0037588121292e-18  5.96863742311615e-18   -0.0600995061310476   -0.0167951426533448 -1.27197899412933e-16
 3.71009091520518e-05 -0.000128809347238114   0.00124310393698157  4.76466183641921e-18  -5.0037588121292e-18       1.9937507080405   0.00113888565229974 -7.17792072585742e-17 -2.12032030964888e-16   0.00281533450891556
 4.37780040689515e-05  6.33155317222951e-05  -0.00116021771973417 -2.50102371499327e-18  5.96863742311615e-18   0.00113888565229974      1.99817129578666  1.42858989773435e-16  1.91291420661268e-16  -0.00649723712721825
 4.66021613712291e-18  2.18342728865598e-19  8.83001195215253e-18   -0.0167951426533455   -0.0600995061310476 -7.17792072585742e-17  1.42858989773435e-16   0.00871350176817256  3.78189881956318e-17 -4.36880006003589e-19
-2.36471294411181e-17  1.49628953523735e-17  2.18185322915934e-16    0.0600995061310407   -0.0167951426533448 -2.12032030964888e-16  1.91291420661268e-16  3.78189881956318e-17   0.00871350176817194 -5.19043468994573e-18
  0.00912593192918559   0.00722619169865355    -0.130807162079751  3.22020611447528e-16 -1.27197899412933e-16   0.00281533450891556  -0.00649723712721825 -4.36880006003589e-19 -5.19043468994573e-18   0.00926212272285664
POPULATION (lambda : -0.1): 3.78591004785731
TOTAL ENERGY: -102.530061641476	 lambda: 0
1RDM (lambda : 0): 
     1.99999579182089 -7.35695635667341e-06  7.40891397500314e-06 -4.37441942140971e-20 -4.24557535974365e-20   5.2970284886747e-05  2.07460011829357e-05  4.79540630102868e-18 -2.34985530597018e-17  6.37958654762687e-05
-7.35695635667341e-06      1.99995981863419 -1.59556970938417e-05  5.79779690620728e-20  2.56584730261131e-21 -0.000119408491897927   3.6538142560481e-05 -1.88074847020912e-18  1.41918892933941e-17  0.000279157272994795
 7.40891397500314e-06 -1.59556970938417e-05      1.99927666343001 -3.88322576934969e-18  8.34923866480784e-19  0.000858848764474568 -0.000835627113259017  4.70407776997543e-17  1.16416372542922e-16  0.000565483816343148
-4.37441942140971e-20  5.79779690620728e-20 -3.88322576934969e-18       1.9970399959926 -4.62728396736291e-19 -5.29797751281581e-19  1.49665700272277e-18  0.000550697826004916   -0.0019706094406294  1.12669082419555e-16
-4.24557535974365e-20  2.56584730261131e-21  8.34923866480784e-19 -4.62728396736291e-19       1.9970399959926  -1.1548880809562e-18  1.78552608332549e-19   0.00197060944062609   0.00055069782600568 -1.03316022155455e-16
  5.2970284886747e-05 -0.000119408491897927  0.000858848764474568 -5.29797751281581e-19  -1.1548880809562e-18      1.99367689508023  0.000754767651492598   -9.374347439533e-17 -2.36741529906092e-16 -0.000404007909246436
 2.07460011829357e-05   3.6538142560481e-05 -0.000835627113259017  1.49665700272277e-18  1.78552608332549e-19  0.000754767651492598      1.99790325898057  1.45929865080825e-16  2.19974581016339e-16  0.000655413061351434
 4.79540630102868e-18 -1.88074847020912e-18  4.70407776997543e-17  0.000550697826004916   0.00197060944062609   -9.374347439533e-17  1.45929865080825e-16   0.00723447515312337  1.05054890348308e-17 -4.13952583674012e-19
-2.34985530597018e-17  1.41918892933941e-17  1.16416372542922e-16   -0.0019706094406294   0.00055069782600568 -2.36741529906092e-16  2.19974581016339e-16  1.05054890348308e-17   0.00723447515312316   -6.463424185132e-19
 6.37958654762687e-05  0.000279157272994795  0.000565483816343148  1.12669082419555e-16 -1.03316022155455e-16 -0.000404007909246436  0.000655413061351434 -4.13952583674012e-19   -6.463424185132e-19  0.000638629762652728
POPULATION (lambda : 0): 4.90326025264464
TOTAL ENERGY: -102.470959623013	 lambda: 0.1
1RDM (lambda : 0.1): 
     1.99995420724249 -3.84810522429451e-05  0.000632935508202015 -1.30305855289037e-18 -3.59129446936011e-19  3.59462388463868e-05  8.43035857885291e-05  4.99100225483222e-18 -2.32588231120926e-17  -0.00906013613770265
-3.84810522429451e-05      1.99993441518849  0.000439840094405556   1.9041734399079e-19 -2.72366348281314e-19 -0.000139484375541523  7.33638358156865e-05 -3.96191873745105e-18   1.3475338630942e-17  -0.00676870656027868
 0.000632935508202015  0.000439840094405556      1.98986904576275  2.60296747958611e-18  3.28184519531784e-18  0.000898602699541174  -0.00180644054533079  8.68200848217946e-17  1.27011238482586e-17      0.13653763983399
-1.30305855289037e-18   1.9041734399079e-19  2.60296747958611e-18      1.99449690492264   8.3430886108211e-17 -7.57571730398796e-18  9.26247795033409e-18    0.0180626843619347   -0.0646352597218101 -1.05393347113872e-16
-3.59129446936011e-19 -2.72366348281314e-19  3.28184519531784e-18   8.3430886108211e-17      1.99449690492264  4.51692669129876e-18 -6.29090573956271e-18    0.0646352597218062    0.0180626843619362 -7.83372559554651e-17
 3.59462388463868e-05 -0.000139484375541523  0.000898602699541174 -7.57571730398796e-18  4.51692669129876e-18      1.99355096334447   0.00030200379034605 -1.15429425980699e-16 -2.59437552700661e-16   -0.0047478782793982
 8.43035857885291e-05  7.33638358156865e-05  -0.00180644054533079  9.26247795033409e-18 -6.29090573956271e-18   0.00030200379034605      1.99736198709226   1.4491845200067e-16  2.50997983142186e-16    0.0122531260202479
 4.99100225483222e-18 -3.96191873745105e-18  8.68200848217946e-17    0.0180626843619347    0.0646352597218062 -1.15429425980699e-16   1.4491845200067e-16    0.0100415218378394  3.35941011076596e-17  3.20433586296867e-18
-2.32588231120926e-17   1.3475338630942e-17  1.27011238482586e-17   -0.0646352597218101    0.0180626843619362 -2.59437552700661e-16  2.50997983142186e-16  3.35941011076596e-17    0.0100415218378396  5.17475067867738e-18
 -0.00906013613770265  -0.00676870656027868      0.13653763983399 -1.05393347113872e-16 -7.83372559554651e-17   -0.0047478782793982    0.0122531260202479  3.20433586296867e-18  5.17475067867738e-18    0.0102525278486007
POPULATION (lambda : 0.1): 6.07957173159159
TOTAL ENERGY: -102.293598513639	 lambda: 0.2
1RDM (lambda : 0.2): 
     1.99983088624688 -0.000132583286146115    0.0024826510178755 -4.53133708807174e-18 -4.74030503039123e-19 -2.91063921682749e-05  0.000289131595875739  5.30413050994726e-18 -2.29116127385344e-17   -0.0179476014818992
-0.000132583286146115      1.99986079668926   0.00184301648219345  -1.2095099364816e-18 -2.35750540758767e-19 -0.000201232123252924  0.000215203512675943 -5.97143647479382e-18  1.28358537808595e-17   -0.0136479820294687
   0.0024826510178755   0.00184301648219345      1.96214410421516  3.14510092831467e-17  1.70696931991236e-18   0.00160860932381694  -0.00491384363074656  1.25890941740055e-16 -9.21035576745714e-17     0.269612291638773
-4.53133708807174e-18  -1.2095099364816e-18  3.14510092831467e-17      1.98771468819997   9.4786413946958e-17 -1.65377938130766e-17  2.25668018694917e-17    0.0355459787236552    -0.127197238199189 -3.20345691172046e-16
-4.74030503039123e-19 -2.35750540758767e-19  1.70696931991236e-18   9.4786413946958e-17      1.98771468819997  1.20154279554612e-17  -1.3321474725195e-17     0.127197238199189    0.0355459787236567 -5.43110660210405e-17
-2.91063921682749e-05 -0.000201232123252924   0.00160860932381694 -1.65377938130766e-17  1.20154279554612e-17      1.99333635958324 -0.000212435708929065 -1.37366080774505e-16 -2.79867518607194e-16   -0.0101943093867319
 0.000289131595875739  0.000215203512675943  -0.00491384363074656  2.25668018694917e-17  -1.3321474725195e-17 -0.000212435708929065      1.99634566400892  1.40160256082822e-16  2.84738170115829e-16    0.0275213196386973
 5.30413050994726e-18 -5.97143647479382e-18  1.25890941740055e-16    0.0355459787236552     0.127197238199189 -1.37366080774505e-16  1.40160256082822e-16    0.0172172044553445  1.08141742157953e-16  1.02853792361026e-17
-2.29116127385344e-17  1.28358537808595e-17 -9.21035576745714e-17    -0.127197238199189    0.0355459787236567 -2.79867518607194e-16  2.84738170115829e-16  1.08141742157953e-16    0.0172172044553446  1.21551490393486e-17
  -0.0179476014818992   -0.0136479820294687     0.269612291638773 -3.20345691172046e-16 -5.43110660210405e-17   -0.0101943093867319    0.0275213196386973  1.02853792361026e-17  1.21551490393486e-17     0.038618403945929
POPULATION (lambda : 0.2): 7.26308958180066
TOTAL ENERGY: -102.009463423324	 lambda: 0.3
1RDM (lambda : 0.3): 
     1.99963304734496 -0.000283820672528095   0.00541543743034856 -9.52393892158162e-18 -4.28244586414482e-19 -0.000153756452473181  0.000663925368205734  5.76305044069181e-18 -2.24710431771143e-17   -0.0263310741203586
-0.000283820672528095      1.99974379218631   0.00408115536752084 -3.97469541296007e-18  7.66773010991067e-20 -0.000313262583536408  0.000482352200108429 -7.84354297347811e-18  1.23231070182033e-17   -0.0201182950566964
  0.00541543743034856   0.00408115536752084       1.9187060699553  7.90611081959539e-17 -3.27711045663521e-18   0.00316424234515197   -0.0105344424280092  1.62135446937907e-16 -1.97291951271715e-16     0.392735632588585
-9.52393892158162e-18 -3.97469541296007e-18  7.90611081959539e-17       1.9767470906746 -1.49053474477622e-16 -2.71677769506103e-17  4.17358707099071e-17    0.0528586206664311    -0.189148555729226 -5.20809195356712e-16
-4.28244586414482e-19  7.66773010991067e-20 -3.27711045663521e-18 -1.49053474477622e-16       1.9767470906746   2.1072216813363e-17 -1.98699110631683e-17     0.189148555729228    0.0528586206664304 -3.30642729760238e-17
-0.000153756452473181 -0.000313262583536408   0.00316424234515197 -2.71677769506103e-17   2.1072216813363e-17      1.99299466472637 -0.000789531710472443 -1.58269148696447e-16 -2.95232207731684e-16   -0.0165034957863986
 0.000663925368205734  0.000482352200108429   -0.0105344424280092  4.17358707099071e-17 -1.98699110631683e-17 -0.000789531710472443      1.99465117695011  1.26475213954138e-16  3.13390583152299e-16    0.0448834990531844
 5.76305044069181e-18 -7.84354297347811e-18  1.62135446937907e-16    0.0528586206664311     0.189148555729228 -1.58269148696447e-16  1.26475213954138e-16    0.0287643169314051   9.7006583154639e-18  1.96801549076028e-17
-2.24710431771143e-17  1.23231070182033e-17 -1.97291951271715e-16    -0.189148555729226    0.0528586206664304 -2.95232207731684e-16  3.13390583152299e-16   9.7006583154639e-18    0.0287643169314045  1.97570451920362e-17
  -0.0263310741203586   -0.0201182950566964     0.392735632588585 -5.20809195356712e-16 -3.30642729760238e-17   -0.0165034957863986    0.0448834990531844  1.96801549076028e-17  1.97570451920362e-17    0.0832484336249553
POPULATION (lambda : 0.3): 8.40188744152409
TOTAL ENERGY: -101.641294539458	 lambda: 0.4
1RDM (lambda : 0.4): 
     1.99937180791521 -0.000483024115524716   0.00919022702835702 -1.59048457085572e-17 -2.94113933750735e-19 -0.000341630806015194   0.00120287279893621  6.41582821655663e-18 -2.18836080635206e-17   -0.0340352191855434
-0.000483024115524716      1.99959093855191   0.00695931410145079 -7.81219622933104e-18  6.23109973090831e-19 -0.000477689150081246   0.00086719818506875 -9.60049805393877e-18  1.18767455447814e-17   -0.0260249055532824
  0.00919022702835702   0.00695931410145079      1.86423973251128  1.38497834952759e-16 -1.04780132690992e-17   0.00558956066703309   -0.0184314460888138  1.93949752083575e-16 -3.02502634630822e-16     0.501003708953509
-1.59048457085572e-17 -7.81219622933104e-18  1.38497834952759e-16      1.96168856903307  6.28106623857158e-16 -3.97466732765381e-17  6.87515105981281e-17    0.0699006580992769    -0.250131545532206 -6.98592522055037e-16
-2.94113933750735e-19  6.23109973090831e-19 -1.04780132690992e-17  6.28106623857158e-16      1.96168856903307  3.22741166666663e-17 -2.76888674723606e-17     0.250131545532206    0.0699006580992814 -1.57053048196514e-17
-0.000341630806015194 -0.000477689150081246   0.00558956066703309 -3.97466732765381e-17  3.22741166666663e-17      1.99248979881796  -0.00146335867467739  -1.8141896025395e-16 -3.10322636453587e-16   -0.0232602657274677
  0.00120287279893621   0.00086719818506875   -0.0184314460888138  6.87515105981281e-17 -2.76888674723606e-17  -0.00146335867467739      1.99213031784122  1.16242408695696e-16  3.56510932674258e-16    0.0625213851428118
 6.41582821655663e-18 -9.60049805393877e-18  1.93949752083575e-16    0.0699006580992769     0.250131545532206  -1.8141896025395e-16  1.16242408695696e-16    0.0446679396261538  5.89039857236028e-16  3.01257150960584e-17
-2.18836080635206e-17  1.18767455447814e-17 -3.02502634630822e-16    -0.250131545532206    0.0699006580992814 -3.10322636453587e-16  3.56510932674258e-16  5.89039857236028e-16    0.0446679396261545  2.80129999208686e-17
  -0.0340352191855434   -0.0260249055532824     0.501003708953509 -6.98592522055037e-16 -1.57053048196514e-17   -0.0232602657274677    0.0625213851428118  3.01257150960584e-17  2.80129999208686e-17     0.139464387043999
POPULATION (lambda : 0.4): 9.45615028644018
TOTAL ENERGY: -101.2155306044	 lambda: 0.5
1RDM (lambda : 0.5): 
     1.99905935269898 -0.000720208383380427     0.013536032751895 -2.32515869932453e-17 -1.35727684353149e-19 -0.000587142038010305   0.00187372397307702  7.21497668086729e-18 -2.12119438609779e-17   -0.0409966688481227
-0.000720208383380427      1.99941029185005    0.0102597857852994 -1.23597979603154e-17  1.33564217901343e-18 -0.000689949656498915   0.00134073393834587 -1.12032726222558e-17  1.15878327849467e-17   -0.0313142041145556
    0.013536032751895    0.0102597857852994      1.80398324898448  2.01752597678263e-16   -1.850882028951e-17   0.00874308806947127   -0.0279242628858249  2.20948874611745e-16 -4.06732226448755e-16      0.59234908726731
-2.32515869932453e-17 -1.23597979603154e-17  2.01752597678263e-16       1.9426541616574  9.63399527719923e-17 -5.30136118064588e-17   1.0205525230317e-16    0.0865854041559887    -0.309836013152348 -8.49866817116027e-16
-1.35727684353149e-19  1.33564217901343e-18   -1.850882028951e-17  9.63399527719923e-17      1.94265416165739  4.48891358962178e-17 -3.48177081915387e-17     0.309836013152355    0.0865854041559912 -2.49287104117614e-18
-0.000587142038010305 -0.000689949656498915   0.00874308806947127 -5.30136118064588e-17  4.48891358962178e-17      1.99178594633161  -0.00232080652405278 -2.03584295482385e-16 -3.19051411555272e-16   -0.0299988055506528
  0.00187372397307702   0.00134073393834587   -0.0279242628858249   1.0205525230317e-16 -3.48177081915387e-17  -0.00232080652405278      1.98869000268731  9.89563623828982e-17  4.01264163586261e-16    0.0789506790582387
 7.21497668086729e-18 -1.12032726222558e-17  2.20948874611745e-16    0.0865854041559887     0.309836013152355 -2.03584295482385e-16  9.89563623828982e-17     0.064922136318835  7.54348240043638e-16  3.97744470146446e-17
-2.12119438609779e-17  1.15878327849467e-17 -4.06732226448755e-16    -0.309836013152348    0.0865854041559912 -3.19051411555272e-16  4.01264163586261e-16  7.54348240043638e-16    0.0649221363188318  3.62621424474191e-17
  -0.0409966688481227   -0.0313142041145556      0.59234908726731 -8.49866817116027e-16 -2.49287104117614e-18   -0.0299988055506528    0.0789506790582387  3.97744470146446e-17  3.62621424474191e-17     0.201918561495116
POPULATION (lambda : 0.5): 10.4043485600218
TOTAL ENERGY: -100.755815290893	 lambda: 0.6
1RDM (lambda : 0.6): 
     1.99870667486684  -0.00098648062794684    0.0182107342207976 -3.11740404480642e-17 -8.14071413869101e-21 -0.000877827461105235   0.00263382566431844  8.11822995120718e-18 -2.04742583857527e-17   -0.0472427578524925
 -0.00098648062794684      1.99920885122942    0.0137904935421854 -1.72839062804217e-17  2.15218479073884e-18 -0.000941330148242434   0.00186511141892207 -1.26366935267874e-17  1.15307075437174e-17   -0.0360116611438375
   0.0182107342207976    0.0137904935421854      1.74243842526194   2.6190063416836e-16 -2.62425320863616e-17    0.0123749746485435   -0.0382026741731692  2.43393250823762e-16 -5.08997842416285e-16     0.667126752455335
-3.11740404480642e-17 -1.72839062804217e-17   2.6190063416836e-16      1.91979830614018  1.14514561956355e-15 -6.56292949782812e-17  1.43721671233365e-16     0.102813417014412    -0.367906111224929 -9.74529549727457e-16
-8.14071413869101e-21  2.15218479073884e-18 -2.62425320863616e-17  1.14514561956355e-15      1.91979830614019  5.82899091541402e-17  -4.3749590571348e-17      0.36790611122491     0.102813417014413  6.81868825404493e-18
-0.000877827461105235 -0.000941330148242434    0.0123749746485435 -6.56292949782812e-17  5.82899091541402e-17       1.9908386407146  -0.00350476101088216 -2.23508966716601e-16 -3.18968461146927e-16   -0.0363297087457491
  0.00263382566431844   0.00186511141892207   -0.0382026741731692  1.43721671233365e-16  -4.3749590571348e-17  -0.00350476101088216      1.98424328782412  8.56481169906448e-17  4.65103928847413e-16    0.0932934969161889
 8.11822995120718e-18 -1.26366935267874e-17  2.43393250823762e-16     0.102813417014412      0.36790611122491 -2.23508966716601e-16  8.56481169906448e-17    0.0895154240101771 -9.20760485705704e-16  4.79430685109611e-17
-2.04742583857527e-17  1.15307075437174e-17 -5.08997842416285e-16    -0.367906111224929     0.102813417014413 -3.18968461146927e-16  4.65103928847413e-16 -9.20760485705704e-16    0.0895154240101817  4.51353455525275e-17
  -0.0472427578524925   -0.0360116611438375     0.667126752455335 -9.74529549727457e-16  6.81868825404493e-18   -0.0363297087457491    0.0932934969161889  4.79430685109611e-17  4.51353455525275e-17      0.26593665980239
POPULATION (lambda : 0.6): 11.2418442653179
TOTAL ENERGY: -100.279958422497	 lambda: 0.7
1RDM (lambda : 0.7): 
     1.99832254548902  -0.00127483486695841    0.0230293839716318 -3.93787384248352e-17  6.61856967662119e-20  -0.00119828007595866   0.00344336337832366  9.02510638159492e-18 -1.97732613719601e-17    -0.052852768582728
 -0.00127483486695841      1.99899197207197    0.0174068187595742 -2.22230077709037e-17  2.92412454658435e-18  -0.00122238966417816    0.0024037121656352 -1.36485280127097e-17   1.2199249066471e-17   -0.0401859065883208
   0.0230293839716318    0.0174068187595742      1.68278053265738  3.14217721412285e-16 -3.30289433570362e-17    0.0162091387926283     -0.04857124781773  2.62382755655666e-16 -6.07441920320075e-16     0.727165065044908
-3.93787384248352e-17 -2.22230077709037e-17  3.14217721412285e-16      1.89335048240171  1.60329407465201e-15 -7.27235028627548e-17  2.05083495262502e-16      0.11846163840909    -0.423901490668391 -1.07409919082427e-15
 6.61856967662119e-20  2.92412454658435e-18 -3.30289433570362e-17  1.60329407465201e-15      1.89335048240172  6.82802072571924e-17 -6.63822874206789e-17     0.423901490668365     0.118461638409089  1.19723050925686e-17
 -0.00119828007595866  -0.00122238966417816    0.0162091387926283 -7.27235028627548e-17  6.82802072571924e-17      1.98958448187323  -0.00520213614190476 -2.30589767050656e-16 -2.91599196960683e-16   -0.0420046424103793
  0.00344336337832366    0.0024037121656352     -0.04857124781773  2.05083495262502e-16 -6.63822874206789e-17  -0.00520213614190476      1.97866152389193  1.09483104810469e-16  6.04188909777929e-16      0.10523446180604
 9.02510638159492e-18 -1.36485280127097e-17  2.62382755655666e-16      0.11846163840909     0.423901490668365 -2.30589767050656e-16  1.09483104810469e-16     0.118393334412437 -1.94906443734483e-15  5.62379799824352e-17
-1.97732613719601e-17   1.2199249066471e-17 -6.07441920320075e-16    -0.423901490668391     0.118461638409089 -2.91599196960683e-16  6.04188909777929e-16 -1.94906443734483e-15     0.118393334412451  5.84073852710645e-17
   -0.052852768582728   -0.0401859065883208     0.727165065044908 -1.07409919082427e-15  1.19723050925686e-17   -0.0420046424103793      0.10523446180604  5.62379799824352e-17  5.84073852710645e-17     0.328171310388204
POPULATION (lambda : 0.7): 11.9751977016684
TOTAL ENERGY: -99.7999359711148	 lambda: 0.8
1RDM (lambda : 0.8): 
     1.99791348300938  -0.00158010327676036    0.0278661203544471 -4.82048839632294e-17  6.38704304759335e-19  -0.00153346097671083   0.00427160262055322  7.85509116165288e-18 -2.26326523774825e-17   -0.0579236470144006
 -0.00158010327676036      1.99876347367488    0.0210117378310754 -2.17683632991791e-17 -1.72876955293063e-18   -0.0015255429649763   0.00292581781014334 -1.70121944328397e-18  3.53043770624483e-17   -0.0439186590759615
   0.0278661203544471    0.0210117378310754      1.62687347444233  3.61017395988522e-16 -4.35401669850143e-17    0.0200050100820076   -0.0585472130558427   2.9767321370122e-16 -6.68085796835546e-16     0.774867870545979
-4.82048839632294e-17 -2.17683632991791e-17  3.61017395988522e-16      1.86364427678987  2.28192150932833e-16  1.05062823843288e-16  8.26036946117265e-16      0.13338754010043    -0.477312130838945  -1.1069089373992e-15
 6.38704304759335e-19 -1.72876955293063e-18 -4.35401669850143e-17  2.28192150932833e-16      1.86364427678988 -1.08066166062606e-16 -6.55845069797435e-16     0.477312130838943     0.133387540100431 -3.25128884905472e-17
 -0.00153346097671083   -0.0015255429649763    0.0200050100820076  1.05062823843288e-16 -1.08066166062606e-16      1.98793687703844  -0.00762211482910303  2.32675683149563e-16  5.53437136283919e-16    -0.046914406031349
  0.00427160262055322   0.00292581781014334   -0.0585472130558427  8.26036946117265e-16 -6.55845069797435e-16  -0.00762211482910303      1.97176788505253  1.59278866316865e-15  3.27360851000928e-15     0.114831627800128
 7.85509116165288e-18 -1.70121944328397e-18   2.9767321370122e-16      0.13338754010043     0.477312130838943  2.32675683149563e-16  1.59278866316865e-15     0.151415730462061 -6.06867347393686e-17  1.64262196518698e-16
-2.26326523774825e-17  3.53043770624483e-17 -6.68085796835546e-16    -0.477312130838945     0.133387540100431  5.53437136283919e-16  3.27360851000928e-15 -6.06867347393686e-17     0.151415730462064  2.48366138684051e-16
  -0.0579236470144006   -0.0439186590759615     0.774867870545979  -1.1069089373992e-15 -3.25128884905472e-17    -0.046914406031349     0.114831627800128  1.64262196518698e-16  2.48366138684051e-16     0.386624792278632
POPULATION (lambda : 0.8): 12.6161819958292
TOTAL ENERGY: -99.3233532317061	 lambda: 0.9
1RDM (lambda : 0.9): 
     1.99748419549664  -0.00189854489439786    0.0326428503638913 -5.57679235417141e-17 -7.42953856706971e-20  -0.00187052756182131   0.00509762906984782  1.09533541563054e-17 -1.80019453445105e-17   -0.0625487925736101
 -0.00189854489439786      1.99852601877711    0.0245458193027106 -3.19372675893746e-17  4.64732082573175e-18  -0.00184611679258902   0.00340755614187073 -1.57033939520292e-17   1.3449279758658e-17   -0.0472870098338993
   0.0326428503638913    0.0245458193027106      1.57557587470249  3.85592535739794e-16 -4.14613268164694e-17    0.0235849192149008   -0.0678509885487876  2.89358019853171e-16 -7.94709770953257e-16     0.812628221610436
-5.57679235417141e-17 -3.19372675893746e-17  3.85592535739794e-16      1.83112730492916  3.76873105367511e-16 -8.30725618665483e-17  3.26395843196046e-16     0.147442693184783    -0.527606896240376 -1.21685460023341e-15
-7.42953856706971e-20  4.64732082573175e-18 -4.14613268164694e-17  3.76873105367511e-16      1.83112730492916  9.21313918467102e-17 -9.68394891812543e-17     0.527606896240379     0.147442693184784  1.72786704507323e-17
 -0.00187052756182131  -0.00184611679258902    0.0235849192149008 -8.30725618665483e-17  9.21313918467102e-17       1.9857936397389   -0.0109642015966868 -2.54776300731858e-16 -2.46613153675039e-16   -0.0510513890781009
  0.00509762906984782   0.00340755614187073   -0.0678509885487876  3.26395843196046e-16 -9.68394891812543e-17   -0.0109642015966868       1.9633841039407  9.26633578153461e-17  7.73649659044221e-16     0.122332345350393
 1.09533541563054e-17 -1.57033939520292e-17  2.89358019853171e-16     0.147442693184783     0.527606896240379 -2.54776300731858e-16  9.26633578153461e-17     0.188314589508835  9.74636049905243e-16  6.19483440049839e-17
-1.80019453445105e-17   1.3449279758658e-17 -7.94709770953257e-16    -0.527606896240376     0.147442693184784 -2.46613153675039e-16  7.73649659044221e-16  9.74636049905243e-16     0.188314589508838  7.73971615419031e-17
  -0.0625487925736101   -0.0472870098338993     0.812628221610436 -1.21685460023341e-15  1.72786704507323e-17   -0.0510513890781009     0.122332345350393  6.19483440049839e-17  7.73971615419031e-17     0.440352378468208
POPULATION (lambda : 0.9): 13.1775876074189
TOTAL ENERGY: -98.8551019738588	 lambda: 1
1RDM (lambda : 1): 
     1.99703810458785  -0.00222739772239545    0.0373151558367295 -6.36787982678713e-17 -3.30492779992724e-19  -0.00219941251245914   0.00590853558641363  1.20307206103862e-17 -1.67238271557067e-17   -0.0668085730272701
 -0.00222739772239545      1.99828150940782    0.0279755942710237 -3.73558641627762e-17  6.37738386586504e-18  -0.00218195990590061   0.00383180600661024 -1.82870166104801e-17    1.128009834429e-17   -0.0503559390350692
   0.0373151558367295    0.0279755942710237      1.52909055974545  4.04025770529325e-16 -4.28905823246991e-17    0.0268357864615869   -0.0763535549148155  2.97870613667948e-16 -8.82541434661663e-16     0.842545535995227
-6.36787982678713e-17 -3.73558641627762e-17  4.04025770529325e-16      1.79634800738953  1.07578946628737e-15 -1.11341609762443e-16  3.17150115991314e-16     0.160491040677366    -0.574298920113885 -1.27319151898452e-15
-3.30492779992724e-19  6.37738386586504e-18 -4.28905823246991e-17  1.07578946628737e-15      1.79634800738954  1.31157433446131e-16 -3.78144549146984e-17     0.574298920113872     0.160491040677367  2.48053739191994e-17
 -0.00219941251245914  -0.00218195990590061    0.0268357864615869 -1.11341609762443e-16  1.31157433446131e-16      1.98306001884621   -0.0153710218396277 -3.21217917018691e-16 -3.19144380332481e-16   -0.0544653176113632
  0.00590853558641363   0.00383180600661024   -0.0763535549148155  3.17150115991314e-16 -3.78144549146984e-17   -0.0153710218396277      1.95342351085653 -7.09030966341979e-17  5.77829708892207e-16     0.128053335187438
 1.20307206103862e-17 -1.82870166104801e-17  2.97870613667948e-16     0.160491040677366     0.574298920113872 -3.21217917018691e-16 -7.09030966341979e-17     0.228651948243581 -8.77205115585806e-16  4.94854502264074e-17
-1.67238271557067e-17    1.128009834429e-17 -8.82541434661663e-16    -0.574298920113885     0.160491040677367 -3.19144380332481e-16  5.77829708892207e-16 -8.77205115585806e-16      0.22865194824357   6.4264927382997e-17
  -0.0668085730272701   -0.0503559390350692     0.842545535995227 -1.27319151898452e-15  2.48053739191994e-17   -0.0544653176113632     0.128053335187438  4.94854502264074e-17   6.4264927382997e-17     0.489106385289952
POPULATION (lambda : 1): 13.6710340570023
-------------------general-----------------------
mullikenoperator: 
    0.136184204316838     0.332293525114643    0.0242474567706858 -1.28779678598687e-18 -1.20939939831821e-16    -0.101598582423868     0.193111624160463 -1.75876528323558e-16 -2.73033838673946e-17     -1.23234518103943
    0.332293525114643     0.894652121962115     0.125623094081521 -2.17121463465047e-16 -8.53628516162092e-17   -0.0616911051410538     -0.20558557549708 -1.18716394316581e-16 -3.62795092639037e-17    -0.691858029674734
   0.0242474567706859     0.125623094081521  -0.00449508253369505  4.21007125074205e-16  1.91214521633706e-16   -0.0246530805047524    -0.439204711345899  7.29463513648497e-16 -1.39669439154137e-15      3.26920301914495
-1.28779678598685e-18 -2.17121463465047e-16  4.21007125074205e-16     0.232526817693795 -6.91173476586284e-16  -2.3263907575855e-16  1.00123313298254e-15     0.244073481635098    -0.873389169746662 -5.37344628318176e-15
-1.20939939831821e-16 -8.53628516162092e-17  1.91214521633706e-16 -6.99459187744564e-16     0.232526817693792  8.30734971188632e-17 -3.51198196511016e-16     0.873389169746661     0.244073481635098  8.46745899264545e-16
   -0.101598582423868   -0.0616911051410539   -0.0246530805047524 -2.32639075758551e-16  8.30734971188632e-17     0.594420085474126    -0.679125294948653 -3.54829410181696e-16 -4.01662375109836e-16   -0.0796790414434619
    0.193111624160463     -0.20558557549708    -0.439204711345899  1.00123313298254e-15 -3.51198196511016e-16    -0.679125294948653     0.357634596473684  5.92761770409914e-17   1.0682422895735e-16     0.173330634563528
-1.75876528323558e-16 -1.18716394316581e-16  7.29463513648497e-16     0.244073481635098     0.873389169746661 -3.54829410181696e-16  5.92761770409913e-17     0.767473182306209  1.54844720573872e-16  2.44448974641434e-16
-2.73033838673948e-17 -3.62795092639039e-17 -1.39669439154137e-15    -0.873389169746662     0.244073481635098 -4.01662375109836e-16   1.0682422895735e-16  3.91061130005827e-17     0.767473182306205   1.0761612652383e-16
    -1.23234518103943    -0.691858029674734      3.26920301914495 -5.37344628318176e-15  8.46745899264546e-16   -0.0796790414434616     0.173330634563527  2.44448974641433e-16  1.07616126523823e-16      1.02160407430694
selected BF: 
0 1 2 3 4
selected lambdas: 
  -1 -0.9 -0.8 -0.7 -0.6 -0.5 -0.4 -0.3 -0.2 -0.1    0  0.1  0.2  0.3  0.4  0.5  0.6  0.7  0.8  0.9    1
RHF C: 
    0.263150607069272      0.97656073356224     0.325173732944111 -5.13014499023183e-16 -1.24247150478308e-16    -0.240212786100717     -0.31418166171353 -1.17517589989218e-16 -7.74172735638432e-18    -0.706432706423098
   0.0617925627322438    0.0531419519893895    0.0298328785432981 -1.37260716609299e-16 -4.18339596470398e-16     0.325562542841644     0.474545654676338 -1.02752307469343e-15 -3.32490304121207e-16     -6.68112875477901
 4.59060699957754e-19 -4.46742926050691e-19 -5.05586127938217e-16    -0.245211127435112    0.0695734430359193  1.42136967828747e-16  -7.9698834123026e-17   0.00741830822745231       1.8736770388181 -2.31607850468095e-16
 1.69931507022686e-19  7.46235373381797e-19 -1.00959934710333e-16   -0.0695734430359187    -0.245211127435109  4.41379843812322e-17  4.64163222536553e-17      -1.8736770388181   0.00741830822745232  4.03396477402423e-17
   0.0519880418350788    0.0370820643967942   -0.0791322222712968  4.23563873762002e-16 -2.33246208565856e-16    -0.573458518860912      1.49012512541454 -2.07923849310226e-16  8.95199600021639e-17     -2.14612349888989
    0.914668636668522    -0.418494902012613     0.222928827309699 -4.43768539635361e-16  9.10581632880642e-17     0.178968715008351    -0.246903907977783  3.48946424705638e-17 -2.69429309533042e-17     0.336528710921618
  -0.0718342216361057   -0.0662755852630235     -1.06762338416476  1.80031949722708e-15   1.9107651112385e-16    -0.157732124926916     -0.97026398276491  1.00858991045979e-15  2.18753836754705e-16       6.9801748321934
 2.25343426004605e-18 -1.86634403027604e-18 -1.19118747380744e-15    -0.745130244838508     0.211414861902345 -5.35264717669822e-16  1.28558349330721e-16  -0.00682978025696608     -1.72502975817241  1.04719396979796e-16
 7.84349488646118e-19 -7.53095570058839e-19 -1.72989865604885e-16    -0.211414861902346     -0.74513024483851  2.73550894217609e-16 -5.27045601567896e-17      1.72502975817241  -0.00682978025696602 -5.51216867873223e-17
  -0.0192575533283181   -0.0173232742356018      0.22270204422819 -3.57536658960304e-16 -4.23489274068732e-16    -0.472652509007721     -1.28188841443738 -2.25423610563488e-16 -8.49899470707279e-17    -0.984719614277888
Basis set used: STO-3G
Version: Tmhuysen's fci hack
