-123.347938076024	-5	4.00000000000075
-123.347938076024	-4.95	4.00000000000078
-123.347938076024	-4.9	4.00000000000081
-123.347938076024	-4.85	4.00000000000084
-123.347938076024	-4.8	4.00000000000089
-123.347938076024	-4.75	4.00000000000092
-123.347938076025	-4.7	4.00000000000098
-123.347938076025	-4.65	4.00000000000103
-123.347938076025	-4.6	4.00000000000107
-123.347938076025	-4.55	4.00000000000112
-123.347938076026	-4.5	4.00000000000118
-123.347938076026	-4.45	4.00000000000125
-123.347938076026	-4.4	4.00000000000131
-123.347938076027	-4.35	4.00000000000139
-123.347938076027	-4.3	4.00000000000147
-123.347938076027	-4.25	4.00000000000155
-123.347938076028	-4.2	4.00000000000165
-123.347938076028	-4.15	4.00000000000175
-123.347938076029	-4.1	4.00000000000186
-123.347938076029	-4.05	4.00000000000198
-123.34793807603	-4	4.00000000000212
-123.34793807603	-3.95	4.00000000000226
-123.347938076031	-3.9	4.00000000000242
-123.347938076031	-3.85	4.00000000000259
-123.347938076032	-3.8	4.00000000000279
-123.347938076033	-3.75	4.00000000000302
-123.347938076034	-3.7	4.00000000000325
-123.347938076035	-3.65	4.00000000000354
-123.347938076037	-3.6	4.00000000000385
-123.347938076038	-3.55	4.00000000000421
-123.347938076039	-3.5	4.00000000000462
-123.34793807604	-3.45	4.00000000000507
-123.347938076042	-3.4	4.00000000000563
-123.347938076045	-3.35	4.00000000000627
-123.347938076047	-3.3	4.00000000000702
-123.34793807605	-3.25	4.00000000000791
-123.347938076054	-3.2	4.000000000009
-123.347938076058	-3.15	4.00000000001031
-123.347938076063	-3.1	4.00000000001193
-123.347938076069	-3.05	4.00000000001396
-123.347938076077	-3	4.00000000001657
-123.347938076087	-2.95	4.00000000002
-123.347938076101	-2.9	4.00000000002461
-123.347938076119	-2.85	4.00000000003102
-123.347938076146	-2.8	4.00000000004034
-123.347938076185	-2.75	4.00000000005457
-123.347938076249	-2.7	4.00000000007807
-123.347938076364	-2.65	4.00000000012091
-123.347938076602	-2.6	4.0000000002118
-123.347938077251	-2.55	4.00000000046452
-123.347938080436	-2.5	4.00000000172993
-123.347939000135	-2.45	4.00000037663746
-125.796961094951	-2.4	4.99999999999754
-125.796961094963	-2.35	5.00000000000259
-125.796961094966	-2.3	5.00000000000389
-125.796961094968	-2.25	5.00000000000462
-125.796961094969	-2.2	5.00000000000528
-125.79696109497	-2.15	5.00000000000596
-125.796961094972	-2.1	5.00000000000676
-125.796961094974	-2.05	5.00000000000766
-125.796961094976	-2	5.00000000000872
-125.796961094979	-1.95	5.00000000001001
-125.796961094982	-1.9	5.0000000000116
-125.796961094986	-1.85	5.0000000000136
-125.79696109499	-1.8	5.00000000001617
-125.796961094996	-1.75	5.00000000001952
-125.796961095004	-1.7	5.00000000002407
-125.796961095015	-1.65	5.00000000003048
-125.79696109503	-1.6	5.00000000003985
-125.796961095053	-1.55	5.00000000005452
-125.796961095091	-1.5	5.00000000007923
-125.79696109516	-1.45	5.00000000012658
-125.796961095318	-1.4	5.00000000023722
-125.79696109583	-1.35	5.00000000061155
-125.796961100673	-1.3	5.00000000429819
-127.068181466634	-1.25	5.99999999998697
-127.068181466652	-1.2	6.00000000000052
-127.068181466655	-1.15	6.0000000000032
-127.068181466656	-1.1	6.00000000000413
-127.068181466656	-1.05	6.00000000000461
-127.068181466657	-1	6.00000000000522
-127.068181466657	-0.95	6.00000000000587
-127.068181466658	-0.899999999999999	6.00000000000653
-127.068181466659	-0.85	6.00000000000753
-127.06818146666	-0.8	6.00000000000842
-127.068181466661	-0.75	6.00000000000974
-127.068181466662	-0.7	6.0000000000114
-127.068181466663	-0.649999999999999	6.0000000000129
-127.068181466665	-0.6	6.00000000001562
-127.068181466667	-0.55	6.00000000001924
-127.06818146667	-0.5	6.00000000002441
-127.068181466671	-0.45	6.00000000002904
-127.068181466676	-0.399999999999999	6.00000000004043
-127.068181466681	-0.35	6.00000000005281
-127.068181466688	-0.3	6.00000000007604
-127.068181466702	-0.25	6.00000000012475
-127.068181466727	-0.199999999999999	6.00000000024516
-127.068181466859	-0.149999999999999	6.00000000100392
-127.068181476554	-0.0999999999999996	6.00000009382354
-127.162716678835	-0.0499999999999998	6.99999999873655
-127.162716678869	0	6.999999999719
-127.162716678866	0.0500000000000007	6.99999999988048
-127.162716678861	0.100000000000001	6.99999999993468
-127.162716678858	0.15	6.99999999995949
-127.162716678856	0.2	6.99999999997202
-127.162716678855	0.25	6.99999999998017
-127.162716678853	0.300000000000001	6.99999999998557
-127.162716678852	0.350000000000001	6.99999999998946
-127.162716678851	0.4	6.9999999999917
-127.16271667885	0.45	6.9999999999938
-127.162716678849	0.5	6.99999999999538
-127.162716678849	0.550000000000001	6.99999999999677
-127.162716678848	0.600000000000001	6.99999999999796
-127.162716678847	0.65	6.99999999999906
-127.162716678846	0.7	7.0000000000001
-127.162716678846	0.75	7.00000000000119
-127.162716678845	0.800000000000001	7.0000000000023
-127.162716678843	0.850000000000001	7.00000000000332
-127.162716678842	0.9	7.00000000000509
-127.162716678841	0.95	7.00000000000668
-127.162716678839	1	7.00000000000907
-127.162716678836	1.05	7.00000000001176
-127.162716678832	1.1	7.00000000001577
-127.162716678826	1.15	7.00000000002151
-127.162716678814	1.2	7.00000000003055
-127.162716678795	1.25	7.00000000004617
-127.162716678757	1.3	7.00000000007582
-127.162716678664	1.35	7.00000000014641
-127.162716678174	1.4	7.00000000050614
-127.162716674936	1.45	7.00000000275154
-125.682564044254	1.5	7.99999999165098
-125.682564032647	1.55	7.99999999933147
-125.682564031961	1.6	7.99999999976854
-125.682564031784	1.65	7.99999999987806
-125.682564031705	1.7	7.99999999992521
-125.682564031664	1.75	7.99999999994885
-125.682564031635	1.8	7.99999999996511
-125.682564031622	1.85	7.99999999997209
-125.682564031611	1.9	7.99999999997787
-125.682564031604	1.95	7.99999999998176
-125.682564031598	2	7.99999999998473
-125.682564031594	2.05	7.99999999998709
-125.68256403159	2.1	7.99999999998899
-125.682564031586	2.15	7.99999999999077
-125.682564031584	2.2	7.9999999999917
-125.682564031582	2.25	7.99999999999272
-125.68256403158	2.3	7.99999999999357
-125.682564031578	2.35	7.9999999999943
-125.682564031577	2.4	7.99999999999491
-125.682564031575	2.45	7.99999999999545
-125.682564031574	2.5	7.9999999999959
-125.682564031573	2.55	7.99999999999643
-125.682564031567	2.6	7.99999999999876
-125.682564031338	2.65	8.00000000008519
-123.023467555463	2.7	8.99999999802871
-123.023467551309	2.75	8.99999999955812
-123.02346755062	2.8	8.99999999980679
-123.023467550383	2.85	8.9999999998908
-123.023467550272	2.9	8.9999999999295
-123.02346755021	2.95	8.99999999995055
-123.023467550173	3	8.99999999996329
-123.023467550147	3.05	8.99999999997163
-123.02346755013	3.1	8.9999999999774
-123.023467550117	3.15	8.99999999998154
-123.023467550107	3.2	8.99999999998466
-123.023467550099	3.25	8.99999999998703
-123.023467550093	3.3	8.99999999998888
-123.023467550088	3.35	8.99999999999039
-123.023467550084	3.4	8.99999999999161
-123.02346755008	3.45	8.99999999999262
-123.023467550077	3.5	8.99999999999348
-123.023467550075	3.55	8.99999999999422
-123.023467550072	3.6	8.9999999999949
-123.02346755007	3.65	8.99999999999555
-123.023467550067	3.7	8.99999999999632
-123.023467550062	3.75	8.99999999999776
-123.02346755003	3.8	9.00000000000623
-119.1865329654	3.85	9.99999998399327
-119.186532907808	3.9	9.99999999891216
-119.186532904957	3.95	9.9999999996398
-119.186532904232	4	9.99999999982226
-119.186532903943	4.05	9.9999999998943
-119.186532903797	4.1	9.99999999993006
-119.186532903714	4.15	9.99999999995016
-119.186532903662	4.2	9.9999999999627
-119.186532903627	4.25	9.99999999997105
-119.186532903602	4.3	9.99999999997685
-119.186532903584	4.35	9.99999999998107
-119.18653290357	4.4	9.99999999998422
-119.186532903559	4.45	9.99999999998665
-119.18653290355	4.5	9.99999999998856
-119.186532903543	4.55	9.99999999999009
-119.186532903538	4.6	9.99999999999132
-119.186532903533	4.65	9.99999999999234
-119.186532903529	4.7	9.9999999999932
-119.186532903526	4.75	9.99999999999392
-119.186532903523	4.8	9.99999999999452
-119.18653290352	4.85	9.99999999999506
-119.186532903518	4.9	9.9999999999955
-119.186532903516	4.95	9.9999999999959
