-124.33733281001	-5	3.65893402727976
-124.343216896554	-4.95	3.66011678962513
-124.349230486695	-4.9	3.66133785627754
-124.355378170388	-4.85	3.6625989545779
-124.361664759807	-4.8	3.66390191162857
-124.368095303594	-4.75	3.66524866145688
-124.374675101154	-4.7	3.66664125256503
-124.38140971815	-4.65	3.66808185614505
-124.388305003146	-4.6	3.66957277498121
-124.395367105431	-4.55	3.671116453101
-124.402602493737	-4.5	3.67271548615371
-124.410017978897	-4.45	3.67437263325271
-124.417620732012	-4.4	3.67609082846879
-124.425418312394	-4.35	3.67787319521716
-124.433418690417	-4.3	3.67972306029767
-124.441630276186	-4.25	3.6816439701168
-124.450061948972	-4.2	3.68363970805198
-124.458723088519	-4.15	3.68571431330376
-124.467623612172	-4.1	3.68787210230217
-124.476774007974	-4.05	3.69011769043823
-124.486185378144	-4	3.6924560177223
-124.495869479317	-3.95	3.69489237524247
-124.505838772401	-3.9	3.69743243575807
-124.516106471054	-3.85	3.7000822859163
-124.526686596508	-3.8	3.70284846222662
-124.537594036801	-3.75	3.70573799059147
-124.548844608621	-3.7	3.70875842918799
-124.560455128459	-3.65	3.71191791680013
-124.572443484999	-3.6	3.71522522483235
-124.584828719393	-3.55	3.71868981515855
-124.597631111784	-3.5	3.72232190385082
-124.610872273793	-3.45	3.72613253121002
-124.624575250288	-3.4	3.7301336396194
-124.638764626367	-3.35	3.73433815871126
-124.653466642258	-3.3	3.73876009931656
-124.668709321303	-3.25	3.74341465858544
-124.68452259969	-3.2	3.74831833379876
-124.700938472623	-3.15	3.7534890503182
-124.71799114475	-3.1	3.75894630114388
-124.735717192127	-3.05	3.76471130156066
-124.75415573296	-3	3.77080715947952
-124.773348607008	-2.95	3.77725906299829
-124.793340562745	-2.9	3.78409448665238
-124.814179450769	-2.85	3.7913434177742
-124.835916421289	-2.8	3.79903860432962
-124.858606122244	-2.75	3.8072158253104
-124.882306896959	-2.7	3.81591418577023
-124.907080967827	-2.65	3.82517643420332
-124.932994609076	-2.6	3.83504930599318
-124.960118290922	-2.55	3.84558388909288
-124.988526785699	-2.5	3.85683601084552
-125.018299219263	-2.45	3.86886664176094
-125.049519047238	-2.4	3.88174230990781
-125.08227392974	-2.35	3.89553551616303
-125.116655475933	-2.3	3.91032513809378
-125.152758813844	-2.25	3.92619680137225
-125.190681953392	-2.2	3.94324319996518
-125.230524846726	-2.15	3.9615643138359
-125.272388147823	-2.1	3.9812675106238
-125.316371534747	-2.05	4.00246744875398
-125.362571539855	-2	4.02528572538298
-125.411078814333	-1.95	4.04985019321283
-125.46197471186	-1.9	4.07629383466289
-125.51532715093	-1.85	4.10475310096706
-125.571185677551	-1.8	4.13536558527222
-125.629575780113	-1.75	4.16826694647933
-125.690492478197	-1.7	4.20358696625782
-125.753893403667	-1.65	4.24144471436933
-125.819691690542	-1.6	4.28194285273606
-125.887749190731	-1.55	4.32516124291127
-125.95787070488	-1.5	4.37115017239576
-126.029800116591	-1.45	4.41992372504597
-126.103219421578	-1.4	4.47145402237335
-126.177751606782	-1.35	4.5256672205891
-126.252968133744	-1.3	4.58244223023175
-126.328401243808	-1.25	4.64161296890279
-126.403560604767	-1.2	4.70297461840058
-126.477952976782	-1.15	4.76629378111262
-126.551102766829	-1.1	4.83132167878045
-126.622570947876	-1.05	4.8978088925663
-126.691969882299	-1	4.96551969419788
-126.758972276541	-0.95	5.03424402467608
-126.823313589548	-0.899999999999999	5.10380562839418
-126.884788387119	-0.85	5.17406559107177
-126.943242144938	-0.8	5.24492143558601
-126.998560521479	-0.75	5.3163026678176
-127.050658086022	-0.7	5.38816404309032
-127.099468135504	-0.649999999999999	5.46047795976094
-127.144934573409	-0.6	5.53322711614081
-127.187006232038	-0.55	5.60639822828129
-127.2256335052	-0.5	5.6799771584064
-127.260766887273	-0.45	5.75394549173974
-127.292356898095	-0.399999999999999	5.82827835791501
-127.320354921136	-0.35	5.90294323253738
-127.344714577161	-0.3	5.97789946203388
-127.365393380444	-0.25	6.05309838231419
-127.382354493515	-0.199999999999999	6.12848400806072
-127.395568416996	-0.149999999999999	6.20399433781838
-127.405014440817	-0.0999999999999996	6.2795633617942
-127.410681647668	-0.0499999999999998	6.35512379131354
-127.412569250226	0	6.43061040698293
-127.410686083309	0.0500000000000007	6.50596378659899
-127.405049164273	0.100000000000001	6.58113405265006
-127.395681373845	0.15	6.65608417545546
-127.382608470152	0.2	6.73079237852353
-127.365855782702	0.25	6.80525329973649
-127.345445019522	0.300000000000001	6.87947768689923
-127.32139163169	0.350000000000001	6.95349061138735
-127.293703107513	0.4	7.02732839039689
-127.262378443731	0.45	7.10103454626403
-127.227408852153	0.5	7.17465528724628
-127.188779602475	0.550000000000001	7.24823497234884
-127.146472721188	0.600000000000001	7.32181205591471
-127.100470206226	0.65	7.39541582725118
-127.050757341531	0.7	7.46906420901488
-126.997325780473	0.75	7.54276263370355
-126.940176111032	0.800000000000001	7.61650395198745
-126.879319789956	0.850000000000001	7.69026913479392
-126.814780393169	0.9	7.76402855765789
-126.746594229336	0.95	7.83774362712627
-126.674810411329	1	7.91136854687913
-126.599490374121	1.05	7.98485219326423
-126.520706874646	1.1	8.05814003640028
-126.438542335374	1.15	8.13117621758454
-126.353086471078	1.2	8.20390579442195
-126.264433166925	1.25	8.27627713937982
-126.172676685278	1.3	8.3482443951334
-126.077907616356	1.35	8.41976966101036
-125.98020917474	1.4	8.49082453192558
-125.879654786396	1.45	8.56139046315331
-125.776308090589	1.5	8.63145743746696
-125.670226480471	1.55	8.70102053123421
-125.561469080795	1.6	8.77007420835763
-125.450109515542	1.65	8.83860454332591
-125.336252957323	1.7	8.90658004644962
-125.220055890247	1.75	8.97394224241474
-125.101745937118	1.8	9.04059753567393
-124.981638303401	1.85	9.10641204025366
-124.860145223715	1.9	9.17121082815741
-124.737775471966	1.95	9.23478243625523
-124.615122507064	2	9.29688855808632
-124.492841913148	2.05	9.35727782894797
-124.371620898949	2.1	9.41570178148676
-124.252143991767	2.15	9.47193071947073
-124.135059613359	2.2	9.52576736507311
-124.020951578557	2.25	9.57705676243112
-123.910318216306	2.3	9.62569174288567
-123.803560206025	2.35	9.6716140532107
-123.70097675618	2.4	9.71481185098454
-123.60276872849	2.45	9.75531459210558
-123.509046851498	2.5	9.79318637666986
-123.41984305509	2.55	9.82851871622898
-123.335123308159	2.6	9.86142341858866
-123.254800540126	2.65	9.8920261177104
-123.178746864298	2.7	9.92046066896257
-123.106804491329	2.75	9.94686453926467
-123.038795114868	2.8	9.97137516319237
-122.974527681909	2.85	9.99412719346781
-122.913804690596	2.9	10.0152505029232
-122.856427079779	2.95	10.0348688388762
-122.802197993955	3	10.05309896876
-122.750925518785	3.05	10.0700502368371
-122.702424645809	3.1	10.0858244077238
-122.656518573253	3.15	10.1005157349994
-122.613039503739	3.2	10.1142111829173
-122.571829070036	3.25	10.126990746336
-122.532738453103	3.3	10.1389278402309
-122.495628296559	3.35	10.1500897211749
-122.460368452284	3.4	10.1605379276406
-122.426837648382	3.45	10.170328710854
-122.394923061578	3.5	10.1795134621801
-122.364519862103	3.55	10.1881391179901
-122.33553073474	3.6	10.1962485428902
-122.3078653991	3.65	10.2038808867414
-122.281440133259	3.7	10.2110719164778
-122.256177303222	3.75	10.2178543240746
-122.232004941865	3.8	10.2242580010355
-122.208856306884	3.85	10.2303103004257
-122.18666950015	3.9	10.2360362661334
-122.165387074541	3.95	10.2414588507102
-122.144955743714	4	10.2465990936598
-122.125325978661	4.05	10.2514763167339
-122.106451795858	4.1	10.2561082602343
-122.088290419465	4.15	10.2605112416142
-122.070802065487	4.2	10.2647002753307
-122.053949692272	4.25	10.2686891935979
-122.037698800364	4.3	10.2724907485316
-122.022017217881	4.35	10.2761167117229
-122.006874939049	4.4	10.2795779559784
-121.992243940376	4.45	10.2828845374912
-121.978098043724	4.5	10.2860457629369
-121.964412771102	4.55	10.2890702547065
-121.95116521649	4.6	10.2919660088398
-121.938333929174	4.65	10.2947404473403
-121.92589880478	4.7	10.2974004660464
-121.913840986808	4.75	10.299952477743
-121.902142772164	4.8	10.302402452178
-121.890787544861	4.85	10.3047559481803
-121.879759669423	4.9	10.3070181523839
-121.869044444172	4.95	10.3091939038208
