-123.953112967832	-5	3.99963608321105
-123.953140748121	-4.95	3.99964166741918
-123.953169649126	-4.9	3.99964753589221
-123.953199738806	-4.85	3.99965370840323
-123.953231090613	-4.8	3.99966020647817
-123.95326378418	-4.75	3.99966705361381
-123.953297905933	-4.7	3.99967427549122
-123.953333549405	-4.65	3.99968190013553
-123.953370816775	-4.6	3.99968995835027
-123.953409819177	-4.55	3.99969848390737
-123.95345067796	-4.5	3.99970751395534
-123.953493525943	-4.45	3.99971708945166
-123.953538508641	-4.4	3.99972725561177
-123.953585785892	-4.35	3.99973806247592
-123.953635533562	-4.3	3.99974956552646
-123.953687945608	-4.25	3.99976182642479
-123.953743236464	-4.2	3.99977491386936
-123.95380164372	-4.15	3.99978890457342
-123.953863431324	-4.1	3.99980388443206
-123.953928893245	-4.05	3.99981994987017
-123.953998357805	-4	3.99983720944246
-123.954072192816	-3.95	3.99985578573724
-123.954150811469	-3.9	3.99987581759222
-123.954234679544	-3.85	3.999897462793
-123.954324323818	-3.8	3.99992090126448
-123.954420342316	-3.75	3.99994633895859
-123.954523416228	-3.7	3.99997401245302
-123.954634325026	-3.65	4.00000419473181
-123.954753964128	-3.6	4.00003720206866
-123.954883366942	-3.55	4.00007340261867
-123.955023731913	-3.5	4.00011322703346
-123.955176456038	-3.45	4.00015718171136
-123.955343176856	-3.4	4.00020586548145
-123.95552582486	-3.35	4.0002599906179
-123.955726690979	-3.3	4.00032040996803
-123.955948512088	-3.25	4.00038815165685
-123.956194582636	-3.2	4.00046446458885
-123.956468898352	-3.15	4.00055087763696
-123.956776349647	-3.1	4.00064927947794
-123.957122978653	-3.05	4.00076202563257
-123.957516326375	-3	4.00089208415461
-123.957965914019	-2.95	4.00104323869408
-123.958483912243	-2.9	4.00122037320709
-123.959086102915	-2.85	4.00142988325553
-123.959793255535	-2.8	4.00168027058502
-123.960633198996	-2.75	4.00198304205064
-123.961643948287	-2.7	4.00235407852088
-123.962878607026	-2.65	4.00281579619576
-123.964413272517	-2.6	4.00340065877291
-123.966360275783	-2.55	4.004157104771
-123.968891261071	-2.5	4.00515996328338
-123.972279511118	-2.45	4.00652970824118
-123.976982147655	-2.4	4.00847016521084
-123.983811418372	-2.35	4.01134775854975
-123.994323458366	-2.3	4.01587298802394
-124.011799224058	-2.25	4.02356268147768
-124.044066932103	-2.2	4.03808377901421
-124.112986315493	-2.15	4.06982265495657
-124.2904177535	-2.1	4.15348969585035
-124.787194461997	-2.05	4.393362266124
-126.006905261552	-1.8	5.00021291331611
-126.008559907748	-1.75	5.0011443288213
-126.009824590425	-1.7	5.00187725445347
-126.012251275049	-1.6	5.00334931710034
-126.013699912781	-1.55	5.00426960571096
-126.015487222797	-1.5	5.0054424737621
-126.017809387662	-1.45	5.00701824403996
-126.020982913376	-1.4	5.00924770677709
-126.044834569144	-1.25	5.0275147144856
-127.168213434182	-0.0499999999999998	6.77716951453847
-127.172374575856	0	6.91600412413992
-127.171463943185	0.0500000000000007	6.95983240880403
-127.17021687275	0.100000000000001	6.97722999882354
-127.169187475428	0.15	6.98564450238786
-127.168379005023	0.2	6.99032291488871
-127.167736414878	0.25	6.99320231353917
-127.167211918412	0.300000000000001	6.99512031069188
-127.166770040553	0.350000000000001	6.99648532776278
-127.16638442565	0.4	6.99751650618512
-127.16603443322	0.45	6.99834158320194
-127.165702457767	0.5	6.99904130523764
-127.16537173475	0.550000000000001	6.99967162058913
-127.165024236229	0.600000000000001	7.00027601091798
-127.164638197473	0.65	7.00089345569764
-127.164184640002	0.7	7.00156491971512
-127.163621826888	0.75	7.00234044382578
-127.162885612194	0.800000000000001	7.00328923058376
-127.161871420911	0.850000000000001	7.00451679040501
-127.160398198046	0.9	7.00619773615717
-127.158130543636	0.95	7.00864477826013
-127.154394335823	1	7.01246889942715
-127.147687080165	1.05	7.01899716274095
-127.134172971162	1.1	7.03153379620318
-127.102127568814	1.15	7.05992425512702
-127.00745694972	1.2	7.14017624047376
-126.699249904519	1.25	7.39091556955062
-123.711356289314	2.45	8.97307771350384
-123.690092538018	2.5	8.98167728722424
-123.677204420875	2.55	8.98678547357565
-123.668733392589	2.6	8.99007733911505
-123.662803916432	2.65	8.99233743091384
-123.658429594977	2.7	8.99397344909875
-123.655041920453	2.75	8.99521710521011
-123.652279235382	2.8	8.9962129553417
-123.64987642353	2.85	8.99706365593334
-123.647587040289	2.9	8.99785997204939
-123.645086521218	2.95	8.99871466012139
-123.64175334899	3	8.99983444858247
-123.621213896703	3.1	9.00653639925541
-120.879208036492	3.3	9.85805027367387
-120.648131102881	3.35	9.92762560914685
-120.547214171002	3.4	9.95755476987714
-120.496199012239	3.45	9.97246103238095
-120.467198108015	3.5	9.98081188191659
-120.44919146193	3.55	9.98592287603085
-120.437238756961	3.6	9.98926782467029
-120.428883616057	3.65	9.99157361444434
-120.422799209498	3.7	9.99322982115581
-120.418219402845	3.75	9.99445968772288
-120.414677049375	3.8	9.99539832625911
-120.411874155117	3.85	9.99613129798503
-120.409613278503	3.9	9.99671488730167
-120.40775930969	3.95	9.99718733805657
-120.406217193224	4	9.99757536916804
-120.404918413149	4.05	9.99789810700021
-120.40381253479	4.1	9.99816953477498
-120.402861731933	4.15	9.99840006936407
-120.402037158181	4.2	9.99859760168545
-120.401316486734	4.25	9.99876819883408
-120.400682206927	4.3	9.99891658805297
-120.400120415825	4.35	9.99904649820279
-120.399619953789	4.4	9.99916090306256
-120.399171773392	4.45	9.99926219812709
-120.398768472067	4.5	9.99935233092504
-120.398403941782	4.55	9.99943289826286
-120.398073103457	4.6	9.99950521962814
-120.397771702782	4.65	9.99957039333982
-120.397496154039	4.7	9.99962933943069
-120.397243413689	4.75	9.99968283395194
-120.397010885749	4.8	9.9997315348269
-120.396796343043	4.85	9.9997760030721
-120.396597865117	4.9	9.99981671951308
-120.396413788342	4.95	9.99985409817246
