-123.347938076023	-5	4.00000000000074
-123.347938076024	-4.975	4.00000000000075
-123.347938076024	-4.95	4.00000000000077
-123.347938076024	-4.925	4.00000000000079
-123.347938076024	-4.9	4.0000000000008
-123.347938076024	-4.875	4.00000000000082
-123.347938076024	-4.85	4.00000000000084
-123.347938076024	-4.825	4.00000000000086
-123.347938076024	-4.8	4.00000000000088
-123.347938076024	-4.775	4.0000000000009
-123.347938076025	-4.75	4.00000000000092
-123.347938076025	-4.725	4.00000000000095
-123.347938076025	-4.7	4.00000000000097
-123.347938076025	-4.675	4.00000000000099
-123.347938076025	-4.65	4.00000000000102
-123.347938076025	-4.625	4.00000000000104
-123.347938076025	-4.6	4.00000000000107
-123.347938076025	-4.575	4.0000000000011
-123.347938076026	-4.55	4.00000000000113
-123.347938076026	-4.525	4.00000000000116
-123.347938076026	-4.5	4.00000000000119
-123.347938076026	-4.475	4.00000000000122
-123.347938076026	-4.45	4.00000000000125
-123.347938076026	-4.425	4.00000000000128
-123.347938076027	-4.4	4.00000000000132
-123.347938076027	-4.375	4.00000000000136
-123.347938076027	-4.35	4.0000000000014
-123.347938076027	-4.325	4.00000000000144
-123.347938076027	-4.3	4.00000000000147
-123.347938076028	-4.275	4.00000000000152
-123.347938076028	-4.25	4.00000000000156
-123.347938076028	-4.225	4.00000000000161
-123.347938076028	-4.2	4.00000000000166
-123.347938076029	-4.175	4.00000000000171
-123.347938076029	-4.15	4.00000000000176
-123.347938076029	-4.125	4.00000000000181
-123.347938076029	-4.1	4.00000000000187
-123.347938076029	-4.075	4.00000000000193
-123.34793807603	-4.05	4.00000000000199
-123.34793807603	-4.025	4.00000000000206
-123.34793807603	-4	4.00000000000212
-123.347938076031	-3.975	4.0000000000022
-123.347938076031	-3.95	4.00000000000227
-123.347938076031	-3.925	4.00000000000235
-123.347938076031	-3.9	4.00000000000243
-123.347938076032	-3.875	4.00000000000252
-123.347938076032	-3.85	4.00000000000261
-123.347938076033	-3.825	4.00000000000271
-123.347938076033	-3.8	4.00000000000281
-123.347938076033	-3.775	4.00000000000291
-123.347938076034	-3.75	4.00000000000303
-123.347938076034	-3.725	4.00000000000315
-123.347938076035	-3.7	4.00000000000327
-123.347938076035	-3.675	4.00000000000341
-123.347938076036	-3.65	4.00000000000356
-123.347938076036	-3.625	4.00000000000371
-123.347938076037	-3.6	4.00000000000387
-123.347938076038	-3.575	4.00000000000404
-123.347938076038	-3.55	4.00000000000423
-123.347938076039	-3.525	4.00000000000442
-123.34793807604	-3.5	4.00000000000464
-123.34793807604	-3.475	4.00000000000487
-123.347938076041	-3.45	4.00000000000511
-123.347938076042	-3.425	4.00000000000537
-123.347938076043	-3.4	4.00000000000566
-123.347938076044	-3.375	4.00000000000596
-123.347938076045	-3.35	4.0000000000063
-123.347938076047	-3.325	4.00000000000666
-123.347938076048	-3.3	4.00000000000705
-123.34793807605	-3.275	4.00000000000748
-123.347938076051	-3.25	4.00000000000795
-123.347938076053	-3.225	4.00000000000846
-123.347938076055	-3.2	4.00000000000903
-123.347938076057	-3.175	4.00000000000965
-123.347938076059	-3.15	4.00000000001034
-123.347938076061	-3.125	4.0000000000111
-123.347938076064	-3.1	4.00000000001196
-123.347938076067	-3.075	4.00000000001292
-123.34793807607	-3.05	4.000000000014
-123.347938076074	-3.025	4.00000000001522
-123.347938076078	-3	4.00000000001661
-123.347938076083	-2.975	4.0000000000182
-123.347938076088	-2.95	4.00000000002003
-123.347938076095	-2.925	4.00000000002216
-123.347938076102	-2.9	4.00000000002464
-123.34793807611	-2.875	4.00000000002757
-123.34793807612	-2.85	4.00000000003106
-123.347938076132	-2.825	4.00000000003525
-123.347938076147	-2.8	4.00000000004036
-123.347938076164	-2.775	4.00000000004668
-123.347938076186	-2.75	4.00000000005462
-123.347938076214	-2.725	4.00000000006478
-123.34793807625	-2.7	4.00000000007809
-123.347938076298	-2.675	4.00000000009599
-123.347938076365	-2.65	4.00000000012086
-123.34793807646	-2.625	4.00000000015688
-123.347938076603	-2.6	4.00000000021185
-123.347938076836	-2.575	4.00000000030186
-123.347938077253	-2.55	4.00000000046455
-123.347938078118	-2.525	4.00000000080596
-123.347938080438	-2.5	4.00000000173003
-123.347938091178	-2.475	4.0000000060541
-123.347939000137	-2.45	4.00000037663747
-125.796961094903	-2.425	4.99999999997765
-125.796961094951	-2.4	4.99999999999754
-125.79696109496	-2.375	5.00000000000121
-125.796961094963	-2.35	5.0000000000026
-125.796961094965	-2.325	5.00000000000334
-125.796961094966	-2.3	5.00000000000385
-125.796961094967	-2.275	5.00000000000426
-125.796961094968	-2.25	5.00000000000461
-125.796961094968	-2.225	5.00000000000495
-125.796961094969	-2.2	5.00000000000528
-125.79696109497	-2.175	5.00000000000562
-125.796961094971	-2.15	5.00000000000598
-125.796961094972	-2.125	5.00000000000635
-125.796961094972	-2.1	5.00000000000676
-125.796961094973	-2.075	5.00000000000719
-125.796961094974	-2.05	5.00000000000766
-125.796961094975	-2.025	5.00000000000817
-125.796961094977	-2	5.00000000000873
-125.796961094978	-1.975	5.00000000000935
-125.796961094979	-1.95	5.00000000001003
-125.796961094981	-1.925	5.00000000001078
-125.796961094982	-1.9	5.00000000001162
-125.796961094984	-1.875	5.00000000001257
-125.796961094986	-1.85	5.00000000001363
-125.796961094988	-1.825	5.00000000001483
-125.796961094991	-1.8	5.00000000001619
-125.796961094994	-1.775	5.00000000001776
-125.796961094997	-1.75	5.00000000001956
-125.796961095001	-1.725	5.00000000002166
-125.796961095005	-1.7	5.00000000002412
-125.79696109501	-1.675	5.00000000002703
-125.796961095016	-1.65	5.00000000003051
-125.796961095022	-1.625	5.00000000003472
-125.796961095031	-1.6	5.00000000003989
-125.796961095041	-1.575	5.00000000004633
-125.796961095054	-1.55	5.00000000005452
-125.79696109507	-1.525	5.00000000006514
-125.796961095092	-1.5	5.0000000000793
-125.796961095121	-1.475	5.00000000009879
-125.796961095162	-1.45	5.00000000012673
-125.796961095222	-1.425	5.00000000016891
-125.796961095319	-1.4	5.00000000023718
-125.796961095488	-1.375	5.00000000035901
-125.796961095831	-1.35	5.000000000611
-125.796961096724	-1.325	5.00000000128015
-125.796961100677	-1.3	5.00000000430031
-125.796961319584	-1.275	5.00000017553912
-127.068181466622	-1.25	5.99999999997601
-127.068181466649	-1.225	5.99999999999786
-127.068181466653	-1.2	6.00000000000133
-127.068181466655	-1.175	6.00000000000258
-127.068181466656	-1.15	6.00000000000325
-127.068181466656	-1.125	6.0000000000037
-127.068181466657	-1.1	6.00000000000406
-127.068181466657	-1.075	6.00000000000438
-127.068181466657	-1.05	6.00000000000468
-127.068181466658	-1.025	6.00000000000498
-127.068181466658	-1	6.00000000000528
-127.068181466658	-0.975	6.0000000000056
-127.068181466659	-0.95	6.00000000000594
-127.068181466659	-0.925	6.0000000000063
-127.06818146666	-0.899999999999999	6.00000000000668
-127.06818146666	-0.875	6.0000000000071
-127.06818146666	-0.85	6.00000000000756
-127.068181466661	-0.825	6.00000000000805
-127.068181466661	-0.8	6.00000000000859
-127.068181466662	-0.774999999999999	6.00000000000919
-127.068181466662	-0.75	6.00000000000985
-127.068181466663	-0.725	6.00000000001059
-127.068181466663	-0.7	6.00000000001141
-127.068181466664	-0.675	6.00000000001233
-127.068181466665	-0.649999999999999	6.00000000001337
-127.068181466666	-0.625	6.00000000001454
-127.068181466666	-0.6	6.00000000001589
-127.068181466667	-0.575	6.00000000001742
-127.068181466668	-0.55	6.0000000000192
-127.068181466669	-0.524999999999999	6.00000000002128
-127.068181466671	-0.5	6.00000000002372
-127.068181466672	-0.475	6.00000000002662
-127.068181466674	-0.45	6.00000000003011
-127.068181466676	-0.425	6.00000000003438
-127.068181466678	-0.399999999999999	6.00000000003964
-127.068181466681	-0.375	6.00000000004627
-127.068181466683	-0.35	6.00000000005481
-127.068181466687	-0.325	6.00000000006608
-127.068181466692	-0.3	6.00000000008145
-127.068181466699	-0.274999999999999	6.00000000010323
-127.068181466707	-0.25	6.00000000013574
-127.06818146672	-0.225	6.00000000018765
-127.068181466739	-0.199999999999999	6.00000000027902
-127.068181466774	-0.175	6.00000000046492
-127.068181466851	-0.149999999999999	6.00000000094848
-127.068181467134	-0.125	6.00000000305599
-127.068181476502	-0.0999999999999996	6.00000009330951
-127.162716678465	-0.0749999999999993	6.99999999319061
-127.162716678835	-0.0499999999999998	6.99999999868936
-127.162716678866	-0.0249999999999995	6.99999999946241
-127.16271667887	0	6.99999999970933
-127.162716678869	0.0250000000000004	6.99999999981844
-127.162716678867	0.0500000000000007	6.99999999987608
-127.162716678865	0.0750000000000002	6.99999999991021
-127.162716678863	0.100000000000001	6.9999999999321
-127.162716678861	0.125	6.99999999994697
-127.16271667886	0.15	6.99999999995754
-127.162716678858	0.175000000000001	6.99999999996534
-127.162716678857	0.2	6.99999999997126
-127.162716678856	0.225000000000001	6.99999999997586
-127.162716678856	0.25	6.99999999997953
-127.162716678855	0.275	6.99999999998249
-127.162716678854	0.300000000000001	6.99999999998493
-127.162716678853	0.325	6.99999999998697
-127.162716678853	0.350000000000001	6.99999999998869
-127.162716678853	0.375	6.99999999999017
-127.162716678852	0.4	6.99999999999145
-127.162716678852	0.425000000000001	6.99999999999257
-127.162716678851	0.45	6.99999999999357
-127.162716678851	0.475000000000001	6.99999999999446
-127.16271667885	0.5	6.99999999999527
-127.16271667885	0.525	6.99999999999601
-127.16271667885	0.550000000000001	6.9999999999967
-127.162716678849	0.575	6.99999999999734
-127.162716678849	0.600000000000001	6.99999999999794
-127.162716678849	0.625	6.99999999999852
-127.162716678848	0.65	6.99999999999908
-127.162716678848	0.675000000000001	6.99999999999963
-127.162716678848	0.7	7.00000000000017
-127.162716678847	0.725000000000001	7.00000000000071
-127.162716678847	0.75	7.00000000000127
-127.162716678846	0.775	7.00000000000184
-127.162716678846	0.800000000000001	7.00000000000243
-127.162716678845	0.825	7.00000000000305
-127.162716678845	0.850000000000001	7.00000000000371
-127.162716678845	0.875	7.00000000000442
-127.162716678844	0.9	7.00000000000519
-127.162716678843	0.925000000000001	7.00000000000604
-127.162716678842	0.95	7.00000000000698
-127.162716678841	0.975000000000001	7.00000000000804
-127.16271667884	1	7.00000000000924
-127.162716678839	1.025	7.00000000001062
-127.162716678837	1.05	7.00000000001221
-127.162716678835	1.075	7.00000000001409
-127.162716678833	1.1	7.00000000001632
-127.16271667883	1.125	7.00000000001902
-127.162716678826	1.15	7.00000000002233
-127.162716678821	1.175	7.00000000002646
-127.162716678815	1.2	7.00000000003171
-127.162716678806	1.225	7.00000000003855
-127.162716678795	1.25	7.00000000004772
-127.162716678779	1.275	7.0000000000604
-127.162716678756	1.3	7.00000000007868
-127.162716678719	1.325	7.00000000010645
-127.162716678659	1.35	7.00000000015165
-127.162716678549	1.375	7.00000000023271
-127.162716678315	1.4	7.00000000040092
-127.162716677684	1.425	7.00000000084716
-127.16271667482	1.45	7.00000000283437
-127.162716536292	1.475	7.00000009698445
-125.682564042311	1.5	7.99999999293296
-125.682564033798	1.525	7.9999999985793
-125.682564032545	1.55	7.99999999939599
-125.682564032129	1.575	7.99999999966202
-125.682564031939	1.6	7.99999999978189
-125.682564031835	1.625	7.99999999984648
-125.682564031772	1.65	7.99999999988545
-125.68256403173	1.675	7.9999999999109
-125.6825640317	1.7	7.9999999999285
-125.682564031678	1.725	7.99999999994122
-125.682564031662	1.75	7.99999999995074
-125.682564031649	1.775	7.99999999995806
-125.682564031639	1.8	7.99999999996383
-125.68256403163	1.825	7.99999999996845
-125.682564031623	1.85	7.99999999997222
-125.682564031618	1.875	7.99999999997534
-125.682564031613	1.9	7.99999999997795
-125.682564031608	1.925	7.99999999998017
-125.682564031605	1.95	7.99999999998206
-125.682564031602	1.975	7.99999999998369
-125.682564031599	2	7.9999999999851
-125.682564031597	2.025	7.99999999998633
-125.682564031594	2.05	7.99999999998742
-125.682564031592	2.075	7.99999999998839
-125.68256403159	2.1	7.99999999998925
-125.682564031589	2.125	7.99999999999001
-125.682564031588	2.15	7.9999999999907
-125.682564031586	2.175	7.99999999999132
-125.682564031585	2.2	7.99999999999188
-125.682564031584	2.225	7.99999999999239
-125.682564031583	2.25	7.99999999999286
-125.682564031582	2.275	7.99999999999329
-125.682564031581	2.3	7.99999999999368
-125.68256403158	2.325	7.99999999999404
-125.682564031579	2.35	7.99999999999438
-125.682564031579	2.375	7.99999999999469
-125.682564031578	2.4	7.99999999999499
-125.682564031577	2.425	7.99999999999527
-125.682564031577	2.45	7.99999999999555
-125.682564031576	2.475	7.99999999999582
-125.682564031575	2.5	7.99999999999611
-125.682564031575	2.525	7.99999999999642
-125.682564031574	2.55	7.9999999999968
-125.682564031572	2.575	7.99999999999741
-125.682564031569	2.6	7.99999999999864
-125.682564031558	2.625	8.00000000000301
-125.682564031338	2.65	8.00000000008594
-123.023467578664	2.675	8.99999998937939
-123.023467555463	2.7	8.99999999802837
-123.023467552315	2.725	8.99999999919035
-123.023467551309	2.75	8.99999999955812
-123.02346755086	2.775	8.99999999972056
-123.023467550621	2.8	8.99999999980663
-123.023467550477	2.825	8.99999999985785
-123.023467550383	2.85	8.99999999989085
-123.023467550319	2.875	8.99999999991341
-123.023467550272	2.9	8.99999999992954
-123.023467550238	2.925	8.99999999994148
-123.023467550211	2.95	8.99999999995058
-123.02346755019	2.975	8.99999999995769
-123.023467550173	3	8.99999999996335
-123.023467550159	3.025	8.99999999996793
-123.023467550148	3.05	8.9999999999717
-123.023467550138	3.075	8.99999999997483
-123.023467550131	3.1	8.99999999997747
-123.023467550124	3.125	8.99999999997971
-123.023467550118	3.15	8.99999999998163
-123.023467550112	3.175	8.99999999998329
-123.023467550108	3.2	8.99999999998473
-123.023467550104	3.225	8.999999999986
-123.0234675501	3.25	8.99999999998711
-123.023467550097	3.275	8.9999999999881
-123.023467550094	3.3	8.99999999998898
-123.023467550091	3.325	8.99999999998978
-123.023467550089	3.35	8.99999999999048
-123.023467550087	3.375	8.99999999999112
-123.023467550085	3.4	8.9999999999917
-123.023467550083	3.425	8.99999999999224
-123.023467550082	3.45	8.99999999999272
-123.02346755008	3.475	8.99999999999317
-123.023467550079	3.5	8.99999999999359
-123.023467550077	3.525	8.99999999999397
-123.023467550076	3.55	8.99999999999433
-123.023467550075	3.575	8.99999999999468
-123.023467550074	3.6	8.99999999999501
-123.023467550073	3.625	8.99999999999533
-123.023467550072	3.65	8.99999999999566
-123.02346755007	3.675	8.99999999999602
-123.023467550069	3.7	8.99999999999645
-123.023467550067	3.725	8.99999999999701
-123.023467550064	3.75	8.99999999999791
-123.023467550056	3.775	8.99999999999981
-123.023467550032	3.8	9.00000000000635
-123.023467549708	3.825	9.00000000009126
-119.1865329654	3.85	9.99999998399324
-119.186532914212	3.875	9.99999999726353
-119.186532907808	3.9	9.99999999891216
-119.186532905823	3.925	9.99999999941969
-119.186532904957	3.95	9.99999999963983
-119.186532904501	3.975	9.99999999975478
-119.186532904232	4	9.99999999982228
-119.18653290406	4.025	9.99999999986527
-119.186532903943	4.05	9.99999999989433
-119.186532903859	4.075	9.99999999991489
-119.186532903798	4.1	9.99999999992998
-119.186532903751	4.125	9.99999999994138
-119.186532903715	4.15	9.9999999999502
-119.186532903686	4.175	9.99999999995716
-119.186532903663	4.2	9.99999999996276
-119.186532903643	4.225	9.99999999996733
-119.186532903627	4.25	9.9999999999711
-119.186532903614	4.275	9.99999999997426
-119.186532903603	4.3	9.99999999997693
-119.186532903593	4.325	9.9999999999792
-119.186532903584	4.35	9.99999999998116
-119.186532903577	4.375	9.99999999998285
-119.186532903571	4.4	9.99999999998433
-119.186532903565	4.425	9.99999999998562
-119.18653290356	4.45	9.99999999998676
-119.186532903555	4.475	9.99999999998776
-119.186532903551	4.5	9.99999999998867
-119.186532903548	4.525	9.99999999998948
-119.186532903545	4.55	9.9999999999902
-119.186532903542	4.575	9.99999999999086
-119.186532903539	4.6	9.99999999999145
-119.186532903537	4.625	9.99999999999198
-119.186532903534	4.65	9.99999999999247
-119.186532903532	4.675	9.99999999999292
-119.18653290353	4.7	9.99999999999332
-119.186532903529	4.725	9.9999999999937
-119.186532903527	4.75	9.99999999999404
-119.186532903525	4.775	9.99999999999436
-119.186532903524	4.8	9.99999999999465
-119.186532903523	4.825	9.99999999999493
-119.186532903522	4.85	9.99999999999518
-119.186532903521	4.875	9.99999999999542
-119.18653290352	4.9	9.99999999999564
-119.186532903519	4.925	9.99999999999584
-119.186532903517	4.95	9.99999999999604
-119.186532903517	4.975	9.99999999999622
