-124.225585302831	-10	3.99194919721491
-124.225626011327	-9.95	3.99195327829059
-124.225667079775	-9.9	3.99195741619369
-124.225708516081	-9.85	3.99196161230009
-124.225750328352	-9.8	3.9919658680276
-124.225792524966	-9.75	3.99197018484317
-124.225835114502	-9.7	3.99197456425699
-124.225878105767	-9.65	3.99197900782658
-124.225921507724	-9.6	3.99198351714966
-124.225965329986	-9.55	3.99198809391679
-124.226009581794	-9.5	3.99199273980664
-124.226054273033	-9.45	3.99199745659161
-124.226099413821	-9.4	3.99200224609776
-124.226145014577	-9.35	3.9920071102119
-124.226191085946	-9.3	3.99201205087598
-124.226237638879	-9.25	3.99201707009586
-124.226284684712	-9.2	3.99202216995203
-124.226332235	-9.15	3.99202735258284
-124.226380301789	-9.1	3.99203262021555
-124.22642889734	-9.05	3.9920379751378
-124.226478034278	-9	3.99204341971578
-124.226527725676	-8.95	3.9920489564052
-124.226577984926	-8.9	3.99205458773859
-124.226628825965	-8.85	3.99206031635269
-124.226680263012	-8.8	3.99206614496105
-124.226732310733	-8.75	3.99207207637486
-124.226784984322	-8.7	3.99207811351354
-124.226838299435	-8.65	3.99208425940093
-124.226892272044	-8.6	3.99209051714959
-124.226946918788	-8.55	3.99209689000452
-124.227002256899	-8.5	3.99210338133724
-124.227058304081	-8.45	3.99210999463491
-124.227115078546	-8.4	3.99211673350677
-124.227172599137	-8.35	3.99212360170249
-124.227230885343	-8.3	3.99213060311615
-124.227289957326	-8.25	3.99213774179455
-124.227349835816	-8.2	3.99214502192688
-124.227410542363	-8.15	3.99215244787964
-124.227472099117	-8.1	3.99216002417386
-124.227534529106	-8.05	3.99216775552311
-124.227597856079	-8	3.99217564681902
-124.227662104622	-7.95	3.99218370315028
-124.227727300198	-7.9	3.99219192981223
-124.227793469107	-7.85	3.99220033230806
-124.227860638777	-7.8	3.99220891638967
-124.227928837356	-7.75	3.99221768801321
-124.227998094173	-7.7	3.99222665340327
-124.228068439613	-7.65	3.99223581904337
-124.228139905137	-7.6	3.99224519168612
-124.228212523429	-7.55	3.99225477837908
-124.228286328403	-7.5	3.99226458647374
-124.228361355202	-7.45	3.99227462363356
-124.228437640358	-7.4	3.99228489786401
-124.228515221802	-7.35	3.99229541752299
-124.228594138991	-7.3	3.9923061913477
-124.228674432857	-7.25	3.99231722845877
-124.228756145983	-7.2	3.99232853839424
-124.228839322691	-7.15	3.992340131134
-124.228924009128	-7.1	3.99235201712423
-124.229010253249	-7.05	3.99236420728846
-124.229098105067	-7	3.99237671307608
-124.229187616617	-6.95	3.99238954647264
-124.229278842135	-6.9	3.99240272004118
-124.229371838213	-6.85	3.99241624696171
-124.229466663976	-6.8	3.99243014107487
-124.229563381008	-6.75	3.99244441689088
-124.229662053519	-6.7	3.99245908963404
-124.229762748735	-6.65	3.99247417532261
-124.229865536802	-6.6	3.99248969077828
-124.229970491153	-6.55	3.99250565370657
-124.230077688623	-6.5	3.99252208274124
-124.230187209424	-6.45	3.9925389974698
-124.230299137714	-6.4	3.99255641855064
-124.230413561623	-6.35	3.99257436775159
-124.230530573551	-6.3	3.99259286803199
-124.230650270246	-6.25	3.99261194359295
-124.23077275346	-6.2	3.99263162002232
-124.230898129858	-6.15	3.99265192432557
-124.231026511607	-6.1	3.9926728850675
-124.23115801648	-6.05	3.99269453244188
-124.231292768473	-6	3.99271689842636
-124.231430897958	-5.95	3.9927400168689
-124.231572542292	-5.9	3.99276392365304
-124.23171784643	-5.85	3.99278865687239
-124.231866962771	-5.8	3.99281425687931
-124.23202005254	-5.75	3.9928407666027
-124.232177285788	-5.7	3.992868231638
-124.23233884251	-5.65	3.99289670053848
-124.232504912489	-5.6	3.99292622489213
-124.232675697032	-5.55	3.99295685974233
-124.232851409355	-5.5	3.99298866378247
-124.233032275341	-5.45	3.99302169962809
-124.233218534634	-5.4	3.99305603416252
-124.2334104418	-5.35	3.99309173891245
-124.233608267249	-5.3	3.99312889039477
-124.23381229877	-5.25	3.99316757059759
-124.234022842695	-5.2	3.99320786741126
-124.234240225475	-5.15	3.99324987516297
-124.234464795441	-5.1	3.99329369520934
-124.234696924545	-5.05	3.99333943655876
-124.234937010436	-5	3.99338721658712
-124.235185478543	-4.95	3.99343716179392
-124.235442784892	-4.9	3.99348940874595
-124.23570941829	-4.85	3.99354410493599
-124.235985904076	-4.8	3.99360141001493
-124.236272806636	-4.75	3.99366149682765
-124.236570734039	-4.7	3.99372455295179
-124.23688034157	-4.65	3.99379078208522
-124.237202336316	-4.6	3.99386040573448
-124.237537483264	-4.55	3.99393366532536
-124.237886610152	-4.5	3.99401082415727
-124.238250614577	-4.45	3.99409216996847
-124.238630471169	-4.4	3.99417801766241
-124.239027240344	-4.35	3.99426871255018
-124.239442077317	-4.3	3.99436463384233
-124.239876243184	-4.25	3.99446619882632
-124.240331116746	-4.2	3.99457386746873
-124.240808209087	-4.15	3.99468814795221
-124.241309178897	-4.1	3.99480960272894
-124.241835850992	-4.05	3.99493885572947
-124.242390237297	-4	3.99507660063261
-124.242974561178	-3.95	3.99522361049747
-124.243591285356	-3.9	3.99538074892099
-124.244243144635	-3.85	3.99554898316102
-124.244933183727	-3.8	3.99572939944611
-124.24566480185	-3.75	3.99592322109677
-124.246441804486	-3.7	3.99613182978445
-124.247268466282	-3.65	3.99635679127203
-124.248149600932	-3.6	3.99659988485206
-124.249090651621	-3.55	3.99686314059866
-124.25009779235	-3.5	3.99714888235552
-124.251178051562	-3.45	3.99745978022713
-124.252339464725	-3.4	3.99779891536516
-124.253591252698	-3.35	3.99816985719334
-124.25494404994	-3.3	3.99857676143827
-124.256410172266	-3.25	3.99902448772907
-124.258003955967	-3.2	3.99951874843722
-124.259742182238	-3.15	4.00006629613442
-124.261644598551	-3.1	4.00067515707901
-124.263734588032	-3.05	4.00135493183458
-124.266040018878	-3	4.00211718029457
-124.268594333755	-2.95	4.00297591976934
-124.271437964659	-2.9	4.0039482769815
-124.274620187645	-2.85	4.00505534984862
-124.278201575402	-2.8	4.00632335729772
-124.282257283751	-2.75	4.00778519338386
-124.286881502475	-2.7	4.00948255157382
-124.292193568331	-2.65	4.01146886940864
-124.298346461023	-2.6	4.01381346212491
-124.30553880031	-2.55	4.01660741838192
-124.314032029496	-2.5	4.01997213554853
-124.324175404512	-2.45	4.0240718737906
-124.336442928766	-2.4	4.02913253520356
-124.35148873625	-2.35	4.03547019517096
-124.370231231763	-2.3	4.0435350830203
-124.393982022938	-2.25	4.0539801050576
-124.424643264895	-2.2	4.06776784540283
-124.465003535907	-2.15	4.08633520752247
-124.519152757022	-2.1	4.11183346778265
-124.59296080192	-2.05	4.14742783275528
-124.694282717085	-2	4.19749836601968
-124.831831296343	-1.95	4.26718978362009
-125.010698934573	-1.9	4.36015925532396
-125.223959925463	-1.85	4.47393518306527
-125.447817994529	-1.8	4.59659829969792
-126.130623321244	-1.75	5.011411682094
-126.134489784076	-1.7	5.01365402918239
-126.138961937708	-1.65	5.01632516777963
-126.144186637627	-1.6	5.01954194708674
-126.150359459144	-1.55	5.02346331849211
-126.157745360663	-1.5	5.02830942900597
-126.166709982998	-1.45	5.03439117598524
-126.177767861925	-1.4	5.04215684056375
-126.191657757679	-1.35	5.0522669644516
-126.209461028533	-1.3	5.06571591330123
-126.232785629106	-1.25	5.08402885797885
-126.264037148962	-1.2	5.10957012664011
-126.306754132326	-1.15	5.1459717503542
-126.365780088066	-1.1	5.19851071720537
-126.446424462726	-1.05	5.27362819695612
-126.550800802099	-1	5.37556721772031
-126.671020853391	-0.949999999999999	5.49892978848803
-126.787460116704	-0.9	5.62476749338286
-126.881369755525	-0.85	5.7319699527647
-126.947409245142	-0.799999999999999	5.81188087258927
-126.990683913323	-0.75	5.86760704116521
-127.01853589955	-0.699999999999999	5.9059425087804
-127.036701503661	-0.65	5.93279828742858
-127.048909456837	-0.6	5.95229230433096
-127.057443823764	-0.549999999999999	5.96710806877624
-127.063692867009	-0.5	5.97899305466538
-127.068513408936	-0.449999999999999	5.98913038405973
-127.072448129082	-0.399999999999999	5.99838350843674
-127.130374163279	-0.35	6.08545746110505
-127.141488760543	-0.299999999999999	6.1197866445108
-127.154412301649	-0.25	6.16702180213016
-127.169290274151	-0.199999999999999	6.23356828918818
-127.185281554306	-0.149999999999999	6.32559951264792
-127.19987056337	-0.0999999999999996	6.44302269429403
-127.209545291224	-0.0499999999999989	6.572037492994
-127.212578804079	0	6.68979112412583
-127.210408189495	0.0500000000000007	6.78138768495939
-127.205649355943	0.100000000000001	6.84617807510061
-127.200180229246	0.15	6.89049390725657
-127.194890928773	0.200000000000001	6.9209812865051
-127.190074567961	0.25	6.94251862767029
-127.185751885817	0.300000000000001	6.9583065714726
-127.181836541599	0.350000000000001	6.97039146136579
-127.178203156811	0.4	6.98010123273343
-127.17470894879	0.450000000000001	6.98833387269776
-127.171193894308	0.5	6.99573883812599
-127.167468999991	0.550000000000001	7.00283444505967
-127.163294290491	0.600000000000001	7.01009191927109
-127.15834303945	0.65	7.01800771256324
-127.152143547366	0.700000000000001	7.02718218756048
-127.143982025486	0.75	7.03842468609403
-127.132737304565	0.800000000000001	7.05291249505138
-127.116598586936	0.850000000000001	7.0724431760174
-127.092599066992	0.9	7.09982505806192
-127.055936496102	0.950000000000001	7.13939294255683
-126.999369080233	1	7.19731714556298
-126.914108172179	1.05	7.28038535591961
-126.795384372184	1.1	7.39072978199021
-126.652563334613	1.15	7.51765794871389
-126.509945411637	1.2	7.63909387744494
-126.38935576625	1.25	7.73762626473918
-126.297414901828	1.3	7.80981702410207
-126.230066951597	1.35	7.86070209691861
-126.180589094531	1.4	7.89672235124867
-126.143188370763	1.45	7.92299103523244
-126.113558267258	1.5	7.94309268120349
-126.088458631369	1.55	7.95955852010555
-126.065111731707	1.6	7.97438381188613
-126.040521505811	1.65	7.98951273430381
-126.010573958514	1.7	8.00738126899028
-125.968760989799	1.75	8.03159967779097
-125.790243400069	1.8	8.11774234492816
-125.805772034362	1.85	8.12181039674087
-125.660225426475	1.9	8.19938083352369
-125.396091999988	1.95	8.32657858219629
-125.166588848001	2	8.44274643942542
-124.916719992321	2.05	8.56614574456599
-124.687988777439	2.1	8.67642024123374
-124.505397637204	2.15	8.76239586860346
-124.370474062758	2.2	8.82447086345057
-124.273472436363	2.25	8.86809604190272
-124.203581020712	2.3	8.89883681307037
-124.152399860745	2.35	8.92086292403147
-124.114111985618	2.4	8.93699260711311
-124.084829219075	2.45	8.94907373210279
-124.061958782379	2.5	8.95831831116056
-124.043751002937	2.55	8.96553215140524
-124.029003993337	2.6	8.97126120268157
-124.016875742869	2.65	8.97588300856696
-124.006764612535	2.7	8.97966401332404
-123.998232530961	2.75	8.9827959257056
-123.990954830328	2.8	8.98541919749316
-123.138122680993	2.85	9.3009691692213
-122.794609770867	2.9	9.42043870649735
-122.441749308912	2.95	9.54108434380013
-122.122041788929	3	9.64857512887222
-121.860529169054	3.05	9.73505632664735
-121.660349641544	3.1	9.80018226500457
-121.51189174372	3.15	9.84770915784666
-121.402546865469	3.2	9.88216291089208
-121.321400837261	3.25	9.90733443980023
-121.260294292987	3.3	9.92599980879995
-121.213472264186	3.35	9.9400864198334
-121.17695168487	3.4	9.95091072779328
-121.147975614945	3.45	9.95937333863309
-121.124617811147	3.5	9.96609679928284
-121.105513872322	3.55	9.97151769006057
-121.089682332311	3.6	9.97594710208174
-121.076405931909	3.65	9.97961033237477
-121.06515235188	3.7	9.98267313430712
-121.055520629667	3.75	9.98525930705777
-121.047204547793	3.8	9.98746262176944
-121.039967182924	3.85	9.98935504876381
-121.033623001768	3.9	9.99099250531044
-121.028025078086	3.95	9.99241893188157
-121.023055850604	4	9.99366922080794
-121.018620335509	4.05	9.99477135289898
-121.014641108308	4.1	9.99574796857757
-121.011054525898	4.15	9.99661754301277
-121.007807873226	4.2	9.99739526933063
-121.004857170841	4.25	9.99809373308175
-121.002165472953	4.3	9.99872343247369
-120.999701557974	4.35	9.99929317775584
-120.997438879097	4.4	9.99981040832744
-120.99535474139	4.45	10.0002814407177
-120.993429643153	4.5	10.0007116659919
-120.991646744117	4.55	10.0011057082134
-120.989991436704	4.6	10.0014675517145
-120.988450993149	4.65	10.0018006450746
-120.987014281182	4.7	10.0021079848728
-120.985671524099	4.75	10.0023921856131
-120.984414105141	4.8	10.002655536701
-120.983234403535	4.85	10.0029000499101
-120.982125657427	4.9	10.0031274988939
-120.981081848227	4.95	10.0033394523439
-120.980097602452	5	10.0035373019628
-120.979168109425	5.05	10.0037222858905
-120.97828905212	5.1	10.0038955083869
-120.977456543117	5.15	10.0040579575525
-120.976667076627	5.2	10.0042105190918
-120.97591748193	5.25	10.0043539891447
-120.975204885173	5.3	10.0044890849269
-120.974526675915	5.35	10.0046164539763
-120.973880478699	5.4	10.0047366820364
-120.973264126444	5.45	10.0048503002404
-120.972675639421	5.5	10.0049577909455
-120.97211320557	5.55	10.0050595930615
-120.97157516281	5.6	10.0051561067852
-120.971059984789	5.65	10.0052476975077
-120.970566267137	5.7	10.005334699466
-120.970092715541	5.75	10.0054174189137
-120.969638135932	5.8	10.0054961367885
-120.969201424249	5.85	10.0055711113414
-120.968781558981	5.9	10.0056425801762
-120.968377593292	5.95	10.0057107622776
-120.967988648466	6	10.00577585973
-120.967613908213	6.05	10.0058380592249
-120.967252612834	6.1	10.0058975335282
-120.966904054958	6.15	10.0059544426298
-120.966567574801	6.2	10.0060089349263
-120.966242556804	6.25	10.0060611481342
-120.965928425101	6.3	10.0061112103511
-120.965624641322	6.35	10.006159240708
-120.965330701184	6.4	10.0062053501859
-120.965046132122	6.45	10.0062496422368
-120.964770490514	6.5	10.006292213447
-120.964503359776	6.55	10.0063331540374
-120.964244348413	6.6	10.0063725483549
-120.963993087926	6.65	10.006410475365
-120.963749231472	6.7	10.0064470090147
-120.963512451995	6.75	10.0064822186586
-120.963282441119	6.8	10.0065161693584
-120.963058907781	6.85	10.0065489222092
-120.962841576898	6.9	10.0065805346484
-120.962630188536	6.95	10.0066110606818
-120.962424496551	7	10.006640551176
-120.962224268234	7.05	10.0066690539997
-120.962029282825	7.1	10.0066966143172
-120.961839331156	7.15	10.0067232747148
-120.96165421492	7.2	10.0067490753749
-120.961473745494	7.25	10.0067740543056
-120.96129774411	7.3	10.0067982473758
-120.961126040672	7.35	10.0068216885366
-120.960958473322	7.4	10.0068444099311
-120.960794888129	7.45	10.0068664419854
-120.960635138599	7.5	10.0068878135205
-120.960479085027	7.55	10.0069085518799
-120.960326594399	7.6	10.006928682983
-120.960177539699	7.65	10.0069482314523
-120.960031799802	7.7	10.0069672206614
-120.959889258902	7.75	10.0069856728416
-120.959749806977	7.8	10.0070036090514
-120.959613338085	7.85	10.0070210494243
-120.959479751534	7.9	10.0070380130431
-120.959348950463	7.95	10.0070545181465
-120.9592208428	8	10.0070705820294
-120.959095339743	8.05	10.007086221256
-120.958972356836	8.1	10.0071014515444
-120.958851812705	8.15	10.0071162879434
-120.958733629628	8.2	10.0071307447788
-120.95861773288	8.25	10.0071448357507
-120.958504050701	8.3	10.007158573953
-120.958392514379	8.35	10.0071719718766
-120.958283057968	8.4	10.0071850414592
-120.958175618036	8.45	10.0071977941273
-120.958070133588	8.5	10.0072102408178
-120.957966545816	8.55	10.007222392018
-120.95786479868	8.6	10.0072342577095
-120.957764837749	8.65	10.0072458475137
-120.957666610886	8.7	10.007257170621
-120.957570067926	8.75	10.0072682358378
-120.957475160391	8.8	10.0072790516277
-120.957381841697	8.85	10.0072896260961
-120.957290066935	8.9	10.0072999670223
-120.957199792775	8.95	10.0073100818779
-120.957110977561	9	10.0073199778235
-120.95702358088	9.05	10.0073296617626
-120.956937563915	9.1	10.0073391403088
-120.956852889232	9.15	10.0073484198157
-120.956769520504	9.2	10.0073575064117
-120.956687422808	9.25	10.0073664059742
-120.956606562387	9.3	10.007375124159
-120.956526906504	9.35	10.0073836664223
-120.956448423754	9.4	10.0073920379904
-120.956371083339	9.45	10.0074002439422
-120.956294856042	9.5	10.0074082891091
-120.956219713189	9.55	10.0074161781898
-120.956145627162	9.6	10.0074239156989
-120.956072571241	9.65	10.0074315059873
-120.956000519525	9.7	10.0074389532538
-120.95592944697	9.75	10.0074462615443
-120.955859329302	9.8	10.007453434764
-120.955790142981	9.85	10.0074604766837
-120.955721865234	9.9	10.007467390939
-120.95565447398	9.95	10.0074741810412
