-123.34793791507	-10	4.00000000000002
-123.34793791507	-9.95	4.00000000000001
-123.347937915069	-9.9	4
-123.34793791507	-9.85	4.00000000000001
-123.34793791507	-9.8	4.00000000000001
-123.347937915069	-9.75	4.00000000000001
-123.347937915069	-9.7	4
-123.34793791507	-9.65	4.00000000000002
-123.34793791507	-9.6	4.00000000000001
-123.34793791507	-9.55	4.00000000000001
-123.34793791507	-9.5	4.00000000000002
-123.347937915069	-9.45	4
-123.34793791507	-9.4	4.00000000000002
-123.34793791507	-9.35	4.00000000000004
-123.34793791507	-9.3	4.00000000000003
-123.34793791507	-9.25	4.00000000000002
-123.34793791507	-9.2	4.00000000000003
-123.34793791507	-9.15	4.00000000000003
-123.34793791507	-9.1	4.00000000000002
-123.34793791507	-9.05	4.00000000000005
-123.34793791507	-9	4.00000000000005
-123.347937915069	-8.95	4.00000000000003
-123.34793791507	-8.9	4.00000000000004
-123.34793791507	-8.85	4.00000000000004
-123.34793791507	-8.8	4.00000000000007
-123.34793791507	-8.75	4.00000000000006
-123.34793791507	-8.7	4.00000000000005
-123.34793791507	-8.65	4.00000000000006
-123.34793791507	-8.6	4.00000000000007
-123.34793791507	-8.55	4.00000000000006
-123.34793791507	-8.5	4.00000000000006
-123.347937915071	-8.45	4.00000000000007
-123.34793791507	-8.4	4.00000000000007
-123.347937915071	-8.35	4.00000000000008
-123.34793791507	-8.3	4.00000000000007
-123.34793791507	-8.25	4.00000000000008
-123.347937915071	-8.2	4.0000000000001
-123.34793791507	-8.15	4.00000000000006
-123.347937915071	-8.1	4.0000000000001
-123.34793791507	-8.05	4.00000000000009
-123.34793791507	-8	4.00000000000009
-123.34793791507	-7.95	4.00000000000008
-123.34793791507	-7.9	4.0000000000001
-123.34793791507	-7.85	4.00000000000009
-123.347937915071	-7.8	4.0000000000001
-123.347937915071	-7.75	4.00000000000012
-123.347937915071	-7.7	4.00000000000013
-123.34793791507	-7.65	4.00000000000011
-123.347937915071	-7.6	4.00000000000012
-123.34793791507	-7.55	4.00000000000011
-123.347937915071	-7.5	4.00000000000013
-123.34793791507	-7.45	4.00000000000012
-123.347937915071	-7.4	4.00000000000014
-123.347937915071	-7.35	4.00000000000014
-123.347937915071	-7.3	4.00000000000016
-123.347937915071	-7.25	4.00000000000017
-123.347937915071	-7.2	4.00000000000016
-123.347937915071	-7.15	4.00000000000016
-123.347937915071	-7.1	4.00000000000018
-123.347937915071	-7.05	4.00000000000017
-123.347937915071	-7	4.00000000000019
-123.347937915071	-6.95	4.00000000000018
-123.347937915071	-6.9	4.00000000000019
-123.347937915071	-6.85	4.00000000000019
-123.347937915071	-6.8	4.00000000000019
-123.347937915071	-6.75	4.0000000000002
-123.347937915071	-6.7	4.00000000000021
-123.347937915071	-6.65	4.00000000000022
-123.347937915071	-6.6	4.00000000000022
-123.347937915071	-6.55	4.00000000000022
-123.347937915071	-6.5	4.00000000000024
-123.347937915072	-6.45	4.00000000000027
-123.347937915072	-6.4	4.00000000000026
-123.347937915071	-6.35	4.00000000000027
-123.347937915072	-6.3	4.00000000000028
-123.347937915072	-6.25	4.00000000000029
-123.347937915071	-6.2	4.00000000000029
-123.347937915072	-6.15	4.0000000000003
-123.347937915072	-6.1	4.00000000000031
-123.347937915072	-6.05	4.00000000000033
-123.347937915072	-6	4.00000000000034
-123.347937915071	-5.95	4.00000000000034
-123.347937915072	-5.9	4.00000000000036
-123.347937915073	-5.85	4.00000000000039
-123.347937915072	-5.8	4.00000000000039
-123.347937915073	-5.75	4.00000000000042
-123.347937915073	-5.7	4.00000000000044
-123.347937915073	-5.65	4.00000000000045
-123.347937915073	-5.6	4.00000000000048
-123.347937915072	-5.55	4.00000000000047
-123.347937915073	-5.5	4.00000000000048
-123.347937915073	-5.45	4.00000000000052
-123.347937915074	-5.4	4.00000000000054
-123.347937915074	-5.35	4.00000000000056
-123.347937915073	-5.3	4.00000000000058
-123.347937915073	-5.25	4.00000000000059
-123.347937915073	-5.2	4.00000000000062
-123.347937915074	-5.15	4.00000000000065
-123.347937915074	-5.1	4.00000000000068
-123.347937915074	-5.05	4.00000000000071
-123.347937915075	-5	4.00000000000074
-123.347937915074	-4.95	4.00000000000077
-123.347937915074	-4.9	4.00000000000081
-123.347937915075	-4.85	4.00000000000085
-123.347937915075	-4.8	4.00000000000088
-123.347937915075	-4.75	4.00000000000093
-123.347937915075	-4.7	4.00000000000096
-123.347937915076	-4.65	4.00000000000102
-123.347937915076	-4.6	4.00000000000106
-123.347937915076	-4.55	4.00000000000112
-123.347937915076	-4.5	4.00000000000118
-123.347937915076	-4.45	4.00000000000124
-123.347937915077	-4.4	4.00000000000131
-123.347937915078	-4.35	4.0000000000014
-123.347937915078	-4.3	4.00000000000147
-123.347937915078	-4.25	4.00000000000156
-123.347937915079	-4.2	4.00000000000165
-123.347937915079	-4.15	4.00000000000176
-123.347937915079	-4.1	4.00000000000185
-123.347937915079	-4.05	4.00000000000197
-123.34793791508	-4	4.00000000000211
-123.347937915081	-3.95	4.00000000000225
-123.347937915082	-3.9	4.00000000000242
-123.347937915082	-3.85	4.00000000000259
-123.347937915083	-3.8	4.00000000000279
-123.347937915084	-3.75	4.00000000000301
-123.347937915085	-3.7	4.00000000000325
-123.347937915086	-3.65	4.00000000000353
-123.347937915087	-3.6	4.00000000000385
-123.347937915088	-3.55	4.00000000000422
-123.34793791509	-3.5	4.00000000000461
-123.347937915092	-3.45	4.0000000000051
-123.347937915093	-3.4	4.00000000000562
-123.347937915095	-3.35	4.00000000000627
-123.347937915098	-3.3	4.00000000000703
-123.3479379151	-3.25	4.0000000000079
-123.347937915104	-3.2	4.00000000000898
-123.347937915108	-3.15	4.0000000000103
-123.347937915113	-3.1	4.00000000001192
-123.34793791512	-3.05	4.00000000001398
-123.347937915127	-3	4.00000000001655
-123.347937915138	-2.95	4.00000000001999
-123.347937915151	-2.9	4.00000000002458
-123.347937915169	-2.85	4.00000000003097
-123.347937915195	-2.8	4.00000000004027
-123.347937915235	-2.75	4.00000000005455
-123.347937915299	-2.7	4.000000000078
-123.347937915413	-2.65	4.00000000012075
-123.347937915651	-2.6	4.00000000021158
-123.3479379163	-2.55	4.00000000046384
-123.347937919479	-2.5	4.00000000172702
-123.347938839336	-2.45	4.00000037669866
-125.796960950203	-2.4	4.99999999999764
-125.796960950215	-2.35	5.00000000000261
-125.796960950218	-2.3	5.00000000000386
-125.796960950219	-2.25	5.00000000000461
-125.796960950221	-2.2	5.00000000000527
-125.796960950222	-2.15	5.00000000000598
-125.796960950224	-2.1	5.00000000000675
-125.796960950226	-2.05	5.00000000000764
-125.796960950228	-2	5.00000000000872
-125.79696095023	-1.95	5.00000000001001
-125.796960950233	-1.9	5.00000000001161
-125.796960950237	-1.85	5.00000000001363
-125.796960950242	-1.8	5.00000000001618
-125.796960950248	-1.75	5.00000000001954
-125.796960950256	-1.7	5.0000000000241
-125.796960950267	-1.65	5.00000000003049
-125.796960950282	-1.6	5.00000000003988
-125.796960950305	-1.55	5.00000000005448
-125.796960950342	-1.5	5.00000000007924
-125.796960950412	-1.45	5.00000000012669
-125.796960950569	-1.4	5.00000000023707
-125.796960951081	-1.35	5.00000000061062
-125.796960955927	-1.3	5.00000000430003
-127.068181332102	-1.25	5.99999999999275
-127.068181332114	-1.2	6.00000000000263
-127.068181332112	-1.15	6.00000000000394
-127.068181332113	-1.1	6.00000000000428
-127.068181332113	-1.05	6.00000000000475
-127.068181332116	-1	6.00000000000527
-127.068181332116	-0.949999999999999	6.00000000000586
-127.068181332118	-0.9	6.00000000000658
-127.068181332119	-0.85	6.00000000000741
-127.068181332119	-0.799999999999999	6.0000000000084
-127.068181332121	-0.75	6.00000000000963
-127.068181332121	-0.699999999999999	6.00000000001109
-127.068181332122	-0.65	6.00000000001295
-127.068181332124	-0.6	6.00000000001535
-127.068181332125	-0.549999999999999	6.00000000001844
-127.068181332128	-0.5	6.00000000002267
-127.068181332131	-0.449999999999999	6.00000000002859
-127.068181332135	-0.399999999999999	6.00000000003724
-127.06818133214	-0.35	6.00000000005079
-127.068181332147	-0.299999999999999	6.00000000007395
-127.06818133216	-0.25	6.00000000011978
-127.068181332185	-0.199999999999999	6.00000000023584
-127.068181332272	-0.149999999999999	6.00000000075474
-127.068181339506	-0.0999999999999996	6.00000006998859
-127.162716548251	-0.0499999999999989	6.99999999886507
-127.162716548287	0	6.9999999997029
-127.162716548278	0.0500000000000007	6.99999999989462
-127.162716548271	0.100000000000001	6.99999999994943
-127.16271654827	0.15	6.99999999996657
-127.162716548269	0.200000000000001	6.99999999997615
-127.162716548269	0.25	6.99999999998189
-127.162716548267	0.300000000000001	6.99999999998675
-127.162716548263	0.350000000000001	6.99999999999181
-127.162716548262	0.4	6.99999999999393
-127.162716548261	0.450000000000001	6.9999999999955
-127.162716548263	0.5	6.99999999999615
-127.162716548259	0.550000000000001	6.99999999999777
-127.162716548262	0.600000000000001	6.99999999999825
-127.162716548262	0.65	6.99999999999912
-127.162716548258	0.700000000000001	7.00000000000009
-127.162716548258	0.75	7.00000000000084
-127.162716548259	0.800000000000001	7.00000000000189
-127.162716548259	0.850000000000001	7.00000000000315
-127.162716548257	0.9	7.00000000000406
-127.162716548256	0.950000000000001	7.00000000000598
-127.162716548255	1	7.00000000000785
-127.162716548252	1.05	7.00000000001055
-127.162716548248	1.1	7.00000000001156
-127.162716548244	1.15	7.00000000001466
-127.162716548233	1.2	7.00000000002716
-127.162716548217	1.25	7.00000000003887
-127.162716548198	1.3	7.00000000005116
-127.1627165481	1.35	7.00000000012914
-127.162716547891	1.4	7.0000000002762
-127.162716544508	1.45	7.00000000264177
-125.682563908638	1.5	7.99999999395807
-125.682563900294	1.55	7.99999999947874
-125.682563899857	1.6	7.99999999976422
-125.682563899649	1.65	7.99999999988894
-125.682563899598	1.7	7.99999999992361
-125.682563899555	1.75	7.99999999994807
-125.682563899514	1.8	7.9999999999658
-125.682563899507	1.85	7.99999999997218
-125.682563899497	1.9	7.99999999997799
-125.682563899488	1.95	7.99999999998209
-125.682563899487	2	7.99999999998481
-125.682563899484	2.05	7.9999999999871
-125.682563899475	2.1	7.99999999998921
-125.682563899475	2.15	7.99999999999056
-125.682563899472	2.2	7.99999999999172
-125.682563899472	2.25	7.99999999999271
-125.682563899466	2.3	7.99999999999358
-125.682563899469	2.35	7.99999999999428
-125.682563899467	2.4	7.99999999999489
-125.682563899464	2.45	7.99999999999548
-125.682563899463	2.5	7.99999999999608
-125.682563899457	2.55	7.99999999999666
-125.682563899455	2.6	7.99999999999944
-125.682563899246	2.65	8.00000000007665
-123.023467416187	2.7	8.99999999803002
-123.023467412036	2.75	8.99999999955816
-123.023467411348	2.8	8.9999999998068
-123.023467411109	2.85	8.99999999989094
-123.023467410999	2.9	8.99999999992946
-123.023467410937	2.95	8.99999999995048
-123.023467410899	3	8.99999999996324
-123.023467410874	3.05	8.99999999997159
-123.023467410857	3.1	8.99999999997743
-123.023467410844	3.15	8.99999999998156
-123.023467410833	3.2	8.99999999998461
-123.023467410826	3.25	8.99999999998703
-123.02346741082	3.3	8.99999999998887
-123.023467410815	3.35	8.9999999999904
-123.023467410811	3.4	8.99999999999159
-123.023467410808	3.45	8.99999999999265
-123.023467410804	3.5	8.99999999999347
-123.023467410802	3.55	8.99999999999422
-123.0234674108	3.6	8.99999999999492
-123.023467410797	3.65	8.99999999999556
-123.023467410794	3.7	8.99999999999628
-123.023467410789	3.75	8.99999999999774
-123.023467410758	3.8	9.00000000000604
-119.186532812903	3.85	9.99999998399299
-119.186532755316	3.9	9.99999999891075
-119.186532752459	3.95	9.9999999996398
-119.186532751735	4	9.99999999982214
-119.186532751445	4.05	9.99999999989422
-119.186532751299	4.1	9.99999999992987
-119.186532751216	4.15	9.99999999995016
-119.186532751164	4.2	9.9999999999627
-119.186532751129	4.25	9.99999999997102
-119.186532751103	4.3	9.99999999997672
-119.186532751086	4.35	9.99999999998107
-119.186532751072	4.4	9.9999999999842
-119.186532751061	4.45	9.99999999998666
-119.186532751052	4.5	9.99999999998855
-119.186532751046	4.55	9.99999999999011
-119.18653275104	4.6	9.9999999999913
-119.186532751035	4.65	9.99999999999232
-119.186532751031	4.7	9.99999999999316
-119.186532751027	4.75	9.99999999999389
-119.186532751025	4.8	9.99999999999453
-119.186532751022	4.85	9.99999999999503
-119.18653275102	4.9	9.9999999999955
-119.186532751018	4.95	9.99999999999587
-119.186532751016	5	9.99999999999623
-119.186532751015	5.05	9.99999999999657
-119.186532751014	5.1	9.99999999999684
-119.186532751012	5.15	9.99999999999698
-119.186532751011	5.2	9.99999999999724
-119.186532751011	5.25	9.99999999999747
-119.18653275101	5.3	9.99999999999763
-119.186532751009	5.35	9.9999999999978
-119.186532751008	5.4	9.99999999999791
-119.186532751007	5.45	9.99999999999802
-119.186532751007	5.5	9.9999999999982
-119.186532751006	5.55	9.99999999999834
-119.186532751006	5.6	9.99999999999838
-119.186532751005	5.65	9.99999999999848
-119.186532751004	5.7	9.99999999999853
-119.186532751004	5.75	9.99999999999862
-119.186532751003	5.8	9.99999999999868
-119.186532751002	5.85	9.99999999999872
-119.186532751002	5.9	9.9999999999988
-119.186532751003	5.95	9.99999999999891
-119.186532751002	6	9.99999999999894
-119.186532751002	6.05	9.99999999999903
-119.186532751001	6.1	9.99999999999903
-119.186532751001	6.15	9.99999999999906
-119.186532751001	6.2	9.99999999999913
-119.186532751	6.25	9.99999999999913
-119.186532751001	6.3	9.99999999999921
-119.186532751	6.35	9.99999999999924
-119.186532751	6.4	9.99999999999928
-119.186532751	6.45	9.99999999999932
-119.186532750999	6.5	9.99999999999931
-119.186532751	6.55	9.99999999999935
-119.186532750999	6.6	9.9999999999994
-119.186532750999	6.65	9.99999999999942
-119.186532751	6.7	9.99999999999944
-119.186532750999	6.75	9.99999999999947
-119.186532750998	6.8	9.99999999999946
-119.186532750999	6.85	9.99999999999948
-119.186532750999	6.9	9.99999999999953
-119.186532750999	6.95	9.99999999999953
-119.186532750998	7	9.99999999999954
-119.186532750999	7.05	9.99999999999956
-119.186532750998	7.1	9.99999999999954
-119.186532750998	7.15	9.99999999999959
-119.186532750997	7.2	9.99999999999956
-119.186532750998	7.25	9.99999999999961
-119.186532750997	7.3	9.99999999999961
-119.186532750997	7.35	9.99999999999964
-119.186532750998	7.4	9.99999999999969
-119.186532750998	7.45	9.99999999999966
-119.186532750997	7.5	9.99999999999965
-119.186532750997	7.55	9.99999999999969
-119.186532750997	7.6	9.9999999999997
-119.186532750997	7.65	9.99999999999974
-119.186532750997	7.7	9.9999999999997
-119.186532750997	7.75	9.99999999999969
-119.186532750996	7.8	9.99999999999972
-119.186532750997	7.85	9.99999999999973
-119.186532750998	7.9	9.99999999999978
-119.186532750996	7.95	9.99999999999975
-119.186532750996	8	9.99999999999973
-119.186532750997	8.05	9.99999999999979
-119.186532750996	8.1	9.99999999999976
-119.186532750997	8.15	9.9999999999998
-119.186532750996	8.2	9.9999999999998
-119.186532750997	8.25	9.99999999999979
-119.186532750996	8.3	9.99999999999978
-119.186532750996	8.35	9.99999999999982
-119.186532750996	8.4	9.99999999999983
-119.186532750996	8.45	9.99999999999983
-119.186532750996	8.5	9.99999999999984
-119.186532750996	8.55	9.9999999999998
-119.186532750996	8.6	9.99999999999981
-119.186532750996	8.65	9.99999999999984
-119.186532750996	8.7	9.99999999999986
-119.186532750996	8.75	9.99999999999985
-119.186532750996	8.8	9.99999999999985
-119.186532750996	8.85	9.99999999999986
-119.186532750995	8.9	9.99999999999983
-119.186532750995	8.95	9.99999999999986
-119.186532750996	9	9.99999999999985
-119.186532750996	9.05	9.99999999999988
-119.186532750996	9.1	9.99999999999987
-119.186532750995	9.15	9.99999999999986
-119.186532750996	9.2	9.99999999999991
-119.186532750995	9.25	9.99999999999986
-119.186532750995	9.3	9.99999999999991
-119.186532750996	9.35	9.99999999999992
-119.186532750996	9.4	9.99999999999992
-119.186532750995	9.45	9.99999999999991
-119.186532750995	9.5	9.99999999999993
-119.186532750995	9.55	9.9999999999999
-119.186532750995	9.6	9.99999999999992
-119.186532750994	9.65	9.99999999999985
-119.186532750994	9.7	9.99999999999986
-119.186532750995	9.75	9.99999999999991
-119.186532750995	9.8	9.99999999999991
-119.186532750995	9.85	9.99999999999992
-119.186532750995	9.9	9.99999999999993
-119.186532750995	9.95	9.99999999999989
