-124.33733281001	-5	3.65893402727981
-124.343216896554	-4.95	3.66011678962515
-124.349230486695	-4.9	3.66133785627756
-124.355378170388	-4.85	3.66259895457791
-124.361664759807	-4.8	3.66390191162859
-124.368095303594	-4.75	3.66524866145689
-124.374675101154	-4.7	3.66664125256504
-124.381409718151	-4.65	3.66808185614507
-124.388305003146	-4.6	3.66957277498122
-124.39536710543	-4.55	3.67111645310097
-124.402602493736	-4.5	3.67271548615349
-124.410017978898	-4.45	3.67437263325276
-124.417620732013	-4.4	3.67609082846886
-124.425418312394	-4.35	3.67787319521722
-124.433418690418	-4.3	3.67972306029775
-124.441630276187	-4.25	3.68164397011685
-124.450061948972	-4.2	3.68363970805197
-124.458723088519	-4.15	3.68571431330371
-124.467623612172	-4.1	3.68787210230207
-124.476774007974	-4.05	3.69011769043816
-124.486185378145	-4	3.6924560177224
-124.495869479317	-3.95	3.69489237524242
-124.505838772398	-3.9	3.69743243575757
-124.516106471053	-3.85	3.70008228591623
-124.526686596508	-3.8	3.70284846222656
-124.5375940368	-3.75	3.70573799059144
-124.548844608622	-3.7	3.70875842918795
-124.560455128458	-3.65	3.71191791680005
-124.572443484998	-3.6	3.71522522483211
-124.584828719393	-3.55	3.7186898151585
-124.597631111784	-3.5	3.72232190385082
-124.610872273793	-3.45	3.72613253121018
-124.624575250298	-3.4	3.73013363962233
-124.63876462635	-3.35	3.73433815870608
-124.653466642305	-3.3	3.73876009933093
-124.668709321303	-3.25	3.74341465858536
-124.684522599689	-3.2	3.74831833379857
-124.700938472622	-3.15	3.75348905031803
-124.71799114475	-3.1	3.75894630114365
-124.735717192126	-3.05	3.76471130156042
-124.754155732959	-3	3.7708071594793
-124.773348607008	-2.95	3.77725906299818
-124.793340562745	-2.9	3.78409448665242
-124.814179450769	-2.85	3.7913434177743
-124.83591642129	-2.8	3.79903860432974
-124.858606122243	-2.75	3.80721582531017
-124.882306896958	-2.7	3.81591418576998
-124.907080967827	-2.65	3.82517643420298
-124.932994609075	-2.6	3.83504930599281
-124.960118290921	-2.55	3.84558388909243
-124.988526785698	-2.5	3.85683601084521
-125.018299219263	-2.45	3.86886664176084
-125.049519047238	-2.4	3.88174230990779
-125.082273929739	-2.35	3.89553551616296
-125.116655475933	-2.3	3.9103251380938
-125.152758813844	-2.25	3.92619680137226
-125.190681953392	-2.2	3.94324319996537
-125.230524846726	-2.15	3.96156431383588
-125.272388147823	-2.1	3.98126751062342
-125.316371534749	-2.05	4.00246744875442
-125.362571539867	-2	4.02528572538945
-125.411078814334	-1.95	4.04985019321321
-125.461974711864	-1.9	4.076293834665
-125.515327150939	-1.85	4.10475310097243
-125.571185677553	-1.8	4.13536558527336
-125.629575780113	-1.75	4.16826694647934
-125.690492478234	-1.7	4.20358696627978
-125.753893403894	-1.65	4.24144471450702
-125.81969169158	-1.6	4.28194285338481
-125.887749191997	-1.55	4.32516124372815
-125.95787070577	-1.5	4.37115017298912
-126.029800118614	-1.45	4.41992372644183
-126.103219422079	-1.4	4.47145402273136
-126.177751606964	-1.35	4.5256672207235
-126.252968134724	-1.3	4.58244223098531
-126.328401245298	-1.25	4.64161297009554
-126.403560610536	-1.2	4.70297462320829
-126.477952979512	-1.15	4.76629378348735
-126.551102769321	-1.1	4.83132168104576
-126.622570946798	-1.05	4.89780889154073
-126.69196987966	-1	4.96551969155945
-126.758972273941	-0.95	5.0342440219395
-126.823313587872	-0.899999999999999	5.10380562653142
-126.884788387439	-0.85	5.1740655914475
-126.94324214396	-0.8	5.24492143436417
-126.998560522035	-0.75	5.31630266855943
-127.050658086483	-0.7	5.38816404374943
-127.099468135889	-0.649999999999999	5.46047796035343
-127.144934574258	-0.6	5.53322711755743
-127.187006232549	-0.55	5.60639822920965
-127.225633505075	-0.5	5.67997715815629
-127.26076688722	-0.45	5.75394549162074
-127.292356897902	-0.399999999999999	5.82827835743091
-127.320354921081	-0.35	5.90294323237721
-127.344714577064	-0.3	5.97789946170948
-127.365393380426	-0.25	6.05309838224441
-127.382354493379	-0.199999999999999	6.12848400737973
-127.395568416941	-0.149999999999999	6.20399433745282
-127.405014440801	-0.0999999999999996	6.27956336162815
-127.410681647668	-0.0499999999999998	6.35512379131369
-127.412569250226	0	6.43061040705658
-127.410686083309	0.0500000000000007	6.50596378658786
-127.405049164273	0.100000000000001	6.58113405265108
-127.395681373845	0.15	6.65608417545492
-127.382608470152	0.2	6.73079237852094
-127.3658557827	0.25	6.80525329974348
-127.345445019521	0.300000000000001	6.87947768690427
-127.321391631673	0.350000000000001	6.95349061143439
-127.29370310751	0.4	7.02732839040449
-127.262378443636	0.45	7.10103454647421
-127.227408852344	0.5	7.1746552868654
-127.1887796025	0.550000000000001	7.24823497230337
-127.146472721364	0.600000000000001	7.32181205562054
-127.100470206974	0.65	7.39541582609943
-127.050757341471	0.7	7.46906420910032
-126.997325779983	0.75	7.54276263435738
-126.940176112263	0.800000000000001	7.61650395044888
-126.879319792168	0.850000000000001	7.69026913219055
-126.814780393024	0.9	7.76402855781796
-126.746594229544	0.95	7.83774362690728
-126.674810412264	1	7.91136854594356
-126.599490376825	1.05	7.98485219068949
-126.52070687815	1.1	8.0581400332147
-126.438542339972	1.15	8.13117621358633
-126.353086476511	1.2	8.20390578989489
-126.264433171418	1.25	8.2762771357849
-126.172676685064	1.3	8.34824439529758
-126.077907616888	1.35	8.41976966061644
-125.980209175948	1.4	8.49082453106216
-125.879654784849	1.45	8.56139046422092
-125.776308089972	1.5	8.6314574378782
-125.670226479997	1.55	8.7010205315401
-125.561469078918	1.6	8.7700742095302
-125.450109512499	1.65	8.83860454517052
-125.336252958879	1.7	8.90658004553532
-125.220055893986	1.75	8.97394224027829
-125.101745937677	1.8	9.04059753536404
-124.981638304933	1.85	9.10641203942556
-124.86014522831	1.9	9.17121082573927
-124.737775478414	1.95	9.23478243294852
-124.615122511884	2	9.29688855567636
-124.492841918332	2.05	9.35727782641946
-124.371620902408	2.1	9.4157017798399
-124.252143993677	2.15	9.47193071858202
-124.135059613091	2.2	9.52576736519454
-124.020951578997	2.25	9.57705676223507
-123.910318216081	2.3	9.62569174298312
-123.803560206106	2.35	9.67161405317597
-123.700976756564	2.4	9.71481185082492
-123.602768728236	2.45	9.75531459220908
-123.50904685144	2.5	9.7931863766932
-123.419843054973	2.55	9.82851871627497
-123.335123308162	2.6	9.86142341858792
-123.254800540054	2.65	9.89202611773786
-123.178746864333	2.7	9.92046066894942
-123.106804491327	2.75	9.94686453926536
-123.038795114899	2.8	9.97137516318188
-122.974527684101	2.85	9.99412719269856
-122.913804690373	2.9	10.0152505030004
-122.856427079624	2.95	10.0348688389284
-122.802197994205	3	10.0530989686761
-122.750925519017	3.05	10.0700502367612
-122.702424645793	3.1	10.0858244077291
-122.656518573058	3.15	10.1005157350612
-122.613039503504	3.2	10.114211182991
-122.571829069862	3.25	10.1269907463898
-122.532738453094	3.3	10.1389278402335
-122.495628293773	3.35	10.1500897220066
-122.460368452347	3.4	10.160537927622
-122.426837648433	3.45	10.1703287108392
-122.394923062017	3.5	10.1795134620547
-122.364519862029	3.55	10.1881391180108
-122.335530734577	3.6	10.1962485429354
-122.307865398882	3.65	10.2038808868011
-122.28144013356	3.7	10.2110719163967
-122.256177302684	3.75	10.2178543242178
-122.23200494148	3.8	10.2242580011368
-122.208856306861	3.85	10.2303103004312
-122.186669499901	3.9	10.2360362661971
-122.165387074464	3.95	10.2414588507297
-122.144955743756	4	10.2465990936492
-122.125325977732	4.05	10.2514763169634
-122.106451796001	4.1	10.2561082601996
-122.088290419436	4.15	10.2605112416215
-122.070802065008	4.2	10.2647002754445
-122.053949691341	4.25	10.2686891938171
-122.037698800374	4.3	10.2724907485291
-122.022017217868	4.35	10.2761167117259
-122.006874939104	4.4	10.2795779559659
-121.99224394038	4.45	10.2828845374903
-121.978098043724	4.5	10.2860457629371
-121.9644127711	4.55	10.2890702547069
-121.951165216452	4.6	10.2919660088478
-121.938333929164	4.65	10.2947404473426
-121.925898805073	4.7	10.2974004659842
-121.913840985914	4.75	10.2999524779315
-121.902142774483	4.8	10.3024024516949
-121.890787545147	4.85	10.3047559481213
-121.879759669471	4.9	10.307018152374
-121.86904444417	4.95	10.3091939038213
