-124.234937010423	-5	3.99338721658436
-124.235185478491	-4.95	3.99343716178333
-124.235442784784	-4.9	3.99348940872377
-124.235709418295	-4.85	3.99354410493702
-124.235985903971	-4.8	3.99360140999296
-124.236272806608	-4.75	3.99366149682141
-124.23657073401	-4.7	3.99372455294527
-124.236880341463	-4.65	3.993790782062
-124.23720233634	-4.6	3.99386040573951
-124.237537483426	-4.55	3.99393366536077
-124.237886610179	-4.5	3.99401082416313
-124.238250614697	-4.45	3.99409216999531
-124.238630471297	-4.4	3.99417801769136
-124.239027240437	-4.35	3.9942687125715
-124.239442077383	-4.3	3.99436463385756
-124.239876243157	-4.25	3.99446619881983
-124.240331116887	-4.2	3.99457386750227
-124.2408082092	-4.15	3.99468814797941
-124.24130917906	-4.1	3.99480960276855
-124.241835850951	-4.05	3.99493885571924
-124.242390237065	-4	3.99507660057444
-124.242974560842	-3.95	3.99522361041214
-124.243591285196	-3.9	3.99538074887998
-124.24424314426	-3.85	3.99554898306363
-124.244933183144	-3.8	3.99572939929254
-124.245664801481	-3.75	3.99592322099828
-124.246441804149	-3.7	3.9961318296934
-124.247268465823	-3.65	3.99635679114638
-124.248149600623	-3.6	3.99659988476615
-124.249090651753	-3.55	3.99686314063561
-124.250097792673	-3.5	3.99714888244767
-124.251178052186	-3.45	3.99745978040796
-124.252339464071	-3.4	3.99779891517257
-124.253591252374	-3.35	3.99816985709636
-124.254944049412	-3.3	3.99857676127841
-124.256410171524	-3.25	3.99902448750059
-124.258003956576	-3.2	3.99951874862753
-124.259742183229	-3.15	4.00006629644887
-124.261644598673	-3.1	4.00067515711831
-124.263734587289	-3.05	4.00135493159077
-124.266040018269	-3	4.00211718009134
-124.268594332801	-2.95	4.00297591944589
-124.271437964191	-2.9	4.00394827682012
-124.274620187618	-2.85	4.00505534983911
-124.278201574524	-2.8	4.00632335698384
-124.282257284225	-2.75	4.00778519355632
-124.286881502271	-2.7	4.00948255149815
-124.292193567096	-2.65	4.01146886894253
-124.298346461501	-2.6	4.01381346230873
-124.305538801492	-2.55	4.01660741884562
-124.314032030745	-2.5	4.01997213604798
-124.324175407312	-2.45	4.02407187493332
-124.336442932048	-2.4	4.02913253657115
-124.351488740692	-2.35	4.03547019706127
-124.370231238141	-2.3	4.04353508579293
-124.393982031512	-2.25	4.05398010886792
-124.424643260759	-2.2	4.06776784352303
-124.465003529415	-2.15	4.0863352045027
-124.519152757483	-2.1	4.11183346800218
-124.59296079263	-2.05	4.14742782822291
-124.694282715844	-2	4.19749836539843
-124.831831296801	-1.95	4.26718978385515
-125.010698951787	-1.9	4.360159264384
-125.223959959111	-1.85	4.4739352012532
-125.447818002712	-1.8	4.59659830424373
-125.651920645124	-1.75	4.71155019200246
-125.938378099006	-1.65	4.87960573638892
-126.078431553945	-1.55	4.96680593854826
-126.116846655489	-1.5	4.99197466817377
-126.145417877638	-1.45	5.01133387601921
-126.169467056539	-1.4	5.02820710450724
-126.192579365095	-1.35	5.04501905146769
-126.217484795182	-1.3	5.06382508066124
-126.246733788431	-1.25	5.0867829871065
-126.283205956359	-1.2	5.11658494208722
-126.330479406677	-1.15	5.15686256090541
-126.392866824753	-1.1	5.21238442304353
-126.474439273873	-1.05	5.28835371827986
-126.575913166248	-1	5.38744394253689
-126.689907729127	-0.95	5.50441159720586
-126.80053230483	-0.899999999999999	5.62397488725361
-126.892548263282	-0.85	5.72903719154149
-126.960557046976	-0.8	5.81135402050329
-127.130374165098	-0.35	6.08545746630333
-127.141488761909	-0.3	6.1197866490622
-127.154412302064	-0.25	6.16702180379378
-127.169290274576	-0.199999999999999	6.23356829131428
-127.185281554725	-0.149999999999999	6.32559951544431
-127.199870563755	-0.0999999999999996	6.44302269813995
-127.209545291116	-0.0499999999999998	6.57203749084381
-127.21257880408	0	6.68979112252168
-127.210408189732	0.0500000000000007	6.78138768024299
-127.205649355788	0.100000000000001	6.84617807665567
-127.200180229363	0.15	6.89049390648449
-127.194890928614	0.2	6.92098128730716
-127.190074568251	0.25	6.942518626514
-127.185751886457	0.300000000000001	6.95830656934327
-127.181836541711	0.350000000000001	6.97039146104613
-127.178203156753	0.4	6.98010123287947
-127.17470894874	0.45	6.98833387280981
-127.171193894143	0.5	6.99573883845534
-127.167468999495	0.550000000000001	7.00283444596145
-127.163294290473	0.600000000000001	7.01009191930121
-127.158343040053	0.65	7.01800771163625
-127.152143547471	0.7	7.02718218741118
-127.143982025171	0.75	7.03842468651479
-127.132737305156	0.800000000000001	7.05291249431388
-127.116598585001	0.850000000000001	7.07244317829338
-127.092599064877	0.9	7.09982506041329
-127.055936497949	0.95	7.1393929406125
-126.999369077821	1	7.19731714797528
-126.914108167358	1.05	7.28038536051202
-126.795384372256	1.1	7.390729781924
-126.652563336908	1.15	7.51765794671802
-126.509945408521	1.2	7.63909388004251
-126.389355766877	1.25	7.73762626423821
-126.297414910486	1.3	7.80981701744263
-126.230066957801	1.35	7.86070209232357
-126.180589097332	1.4	7.89672234924834
-126.143188371425	1.45	7.92299103477653
-126.113558269917	1.5	7.9430926794302
-125.231451972613	2	8.41897107432444
-124.984083228527	2.05	8.5411381521762
-124.755929496016	2.1	8.65112915194306
-124.567996336782	2.15	8.73961358115323
-124.423533315605	2.2	8.80607234067045
-124.315456519495	2.25	8.85467484853855
-124.234351670363	2.3	8.89034491186665
-124.172038409769	2.35	8.9171591559287
-124.122197949868	2.4	8.9381526460897
-124.079916719054	2.45	8.9555926420471
-124.04094423268	2.5	8.97134045843922
-124.000802597575	2.55	8.9872362232331
-123.953575558666	2.6	9.00557057101605
-123.890085503153	2.65	9.02974443837901
-123.795554286725	2.7	9.06506059749899
-123.649030567406	2.75	9.11879669250848
-123.430722083112	2.8	9.19742650923818
-123.138122669328	2.85	9.30096917331452
-122.794609782763	2.9	9.42043870239508
-122.441749299431	2.95	9.54108434701423
-122.122041798009	3	9.64857512584565
-121.860529173412	3.05	9.73505632521904
-121.660349646591	3.1	9.80018226337712
-121.511891746853	3.15	9.84770915685199
-121.40254684936	3.2	9.88216291592653
-121.321400829653	3.25	9.90733444214134
-121.260294291183	3.3	9.92599980934688
-121.213472262655	3.35	9.94008642029044
-121.176951692986	3.4	9.95091072540613
-121.147975618565	3.45	9.95937333758372
-121.12461781169	3.5	9.96609679912778
-121.105513872554	3.55	9.97151768999526
-121.089682330888	3.6	9.97594710247715
-121.076405933467	3.65	9.97961033194811
-121.065152351235	3.7	9.98267313448148
-121.05552063007	3.75	9.98525930695016
-121.047204546427	3.8	9.98746262212927
-121.039967182608	3.85	9.98935504884626
-121.033623001273	3.9	9.99099250543745
-121.02802507888	3.95	9.99241893168054
-121.023055850957	4	9.99366922071989
-121.018620335097	4.05	9.99477135300063
-121.014641107816	4.1	9.99574796869748
-121.011054525893	4.15	9.99661754301431
-121.007807873345	4.2	9.99739526930239
-121.004857169594	4.25	9.99809373337534
-121.00216547274	4.3	9.99872343252343
-120.999701558164	4.35	9.99929317771224
-120.99743887889	4.4	9.99981040837461
-120.995354741159	4.45	10.0002814407699
-120.993429642754	4.5	10.0007116660806
-120.991646743778	4.55	10.0011057082879
-120.98999143607	4.6	10.0014675518524
-120.988450992826	4.65	10.001800645144
-120.987014280914	4.7	10.00210798493
-120.985671523835	4.75	10.0023921856687
-120.984414104807	4.8	10.0026555367706
-120.983234403272	4.85	10.0029000499645
-120.982125657332	4.9	10.0031274989133
-120.981081848091	4.95	10.0033394523712
