-123.347938076023	-5	4.00000000000074
-123.347938076024	-4.95	4.00000000000077
-123.347938076024	-4.9	4.0000000000008
-123.347938076024	-4.85	4.00000000000084
-123.347938076024	-4.8	4.00000000000088
-123.347938076024	-4.75	4.00000000000092
-123.347938076025	-4.7	4.00000000000097
-123.347938076025	-4.65	4.00000000000101
-123.347938076025	-4.6	4.00000000000107
-123.347938076025	-4.55	4.00000000000112
-123.347938076026	-4.5	4.00000000000118
-123.347938076026	-4.45	4.00000000000124
-123.347938076026	-4.4	4.00000000000131
-123.347938076027	-4.35	4.00000000000139
-123.347938076027	-4.3	4.00000000000146
-123.347938076027	-4.25	4.00000000000155
-123.347938076028	-4.2	4.00000000000165
-123.347938076028	-4.15	4.00000000000175
-123.347938076029	-4.1	4.00000000000186
-123.347938076029	-4.05	4.00000000000198
-123.34793807603	-4	4.00000000000211
-123.34793807603	-3.95	4.00000000000226
-123.347938076031	-3.9	4.00000000000242
-123.347938076032	-3.85	4.0000000000026
-123.347938076033	-3.8	4.00000000000279
-123.347938076033	-3.75	4.00000000000302
-123.347938076034	-3.7	4.00000000000326
-123.347938076035	-3.65	4.00000000000354
-123.347938076036	-3.6	4.00000000000386
-123.347938076038	-3.55	4.00000000000421
-123.347938076039	-3.5	4.00000000000462
-123.347938076041	-3.45	4.0000000000051
-123.347938076043	-3.4	4.00000000000564
-123.347938076045	-3.35	4.00000000000628
-123.347938076048	-3.3	4.00000000000704
-123.347938076051	-3.25	4.00000000000793
-123.347938076054	-3.2	4.00000000000901
-123.347938076058	-3.15	4.00000000001032
-123.347938076063	-3.1	4.00000000001195
-123.34793807607	-3.05	4.00000000001399
-123.347938076078	-3	4.0000000000166
-123.347938076088	-2.95	4.00000000002002
-123.347938076101	-2.9	4.00000000002463
-123.34793807612	-2.85	4.00000000003104
-123.347938076146	-2.8	4.00000000004035
-123.347938076186	-2.75	4.0000000000546
-123.34793807625	-2.7	4.00000000007808
-123.347938076364	-2.65	4.00000000012085
-123.347938076603	-2.6	4.00000000021183
-123.347938077252	-2.55	4.00000000046453
-123.347938080437	-2.5	4.00000000173001
-123.347939000136	-2.45	4.00000037663743
-125.796961094951	-2.4	4.99999999999754
-125.796961094963	-2.35	5.0000000000026
-125.796961094966	-2.3	5.00000000000386
-125.796961094968	-2.25	5.00000000000461
-125.796961094969	-2.2	5.00000000000528
-125.796961094971	-2.15	5.00000000000598
-125.796961094973	-2.1	5.00000000000676
-125.796961094974	-2.05	5.00000000000766
-125.796961094977	-2	5.00000000000873
-125.796961094979	-1.95	5.00000000001002
-125.796961094982	-1.9	5.00000000001162
-125.796961094986	-1.85	5.00000000001362
-125.796961094991	-1.8	5.00000000001619
-125.796961094997	-1.75	5.00000000001956
-125.796961095005	-1.7	5.00000000002411
-125.796961095015	-1.65	5.0000000000305
-125.796961095031	-1.6	5.00000000003988
-125.796961095054	-1.55	5.00000000005451
-125.796961095092	-1.5	5.00000000007929
-125.796961095161	-1.45	5.00000000012672
-125.796961095319	-1.4	5.00000000023716
-125.79696109583	-1.35	5.00000000061097
-125.796961100677	-1.3	5.0000000043003
-127.068181466622	-1.25	5.99999999997655
-127.068181466653	-1.2	6.00000000000131
-127.068181466655	-1.15	6.00000000000323
-127.068181466656	-1.1	6.00000000000404
-127.068181466657	-1.05	6.00000000000466
-127.068181466658	-1	6.00000000000527
-127.068181466658	-0.95	6.00000000000592
-127.068181466659	-0.899999999999999	6.00000000000666
-127.06818146666	-0.85	6.00000000000753
-127.06818146666	-0.8	6.00000000000856
-127.068181466661	-0.75	6.00000000000982
-127.068181466663	-0.7	6.00000000001137
-127.068181466664	-0.649999999999999	6.00000000001333
-127.068181466666	-0.6	6.00000000001585
-127.068181466668	-0.55	6.00000000001917
-127.06818146667	-0.5	6.00000000002368
-127.068181466673	-0.45	6.00000000003008
-127.068181466677	-0.399999999999999	6.0000000000396
-127.068181466683	-0.35	6.00000000005477
-127.068181466691	-0.3	6.00000000008141
-127.068181466706	-0.25	6.00000000013567
-127.068181466738	-0.199999999999999	6.00000000027897
-127.06818146685	-0.149999999999999	6.00000000094841
-127.068181476501	-0.0999999999999996	6.00000009330846
-127.162716678835	-0.0499999999999998	6.9999999986717
-127.16271667887	0	6.99999999970544
-127.162716678867	0.0500000000000007	6.99999999987445
-127.162716678863	0.100000000000001	6.9999999999312
-127.16271667886	0.15	6.99999999995699
-127.162716678858	0.2	6.99999999997089
-127.162716678856	0.25	6.99999999997927
-127.162716678855	0.300000000000001	6.99999999998475
-127.162716678853	0.350000000000001	6.99999999998856
-127.162716678852	0.4	6.99999999999135
-127.162716678851	0.45	6.9999999999935
-127.162716678851	0.5	6.99999999999522
-127.16271667885	0.550000000000001	6.99999999999666
-127.162716678849	0.600000000000001	6.99999999999793
-127.162716678849	0.65	6.99999999999908
-127.162716678848	0.7	7.00000000000018
-127.162716678847	0.75	7.00000000000129
-127.162716678846	0.800000000000001	7.00000000000247
-127.162716678845	0.850000000000001	7.00000000000377
-127.162716678844	0.9	7.00000000000527
-127.162716678842	0.95	7.00000000000708
-127.16271667884	1	7.00000000000936
-127.162716678837	1.05	7.00000000001237
-127.162716678833	1.1	7.00000000001654
-127.162716678826	1.15	7.00000000002262
-127.162716678815	1.2	7.00000000003213
-127.162716678795	1.25	7.00000000004836
-127.162716678755	1.3	7.00000000007973
-127.162716678657	1.35	7.00000000015368
-127.162716678308	1.4	7.00000000040634
-127.162716674765	1.45	7.00000000287281
-125.682564042321	1.5	7.99999999292589
-125.682564032544	1.55	7.99999999939574
-125.682564031939	1.6	7.99999999978179
-125.682564031771	1.65	7.99999999988541
-125.682564031699	1.7	7.99999999992845
-125.682564031661	1.75	7.99999999995069
-125.682564031638	1.8	7.99999999996377
-125.682564031622	1.85	7.99999999997216
-125.682564031612	1.9	7.9999999999779
-125.682564031604	1.95	7.99999999998201
-125.682564031598	2	7.99999999998505
-125.682564031593	2.05	7.99999999998737
-125.682564031589	2.1	7.9999999999892
-125.682564031587	2.15	7.99999999999065
-125.682564031584	2.2	7.99999999999183
-125.682564031582	2.25	7.99999999999281
-125.68256403158	2.3	7.99999999999363
-125.682564031579	2.35	7.99999999999433
-125.682564031577	2.4	7.99999999999494
-125.682564031576	2.45	7.99999999999549
-125.682564031575	2.5	7.99999999999604
-125.682564031573	2.55	7.99999999999675
-125.682564031568	2.6	7.99999999999857
-125.682564031337	2.65	8.00000000008597
-123.023467555464	2.7	8.99999999802803
-123.023467551309	2.75	8.99999999955813
-123.023467550621	2.8	8.99999999980664
-123.023467550383	2.85	8.99999999989084
-123.023467550272	2.9	8.99999999992953
-123.023467550211	2.95	8.99999999995057
-123.023467550173	3	8.99999999996333
-123.023467550148	3.05	8.99999999997167
-123.02346755013	3.1	8.99999999997744
-123.023467550117	3.15	8.9999999999816
-123.023467550107	3.2	8.99999999998471
-123.0234675501	3.25	8.99999999998709
-123.023467550094	3.3	8.99999999998896
-123.023467550089	3.35	8.99999999999046
-123.023467550085	3.4	8.99999999999168
-123.023467550081	3.45	8.9999999999927
-123.023467550078	3.5	8.99999999999355
-123.023467550076	3.55	8.9999999999943
-123.023467550073	3.6	8.99999999999497
-123.023467550071	3.65	8.99999999999562
-123.023467550068	3.7	8.99999999999641
-123.023467550063	3.75	8.99999999999786
-123.023467550031	3.8	9.00000000000631
-119.186532965401	3.85	9.99999998399301
-119.186532907808	3.9	9.99999999891217
-119.186532904957	3.95	9.99999999963982
-119.186532904233	4	9.99999999982229
-119.186532903943	4.05	9.99999999989434
-119.186532903798	4.1	9.99999999992997
-119.186532903714	4.15	9.99999999995018
-119.186532903662	4.2	9.99999999996274
-119.186532903627	4.25	9.99999999997108
-119.186532903602	4.3	9.9999999999769
-119.186532903584	4.35	9.99999999998113
-119.18653290357	4.4	9.99999999998429
-119.186532903559	4.45	9.99999999998672
-119.186532903551	4.5	9.99999999998862
-119.186532903544	4.55	9.99999999999016
-119.186532903538	4.6	9.9999999999914
-119.186532903534	4.65	9.99999999999243
-119.18653290353	4.7	9.99999999999328
-119.186532903526	4.75	9.99999999999399
-119.186532903523	4.8	9.9999999999946
-119.186532903521	4.85	9.99999999999513
-119.186532903519	4.9	9.99999999999558
-119.186532903517	4.95	9.99999999999598
