-124.337332809741	-5	3.65893402722589
-124.343216895885	-4.95	3.66011678948989
-124.349230486301	-4.9	3.66133785619691
-124.35537817011	-4.85	3.66259895452002
-124.361664759656	-4.8	3.66390191159674
-124.368095303578	-4.75	3.66524866145261
-124.374675101263	-4.7	3.66664125258733
-124.381409718457	-4.65	3.66808185621005
-124.388305003604	-4.6	3.66957277507972
-124.395367106	-4.55	3.67111645322484
-124.402602494838	-4.5	3.67271548639705
-124.410017979788	-4.45	3.6743726334512
-124.417620733111	-4.4	3.67609082871663
-124.425418313443	-4.35	3.67787319545627
-124.433418691389	-4.3	3.67972306052131
-124.441630277061	-4.25	3.68164397032021
-124.450061949751	-4.2	3.68363970823496
-124.458723089888	-4.15	3.68571431363094
-124.467623613498	-4.1	3.6878721026224
-124.47677400935	-4.05	3.69011769077454
-124.486185379041	-4	3.69245601794299
-124.495869480244	-3.95	3.69489237547341
-124.505838773397	-3.9	3.69743243600965
-124.516106472107	-3.85	3.70008228618588
-124.526686597597	-3.8	3.70284846250883
-124.537594037495	-3.75	3.70573799077198
-124.548844610641	-3.7	3.70875842972888
-124.560455130492	-3.65	3.71191791735217
-124.572443487	-3.6	3.71522522538302
-124.584828721377	-3.55	3.71868981571192
-124.597631113711	-3.5	3.72232190439568
-124.610872276057	-3.45	3.72613253186041
-124.624575252771	-3.4	3.7301336403432
-124.638764628531	-3.35	3.73433815935044
-124.653466644501	-3.3	3.73876009998952
-124.668709324805	-3.25	3.7434146596559
-124.684522603056	-3.2	3.74831833484295
-124.700938475804	-3.15	3.75348905132027
-124.717991147577	-3.1	3.75894630204733
-124.735717196212	-3.05	3.76471130289138
-124.754155735651	-3	3.77080716036761
-124.773348608328	-2.95	3.77725906343656
-124.793340562516	-2.9	3.78409448656399
-124.814179449939	-2.85	3.79134341747275
-124.83591641993	-2.8	3.79903860383376
-124.858606120873	-2.75	3.80721582480092
-124.882306894949	-2.7	3.81591418501426
-124.907080967636	-2.65	3.82517643411898
-124.9329946121	-2.6	3.83504930714408
-124.960118291025	-2.55	3.84558388912068
-124.988526785716	-2.5	3.8568360108394
-125.018299219567	-2.45	3.86886664187147
-125.049519048263	-2.4	3.88174231032133
-125.082273930599	-2.35	3.89553551651504
-125.116655477996	-2.3	3.91032513897629
-125.152758818338	-2.25	3.92619680335414
-125.190681957697	-2.2	3.94324320190639
-125.23052484974	-2.15	3.96156431522157
-125.272388146519	-2.1	3.98126750998592
-125.316371531115	-2.05	4.00246744696458
-125.362571536043	-2	4.0252857234594
-125.411078812112	-1.95	4.04985019205554
-125.461974710977	-1.9	4.07629383418009
-125.515327148445	-1.85	4.10475309960545
-125.571185674408	-1.8	4.13536558350655
-125.62957577698	-1.75	4.16826694466949
-125.690492475829	-1.7	4.20358696484486
-125.753893405813	-1.65	4.24144471564995
-125.819691693281	-1.6	4.28194285442678
-125.887749192182	-1.55	4.32516124382606
-125.957870705222	-1.5	4.37115017260158
-126.029800116949	-1.45	4.41992372527128
-126.103219421062	-1.4	4.47145402198172
-126.177751604515	-1.35	4.52566721888633
-126.252968133122	-1.3	4.58244222972898
-126.328401243435	-1.25	4.64161296857988
-126.403560602374	-1.2	4.70297461638079
-126.477952976319	-1.15	4.76629378068435
-126.55110277098	-1.1	4.83132168252743
-126.622570951744	-1.05	4.89780889622271
-126.691969884206	-1	4.96551969607585
-126.758972278451	-0.95	5.03424402665553
-126.823313591821	-0.899999999999999	5.10380563088701
-126.884788388374	-0.85	5.17406559251436
-126.943242148854	-0.8	5.24492144044583
-126.998560524175	-0.75	5.31630267137561
-127.050658088068	-0.7	5.38816404597467
-127.099468136187	-0.649999999999999	5.46047796076945
-127.144934574269	-0.6	5.53322711752882
-127.187006232941	-0.55	5.60639822987342
-127.225633505951	-0.5	5.67997715985343
-127.260766887798	-0.45	5.75394549284527
-127.292356898412	-0.399999999999999	5.8282783586408
-127.320354921289	-0.35	5.9029432328986
-127.344714577228	-0.3	5.97789946216591
-127.365393380497	-0.25	6.05309838242063
-127.382354493568	-0.199999999999999	6.12848400818852
-127.395568417204	-0.149999999999999	6.20399433901926
-127.405014440891	-0.0999999999999996	6.27956336224743
-127.410681647722	-0.0499999999999998	6.35512379184931
-127.412569250254	0	6.43061040517807
-127.410686083481	0.0500000000000007	6.50596378371598
-127.405049164454	0.100000000000001	6.58113405112944
-127.395681374076	0.15	6.65608417411533
-127.382608470082	0.2	6.7307923790214
-127.365855782429	0.25	6.80525330095155
-127.345445019441	0.300000000000001	6.8794776872761
-127.321391631285	0.350000000000001	6.95349061263646
-127.293703106993	0.4	7.02732839177821
-127.262378443677	0.45	7.10103454645861
-127.227408852658	0.5	7.17465528630419
-127.188779603021	0.550000000000001	7.24823497142066
-127.146472722435	0.600000000000001	7.32181205389675
-127.100470207376	0.65	7.39541582553951
-127.05075734268	0.7	7.46906420742909
-126.997325780684	0.75	7.54276263347552
-126.940176110631	0.800000000000001	7.6165039525391
-126.879319788647	0.850000000000001	7.69026913638176
-126.814780390607	0.9	7.76402856055044
-126.746594227539	0.95	7.8377436290638
-126.674810409521	1	7.91136854873064
-126.599490373359	1.05	7.98485219403284
-126.520706876766	1.1	8.05814003451484
-126.438542335493	1.15	8.13117621752108
-126.353086471486	1.2	8.20390579412184
-126.26443316638	1.25	8.27627713985465
-126.172676688911	1.3	8.34824439237665
-126.077907618062	1.35	8.41976965978416
-125.98020917533	1.4	8.49082453154087
-125.879654785765	1.45	8.56139046362477
-125.776308089966	1.5	8.63145743791741
-125.670226480745	1.55	8.70102053109148
-125.561469080074	1.6	8.77007420884111
-125.45010951554	1.65	8.83860454336024
-125.336252958122	1.7	8.90658004601241
-125.220055892289	1.75	8.97394224127894
-125.101745939738	1.8	9.04059753424913
-124.981638305264	1.85	9.10641203927641
-124.86014522566	1.9	9.17121082716314
-124.737775474747	1.95	9.23478243485807
-124.615122507691	2	9.29688855780125
-124.492841914022	2.05	9.35727782854928
-124.371620897718	2.1	9.41570178210009
-124.252143990547	2.15	9.47193072006453
-124.135059613193	2.2	9.52576736517456
-124.020951579382	2.25	9.57705676209063
-123.910318217875	2.3	9.62569174222921
-123.803560210911	2.35	9.67161405115727
-123.700976762722	2.4	9.71481184828457
-123.602768734819	2.45	9.75531458954756
-123.509046853973	2.5	9.79318637570501
-123.419843059337	2.55	9.82851871458863
-123.33512331201	2.6	9.86142341713227
-123.254800544147	2.65	9.89202611621767
-123.178746867882	2.7	9.92046066765936
-123.106804495803	2.75	9.94686453766164
-123.038795117405	2.8	9.97137516231039
-122.974527686997	2.85	9.9941271917062
-122.913804694432	2.9	10.0152505016245
-122.856427084367	2.95	10.0348688373444
-122.802197996934	3	10.0530989677904
-122.750925522164	3.05	10.0700502357529
-122.702424649792	3.1	10.0858244064626
-122.656518575537	3.15	10.1005157342976
-122.613039506783	3.2	10.1142111819899
-122.571829073981	3.25	10.1269907451458
-122.532738458186	3.3	10.138927838714
-122.495628299753	3.35	10.1500897202451
-122.460368455399	3.4	10.1605379267476
-122.426837651621	3.45	10.1703287099385
-122.394923064662	3.5	10.1795134613222
-122.364519864685	3.55	10.1881391172858
-122.335530737276	3.6	10.1962485422091
-122.307865401328	3.65	10.2038808861544
-122.281440133534	3.7	10.2110719164268
-122.25617730624	3.75	10.2178543232928
-122.232004945189	3.8	10.2242580001838
-122.208856309898	3.85	10.2303102996656
-122.186669498678	3.9	10.2360362665336
-122.165387078618	3.95	10.2414588497009
-122.144955740226	4	10.2465990945545
-122.125325978004	4.05	10.251476316919
-122.106451791266	4.1	10.256108261377
-122.088290415427	4.15	10.2605112426099
-122.070802060616	4.2	10.2647002765128
-122.053949691437	4.25	10.2686891938167
-122.037698798761	4.3	10.2724907489265
-122.022017216351	4.35	10.2761167120968
-122.006874934766	4.4	10.2795779569741
-121.992243936897	4.45	10.2828845382953
-121.978098040337	4.5	10.2860457637121
-121.964412768086	4.55	10.2890702553919
-121.951165213966	4.6	10.2919660094108
-121.938333926641	4.65	10.2947404479075
-121.925898801875	4.7	10.2974004666869
-121.913840983527	4.75	10.299952478456
-121.902142772602	4.8	10.3024024521089
-121.890787543662	4.85	10.3047559484497
-121.879759667966	4.9	10.3070181527036
-121.869044442772	4.95	10.3091939041262
