-123.953112967787	-5	3.99963608320205
-123.953140748047	-4.95	3.99964166740424
-123.953169649051	-4.9	3.9996475358772
-123.95319973874	-4.85	3.99965370838973
-123.953231090606	-4.8	3.9996602064766
-123.953263784232	-4.75	3.99966705362484
-123.953297905932	-4.7	3.99967427549102
-123.953333549461	-4.65	3.9996819001475
-123.953370816829	-4.6	3.99968995836199
-123.953409819215	-4.55	3.99969848391575
-123.953450678011	-4.5	3.99970751396666
-123.953493526001	-4.45	3.99971708946465
-123.953538508714	-4.4	3.99972725562816
-123.953585785963	-4.35	3.99973806249226
-123.953635533625	-4.3	3.99974956554112
-123.953687945672	-4.25	3.99976182643971
-123.953743236525	-4.2	3.99977491388355
-123.953801643782	-4.15	3.99978890458821
-123.953863431382	-4.1	3.99980388444615
-123.953928893301	-4.05	3.99981994988368
-123.953998357872	-4	3.99983720945899
-123.954072192872	-3.95	3.99985578575153
-123.954150811521	-3.9	3.99987581760531
-123.954234679587	-3.85	3.99989746280413
-123.954324323866	-3.8	3.9999209012768
-123.954420342308	-3.75	3.99994633895623
-123.954523416217	-3.7	3.99997401244979
-123.954634324993	-3.65	4.00000419472248
-123.95475396407	-3.6	4.00003720205262
-123.954883366868	-3.55	4.00007340259732
-123.955023731829	-3.5	4.00011322700921
-123.955176455955	-3.45	4.00015718168703
-123.955343176703	-3.4	4.00020586543613
-123.955525824742	-3.35	4.00025999058221
-123.955726690939	-3.3	4.00032040995542
-123.9559485122	-3.25	4.000388151691
-123.956194582513	-3.2	4.00046446455019
-123.956468898129	-3.15	4.00055087756567
-123.956776349522	-3.1	4.00064927943717
-123.957122978342	-3.05	4.00076202553031
-123.957516325995	-3	4.00089208402771
-123.957965913495	-2.95	4.00104323851577
-123.95848391271	-2.9	4.00122037336786
-123.959086102146	-2.85	4.0014298829854
-123.959793254825	-2.8	4.00168027033081
-123.960633198237	-2.75	4.00198304177411
-123.961643947711	-2.7	4.00235407830707
-123.962878606453	-2.65	4.00281579597906
-123.964413273636	-2.6	4.00340065920268
-123.966360277081	-2.55	4.00415710527919
-123.96889126309	-2.5	4.00515996409019
-123.972279513345	-2.45	4.00652970914937
-123.976982150276	-2.4	4.00847016630241
-123.983811420972	-2.35	4.01134775965561
-123.994323463412	-2.3	4.01587299021722
-124.011799232033	-2.25	4.0235626850215
-124.044066935601	-2.2	4.03808378060366
-124.112986339614	-2.15	4.06982266617497
-124.290417801021	-2.1	4.15348971847879
-124.787194423386	-2.05	4.39336224728854
-125.645474150672	-2	4.81731220155264
-125.965787083747	-1.95	4.97874486695985
-125.99699221902	-1.9	4.9948956360579
-126.004060552873	-1.85	4.99865651470377
-126.006905257363	-1.8	5.00021291098849
-126.008559909649	-1.75	5.00114432990705
-126.00982459121	-1.7	5.00187725491451
-126.011001453025	-1.65	5.00257991879865
-126.012251275407	-1.6	5.0033493173237
-126.013699913196	-1.55	5.00426960597763
-126.015487222674	-1.5	5.00544247367914
-126.017809388169	-1.45	5.00701824438811
-126.020982913704	-1.4	5.00924770701015
-126.025573235359	-1.35	5.01259052686769
-126.032696654619	-1.3	5.0179754013796
-126.044834571619	-1.25	5.02751471646403
-126.068412951886	-1.2	5.04681307780281
-126.123603344072	-1.15	5.09394722243621
-126.282893891014	-1.1	5.23613813062709
-126.656240502415	-1.05	5.58408188915317
-126.93655744611	-1	5.85657861027626
-127.031723408292	-0.95	5.95375036840747
-127.061450919972	-0.899999999999999	5.98571844488937
-127.06985901378	-0.85	5.99527680524261
-127.072732490677	-0.8	5.99874510204566
-127.074058563795	-0.75	6.00045112509838
-127.074870729957	-0.7	6.00156951288688
-127.075503013782	-0.649999999999999	6.00250580985527
-127.0760928432	-0.6	6.00345005220531
-127.076715454365	-0.55	6.00453433152094
-127.077429740686	-0.5	6.00589774835887
-127.078301249829	-0.45	6.00773784315846
-127.079423772113	-0.399999999999999	6.01038938319333
-127.080955007161	-0.35	6.01449427082002
-127.083196033629	-0.3	6.02144072112238
-127.086803383053	-0.25	6.03470083152304
-127.093454858024	-0.199999999999999	6.0647657400455
-127.108121864096	-0.149999999999999	6.15091038807084
-127.140713862064	-0.0999999999999996	6.42043568269619
-127.168213432852	-0.0499999999999998	6.7771694878915
-127.172374575857	0	6.91600411991441
-127.171463943338	0.0500000000000007	6.95983240579919
-127.170216872891	0.100000000000001	6.97722999743801
-127.169187475735	0.15	6.98564450035085
-127.168379005215	0.2	6.9903229139401
-127.167736415078	0.25	6.9932023127496
-127.167211918321	0.300000000000001	6.99512031100277
-127.166770040584	0.350000000000001	6.9964853276832
-127.166384425658	0.4	6.99751650617439
-127.166034433182	0.45	6.9983415832927
-127.165702457702	0.5	6.99904130537529
-127.165371734677	0.550000000000001	6.99967162072886
-127.165024236183	0.600000000000001	7.00027601099995
-127.164638197483	0.65	7.00089345568767
-127.164184640045	0.7	7.00156491965959
-127.163621826865	0.75	7.00234044386124
-127.162885612238	0.800000000000001	7.00328923053397
-127.161871420885	0.850000000000001	7.00451679044107
-127.160398197645	0.9	7.00619773660873
-127.158130543338	0.95	7.00864477857957
-127.154394336232	1	7.01246889902398
-127.147687081029	1.05	7.01899716192373
-127.134172972533	1.1	7.03153379496223
-127.102127571663	1.15	7.05992425265534
-127.007456952021	1.2	7.14017623856147
-126.699249937834	1.25	7.39091554290386
-126.23996037328	1.3	7.75158934916461
-126.038848576264	1.35	7.90392827800848
-125.971786856126	1.4	7.9528498602628
-125.944005788781	1.45	7.97239045367445
-125.929970484459	1.5	7.98192288184186
-125.921824664859	1.55	7.98727196713743
-125.916609978162	1.6	7.99058669474789
-125.913019422073	1.65	7.99279837318961
-125.910399975503	1.7	7.99436346035886
-125.908390446999	1.75	7.99552916158122
-125.906770116431	1.8	7.99644248749444
-125.905385394907	1.85	7.99720149848807
-125.904104073403	1.9	7.99788495153431
-125.902767524639	1.95	7.99857912321284
-125.901095266713	2	7.99942528511808
-125.898382252675	2.05	8.00076338835544
-125.892107062367	2.1	8.00378156069953
-125.867159165738	2.15	8.01548498114291
-125.613812917655	2.2	8.13143808584068
-124.657740310658	2.25	8.56108263319985
-124.053581177176	2.3	8.82709064694901
-123.834569875889	2.35	8.92146575629427
-123.750516939901	2.4	8.95690987041811
-123.711356289505	2.45	8.97307771342708
-123.690092531852	2.5	8.98167728969186
-123.677204419582	2.55	8.9867854740841
-123.668733395701	2.6	8.99007733791921
-123.662803915295	2.65	8.99233743134439
-123.658429593915	2.7	8.9939734494934
-123.655041919401	2.75	8.99521710559353
-123.6522792345	2.8	8.99621295565771
-123.649876423924	2.85	8.99706365579667
-123.647587039344	2.9	8.99785997237616
-123.645086524794	2.95	8.99871465891005
-123.641753342068	3	8.99983445089097
-123.635924485857	3.05	9.00175952696302
-123.621213936321	3.1	9.00653638647636
-123.554207704207	3.15	9.02792827713762
-122.831645365228	3.2	9.25485485509532
-121.470430699256	3.25	9.67730684446497
-120.879208044065	3.3	9.85805027137925
-120.648131115152	3.35	9.92762560548384
-120.547214172394	3.4	9.95755476946799
-120.496199016603	3.45	9.9724610311156
-120.467198116841	3.5	9.98081187939501
-120.449191469855	3.55	9.98592287379844
-120.437238763307	3.6	9.98926782290741
-120.428883618812	3.65	9.99157361368924
-120.422799210335	3.7	9.99322982092891
-120.418219403051	3.75	9.99445968766765
-120.41467704954	3.8	9.99539832621523
-120.41187415514	3.85	9.99613129797864
-120.409613278625	3.9	9.99671488727032
-120.407759310881	3.95	9.99718733775469
-120.406217193482	4	9.99757536910333
-120.404918413453	4.05	9.99789810692504
-120.403812535413	4.1	9.99816953462256
-120.402861732147	4.15	9.99840006931248
-120.402037157927	4.2	9.9985976017455
-120.401316486964	4.25	9.99876819877999
-120.400682207345	4.3	9.99891658795574
-120.400120416172	4.35	9.99904649812291
-120.399619954034	4.4	9.99916090300695
-120.399171773546	4.45	9.99926219809256
-120.398768472125	4.5	9.99935233091189
-120.39840394176	4.55	9.99943289826765
-120.398073103346	4.6	9.99950521965189
-120.397771702954	4.65	9.99957039330279
-120.397496153975	4.7	9.99962933944419
-120.397243413677	4.75	9.99968283395458
-120.397010885799	4.8	9.99973153481629
-120.396796343084	4.85	9.99977600306375
-120.396597865167	4.9	9.99981671950271
-120.396413788448	4.95	9.99985409815081
