-124.412064226097	-10	3.91402795509514
-124.41269355539	-9.95	3.91409104601462
-124.413326047268	-9.9	3.91415477342558
-124.413961748696	-9.85	3.91421914852935
-124.414600707909	-9.8	3.91428418282802
-124.41524297447	-9.75	3.91434988813567
-124.415888599307	-9.7	3.91441627658907
-124.416537634761	-9.65	3.91448336065921
-124.417190134632	-9.6	3.91455115316314
-124.417846154327	-9.55	3.91461966728642
-124.418505750514	-9.5	3.91468891655463
-124.41916898168	-9.45	3.91475891489933
-124.419835908382	-9.4	3.91482967669396
-124.420506592021	-9.35	3.91490121663129
-124.421181096736	-9.3	3.91497354993457
-124.421859487726	-9.25	3.91504669218727
-124.422541832547	-9.2	3.91512065948198
-124.42322820065	-9.15	3.91519546838069
-124.423918663539	-9.1	3.91527113594266
-124.424613294846	-9.05	3.91534767974395
-124.425312170417	-9	3.9154251178976
-124.426015368388	-8.95	3.91550346907477
-124.426722969249	-8.9	3.91558275252427
-124.42743505597	-8.85	3.91566298809959
-124.42815171406	-8.8	3.91574419627945
-124.428873031675	-8.75	3.91582639819413
-124.429599099713	-8.7	3.91590961565151
-124.430330011914	-8.65	3.9159938711645
-124.431065864976	-8.6	3.91607918798005
-124.431806758766	-8.55	3.91616559012162
-124.432552796003	-8.5	3.91625310236989
-124.433304083049	-8.45	3.91634175037395
-124.434060729583	-8.4	3.91643156063318
-124.434822848848	-8.35	3.91652256054731
-124.435590557778	-8.3	3.91661477845319
-124.436363977212	-8.25	3.91670824367303
-124.437143231912	-8.2	3.91680298654102
-124.437928450856	-8.15	3.91689903846349
-124.438719767339	-8.1	3.91699643195802
-124.439517319161	-8.05	3.91709520070408
-124.44032124881	-8	3.91719537959491
-124.441131703653	-7.95	3.91729700479195
-124.441948836138	-7.9	3.91740011378236
-124.44277280401	-7.85	3.91750474543948
-124.44360377052	-7.8	3.91761094008594
-124.444441904711	-7.75	3.91771873956734
-124.445287381533	-7.7	3.91782818730626
-124.446140382233	-7.65	3.91793932839449
-124.447001094594	-7.6	3.9180522096683
-124.447869713159	-7.55	3.91816687978343
-124.44874643958	-7.5	3.9182833893108
-124.449631482923	-7.45	3.91840179082768
-124.45052505999	-7.4	3.91852213901553
-124.451427395666	-7.35	3.91864449076411
-124.452338723284	-7.3	3.91876890528142
-124.453259285009	-7.25	3.91889544421033
-124.454189332241	-7.2	3.91902417175185
-124.455129126042	-7.15	3.91915515479597
-124.456078937585	-7.1	3.91928846305995
-124.45703904862	-7.05	3.91942416923411
-124.458009751967	-7	3.91956234913695
-124.458991352059	-6.95	3.9197030818822
-124.459984165537	-6.9	3.91984645006093
-124.460988521854	-6.85	3.91999253992881
-124.46200476382	-6.8	3.92014144159556
-124.463033248296	-6.75	3.92029324923907
-124.46407434681	-6.7	3.92044806131989
-124.465128446816	-6.65	3.92060598089653
-124.466195951032	-6.6	3.92076711566527
-124.467277280652	-6.55	3.92093157858967
-124.468372874129	-6.5	3.92109948787536
-124.469483188814	-6.45	3.92127096738517
-124.470608701654	-6.4	3.92144614692403
-124.471749911817	-6.35	3.92162516283604
-124.472907339542	-6.3	3.92180815803166
-124.474081528796	-6.25	3.92199528261859
-124.475273048109	-6.2	3.9221866942676
-124.476482492043	-6.15	3.92238255869569
-124.477710482608	-6.1	3.92258305016
-124.478957670731	-6.05	3.92278835198074
-124.480224738062	-6	3.92299865714164
-124.481512398666	-5.95	3.92321416889664
-124.482821400933	-5.9	3.92343510143938
-124.484152529595	-5.85	3.92366168061839
-124.485506607824	-5.8	3.92389414469802
-124.486884499829	-5.75	3.92413274523755
-124.488287113076	-5.7	3.9243777479442
-124.48971540088	-5.65	3.92462943362825
-124.491170365624	-5.6	3.92488809931155
-124.492653061621	-5.55	3.9251540593239
-124.494164598438	-5.5	3.9254276465304
-124.49570614486	-5.45	3.925709213733
-124.497278931611	-5.4	3.92599913490705
-124.498884257231	-5.35	3.92629780708205
-124.500523491215	-5.3	3.92660565179859
-124.502198078982	-5.25	3.92692311697823
-124.503909548184	-5.2	3.92725067914173
-124.505659513133	-5.15	3.92758884536977
-124.507449681559	-5.1	3.92793815581485
-124.509281861245	-5.05	3.92829918631121
-124.511157967237	-5	3.92867255123018
-124.513080029726	-4.95	3.92905890661519
-124.515050202556	-4.9	3.92945895360028
-124.5170707729	-4.85	3.92987344224574
-124.519144170949	-4.8	3.93030317557513
-124.521272981388	-4.75	3.93074901419635
-124.523459955476	-4.7	3.93121188129697
-124.52570802437	-4.65	3.93169276817094
-124.528020313649	-4.6	3.932192740306
-124.530400159614	-4.55	3.93271294418899
-124.532851126436	-4.5	3.93325461467781
-124.535377025884	-4.45	3.93381908335924
-124.53798193845	-4.4	3.93440778769622
-124.540670236978	-4.35	3.93502228126933
-124.543446612599	-4.3	3.93566424514497
-124.546316103546	-4.25	3.93633550058063
-124.549284126967	-4.2	3.93703802319215
-124.552356514324	-4.15	3.93777395883001
-124.555539550193	-4.1	3.93854564123947
-124.558840017199	-4.05	3.9393556123119
-124.562265245347	-4	3.94020664469076
-124.565823161973	-3.95	3.94110176594671
-124.569522358481	-3.9	3.94204428857331
-124.573372155056	-3.85	3.94303784140032
-124.57738267941	-3.8	3.94408640672439
-124.581564951296	-3.75	3.94519436143082
-124.585930981068	-3.7	3.94636652464422
-124.59049387889	-3.65	3.94760821152239
-124.595267978959	-3.6	3.94892529489952
-124.600268980538	-3.55	3.95032427594928
-124.605514106246	-3.5	3.95181236474893
-124.611022285966	-3.45	3.95339757402164
-124.6168143623	-3.4	3.95508882601071
-124.622913327935	-3.35	3.95689607673149
-124.62934459526	-3.3	3.95883045926498
-124.636136307275	-3.25	3.96090445060736
-124.643319693546	-3.2	3.96313206542402
-124.65092947932	-3.15	3.96552908181287
-124.659004357556	-3.1	3.96811330526795
-124.667587532837	-3.05	3.97090487749182
-124.676727349548	-3	3.97392663859666
-124.686478018343	-2.95	3.97720455279823
-124.696900455382	-2.9	3.98076820906353
-124.708063253692	-2.85	3.98465141127311
-124.720043806195	-2.8	3.98889287432812
-124.732929594664	-2.75	3.99353704277915
-124.746819688414	-2.7	3.99863506157635
-124.761826443418	-2.65	4.00424591251261
-124.778077448752	-2.6	4.01043775315155
-124.795717718162	-2.55	4.01728948098936
-124.81491213319	-2.5	4.02489255215226
-124.8358481098	-2.45	4.03335307413859
-124.85873842694	-2.4	4.04279418107886
-124.883824087198	-2.35	4.05335867246768
-124.911377003819	-2.3	4.06521186081399
-124.941702110667	-2.25	4.07854447821631
-124.975138369948	-2.2	4.09357541348191
-125.012057799883	-2.15	4.11055385252097
-125.052861312451	-2.1	4.1297601678443
-125.097969727364	-2.05	4.15150458827938
-125.14780786147	-2	4.17612228165469
-125.202779458501	-1.95	4.20396317329111
-125.263230766781	-1.9	4.23537454093408
-125.329401819374	-1.85	4.27067472723628
-125.401366887298	-1.8	4.31011731939855
-125.478969746502	-1.75	4.35384736910795
-125.561765177997	-1.7	4.40185489843937
-125.648983099556	-1.65	4.45393500629981
-125.739533642986	-1.6	4.50966706813543
-125.832066690838	-1.55	4.56842523873969
-125.925086168241	-1.5	4.6294265873594
-126.017102358524	-1.45	4.69181314285806
-126.106791462051	-1.4	4.7547533605567
-126.19312798722	-1.35	4.81754221386975
-126.275463761151	-1.3	4.87967982859758
-126.353542696122	-1.25	4.94091511681555
-126.427455299215	-1.2	5.00124912313179
-126.497547888585	-1.15	5.06090055550272
-126.564306990894	-1.1	5.12024163301474
-126.628240233623	-1.05	5.17971580254981
-126.6897722814	-1	5.23975011572414
-126.749169663303	-0.949999999999999	5.30067482203126
-126.806503075947	-0.9	5.3626617945597
-126.861650446882	-0.85	5.42569198985871
-126.914338000051	-0.799999999999999	5.48955913497519
-126.964209638314	-0.75	5.55391112888865
-127.010908295411	-0.699999999999999	5.61832216374371
-127.054149671319	-0.65	5.68238015801526
-127.093771264854	-0.6	5.74576950310992
-127.129747682838	-0.549999999999999	5.80833102750607
-127.16217337491	-0.5	5.87008842070021
-127.191222064158	-0.449999999999999	5.93123952493801
-127.217095670945	-0.399999999999999	5.99211785768532
-127.239974784682	-0.35	6.05313270761993
-127.259979888127	-0.299999999999999	6.1146963375611
-127.277149329432	-0.25	6.17714602738721
-127.291437460669	-0.199999999999999	6.24066929706324
-127.302733865301	-0.149999999999999	6.30524310651314
-127.310901163254	-0.0999999999999996	6.37060056106891
-127.315824164738	-0.0499999999999989	6.4362385998179
-127.317458306463	0	6.50147420685654
-127.315863016337	0.0500000000000007	6.5655435643855
-127.311208693421	0.100000000000001	6.6277239785149
-127.30375419063	0.15	6.68744894689206
-127.293801481377	0.200000000000001	6.74438973572305
-127.281640574525	0.25	6.79848975134157
-127.267498057533	0.300000000000001	6.84995432871007
-127.251498216206	0.350000000000001	6.89920946725509
-127.233639981795	0.4	6.94684570212945
-127.213788975923	0.450000000000001	6.99355937845367
-127.191682670445	0.5	7.04009719997965
-127.166947577103	0.550000000000001	7.08720428356999
-127.139129041792	0.600000000000001	7.13557290232606
-127.10773517059	0.65	7.18578913256265
-127.072295361471	0.700000000000001	7.2382776071825
-127.032429882135	0.75	7.29325003336827
-126.987920385321	0.800000000000001	7.35066903170799
-126.938764386522	0.850000000000001	7.41024229729985
-126.885194047318	0.9	7.47145918398005
-126.827645231115	0.950000000000001	7.5336711866291
-126.766677000655	1	7.59620270560435
-126.70285878233	1.05	7.65846645774948
-126.636653690316	1.1	7.72005571714026
-126.568326432165	1.15	7.78079425346488
-126.497894269691	1.2	7.84073899530286
-126.425126349603	1.25	7.90014262495969
-126.349586245208	1.3	7.95938956907087
-126.270707438433	1.35	8.01891916596152
-126.187890226476	1.4	8.07914719265625
-126.100609117593	1.45	8.14039377770198
-126.008519248441	1.5	8.20282417751103
-125.911547831389	1.55	8.26640905861202
-125.809952591548	1.6	8.3309120226378
-125.704327923397	1.65	8.39591120884788
-125.5955448791	1.7	8.46085718006258
-125.48462569732	1.75	8.52516039546605
-125.372572954846	1.8	8.58829197530982
-125.260188292202	1.85	8.64987642422356
-125.147918650258	1.9	8.70975735283337
-125.035757903961	1.95	8.76802589787627
-124.923216624672	2	8.82501104264593
-124.809360630094	2.05	8.88123714941212
-124.692914441535	2.1	8.93735531544325
-124.572426295088	2.15	8.99405382909453
-124.446490318578	2.2	9.0519526243698
-124.314011267154	2.25	9.11149044464854
-124.174478182267	2.3	9.17282044629644
-124.028189212207	2.35	9.23573798771034
-123.876360099699	2.4	9.2996649637658
-123.721065166498	2.45	9.36370481955922
-123.565004959169	2.5	9.42676207297694
-123.411150462928	2.55	9.48769894685075
-123.262354564899	2.6	9.54548957831052
-123.121025760456	2.65	9.59933587674733
-122.9889280295	2.7	9.64872540201041
-122.867122325513	2.75	9.69343194967445
-122.756023529387	2.8	9.73347444449132
-122.655526120054	2.85	9.76905511669009
-122.56515294822	2.9	9.80049499660856
-122.484194704746	2.95	9.82817809284186
-122.411823312468	3	9.85250902368279
-122.347174826966	3.05	9.87388423171144
-122.289404469542	3.1	9.89267460517865
-122.237719550827	3.15	9.90921656855186
-122.191396409031	3.2	9.92380891263526
-122.149786590659	3.25	9.93671320846357
-122.112316380361	3.3	9.94815622201474
-122.078482496679	3.35	9.9583333015382
-122.047845876516	3.4	9.96741208088209
-122.020024755393	3.45	9.97553611844685
-121.994687761898	3.5	9.98282827042336
-121.971547409493	3.55	9.98939371212878
-121.950354195414	3.6	9.99532257823314
-121.930891357956	3.65	10.0006922392623
-121.912970296305	3.7	10.0055692429071
-121.896426607042	3.75	10.0100109594583
-121.881116667974	3.8	10.0140669732246
-121.866914732268	3.85	10.0177802495675
-121.853710432011	3.9	10.0211881209494
-121.841406661145	3.95	10.0243231134927
-121.829917764177	4	10.0272136446047
-121.819167997672	4.05	10.0298846094812
-121.80909021006	4.1	10.0323578780303
-121.799624724141	4.15	10.0346527125326
-121.790718372223	4.2	10.0367861237222
-121.782323674216	4.25	10.038773171952
-121.77439812414	4.3	10.0406272253732
-121.766903589389	4.35	10.0423601771202
-121.759805779549	4.4	10.0439826341852
-121.75307379319	4.45	10.0455040779882
-121.746679724163	4.5	10.0469330026806
-121.740598320686	4.55	10.0482770341383
-121.73480668332	4.6	10.0495430339471
-121.729284011704	4.65	10.0507371872243
-121.724011373068	4.7	10.0518650810852
-121.718971504275	4.75	10.0529317718609
-121.71414863698	4.8	10.0539418439507
-121.709528343744	4.85	10.0548994612839
-121.705097402305	4.9	10.055808412418
-121.700843675617	4.95	10.0566721501422
-121.69675600569	5	10.0574938263199
-121.69282411889	5.05	10.0582763227129
-121.689038542461	5.1	10.0590222780792
-121.685390530969	5.15	10.059734112009
-121.681871996134	5.2	10.060414046958
-121.678475452184	5.25	10.0610641262516
-121.675193958314	5.3	10.0616862317879
-121.672021072451	5.35	10.0622820987842
-121.668950810098	5.4	10.062853328892
-121.665977601421	5.45	10.0634014030343
-121.663096259715	5.5	10.0639276915744
-121.6603019489	5.55	10.0644334642032
-121.657590155014	5.6	10.0649198986634
-121.654956660224	5.65	10.0653880886417
-121.652397519579	5.7	10.065839050826
-121.649909039804	5.75	10.0662737313012
-121.647487761013	5.8	10.0666930111621
-121.645130435628	5.85	10.0670977123619
-121.642834015848	5.9	10.0674886018598
-121.640595638459	5.95	10.0678663960408
-121.63841261082	6	10.0682317647558
-121.63628239873	6.05	10.0685853348801
-121.634202613505	6.1	10.0689276938545
-121.632171005176	6.15	10.069259392083
-121.630185450751	6.2	10.069580946036
-121.628243945645	6.25	10.0698928407161
-121.626344596175	6.3	10.0701955318564
-121.624485611734	6.35	10.0704894480849
-121.62266529854	6.4	10.070774992754
-121.620882052786	6.45	10.0710525457951
-121.619134355728	6.5	10.0713224651999
-121.617420767015	6.55	10.0715850887145
-121.615739920756	6.6	10.0718407350551
-121.614090520639	6.65	10.0720897052179
-121.612471335618	6.7	10.072332283657
-121.610881195991	6.75	10.0725687393593
-121.609318989652	6.8	10.0727993268541
-121.607783658787	6.85	10.0730242871215
-121.60627419662	6.9	10.07324384846
-121.604789644465	6.95	10.0734582272777
-121.603329088969	7	10.073667628829
-121.601891659534	7.05	10.0738722478991
-121.600476525922	7.1	10.0740722694391
-121.599082895996	7.15	10.0742678691576
-121.597710013633	7.2	10.0744592140708
-121.59635715682	7.25	10.0746464630062
-121.595023635565	7.3	10.0748297671143
-121.593708790554	7.35	10.0750092702621
-121.592411991285	7.4	10.0751851094834
-121.591132634623	7.45	10.0753574153581
-121.589870143332	7.5	10.0755263123804
-121.58862396485	7.55	10.0756919192839
-121.587393570005	7.6	10.0758543493634
-121.586178451626	7.65	10.076013710799
-121.584978123774	7.7	10.0761701068899
-121.58379212048	7.75	10.0763236363446
-121.582619994815	7.8	10.0764743935181
-121.581461317966	7.85	10.0766224686414
-121.580315678362	7.9	10.0767679480374
-121.579182680849	7.95	10.0769109143235
-121.578061945908	8	10.077051446602
-121.576953108927	8.05	10.0771896206397
-121.575855819501	8.1	10.0773255090362
-121.574769740779	8.15	10.0774591813825
-121.573694548839	8.2	10.0775907044111
-121.572629932106	8.25	10.0777201421364
-121.571575590823	8.3	10.0778475559842
-121.570531236391	8.35	10.0779730049329
-121.569496591059	8.4	10.0780965456098
-121.568471387393	8.45	10.0782182324084
-121.567455367721	8.5	10.0783381176087
-121.566448283827	8.55	10.0784562514608
-121.565449896465	8.6	10.07857268229
-121.564459975112	8.65	10.0786874565695
-121.563478297122	8.7	10.0788006190613
-121.562504648226	8.75	10.0789122127969
-121.561538822104	8.8	10.0790222791675
-121.560580618722	8.85	10.0791308581476
-121.559629844644	8.9	10.079237988293
-121.558686314989	8.95	10.079343706552
-121.557749849958	9	10.0794480486905
-121.556820276184	9.05	10.0795510491663
-121.555897426165	9.1	10.0796527412217
-121.554981138117	9.15	10.0797531569258
-121.554071255648	9.2	10.0798523272359
-121.553167627715	9.25	10.0799502820258
-121.552270108218	9.3	10.0800470501534
-121.551378555555	9.35	10.0801426595298
-121.550492833479	9.4	10.0802371370482
-121.549612809943	9.45	10.080330508729
-121.548738356885	9.5	10.0804227997589
-121.547869350703	9.55	10.0805140344605
-121.547005671689	9.6	10.0806042363685
-121.54614720397	9.65	10.0806934282521
-121.545293835374	9.7	10.0807816321453
-121.544445457287	9.75	10.0808688693762
-121.543601964529	9.8	10.0809551605943
-121.542763255213	9.85	10.0810405257986
-121.541929230607	9.9	10.0811249843651
-121.541099795042	9.95	10.0812085550679
