-124.22558530275	-10	3.99194919720676
-124.22562601131	-9.95	3.99195327828883
-124.225667079763	-9.9	3.99195741619234
-124.225708516058	-9.85	3.99196161229769
-124.225750328334	-9.8	3.99196586802578
-124.225792524952	-9.75	3.9919701848416
-124.225835114489	-9.7	3.99197456425566
-124.225878105755	-9.65	3.99197900782527
-124.225921507808	-9.6	3.99198351715831
-124.225965329946	-9.55	3.99198809391262
-124.226009581726	-9.5	3.99199273979937
-124.226054272969	-9.45	3.99199745658473
-124.226099413769	-9.4	3.99200224609215
-124.226145014508	-9.35	3.99200711020457
-124.226191085859	-9.3	3.99201205086664
-124.226237638799	-9.25	3.99201707008719
-124.226284684617	-9.2	3.99202216994169
-124.22633223493	-9.15	3.99202735257517
-124.226380301693	-9.1	3.99203262020487
-124.226428897208	-9.05	3.99203797512325
-124.226478034146	-9	3.9920434197012
-124.22652772555	-8.95	3.99204895639108
-124.226577984852	-8.9	3.99205458773025
-124.226628825894	-8.85	3.99206031634462
-124.226680262894	-8.8	3.99206614494757
-124.22673231063	-8.75	3.99207207636305
-124.226784984212	-8.7	3.99207811350087
-124.226838299257	-8.65	3.99208425938025
-124.226892271873	-8.6	3.99209051712969
-124.226946918678	-8.55	3.99209688999157
-124.227002256815	-8.5	3.9921033813273
-124.227058303978	-8.45	3.99210999462258
-124.227115078429	-8.4	3.99211673349286
-124.227172599029	-8.35	3.99212360168939
-124.227230885253	-8.3	3.99213060310523
-124.227289957222	-8.25	3.99213774178182
-124.227349835726	-8.2	3.99214502191578
-124.227410542254	-8.15	3.9921524478662
-124.227472099023	-8.1	3.99216002416218
-124.227534529009	-8.05	3.992167755511
-124.227597855979	-8	3.99217564680647
-124.227662104525	-7.95	3.99218370313797
-124.227727300053	-7.9	3.99219192979396
-124.227793469017	-7.85	3.9922003322965
-124.227860638654	-7.8	3.99220891637387
-124.227928837327	-7.75	3.99221768800935
-124.227998094149	-7.7	3.99222665340008
-124.228068439585	-7.65	3.99223581903966
-124.228139905124	-7.6	3.99224519168442
-124.228212523431	-7.55	3.99225477837929
-124.228286328397	-7.5	3.99226458647282
-124.228361355199	-7.45	3.99227462363308
-124.228437640362	-7.4	3.99228489786442
-124.228515221821	-7.35	3.99229541752546
-124.228594138994	-7.3	3.9923061913481
-124.228674432934	-7.25	3.99231722846942
-124.228756146061	-7.2	3.99232853840498
-124.228839322781	-7.15	3.99234013114639
-124.2289240092	-7.1	3.99235201713433
-124.229010253315	-7.05	3.99236420729772
-124.229098105099	-7	3.99237671308052
-124.229187616623	-6.95	3.99238954647338
-124.229278842171	-6.9	3.99240272004641
-124.229371838293	-6.85	3.99241624697332
-124.229466664042	-6.8	3.99243014108451
-124.229563381012	-6.75	3.99244441689143
-124.229662053505	-6.7	3.99245908963179
-124.229762748706	-6.65	3.99247417531823
-124.229865536812	-6.6	3.99248969077966
-124.229970491165	-6.55	3.99250565370835
-124.230077688592	-6.5	3.99252208273647
-124.230187209409	-6.45	3.99253899746742
-124.230299137741	-6.4	3.99255641855478
-124.230413561716	-6.35	3.9925743677661
-124.230530573609	-6.3	3.99259286804124
-124.230650270137	-6.25	3.99261194357529
-124.230772753569	-6.2	3.99263162003971
-124.23089812988	-6.15	3.99265192432893
-124.231026511582	-6.1	3.99267288506339
-124.231158016452	-6.05	3.99269453243722
-124.231292768409	-6	3.99271689841571
-124.231430897904	-5.95	3.99274001685956
-124.231572542301	-5.9	3.99276392365451
-124.231717846365	-5.85	3.99278865686109
-124.231866962749	-5.8	3.99281425687552
-124.232020052547	-5.75	3.99284076660388
-124.232177285868	-5.7	3.9928682316519
-124.232338842476	-5.65	3.99289670053221
-124.232504912481	-5.6	3.9929262248906
-124.23267569709	-5.55	3.99295685975273
-124.232851409417	-5.5	3.99298866379377
-124.233032275378	-5.45	3.99302169963484
-124.233218534662	-5.4	3.99305603416767
-124.233410441785	-5.35	3.99309173890952
-124.233608267233	-5.3	3.99312889039164
-124.233812298776	-5.25	3.99316757059842
-124.234022842702	-5.2	3.99320786741255
-124.234240225463	-5.15	3.99324987516044
-124.234464795426	-5.1	3.99329369520648
-124.234696924559	-5.05	3.99333943656135
-124.234937010462	-5	3.99338721659193
-124.235185478648	-4.95	3.99343716181517
-124.235442784999	-4.9	3.99348940876771
-124.23570941841	-4.85	3.99354410496052
-124.235985904142	-4.8	3.99360141002858
-124.236272806693	-4.75	3.99366149683958
-124.236570734092	-4.7	3.99372455296277
-124.236880341542	-4.65	3.99379078207903
-124.23720233641	-4.6	3.99386040575459
-124.237537483367	-4.55	3.9939336653479
-124.237886610278	-4.5	3.99401082418519
-124.238250614702	-4.45	3.9940921699964
-124.238630471378	-4.4	3.99417801770988
-124.23902724058	-4.35	3.99426871260418
-124.239442077561	-4.3	3.99436463389878
-124.23987624351	-4.25	3.99446619890289
-124.240331116851	-4.2	3.99457386749354
-124.240808209083	-4.15	3.99468814795102
-124.241309178845	-4.1	3.99480960271604
-124.241835850607	-4.05	3.99493885563419
-124.242390237219	-4	3.99507660061298
-124.242974560782	-3.95	3.99522361039708
-124.243591285027	-3.9	3.99538074883653
-124.244243144314	-3.85	3.99554898307745
-124.244933183402	-3.8	3.99572939936023
-124.245664801446	-3.75	3.99592322098893
-124.246441804352	-3.7	3.99613182974842
-124.247268465795	-3.65	3.99635679113861
-124.248149600484	-3.6	3.9965998847276
-124.249090651628	-3.55	3.99686314060055
-124.250097792234	-3.5	3.99714888232203
-124.251178051453	-3.45	3.99745978019522
-124.252339464096	-3.4	3.99779891517992
-124.253591252985	-3.35	3.99816985727857
-124.254944050049	-3.3	3.99857676147113
-124.256410172277	-3.25	3.99902448773224
-124.258003956414	-3.2	3.9995187485766
-124.259742181945	-3.15	4.00006629604121
-124.261644597896	-3.1	4.00067515686736
-124.263734587699	-3.05	4.00135493172515
-124.266040018455	-3	4.00211718015314
-124.268594333208	-2.95	4.00297591958372
-124.271437964338	-2.9	4.00394827687088
-124.274620187446	-2.85	4.0050553497785
-124.278201575449	-2.8	4.00632335731405
-124.282257283511	-2.75	4.00778519329638
-124.286881503343	-2.7	4.00948255189512
-124.292193568002	-2.65	4.01146886928464
-124.298346460567	-2.6	4.01381346194953
-124.305538801468	-2.55	4.01660741883588
-124.314032030564	-2.5	4.01997213597554
-124.32417540623	-2.45	4.02407187449133
-124.336442930618	-2.4	4.02913253597509
-124.351488737544	-2.35	4.03547019572159
-124.370231234132	-2.3	4.04353508405048
-124.393982025504	-2.25	4.0539801061979
-124.424643271112	-2.2	4.06776784822848
-124.46500354322	-2.15	4.08633521092347
-124.519152769807	-2.1	4.11183347387021
-124.592960798431	-2.05	4.14742783105266
-124.694282707141	-2	4.19749836104719
-124.83183129577	-1.95	4.26718978332628
-125.010698960712	-1.9	4.36015926908111
-125.223959941268	-1.85	4.47393519160828
-125.447817971722	-1.8	4.59659828702731
-125.651920648688	-1.75	4.71155019403851
-125.938378108951	-1.65	4.87960574241559
-126.02230935887	-1.6	4.93120756448731
-126.078431548129	-1.55	4.96680593479543
-126.116846649488	-1.5	4.99197466417366
-126.145417870308	-1.45	5.01133387096412
-126.16946704692	-1.4	5.02820709763693
-126.192579362129	-1.35	5.04501904927068
-126.217484799346	-1.3	5.06382508386386
-126.246733787471	-1.25	5.08678298633782
-126.283205958286	-1.2	5.11658494369344
-126.330479408025	-1.15	5.15686256207757
-126.392866825985	-1.1	5.21238442416393
-126.474439260578	-1.05	5.28835370561813
-126.575913155927	-1	5.38744393221659
-126.689907722066	-0.949999999999999	5.50441158977314
-126.800532301	-0.9	5.62397488299507
-126.892548264101	-0.85	5.72903719250372
-126.96055704898	-0.799999999999999	5.81135402300813
-127.007786795129	-0.75	5.87219290689335
-127.079095401445	-0.6	5.97629969649606
-127.091649943635	-0.549999999999999	5.99811087629749
-127.102006986155	-0.5	6.01783010566226
-127.111336969125	-0.449999999999999	6.03748042512368
-127.120542563786	-0.399999999999999	6.05917201406362
-127.130374165339	-0.35	6.08545746699067
-127.141488760726	-0.299999999999999	6.11978664512023
-127.154412302383	-0.25	6.16702180506535
-127.169290274499	-0.199999999999999	6.23356829092199
-127.185281554471	-0.149999999999999	6.32559951374476
-127.199870564247	-0.0999999999999996	6.44302270304943
-127.209545291392	-0.0499999999999989	6.5720374963578
-127.21257880408	0	6.6897911195228
-127.210408189585	0.0500000000000007	6.78138768318022
-127.20564935637	0.100000000000001	6.84617807084185
-127.200180229164	0.15	6.89049390781047
-127.19489092872	0.200000000000001	6.92098128677575
-127.190074568087	0.25	6.94251862716859
-127.185751886489	0.300000000000001	6.95830656923295
-127.181836541646	0.350000000000001	6.9703914612322
-127.178203156676	0.4	6.9801012330743
-127.174708948806	0.450000000000001	6.98833387266529
-127.171193894319	0.5	6.9957388381047
-127.167468999999	0.550000000000001	7.0028344450462
-127.163294290747	0.600000000000001	7.01009191884468
-127.158343039418	0.65	7.01800771261258
-127.15214354795	0.700000000000001	7.02718218672673
-127.143982024925	0.75	7.03842468684444
-127.132737305225	0.800000000000001	7.05291249422698
-127.116598586917	0.850000000000001	7.0724431760394
-127.092599066255	0.9	7.09982505888127
-127.05593649761	0.950000000000001	7.13939294096866
-126.999369088061	1	7.19731713773551
-126.914108167654	1.05	7.28038536022953
-126.7953843791	1.1	7.39072977570332
-126.65256333874	1.15	7.51765794512592
-126.50994540689	1.2	7.63909388140194
-126.389355768078	1.25	7.73762626327707
-126.297414907365	1.3	7.80981701984325
-126.230066950567	1.35	7.86070209768149
-126.18058910007	1.4	7.89672234729294
-126.14318836929	1.45	7.92299103624903
-126.11355827121	1.5	7.94309267856888
-126.088458631638	1.55	7.95955851993228
-125.231451989429	2	8.41897106591647
-124.984083271857	2.05	8.54113813103957
-124.755929492212	2.1	8.65112915375458
-124.56799632403	2.15	8.7396135870847
-124.423533316558	2.2	8.80607234023755
-124.315456524863	2.25	8.85467484615303
-124.234351669095	2.3	8.89034491241848
-124.17203839822	2.35	8.91715916084311
-124.122197940781	2.4	8.93815264987657
-124.079916711132	2.45	8.95559264528041
-124.04094422212	2.5	8.97134046266334
-124.000802571022	2.55	8.9872362336465
-123.953575565759	2.6	9.00557056828783
-123.890085474061	2.65	9.0297444493576
-123.795554262241	2.7	9.06506060656677
-123.649030600711	2.75	9.11879668039753
-123.430722140186	2.8	9.19742648885498
-123.138122672463	2.85	9.30096917221493
-122.794609788823	2.9	9.42043870030553
-122.44174933178	2.95	9.54108433604853
-122.12204179297	3	9.64857512752544
-121.860529166437	3.05	9.73505632750591
-121.660349644235	3.1	9.80018226413672
-121.511891741403	3.15	9.84770915858231
-121.402546862999	3.2	9.88216291166444
-121.321400835254	3.25	9.90733444041819
-121.26029429164	3.3	9.92599980920806
-121.213472262666	3.35	9.94008642028706
-121.176951684963	3.4	9.95091072776615
-121.147975614166	3.45	9.95937333885925
-121.124617811054	3.5	9.96609679930959
-121.105513872387	3.55	9.97151769004254
-121.089682330916	3.6	9.97594710246937
-121.076405933582	3.65	9.97961033191646
-121.065152350538	3.7	9.98267313466993
-121.055520630077	3.75	9.98525930694853
-121.047204545019	3.8	9.9874626224999
-121.039967179509	3.85	9.98935504965115
-121.033623000745	3.9	9.99099250557286
-121.028025078873	3.95	9.99241893168226
-121.023055850902	4	9.99366922073383
-121.018620335793	4.05	9.99477135282885
-121.014641107432	4.1	9.99574796879128
-121.011054525286	4.15	9.99661754316057
-121.007807873697	4.2	9.99739526921861
-121.004857170663	4.25	9.99809373312397
-121.002165473612	4.3	9.99872343232079
-120.999701558786	4.35	9.99929317756921
-120.997438879685	4.4	9.99981040819436
-120.995354742081	4.45	10.0002814405628
-120.993429643465	4.5	10.0007116659226
-120.991646744253	4.55	10.0011057081839
-120.989991436374	4.6	10.0014675517864
-120.988450993153	4.65	10.0018006450738
-120.987014281253	4.7	10.0021079848579
-120.985671524298	4.75	10.0023921855712
-120.98441410503	4.8	10.0026555367244
-120.983234403285	4.85	10.0029000499621
-120.982125657021	4.9	10.0031274989769
-120.981081848299	4.95	10.0033394523296
-120.980097602067	5	10.0035373020398
-120.979168109593	5.05	10.0037222858575
-120.97828905172	5.1	10.0038955084653
-120.977456542729	5.15	10.004057957628
-120.976667076203	5.2	10.0042105191736
-120.975917481397	5.25	10.0043539892463
-120.975204884707	5.3	10.004489085015
-120.974526675646	5.35	10.0046164540268
-120.973880478285	5.4	10.0047366821133
-120.973264125989	5.45	10.0048503003242
-120.972675638995	5.5	10.0049577910229
-120.972113205047	5.55	10.0050595931559
-120.971575162576	5.6	10.0051561068271
-120.971059984592	5.65	10.0052476975428
-120.970566266928	5.7	10.005334699503
-120.970092715437	5.75	10.005417418932
-120.969638135918	5.8	10.0054961367909
-120.969201424265	5.85	10.0055711113387
-120.968781558998	5.9	10.0056425801735
-120.968377593306	5.95	10.0057107622755
-120.967988648296	6	10.0057758597585
-120.9676139082	6.05	10.0058380592276
-120.967252612874	6.1	10.005897533522
-120.966904055046	6.15	10.0059544426157
-120.966567574925	6.2	10.0060089349065
-120.966242556862	6.25	10.0060611481252
-120.965928425096	6.3	10.0061112103521
-120.96562464127	6.35	10.0061592407165
-120.965330701077	6.4	10.0062053502027
-120.965046132226	6.45	10.006249642221
-120.964770490269	6.5	10.0062922134848
-120.964503359684	6.55	10.0063331540517
-120.964244348458	6.6	10.0063725483481
-120.963993088031	6.65	10.0064104753496
-120.963749231529	6.7	10.0064470090065
-120.963512452066	6.75	10.0064822186484
-120.963282441193	6.8	10.0065161693477
-120.963058907796	6.85	10.0065489222073
-120.962841576764	6.9	10.006580534668
-120.962630188437	6.95	10.0066110606962
-120.962424496518	7	10.0066405511809
-120.962224268186	7.05	10.0066690540067
-120.962029282778	7.1	10.0066966143239
-120.961839331116	7.15	10.0067232747205
-120.961654214815	7.2	10.0067490753897
-120.961473745477	7.25	10.0067740543081
-120.961297744087	7.3	10.0067982473792
-120.961126040612	7.35	10.0068216885449
-120.960958473247	7.4	10.0068444099415
-120.960794888073	7.45	10.0068664419931
-120.960635138523	7.5	10.0068878135307
-120.960479084979	7.55	10.0069085518864
-120.960326594317	7.6	10.0069286829939
-120.960177539604	7.65	10.0069482314649
-120.960031799707	7.7	10.0069672206738
-120.959889258981	7.75	10.0069856728315
-120.959749806962	7.8	10.0070036090536
-120.959613338076	7.85	10.0070210494255
-120.959479751474	7.9	10.0070380130508
-120.959348950456	7.95	10.0070545181475
-120.959220842694	8	10.0070705820428
-120.95909533972	8.05	10.0070862212589
-120.958972356789	8.1	10.0071014515503
-120.958851812679	8.15	10.0071162879466
-120.958733629558	8.2	10.0071307447873
-120.95861773274	8.25	10.0071448357679
-120.958504050582	8.3	10.0071585739673
-120.958392514323	8.35	10.0071719718834
-120.958283058034	8.4	10.0071850414514
-120.958175618053	8.45	10.0071977941255
-120.958070133451	8.5	10.007210240834
-120.957966545864	8.55	10.0072223920127
-120.957864798684	8.6	10.0072342577092
-120.957764837775	8.65	10.0072458475109
-120.957666610929	8.7	10.0072571706162
-120.957570067908	8.75	10.0072682358399
-120.957475160447	8.8	10.0072790516215
-120.9573818417	8.85	10.0072896260959
-120.957290066996	8.9	10.0072999670154
-120.95719979286	8.95	10.0073100818686
-120.957110977601	9	10.0073199778191
-120.957023580937	9.05	10.0073296617565
-120.956937563983	9.1	10.0073391403015
-120.956852889285	9.15	10.0073484198099
-120.956769520502	9.2	10.007357506412
-120.956687422772	9.25	10.0073664059781
-120.956606562335	9.3	10.0073751241647
-120.956526906458	9.35	10.0073836664273
-120.956448423648	9.4	10.0073920380017
-120.956371083427	9.45	10.0074002439329
-120.956294856062	9.5	10.007408289107
-120.956219713189	9.55	10.0074161781899
-120.956145627155	9.6	10.0074239156997
-120.956072571263	9.65	10.0074315059851
-120.956000519535	9.7	10.0074389532529
-120.955929447047	9.75	10.0074462615365
-120.955859329381	9.8	10.0074534347561
-120.955790143041	9.85	10.0074604766777
-120.955721865323	9.9	10.0074673909301
-120.955654474074	9.95	10.0074741810318
