-123.952193466552	-10	3.99949211236589
-123.95219657718	-9.95	3.99949242421065
-123.952199729441	-9.9	3.99949274182127
-123.952202924192	-9.85	3.9994930653429
-123.952206162313	-9.8	3.99949339492526
-123.952209444709	-9.75	3.99949373072294
-123.95221277231	-9.7	3.99949407289548
-123.952216146071	-9.65	3.99949442160748
-123.952219566974	-9.6	3.99949477702888
-123.95222303603	-9.55	3.99949513933541
-123.952226554274	-9.5	3.99949550870805
-123.952230122781	-9.45	3.99949588533473
-123.952233742648	-9.4	3.99949626940878
-123.952237415007	-9.35	3.99949666113049
-123.952241141023	-9.3	3.9994970607068
-123.952244921895	-9.25	3.99949746835171
-123.95224875886	-9.2	3.99949788428659
-123.952252653189	-9.15	3.99949830874052
-123.952256606192	-9.1	3.99949874195045
-123.952260619222	-9.05	3.9994991841618
-123.952264693671	-9	3.99949963562859
-123.952268830973	-8.95	3.99950009661373
-123.952273032616	-8.9	3.9995005673908
-123.952277300112	-8.85	3.99950104824011
-123.95228163504	-8.8	3.99950153945507
-123.952286039026	-8.75	3.99950204133901
-123.952290513773	-8.7	3.99950255420926
-123.952295060952	-8.65	3.99950307838528
-123.952299682403	-8.6	3.99950361421145
-123.952304379949	-8.55	3.99950416203613
-123.952309155507	-8.5	3.99950472222499
-123.952314011027	-8.45	3.99950529515416
-123.95231894854	-8.4	3.9995058812157
-123.952323970212	-8.35	3.99950648082515
-123.952329078186	-8.3	3.99950709440271
-123.952334274702	-8.25	3.99950772238778
-123.952339562124	-8.2	3.99950836524308
-123.952344942852	-8.15	3.99950902344406
-123.952350419387	-8.1	3.99950969748738
-123.952355994319	-8.05	3.99951038789004
-123.952361670333	-8	3.99951109519035
-123.952367450208	-7.95	3.99951181994888
-123.95237333683	-7.9	3.99951256274987
-123.952379333189	-7.85	3.99951332420214
-123.952385442384	-7.8	3.99951410494046
-123.952391667638	-7.75	3.99951490562698
-123.952398012291	-7.7	3.99951572695255
-123.952404479813	-7.65	3.99951656963821
-123.95241107381	-7.6	3.99951743443696
-123.952417798028	-7.55	3.99951832213521
-123.952424656366	-7.5	3.99951923355564
-123.952431652863	-7.45	3.99952016955574
-123.952438791744	-7.4	3.9995211310357
-123.952446077387	-7.35	3.99952211893471
-123.95245351436	-7.3	3.99952313423692
-123.952461107417	-7.25	3.99952417797262
-123.952468861513	-7.2	3.99952525122115
-123.952476781808	-7.15	3.99952635511315
-123.95248487369	-7.1	3.9995274908348
-123.952493142784	-7.05	3.99952865963111
-123.952501594943	-7	3.9995298628062
-123.952510236299	-6.95	3.99953110173194
-123.952519073247	-6.9	3.99953237784837
-123.952528112475	-6.85	3.99953369266892
-123.952537360971	-6.8	3.99953504778515
-123.952546826058	-6.75	3.99953644487215
-123.952556515383	-6.7	3.99953788569169
-123.952566436977	-6.65	3.99953937210167
-123.952576599238	-6.6	3.9995409060583
-123.952587010975	-6.55	3.99954248962451
-123.952597681427	-6.5	3.99954412497669
-123.952608620293	-6.45	3.99954581441241
-123.952619837757	-6.4	3.99954756035855
-123.952631344518	-6.35	3.9995493653801
-123.952643151825	-6.3	3.99955123218963
-123.952655271512	-6.25	3.99955316365768
-123.952667716035	-6.2	3.99955516282409
-123.952680498515	-6.15	3.99955723291035
-123.952693632785	-6.1	3.99955937733269
-123.952707133433	-6.05	3.9995615997163
-123.952721015857	-6	3.99956390391093
-123.952735296319	-5.95	3.99956629400785
-123.952749992011	-5.9	3.99956877435834
-123.952765121114	-5.85	3.99957134959373
-123.952780702891	-5.8	3.9995740246502
-123.952796757746	-5.75	3.9995768047893
-123.952813307195	-5.7	3.9995796956056
-123.952830374321	-5.65	3.99958270311653
-123.95284798341	-5.6	3.99958583371479
-123.952866160407	-5.55	3.99958909426254
-123.95288493286	-5.5	3.99959249209789
-123.95290433012	-5.45	3.99959603508995
-123.952924383475	-5.4	3.9995997316825
-123.952945126305	-5.35	3.99960359094334
-123.952966594295	-5.3	3.99960762262954
-123.952988825565	-5.25	3.99961183723729
-123.953011860931	-5.2	3.99961624607932
-123.953035744138	-5.15	3.99962086136314
-123.953060522092	-5.1	3.9996256962699
-123.953086245218	-5.05	3.99963076506446
-123.95311296772	-5	3.99963608318875
-123.953140748045	-4.95	3.99964166740387
-123.953169649093	-4.9	3.99964753588559
-123.953199738786	-4.85	3.99965370839904
-123.95323109058	-4.8	3.99966020647132
-123.953263784214	-4.75	3.99966705362104
-123.953297905927	-4.7	3.99967427548992
-123.953333549465	-4.65	3.99968190014831
-123.95337081684	-4.6	3.9996899583646
-123.953409819234	-4.55	3.99969848391983
-123.953450678036	-4.5	3.99970751397217
-123.953493526032	-4.45	3.99971708947167
-123.953538508751	-4.4	3.99972725563664
-123.953585786062	-4.35	3.99973806251506
-123.953635533718	-4.3	3.99974956556258
-123.953687945807	-4.25	3.99976182647158
-123.953743236633	-4.2	3.99977491390935
-123.953801643871	-4.15	3.99978890460966
-123.953863431441	-4.1	3.99980388446073
-123.953928893317	-4.05	3.99981994988791
-123.953998357856	-4	3.9998372094551
-123.954072192847	-3.95	3.99985578574515
-123.954150811517	-3.9	3.99987581760447
-123.954234679626	-3.85	3.99989746281443
-123.954324323882	-3.8	3.9999209012812
-123.954420342276	-3.75	3.99994633894786
-123.954523416161	-3.7	3.99997401243471
-123.954634324891	-3.65	4.00000419469477
-123.954753963941	-3.6	4.00003720201681
-123.954883366868	-3.55	4.00007340259754
-123.955023731821	-3.5	4.00011322700738
-123.955176455929	-3.45	4.00015718167979
-123.955343176633	-3.4	4.00020586541585
-123.955525824626	-3.35	4.00025999054795
-123.955726691064	-3.3	4.00032040999389
-123.955948512087	-3.25	4.00038815165645
-123.956194582356	-3.2	4.00046446450125
-123.956468897991	-3.15	4.00055087752218
-123.956776349328	-3.1	4.00064927937504
-123.957122978147	-3.05	4.00076202546654
-123.957516325774	-3	4.00089208395417
-123.957965913471	-2.95	4.00104323850796
-123.958483913219	-2.9	4.0012203735438
-123.959086102784	-2.85	4.00142988320987
-123.959793254894	-2.8	4.00168027035569
-123.960633197744	-2.75	4.00198304159521
-123.961643948544	-2.7	4.00235407861615
-123.962878607058	-2.65	4.00281579620792
-123.964413274241	-2.6	4.00340065943598
-123.966360278052	-2.55	4.00415710566077
-123.968891264483	-2.5	4.00515996464816
-123.972279515685	-2.45	4.00652971010506
-123.976982152748	-2.4	4.00847016733299
-123.983811422341	-2.35	4.01134776023851
-123.99432346376	-2.3	4.01587299036865
-124.011799231073	-2.25	4.02356268459523
-124.044066920933	-2.2	4.03808377393725
-124.112986319633	-2.15	4.06982265688155
-124.290417755213	-2.1	4.15348969666616
-125.965787092851	-1.95	4.97874487162923
-125.996992222793	-1.9	4.99489563804393
-126.004060552826	-1.85	4.99865651467841
-126.006905258671	-1.8	5.00021291171614
-126.008559910532	-1.75	5.00114433041226
-126.009824590879	-1.7	5.00187725472115
-126.011001453244	-1.65	5.00257991893186
-126.012251275036	-1.6	5.00334931709221
-126.013699913688	-1.55	5.00426960629605
-126.015487222603	-1.5	5.00544247363277
-126.017809387652	-1.45	5.00701824403291
-126.020982912771	-1.4	5.00924770634502
-126.025573233434	-1.35	5.01259052544332
-126.032696652528	-1.3	5.01797539977226
-126.04483456893	-1.25	5.02751471431401
-126.068412948203	-1.2	5.04681307473489
-126.123603340684	-1.15	5.0939472194908
-127.168213433955	-0.0499999999999989	6.77716951000849
-127.172374575856	0	6.91600411729236
-127.171463943301	0.0500000000000007	6.9598324064786
-127.170216872544	0.100000000000001	6.97723000089076
-127.169187475606	0.15	6.98564450119632
-127.168379005099	0.200000000000001	6.99032291450936
-127.167736415013	0.25	6.99320231300008
-127.167211918239	0.300000000000001	6.99512031126548
-127.166770040568	0.350000000000001	6.99648532772146
-127.166384425553	0.4	6.99751650642693
-127.166034433201	0.450000000000001	6.9983415832427
-127.165702457723	0.5	6.99904130532474
-127.165371734709	0.550000000000001	6.99967162066323
-127.165024236236	0.600000000000001	7.0002760109061
-127.164638197463	0.65	7.00089345571149
-127.164184640062	0.700000000000001	7.00156491962923
-127.163621826889	0.75	7.00234044382432
-127.162885612196	0.800000000000001	7.003289230581
-127.16187142073	0.850000000000001	7.00451679061787
-127.160398197648	0.9	7.00619773659987
-127.158130542944	0.950000000000001	7.00864477898881
-127.154394334954	1	7.01246890029604
-127.147687083568	1.05	7.01899715950031
-127.134172969196	1.1	7.03153379798994
-127.102127564428	1.15	7.05992425894136
-127.007456949199	1.2	7.14017624090828
-126.699249927844	1.25	7.39091555089062
-123.834569870772	2.35	8.9214657584707
-123.75051693257	2.4	8.9569098734715
-123.711356288261	2.45	8.97307771393322
-123.690092530432	2.5	8.98167729025872
-123.677204419005	2.55	8.98678547430942
-123.668733393043	2.6	8.99007733893995
-123.66280391464	2.65	8.99233743159041
-123.658429593705	2.7	8.99397344956962
-123.655041919238	2.75	8.99521710565139
-123.65227923368	2.8	8.99621295594953
-123.649876423368	2.85	8.99706365599028
-123.647587040695	2.9	8.99785997190926
-123.645086526701	2.95	8.99871465826242
-123.641753344177	3	8.99983445018707
-123.635924490491	3.05	9.00175952544306
-123.621213941221	3.1	9.00653638489457
-123.554207679486	3.15	9.02792828498497
-122.831645361664	3.2	9.25485485620832
-121.47043060852	3.25	9.67730687238362
-120.879208005743	3.3	9.85805028299194
-120.648131102056	3.35	9.92762560939303
-120.547214171375	3.4	9.95755476976757
-120.496199012085	3.45	9.97246103242578
-120.467198103575	3.5	9.9808118831853
-120.449191463821	3.55	9.98592287549817
-120.437238760421	3.6	9.98926782370914
-120.428883618359	3.65	9.99157361381344
-120.422799209988	3.7	9.99322982102325
-120.418219402995	3.75	9.99445968768328
-120.414677049412	3.8	9.99539832624952
-120.411874155058	3.85	9.99613129800026
-120.409613278408	3.9	9.99671488732591
-120.40775931072	3.95	9.99718733779565
-120.406217193279	4	9.99757536915403
-120.404918412814	4.05	9.99789810708262
-120.403812535003	4.1	9.99816953472277
-120.402861732196	4.15	9.99840006930047
-120.402037157782	4.2	9.99859760178032
-120.401316486415	4.25	9.99876819890952
-120.400682206939	4.3	9.99891658805028
-120.400120415959	4.35	9.99904649817195
-120.399619953608	4.4	9.99916090310383
-120.399171773343	4.45	9.99926219813817
-120.398768472248	4.5	9.99935233088457
-120.398403942012	4.55	9.99943289821212
-120.398073103621	4.6	9.99950521959205
-120.397771703192	4.65	9.99957039325157
-120.397496154232	4.7	9.99962933938967
-120.397243413822	4.75	9.99968283392375
-120.397010885881	4.8	9.9997315347993
-120.396796343457	4.85	9.99977600298693
-120.39659786527	4.9	9.99981671948184
-120.39641378852	4.95	9.99985409813616
-120.396242665321	5	9.99988849711809
-120.396083230831	5.05	9.99992022746926
-120.395934375485	5.1	9.99994956043815
-120.395795122122	5.15	9.99997673349299
-120.395664607294	5.2	10.0000019552433
-120.39554206554	5.25	10.0000254095522
-120.395426816048	5.3	10.0000472590054
-120.39531825141	5.35	10.0000676478216
-120.395215828261	5.4	10.0000867042777
-120.395119059125	5.45	10.000104542801
-120.395027505563	5.5	10.0001212657254
-120.394940772151	5.55	10.0001369648202
-120.394858501864	5.6	10.0001517224969
-120.394780370794	5.65	10.000165613081
-120.394706085244	5.7	10.0001787036099
-120.394635377803	5.75	10.0001910547718
-120.394568004874	5.8	10.000202721555
-120.394503743936	5.85	10.0002137539125
-120.394442391446	5.9	10.0002241972921
-120.394383760709	5.95	10.0002340931463
-120.394327680447	6	10.000243479307
-120.394273993106	6.05	10.000252390386
-120.394222553567	6.1	10.0002608580935
-120.394173227972	6.15	10.0002689115243
-120.394125892634	6.2	10.0002765774189
-120.394080433219	6.25	10.0002838803713
-120.394036743606	6.3	10.0002908430783
-120.39399472554	6.35	10.0002974864545
-120.393954287705	6.4	10.0003038298345
-120.393915345181	6.45	10.0003098911051
-120.393877818904	6.5	10.0003156868349
-120.393841635175	6.55	10.000321232389
-120.393806725221	6.6	10.0003265420329
-120.393773024795	6.65	10.0003316290259
-120.393740473815	6.7	10.0003365057046
-120.393709016021	6.75	10.0003411835635
-120.393678598738	6.8	10.0003456733118
-120.393649172522	6.85	10.0003499849512
-120.393620690903	6.9	10.0003541278316
-120.393593110411	6.95	10.000358110668
-120.393566389914	7	10.0003619416521
-120.393540490813	7.05	10.0003656284401
-120.393515376734	7.1	10.000369178212
-120.393491013375	7.15	10.0003725977052
-120.393467368383	7.2	10.0003758932448
-120.393444411195	7.25	10.0003790707767
-120.393422112915	7.3	10.0003821358953
-120.393400446233	7.35	10.0003850938635
-120.39337938529	7.4	10.0003879496411
-120.393358905603	7.45	10.0003907079015
-120.393338983966	7.5	10.0003933730541
-120.393319598366	7.55	10.0003959492616
-120.393300727907	7.6	10.000398440457
-120.393282352754	7.65	10.0004008503566
-120.393264454083	7.7	10.0004031824722
-120.393247013946	7.75	10.0004054401344
-120.393230015318	7.8	10.0004076264905
-120.393213442155	7.85	10.0004097445022
-120.393197278589	7.9	10.0004117970525
-120.393181510112	7.95	10.0004137867981
-120.393166122896	8	10.0004157162602
-120.393151103001	8.05	10.0004175879278
-120.393136438284	8.1	10.0004194040199
-120.393122116151	8.15	10.0004211667706
-120.393108125077	8.2	10.0004228782426
-120.393094453887	8.25	10.0004245404179
-120.393081091904	8.3	10.0004261551825
-120.393068028928	8.35	10.0004277243311
-120.393055255204	8.4	10.0004292495733
-120.393042761389	8.45	10.0004307325393
-120.39303053854	8.5	10.0004321747831
-120.39301857806	8.55	10.0004335777908
-120.393006871721	8.6	10.0004349429796
-120.392995411635	8.65	10.0004362717026
-120.39298419023	8.7	10.0004375652527
-120.392973200233	8.75	10.0004388248673
-120.392962434618	8.8	10.0004400517333
-120.392951886737	8.85	10.0004412469752
-120.392941550111	8.9	10.0004424116795
-120.39293141856	8.95	10.000443546881
-120.392921486095	9	10.0004446535753
-120.39291174699	9.05	10.000445732713
-120.392902195724	9.1	10.000446785206
-120.392892826981	9.15	10.0004478119294
-120.392883635644	9.2	10.0004488137209
-120.392874616755	9.25	10.0004497913891
-120.392865765579	9.3	10.0004507457041
-120.392857077546	9.35	10.0004516774066
-120.392848548212	9.4	10.0004525872118
-120.392840173331	9.45	10.0004534758026
-120.392831948819	9.5	10.0004543438338
-120.392823870575	9.55	10.0004551919521
-120.392815934844	9.6	10.0004560207572
-120.392808138019	9.65	10.000456830825
-120.392800476339	9.7	10.0004576227377
-120.392792946451	9.75	10.0004583970267
-120.392785545012	9.8	10.0004591542143
-120.392778268772	9.85	10.0004598948054
-120.392771114609	9.9	10.0004606192842
-120.392764079498	9.95	10.0004613281181
