-126.691969879686	-1	4.96551969158562
-126.823313588023	-0.9	5.10380562669851
-126.943242143824	-0.8	5.24492143419276
-127.050658086334	-0.7	5.38816404353609
-127.144934573469	-0.6	5.53322711624191
-127.22563350532	-0.5	5.67997715864349
-127.292356897828	-0.4	5.82827835724555
-127.344714576776	-0.3	5.97789946074906
-127.382354493582	-0.2	6.12848400839562
-127.405014440745	-0.1	6.2795633610676
-127.412569250226	0	6.43061040520569
-127.405049164388	0.1	6.58113405150199
-127.382608470158	0.2	6.73079237849108
-127.345445019574	0.3	6.87947768672824
-127.293703107344	0.4	7.02732839081899
-127.227408852764	0.5	7.17465528602423
-127.146472721792	0.6	7.32181205490771
-127.050757342658	0.7	7.46906420740488
-126.940176111818	0.8	7.6165039510056
-126.814780392327	0.9	7.76402855859387
