-123.347938076019	-10	4
-123.347938076019	-9.95	4.00000000000001
-123.347938076019	-9.9	4
-123.347938076019	-9.85	4.00000000000001
-123.347938076019	-9.8	4
-123.347938076019	-9.75	4.00000000000001
-123.347938076019	-9.7	4.00000000000001
-123.347938076019	-9.65	4.00000000000001
-123.347938076019	-9.6	4.00000000000002
-123.347938076019	-9.55	4.00000000000003
-123.347938076019	-9.5	4.00000000000002
-123.347938076019	-9.45	4.00000000000003
-123.347938076019	-9.4	4.00000000000002
-123.347938076019	-9.35	4.00000000000002
-123.347938076019	-9.3	4.00000000000003
-123.347938076019	-9.25	4.00000000000002
-123.347938076019	-9.2	4.00000000000003
-123.347938076019	-9.15	4.00000000000003
-123.347938076019	-9.1	4.00000000000004
-123.347938076019	-9.05	4.00000000000004
-123.347938076019	-9	4.00000000000004
-123.347938076019	-8.95	4.00000000000004
-123.34793807602	-8.9	4.00000000000005
-123.347938076019	-8.85	4.00000000000004
-123.347938076019	-8.8	4.00000000000005
-123.347938076019	-8.75	4.00000000000005
-123.347938076019	-8.7	4.00000000000005
-123.34793807602	-8.65	4.00000000000006
-123.347938076019	-8.6	4.00000000000005
-123.347938076019	-8.55	4.00000000000005
-123.34793807602	-8.5	4.00000000000006
-123.347938076019	-8.45	4.00000000000006
-123.347938076019	-8.4	4.00000000000006
-123.347938076019	-8.35	4.00000000000006
-123.34793807602	-8.3	4.00000000000007
-123.347938076019	-8.25	4.00000000000007
-123.347938076019	-8.2	4.00000000000007
-123.34793807602	-8.15	4.00000000000008
-123.34793807602	-8.1	4.00000000000009
-123.34793807602	-8.05	4.00000000000009
-123.34793807602	-8	4.00000000000009
-123.34793807602	-7.95	4.00000000000009
-123.34793807602	-7.9	4.00000000000009
-123.34793807602	-7.85	4.00000000000009
-123.34793807602	-7.8	4.00000000000011
-123.34793807602	-7.75	4.00000000000011
-123.34793807602	-7.7	4.00000000000011
-123.34793807602	-7.65	4.00000000000012
-123.34793807602	-7.6	4.00000000000012
-123.34793807602	-7.55	4.00000000000012
-123.34793807602	-7.5	4.00000000000013
-123.34793807602	-7.45	4.00000000000012
-123.34793807602	-7.4	4.00000000000014
-123.34793807602	-7.35	4.00000000000014
-123.34793807602	-7.3	4.00000000000014
-123.34793807602	-7.25	4.00000000000015
-123.34793807602	-7.2	4.00000000000015
-123.34793807602	-7.15	4.00000000000016
-123.34793807602	-7.1	4.00000000000017
-123.34793807602	-7.05	4.00000000000017
-123.34793807602	-7	4.00000000000017
-123.34793807602	-6.95	4.00000000000018
-123.347938076021	-6.9	4.00000000000019
-123.34793807602	-6.85	4.0000000000002
-123.347938076021	-6.8	4.0000000000002
-123.347938076021	-6.75	4.00000000000021
-123.347938076021	-6.7	4.00000000000022
-123.347938076021	-6.65	4.00000000000022
-123.347938076021	-6.6	4.00000000000023
-123.347938076021	-6.55	4.00000000000024
-123.347938076021	-6.5	4.00000000000025
-123.347938076021	-6.45	4.00000000000025
-123.347938076021	-6.4	4.00000000000026
-123.347938076021	-6.35	4.00000000000027
-123.347938076021	-6.3	4.00000000000028
-123.347938076021	-6.25	4.00000000000027
-123.347938076021	-6.2	4.0000000000003
-123.347938076021	-6.15	4.00000000000031
-123.347938076021	-6.1	4.00000000000032
-123.347938076022	-6.05	4.00000000000034
-123.347938076022	-6	4.00000000000035
-123.347938076022	-5.95	4.00000000000036
-123.347938076022	-5.9	4.00000000000037
-123.347938076022	-5.85	4.00000000000038
-123.347938076022	-5.8	4.0000000000004
-123.347938076022	-5.75	4.00000000000041
-123.347938076022	-5.7	4.00000000000044
-123.347938076022	-5.65	4.00000000000044
-123.347938076022	-5.6	4.00000000000046
-123.347938076022	-5.55	4.00000000000048
-123.347938076023	-5.5	4.0000000000005
-123.347938076022	-5.45	4.00000000000051
-123.347938076022	-5.4	4.00000000000054
-123.347938076023	-5.35	4.00000000000055
-123.347938076023	-5.3	4.00000000000057
-123.347938076023	-5.25	4.00000000000061
-123.347938076023	-5.2	4.00000000000063
-123.347938076023	-5.15	4.00000000000065
-123.347938076023	-5.1	4.00000000000068
-123.347938076024	-5.05	4.00000000000071
-123.347938076024	-5	4.00000000000075
-123.347938076024	-4.95	4.00000000000078
-123.347938076024	-4.9	4.00000000000081
-123.347938076024	-4.85	4.00000000000084
-123.347938076024	-4.8	4.00000000000088
-123.347938076025	-4.75	4.00000000000093
-123.347938076024	-4.7	4.00000000000096
-123.347938076024	-4.65	4.00000000000099
-123.347938076025	-4.6	4.00000000000107
-123.347938076024	-4.55	4.0000000000011
-123.347938076025	-4.5	4.00000000000117
-123.347938076026	-4.45	4.00000000000124
-123.347938076026	-4.4	4.00000000000131
-123.347938076026	-4.35	4.00000000000138
-123.347938076027	-4.3	4.00000000000146
-123.347938076027	-4.25	4.00000000000156
-123.347938076027	-4.2	4.00000000000164
-123.347938076028	-4.15	4.00000000000175
-123.347938076029	-4.1	4.00000000000187
-123.347938076029	-4.05	4.00000000000197
-123.347938076029	-4	4.0000000000021
-123.34793807603	-3.95	4.00000000000226
-123.347938076031	-3.9	4.00000000000241
-123.347938076032	-3.85	4.0000000000026
-123.347938076032	-3.8	4.0000000000028
-123.347938076033	-3.75	4.000000000003
-123.347938076034	-3.7	4.00000000000326
-123.347938076035	-3.65	4.00000000000353
-123.347938076036	-3.6	4.00000000000385
-123.347938076037	-3.55	4.0000000000042
-123.347938076039	-3.5	4.00000000000461
-123.347938076041	-3.45	4.00000000000509
-123.347938076043	-3.4	4.00000000000563
-123.347938076045	-3.35	4.00000000000627
-123.347938076047	-3.3	4.00000000000702
-123.34793807605	-3.25	4.00000000000793
-123.347938076054	-3.2	4.000000000009
-123.347938076058	-3.15	4.00000000001031
-123.347938076063	-3.1	4.00000000001193
-123.347938076069	-3.05	4.00000000001397
-123.347938076077	-3	4.00000000001658
-123.347938076087	-2.95	4.00000000002
-123.347938076101	-2.9	4.0000000000246
-123.347938076119	-2.85	4.00000000003102
-123.347938076145	-2.8	4.00000000004032
-123.347938076185	-2.75	4.00000000005458
-123.347938076248	-2.7	4.00000000007801
-123.347938076363	-2.65	4.00000000012083
-123.347938076602	-2.6	4.00000000021181
-123.347938077251	-2.55	4.00000000046442
-123.347938080434	-2.5	4.00000000172919
-125.796954089201	-2.45	5.00000000000346
-125.796954089202	-2.4	5.00000000000378
-125.796954089202	-2.35	5.00000000000411
-125.796954089203	-2.3	5.00000000000451
-125.796954089204	-2.25	5.00000000000496
-125.796954089206	-2.2	5.00000000000551
-125.796954089207	-2.15	5.00000000000612
-125.796954089208	-2.1	5.00000000000685
-125.79695408921	-2.05	5.00000000000771
-125.796954089212	-2	5.00000000000877
-125.796954089215	-1.95	5.00000000001004
-125.796954089218	-1.9	5.00000000001163
-125.796954089222	-1.85	5.00000000001361
-125.796954089226	-1.8	5.00000000001617
-125.796954089232	-1.75	5.00000000001951
-125.79695408924	-1.7	5.00000000002405
-125.796954089251	-1.65	5.00000000003042
-125.796954089266	-1.6	5.00000000003976
-125.796954089289	-1.55	5.00000000005435
-125.796954089326	-1.5	5.00000000007903
-125.796954089396	-1.45	5.00000000012631
-125.796954089552	-1.4	5.00000000023652
-125.796954090062	-1.35	5.00000000060911
-125.796954094896	-1.3	5.00000000428811
-127.067328753998	-1.25	5.99999999397539
-127.067328761049	-1.2	5.99999999968417
-127.067328761315	-1.15	5.9999999999123
-127.067328761365	-1.1	5.99999999995587
-127.067328761383	-1.05	5.99999999997163
-127.067328761393	-1	5.9999999999828
-127.067328761399	-0.949999999999999	5.99999999998814
-127.067328761402	-0.9	5.99999999999147
-127.067328761403	-0.85	5.99999999999356
-127.067328761405	-0.799999999999999	5.99999999999533
-127.067328761406	-0.75	5.99999999999653
-127.067328761407	-0.699999999999999	5.99999999999752
-127.067328761407	-0.65	5.99999999999834
-127.067328761408	-0.6	5.99999999999907
-127.067328761408	-0.549999999999999	5.99999999999975
-127.067328761408	-0.5	6.0000000000004
-127.067328761409	-0.449999999999999	6.00000000000108
-127.067328761409	-0.399999999999999	6.00000000000182
-127.067328761409	-0.35	6.00000000000266
-127.06732876141	-0.299999999999999	6.00000000000368
-127.06732876141	-0.25	6.00000000000497
-127.067328761411	-0.199999999999999	6.00000000000669
-127.067328761411	-0.149999999999999	6.00000000000907
-127.068181477693	-0.0999999999999996	6.00000010465626
-127.162716678835	-0.0499999999999989	6.99999999873603
-127.162716678868	0	6.99999999971956
-127.162716678865	0.0500000000000007	6.99999999988038
-127.162716678862	0.100000000000001	6.99999999993443
-127.162716678859	0.15	6.99999999995891
-127.162716678856	0.200000000000001	6.99999999997221
-127.162716678854	0.25	6.99999999998018
-127.162716678853	0.300000000000001	6.99999999998541
-127.162716678852	0.350000000000001	6.99999999998904
-127.162716678851	0.4	6.99999999999169
-127.16271667885	0.450000000000001	6.99999999999375
-127.162716678849	0.5	6.99999999999539
-127.162716678848	0.550000000000001	6.99999999999675
-127.162716678848	0.600000000000001	6.99999999999796
-127.162716678847	0.65	6.99999999999907
-127.162716678846	0.700000000000001	7.0000000000001
-127.162716678846	0.75	7.00000000000118
-127.162716678845	0.800000000000001	7.0000000000023
-127.162716678844	0.850000000000001	7.00000000000352
-127.162716678843	0.9	7.00000000000497
-127.162716678841	0.950000000000001	7.00000000000669
-127.162716678838	1	7.00000000000884
-127.162716678836	1.05	7.00000000001173
-127.162716678832	1.1	7.00000000001571
-127.162716678825	1.15	7.0000000000215
-127.162716678814	1.2	7.00000000003054
-127.162716678795	1.25	7.00000000004599
-127.162716678757	1.3	7.00000000007586
-127.162716678664	1.35	7.00000000014622
-127.162716678332	1.4	7.00000000038667
-127.16271667496	1.45	7.00000000273407
-125.6825640427	1.5	7.9999999926761
-125.682564032485	1.55	7.99999999943311
-125.682564031958	1.6	7.99999999977068
-125.682564031786	1.65	7.99999999987708
-125.682564031699	1.7	7.99999999992856
-125.68256403166	1.75	7.99999999995068
-125.682564031637	1.8	7.99999999996425
-125.682564031623	1.85	7.99999999997219
-125.68256403161	1.9	7.99999999997877
-125.682564031605	1.95	7.99999999998152
-125.682564031597	2	7.99999999998523
-125.682564031593	2.05	7.99999999998744
-125.682564031584	2.2	7.99999999999172
-125.682564031582	2.25	7.9999999999927
-125.682564031579	2.3	7.99999999999358
-125.682564031578	2.35	7.99999999999427
-125.682564031574	2.5	7.99999999999602
-125.682564031414	2.65	8.00000000005663
-123.023460574753	2.7	8.99999999803513
-123.023467551308	2.75	8.9999999995581
-123.023460569926	2.8	8.9999999998071
-123.023460569689	2.85	8.99999999989112
-123.023460569578	2.9	8.99999999992967
-123.023460569517	2.95	8.99999999995062
-123.023460569479	3	8.99999999996336
-123.023460569454	3.05	8.99999999997169
-123.023460569436	3.1	8.99999999997743
-123.023460569423	3.15	8.99999999998157
-123.023460569414	3.2	8.99999999998469
-123.023460569406	3.25	8.99999999998703
-123.0234605694	3.3	8.99999999998888
-123.023460569395	3.35	8.99999999999036
-123.023460569392	3.4	8.99999999999161
-123.023460569387	3.45	8.99999999999254
-123.023460569385	3.5	8.99999999999339
-123.023460569383	3.55	8.99999999999409
-123.02346056938	3.6	8.99999999999467
-123.023460569378	3.65	8.99999999999517
-123.023460569377	3.7	8.99999999999566
-123.023460569375	3.75	8.99999999999597
-123.023460569374	3.8	8.99999999999635
-119.186532965396	3.85	9.99999998399417
-119.186532907808	3.9	9.99999999891211
-119.186532904957	3.95	9.99999999963989
-119.186532904233	4	9.99999999982212
-119.186532903943	4.05	9.99999999989429
-119.186532903797	4.1	9.99999999992992
-119.186532903714	4.15	9.99999999995015
-119.186532903662	4.2	9.99999999996272
-119.186532903627	4.25	9.99999999997103
-119.186532903602	4.3	9.99999999997689
-119.186532903583	4.35	9.99999999998105
-119.186532903569	4.4	9.99999999998419
-119.186532903559	4.45	9.99999999998662
-119.18653290355	4.5	9.99999999998853
-119.186532903543	4.55	9.99999999999008
-119.186532903538	4.6	9.99999999999135
-119.186532903533	4.65	9.99999999999235
-119.186532903529	4.7	9.99999999999319
-119.186532903526	4.75	9.99999999999392
-119.186532903523	4.8	9.99999999999456
-119.18653290352	4.85	9.99999999999506
-119.186532903517	4.9	9.99999999999547
-119.186532903516	4.95	9.99999999999586
-119.186532903514	5	9.99999999999622
-119.186532903513	5.05	9.99999999999654
-119.186532903512	5.1	9.99999999999681
-119.186532903511	5.15	9.99999999999711
-119.186532903509	5.2	9.99999999999726
-119.186532903508	5.25	9.99999999999745
-119.186532903507	5.3	9.99999999999761
-119.186532903506	5.35	9.99999999999778
-119.186532903505	5.4	9.99999999999793
-119.186532903504	5.45	9.99999999999804
-119.186532903504	5.5	9.99999999999816
-119.186532903503	5.55	9.99999999999826
-119.186532903502	5.6	9.99999999999834
-119.186532903502	5.65	9.99999999999847
-119.186532903502	5.7	9.99999999999854
-119.186532903502	5.75	9.99999999999864
-119.186532903501	5.8	9.99999999999868
-119.186532903501	5.85	9.99999999999876
-119.186532903501	5.9	9.99999999999884
-119.1865329035	5.95	9.99999999999887
-119.1865329035	6	9.99999999999897
-119.186532903499	6.05	9.99999999999898
-119.186532903499	6.1	9.99999999999902
-119.186532903499	6.15	9.99999999999909
-119.186532903499	6.2	9.99999999999915
-119.186532903499	6.25	9.99999999999917
-119.186532903498	6.3	9.9999999999992
-119.186532903498	6.35	9.99999999999923
-119.186532903498	6.4	9.99999999999926
-119.186532903497	6.45	9.99999999999927
-119.186532903497	6.5	9.99999999999932
-119.186532903497	6.55	9.99999999999933
-119.186532903497	6.6	9.99999999999934
-119.186532903497	6.65	9.99999999999939
-119.186532903497	6.7	9.99999999999941
-119.186532903497	6.75	9.99999999999943
-119.186532903497	6.8	9.99999999999947
-119.186532903496	6.85	9.99999999999946
-119.186532903497	6.9	9.99999999999954
-119.186532903496	6.95	9.99999999999953
-119.186532903496	7	9.99999999999953
-119.186532903496	7.05	9.99999999999954
-119.186532903496	7.1	9.99999999999956
-119.186532903496	7.15	9.99999999999959
-119.186532903495	7.2	9.99999999999958
-119.186532903495	7.25	9.9999999999996
-119.186532903495	7.3	9.99999999999961
-119.186532903495	7.35	9.99999999999961
-119.186532903495	7.4	9.99999999999962
-119.186532903495	7.45	9.99999999999967
-119.186532903495	7.5	9.99999999999964
-119.186532903495	7.55	9.9999999999997
-119.186532903494	7.6	9.99999999999959
-119.186532903494	7.65	9.99999999999967
-119.186532903495	7.7	9.99999999999973
-119.186532903494	7.75	9.9999999999997
-119.186532903494	7.8	9.99999999999972
-119.186532903494	7.85	9.99999999999972
-119.186532903494	7.9	9.99999999999974
-119.186532903494	7.95	9.99999999999974
-119.186532903495	8	9.99999999999978
-119.186532903494	8.05	9.99999999999974
-119.186532903494	8.1	9.99999999999976
-119.186532903494	8.15	9.99999999999979
-119.186532903494	8.2	9.99999999999979
-119.186532903493	8.25	9.99999999999973
-119.186532903494	8.3	9.99999999999981
-119.186532903493	8.35	9.99999999999975
-119.186532903494	8.4	9.99999999999981
-119.186532903494	8.45	9.99999999999983
-119.186532903494	8.5	9.9999999999998
-119.186532903493	8.55	9.99999999999981
-119.186532903494	8.6	9.99999999999981
-119.186532903494	8.65	9.99999999999984
-119.186532903494	8.7	9.99999999999986
-119.186532903493	8.75	9.99999999999985
-119.186532903494	8.8	9.99999999999986
-119.186532903494	8.85	9.99999999999986
-119.186532903493	8.9	9.99999999999984
-119.186532903493	8.95	9.99999999999985
-119.186532903493	9	9.99999999999984
-119.186532903493	9.05	9.99999999999985
-119.186532903493	9.1	9.99999999999987
-119.186532903494	9.15	9.99999999999988
-119.186532903493	9.2	9.99999999999987
-119.186532903493	9.25	9.99999999999988
-119.186532903493	9.3	9.9999999999999
-119.186532903493	9.35	9.99999999999989
-119.186532903493	9.4	9.99999999999988
-119.186532903493	9.45	9.99999999999989
-119.186532903493	9.5	9.99999999999991
-119.186532903493	9.55	9.99999999999989
-119.186532903492	9.6	9.99999999999987
-119.186532903493	9.65	9.99999999999991
-119.186532903493	9.7	9.99999999999991
-119.186532903492	9.75	9.99999999999992
-119.186532903493	9.8	9.99999999999993
-119.186532903493	9.85	9.99999999999994
-119.186532903493	9.9	9.99999999999993
-119.186532903493	9.95	9.99999999999992
