-124.050330326343	-10	3.61588131311387
-124.051795730408	-9.95	3.61602822167759
-124.053275096061	-9.9	3.61617727706205
-124.054768637176	-9.85	3.61632852266568
-124.056276572114	-9.8	3.61648200300627
-124.057799123844	-9.75	3.61663776375626
-124.05933652007	-9.7	3.61679585177932
-124.060888993357	-9.65	3.61695631516832
-124.062456781267	-9.6	3.61711920328471
-124.064040126496	-9.55	3.61728456679944
-124.065639277017	-9.5	3.61745245773535
-124.067254486225	-9.45	3.61762292951136
-124.068886013093	-9.4	3.61779603698815
-124.070534122326	-9.35	3.61797183651583
-124.072199084528	-9.3	3.61815038598338
-124.073881176365	-9.25	3.61833174486991
-124.075580680748	-9.2	3.61851597429823
-124.077297887009	-9.15	3.61870313709041
-124.079033091085	-9.1	3.61889329782541
-124.080786595719	-9.05	3.61908652289932
-124.082558710659	-9	3.61928288058796
-124.084349752865	-8.95	3.61948244111189
-124.086160046725	-8.9	3.61968527670422
-124.08798992428	-8.85	3.61989146168126
-124.089839725458	-8.8	3.62010107251609
-124.091709798312	-8.75	3.62031418791501
-124.09360049927	-8.7	3.62053088889751
-124.095512193389	-8.65	3.62075125887868
-124.097445254995	-8.6	3.62097538379886
-124.099400066285	-8.55	3.62120335202
-124.101377020801	-8.5	3.62143525478902
-124.103376521073	-8.45	3.6216711860292
-124.105398978695	-8.4	3.62191124241148
-124.107444817101	-8.35	3.62215552375193
-124.109514469925	-8.3	3.62240413289068
-124.111608382032	-8.25	3.62265717588897
-124.113727009617	-8.2	3.62291476212024
-124.115870820783	-8.15	3.62317700442113
-124.118040295905	-8.1	3.62344401922219
-124.12023592802	-8.05	3.62371592668485
-124.122458223265	-8	3.62399285084872
-124.12470770132	-7.95	3.62427491978514
-124.126984895882	-7.9	3.62456226575799
-124.129290355147	-7.85	3.62485502539169
-124.131624642425	-7.8	3.62515333986167
-124.133988336214	-7.75	3.62545735501994
-124.13638203147	-7.7	3.62576722168171
-124.138806339691	-7.65	3.62608309576486
-124.141261889644	-7.6	3.62640513851938
-124.143749327994	-7.55	3.62673351675115
-124.146269319956	-7.5	3.62706840305681
-124.148822549989	-7.45	3.62740997607049
-124.151409722506	-7.4	3.62775842072307
-124.154031562628	-7.35	3.62811392851451
-124.156688816965	-7.3	3.62847669780039
-124.159382254443	-7.25	3.62884693409324
-124.162112667156	-7.2	3.62922485037965
-124.164880871276	-7.15	3.62961066745466
-124.167687707916	-7.1	3.63000461426222
-124.170534044294	-7.05	3.63040692829056
-124.173420774609	-7	3.63081785593927
-124.176348821172	-6.95	3.63123765293792
-124.17931913555	-6.9	3.63166658478029
-124.18233269976	-6.85	3.63210492718191
-124.185390527521	-6.8	3.63255296656318
-124.188493665563	-6.75	3.6330110005593
-124.191643195019	-6.7	3.63347933855957
-124.194840232872	-6.65	3.63395830227715
-124.19808593348	-6.6	3.63444822635157
-124.20138149019	-6.55	3.63494945898641
-124.20472813702	-6.5	3.63546236262398
-124.208127150444	-6.45	3.63598731465998
-124.211579850978	-6.4	3.63652470815627
-124.215087606299	-6.35	3.63707495282167
-124.218651831605	-6.3	3.63763847559556
-124.222273992969	-6.25	3.63821572173035
-124.225955609345	-6.2	3.63880715570379
-124.229698254981	-6.15	3.63941326223137
-124.233503562062	-6.1	3.64003454735919
-124.237373223433	-6.05	3.64067153961404
-124.241308995485	-6	3.64132479122906
-124.245312701119	-5.95	3.6419948794336
-124.249386233018	-5.9	3.64268240784846
-124.253531557054	-5.85	3.64338800796547
-124.25775071556	-5.8	3.6441123406647
-124.262045832536	-5.75	3.64485609813532
-124.266419115576	-5.7	3.6456200053053
-124.270872861609	-5.65	3.64640482200718
-124.275409461089	-5.6	3.64721134496373
-124.280031402833	-5.55	3.64804040997916
-124.284741279155	-5.5	3.64889289428393
-124.289541791329	-5.45	3.64976971904512
-124.294435755136	-5.4	3.65067185201016
-124.299426108054	-5.35	3.65160031057586
-124.304515914287	-5.3	3.65255616459978
-124.309708372803	-5.25	3.65354053991207
-124.315006824516	-5.2	3.6545546218333
-124.320414760301	-5.15	3.65559965902176
-124.32593582909	-5.1	3.6566769675259
-124.331573847864	-5.05	3.65778793540906
-124.33733281001	-5	3.65893402727976
-124.343216896554	-4.95	3.66011678962512
-124.349230486695	-4.9	3.66133785627754
-124.355378170388	-4.85	3.6625989545779
-124.361664759807	-4.8	3.66390191162857
-124.368095303594	-4.75	3.66524866145688
-124.374675101154	-4.7	3.66664125256504
-124.38140971815	-4.65	3.66808185614505
-124.388305003146	-4.6	3.66957277498121
-124.395367105431	-4.55	3.671116453101
-124.402602493737	-4.5	3.67271548615371
-124.410017978897	-4.45	3.67437263325271
-124.417620732012	-4.4	3.67609082846878
-124.425418312394	-4.35	3.67787319521716
-124.433418690417	-4.3	3.67972306029767
-124.441630276186	-4.25	3.6816439701168
-124.450061948972	-4.2	3.68363970805198
-124.458723088519	-4.15	3.68571431330377
-124.467623612172	-4.1	3.68787210230217
-124.476774007974	-4.05	3.69011769043823
-124.486185378144	-4	3.6924560177223
-124.495869479318	-3.95	3.69489237524248
-124.505838772401	-3.9	3.69743243575807
-124.516106471054	-3.85	3.7000822859163
-124.526686596508	-3.8	3.70284846222662
-124.537594036801	-3.75	3.70573799059147
-124.548844608622	-3.7	3.70875842918798
-124.560455128459	-3.65	3.71191791680013
-124.572443484999	-3.6	3.71522522483235
-124.584828719393	-3.55	3.71868981515855
-124.597631111784	-3.5	3.72232190385082
-124.610872273793	-3.45	3.72613253121002
-124.624575250288	-3.4	3.73013363961941
-124.638764626367	-3.35	3.73433815871126
-124.653466642258	-3.3	3.73876009931656
-124.668709321303	-3.25	3.74341465858544
-124.68452259969	-3.2	3.74831833379875
-124.700938472623	-3.15	3.75348905031821
-124.71799114475	-3.1	3.75894630114388
-124.735717192127	-3.05	3.76471130156066
-124.75415573296	-3	3.77080715947952
-124.773348607007	-2.95	3.77725906299827
-124.793340562745	-2.9	3.78409448665238
-124.814179450769	-2.85	3.7913434177742
-124.835916421289	-2.8	3.79903860432962
-124.858606122244	-2.75	3.8072158253104
-124.882306896959	-2.7	3.8159141857702
-124.907080967827	-2.65	3.82517643420332
-124.932994609076	-2.6	3.83504930599318
-124.960118290922	-2.55	3.84558388909288
-124.988526785699	-2.5	3.85683601084552
-125.018299219263	-2.45	3.86886664176094
-125.049519047238	-2.4	3.88174230990779
-125.08227392974	-2.35	3.89553551616303
-125.116655475933	-2.3	3.91032513809378
-125.152758813844	-2.25	3.92619680137225
-125.190681953391	-2.2	3.94324319996526
-125.230524846726	-2.15	3.96156431383593
-125.272388147823	-2.1	3.9812675106238
-125.316371534747	-2.05	4.00246744875398
-125.362571539855	-2	4.02528572538298
-125.411078814333	-1.95	4.04985019321283
-125.46197471186	-1.9	4.07629383466287
-125.51532715093	-1.85	4.10475310096706
-125.571185677551	-1.8	4.13536558527224
-125.629575780113	-1.75	4.16826694647933
-125.690492478197	-1.7	4.20358696625787
-125.753893403667	-1.65	4.24144471436935
-125.819691690542	-1.6	4.28194285273606
-125.887749190731	-1.55	4.32516124291133
-125.95787070488	-1.5	4.37115017239576
-126.02980011659	-1.45	4.41992372504599
-126.103219421578	-1.4	4.47145402237334
-126.177751606782	-1.35	4.5256672205891
-126.252968133745	-1.3	4.58244223023182
-126.328401243808	-1.25	4.64161296890279
-126.403560604768	-1.2	4.7029746184006
-126.477952976781	-1.15	4.76629378111264
-126.551102766829	-1.1	4.83132167878045
-126.622570947875	-1.05	4.89780889256632
-126.691969882299	-1	4.96551969419788
-126.758972276541	-0.949999999999999	5.03424402467605
-126.823313589548	-0.9	5.10380562839423
-126.884788387119	-0.85	5.17406559107177
-126.943242144939	-0.799999999999999	5.244921435586
-126.998560521479	-0.75	5.3163026678176
-127.050658086022	-0.699999999999999	5.38816404309044
-127.099468135504	-0.65	5.46047795976084
-127.144934573409	-0.6	5.53322711614081
-127.187006232038	-0.549999999999999	5.6063982282812
-127.2256335052	-0.5	5.6799771584064
-127.260766887273	-0.449999999999999	5.75394549173979
-127.292356898095	-0.399999999999999	5.828278357915
-127.320354921136	-0.35	5.90294323253738
-127.344714577162	-0.299999999999999	5.97789946203378
-127.365393380444	-0.25	6.05309838231419
-127.382354493515	-0.199999999999999	6.12848400806072
-127.395568416996	-0.149999999999999	6.20399433781835
-127.405014440817	-0.0999999999999996	6.2795633617942
-127.410681647668	-0.0499999999999989	6.35512379131352
-127.412569250226	0	6.43061040698293
-127.410686083309	0.0500000000000007	6.50596378659899
-127.405049164273	0.100000000000001	6.58113405265014
-127.395681373845	0.15	6.65608417545546
-127.382608470152	0.200000000000001	6.73079237852353
-127.365855782702	0.25	6.80525329973649
-127.345445019522	0.300000000000001	6.87947768689923
-127.32139163169	0.350000000000001	6.95349061138742
-127.293703107513	0.4	7.02732839039689
-127.262378443731	0.450000000000001	7.10103454626398
-127.227408852153	0.5	7.17465528724628
-127.188779602475	0.550000000000001	7.24823497234884
-127.146472721187	0.600000000000001	7.32181205591471
-127.100470206226	0.65	7.39541582725118
-127.050757341531	0.700000000000001	7.46906420901512
-126.997325780473	0.75	7.54276263370355
-126.940176111032	0.800000000000001	7.61650395198745
-126.879319789956	0.850000000000001	7.69026913479405
-126.814780393169	0.9	7.76402855765789
-126.746594229336	0.950000000000001	7.83774362712636
-126.674810411329	1	7.91136854687913
-126.599490374121	1.05	7.98485219326423
-126.520706874646	1.1	8.05814003640038
-126.438542335374	1.15	8.13117621758454
-126.353086471079	1.2	8.20390579442202
-126.264433166925	1.25	8.27627713937982
-126.172676685278	1.3	8.3482443951334
-126.077907616356	1.35	8.41976966101039
-125.98020917474	1.4	8.49082453192558
-125.879654786396	1.45	8.56139046315346
-125.776308090589	1.5	8.63145743746696
-125.670226480471	1.55	8.70102053123421
-125.561469080794	1.6	8.77007420835751
-125.450109515542	1.65	8.83860454332591
-125.336252957325	1.7	8.90658004644953
-125.220055890247	1.75	8.97394224241474
-125.101745937118	1.8	9.04059753567393
-124.981638303401	1.85	9.10641204025342
-124.860145223715	1.9	9.17121082815741
-124.737775471966	1.95	9.23478243625524
-124.615122507064	2	9.29688855808632
-124.492841913148	2.05	9.35727782894797
-124.371620898949	2.1	9.4157017814868
-124.252143991767	2.15	9.47193071947073
-124.135059613359	2.2	9.52576736507327
-124.020951578557	2.25	9.57705676243112
-123.910318216306	2.3	9.62569174288567
-123.803560206024	2.35	9.67161405321085
-123.70097675618	2.4	9.71481185098454
-123.60276872849	2.45	9.75531459210548
-123.509046851498	2.5	9.79318637666986
-123.41984305509	2.55	9.82851871622898
-123.335123308159	2.6	9.86142341858863
-123.254800540126	2.65	9.8920261177104
-123.178746864298	2.7	9.9204606689625
-123.106804491329	2.75	9.94686453926467
-123.038795114868	2.8	9.97137516319237
-122.974527681909	2.85	9.99412719346778
-122.913804690596	2.9	10.0152505029232
-122.856427079779	2.95	10.0348688388763
-122.802197993955	3	10.05309896876
-122.750925518785	3.05	10.0700502368371
-122.702424645809	3.1	10.0858244077238
-122.656518573253	3.15	10.1005157349994
-122.613039503739	3.2	10.1142111829173
-122.571829070036	3.25	10.126990746336
-122.532738453103	3.3	10.1389278402309
-122.495628296559	3.35	10.1500897211749
-122.460368452284	3.4	10.1605379276406
-122.426837648382	3.45	10.170328710854
-122.394923061578	3.5	10.1795134621801
-122.364519862103	3.55	10.1881391179901
-122.33553073474	3.6	10.1962485428902
-122.3078653991	3.65	10.2038808867414
-122.281440133259	3.7	10.2110719164778
-122.256177303222	3.75	10.2178543240746
-122.232004941865	3.8	10.2242580010355
-122.208856306884	3.85	10.2303103004257
-122.18666950015	3.9	10.2360362661334
-122.165387074541	3.95	10.2414588507102
-122.144955743714	4	10.2465990936598
-122.125325978661	4.05	10.2514763167339
-122.106451795858	4.1	10.2561082602343
-122.088290419465	4.15	10.2605112416142
-122.070802065487	4.2	10.2647002753307
-122.053949692272	4.25	10.2686891935979
-122.037698800364	4.3	10.2724907485316
-122.022017217882	4.35	10.2761167117229
-122.006874939049	4.4	10.2795779559784
-121.992243940376	4.45	10.2828845374912
-121.978098043724	4.5	10.2860457629369
-121.964412771102	4.55	10.2890702547065
-121.95116521649	4.6	10.2919660088398
-121.938333929174	4.65	10.2947404473403
-121.92589880478	4.7	10.2974004660464
-121.913840986808	4.75	10.299952477743
-121.902142772164	4.8	10.302402452178
-121.890787544861	4.85	10.3047559481803
-121.879759669423	4.9	10.3070181523839
-121.869044444172	4.95	10.3091939038208
-121.858628027489	5	10.3112877227266
-121.84849737912	5.05	10.3133038349092
-121.838640202955	5.1	10.3152461946296
-121.829044898791	5.15	10.3171185046097
-121.81970051449	5.2	10.3189242350033
-121.810596701847	5.25	10.320666640744
-121.801723676938	5.3	10.3223487772229
-121.79307218323	5.35	10.3239735147133
-121.784633457196	5.4	10.3255435516546
-121.776399196539	5.45	10.3270614268477
-121.768361531024	5.5	10.3285295306137
-121.760512993264	5.55	10.3299501154549
-121.752846498536	5.6	10.3313253046228
-121.745355316348	5.65	10.3326571017695
-121.738033051695	5.7	10.333947398466
-121.730873622775	5.75	10.3351979820104
-121.723871237648	5.8	10.3364105430778
-121.717020388751	5.85	10.3375866799797
-121.710315827617	5.9	10.3387279061171
-121.703752550869	5.95	10.339835655207
-121.69732578775	6	10.3409112860383
-121.69103098657	6.05	10.3419560872071
-121.684863800908	6.1	10.3429712817032
-121.678820079378	6.15	10.3439580307184
-121.672895854523	6.2	10.3449174374486
-121.667087332762	6.25	10.3458505505741
-121.661390884857	6.3	10.3467583675134
-121.655803037141	6.35	10.3476418374339
-121.650320463177	6.4	10.3485018640727
-121.644939976032	6.45	10.3493393083532
-121.639658521058	6.5	10.3501549908229
-121.634473168809	6.55	10.3509496939771
-121.62938110899	6.6	10.3517241643366
-121.624379644081	6.65	10.3524791144953
-121.619466183993	6.7	10.3532152249387
-121.614638240298	6.75	10.3539331458563
-121.609893421154	6.8	10.3546334987843
-121.605229427074	6.85	10.3553168780663
-121.600644045821	6.9	10.3559838523863
-121.596135152525	6.95	10.3566349654939
-121.591700696108	7	10.3572707388665
-121.587338704681	7.05	10.3578916715719
-121.58304727331	7.1	10.3584982426321
-121.578824574441	7.15	10.3590909101224
-121.574668841382	7.2	10.3596701140612
-121.570578371067	7.25	10.360236276524
-121.5665515194	7.3	10.3607898027773
-121.562586700593	7.35	10.3613310818275
-121.558682383303	7.4	10.3618604873866
-121.554837088536	7.45	10.3623783785665
-121.551049387391	7.5	10.3628851005703
-121.547317898886	7.55	10.3633809853518
-121.543641287936	7.6	10.3638663522327
-121.540018263309	7.65	10.3643415085005
-121.536447575858	7.7	10.3648067499544
-121.53292801706	7.75	10.3652623613898
-121.529458416853	7.8	10.3657086171619
-121.526037642331	7.85	10.366145781617
-121.52266459603	7.9	10.3665741095661
-121.519338215007	7.95	10.3669938466405
-121.516057469037	8	10.3674052297492
-121.512821359411	8.05	10.3678084874457
-121.509628917348	8.1	10.3682038403305
-121.506479203691	8.15	10.3685915012866
-121.503371307749	8.2	10.3689716758076
-121.500304344787	8.25	10.3693445624844
-121.497277456504	8.3	10.3697103531136
-121.494289808686	8.35	10.3700692331416
-121.491340592409	8.4	10.3704213816739
-121.488429022571	8.45	10.3707669718004
-121.48555432942	8.5	10.3711061717342
-121.482715777426	8.55	10.3714391427147
-121.479912642144	8.6	10.3717660418698
-121.477144221352	8.65	10.3720870210167
-121.474409832534	8.7	10.3724022270763
-121.471708811517	8.75	10.372711802341
-121.469040512164	8.8	10.3730158846152
-121.466404305615	8.85	10.3733146074031
-121.463799579801	8.9	10.3736081000612
-121.461225738566	8.95	10.3738964879884
-121.458682201232	9	10.3741798927626
-121.45616840271	9.05	10.3744584322147
-121.4536837922	9.1	10.3747322206524
-121.451227833121	9.15	10.3750013689467
-121.448800002379	9.2	10.375265984686
-121.446399790056	9.25	10.3755261722807
-121.444026698948	9.3	10.3757820330817
-121.441680244286	9.35	10.3760336654763
-121.439359952913	9.4	10.3762811650387
-121.437065363886	9.45	10.3765246245259
-121.434796027764	9.5	10.3767641340135
-121.432551504224	9.55	10.3769997812001
-121.430331365097	9.6	10.3772316511418
-121.428135191676	9.65	10.3774598265853
-121.425962575773	9.7	10.377684387908
-121.423813117821	9.75	10.3779054133605
-121.42168642863	9.8	10.378122978931
-121.41958212642	9.85	10.3783371586934
-121.417499840511	9.9	10.3785480244727
-121.415439206436	9.95	10.3787556463819
