-124.412064226103	-10	3.91402795509578
-124.41269355539	-9.95	3.9140910460146
-124.413326047264	-9.9	3.9141547734251
-124.413961748685	-9.85	3.91421914852826
-124.414600707892	-9.8	3.91428418282635
-124.415242974448	-9.75	3.91434988813341
-124.41588859928	-9.7	3.91441627658631
-124.416537634731	-9.65	3.91448336065609
-124.417190134601	-9.6	3.91455115315997
-124.417846154281	-9.55	3.91461966728167
-124.418505750496	-9.5	3.9146889165527
-124.419168981813	-9.45	3.91475891491339
-124.419835908394	-9.4	3.91482967669523
-124.420506592138	-9.35	3.91490121664371
-124.421181096725	-9.3	3.91497354993337
-124.421859487697	-9.25	3.91504669218418
-124.422541832511	-9.2	3.915120659478
-124.42322820061	-9.15	3.91519546837625
-124.423918663496	-9.1	3.91527113593796
-124.424613294804	-9.05	3.91534767973928
-124.425312170376	-9	3.915425117893
-124.426015368343	-8.95	3.91550346906967
-124.426722969206	-8.9	3.91558275251948
-124.427435055929	-8.85	3.91566298809498
-124.428151714021	-8.8	3.91574419627502
-124.428873031639	-8.75	3.91582639818991
-124.429599099678	-8.7	3.91590961564753
-124.430330011883	-8.65	3.91599387116088
-124.431065864948	-8.6	3.91607918797683
-124.431806758636	-8.55	3.91616559010637
-124.432552795968	-8.5	3.91625310236579
-124.433304083025	-8.45	3.9163417503711
-124.43406072957	-8.4	3.91643156063161
-124.434822848846	-8.35	3.91652256054704
-124.4355905578	-8.3	3.9166147784558
-124.436363977231	-8.25	3.91670824367531
-124.437143231941	-8.2	3.91680298654444
-124.437928450892	-8.15	3.91689903846791
-124.438719767382	-8.1	3.91699643196329
-124.439517319209	-8.05	3.91709520071001
-124.440321248861	-8	3.91719537960135
-124.441131703707	-7.95	3.91729700479888
-124.441948836198	-7.9	3.9174001137899
-124.442772804076	-7.85	3.91750474544783
-124.4436037706	-7.8	3.91761094009619
-124.444441904775	-7.75	3.91771873957559
-124.4452873816	-7.7	3.91782818731487
-124.446140382317	-7.65	3.91793932840553
-124.447001094688	-7.6	3.91805220968052
-124.447869713412	-7.55	3.91816687981697
-124.448746439847	-7.5	3.91828338934644
-124.449631483206	-7.45	3.91840179086566
-124.450525060287	-7.4	3.91852213905572
-124.451427395974	-7.35	3.918644490806
-124.452338723597	-7.3	3.91876890532417
-124.453259285316	-7.25	3.91889544425257
-124.454189332528	-7.2	3.91902417179178
-124.455129126294	-7.15	3.91915515483119
-124.456078937782	-7.1	3.91928846308775
-124.457039048753	-7.05	3.91942416925298
-124.458009752051	-7	3.91956234914895
-124.45899135214	-6.95	3.91970308189398
-124.45998416566	-6.9	3.91984645007871
-124.460988522019	-6.85	3.91999253995294
-124.46200476402	-6.8	3.92014144162477
-124.463033248518	-6.75	3.92029324927205
-124.46407434713	-6.7	3.92044806136771
-124.465128446971	-6.65	3.92060598091983
-124.466195951441	-6.6	3.92076711572726
-124.467277281064	-6.55	3.92093157865241
-124.468372874369	-6.5	3.92109948791229
-124.46948318884	-6.45	3.92127096738923
-124.470608701902	-6.4	3.92144614696272
-124.471749911997	-6.35	3.92162516286432
-124.472907339702	-6.3	3.92180815805713
-124.474081528943	-6.25	3.92199528264204
-124.475273048265	-6.2	3.92218669429272
-124.476482492204	-6.15	3.9223825587218
-124.477710482734	-6.1	3.92258305018071
-124.478957670829	-6.05	3.92278835199706
-124.480224738123	-6	3.92299865715184
-124.481512398768	-5.95	3.9232141689138
-124.482821401051	-5.9	3.92343510145931
-124.484152529707	-5.85	3.92366168063767
-124.485506608017	-5.8	3.92389414473132
-124.486884500163	-5.75	3.92413274529561
-124.488287113355	-5.7	3.92437774799317
-124.489715401208	-5.65	3.92462943368623
-124.491170366035	-5.6	3.9248880993849
-124.492653061881	-5.55	3.92515405937087
-124.494164598491	-5.5	3.92542764653999
-124.495706145174	-5.45	3.92570921379056
-124.497278931852	-5.4	3.92599913495171
-124.498884257779	-5.35	3.92629780718458
-124.500523491521	-5.3	3.92660565185614
-124.50219807875	-5.25	3.92692311693399
-124.503909548428	-5.2	3.92725067918858
-124.505659513398	-5.15	3.9275888454213
-124.507449681582	-5.1	3.92793815581946
-124.509281861667	-5.05	3.92829918639455
-124.511157967731	-5	3.92867255132905
-124.513080030269	-4.95	3.92905890672499
-124.515050202941	-4.9	3.92945895367871
-124.517070773111	-4.85	3.92987344228911
-124.519144171062	-4.8	3.93030317559853
-124.521272981432	-4.75	3.93074901420565
-124.523459955466	-4.7	3.93121188129502
-124.525708024078	-4.65	3.93169276810831
-124.528020313369	-4.6	3.93219274024516
-124.530400159294	-4.55	3.93271294411869
-124.532851126115	-4.5	3.93325461460633
-124.535377025559	-4.45	3.93381908328601
-124.537981938202	-4.4	3.93440778763978
-124.540670236717	-4.35	3.93502228120943
-124.54344661239	-4.3	3.93566424509634
-124.54631610337	-4.25	3.93633550053907
-124.549284126878	-4.2	3.93703802317087
-124.552356514335	-4.15	3.93777395883263
-124.555539550766	-4.1	3.93854564137908
-124.558840018619	-4.05	3.93935561266246
-124.56226524636	-4	3.94020664494411
-124.565823163104	-3.95	3.94110176623287
-124.569522359534	-3.9	3.94204428884333
-124.573372155814	-3.85	3.94303784159733
-124.577382679726	-3.8	3.94408640680733
-124.581564951775	-3.75	3.94519436155859
-124.5859309819	-3.7	3.94636652486932
-124.590493880058	-3.65	3.94760821184224
-124.595267980356	-3.6	3.94892529528766
-124.60026898173	-3.55	3.9503242762849
-124.605514107177	-3.5	3.9518123650148
-124.611022286933	-3.45	3.953397574302
-124.616814363299	-3.4	3.95508882630463
-124.622913328715	-3.35	3.9568960769643
-124.629344595881	-3.3	3.95883045945313
-124.636136307848	-3.25	3.96090445078356
-124.643319693476	-3.2	3.96313206540224
-124.650929479409	-3.15	3.96552908184114
-124.659004357851	-3.1	3.96811330536315
-124.667587533037	-3.05	3.97090487755726
-124.67672735025	-3	3.97392663883088
-124.686478019189	-2.95	3.97720455308491
-124.696900455699	-2.9	3.98076820917262
-124.708063252474	-2.85	3.9846514108456
-124.72004380353	-2.8	3.98889287337612
-124.732929595115	-2.75	3.99353704294331
-124.74681968757	-2.7	3.99863506126354
-124.761826441169	-2.65	4.00424591166415
-124.778077446189	-2.6	4.01043775216602
-124.79571771685	-2.55	4.01728948047454
-124.814912131045	-2.5	4.02489255129448
-124.835848109244	-2.45	4.03335307391165
-124.858738429817	-2.4	4.04279418227766
-124.883824091306	-2.35	4.05335867421538
-124.911377010157	-2.3	4.06521186357012
-124.941702111467	-2.25	4.07854447857171
-124.975138368274	-2.2	4.09357541272096
-125.012057797909	-2.15	4.11055385160249
-125.052861314141	-2.1	4.12976016864894
-125.097969724571	-2.05	4.15150458691735
-125.147807863696	-2	4.17612228276735
-125.202779459636	-1.95	4.2039631738731
-125.263230767814	-1.9	4.23537454147765
-125.329401826353	-1.85	4.27067473100862
-125.401366892472	-1.8	4.31011732227297
-125.478969754623	-1.75	4.35384737374899
-125.561765189185	-1.7	4.40185490502053
-125.648983102188	-1.65	4.45393500789566
-125.739533644773	-1.6	4.50966706925258
-125.832066694887	-1.55	4.56842524135227
-125.925086166581	-1.5	4.62942658625289
-126.017102354516	-1.45	4.69181314009405
-126.106791465385	-1.4	4.75475336293856
-126.193127989693	-1.35	4.81754221570079
-126.275463763157	-1.3	4.87967983014048
-126.353542697341	-1.25	4.94091511779122
-126.427455298609	-1.2	5.00124912262678
-126.497547889382	-1.15	5.06090055619565
-126.564306992956	-1.1	5.12024163489064
-126.62824023635	-1.05	5.17971580514733
-126.689772283754	-1	5.23975011807857
-126.749169663591	-0.949999999999999	5.30067482233541
-126.806503075278	-0.9	5.36266179381864
-126.861650444791	-0.85	5.42569198739869
-126.914337998369	-0.799999999999999	5.48955913287347
-126.96420963705	-0.75	5.5539111272041
-127.010908293723	-0.699999999999999	5.618322161333
-127.054149669687	-0.65	5.68238015550396
-127.093771262125	-0.6	5.74576949856412
-127.129747681663	-0.549999999999999	5.80833102536956
-127.162173373897	-0.5	5.87008841867555
-127.191222066341	-0.449999999999999	5.93123952978972
-127.217095672895	-0.399999999999999	5.99211786256039
-127.239974786334	-0.35	6.05313271233852
-127.259979889912	-0.299999999999999	6.11469634351633
-127.27714932999	-0.25	6.17714602961751
-127.291437460824	-0.199999999999999	6.24066929784184
-127.302733866374	-0.149999999999999	6.30524311366339
-127.310901163975	-0.0999999999999996	6.37060056827248
-127.315824164924	-0.0499999999999989	6.43623860355247
-127.317458306463	0	6.50147420619869
-127.315863016222	0.0500000000000007	6.56554356669429
-127.311208693607	0.100000000000001	6.62772397664457
-127.303754190763	0.15	6.68744894600185
-127.29380148116	0.200000000000001	6.74438973680723
-127.281640574634	0.25	6.79848975090197
-127.267498057421	0.300000000000001	6.84995432908515
-127.251498215968	0.350000000000001	6.89920946793579
-127.233639982309	0.4	6.94684570084439
-127.213788976879	0.450000000000001	6.99355937632952
-127.191682671151	0.5	7.04009719856787
-127.166947577228	0.550000000000001	7.08720428334015
-127.139129042071	0.600000000000001	7.13557290186039
-127.107735172048	0.65	7.18578913031924
-127.072295360561	0.700000000000001	7.23827760848261
-127.032429880726	0.75	7.29325003524576
-126.987920384529	0.800000000000001	7.35066903269651
-126.938764385876	0.850000000000001	7.4102422980584
-126.885194045724	0.9	7.47145918575162
-126.827645233267	0.950000000000001	7.53367118436405
-126.766677001538	1	7.59620270472131
-126.702858782181	1.05	7.65846645789068
-126.636653688167	1.1	7.7200557190943
-126.568326435426	1.15	7.78079425062904
-126.497894268937	1.2	7.84073899593049
-126.425126345096	1.25	7.90014262856589
-126.349586238137	1.3	7.95938957450911
-126.270707438579	1.35	8.01891916585332
-126.187890224423	1.4	8.07914719412195
-126.100609106113	1.45	8.14039378561859
-126.008519239521	1.5	8.20282418345754
-125.911547830484	1.55	8.26640905919598
-125.809952590193	1.6	8.33091202348452
-125.704327918353	1.65	8.39591121190466
-125.595544871072	1.7	8.4608571847853
-125.484625696276	1.75	8.52516039606297
-125.372572958202	1.8	8.58829197344469
-125.260188293617	1.85	8.64987642345887
-125.147918647219	1.9	8.70975735443315
-125.035757908476	1.95	8.76802589556046
-124.923216634175	2	8.82501103789441
-124.809360628075	2.05	8.88123715039734
-124.692914441774	2.1	8.93735531532966
-124.572426310689	2.15	8.9940538218379
-124.446490321453	2.2	9.0519526230629
-124.314011269131	2.25	9.11149044376998
-124.174478191653	2.3	9.17282044221546
-124.028189220967	2.35	9.23573798398371
-123.876360092131	2.4	9.29966496691911
-123.72106515508	2.45	9.36370482421975
-123.565004959171	2.5	9.42676207297641
-123.411150450098	2.55	9.48769895188235
-123.262354557775	2.6	9.54548958105076
-123.121025762493	2.65	9.59933587597887
-122.988928014857	2.7	9.64872540743355
-122.867122320343	2.75	9.69343195155441
-122.756023517573	2.8	9.73347444871066
-122.655526124046	2.85	9.76905511528978
-122.565152953522	2.9	9.80049499478011
-122.484194700841	2.95	9.82817809416553
-122.411823309205	3	9.85250902477045
-122.347174828676	3.05	9.87388423115095
-122.289404463622	3.1	9.89267460708832
-122.237719555006	3.15	9.90921656722532
-122.191396413181	3.2	9.9238089113383
-122.149786588587	3.25	9.93671320910092
-122.112316378366	3.3	9.94815622261922
-122.078482492814	3.35	9.95833330269193
-122.047845872696	3.4	9.96741208200561
-122.020024758295	3.45	9.97553611760537
-121.994687762831	3.5	9.98282827015692
-121.971547412373	3.55	9.98939371131736
-121.950354198003	3.6	9.99532257751398
-121.930891359228	3.65	10.0006922389136
-121.912970299063	3.7	10.0055692421617
-121.896426608678	3.75	10.0100109590218
-121.881116671606	3.8	10.0140669722688
-121.866914733471	3.85	10.0177802492549
-121.853710433742	3.9	10.0211881205057
-121.841406665481	3.95	10.0243231123951
-121.829917767041	4	10.0272136438891
-121.819167999893	4.05	10.0298846089327
-121.809090213592	4.1	10.0323578771688
-121.799624726198	4.15	10.0346527120369
-121.790718375414	4.2	10.0367861229628
-121.782323676193	4.25	10.0387731714869
-121.774398124914	4.3	10.0406272251927
-121.766903590791	4.35	10.0423601767981
-121.759805780374	4.4	10.0439826339978
-121.753073794683	4.45	10.0455040776526
-121.746679725759	4.5	10.0469330023258
-121.740598321272	4.55	10.0482770340096
-121.73480668355	4.6	10.0495430338974
-121.729284012419	4.65	10.0507371870705
-121.724011372948	4.7	10.0518650811109
-121.718971504885	4.75	10.0529317717327
-121.714148637564	4.8	10.053941843829
-121.709528343822	4.85	10.054899461268
-121.705097402287	4.9	10.0558084124217
-121.70084367524	4.95	10.0566721502185
-121.696756004954	5	10.0574938264673
-121.692824118304	5.05	10.0582763228294
-121.689038542079	5.1	10.0590222781541
-121.685390530534	5.15	10.0597341120935
-121.681871995503	5.2	10.0604140470795
-121.67847545232	5.25	10.0610641262257
-121.675193958735	5.3	10.0616862317089
-121.672021072615	5.35	10.0622820987534
-121.668950810822	5.4	10.0628533287579
-121.665977601766	5.45	10.0634014029709
-121.663096261154	5.5	10.063927691313
-121.660301948651	5.55	10.064433464248
-121.657590155353	5.6	10.0649198986029
-121.654956660847	5.65	10.0653880885313
-121.652397520466	5.7	10.0658390506704
-121.649909040507	5.75	10.0662737311792
-121.647487761671	5.8	10.0666930110488
-121.645130436381	5.85	10.0670977122334
-121.642834015558	5.9	10.067488601909
-121.640595638273	5.95	10.0678663960722
-121.638412610715	6	10.0682317647734
-121.636282397841	6.05	10.0685853350272
-121.634202613159	6.1	10.0689276939113
-121.632171004945	6.15	10.0692593921206
-121.630185450435	6.2	10.0695809460871
-121.628243945766	6.25	10.0698928406968
-121.62634459583	6.3	10.0701955319114
-121.624485612533	6.35	10.070489447959
-121.622665298761	6.4	10.0707749927194
-121.620882053193	6.45	10.0710525457322
-121.619134355254	6.5	10.0713224652726
-121.617420767274	6.55	10.0715850886748
-121.61573992027	6.6	10.0718407351288
-121.614090520548	6.65	10.0720897052318
-121.612471335981	6.7	10.072332283603
-121.610881195516	6.75	10.0725687394294
-121.609318989112	6.8	10.0727993269335
-121.60778365915	6.85	10.0730242870685
-121.606274196565	6.9	10.0732438484679
-121.604789644193	6.95	10.0734582273167
-121.603329088762	7	10.0736676288585
-121.601891659491	7.05	10.0738722479053
-121.600476526231	7.1	10.0740722693955
-121.599082896322	7.15	10.0742678691121
-121.597710013567	7.2	10.0744592140799
-121.596357156853	7.25	10.0746464630017
-121.595023635403	7.3	10.0748297671367
-121.593708791166	7.35	10.0750092701787
-121.59241199144	7.4	10.0751851094623
-121.591132634452	7.45	10.075357415381
-121.589870142937	7.5	10.0755263124332
-121.588623964557	7.55	10.0756919193227
-121.587393569894	7.6	10.0758543493781
-121.586178451452	7.65	10.0760137108217
-121.584978123621	7.7	10.0761701069097
-121.583792120269	7.75	10.0763236363717
-121.582619994642	7.8	10.0764743935402
-121.581461317819	7.85	10.0766224686602
-121.580315678317	7.9	10.0767679480431
-121.579182680817	7.95	10.0769109143275
-121.578061945824	8	10.0770514466126
-121.576953108899	8.05	10.0771896206431
-121.575855819521	8.1	10.0773255090337
-121.574769740781	8.15	10.0774591813822
-121.573694548827	8.2	10.0775907044125
-121.572629932297	8.25	10.0777201421131
-121.571575590804	8.3	10.0778475559866
-121.57053123626	8.35	10.0779730049486
-121.569496590993	8.4	10.0780965456177
-121.568471387284	8.45	10.0782182324213
-121.567455367678	8.5	10.0783381176138
-121.566448283754	8.55	10.0784562514694
-121.565449896468	8.6	10.0785726822896
-121.564459975409	8.65	10.078687456535
-121.563478297116	8.7	10.0788006190618
-121.562504648326	8.75	10.0789122127855
-121.561538821787	8.8	10.0790222792036
-121.560580618201	8.85	10.0791308582065
-121.559629844407	8.9	10.0792379883196
-121.558686314574	8.95	10.0793437065983
-121.557749849761	9	10.0794480487123
-121.55682027603	9.05	10.0795510491833
-121.555897425719	9.1	10.0796527412705
-121.554981138092	9.15	10.0797531569286
-121.554071255447	9.2	10.0798523272578
-121.553167627335	9.25	10.0799502820667
-121.55227010797	9.3	10.0800470501801
-121.551378555456	9.35	10.0801426595403
-121.550492833719	9.4	10.0802371370226
-121.549612809422	9.45	10.080330508784
-121.548738356634	9.5	10.0804227997853
-121.547869350598	9.55	10.0805140344716
-121.547005671697	9.6	10.0806042363675
-121.546147203761	9.65	10.0806934282738
-121.545293835412	9.7	10.0807816321414
-121.544445457041	9.75	10.0808688694014
-121.543601964831	9.8	10.0809551605634
-121.542763255213	9.85	10.0810405257986
-121.541929230211	9.9	10.0811249844051
-121.541099794861	9.95	10.0812085550861
