-124.225585302772	-10	3.99194919720894
-124.225626011312	-9.95	3.99195327828905
-124.225667079764	-9.9	3.99195741619246
-124.225708516058	-9.85	3.99196161229774
-124.225750328335	-9.8	3.99196586802581
-124.225792524951	-9.75	3.99197018484158
-124.22583511449	-9.7	3.99197456425567
-124.225878105762	-9.65	3.99197900782598
-124.22592150782	-9.6	3.9919835171596
-124.225965329966	-9.55	3.9919880939147
-124.226009581755	-9.5	3.9919927398024
-124.226054273007	-9.45	3.99199745658882
-124.226099413817	-9.4	3.99200224609733
-124.226145014566	-9.35	3.99200711021077
-124.226191085924	-9.3	3.99201205087362
-124.226237638901	-9.25	3.99201707009825
-124.22628468472	-9.2	3.99202216995295
-124.226332235033	-9.15	3.99202735258643
-124.226380301794	-9.1	3.99203262021599
-124.226428897307	-9.05	3.99203797513415
-124.226478034242	-9	3.9920434197118
-124.226527725642	-8.95	3.99204895640139
-124.226577984941	-8.9	3.99205458774025
-124.22662882598	-8.85	3.99206031635431
-124.226680263018	-8.8	3.99206614496172
-124.226732310751	-8.75	3.99207207637681
-124.226784984329	-8.7	3.99207811351427
-124.22683829937	-8.65	3.99208425939333
-124.226892271983	-8.6	3.99209051714244
-124.226946918785	-8.55	3.99209689000405
-124.227002256918	-8.5	3.99210338133951
-124.227058304079	-8.45	3.99210999463454
-124.227115078527	-8.4	3.99211673350457
-124.227172599125	-8.35	3.99212360170088
-124.227230885346	-8.3	3.99213060311649
-124.227289957312	-8.25	3.99213774179282
-124.227349835814	-8.2	3.99214502192657
-124.227410542353	-8.15	3.99215244787834
-124.22747209912	-8.1	3.99216002417405
-124.227534529102	-8.05	3.99216775552258
-124.22759785607	-8	3.99217564681783
-124.227662104613	-7.95	3.99218370314907
-124.227727300185	-7.9	3.99219192981072
-124.22779346914	-7.85	3.99220033231219
-124.227860638769	-7.8	3.99220891638852
-124.227928837343	-7.75	3.99221768801152
-124.227998094162	-7.7	3.99222665340175
-124.228068439602	-7.65	3.99223581904194
-124.22813990514	-7.6	3.99224519168649
-124.228212523446	-7.55	3.9922547783813
-124.228286328412	-7.5	3.99226458647492
-124.228361355215	-7.45	3.99227462363534
-124.22843764038	-7.4	3.99228489786697
-124.22851522184	-7.35	3.99229541752819
-124.228594139016	-7.3	3.99230619135107
-124.228674432873	-7.25	3.99231722846102
-124.228756146012	-7.2	3.99232853839823
-124.228839322743	-7.15	3.99234013114101
-124.228924009168	-7.1	3.99235201712987
-124.229010253287	-7.05	3.99236420729376
-124.229098105091	-7	3.99237671307939
-124.229187616637	-6.95	3.99238954647545
-124.229278842174	-6.9	3.99240272004686
-124.229371838296	-6.85	3.99241624697384
-124.22946666399	-6.8	3.992430141077
-124.229563380951	-6.75	3.99244441688245
-124.229662053462	-6.7	3.99245908962554
-124.229762748634	-6.65	3.9924741753075
-124.229865536777	-6.6	3.99248969077442
-124.229970491194	-6.55	3.9925056537128
-124.23007768852	-6.5	3.99252208272538
-124.23018720927	-6.45	3.99253899744589
-124.230299137531	-6.4	3.99255641852204
-124.230413561462	-6.35	3.9925743677263
-124.230530573366	-6.3	3.9925928680026
-124.230650270085	-6.25	3.99261194356705
-124.230772753294	-6.2	3.99263161999539
-124.230898129709	-6.15	3.99265192430134
-124.231026511436	-6.1	3.99267288503943
-124.231158016307	-6.05	3.99269453241336
-124.231292768267	-6	3.99271689839202
-124.231430897756	-5.95	3.99274001683482
-124.231572542145	-5.9	3.99276392362807
-124.231717846198	-5.85	3.99278865683266
-124.231866962571	-5.8	3.99281425684477
-124.232020052355	-5.75	3.99284076657043
-124.232177285675	-5.7	3.99286823161796
-124.232338842274	-5.65	3.99289670049652
-124.232504912365	-5.6	3.99292622486994
-124.232675696981	-5.55	3.99295685973299
-124.232851409301	-5.5	3.99298866377251
-124.233032275293	-5.45	3.99302169961924
-124.233218534595	-5.4	3.99305603415526
-124.23341044173	-5.35	3.99309173889923
-124.233608267194	-5.3	3.99312889038432
-124.233812298718	-5.25	3.99316757058765
-124.234022842688	-5.2	3.99320786740989
-124.234240225663	-5.15	3.99324987519942
-124.234464795464	-5.1	3.99329369521387
-124.234696924582	-5.05	3.99333943656601
-124.234937010511	-5	3.99338721660202
-124.235185478765	-4.95	3.99343716183881
-124.235442784969	-4.9	3.99348940876159
-124.235709418364	-4.85	3.99354410495131
-124.235985904074	-4.8	3.99360141001461
-124.236272806707	-4.75	3.99366149684258
-124.236570734087	-4.7	3.99372455296198
-124.236880341531	-4.65	3.99379078207681
-124.237202336394	-4.6	3.99386040575133
-124.237537483357	-4.55	3.99393366534561
-124.23788661025	-4.5	3.99401082417913
-124.238250614649	-4.45	3.99409216998463
-124.238630471289	-4.4	3.99417801768959
-124.239027240432	-4.35	3.99426871257045
-124.239442077471	-4.3	3.99436463387812
-124.239876242959	-4.25	3.99446619877322
-124.240331116951	-4.2	3.99457386751744
-124.240808209259	-4.15	3.99468814799342
-124.241309179205	-4.1	3.99480960280379
-124.24183585097	-4.05	3.99493885572407
-124.242390237195	-4	3.99507660060709
-124.24297456119	-3.95	3.99522361050036
-124.243591285286	-3.9	3.99538074890315
-124.244243144292	-3.85	3.99554898307178
-124.244933183377	-3.8	3.99572939935387
-124.24566480148	-3.75	3.99592322099833
-124.24644180445	-3.7	3.99613182977474
-124.247268465841	-3.65	3.99635679115147
-124.248149600933	-3.6	3.99659988485217
-124.249090651629	-3.55	3.99686314060084
-124.250097792618	-3.5	3.99714888243205
-124.251178052186	-3.45	3.99745978040798
-124.252339463814	-3.4	3.99779891509721
-124.253591252447	-3.35	3.99816985711806
-124.254944049172	-3.3	3.9985767612057
-124.256410171553	-3.25	3.99902448750957
-124.258003956838	-3.2	3.99951874870934
-124.259742183347	-3.15	4.00006629648659
-124.261644598459	-3.1	4.00067515704932
-124.263734587539	-3.05	4.00135493167301
-124.266040018365	-3	4.00211718012344
-124.268594333114	-2.95	4.00297591955214
-124.271437965096	-2.9	4.00394827713207
-124.274620188531	-2.85	4.00505535015956
-124.278201576629	-2.8	4.00632335773583
-124.28225728365	-2.75	4.00778519334717
-124.28688150171	-2.7	4.00948255129033
-124.292193567807	-2.65	4.011468869211
-124.298346461688	-2.6	4.01381346238081
-124.305538801682	-2.55	4.01660741891985
-124.314032030783	-2.5	4.01997213606309
-124.324175407704	-2.45	4.02407187509325
-124.336442932427	-2.4	4.02913253672905
-124.351488741535	-2.35	4.03547019742025
-124.370231238707	-2.3	4.04353508603911
-124.393982028162	-2.25	4.05398010737899
-124.424643263402	-2.2	4.0677678447237
-124.465003531186	-2.15	4.08633520532646
-124.519152759777	-2.1	4.11183346909447
-124.592960801827	-2.05	4.14742783270972
-124.694282710169	-2	4.19749836256147
-124.831831295204	-1.95	4.26718978303612
-125.010698961131	-1.9	4.36015926930156
-125.223959918543	-1.85	4.47393517932438
-125.447817977004	-1.8	4.59659828996133
-125.93837809631	-1.65	4.87960573475449
-126.078431554322	-1.55	4.9668059387915
-126.1168466582	-1.5	4.9919746699818
-126.145417873046	-1.45	5.01133387285262
-126.169467055309	-1.4	5.02820710362912
-126.192579363632	-1.35	5.04501905038486
-126.217484798252	-1.3	5.06382508302267
-126.246733792238	-1.25	5.08678299015191
-126.283205958696	-1.2	5.11658494403528
-126.330479410418	-1.15	5.15686256415864
-126.392866824335	-1.1	5.21238442266383
-126.474439267606	-1.05	5.28835371231127
-126.575913167939	-1	5.38744394422916
-126.68990772621	-0.949999999999999	5.504411594136
-126.800532305781	-0.9	5.62397488830917
-126.892548263208	-0.85	5.72903719145561
-127.079095404483	-0.6	5.97629970155967
-127.130374163907	-0.35	6.08545746289991
-127.141488762256	-0.299999999999999	6.1197866502185
-127.154412303099	-0.25	6.16702180793169
-127.169290274417	-0.199999999999999	6.23356829051697
-127.185281554125	-0.149999999999999	6.32559951144772
-127.199870563632	-0.0999999999999996	6.44302269691458
-127.209545291368	-0.0499999999999989	6.57203749587849
-127.212578804079	0	6.6897911210408
-127.210408189365	0.0500000000000007	6.78138768757437
-127.205649355698	0.100000000000001	6.84617807755835
-127.200180229248	0.15	6.89049390724136
-127.19489092887	0.200000000000001	6.92098128602199
-127.19007456828	0.25	6.94251862639616
-127.185751886482	0.300000000000001	6.95830656925545
-127.18183654182	0.350000000000001	6.97039146073484
-127.178203156816	0.4	6.98010123272207
-127.174708948958	0.450000000000001	6.98833387232547
-127.17119389413	0.5	6.9957388384824
-127.167469000075	0.550000000000001	7.00283444490733
-127.163294290613	0.600000000000001	7.01009191906651
-127.158343039051	0.65	7.01800771317614
-127.152143547588	0.700000000000001	7.02718218724375
-127.143982024722	0.75	7.03842468711445
-127.132737304308	0.800000000000001	7.05291249537247
-127.116598585258	0.850000000000001	7.07244317799082
-127.092599065388	0.9	7.09982505984487
-127.05593649916	0.950000000000001	7.13939293933824
-126.999369082795	1	7.19731714300016
-126.914108177483	1.05	7.28038535086885
-126.795384375461	1.1	7.39072977901066
-126.652563330557	1.15	7.51765795224018
-126.509945405802	1.2	7.63909388230816
-126.389355768324	1.25	7.73762626308068
-126.297414908304	1.3	7.80981701912111
-126.230066957644	1.35	7.86070209243901
-126.143188366427	1.45	7.92299103822317
-126.113558268526	1.5	7.94309268035769
-126.065111734504	1.6	7.97438381013772
-125.231451963545	2	8.41897107885793
-124.984083226837	2.05	8.54113815300034
-124.755929468823	2.1	8.65112916489184
-124.567996327224	2.15	8.73961358559879
-124.315456518197	2.25	8.85467484911552
-124.234351662747	2.3	8.89034491517827
-124.172038405357	2.35	8.91715915780592
-124.122197943548	2.4	8.93815264872323
-124.079916719474	2.45	8.95559264187498
-124.040944236199	2.5	8.97134045703184
-124.000802577571	2.55	8.98723623107782
-123.95357556895	2.6	9.00557056706087
-123.890085514795	2.65	9.02974443398631
-123.795554320458	2.7	9.06506058500496
-123.64903059702	2.75	9.11879668174009
-123.430722087803	2.8	9.19742650756287
-123.138122681071	2.85	9.30096916919413
-122.794609761624	2.9	9.42043870968462
-122.441749344072	2.95	9.54108433188162
-122.122041843761	3	9.64857511059512
-121.860529160774	3.05	9.73505632936261
-121.660349641038	3.1	9.80018226516775
-121.511891745313	3.15	9.84770915734086
-121.402546863883	3.2	9.88216291138774
-121.321400837746	3.25	9.90733443965119
-121.260294297553	3.3	9.92599980741633
-121.213472268693	3.35	9.94008641848793
-121.17695169181	3.4	9.95091072575226
-121.147975617131	3.45	9.9593733379997
-121.124617814436	3.5	9.96609679834311
-121.105513873954	3.55	9.97151768960089
-121.089682331277	3.6	9.97594710236914
-121.07640593363	3.65	9.97961033190337
-121.065152351265	3.7	9.98267313447329
-121.055520629359	3.75	9.9852593071397
-121.047204546758	3.8	9.98746262204211
-121.039967182456	3.85	9.9893550488854
-121.0336230013	3.9	9.99099250543057
-121.028025078891	3.95	9.99241893167773
-121.023055850947	4	9.99366922072244
-121.018620335434	4.05	9.99477135291744
-121.01464110783	4.1	9.99574796869421
-121.01105452593	4.15	9.99661754300547
-121.007807873286	4.2	9.99739526931647
-121.004857169553	4.25	9.99809373338505
-121.002165472709	4.3	9.99872343253054
-120.999701558202	4.35	9.99929317770358
-120.997438879036	4.4	9.99981040834152
-120.995354740608	4.45	10.0002814408939
-120.993429642656	4.5	10.0007116661024
-120.99164674372	4.55	10.0011057083009
-120.989991436096	4.6	10.0014675518468
-120.988450992913	4.65	10.0018006451253
-120.987014281028	4.7	10.0021079849058
-120.985671523967	4.75	10.0023921856409
-120.984414104992	4.8	10.0026555367321
-120.983234403428	4.85	10.0029000499323
-120.982125657375	4.9	10.0031274989043
-120.981081848031	4.95	10.0033394523834
-120.980097602331	5	10.0035373019869
-120.979168109605	5.05	10.003722285855
-120.978289051935	5.1	10.003895508423
-120.977456542895	5.15	10.0040579575957
-120.976667077212	5.2	10.0042105189793
-120.975917481882	5.25	10.004353989154
-120.975204884726	5.3	10.0044890850115
-120.974526675903	5.35	10.0046164539785
-120.973880478996	5.4	10.0047366819816
-120.973264126539	5.45	10.0048503002232
-120.972675639678	5.5	10.0049577908988
-120.972113205277	5.55	10.0050595931145
-120.971575162482	5.6	10.0051561068437
-120.971059984507	5.65	10.0052476975576
-120.970566266811	5.7	10.0053346995233
-120.970092715524	5.75	10.0054174189165
-120.969638135877	5.8	10.0054961367977
-120.969201424236	5.85	10.0055711113436
-120.968781558971	5.9	10.0056425801778
-120.968377593085	5.95	10.0057107623125
-120.967988648307	6	10.0057758597566
-120.967613908016	6.05	10.0058380592577
-120.967252612674	6.1	10.0058975335546
-120.96690405483	6.15	10.0059544426507
-120.966567574572	6.2	10.0060089349633
-120.96624255653	6.25	10.0060611481779
-120.965928424761	6.3	10.006111210405
-120.965624641255	6.35	10.0061592407185
-120.965330701103	6.4	10.0062053501985
-120.965046131887	6.45	10.0062496422735
-120.964770490269	6.5	10.0062922134847
-120.964503359558	6.55	10.0063331540707
-120.9642443482	6.6	10.0063725483872
-120.96399308776	6.65	10.00641047539
-120.963749231305	6.7	10.0064470090398
-120.963512451859	6.75	10.0064822186788
-120.963282441011	6.8	10.0065161693744
-120.963058907637	6.85	10.0065489222303
-120.96284157672	6.9	10.0065805346743
-120.962630188252	6.95	10.0066110607226
-120.962424496203	7	10.0066405512259
-120.962224267969	7.05	10.0066690540373
-120.962029282742	7.1	10.0066966143289
-120.961839331115	7.15	10.0067232747207
-120.961654214888	7.2	10.0067490753794
-120.96147374552	7.25	10.0067740543019
-120.961297744136	7.3	10.0067982473723
-120.961126040632	7.35	10.006821688542
-120.960958473319	7.4	10.0068444099314
-120.960794888185	7.45	10.0068664419778
-120.960635138661	7.5	10.0068878135123
-120.96047908511	7.55	10.006908551869
-120.960326594444	7.6	10.0069286829771
-120.960177539691	7.65	10.0069482314535
-120.960031799786	7.7	10.0069672206636
-120.959889259051	7.75	10.0069856728225
-120.959749807012	7.8	10.007003609047
-120.959613338127	7.85	10.0070210494189
-120.959479751473	7.9	10.0070380130508
-120.959348950456	7.95	10.0070545181474
-120.959220842689	8	10.0070705820433
-120.959095339708	8.05	10.0070862212604
-120.958972356823	8.1	10.0071014515459
-120.958851812719	8.15	10.0071162879417
-120.958733629594	8.2	10.0071307447828
-120.958617732781	8.25	10.0071448357627
-120.958504050634	8.3	10.0071585739609
-120.958392514383	8.35	10.0071719718761
-120.95828305799	8.4	10.0071850414567
-120.958175618015	8.45	10.00719779413
-120.958070133493	8.5	10.0072102408289
-120.957966545832	8.55	10.0072223920162
-120.957864798647	8.6	10.0072342577134
-120.957764837734	8.65	10.0072458475157
-120.957666610841	8.7	10.0072571706262
-120.957570067884	8.75	10.0072682358427
-120.957475160295	8.8	10.0072790516388
-120.957381841624	8.85	10.0072896261044
-120.957290066876	8.9	10.0072999670289
-120.957199792758	8.95	10.0073100818799
-120.957110977493	9	10.0073199778311
-120.957023580829	9.05	10.0073296617683
-120.956937563919	9.1	10.0073391403084
-120.956852889207	9.15	10.0073484198185
-120.95676952051	9.2	10.0073575064112
-120.956687422837	9.25	10.0073664059711
-120.956606562389	9.3	10.0073751241589
-120.956526906541	9.35	10.0073836664185
-120.956448423701	9.4	10.007392037996
-120.956371083341	9.45	10.0074002439421
-120.956294856058	9.5	10.0074082891075
-120.956219713164	9.55	10.0074161781925
-120.956145627118	9.6	10.0074239157036
-120.956072571202	9.65	10.0074315059914
-120.956000519505	9.7	10.0074389532559
-120.955929446964	9.75	10.0074462615451
-120.955859329301	9.8	10.0074534347642
-120.955790142998	9.85	10.0074604766821
-120.955721865262	9.9	10.0074673909363
-120.955654474002	9.95	10.007474181039
