-123.606605149327	-10	3.99999965173294
-123.606605158643	-9.95	3.99999965266696
-123.606605168094	-9.9	3.99999965361912
-123.60660517768	-9.85	3.99999965458986
-123.606605187405	-9.8	3.99999965557967
-123.606605197272	-9.75	3.99999965658909
-123.606605207283	-9.7	3.99999965761859
-123.606605217443	-9.65	3.99999965866873
-123.606605227755	-9.6	3.9999996597401
-123.606605238222	-9.55	3.99999966083323
-123.606605248847	-9.5	3.99999966194872
-123.606605259633	-9.45	3.99999966308719
-123.606605270586	-9.4	3.99999966424931
-123.606605281709	-9.35	3.99999966543569
-123.606605293005	-9.3	3.99999966664707
-123.606605304478	-9.25	3.99999966788408
-123.606605316133	-9.2	3.99999966914751
-123.606605327974	-9.15	3.9999996704381
-123.606605340005	-9.1	3.99999967175661
-123.606605352232	-9.05	3.9999996731039
-123.606605364658	-9	3.9999996744808
-123.606605377289	-8.95	3.99999967588817
-123.60660539013	-8.9	3.99999967732692
-123.606605403186	-8.85	3.99999967879801
-123.606605416462	-8.8	3.9999996803024
-123.606605429964	-8.75	3.9999996818411
-123.606605443698	-8.7	3.99999968341518
-123.606605457669	-8.65	3.99999968502573
-123.606605471884	-8.6	3.9999996866739
-123.60660548635	-8.55	3.99999968836085
-123.606605501072	-8.5	3.99999969008781
-123.606605516058	-8.45	3.99999969185606
-123.606605531314	-8.4	3.99999969366695
-123.606605546849	-8.35	3.99999969552184
-123.606605562669	-8.3	3.99999969742218
-123.606605578782	-8.25	3.99999969936948
-123.606605595197	-8.2	3.99999970136524
-123.606605611923	-8.15	3.99999970341123
-123.606605628967	-8.1	3.99999970550901
-123.606605646339	-8.05	3.99999970766039
-123.606605664049	-8	3.99999970986717
-123.606605682106	-7.95	3.99999971213146
-123.60660570052	-7.9	3.99999971445507
-123.606605719303	-7.85	3.99999971684016
-123.606605738464	-7.8	3.99999971928897
-123.606605758016	-7.75	3.99999972180373
-123.606605777971	-7.7	3.99999972438689
-123.606605798341	-7.65	3.99999972704092
-123.606605819138	-7.6	3.99999972976845
-123.606605840376	-7.55	3.99999973257219
-123.606605862069	-7.5	3.99999973545516
-123.606605884233	-7.45	3.99999973842019
-123.606605906881	-7.4	3.99999974147055
-123.606605930031	-7.35	3.99999974460954
-123.606605953698	-7.3	3.99999974784061
-123.6066059779	-7.25	3.9999997511674
-123.606606002655	-7.2	3.99999975459377
-123.606606027982	-7.15	3.9999997581237
-123.606606053901	-7.1	3.99999976176147
-123.606606080435	-7.05	3.99999976551161
-123.606606107597	-7	3.99999976937851
-123.606606135419	-6.95	3.99999977336737
-123.606606163921	-6.9	3.99999977748329
-123.606606193129	-6.85	3.99999978173175
-123.606606223068	-6.8	3.99999978611852
-123.606606253766	-6.75	3.99999979064972
-123.606606285251	-6.7	3.99999979533169
-123.606606317556	-6.65	3.99999980017131
-123.606606350708	-6.6	3.99999980517566
-123.606606384746	-6.55	3.99999981035253
-123.606606419701	-6.5	3.99999981570978
-123.606606455611	-6.45	3.99999982125586
-123.606606492516	-6.4	3.99999982699988
-123.606606530456	-6.35	3.99999983295148
-123.606606569476	-6.3	3.99999983912075
-123.606606609621	-6.25	3.9999998455185
-123.606606650941	-6.2	3.99999985215625
-123.606606693482	-6.15	3.9999998590459
-123.606606737304	-6.1	3.9999998662007
-123.606606782464	-6.05	3.99999987363458
-123.60660682902	-6	3.99999988136202
-123.606606877039	-5.95	3.99999988939886
-123.606606926589	-5.9	3.99999989776187
-123.606606977742	-5.85	3.99999990646907
-123.606607030577	-5.8	3.9999999155397
-123.606607085176	-5.75	3.99999992499434
-123.606607141627	-5.7	3.99999993485506
-123.606607200024	-5.65	3.99999994514567
-123.606607260469	-5.6	3.99999995589171
-123.606607323064	-5.55	3.99999996712006
-123.60660738793	-5.5	3.99999997886068
-123.606607455185	-5.45	3.99999999114528
-123.606607524963	-5.4	4.00000000400799
-123.606607597404	-5.35	4.00000001748585
-123.606607672658	-5.3	4.00000003161869
-123.606607750895	-5.25	4.00000004645078
-123.606607832285	-5.2	4.0000000620284
-123.606607917018	-5.15	4.00000007840283
-123.606608005306	-5.1	4.0000000956304
-123.606608097364	-5.05	4.00000011377059
-123.606608193435	-5	4.00000013289004
-123.60660829378	-4.95	4.00000015306078
-123.606608398673	-4.9	4.00000017435999
-123.606608508445	-4.85	4.00000019687823
-123.606608623417	-4.8	4.00000022070785
-123.60660874396	-4.75	4.00000024595362
-123.606608870493	-4.7	4.00000027273441
-123.60660900343	-4.65	4.00000030117181
-123.606609143271	-4.6	4.00000033140937
-123.606609290549	-4.55	4.00000036360321
-123.606609445855	-4.5	4.00000039792705
-123.606609609836	-4.45	4.00000043457301
-123.606609783231	-4.4	4.0000004737608
-123.60660996683	-4.35	4.000000515729
-123.606610161539	-4.3	4.00000056075158
-123.606610368356	-4.25	4.00000060913329
-123.606610588404	-4.2	4.00000066121949
-123.606610822947	-4.15	4.0000007174016
-123.606611073408	-4.1	4.00000077812435
-123.606611341401	-4.05	4.00000084389486
-123.606611628756	-4	4.00000091529358
-123.606611937561	-3.95	4.00000099298742
-123.606612270205	-3.9	4.00000107774555
-123.606612629436	-3.85	4.00000117045922
-123.606613018422	-3.8	4.00000127216533
-123.60661344084	-3.75	4.00000138407641
-123.606613900994	-3.7	4.00000150762125
-123.60661440391	-3.65	4.00000164448557
-123.606614955521	-3.6	4.00000179667294
-123.60661556287	-3.55	4.00000196658314
-123.606616234385	-3.5	4.00000215710991
-123.606616980235	-3.45	4.00000237177451
-123.606617812701	-3.4	4.00000261486773
-123.606618746825	-3.35	4.00000289169065
-123.606619801303	-3.3	4.00000320888254
-123.606620999249	-3.25	4.00000357473548
-123.606622370158	-3.2	4.00000399990826
-123.606623951476	-3.15	4.00000449806764
-123.606625791905	-3.1	4.00000508714047
-123.606627955528	-3.05	4.00000579093224
-123.606630528184	-3	4.0000066416263
-123.606633627227	-2.95	4.00000768362773
-123.606637416656	-2.9	4.00000897957623
-123.606642131649	-2.85	4.00001062015662
-123.606648119895	-2.8	4.00001274072638
-123.606655913465	-2.75	4.0000155504624
-123.606666362976	-2.7	4.00001938706603
-123.606680898896	-2.65	4.00002482417476
-123.606702088284	-2.6	4.00003290172008
-123.606734934705	-2.55	4.00004566775162
-123.606790330773	-2.5	4.00006762810133
-123.606895991147	-2.45	4.00011037190157
-123.607141505122	-2.4	4.00021178401314
-123.607971003942	-2.35	4.00056192963208
-125.884984987623	-2.3	5.00000256339332
-125.884985593461	-2.25	5.0000028297594
-125.884986270856	-2.2	5.0000031342849
-125.884987032878	-2.15	5.00000348473619
-125.884987895914	-2.1	5.00000389099174
-125.884988880692	-2.05	5.0000043657356
-125.884990013928	-2	5.00000492555416
-125.884991330496	-1.95	5.00000559242407
-125.884992876695	-1.9	5.00000639597921
-125.884994715285	-1.85	5.00000737701039
-125.884996933257	-1.8	5.00000859295573
-125.88499965434	-1.75	5.00001012682962
-125.885003060016	-1.7	5.00001210239451
-125.885007426267	-1.65	5.00001471100038
-125.885013191496	-1.6	5.00001826178776
-125.885021090228	-1.55	5.00002328172333
-125.885032439227	-1.5	5.00003073226118
-125.885049814442	-1.45	5.00004252854672
-125.885078889215	-1.4	5.0000629676871
-125.88513447629	-1.35	5.0001034877604
-125.885267169236	-1.3	5.00020395903285
-125.885763521958	-1.25	5.00059529804259
-125.894849757714	-1.2	5.00810082975957
-127.064076844621	-1.15	5.99740247465026
-127.066576254232	-1.1	5.99960281501813
-127.06684073976	-1.05	5.99984752084484
-127.066915959645	-1	5.99992062315393
-127.066946611555	-0.949999999999999	5.9999519647171
-127.066961758589	-0.9	5.99996829766466
-127.066970220636	-0.85	5.99997794685345
-127.066975378441	-0.799999999999999	5.99998418627715
-127.066981065429	-0.699999999999999	5.99999171830424
-127.066982755245	-0.65	5.99999421837438
-127.066984048121	-0.6	5.99999628475042
-127.066985088999	-0.549999999999999	5.99999809361685
-127.06698597168	-0.5	5.99999977434221
-127.066986760217	-0.449999999999999	6.00000143469057
-127.066987500957	-0.399999999999999	6.00000317896939
-127.066988229636	-0.35	6.00000512510533
-127.066988975599	-0.299999999999999	6.00000742613191
-127.066989763993	-0.25	6.00001030394116
-127.06699061569	-0.199999999999999	6.00001411091441
-127.066991542744	-0.149999999999999	6.00001945530668
-127.163102505732	-0.0499999999999989	6.99869634575978
-127.163137277522	0	6.99971663954601
-127.163134048908	0.0500000000000007	6.99988018424803
-127.163130161928	0.100000000000001	6.99993469500014
-127.163127148677	0.15	6.99995936083711
-127.163124856893	0.200000000000001	6.99997263046658
-127.163123072372	0.25	6.9999806294033
-127.163121640497	0.300000000000001	6.99998586687745
-127.163120455842	0.350000000000001	6.99998952734799
-127.163119444948	0.4	6.99999223136399
-127.163118554107	0.450000000000001	6.99999433214108
-127.163117741422	0.5	6.99999604574426
-127.163116971368	0.550000000000001	6.99999751401671
-127.163116210684	0.600000000000001	6.99999883768826
-127.16311542467	0.65	7.00000009551259
-127.163114573157	0.700000000000001	7.00000135678197
-127.163113605228	0.75	7.00000269122364
-127.163112451372	0.800000000000001	7.00000417899898
-127.163111010738	0.850000000000001	7.00000592360648
-127.163109128975	0.9	7.0000080718238
-127.163106557286	0.950000000000001	7.00001084852529
-127.163102871755	1	7.00001462319972
-127.16309730197	1.05	7.00002004851367
-127.163088331676	1.1	7.00002837802634
-127.163072649459	1.15	7.00004228905718
-127.163041902792	1.2	7.00006839239253
-127.162969942694	1.25	7.00012695515907
-127.162738287658	1.3	7.00030787761337
-127.161090113402	1.35	7.00154288958908
-125.807443763466	1.4	7.97545824654373
-125.773910741987	1.45	7.99928611224313
-125.773183672305	1.5	7.99978150136584
-125.773013490784	1.55	7.99989343121437
-125.772946175864	1.6	7.99993626060225
-125.772912061231	1.65	7.999957287524
-125.772863749944	1.85	7.99998531834863
-125.772855014325	1.95	7.9999899270441
-125.772827903942	2.4	8.00000219399387
-123.302452720112	2.5	8.99308478921675
-123.286589935133	2.55	8.99940136604412
-123.285594245583	2.6	8.99978901982097
-123.285325406091	2.65	8.99989159996723
-123.285213325151	2.7	8.99993354829422
-123.285155232663	2.75	8.99995488596278
-123.285120884861	2.8	8.99996727265672
-123.285098700616	2.85	8.99997513032234
-123.285083435183	2.9	8.99998044283645
-123.285072417906	2.95	8.99998421115557
-123.285064165959	3	8.99998698604252
-123.2850577987	3.05	8.99998909168217
-123.285052764725	3.1	8.99999072927947
-123.285048703355	3.15	8.99999202930156
-123.285045369992	3.2	8.99999307946234
-123.285042593637	3.25	8.99999394056069
-123.285040251634	3.3	8.99999465583939
-123.285038253983	3.35	8.99999525676362
-123.285036533196	3.4	8.99999576672705
-123.285035038011	3.45	8.99999620335752
-123.285033728685	3.5	8.9999965802067
-123.285032574076	3.55	8.99999690780827
-123.285031549433	3.6	8.99999719446519
-119.705295540008	3.65	9.9993804409587
-119.703888255441	3.7	9.99976399474297
-119.703470326851	3.75	9.99987631152298
-119.703290748673	3.8	9.99992392019646
-119.703196904577	3.85	9.99994847024881
-119.703141480304	3.9	9.99996278080374
-119.703105878093	3.95	9.99997185546758
-119.703081562602	4	9.99997797492473
-119.703064160527	4.05	9.999982299881
-119.703051239444	4.1	9.99998547164988
-119.703041355869	4.15	9.99998786831286
-119.703033608078	4.2	9.99998972452352
-119.703027408464	4.25	9.99999119221348
-119.703022360273	4.3	9.99999237331731
-119.703018187479	4.35	9.99999333830639
-119.703014692925	4.4	9.99999413720064
-119.703011732731	4.45	9.99999480627934
-119.70300919971	4.5	9.99999537240306
-119.703007012616	4.55	9.99999585580703
-119.703005108981	4.6	9.99999627195747
-119.703003439973	4.65	9.99999663286937
-119.703001967062	4.7	9.99999694796773
-119.703000659442	4.75	9.99999722474367
-119.702999492233	4.8	9.9999974692112
-119.702998445152	4.85	9.99999768624463
-119.702997501524	4.9	9.99999787982787
-119.702996647539	4.95	9.99999805324178
-119.702995871626	5	9.99999820921776
-119.70299516408	5.05	9.99999835003455
-119.702994516762	5.1	9.9999984775951
-119.70299392262	5.15	9.99999859353415
-119.702993375692	5.2	9.99999869922837
-119.70299287084	5.25	9.99999879585762
-119.702992403607	5.3	9.99999888443852
-119.702991970193	5.35	9.99999896583624
-119.702991567166	5.4	9.99999904082269
-119.70299119162	5.45	9.99999911005194
-119.702990840959	5.5	9.99999917410328
-119.7029905129	5.55	9.99999923348378
-119.702990205426	5.6	9.9999992886392
-119.702989916751	5.65	9.99999933996182
-119.702989645278	5.7	9.99999938780094
-119.702989389567	5.75	9.99999943246887
-119.702989148354	5.8	9.99999947423947
-119.7029889205	5.85	9.99999951335766
-119.702988704959	5.9	9.99999955004722
-119.702988500811	5.95	9.99999958450405
-119.702988307204	6	9.99999961690828
-119.702988123391	6.05	9.99999964741789
-119.702987948663	6.1	9.99999967618082
-119.702987782395	6.15	9.99999970332781
-119.70298762401	6.2	9.99999972897802
-119.702987472981	6.25	9.99999975324063
-119.702987328839	6.3	9.99999977621239
-119.702987191124	6.35	9.99999979798619
-119.702987059441	6.4	9.99999981864307
-119.702986933426	6.45	9.99999983825689
-119.702986812719	6.5	9.99999985689947
-119.702986697006	6.55	9.99999987463377
-119.702986586005	6.6	9.99999989151659
-119.702986479442	6.65	9.99999990760224
-119.702986377056	6.7	9.99999992294129
-119.702986278624	6.75	9.9999999375785
-119.702986183924	6.8	9.99999995155675
-119.702986092758	6.85	9.99999996491468
-119.702986004938	6.9	9.99999997768879
-119.70298592029	6.95	9.99999998991276
-119.70298583865	7	10.0000000016176
-119.702985759865	7.05	10.0000000128329
-119.702985683797	7.1	10.0000000235849
-119.702985610307	7.15	10.0000000338995
-119.702985539275	7.2	10.0000000437997
-119.70298547058	7.25	10.0000000533079
-119.702985404114	7.3	10.0000000624443
-119.702985339772	7.35	10.0000000712284
-119.70298527746	7.4	10.0000000796775
-119.702985217084	7.45	10.0000000878092
-119.70298515856	7.5	10.0000000956388
-119.702985101804	7.55	10.0000001031811
-119.702985046742	7.6	10.0000001104503
-119.702984993298	7.65	10.0000001174594
-119.702984941408	7.7	10.0000001242205
-119.702984891005	7.75	10.0000001307453
-119.702984842027	7.8	10.0000001370448
-119.70298479442	7.85	10.0000001431288
-119.702984748124	7.9	10.0000001490079
-119.70298470309	7.95	10.0000001546905
-119.702984659266	8	10.0000001601856
-119.702984616608	8.05	10.0000001655013
-119.702984575071	8.1	10.0000001706454
-119.702984534612	8.15	10.0000001756251
-119.70298449519	8.2	10.0000001804474
-119.702984456767	8.25	10.0000001851189
-119.702984419307	8.3	10.0000001896459
-119.702984382775	8.35	10.0000001940342
-119.702984347138	8.4	10.0000001982894
-119.702984312365	8.45	10.000000202417
-119.702984278423	8.5	10.0000002064218
-119.702984245286	8.55	10.000000210309
-119.702984212926	8.6	10.0000002140829
-119.702984181316	8.65	10.0000002177478
-119.702984150431	8.7	10.0000002213081
-119.702984120246	8.75	10.0000002247677
-119.702984090741	8.8	10.0000002281302
-119.702984061891	8.85	10.0000002313993
-119.702984033676	8.9	10.0000002345786
-119.702984006075	8.95	10.000000237671
-119.70298397907	9	10.00000024068
-119.702983952641	9.05	10.0000002436085
-119.702983926771	9.1	10.0000002464591
-119.702983901443	9.15	10.0000002492349
-119.70298387664	9.2	10.0000002519383
-119.702983852346	9.25	10.0000002545718
-119.702983828547	9.3	10.0000002571378
-119.702983805227	9.35	10.0000002596386
-119.702983782372	9.4	10.0000002620764
-119.70298375997	9.45	10.0000002644534
-119.702983738007	9.5	10.0000002667715
-119.70298371647	9.55	10.0000002690325
-119.702983695348	9.6	10.0000002712386
-119.702983674628	9.65	10.0000002733913
-119.7029836543	9.7	10.0000002754923
-119.702983634353	9.75	10.0000002775434
-119.702983614778	9.8	10.0000002795462
-119.702983595561	9.85	10.000000281502
-119.702983576696	9.9	10.0000002834124
-119.702983558173	9.95	10.0000002852787
