Naturals in-correctTOTAL ENERGY: -126.713169487483	 lambda: -1	 population of target: 5.14882842916808
1RDM: 
     1.99999944365821  5.32849774412782e-08 -5.34154521584852e-05  7.13964825898149e-05  1.05625419417283e-06 -2.19171524458714e-17   1.5794170087965e-18 -6.05084251893525e-18 -4.21169966263742e-17 -0.000504034566880897
 5.32849774412782e-08      1.99999638593773  9.08893656490406e-05 -0.000156056402548355  0.000146751819403441 -4.78700221468629e-16  8.80415434169462e-19 -9.23677011965787e-19 -1.13747856637126e-15  0.000885199438613519
-5.34154521584852e-05  9.08893656490406e-05      1.98172543203144    0.0225928807414245   -0.0152081953377166  8.01205524762363e-16  2.16416881557845e-16 -6.25133095071161e-16  2.45115189711223e-15    -0.174034358928055
 7.13964825898149e-05 -0.000156056402548355    0.0225928807414245       1.9370574206204    0.0100246781517867  1.29578514366376e-15  3.57795089971512e-16 -5.41608581118077e-16  2.25587921455934e-15     0.166626639238939
 1.05625419417283e-06  0.000146751819403441   -0.0152081953377166    0.0100246781517867      1.91412973819621 -1.19800708154359e-15 -4.62374418088018e-16   1.2993479705365e-15 -3.27448095552077e-15    -0.234327122561679
-2.19171524458714e-17 -4.78700221468629e-16  8.01205524762363e-16  1.29578514366376e-15 -1.19800708154359e-15      1.79406209637349    1.839606666016e-16  0.000113115135431676    -0.482276344534881   1.4296594195169e-16
  1.5794170087965e-18  8.80415434169462e-19  2.16416881557845e-16  3.57795089971512e-16 -4.62374418088018e-16    1.839606666016e-16      1.79406209637354     0.482276344534761  0.000113115135432281  1.93435910933801e-16
-6.05084251893525e-18 -9.23677011965787e-19 -6.25133095071161e-16 -5.41608581118077e-16   1.2993479705365e-15  0.000113115135431676     0.482276344534761     0.231627546819193  1.55871447345149e-16  -2.9760545150077e-16
-4.21169966263742e-17 -1.13747856637126e-15  2.45115189711223e-15  2.25587921455934e-15 -3.27448095552077e-15    -0.482276344534881  0.000113115135432281  1.55871447345149e-16     0.231627546819259  8.61364408093356e-16
-0.000504034566880897  0.000885199438613519    -0.174034358928055     0.166626639238939    -0.234327122561679   1.4296594195169e-16  1.93435910933801e-16  -2.9760545150077e-16  8.61364408093356e-16      0.11571229317056
TOTAL ENERGY: -126.835575799577	 lambda: -0.9	 population of target: 5.27768272150522
1RDM: 
     1.99999943950636  4.51961317195152e-08 -4.58993006680431e-05  6.22009180310653e-05   3.8181473793291e-06  -1.8590491257398e-18  7.77445498109756e-18 -1.69002932166501e-17 -2.51419340782021e-18 -0.000481249871914554
 4.51961317195152e-08      1.99999654530476  7.69593680792663e-05 -0.000138737519597934  0.000129108051506077 -4.25159472196704e-16  8.82201718194003e-18 -1.63991073888978e-17 -9.71293906777089e-16  0.000813671516096132
-4.58993006680431e-05  7.69593680792663e-05      1.98457532125501    0.0191412547882816    -0.012071250519072 -1.63834618714408e-16 -9.94984948923577e-17    1.057240396694e-16  2.34136393844986e-16    -0.158516494361223
 6.22009180310653e-05 -0.000138737519597934    0.0191412547882816      1.94242132115576   0.00757776408573132 -4.11351939625116e-15 -1.43493338734574e-15  2.26500703947709e-15 -6.20413163046013e-15     0.150957995475116
  3.8181473793291e-06  0.000129108051506077    -0.012071250519072   0.00757776408573132      1.91782753963426  2.86185619691692e-15  9.05012493156605e-16 -1.78552941471377e-15  5.84414272101876e-15     -0.21421553159572
 -1.8590491257398e-18 -4.25159472196704e-16 -1.63834618714408e-16 -4.11351939625116e-15  2.86185619691692e-15      1.80659972564421  1.75666780345021e-16  0.000100760239921668    -0.429601255874019 -1.53394437127892e-15
 7.77445498109756e-18  8.82201718194003e-18 -9.94984948923577e-17 -1.43493338734574e-15  9.05012493156605e-16  1.75666780345021e-16      1.80659972564429     0.429601255873803   0.00010076023992239 -3.63190152892209e-16
-1.69002932166501e-17 -1.63991073888978e-17    1.057240396694e-16  2.26500703947709e-15 -1.78552941471377e-15  0.000100760239921668     0.429601255873803     0.217472147231067  1.42442074506441e-16  9.40568598996608e-16
-2.51419340782021e-18 -9.71293906777089e-16  2.34136393844986e-16 -6.20413163046013e-15  5.84414272101876e-15    -0.429601255874019   0.00010076023992239  1.42442074506441e-16     0.217472147231161 -2.84593196837262e-15
-0.000481249871914554  0.000813671516096132    -0.158516494361223     0.150957995475116     -0.21421553159572 -1.53394437127892e-15 -3.63190152892209e-16  9.40568598996608e-16 -2.84593196837262e-15     0.107036087393122
TOTAL ENERGY: -126.94580126972	 lambda: -0.8	 population of target: 5.40736953141794
1RDM: 
     1.99999944224811  4.41910541797079e-08 -3.83027813208151e-05  5.39525972819284e-05  3.84007924582359e-06 -3.64859290902728e-17 -3.96554075148223e-18  4.35589720797672e-18 -6.02383267966327e-17 -0.000457135866047632
 4.41910541797079e-08      1.99999670962151  6.43843381565213e-05 -0.000121770687079892  0.000109558663352545 -4.47222583330661e-16 -5.47167928673449e-18  1.32437634571611e-17 -9.45955622848911e-16  0.000740301477341631
-3.83027813208151e-05  6.43843381565213e-05      1.98715750056587     0.015959708328819  -0.00918794165401578   1.4911821424208e-15  4.50148755666799e-16 -1.16708024558391e-15  4.06618159482298e-15    -0.142854324095632
 5.39525972819284e-05 -0.000121770687079892     0.015959708328819      1.94762972401679   0.00515700749354151  5.62243122892509e-15  1.78265927859309e-15 -3.00379846694726e-15  9.72742467301698e-15     0.134862259277722
 3.84007924582359e-06  0.000109558663352545  -0.00918794165401578   0.00515700749354151      1.92159043765509 -5.24224641119598e-15 -1.75172645570173e-15   4.2998588530944e-15 -1.27456786578267e-14     -0.19117571748327
-3.64859290902728e-17 -4.47222583330661e-16   1.4911821424208e-15  5.62243122892509e-15 -5.24224641119598e-15      1.81548059545149  1.44480581238591e-16  8.88851194446916e-05     -0.37895572418461  1.64980292051778e-15
-3.96554075148223e-18 -5.47167928673449e-18  4.50148755666799e-16  1.78265927859309e-15 -1.75172645570173e-15  1.44480581238591e-16      1.81548059545156     0.378955724184375  8.88851194454566e-05  6.83932431763744e-16
 4.35589720797672e-18  1.32437634571611e-17 -1.16708024558391e-15 -3.00379846694726e-15   4.2998588530944e-15  8.88851194446916e-05     0.378955724184375     0.207010490326475  1.14699704358377e-16 -1.41491279960703e-15
-6.02383267966327e-17 -9.45955622848911e-16  4.06618159482298e-15  9.72742467301698e-15 -1.27456786578267e-14     -0.37895572418461  8.88851194454566e-05  1.14699704358377e-16     0.207010490326559  4.30381846026055e-15
-0.000457135866047632  0.000740301477341631    -0.142854324095632     0.134862259277722     -0.19117571748327  1.64980292051778e-15  6.83932431763744e-16 -1.41491279960703e-15  4.30381846026055e-15    0.0986440143365849
TOTAL ENERGY: -127.043812417418	 lambda: -0.7	 population of target: 5.53806158832399
1RDM: 
     1.99999944429865  4.62454156780267e-08 -3.11665538516366e-05  4.61968300142606e-05   3.5473475370092e-06  -2.2029547337838e-17  5.78671316128967e-19 -3.82634094039261e-18 -2.89211138614545e-17 -0.000434785250131044
 4.62454156780267e-08      1.99999688613912  5.27898340146269e-05  -0.00010484464971485  8.97444181281693e-05 -4.14742430877139e-16  3.03089155610742e-19  2.27507214966703e-18 -8.01184756369958e-16  0.000662358184670647
-3.11665538516366e-05  5.27898340146269e-05       1.9894467676183    0.0130201077362949  -0.00653753945564664  7.46908279756974e-16  2.08404363095262e-16 -6.11185269863601e-16  2.34996661784734e-15    -0.127049034679126
 4.61968300142606e-05  -0.00010484464971485    0.0130201077362949      1.95263798601246   0.00305435260222381  1.64217197504098e-15  4.81465248350852e-16 -8.63404295355215e-16  3.18155293511176e-15     0.118164105356854
  3.5473475370092e-06  8.97444181281693e-05  -0.00653753945564664   0.00305435260222381      1.92431736547976   -1.914849211588e-15 -6.44444749946585e-16   1.7607124701779e-15 -5.17048291501622e-15    -0.165685692596921
 -2.2029547337838e-17 -4.14742430877139e-16  7.46908279756974e-16  1.64217197504098e-15   -1.914849211588e-15      1.82158482984369  1.14288180316065e-16  7.73960690569955e-05    -0.329955051715497  3.76699676145421e-16
 5.78671316128967e-19  3.03089155610742e-19  2.08404363095262e-16  4.81465248350852e-16 -6.44444749946585e-16  1.14288180316065e-16      1.82158482984374     0.329955051715289  7.73960690578585e-05  2.59418286773791e-16
-3.82634094039261e-18  2.27507214966703e-18 -6.11185269863601e-16 -8.63404295355215e-16   1.7607124701779e-15  7.73960690569955e-05     0.329955051715289     0.199341916225445  9.06328691636317e-17 -4.56935733525322e-16
-2.89211138614545e-17 -8.01184756369958e-16  2.34996661784734e-15  3.18155293511176e-15 -5.17048291501622e-15    -0.329955051715497  7.73960690578585e-05  9.06328691636317e-17     0.199341916225508  1.40344741430157e-15
-0.000434785250131044  0.000662358184670647    -0.127049034679126     0.118164105356854    -0.165685692596921  3.76699676145421e-16  2.59418286773791e-16 -4.56935733525322e-16  1.40344741430157e-15    0.0917480583133881
TOTAL ENERGY: -127.12925131676	 lambda: -0.6	 population of target: 5.66951311162043
1RDM: 
     1.99999944255332  4.56671521977452e-08 -2.44879940653771e-05  3.83325745644914e-05  4.82817153273174e-06 -1.87176973118522e-17  1.54356081423336e-18  -5.5618666905978e-18 -1.72363008795762e-17  -0.00041077824197819
 4.56671521977452e-08       1.9999970773315  4.18897680464731e-05  -8.7894597602132e-05  7.14453264365383e-05 -4.01114528277963e-16   1.6625288046736e-18  3.56393339374837e-19 -6.85940085847426e-16  0.000578087136428593
-2.44879940653771e-05  4.18897680464731e-05      1.99144656512096    0.0103116322486125  -0.00416924844201224  5.33764300561431e-16  1.41322944062419e-16 -4.57815048252616e-16  1.85151149584792e-15      -0.1109121929173
 3.83325745644914e-05  -8.7894597602132e-05    0.0103116322486125      1.95738851994519   0.00151020630419394   7.0540691350642e-16  1.84065960866365e-16 -3.49702945202345e-16  1.55625562055733e-15     0.101008458367862
 4.82817153273174e-06  7.14453264365383e-05  -0.00416924844201224   0.00151020630419394      1.92540870874863 -1.02195428020662e-15 -3.43512615168948e-16  1.05218217383774e-15 -3.12644966401877e-15     -0.13938004473212
-1.87176973118522e-17 -4.01114528277963e-16  5.33764300561431e-16   7.0540691350642e-16 -1.02195428020662e-15       1.8253013472614  8.97545876883362e-17  6.61197379227419e-05     -0.28187800296416  7.52334952876944e-17
 1.54356081423336e-18   1.6625288046736e-18  1.41322944062419e-16  1.84065960866365e-16 -3.43512615168948e-16  8.97545876883362e-17      1.82530134726143     0.281878002964095   6.6119737923921e-05  1.53028290235723e-16
 -5.5618666905978e-18  3.56393339374837e-19 -4.57815048252616e-16 -3.49702945202345e-16  1.05218217383774e-15  6.61197379227419e-05     0.281878002964095       0.1940548579155  7.76502226876829e-17 -2.16996819411941e-16
-1.72363008795762e-17 -6.85940085847426e-16  1.85151149584792e-15  1.55625562055733e-15 -3.12644966401877e-15     -0.28187800296416   6.6119737923921e-05  7.76502226876829e-17     0.194054857915534  6.74513230585407e-16
 -0.00041077824197819  0.000578087136428593      -0.1109121929173     0.101008458367862     -0.13938004473212  7.52334952876944e-17  1.53028290235723e-16 -2.16996819411941e-16  6.74513230585407e-16    0.0870472759465485
TOTAL ENERGY: -127.201753053504	 lambda: -0.5	 population of target: 5.80133802121899
1RDM: 
     1.99999943757477  3.86126531418808e-08 -1.81180200941827e-05  3.00894904448911e-05  8.01616337607397e-06 -1.88826520373367e-17  1.48718022660294e-18 -5.30621121281548e-18 -1.17306306683183e-17 -0.000378301171746221
 3.86126531418808e-08      1.99999728034798  3.16206304117455e-05 -7.10275121708603e-05  5.57880318875406e-05 -3.96695409893373e-16  1.84181272426147e-18  7.81416426556473e-19 -5.78394492403165e-16  0.000487325957364144
-1.81180200941827e-05  3.16206304117455e-05      1.99316174715208    0.0078417499446461  -0.00215961912515425   4.9165758778316e-16  1.29049876539421e-16 -4.24113792077685e-16  1.72218703677698e-15   -0.0941846992354041
 3.00894904448911e-05 -7.10275121708603e-05    0.0078417499446461      1.96185401333085  0.000576594287760033  6.30493588667588e-16  1.64978307562188e-16 -3.30318377222489e-16  1.45664762411445e-15    0.0837266635000488
 8.01616337607397e-06  5.57880318875406e-05  -0.00215961912515425  0.000576594287760033      1.92505129151419 -1.01661939714618e-15 -3.31022317476778e-16   1.0316584927987e-15 -3.20785201621382e-15    -0.114024725497767
-1.88826520373367e-17 -3.96695409893373e-16   4.9165758778316e-16  6.30493588667588e-16 -1.01661939714618e-15      1.82658320500468  4.51429995118076e-17  5.48858864094226e-05    -0.234008160052754  6.40380129421275e-17
 1.48718022660294e-18  1.84181272426147e-18  1.29049876539421e-16  1.64978307562188e-16 -3.31022317476778e-16  4.51429995118076e-17      1.82658320500472     0.234008160052693  5.48858864108125e-05  1.37839178000098e-16
-5.30621121281548e-18  7.81416426556473e-19 -4.24113792077685e-16 -3.30318377222489e-16   1.0316584927987e-15  5.48858864094226e-05     0.234008160052693     0.191178763424709   3.3609126178924e-17  -2.1099924004999e-16
-1.17306306683183e-17 -5.78394492403165e-16  1.72218703677698e-15  1.45664762411445e-15 -3.20785201621382e-15    -0.234008160052754  5.48858864108125e-05   3.3609126178924e-17      0.19117876342476  6.67262585471878e-16
-0.000378301171746221  0.000487325957364144   -0.0941846992354041    0.0837266635000488    -0.114024725497767  6.40380129421275e-17  1.37839178000098e-16  -2.1099924004999e-16  6.67262585471878e-16    0.0844122932212924
TOTAL ENERGY: -127.261180958057	 lambda: -0.4	 population of target: 5.93340565880251
1RDM: 
     1.99999943100193  2.51413332909666e-08 -1.20908280965551e-05  2.17188371238686e-05  1.18367433149931e-05 -1.85053305404785e-17  1.71794278258255e-18   -5.629809967575e-18  -4.3459425327882e-18 -0.000331029509621132
 2.51413332909666e-08      1.99999748838286    2.216301990604e-05 -5.44533369329357e-05  4.28517004765058e-05 -3.97699609415058e-16  2.34108890289683e-18  7.99301404856673e-19 -4.68954589834423e-16  0.000391376689450443
-1.20908280965551e-05    2.216301990604e-05      1.99458001236873   0.00563095333354438 -0.000587944319823463  4.03370271436917e-16   1.0210932662858e-16 -3.56944526547644e-16  1.48352064983264e-15    -0.076653291948762
 2.17188371238686e-05 -5.44533369329357e-05   0.00563095333354438      1.96605353505484  0.000114062351933768   3.5049561767544e-16  8.18524964660829e-17 -1.70223730858177e-16  9.01770415115811e-16    0.0666284061388267
 1.18367433149931e-05  4.28517004765058e-05 -0.000587944319823463  0.000114062351933768      1.92400426323403 -6.43773901027552e-16 -2.05530843555913e-16  7.08026003294218e-16 -2.30725808917748e-15   -0.0906246124179343
-1.85053305404785e-17 -3.97699609415058e-16  4.03370271436917e-16   3.5049561767544e-16 -6.43773901027552e-16      1.82503685601684 -1.33653551380081e-17  4.36021469030772e-05     -0.18590378184367 -1.71271368456526e-17
 1.71794278258255e-18  2.34108890289683e-18   1.0210932662858e-16  8.18524964660829e-17 -2.05530843555913e-16 -1.33653551380081e-17      1.82503685601688     0.185903781843777  4.36021469044607e-05  9.75007427021425e-17
  -5.629809967575e-18  7.99301404856673e-19 -3.56944526547644e-16 -1.70223730858177e-16  7.08026003294218e-16  4.36021469030772e-05     0.185903781843777      0.19110122769777 -2.49559894777858e-17 -1.24855089584249e-16
 -4.3459425327882e-18 -4.68954589834423e-16  1.48352064983264e-15  9.01770415115811e-16 -2.30725808917748e-15     -0.18590378184367  4.36021469044607e-05 -2.49559894777858e-17     0.191101227697819  4.01175489870504e-16
-0.000331029509621132  0.000391376689450443    -0.076653291948762    0.0666284061388267   -0.0906246124179343 -1.71271368456526e-17  9.75007427021425e-17 -1.24855089584249e-16  4.01175489870504e-16    0.0830891025283067
TOTAL ENERGY: -127.307560045951	 lambda: -0.3	 population of target: 6.06593205662047
1RDM: 
      1.9999994228328   9.1313788125799e-09 -6.75125672400915e-06  1.38739116632781e-05  1.42049013392984e-05 -1.80295030852632e-17  2.11270436704213e-18 -6.29893762129848e-18  4.21965971610579e-18 -0.000266158983697555
  9.1313788125799e-09      1.99999769283534  1.38746649605551e-05 -3.84897597810104e-05  3.17844582839374e-05 -4.06057915215813e-16  2.99681880353705e-18  8.80934149387726e-19 -3.59165085848054e-16  0.000292364253307866
-6.75125672400915e-06  1.38746649605551e-05      1.99566687429762   0.00370790241249532  0.000471390066462171  2.87501011261486e-16   6.6993739931566e-17 -2.71423002313254e-16  1.17813364877335e-15   -0.0582471581028719
 1.38739116632781e-05 -3.84897597810104e-05   0.00370790241249532      1.97002817921968 -9.88022181719537e-05 -5.24391020220448e-18 -2.26001079235109e-17  5.29888205357354e-17  1.20501579001713e-16    0.0498384753857443
 1.42049013392984e-05  3.17844582839374e-05  0.000471390066462171 -9.88022181719537e-05      1.92307671502801 -1.91471329738157e-18 -2.03055744336264e-18  1.34167044964432e-16 -5.40078087936074e-16    -0.068986886728002
-1.80295030852632e-17 -4.06057915215813e-16  2.87501011261486e-16 -5.24391020220448e-18 -1.91471329738157e-18      1.82003485746888 -8.13803937769066e-17  3.22750504003951e-05    -0.137610619375711 -1.23930615843305e-16
 2.11270436704213e-18  2.99681880353705e-18   6.6993739931566e-17 -2.26001079235109e-17 -2.03055744336264e-18 -8.13803937769066e-17      1.82003485746889     0.137610619375747  3.22750504018714e-05  4.56510612713008e-17
-6.29893762129848e-18  8.80934149387726e-19 -2.71423002313254e-16  5.29888205357354e-17  1.34167044964432e-16  3.22750504003951e-05     0.137610619375747     0.194461897101963 -8.32014637048767e-17  1.15251101814676e-17
 4.21965971610579e-18 -3.59165085848054e-16  1.17813364877335e-15  1.20501579001713e-16 -5.40078087936074e-16    -0.137610619375711  3.22750504018714e-05 -8.32014637048767e-17     0.194461897101974 -3.71784597339258e-17
-0.000266158983697555  0.000292364253307866   -0.0582471581028719    0.0498384753857443    -0.068986886728002 -1.23930615843305e-16  4.56510612713008e-17  1.15251101814676e-17 -3.71784597339258e-17     0.082237606644879
TOTAL ENERGY: -127.340856715563	 lambda: -0.2	 population of target: 6.19914120855689
1RDM: 
     1.99999941032204 -3.57594719324666e-09 -2.65228060837991e-06  7.31256566943008e-06  1.33169506680081e-05 -2.06319085368255e-17  1.73486083478518e-18 -5.15719949797786e-18  6.74704251814111e-18 -0.000185529415333116
-3.57594719324666e-09      1.99999788520204  7.18165876512198e-06 -2.36269342648757e-05  2.13576773079435e-05   -4.261404784709e-16  2.93008700897012e-18  1.85329943177472e-18 -2.53231654609938e-16  0.000192590253363779
-2.65228060837991e-06  7.18165876512198e-06      1.99637472850144   0.00210650904004487  0.000950988843542349  3.40906922377641e-16  8.32175447604477e-17 -2.84618842517114e-16  1.19208500901445e-15   -0.0390969276977943
 7.31256566943008e-06 -2.36269342648757e-05   0.00210650904004487      1.97379122240334 -0.000219367010801567   2.3043275542644e-16  5.27861020283019e-17 -1.14653048269491e-16  6.12281669567499e-16    0.0332628256094347
 1.33169506680081e-05  2.13576773079435e-05  0.000950988843542349 -0.000219367010801567      1.92262738635498 -4.73593928116456e-16 -1.37989390614296e-16  4.96593456053378e-16 -1.81186641258213e-15   -0.0478358366563996
-2.06319085368255e-17   -4.261404784709e-16  3.40906922377641e-16   2.3043275542644e-16 -4.73593928116456e-16      1.81095018302945 -1.32006481627211e-16  2.10533457701866e-05   -0.0897647837682251  2.00290902075762e-18
 1.73486083478518e-18  2.93008700897012e-18  8.32175447604477e-17  5.27861020283019e-17 -1.37989390614296e-16 -1.32006481627211e-16      1.81095018302951    0.0897647837682668  2.10533457716346e-05  5.96404241633966e-17
-5.15719949797786e-18  1.85329943177472e-18 -2.84618842517114e-16 -1.14653048269491e-16  4.96593456053378e-16  2.10533457701866e-05    0.0897647837682668     0.201922940728367 -1.46579674300363e-16 -8.88881019419528e-17
 6.74704251814111e-18 -2.53231654609938e-16  1.19208500901445e-15  6.12281669567499e-16 -1.81186641258213e-15   -0.0897647837682251  2.10533457716346e-05 -1.46579674300363e-16     0.201922940728432  3.03294802532984e-16
-0.000185529415333116  0.000192590253363779   -0.0390969276977943    0.0332628256094347   -0.0478358366563996  2.00290902075762e-18  5.96404241633966e-17 -8.88881019419528e-17  3.03294802532984e-16    0.0814631197004307
TOTAL ENERGY: -127.360896643997	 lambda: -0.1	 population of target: 6.33274014697185
1RDM: 
      1.9999993891177 -7.63109135272686e-09 -3.11338159622779e-07  2.60898142974026e-06  8.43103876301974e-06 -2.23199461238231e-17  1.80917174304313e-18 -4.94007478127837e-18  1.20611290596034e-17 -9.46181609291875e-05
-7.63109135272686e-09      1.99999805848196  2.47011165335474e-06 -1.05480730549927e-05  1.07178347698018e-05 -4.54649009357951e-16  3.31826407864047e-18  2.38724354752238e-18 -1.49379637103555e-16  9.43075656886293e-05
-3.11338159622779e-07  2.47011165335474e-06      1.99666104394741  0.000861715586482869  0.000799338651255337   3.2000264949233e-16  7.65181030003898e-17 -2.46757205611326e-16  1.03496602270439e-15   -0.0195322224765396
 2.60898142974026e-06 -1.05480730549927e-05  0.000861715586482869      1.97728685503463 -0.000242411116647862  1.83558831114056e-16  4.12852014515469e-17 -9.05126373561412e-17  4.67679032357212e-16    0.0166953994584014
 8.43103876301974e-06  1.07178347698018e-05  0.000799338651255337 -0.000242411116647862      1.92236958276009 -3.93130987523081e-16  -1.0416800877946e-16  3.72028269291065e-16 -1.45909659607514e-15   -0.0253710000282326
-2.23199461238231e-17 -4.54649009357951e-16   3.2000264949233e-16  1.83558831114056e-16 -3.93130987523081e-16      1.79755092566504  -1.8955070618258e-16  1.01986910770157e-05   -0.0434833248767111  1.69515095136909e-17
 1.80917174304313e-18  3.31826407864047e-18  7.65181030003898e-17  4.12852014515469e-17  -1.0416800877946e-16  -1.8955070618258e-16      1.79755092566515     0.043483324876811  1.01986910784996e-05  3.49506171953768e-17
-4.94007478127837e-18  2.38724354752238e-18 -2.46757205611326e-16 -9.05126373561412e-17  3.72028269291065e-16  1.01986910770157e-05     0.043483324876811     0.213772799988382 -2.11887227732068e-16  -6.9155176309726e-17
 1.20611290596034e-17 -1.49379637103555e-16  1.03496602270439e-15  4.67679032357212e-16 -1.45909659607514e-15   -0.0434833248767111  1.01986910784996e-05 -2.11887227732068e-16     0.213772799988484   2.5708005044243e-16
-9.46181609291875e-05  9.43075656886293e-05   -0.0195322224765396    0.0166953994584014   -0.0253710000282326  1.69515095136909e-17  3.49506171953768e-17  -6.9155176309726e-17   2.5708005044243e-16    0.0810376193511871
TOTAL ENERGY: -127.367553887613	 lambda: 0	 population of target: 6.46564134922549
1RDM: 
       1.999999355421  6.07985203681818e-15  5.51370206502856e-13  -2.0503139613474e-12  1.22029521789718e-12 -2.46410460323558e-17  1.84474193752475e-18 -4.53898127056539e-18  1.63521297761409e-17 -1.04677728296109e-12
 6.07985203681818e-15      1.99999820847195 -7.32806274572822e-13  5.01725977196058e-12  1.89759620008663e-11 -4.91846580987693e-16  3.69277293443784e-18   2.8915153344592e-18 -5.18305645426088e-17  1.10916006115335e-10
 5.51370206502856e-13 -7.32806274572822e-13      1.99650492156394 -2.68282802219967e-11 -5.58210693783117e-11  3.26142181598481e-16  7.76013565647918e-17 -2.19787461923111e-16  9.13625641139543e-16 -8.02589354303153e-10
 -2.0503139613474e-12  5.01725977196058e-12 -2.68282802219967e-11      1.98038875346358  5.20163605783457e-10  1.93945539809753e-16  4.55377833868048e-17 -1.01829417981163e-16  4.39215771926901e-16   2.2454418104082e-09
 1.22029521789718e-12  1.89759620008663e-11 -5.58210693783117e-11  5.20163605783457e-10      1.92158478729951 -4.41369227225024e-16 -1.05170208841113e-16   3.4620534032195e-16 -1.43211145053114e-15  2.13044123721851e-09
-2.46410460323558e-17 -4.91846580987693e-16  3.26142181598481e-16  1.93945539809753e-16 -4.41369227225024e-16      1.78041244861739   -2.416936292941e-16 -7.76455232044789e-11 -3.54051516278918e-10  4.37648051069102e-17
 1.84474193752475e-18  3.69277293443784e-18  7.76013565647918e-17  4.55377833868048e-17 -1.05170208841113e-16   -2.416936292941e-16      1.78041244861754  3.54153269387238e-10   -7.764405841722e-11  1.01832342204999e-17
-4.53898127056539e-18   2.8915153344592e-18 -2.19787461923111e-16 -1.01829417981163e-16   3.4620534032195e-16 -7.76455232044789e-11  3.54153269387238e-10     0.229503378350706 -2.75704824611872e-16 -7.03321107281939e-17
 1.63521297761409e-17 -5.18305645426088e-17  9.13625641139543e-16  4.39215771926901e-16 -1.43211145053114e-15 -3.54051516278918e-10   -7.764405841722e-11 -2.75704824611872e-16     0.229503378350861  2.93916725259068e-16
-1.04677728296109e-12  1.10916006115335e-10 -8.02589354303153e-10   2.2454418104082e-09  2.13044123721851e-09  4.37648051069102e-17  1.01832342204999e-17 -7.03321107281939e-17  2.93916725259068e-16     0.081692319843558
TOTAL ENERGY: -127.361049627043	 lambda: 0.1	 population of target: 6.5962438195298
1RDM: 
     1.99999930714503  1.94197088248545e-08 -1.72237043594938e-06 -6.07160381610801e-07 -1.08477816851431e-05 -2.71179800436296e-17  1.92244650300777e-18 -4.17154371974377e-18  2.02719943123977e-17   9.3418302181801e-05
 1.94197088248545e-08      1.99999833497705 -1.55523867725728e-07  7.47768044327246e-06 -9.53407975459313e-06 -5.34074077403753e-16  4.09850559030464e-18  3.30661384863797e-18   3.7589385480972e-17 -8.71562265402166e-05
-1.72237043594938e-06 -1.55523867725728e-07      1.99591039634191 -0.000474196686064972  -0.00141229158600271  3.37843889158963e-16  8.03708453465969e-17 -1.92644258987908e-16  7.92899047388464e-16     0.019078157134589
-6.07160381610801e-07  7.47768044327246e-06 -0.000474196686064972      1.98294487765786  0.000744857338567539  2.01981493435664e-16  4.80671080898858e-17 -1.10908032882489e-16  4.01295001846536e-16   -0.0167477905470071
-1.08477816851431e-05 -9.53407975459313e-06  -0.00141229158600271  0.000744857338567539      1.91960171797416  -4.9092354689536e-16 -1.03301338423255e-16  3.12651539436223e-16 -1.38622912589409e-15     0.029114265998581
-2.71179800436296e-17 -5.34074077403753e-16  3.37843889158963e-16  2.01981493435664e-16  -4.9092354689536e-16      1.76107140481721 -3.07294253327929e-16   -9.342303988367e-06    0.0398321822353961  5.13835200033978e-17
 1.92244650300777e-18  4.09850559030464e-18  8.03708453465969e-17  4.80671080898858e-17 -1.03301338423255e-16 -3.07294253327929e-16      1.76107140481729    -0.039832182235309 -9.34230398674373e-06 -2.18041312436615e-17
-4.17154371974377e-18  3.30661384863797e-18 -1.92644258987908e-16 -1.10908032882489e-16  3.12651539436223e-16   -9.342303988367e-06    -0.039832182235309     0.247639443246465 -3.29447233648252e-16 -6.65583399167315e-17
 2.02719943123977e-17   3.7589385480972e-17  7.92899047388464e-16  4.01295001846536e-16 -1.38622912589409e-15    0.0398321822353961 -9.34230398674373e-06 -3.29447233648252e-16     0.247639443246548  3.26444332046689e-16
  9.3418302181801e-05 -8.71562265402166e-05     0.019078157134589   -0.0167477905470071     0.029114265998581  5.13835200033978e-17 -2.18041312436615e-17 -6.65583399167315e-17  3.26444332046689e-16    0.0841236697765124
TOTAL ENERGY: -127.342042223543	 lambda: 0.2	 population of target: 6.72318623221404
1RDM: 
     1.99999924327039  4.81899244564779e-08 -5.38813825377176e-06  4.86258227233275e-07 -2.31785685163307e-05 -2.95454883686177e-17  2.01531762080388e-18 -3.82087942504599e-18  2.37783351627947e-17  0.000183913744255813
 4.81899244564779e-08      1.99999844209045  1.85780519336043e-06  1.18088041319905e-05 -1.60078778374373e-05 -5.76411479941587e-16  4.48791987285302e-18  3.64188369850462e-18  1.18555619019569e-16 -0.000163197579184568
-5.38813825377176e-06  1.85780519336043e-06      1.99489331341971  -0.00058808731874792  -0.00335975748033803  3.53417342296797e-16  8.46665150433746e-17 -1.67026741504158e-16   6.8017965238942e-16    0.0374438300221859
 4.86258227233275e-07  1.18088041319905e-05  -0.00058808731874792      1.98484188987504   0.00217081818068413  2.09460782469763e-16  4.97881751205868e-17 -1.21013840424546e-16  3.66067335993562e-16   -0.0332539350480124
-2.31785685163307e-05 -1.60078778374373e-05  -0.00335975748033803   0.00217081818068413      1.91620361805114 -5.44971727202067e-16 -1.00537515361821e-16  2.81795229472699e-16 -1.36792250367812e-15    0.0619504904536244
-2.95454883686177e-17 -5.76411479941587e-16  3.53417342296797e-16  2.09460782469763e-16 -5.44971727202067e-16      1.74174009079706 -3.52627572918966e-16 -1.78063709290965e-05     0.075920149038275  3.78127464711686e-17
 2.01531762080388e-18  4.48791987285302e-18  8.46665150433746e-17  4.97881751205868e-17 -1.00537515361821e-16 -3.52627572918966e-16      1.74174009079718   -0.0759201490381708 -1.78063709274801e-05 -5.96967284765002e-17
-3.82087942504599e-18  3.64188369850462e-18 -1.67026741504158e-16 -1.21013840424546e-16  2.81795229472699e-16 -1.78063709290965e-05   -0.0759201490381708     0.266010266687381 -3.81161594746015e-16 -5.96778919445448e-17
 2.37783351627947e-17  1.18555619019569e-16   6.8017965238942e-16  3.66067335993562e-16 -1.36792250367812e-15     0.075920149038275 -1.78063709274801e-05 -3.81161594746015e-16     0.266010266687497  3.57071642714471e-16
 0.000183913744255813 -0.000163197579184568    0.0374438300221859   -0.0332539350480124    0.0619504904536244  3.78127464711686e-17 -5.96967284765002e-17 -5.96778919445448e-17  3.57071642714471e-16    0.0885627783241879
TOTAL ENERGY: -127.311344208314	 lambda: 0.3	 population of target: 6.84610467104402
1RDM: 
     1.99999916242951   8.2218349137004e-08 -1.10302505170103e-05  2.91934940335249e-06 -3.69612761760377e-05 -3.16837137810018e-17  2.10291019418382e-18 -3.48949254383099e-18  2.69963286545159e-17  0.000272552221315377
  8.2218349137004e-08      1.99999853661415  5.68785821124586e-06  1.34464173556343e-05 -1.79122926318162e-05 -6.13728018524747e-16  4.82129661663124e-18  3.92077227530884e-18  1.92563493434706e-16 -0.000224015177359113
-1.10302505170103e-05  5.68785821124586e-06      1.99346092081255  -0.00039809364877614  -0.00575740905850692  3.68695822480089e-16  8.94373557100204e-17 -1.42980952629869e-16  5.75570983854862e-16    0.0550613302259718
 2.91934940335249e-06  1.34464173556343e-05  -0.00039809364877614       1.9860482758768   0.00431485072228518   2.1016134103936e-16   5.0016362886236e-17 -1.31427758386808e-16  3.34720205520576e-16   -0.0491345293529903
-3.69612761760377e-05 -1.79122926318162e-05  -0.00575740905850692   0.00431485072228518      1.91167291001392 -5.95866430392547e-16 -9.53616320894576e-17  2.53367417429507e-16 -1.37662093485171e-15    0.0979133955569718
-3.16837137810018e-17 -6.13728018524747e-16  3.68695822480089e-16   2.1016134103936e-16 -5.95866430392547e-16      1.72468787568688 -3.50536642972309e-16 -2.55646083535825e-05     0.108998743695678  2.71427396543006e-18
 2.10291019418382e-18  4.82129661663124e-18  8.94373557100204e-17   5.0016362886236e-17 -9.53616320894576e-17 -3.50536642972309e-16      1.72468787568699    -0.108998743695633 -2.55646083522251e-05 -1.02276897955044e-16
-3.48949254383099e-18  3.92077227530884e-18 -1.42980952629869e-16 -1.31427758386808e-16  2.53367417429507e-16 -2.55646083535825e-05    -0.108998743695633     0.282363962627439  -3.7736097966295e-16 -4.96150671649939e-17
 2.69963286545159e-17  1.92563493434706e-16  5.75570983854862e-16  3.34720205520576e-16 -1.37662093485171e-15     0.108998743695678 -2.55646083522251e-05  -3.7736097966295e-16     0.282363962627541  3.80863943963798e-16
 0.000272552221315377 -0.000224015177359113    0.0550613302259718   -0.0491345293529903    0.0979133955569718  2.71427396543006e-18 -1.02276897955044e-16 -4.96150671649939e-17  3.80863943963798e-16    0.0947165176242648
TOTAL ENERGY: -127.269428622805	 lambda: 0.4	 population of target: 6.96591787796508
1RDM: 
     1.99999906214797  1.16843524860323e-07 -1.89118457697435e-05   6.3715941527476e-06 -5.31876990107231e-05 -3.33605051407224e-17  2.16698444282178e-18 -3.17350757205221e-18  3.00944897015494e-17  0.000361515429145783
 1.16843524860323e-07      1.99999862489151  1.08516118785586e-05  1.32078439876773e-05 -1.50534975079121e-05 -6.42293873478018e-16  5.07542328953539e-18  4.18349405109183e-18  2.62655436756172e-16 -0.000266642962963873
-1.89118457697435e-05  1.08516118785586e-05      1.99159759326413    2.465691454361e-05  -0.00855309056969859  3.78404471640829e-16  9.38544813783367e-17 -1.20217887601783e-16  4.80875877076144e-16     0.072078753860096
  6.3715941527476e-06  1.32078439876773e-05    2.465691454361e-05      1.98661400985032   0.00707160215045656  2.11187364797661e-16   4.7837695927052e-17 -1.41999952424629e-16   2.9349899689401e-16   -0.0640873242905399
-5.31876990107231e-05 -1.50534975079121e-05  -0.00855309056969859   0.00707160215045656      1.90647616151079 -6.25060755300652e-16 -8.73536904349344e-17  2.27025341079669e-16 -1.42996616465296e-15     0.136186522387419
-3.33605051407224e-17 -6.42293873478018e-16  3.78404471640829e-16  2.11187364797661e-16 -6.25060755300652e-16      1.71160515175319 -3.68991700009127e-16 -3.29299020437861e-05     0.140402210995523 -4.81932184588311e-17
 2.16698444282178e-18  5.07542328953539e-18  9.38544813783367e-17   4.7837695927052e-17 -8.73536904349344e-17 -3.68991700009127e-16       1.7116051517533    -0.140402210995369 -3.29299020424905e-05 -1.48380109495411e-16
-3.17350757205221e-18  4.18349405109183e-18 -1.20217887601783e-16 -1.41999952424629e-16  2.27025341079669e-16 -3.29299020437861e-05    -0.140402210995369     0.295009214829385 -4.00169845390108e-16 -3.69722062771175e-17
 3.00944897015494e-17  2.62655436756172e-16  4.80875877076144e-16   2.9349899689401e-16 -1.42996616465296e-15     0.140402210995523 -3.29299020424905e-05 -4.00169845390108e-16     0.295009214829493  3.87571839267111e-16
 0.000361515429145783 -0.000266642962963873     0.072078753860096   -0.0640873242905399     0.136186522387419 -4.81932184588311e-17 -1.48380109495411e-16 -3.69722062771175e-17  3.87571839267111e-16      0.10208581516994
TOTAL ENERGY: -127.216065515886	 lambda: 0.5	 population of target: 7.08450506164257
1RDM: 
     1.99999893918204  1.48103464985333e-07 -2.94867676360071e-05  1.05922702076995e-05 -7.33632894205278e-05 -3.45085400334101e-17  2.19658713657121e-18 -2.86439911215294e-18   3.3265443523936e-17  0.000452405236305192
 1.48103464985333e-07      1.99999870968781  1.68710680108622e-05  1.19887231747527e-05 -8.92769698437103e-06  -6.6029497686469e-16  5.23635171974372e-18  4.46120401248446e-18  3.32124040695465e-16 -0.000290699168118523
-2.94867676360071e-05  1.68710680108622e-05      1.98926369933797  0.000613469289613315   -0.0117433668179273  3.82638311846968e-16  9.73430853485211e-17  -9.8486093707537e-17  3.90549129786226e-16    0.0887319655782706
 1.05922702076995e-05  1.19887231747527e-05  0.000613469289613315      1.98663676103266    0.0102557731459126  1.99286511199319e-16   4.3304295489656e-17 -1.51618507327243e-16  2.55664761403413e-16   -0.0780057458065307
-7.33632894205278e-05 -8.92769698437103e-06   -0.0117433668179273    0.0102557731459126      1.90086043936934 -6.40854725623649e-16 -7.57173064035393e-17  2.04012566045954e-16 -1.50012326463695e-15     0.175872885607585
-3.45085400334101e-17  -6.6029497686469e-16  3.82638311846968e-16  1.99286511199319e-16 -6.40854725623649e-16      1.70320837715099 -3.85693144297121e-16 -4.02716106250539e-05     0.171704529630549 -1.13181174448887e-16
 2.19658713657121e-18  5.23635171974372e-18  9.73430853485211e-17   4.3304295489656e-17 -7.57173064035393e-17 -3.85693144297121e-16      1.70320837715118    -0.171704529630437 -4.02716106237763e-05 -1.96887808732023e-16
-2.86439911215294e-18  4.46120401248446e-18  -9.8486093707537e-17 -1.51618507327243e-16  2.04012566045954e-16 -4.02716106250539e-05    -0.171704529630437     0.303220096112391 -4.33119753254037e-16 -2.19217289565171e-17
  3.3265443523936e-17  3.32124040695465e-16  3.90549129786226e-16  2.55664761403413e-16 -1.50012326463695e-15     0.171704529630549 -4.02716106237763e-05 -4.33119753254037e-16     0.303220096112571    3.811301702061e-16
 0.000452405236305192 -0.000290699168118523    0.0887319655782706   -0.0780057458065307     0.175872885607585 -1.13181174448887e-16 -1.96887808732023e-16 -2.19217289565171e-17    3.811301702061e-16     0.110384504863084
TOTAL ENERGY: -127.15033751078	 lambda: 0.6	 population of target: 7.20398266663303
1RDM: 
      1.9999987904735  1.74151657251826e-07  -4.3275394613271e-05  1.53930284592387e-05 -9.86820621880529e-05 -3.51774943091368e-17  2.19032071460681e-18 -2.55841029844753e-18  3.66911461828972e-17  0.000545423164620739
 1.74151657251826e-07      1.99999878897618  2.34368125818091e-05  1.04972491465725e-05 -2.24886006759218e-06 -6.68373537661614e-16    5.353808266339e-18  4.83256364064348e-18  4.04251667564644e-16 -0.000299367705696619
 -4.3275394613271e-05  2.34368125818091e-05      1.98640618999374   0.00132211115770091   -0.0153558422149083  3.82834150241884e-16  1.00732980728229e-16 -7.63728892787679e-17  3.00619636040345e-16     0.105250623813218
 1.53930284592387e-05  1.04972491465725e-05   0.00132211115770091      1.98622046698912    0.0136804774542635  1.70122268628321e-16  3.24134469050289e-17 -1.63444333276536e-16  2.23530519110626e-16   -0.0909939294373945
-9.86820621880529e-05 -2.24886006759218e-06   -0.0153558422149083    0.0136804774542635      1.89465729344611 -6.56160021085194e-16  -6.8119688337924e-17  1.75727043340375e-16 -1.56184600234068e-15     0.215892649055562
-3.51774943091368e-17 -6.68373537661614e-16  3.82834150241884e-16  1.70122268628321e-16 -6.56160021085194e-16      1.69915092808562  -4.3647317772975e-16 -4.79355862011518e-05     0.204382570624058  -1.9363188504082e-16
 2.19032071460681e-18    5.353808266339e-18  1.00732980728229e-16  3.24134469050289e-17  -6.8119688337924e-17  -4.3647317772975e-16      1.69915092808567    -0.204382570623982 -4.79355861996822e-05 -2.49737296355433e-16
-2.55841029844753e-18  4.83256364064348e-18 -7.63728892787679e-17 -1.63444333276536e-16  1.75727043340375e-16 -4.79355862011518e-05    -0.204382570623982     0.307333180408453 -4.54131771327876e-16 -8.91044219320403e-18
 3.66911461828972e-17  4.04251667564644e-16  3.00619636040345e-16  2.23530519110626e-16 -1.56184600234068e-15     0.204382570624058 -4.79355861996822e-05 -4.54131771327876e-16     0.307333180408503  3.69588035564559e-16
 0.000545423164620739 -0.000299367705696619     0.105250623813218   -0.0909939294373945     0.215892649055562  -1.9363188504082e-16 -2.49737296355433e-16 -8.91044219320403e-18  3.69588035564559e-16     0.119750253133126
TOTAL ENERGY: -127.071052305704	 lambda: 0.7	 population of target: 7.32592225622763
1RDM: 
      1.9999986140173  1.96433330536226e-07 -6.07312589495802e-05  2.06499455990215e-05 -0.000129307088889582 -3.55147864888558e-17  2.15548576340368e-18 -2.39449423342149e-18  4.12489686203545e-17  0.000639628237126163
 1.96433330536226e-07      1.99999885745381  3.05375341036212e-05  9.09575517511409e-06  2.25778833805521e-06 -6.65958908860671e-16  6.07603390455655e-18  5.92376166445878e-18  4.78482571326704e-16 -0.000299293266121808
-6.07312589495802e-05  3.05375341036212e-05      1.98297529785442   0.00213340130173613   -0.0194095879031137  4.67962226498076e-16  1.21283422641131e-16 -3.85486574927096e-17  1.29323170073629e-16     0.121803657866158
 2.06499455990215e-05  9.09575517511409e-06   0.00213340130173613      1.98544681950574    0.0172133808651887 -1.78594419077555e-16 -4.26293766262322e-17 -2.27854262491151e-16  4.67152941175628e-16    -0.103295373136709
-0.000129307088889582  2.25778833805521e-06   -0.0194095879031137    0.0172133808651887      1.88742904548593 -1.43871707775257e-15 -2.12961678014031e-16 -1.02960915609384e-17 -8.01190062116659e-16     0.254825759808551
-3.55147864888558e-17 -6.65958908860671e-16  4.67962226498076e-16 -1.78594419077555e-16 -1.43871707775257e-15      1.69818666869788 -3.95560465465728e-16 -5.61883946528935e-05     0.239568407009168 -6.14787819749774e-16
 2.15548576340368e-18  6.07603390455655e-18  1.21283422641131e-16 -4.26293766262322e-17 -2.12961678014031e-16 -3.95560465465728e-16      1.69818666869802    -0.239568407009057 -5.61883946514967e-05 -3.70431871984004e-16
-2.39449423342149e-18  5.92376166445878e-18 -3.85486574927096e-17 -2.27854262491151e-16 -1.02960915609384e-17 -5.61883946528935e-05    -0.239568407009057     0.308587039570165 -4.39320178052087e-16 -8.28926484728578e-17
 4.12489686203545e-17  4.78482571326704e-16  1.29323170073629e-16  4.67152941175628e-16 -8.01190062116659e-16     0.239568407009168 -5.61883946514967e-05 -4.39320178052087e-16     0.308587039570305  7.94682892277759e-16
 0.000639628237126163 -0.000299293266121808     0.121803657866158    -0.103295373136709     0.254825759808551 -6.14787819749774e-16 -3.70431871984004e-16 -8.28926484728578e-17  7.94682892277759e-16     0.130603949146438
TOTAL ENERGY: -126.977334884374	 lambda: 0.8	 population of target: 7.45084674852192
1RDM: 
     1.99999840910755  2.19844961058499e-07 -8.21495407883952e-05   2.6331090795845e-05 -0.000164107638223114 -3.57454360994978e-17  2.10281925743552e-18 -1.94289021759826e-18  4.51100212730456e-17  0.000733943949657774
 2.19844961058499e-07      1.99999891005913  3.84715912553332e-05   7.7867722122332e-06  3.25887335285471e-06 -6.66057059270033e-16  5.49930754907962e-18  5.86012094333494e-18  5.65289327451967e-16 -0.000298885845567215
-8.21495407883952e-05  3.84715912553332e-05      1.97894058332783   0.00305820754652855   -0.0238771303784801  4.15382964530084e-16  1.09923789095125e-16 -3.13875754946469e-17  9.08045544977884e-17     0.138491751871973
  2.6331090795845e-05   7.7867722122332e-06   0.00305820754652855      1.98436804011148    0.0207929006555193 -5.88128575985162e-19 -1.34743159872844e-18 -1.82341520714074e-16  2.24642390688421e-16    -0.115171389797921
-0.000164107638223114  3.25887335285471e-06   -0.0238771303784801    0.0207929006555193      1.87888007716742 -9.62195031560762e-16 -6.78969522212283e-17  1.16412189894419e-16 -1.38286761826357e-15      0.29095536479043
-3.57454360994978e-17 -6.66057059270033e-16  4.15382964530084e-16 -5.88128575985162e-19 -9.62195031560762e-16      1.69851595141479 -4.17062375138963e-16 -6.51791379452186e-05     0.277901850969954 -5.24559636743486e-16
 2.10281925743552e-18  5.49930754907962e-18  1.09923789095125e-16 -1.34743159872844e-18 -6.78969522212283e-17 -4.17062375138963e-16      1.69851595141495    -0.277901850969776  -6.5179137943742e-05 -3.70298027236123e-16
-1.94289021759826e-18  5.86012094333494e-18 -3.13875754946469e-17 -1.82341520714074e-16  1.16412189894419e-16 -6.51791379452186e-05    -0.277901850969776     0.308774478680903 -4.63950710452298e-16  9.98722197883818e-18
 4.51100212730456e-17  5.65289327451967e-16  9.08045544977884e-17  2.24642390688421e-16 -1.38286761826357e-15     0.277901850969954  -6.5179137943742e-05 -4.63950710452298e-16     0.308774478681058  5.03357323898044e-16
 0.000733943949657774 -0.000298885845567215     0.138491751871973    -0.115171389797921      0.29095536479043 -5.24559636743486e-16 -3.70298027236123e-16  9.98722197883818e-18  5.03357323898044e-16     0.143233120034897
TOTAL ENERGY: -126.869030130794	 lambda: 0.9	 population of target: 7.57824460626139
1RDM: 
     1.99999817583202  2.51166951474239e-07 -0.000107639296061182  3.25258491883654e-05 -0.000201022852609294 -3.60657044346909e-17  2.05094782606563e-18  -1.5102785031784e-18  4.89833870344048e-17  0.000828248108312512
 2.51166951474239e-07      1.99999894554431  4.76697848876667e-05  6.36391149097129e-06  1.57019680575438e-06 -6.67097962482025e-16  5.30661672568612e-18  6.30218257324667e-18  6.58886571998614e-16 -0.000305120049048776
-0.000107639296061182  4.76697848876667e-05      1.97430002902846   0.00412419390542412   -0.0286738072065757  3.36632108023575e-16  1.05965121129829e-16 -1.51941306200716e-17  4.14920535151597e-17     0.155369649414983
 3.25258491883654e-05  6.36391149097129e-06   0.00412419390542412       1.9830194847577    0.0244079633497727  1.47555716428682e-16  1.93678153684123e-18 -1.68746752352709e-16  3.48671831393975e-17    -0.126777028732556
-0.000201022852609294  1.57019680575438e-06   -0.0286738072065757    0.0244079633497727      1.86926672623343 -3.57831263189231e-16  9.26583954606367e-18  1.59774877638127e-16 -1.91122681458448e-15     0.322663861505569
-3.60657044346909e-17 -6.67097962482025e-16  3.36632108023575e-16  1.47555716428682e-16 -3.57831263189231e-16      1.69822424940793 -4.60973933497753e-16 -7.49314815339845e-05     0.319481918179238 -3.04056760820229e-16
 2.05094782606563e-18  5.30661672568612e-18  1.05965121129829e-16  1.93678153684123e-18  9.26583954606367e-18 -4.60973933497753e-16      1.69822424940806    -0.319481918179138 -7.49314815322952e-05  -3.9114849908918e-16
 -1.5102785031784e-18  6.30218257324667e-18 -1.51941306200716e-17 -1.68746752352709e-16  1.59774877638127e-16 -7.49314815339845e-05    -0.319481918179138     0.309799217454417 -5.02112104197754e-16  6.70424551344884e-17
 4.89833870344048e-17  6.58886571998614e-16  4.14920535151597e-17  3.48671831393975e-17 -1.91122681458448e-15     0.319481918179238 -7.49314815322952e-05 -5.02112104197754e-16     0.309799217454542  1.32823153646331e-16
 0.000828248108312512 -0.000305120049048776     0.155369649414983    -0.126777028732556     0.322663861505569 -3.04056760820229e-16  -3.9114849908918e-16  6.70424551344884e-17  1.32823153646331e-16     0.157369704879161
TOTAL ENERGY: -126.746619111678	 lambda: 1	 population of target: 7.70709011428011
1RDM: 
     1.99999791429871  2.95865480802393e-07 -0.000137142469495475  3.94308468345738e-05 -0.000237921882523736 -3.66866037332859e-17  2.01110477129214e-18 -1.15754640819844e-18  5.39046664627383e-17   0.00092377960825557
 2.95865480802393e-07      1.99999896812018  5.83438656829837e-05   4.7078602037618e-06 -3.83014666008397e-07 -6.70902982035568e-16  5.39872517437836e-18  7.03629827753739e-18  7.57312684991761e-16 -0.000320008811836367
-0.000137142469495475  5.83438656829837e-05       1.9690798061716   0.00535721991036633   -0.0336893503445518  3.37652934376057e-16  1.13839455956113e-16  6.66208326307155e-18 -6.48829278884747e-17     0.172464447581474
 3.94308468345738e-05   4.7078602037618e-06   0.00535721991036633      1.98144249386101    0.0280660355103262  1.16320064209535e-16 -1.70439707051086e-17 -1.68372319245727e-16 -6.64094044550932e-18    -0.138087220687111
-0.000237921882523736 -3.83014666008397e-07   -0.0336893503445518    0.0280660355103262      1.85947639295934 -3.31997113610273e-16  1.51186133901226e-17  1.44749932197585e-16 -1.86909482295836e-15     0.349079685572473
-3.66866037332859e-17 -6.70902982035568e-16  3.37652934376057e-16  1.16320064209535e-16 -3.31997113610273e-16      1.69567343847051 -4.95772519653834e-16 -8.53494032538997e-05     0.363903783036341 -3.52113715749844e-16
 2.01110477129214e-18  5.39872517437836e-18  1.13839455956113e-16 -1.70439707051086e-17  1.51186133901226e-17 -4.95772519653834e-16      1.69567343847061    -0.363903783036392 -8.53494032520634e-05 -4.46723020389447e-16
-1.15754640819844e-18  7.03629827753739e-18  6.66208326307155e-18 -1.68372319245727e-16  1.44749932197585e-16 -8.53494032538997e-05    -0.363903783036392     0.313279677345317 -5.33001310851883e-16  8.44575170244778e-17
 5.39046664627383e-17  7.57312684991761e-16 -6.48829278884747e-17 -6.64094044550932e-18 -1.86909482295836e-15     0.363903783036341 -8.53494032520634e-05 -5.33001310851883e-16     0.313279677345422  1.09226961929664e-16
  0.00092377960825557 -0.000320008811836367     0.172464447581474    -0.138087220687111     0.349079685572473 -3.52113715749844e-16 -4.46723020389447e-16  8.44575170244778e-17  1.09226961929664e-16     0.172098192957336
-------------------general-----------------------
mullikenoperator: 
  0.00392492955953218    0.0637274692641052  0.000111696539270304   0.00380318386727366  -0.00527185884562096 -6.50976129580492e-17  8.16789052872189e-18 -1.06700295348521e-17   9.7603897540682e-17   -0.0127099588546287
   0.0637274692641052     0.996054768914525  0.000441449860999098  3.31101319823084e-05  -0.00597512021329852 -1.35144812252938e-15  4.13571327856007e-18  3.22320962315378e-17  1.05526516939207e-15    0.0110407914883699
 0.000111696539270304  0.000441449860999087    0.0780061237279421    -0.275705271359092    0.0150670298595874 -1.27566585963983e-15 -2.05179126215525e-16  3.37030799688426e-16 -1.72790412734702e-15     0.191872986715139
  0.00380318386727366  3.31101319823252e-05    -0.275705271359092     0.878265433877744     0.181890908084002 -5.94436742417524e-16 -2.00443023128267e-16  6.02818415691144e-17 -3.95064252889829e-16    -0.152438106610163
 -0.00527185884562096  -0.00597512021329852    0.0150670298595874     0.181890908084002      0.45674230046505 -1.85533024748948e-16  9.96519087110583e-17 -2.49155841350842e-16  3.55862185637412e-16     0.505318760303745
-6.50976129580492e-17 -1.35144812252938e-15 -1.27566585963983e-15 -5.94436742417524e-16 -1.85533024748949e-16     0.382358783138864  -1.6389782483215e-16 -0.000114720657329458     0.489130991146775 -6.51224229786527e-16
 8.16789052872189e-18  4.13571327856008e-18 -2.05179126215526e-16 -2.00443023128267e-16  9.96519087110583e-17 -1.64067098724948e-16     0.382358783138887    -0.489130991146781 -0.000114720657329375 -2.18680329264373e-16
-1.06700295348522e-17  3.22320962315377e-17  3.37030799688426e-16  6.02818415691143e-17 -2.49155841350842e-16 -0.000114720657329457    -0.489130991146781     0.617641216861114 -3.76743634311019e-16  1.46440509756147e-16
 9.76038975406819e-17  1.05526516939207e-15 -1.72790412734702e-15 -3.95064252889829e-16  3.55862185637411e-16     0.489130991146775 -0.000114720657329375 -3.76585889195098e-16     0.617641216861136  1.91891071794328e-18
  -0.0127099588546287    0.0110407914883699     0.191872986715139    -0.152438106610163     0.505318760303745 -6.51224229786526e-16 -2.18680329264373e-16  1.46440509756147e-16  1.91891071794363e-18     0.587006443455208
selected BF: 
0 1 2 3 4
selected lambdas: 
  -1 -0.9 -0.8 -0.7 -0.6 -0.5 -0.4 -0.3 -0.2 -0.1    0  0.1  0.2  0.3  0.4  0.5  0.6  0.7  0.8  0.9    1
RHF C: 
  0.00040932081808348     0.995022381102988     -0.11970233360998    -0.216454075260766    0.0712898975162664 -2.92025242744112e-17  3.35836215802215e-19 -2.13665075057777e-17 -9.17837847505891e-17    0.0780133659159031
 -0.00331241025977963    0.0208563213089267     0.411279675458908     0.871859969771826    -0.329773913008523   1.6060396907123e-16 -2.46308760722642e-17  8.26613920928107e-17  4.53165428154231e-16    -0.422138427254823
-1.46430793684599e-17  3.95627856468647e-20 -2.52045972349715e-16  2.71969979865558e-16  1.83556339421047e-16  -0.00540221325217161    -0.532171684682395    -0.853617688679996   -0.0213386491934546 -8.97399951887154e-17
 2.11107307940118e-17 -1.07284458831755e-18 -7.21219502700795e-17  3.74967662775285e-17 -6.84570344102251e-16    -0.532171684682303   0.00540221325217286    0.0213386491934548    -0.853617688680053 -4.79445504716148e-16
 -0.00338164634165317    0.0029613381227708     0.162871331550832   -0.0411837499716378     0.653663319662121 -2.19501495817562e-16  6.19552194534619e-16 -3.01994429544063e-16  -2.8922315104993e-16    -0.869554419264308
    0.994966740324209  0.000451585420345913     -0.20762787748368     0.148597049349637    0.0578759135476581  5.12512275971367e-17  1.01160270233075e-16  -2.6233066165723e-18  2.66801789957084e-17   -0.0713327399957099
    0.021111902631974   -0.0035271476507359     0.763804235928113    -0.641654194516235    -0.285857092600369 -1.35455669952669e-16 -5.49082550068875e-16   1.8883746260274e-17 -1.47503035270252e-16     0.413633387131273
-1.92124728887551e-19 -7.63453935028097e-20  -4.0548339996115e-17  1.65763268332174e-16  8.11414927068457e-16    -0.008017723302546    -0.789825413781375     0.623075689880434    0.0155755834768221 -1.61382787582928e-16
 2.74200224649245e-18  -3.5092752490734e-20 -5.56098338462874e-17 -2.11203650125533e-17  1.54958293835314e-16    -0.789825413781443     0.008017723302545   -0.0155755834768219     0.623075689880349  1.42361147330316e-16
 -0.00276051870221476   0.00267371041026347    -0.143920147512679    -0.193302242322454    -0.583652084127568  3.67763140749045e-16 -4.97637003378136e-16 -2.66221537327508e-17  7.91074155919438e-16    -0.885143574938137
RDM (no constraint): 
     1.99999762225208 -3.85193993499292e-08 -5.20512467015217e-05  6.66342572938033e-05  2.89958046912835e-05  3.63846715841707e-18 -3.95870597700409e-18 -7.55168556351561e-18 -2.53980248457344e-17 -0.000259064158486146
-3.85193993499292e-08      1.99999344620869 -7.18397707132623e-05 -0.000265173495887147  0.000180988377864874  5.07205210604802e-19  2.67677319219845e-19  4.19797104360776e-19 -3.55236495238088e-18 -0.000138267057230302
-5.20512467015217e-05 -7.18397707132623e-05      1.98896734406511  -0.00394722585550007   -0.0228132072701562 -9.78624053373496e-17 -6.83114197978012e-17 -1.82070675331885e-17 -8.62932641371235e-16    0.0331933191228034
 6.66342572938033e-05 -0.000265173495887147  -0.00394722585550007      1.98136665287343   0.00388434297288886  3.16464275167498e-16  1.40630598895961e-16  2.92082691180159e-16  1.07506118900727e-15   -0.0287577469229315
 2.89958046912835e-05  0.000180988377864874   -0.0228132072701562   0.00388434297288886      1.90767937078338  4.67691413218965e-16   2.4197332519922e-16  1.38111798518479e-16 -8.78748460574149e-16     0.188037275752536
 3.63846715841707e-18  5.07205210604802e-19 -9.78624053373496e-17  3.16464275167498e-16  4.67691413218965e-16      1.77577945716629  1.16236237230543e-15   -0.0012561582732235    0.0846303960345182  5.92018648043913e-16
-3.95870597700409e-18  2.67677319219845e-19 -6.83114197978012e-17  1.40630598895961e-16   2.4197332519922e-16  1.16236237230543e-15      1.77577945716625    0.0846303960343813    0.0012561582732195  6.76430136065253e-16
-7.55168556351561e-18  4.19797104360776e-19 -1.82070675331885e-17  2.92082691180159e-16  1.38111798518479e-16   -0.0012561582732235    0.0846303960343813     0.234136369940328 -6.59564041112895e-16  1.66385280268085e-16
-2.53980248457344e-17 -3.55236495238088e-18 -8.62932641371235e-16  1.07506118900727e-15 -8.78748460574149e-16    0.0846303960345182    0.0012561582732195 -6.59564041112895e-16     0.234136369940291  3.17681566722968e-16
-0.000259064158486146 -0.000138267057230302    0.0331933191228034   -0.0287577469229315     0.188037275752536  5.92018648043913e-16  6.76430136065253e-16  1.66385280268085e-16  3.17681566722968e-16      0.10216390960418
RDM Eigenvectors: 
    0.997740731664247   -0.0637229934682056    -0.021118302430199  -0.00260466015156354  -0.00016539028553504  8.72884188496294e-18 -2.08893947327293e-17  4.17185477395109e-18 -1.49008650404812e-17  0.000134816758752477
  -0.0638930182505917    -0.997801441687333  -0.00966491557663781    0.0146105396194024   0.00175495664456845  2.23658045465096e-15 -1.92764198997032e-17 -4.63395574629118e-19  2.37392017984146e-17   8.2774462139475e-05
  -0.0178708917865683    0.0137181700429901    -0.918702510996604     0.283883528675716    -0.273030984523644 -3.33035879226137e-16  -4.8232547368206e-17 -1.20240421525876e-17 -4.35639124260262e-16    -0.018503052792247
  0.00943416287552178    0.0104968227260301     0.296425579018809     0.954812803859093  -0.00577814060745745  1.77969113194479e-15  6.76338229581813e-16 -1.45322334435574e-16   5.5677238656189e-16    0.0152253756840066
  0.00476751921983201  -0.00575544481808491     0.259905925508252    -0.084823170955389    -0.956377199009852  3.29445118168549e-15  2.11311466035481e-15 -1.66012383375542e-16 -2.29204616426565e-16    -0.102668098181846
-9.50202668213125e-17 -2.22793846906987e-15  1.62143101066041e-15  1.32073324891492e-15 -3.04927275854939e-15      -0.9982836934189    0.0210331538207854   0.00113849198761784    0.0546441005989114 -1.85297676364158e-16
-2.41056643150371e-18 -4.77274208196872e-18  8.22951205955509e-16  4.75281874471862e-16 -2.05071293609707e-15   -0.0210331538207855    -0.998283693418905   -0.0546441005988264   0.00113849198761483 -3.40582058744592e-16
-2.18144894614364e-18  3.15096623122945e-18  1.17928538920329e-16  1.70410885043569e-16 -1.87136706318655e-16 -0.000340199156465639   -0.0546549005926684     0.998487333470699  -0.00598088658247346 -8.36178784476429e-16
-9.27414151751154e-18 -1.41794675749161e-16  5.80829359100678e-16  5.51265789921114e-16  4.60004229608453e-16   -0.0546549005927534  0.000340199156469603    -0.005980886582473    -0.998487333470695    -2.77053976308e-15
-0.000114695254635594 -0.000407980890380954   0.00520470815322617   -0.0180950070450356    -0.103731579417603 -3.92800277386903e-17 -1.76076213141512e-16  7.89288564886595e-16 -2.81660573437426e-15     0.994427001625157
Total C: 
  -0.0627385344598573    -0.997217159580615    0.0551175619934324    -0.233576583152974    -0.040593180647698  2.14606071864819e-15  -2.2717129156995e-17  6.13387509013008e-17 -1.90649188003255e-16    0.0692610809665437
  -0.0052859517629242   -0.0037354067350255    -0.207440997689165     0.985143004478933     0.241884662601291  2.06839955817786e-16 -2.94163072274613e-17 -3.28757133697028e-16  1.12715941581528e-15     -0.38026284416861
-2.80085199324064e-18  1.41827032739423e-17 -2.00047355690933e-16 -2.43073999229579e-16  1.15873865766737e-15    0.0180428520690907     0.577791819863889    -0.823124933035732    0.0255106892303724  8.55862962520481e-16
  7.7989600439952e-17  1.30999073991675e-15 -1.45520479310533e-15  -1.0852226605922e-15  1.93890783944572e-15      0.57779181986387   -0.0180428520690916    0.0255106892303716     0.823124933035745  2.03932721838494e-15
 -0.00364631906688615   -0.0043447023015017   0.00356976844254712   -0.0327454108439843     -0.57917363964855  2.28867924716262e-15  8.91978526072621e-16 -1.12474707332557e-15  2.48490964414271e-15    -0.935459629470704
    0.998086480470917   -0.0654453285545225     0.228450872507778    0.0767368264329323   0.00771471753357679  4.82022327569706e-16  1.24825548804358e-16 -8.91059030209551e-17  3.22312809948221e-16   -0.0706388416752726
 0.000175961291089084   0.00739322563894364    -0.964466454709659    -0.379172115743017    0.0256360249349478 -2.20718726576559e-15 -6.03859497126215e-16  5.07671588422147e-16 -1.65077907633447e-15     0.416777030995568
 7.15072090272057e-18  1.80553290012233e-17 -2.84018072983381e-16 -1.90359105074251e-16  7.85552724211185e-16    0.0235532300601942     0.754252352126508      0.66519019959334   -0.0206158990304168   -5.341852004636e-16
 7.35406118862275e-17  1.66917205372261e-15 -8.28199138732713e-16 -7.50192388180108e-16  2.53382208881552e-15     0.754252352126523   -0.0235532300601934   -0.0206158990304176    -0.665190199593323 -1.44324363203999e-15
 -0.00485782759498453  -0.00277500498620459   -0.0813490210009935    -0.159853861007844      0.69042562236674 -2.57806876866868e-15 -6.95018703419491e-16 -5.75632935109225e-16  1.81186395297116e-15    -0.820568509778124
Basis set used: STO-3G
Naturals: 
  1.99999935542101   1.99999820847191   1.99650492154885   1.98038875339104   1.92158478658018   1.78041244733622   1.78041244733616  0.229503379770417  0.229503379770365 0.0816923203738833
Naturals: 
   1.999999355421  1.99999820847195  1.99650492156394  1.98038875346358  1.92158478729951  1.78041244861739  1.78041244861754 0.229503378350706 0.229503378350861 0.081692319843558
Version: Tmhuysen's fci hack
