Naturals in-correctTOTAL ENERGY: -126.678138950071	 lambda: -1	 population of target: 5.26278029582772
1RDM: 
     1.99999928704933 -8.94959821022678e-07 -7.18888668186748e-05  9.72717155358113e-05  1.24142690492224e-05  8.16774344766977e-15  9.35393884363766e-16  3.53030495629401e-16   3.2869537002738e-15  0.000819790776009691
-8.94959821022678e-07      1.99999564470456 -0.000142357409669023   0.00025241912325025 -0.000310871089661179 -3.29551832922196e-14 -3.78565537772434e-15  7.26678387762126e-15  6.55269547041829e-14   0.00198728801750528
-7.18888668186748e-05 -0.000142357409669023      1.98845780818504    0.0173446943182792  -0.00408362574761289 -1.80561253864851e-12 -2.04810377291216e-13    4.964402861661e-13   4.5090786755245e-12       0.1288501159192
 9.72717155358113e-05   0.00025241912325025    0.0173446943182792      1.93541051921446    0.0112545776151874 -7.68931152581354e-12  -8.8036043904481e-13  1.02515609483553e-12  9.29523503679828e-12    -0.151551104923713
 1.24142690492224e-05 -0.000310871089661179  -0.00408362574761289    0.0112545776151874      1.88764151867239  6.37809344308345e-12  7.25922332771888e-13 -1.51672958838838e-12  -1.3754095185177e-11     0.200287513038518
 8.16774344766977e-15 -3.29551832922196e-14 -1.80561253864851e-12 -7.68931152581354e-12  6.37809344308345e-12       1.7172481691196  9.65976349086576e-16  -0.00171069467793697     0.469609997866921  2.27946070230135e-12
 9.35393884363766e-16 -3.78565537772434e-15 -2.04810377291216e-13  -8.8036043904481e-13  7.25922332771888e-13  9.65976349086576e-16      1.71724816911956     0.469609997866972    0.0017106946779327  2.59443768580908e-13
 3.53030495629401e-16  7.26678387762126e-15    4.964402861661e-13  1.02515609483553e-12 -1.51672958838838e-12  -0.00171069467793697     0.469609997866972     0.307095824034141 -8.94505521985556e-16 -5.44072980704863e-13
  3.2869537002738e-15  6.55269547041829e-14   4.5090786755245e-12  9.29523503679828e-12  -1.3754095185177e-11     0.469609997866921    0.0017106946779327 -8.94505521985556e-16     0.307095824034102 -4.93551496745449e-12
 0.000819790776009691   0.00198728801750528       0.1288501159192    -0.151551104923713     0.200287513038518  2.27946070230135e-12  2.59443768580908e-13 -5.44072980704863e-13 -4.93551496745449e-12      0.13980723586685
TOTAL ENERGY: -126.794680964757	 lambda: -0.9	 population of target: 5.38551586219281
1RDM: 
     1.99999937021702 -7.94171911172542e-07 -5.94113193399821e-05   8.5946443224162e-05  6.00553580175769e-06   1.6727702482285e-14  1.91302536940994e-15    -1.09203617015e-15 -9.79844455825844e-15  0.000758062752759498
-7.94171911172542e-07      1.99999604532317 -0.000122246684158078  0.000219634514407033  -0.00025500230063182 -4.64092510959653e-14  -5.3327541789351e-15  9.84704935874099e-15  8.87896906159109e-14   0.00183287205827977
-5.94113193399821e-05 -0.000122246684158078      1.99014998373422     0.014986346167857  -0.00273774597768515 -2.48341701708091e-12 -2.82058712910176e-13  6.51439899952001e-13  5.90933482215772e-12     0.118300783407782
  8.5946443224162e-05  0.000219634514407033     0.014986346167857      1.94119688841555     0.007521958319822 -1.09173032820051e-11 -1.25119927015891e-12  1.52510523223526e-12  1.38076945986335e-11    -0.137757666700316
 6.00553580175769e-06  -0.00025500230063182  -0.00273774597768515     0.007521958319822      1.89499876356416  1.03634861983743e-11  1.18116840815852e-12 -2.39660039349852e-12 -2.17002345047067e-11     0.173363758757901
  1.6727702482285e-14 -4.64092510959653e-14 -2.48341701708091e-12 -1.09173032820051e-11  1.03634861983743e-11      1.72324471774892  3.60459969531256e-16  -0.00153477800728106     0.421318419699876  3.69375676707794e-12
 1.91302536940994e-15  -5.3327541789351e-15 -2.82058712910176e-13 -1.25119927015891e-12  1.18116840815852e-12  3.60459969531256e-16      1.72324471774893     0.421318419699639   0.00153477800728029  4.20529000609139e-13
   -1.09203617015e-15  9.84704935874099e-15  6.51439899952001e-13  1.52510523223526e-12 -2.39660039349852e-12  -0.00153477800728106     0.421318419699639     0.299453588458782 -4.24128898625779e-16 -8.49119500436487e-13
-9.79844455825844e-15  8.87896906159109e-14  5.90933482215772e-12  1.38076945986335e-11 -2.17002345047067e-11     0.421318419699876   0.00153477800728029 -4.24128898625779e-16     0.299453588458802 -7.69537097187023e-12
 0.000758062752759498   0.00183287205827977     0.118300783407782    -0.137757666700316     0.173363758757901  3.69375676707794e-12  4.20529000609139e-13 -8.49119500436487e-13 -7.69537097187023e-12     0.128262336330511
TOTAL ENERGY: -126.90389367937	 lambda: -0.8	 population of target: 5.51404258346301
1RDM: 
     1.99999942368268 -7.21631302977784e-07 -4.99246652087169e-05  7.61594704192994e-05  3.75847754757783e-06  -5.1412784594441e-14 -5.86433650502547e-15  9.83873030796552e-15  8.93584414224462e-14  0.000723521582085139
-7.21631302977784e-07      1.99999646477802 -0.000104036061794937  0.000186744882282159 -0.000199480582168087  7.57856549472722e-14  8.68287354110122e-15 -1.44635386933674e-14 -1.30749880317818e-13    0.0016561051322765
-4.99246652087169e-05 -0.000104036061794937       1.9915414978297      0.01270923618942  -0.00100978819501595  3.15515390733015e-12  3.59157787817525e-13 -6.66737815234323e-13 -6.01718321533124e-12      0.10872277645184
 7.61594704192994e-05  0.000186744882282159      0.01270923618942      1.94700016341471   0.00454793586524632  1.76070709980149e-11  2.01991353276447e-12 -2.52621033119527e-12 -2.28268443232409e-11    -0.121715026170024
 3.75847754757783e-06 -0.000199480582168087  -0.00100978819501595   0.00454793586524632      1.89629309429924 -1.86621681237221e-11 -2.13066419487628e-12  3.98649530213865e-12  3.59865088430566e-11     0.139029695240247
 -5.1412784594441e-14  7.57856549472722e-14  3.15515390733015e-12  1.76070709980149e-11 -1.86621681237221e-11      1.72616373391147  7.87439135354831e-16  -0.00136774615461093     0.375465764658801 -7.32087514486991e-12
-5.86433650502547e-15  8.68287354110122e-15  3.59157787817525e-13  2.01991353276447e-12 -2.13066419487628e-12  7.87439135354831e-16      1.72616373391143     0.375465764658822   0.00136774615460497 -8.33179099339205e-13
 9.83873030796552e-15 -1.44635386933674e-14 -6.66737815234323e-13 -2.52621033119527e-12  3.98649530213865e-12  -0.00136774615461093     0.375465764658822     0.294903768655284 -7.26470454632766e-16  1.50878681616321e-12
 8.93584414224462e-14 -1.30749880317818e-13 -6.01718321533124e-12 -2.28268443232409e-11  3.59865088430566e-11     0.375465764658801   0.00136774615460497 -7.26470454632766e-16     0.294903768655242  1.36576723612463e-11
 0.000723521582085139    0.0016561051322765      0.10872277645184    -0.121715026170024     0.139029695240247 -7.32087514486991e-12 -8.33179099339205e-13  1.50878681616321e-12  1.36576723612463e-11      0.12303435086226
TOTAL ENERGY: -127.001482235798	 lambda: -0.7	 population of target: 5.64414777657015
1RDM: 
     1.99999945370274 -6.47974767907085e-07 -4.24902885912195e-05  6.60402445978097e-05  1.02487273069512e-05  3.29743639419817e-15  3.80370751249542e-16  8.15300914503958e-16  7.55416130378822e-15  0.000701095923831167
-6.47974767907085e-07      1.99999689262584 -8.64201641767046e-05   0.00015589145626918 -0.000156353298098453 -1.97787652248022e-14 -2.28589806116897e-15  3.76886294214106e-15  3.38449010275702e-14   0.00145811923626112
-4.24902885912195e-05 -8.64201641767046e-05      1.99271087489692    0.0104904210550576  0.000987494376717937 -1.44108715398518e-12 -1.63998161343917e-13  3.87614666455579e-13  3.51783078041767e-12    0.0992341402884603
 6.60402445978097e-05   0.00015589145626918    0.0104904210550576      1.95243836833134   0.00330492042966574 -4.66111884538788e-12 -5.34230445388407e-13  7.51159663315137e-13  6.79147054958469e-12     -0.10439706419427
 1.02487273069512e-05 -0.000156353298098453  0.000987494376717937   0.00330492042966574      1.88972468136822   7.2724794980172e-12  8.30078592053277e-13 -1.75169106839571e-12 -1.58441665946345e-11     0.105168391042756
 3.29743639419817e-15 -1.97787652248022e-14 -1.44108715398518e-12 -4.66111884538788e-12   7.2724794980172e-12      1.72534252862449  5.60222071386872e-16  -0.00120476047818491     0.330723894602223  1.89524982897764e-12
 3.80370751249542e-16 -2.28589806116897e-15 -1.63998161343917e-13 -5.34230445388407e-13  8.30078592053277e-13  5.60222071386872e-16      1.72534252862449     0.330723894602197   0.00120476047817945  2.15623566161287e-13
 8.15300914503958e-16  3.76886294214106e-15  3.87614666455579e-13  7.51159663315137e-13 -1.75169106839571e-12  -0.00120476047818491     0.330723894602197     0.294064559051175  -6.4813648320474e-16 -5.20476498280264e-13
 7.55416130378822e-15  3.38449010275702e-14  3.51783078041767e-12  6.79147054958469e-12 -1.58441665946345e-11     0.330723894602223   0.00120476047817945  -6.4813648320474e-16     0.294064559051178 -4.71432733556517e-12
 0.000701095923831167   0.00145811923626112    0.0992341402884603     -0.10439706419427     0.105168391042756  1.89524982897764e-12  2.15623566161287e-13 -5.20476498280264e-13 -4.71432733556517e-12     0.126315553723611
TOTAL ENERGY: -127.083870839119	 lambda: -0.6	 population of target: 5.77083212389419
1RDM: 
     1.99999947601778 -5.51776553100322e-07 -3.57151629153841e-05  5.45425319523009e-05  2.45555420450154e-05  3.94455137288994e-15  4.52592608675421e-16  5.96094958479631e-16  5.57262999046349e-15  0.000669052813491429
-5.51776553100322e-07      1.99999730711741 -6.87850019341587e-05  0.000128503485066156 -0.000130755248592014 -2.03619670868739e-14 -2.35365276220369e-15  3.31756875345342e-15  2.98039343714064e-14    0.0012485932911266
-3.57151629153841e-05 -6.87850019341587e-05      1.99374969792796   0.00836043702895367   0.00296473827671339 -1.51536470220047e-12 -1.72584410866705e-13  3.93353857563527e-13  3.56974000335217e-12    0.0888468990242549
 5.45425319523009e-05  0.000128503485066156   0.00836043702895367      1.95727591048686   0.00380296376496797  -4.6670718676839e-12 -5.34265185480657e-13  7.98708446116865e-13  7.22103531762934e-12   -0.0873962148644948
 2.45555420450154e-05 -0.000130755248592014   0.00296473827671339   0.00380296376496797      1.87794846162095  9.14212055522895e-12  1.04337972258006e-12 -2.20363727179125e-12  -1.9921583034198e-11    0.0790150337341407
 3.94455137288994e-15 -2.03619670868739e-14 -1.51536470220047e-12  -4.6670718676839e-12  9.14212055522895e-12      1.72084919870419  5.95685479144551e-16  -0.00104036010084628     0.285593665883896  2.28842083924215e-12
 4.52592608675421e-16 -2.35365276220369e-15 -1.72584410866705e-13 -5.34265185480657e-13  1.04337972258006e-12  5.95685479144551e-16      1.72084919870416     0.285593665883681    0.0010403601008415  2.59853075151321e-13
 5.96094958479631e-16  3.31756875345342e-15  3.93353857563527e-13  7.98708446116865e-13 -2.20363727179125e-12  -0.00104036010084628     0.285593665883681     0.296828186473481 -5.61567182189582e-16 -6.37468326505647e-13
 5.57262999046349e-15  2.98039343714064e-14  3.56974000335217e-12  7.22103531762934e-12  -1.9921583034198e-11     0.285593665883896    0.0010403601008415 -5.61567182189582e-16      0.29682818647346 -5.77662111064761e-12
 0.000669052813491429    0.0012485932911266    0.0888468990242549   -0.0873962148644948    0.0790150337341407  2.28842083924215e-12  2.59853075151321e-13 -6.37468326505647e-13 -5.77662111064761e-12     0.135674376473811
TOTAL ENERGY: -127.150535650924	 lambda: -0.5	 population of target: 5.89196121878598
1RDM: 
     1.99999950696722 -4.29866031449054e-07 -2.85172957653048e-05  4.19156282826709e-05  4.07000510112399e-05 -5.31988820704761e-15 -6.03205212600183e-16  2.24390781423764e-15  2.05245016757064e-14  0.000609188845630537
-4.29866031449054e-07      1.99999768997955 -5.13652569041305e-05  0.000104317125144904 -0.000118894682572716 -2.92513236062391e-15 -3.53412358360001e-16  5.80132685024207e-16  5.08852000063434e-15   0.00103915611859674
-2.85172957653048e-05 -5.13652569041305e-05      1.99472053667954   0.00637362561732275   0.00455132268604208 -5.33378131218858e-13 -6.08066019163725e-14  1.81720099796912e-13  1.65358445820164e-12    0.0768006590466587
 4.19156282826709e-05  0.000104317125144904   0.00637362561732275      1.96158685487126   0.00513855416289445 -7.66333491693218e-13 -8.79701368722732e-14  1.65702700277164e-13  1.49637094444268e-12   -0.0719897019306265
 4.07000510112399e-05 -0.000118894682572716   0.00455132268604208   0.00513855416289445      1.86635385344687  2.09081541109515e-12  2.39617199688638e-13 -6.24360864837255e-13 -5.64213565733136e-12    0.0638764832618173
-5.31988820704761e-15 -2.92513236062391e-15 -5.33378131218858e-13 -7.66333491693218e-13  2.09081541109515e-12      1.71311495932357   6.5520109485417e-16 -0.000869065064423936     0.238570502677453  2.79810407617939e-13
-6.03205212600183e-16 -3.53412358360001e-16 -6.08066019163725e-14 -8.79701368722732e-14  2.39617199688638e-13   6.5520109485417e-16       1.7131149593235     0.238570502677454  0.000869065064422995  3.21749013185977e-14
 2.24390781423764e-15  5.80132685024207e-16  1.81720099796912e-13  1.65702700277164e-13 -6.24360864837255e-13 -0.000869065064423936     0.238570502677454     0.302725228360551 -4.36001129887447e-16  -1.3329492938412e-13
 2.05245016757064e-14  5.08852000063434e-15  1.65358445820164e-12  1.49637094444268e-12 -5.64213565733136e-12     0.238570502677453  0.000869065064422995 -4.36001129887447e-16     0.302725228360489  -1.2021288648281e-12
 0.000609188845630537   0.00103915611859674    0.0768006590466587   -0.0719897019306265    0.0638764832618173  2.79810407617939e-13  3.21749013185977e-14  -1.3329492938412e-13  -1.2021288648281e-12     0.145661182687503
TOTAL ENERGY: -127.203458111822	 lambda: -0.4	 population of target: 6.00953946761491
1RDM: 
     1.99999955338208 -2.95789075245907e-07 -2.07062073552485e-05  2.92914585717759e-05  5.14553587851796e-05 -6.67947099890896e-15 -7.65138894295521e-16  2.48620962754718e-15  2.26106089814521e-14   0.00051385466662686
-2.95789075245907e-07      1.99999803465651 -3.50064303808191e-05  8.17380631579407e-05 -0.000111209098682693  5.56669352792272e-16  5.94333015049988e-17  1.52043179231395e-16  1.33090877819453e-15  0.000836372211944103
-2.07062073552485e-05 -3.50064303808191e-05      1.99562877568062    0.0045776227721469    0.0054270080491294 -3.10029076605701e-13 -3.45668171004836e-14  1.31888731201098e-13  1.21500300077622e-12    0.0627804960595365
 2.92914585717759e-05  8.17380631579407e-05    0.0045776227721469      1.96569132514428   0.00608579139968149 -4.28518182427612e-14 -2.68045313639328e-15   3.4555006018274e-14  3.51179558118546e-13   -0.0584544486296754
 5.14553587851796e-05 -0.000111209098682693    0.0054270080491294   0.00608579139968149      1.85981461854055  1.93886809098102e-13  1.55797498169863e-14 -1.64658031859583e-13 -1.64200661471037e-12    0.0580335656957624
-6.67947099890896e-15  5.56669352792272e-16 -3.10029076605701e-13 -4.28518182427612e-14  1.93886809098102e-13      1.70180759740807  1.51475035712323e-15 -0.000687845955211996     0.188821331643004 -1.20099250212428e-13
-7.65138894295521e-16  5.94333015049988e-17 -3.45668171004836e-14 -2.68045313639328e-15  1.55797498169863e-14  1.51475035712323e-15      1.70180759740808     0.188821331643119  0.000687845955218853 -1.50188729249078e-14
 2.48620962754718e-15  1.52043179231395e-16  1.31888731201098e-13   3.4555006018274e-14 -1.64658031859583e-13 -0.000687845955211996     0.188821331643119     0.312066087950685 -1.41345006496419e-15 -7.79670772070692e-16
 2.26106089814521e-14  1.33090877819453e-15  1.21500300077622e-12  3.51179558118546e-13 -1.64200661471037e-12     0.188821331643004  0.000687845955218853 -1.41345006496419e-15     0.312066087950689 -4.51284023319353e-14
  0.00051385466662686  0.000836372211944103    0.0627804960595365   -0.0584544486296754    0.0580335656957624 -1.20099250212428e-13 -1.50188729249078e-14 -7.79670772070692e-16 -4.51284023319353e-14      0.15112032187849
TOTAL ENERGY: -127.244969795128	 lambda: -0.3	 population of target: 6.12823174912981
1RDM: 
     1.99999960832085 -1.70531111751065e-07 -1.30365381196788e-05  1.79519925399209e-05  5.19560741526903e-05  -6.1187264891764e-15 -7.00098000477439e-16  2.31169752412657e-15  2.10544279352907e-14  0.000387817565098522
-1.70531111751065e-07      1.99999834258759 -2.07886423097725e-05  5.91837976942451e-05   -9.770658647044e-05  2.33239284321819e-16   1.8511602834058e-17  1.57563702526103e-16  1.35956081808839e-15  0.000638721041242045
-1.30365381196788e-05 -2.07886423097725e-05      1.99642407735961   0.00300460210595513   0.00539410196339016 -3.13653739098618e-13  -3.5179456160904e-14  1.27336777013412e-13  1.17054756513274e-12    0.0470326679570217
 1.79519925399209e-05  5.91837976942451e-05   0.00300460210595513      1.96994208892786   0.00575418834798332 -1.26206091496418e-13 -1.29274775472109e-14  5.00793871219255e-14  4.81779305350093e-13   -0.0459452114141361
 5.19560741526903e-05   -9.770658647044e-05   0.00539410196339016   0.00575418834798332      1.86008182964761  3.75063200537704e-13  3.75812512823553e-14 -1.95778186431067e-13 -1.90167397303093e-12    0.0556001088792588
 -6.1187264891764e-15  2.33239284321819e-16 -3.13653739098618e-13 -1.26206091496418e-13  3.75063200537704e-13      1.68524419889749  2.65783070784371e-15 -0.000499143537107823      0.13702474341497  4.42733443984822e-14
-7.00098000477439e-16   1.8511602834058e-17  -3.5179456160904e-14 -1.29274775472109e-14  3.75812512823553e-14  2.65783070784371e-15      1.68524419889747     0.137024743414901  0.000499143537125768  4.03139382113712e-15
 2.31169752412657e-15  1.57563702526103e-16  1.27336777013412e-13  5.00793871219255e-14 -1.95778186431067e-13 -0.000499143537107823     0.137024743414901     0.326556921334196 -2.34879121188084e-15 -2.10286734757407e-14
 2.10544279352907e-14  1.35956081808839e-15  1.17054756513274e-12  4.81779305350093e-13 -1.90167397303093e-12      0.13702474341497  0.000499143537125768 -2.34879121188084e-15     0.326556921334177 -2.21902879042907e-13
 0.000387817565098522  0.000638721041242045    0.0470326679570217   -0.0459452114141361    0.0556001088792588  4.42733443984822e-14  4.03139382113712e-15 -2.10286734757407e-14 -2.21902879042907e-13     0.149951812693198
TOTAL ENERGY: -127.275974209097	 lambda: -0.2	 population of target: 6.2524819128893
1RDM: 
     1.99999965640154 -7.33469287708122e-08 -6.67147178866929e-06  8.92070284135613e-06  4.11017509759053e-05 -5.99772209090267e-15 -6.82372318566912e-16  2.18169225509787e-15  1.99519056981426e-14  0.000246610761630634
-7.33469287708122e-08      1.99999861292669 -9.74796632439634e-06  3.64982395170421e-05 -7.26124826762162e-05   5.2184962077358e-16  4.10424255884635e-17  1.20572302928724e-16  1.00856230509757e-15  0.000438232295602371
-6.67147178866929e-06 -9.74796632439634e-06      1.99703445346466   0.00168640532836079    0.0043819107611761 -2.91894086202465e-13 -3.32921107835186e-14  1.16125670872225e-13  1.05995616042952e-12    0.0304175630065418
 8.92070284135613e-06  3.64982395170421e-05   0.00168640532836079      1.97450208909753   0.00401860540408459 -1.07767461323726e-13 -1.26629479292195e-14   4.7349376211019e-14  4.29341568844829e-13   -0.0328721165261075
 4.11017509759053e-05 -7.26124826762162e-05    0.0043819107611761   0.00401860540408459      1.86465409142627  2.31873193679268e-13  2.82883536787894e-14  -1.5438454777497e-13 -1.39562389250598e-12    0.0486864813432709
-5.99772209090267e-15   5.2184962077358e-16 -2.91894086202465e-13 -1.07767461323726e-13  2.31873193679268e-13      1.66097552033541  3.18963411047398e-16 -0.000312364899045558    0.0857486642883387  9.40607550685972e-14
-6.82372318566912e-16  4.10424255884635e-17 -3.32921107835186e-14 -1.26629479292195e-14  2.82883536787894e-14  3.18963411047398e-16      1.66097552033544     0.085748664288462  0.000312364899045477  1.15562907558182e-14
 2.18169225509787e-15  1.20572302928724e-16  1.16125670872225e-13   4.7349376211019e-14  -1.5438454777497e-13 -0.000312364899045558     0.085748664288462     0.348734692202212  -4.2873661504246e-16 -2.14475712730238e-14
 1.99519056981426e-14  1.00856230509757e-15  1.05995616042952e-12  4.29341568844829e-13 -1.39562389250598e-12    0.0857486642883387  0.000312364899045477  -4.2873661504246e-16     0.348734692202244 -1.85945882355975e-13
 0.000246610761630634  0.000438232295602371    0.0304175630065418   -0.0328721165261075    0.0486864813432709  9.40607550685972e-14  1.15562907558182e-14 -2.14475712730238e-14 -1.85945882355975e-13     0.144390671608031
TOTAL ENERGY: -127.295557273461	 lambda: -0.1	 population of target: 6.3833389131712
1RDM: 
      1.9999996851285 -1.59544605906823e-08 -2.36475009634578e-06  2.87149680339951e-06  2.16938624610646e-05 -5.71262254317349e-15 -6.51403602879827e-16  1.97655158803584e-15  1.80744153790936e-14  0.000111457293569018
-1.59544605906823e-08      1.99999883465762  -2.6924699301675e-06  1.56450535732603e-05 -3.72174423834407e-05  5.23844065994585e-17 -1.27845317339033e-17  7.37445246464781e-17  6.12202151395687e-16  0.000226011712433718
-2.36475009634578e-06  -2.6924699301675e-06      1.99741556296433   0.00066984838744079   0.00247656034050607 -3.35231950832187e-13 -3.81570326046607e-14  1.13205537590589e-13  1.03483403787304e-12    0.0142847384436868
 2.87149680339951e-06  1.56450535732603e-05   0.00066984838744079      1.97920062437991    0.0016464000828343 -2.37734627470976e-13 -2.70733167224667e-14  6.82112118440174e-14  6.23612678077874e-13   -0.0177071669440948
 2.16938624610646e-05 -3.72174423834407e-05   0.00247656034050607    0.0016464000828343      1.86746421419231   7.6592062002163e-13  8.75484806070944e-14 -2.53606189875614e-13  -2.3190859036383e-12    0.0307495925960256
-5.71262254317349e-15  5.23844065994585e-17 -3.35231950832187e-13 -2.37734627470976e-13   7.6592062002163e-13      1.62744291948914  6.41527828330743e-16 -0.000141602588006991    0.0388724939841651  2.74475042228079e-13
-6.51403602879827e-16 -1.27845317339033e-17 -3.81570326046607e-14 -2.70733167224667e-14  8.75484806070944e-14  6.41527828330743e-16      1.62744291948932    0.0388724939843994  0.000141602588006968   3.1553266835259e-14
 1.97655158803584e-15  7.37445246464781e-17  1.13205537590589e-13  6.82112118440174e-14 -2.53606189875614e-13 -0.000141602588006991    0.0388724939843994     0.380299156957752 -1.26607142093422e-15 -6.20968228384946e-14
 1.80744153790936e-14  6.12202151395687e-16  1.03483403787304e-12  6.23612678077874e-13  -2.3190859036383e-12    0.0388724939841651  0.000141602588006968 -1.26607142093422e-15     0.380299156957926 -5.63996936995466e-13
 0.000111457293569018  0.000226011712433718    0.0142847384436868   -0.0177071669440948    0.0307495925960256  2.74475042228079e-13   3.1553266835259e-14 -6.20968228384946e-14 -5.63996936995466e-13     0.140436925783223
TOTAL ENERGY: -127.302226040042	 lambda: 0	 population of target: 6.51646238099552
1RDM: 
     1.99999969251064  6.00663509278887e-16  1.57094919403997e-12  7.47222157592345e-12  8.16369221755057e-13 -5.93205394218765e-15 -6.76741870560177e-16   1.8440523747261e-15  1.68699427872009e-14 -6.00052176311214e-11
 6.00663509278887e-16      1.99999898910066 -6.37921162239623e-13  1.12072574828885e-11  7.88970477092677e-12  2.28558071487451e-16  5.25171284040771e-18  1.23030717541995e-17  6.97221688223834e-17   1.5210756173054e-11
 1.57094919403997e-12 -6.37921162239623e-13      1.99757652841072  1.34161194851625e-10 -8.78190199135947e-11  -3.5252817839967e-13 -4.01520621170366e-14  1.03982804048473e-13  9.50732632405168e-13 -1.36014405610992e-09
 7.47222157592345e-12  1.12072574828885e-11  1.34161194851625e-10      1.98355415702724 -4.99971419919207e-10 -2.61458405133807e-13 -2.98010787356569e-14  6.87043881014111e-14  6.27823775883727e-13 -5.01105188606027e-10
 8.16369221755057e-13  7.88970477092677e-12 -8.78190199135947e-11 -4.99971419919207e-10      1.86201395514295  8.30901005271695e-13  9.51223736720945e-14 -2.42842794925488e-13 -2.21889260947474e-12  4.08825810823334e-09
-5.93205394218765e-15  2.28558071487451e-16  -3.5252817839967e-13 -2.61458405133807e-13  8.30901005271695e-13      1.58599238275885  8.51328407042979e-16  6.46280241335943e-10 -9.84879822661705e-10  2.62265468430901e-13
-6.76741870560177e-16  5.25171284040771e-18 -4.01520621170366e-14 -2.98010787356569e-14  9.51223736720945e-14  8.51328407042979e-16      1.58599238275887 -9.84764278008851e-10 -6.46285288846835e-10  3.01535621854871e-14
  1.8440523747261e-15  1.23030717541995e-17  1.03982804048473e-13  6.87043881014111e-14 -2.42842794925488e-13  6.46280241335943e-10 -9.84764278008851e-10     0.420052749494806 -8.37688717595437e-16 -6.70839361739336e-14
 1.68699427872009e-14  6.97221688223834e-17  9.50732632405168e-13  6.27823775883727e-13 -2.21889260947474e-12 -9.84879822661705e-10 -6.46285288846835e-10 -8.37688717595437e-16     0.420052749494834 -6.08464851040917e-13
-6.00052176311214e-11   1.5210756173054e-11 -1.36014405610992e-09 -5.01105188606027e-10  4.08825810823334e-09  2.62265468430901e-13  3.01535621854871e-14 -6.70839361739336e-14 -6.08464851040917e-13     0.144766413300468
TOTAL ENERGY: -127.29595119178	 lambda: 0.1	 population of target: 6.64365544086375
1RDM: 
     1.99999968401366  -1.7989847927322e-08  1.07727919715748e-06 -1.30556710355348e-07 -1.67367714061496e-05 -6.29066889932465e-15 -7.17970683183177e-16  1.73015736251395e-15  1.58307114349732e-14 -8.29118674022536e-05
 -1.7989847927322e-08      1.99999906421954 -1.42029225498753e-06 -7.73032810990208e-06  2.69778094532719e-05  3.82686564500392e-16  2.07833669188131e-17 -4.83641101585018e-17 -4.70762286442312e-16 -0.000230191617100196
 1.07727919715748e-06 -1.42029225498753e-06      1.99755515024232 -0.000325586697707728  -0.00253356887916123  -3.7824642335431e-13 -4.30807556557988e-14   9.5939998111805e-14  8.77630839009775e-13    -0.011724711581426
-1.30556710355348e-07 -7.73032810990208e-06 -0.000325586697707728      1.98701248212523   0.00029969223629717 -2.83584569659539e-13 -3.23064473632712e-14  6.94047573873795e-14  6.34423271358167e-13    0.0191346707317836
-1.67367714061496e-05  2.69778094532719e-05  -0.00253356887916123   0.00029969223629717      1.84584727286027  8.80672028307422e-13  1.00774548866519e-13 -2.33043052893418e-13 -2.13037501287449e-12   -0.0400040861780725
-6.29066889932465e-15  3.82686564500392e-16  -3.7824642335431e-13 -2.83584569659539e-13  8.80672028307422e-13      1.54158240087452  5.57114802081648e-16  0.000106884533076629   -0.0293411206664051  1.93481143458786e-13
-7.17970683183177e-16  2.07833669188131e-17 -4.30807556557988e-14 -3.23064473632712e-14  1.00774548866519e-13  5.57114802081648e-16      1.54158240087452   -0.0293411206663555  -0.00010688453307694  2.22469878357338e-14
 1.73015736251395e-15 -4.83641101585018e-17   9.5939998111805e-14  6.94047573873795e-14 -2.33043052893418e-13  0.000106884533076629   -0.0293411206663555     0.463133592044685 -4.63937542707785e-16 -6.75977684701072e-14
 1.58307114349732e-14 -4.70762286442312e-16  8.77630839009775e-13  6.34423271358167e-13 -2.13037501287449e-12   -0.0293411206664051  -0.00010688453307694 -4.63937542707785e-16     0.463133592044681 -6.13251622938768e-13
-8.29118674022536e-05 -0.000230191617100196    -0.011724711581426    0.0191346707317836   -0.0400040861780725  1.93481143458786e-13  2.22469878357338e-14 -6.75977684701072e-14 -6.13251622938768e-13      0.16015436070056
TOTAL ENERGY: -127.278943644862	 lambda: 0.2	 population of target: 6.75787229361446
1RDM: 
     1.99999966436744 -5.78930137186099e-08   1.3760601418089e-06  1.63001965568367e-06 -2.47479267473465e-05 -6.66552987947734e-15 -7.60551138567498e-16  1.63646149745167e-15  1.49821398650544e-14 -0.000146033913143229
-5.78930137186099e-08      1.99999906814256 -6.12363591382931e-06 -7.35218075182881e-06  3.39560949100364e-05  4.70423794005322e-16  2.87461113478877e-17 -1.02349811643947e-16 -9.52841908455133e-16 -0.000446885198466594
  1.3760601418089e-06 -6.12363591382931e-06      1.99737094425398 -0.000377574561373356  -0.00468945287759749 -4.04908467264859e-13 -4.61534523261139e-14  8.94335416629071e-14  8.17807775037477e-13    -0.021133817281194
 1.63001965568367e-06 -7.35218075182881e-06 -0.000377574561373356      1.98928190447807   0.00294178918304855 -2.98636065652599e-13 -3.40433546482611e-14  7.03054168691568e-14   6.4220893530013e-13    0.0376841398487341
-2.47479267473465e-05  3.39560949100364e-05  -0.00468945287759749   0.00294178918304855      1.82238582793999  9.07588480894778e-13  1.04012716097266e-13 -2.26234479865062e-13 -2.06532834395989e-12   -0.0837440472455603
-6.66552987947734e-15  4.70423794005322e-16 -4.04908467264859e-13 -2.98636065652599e-13  9.07588480894778e-13      1.50088623174881  5.19973380100338e-15  0.000183282278324328   -0.0503133931091291  9.21440912618212e-14
-7.60551138567498e-16  2.87461113478877e-17 -4.61534523261139e-14 -3.40433546482611e-14  1.04012716097266e-13  5.19973380100338e-15      1.50088623174886   -0.0503133931090092 -0.000183282278327692  1.06994355431974e-14
 1.63646149745167e-15 -1.02349811643947e-16  8.94335416629071e-14  7.03054168691568e-14 -2.26234479865062e-13  0.000183282278324328   -0.0503133931090092     0.502882708161966 -5.05026011999278e-15 -6.44884554459002e-14
 1.49821398650544e-14 -9.52841908455133e-16  8.17807775037477e-13   6.4220893530013e-13 -2.06532834395989e-12   -0.0503133931091291 -0.000183282278327692 -5.05026011999278e-15      0.50288270816202 -5.83926883671373e-13
-0.000146033913143229 -0.000446885198466594    -0.021133817281194    0.0376841398487341   -0.0837440472455603  9.21440912618212e-14  1.06994355431974e-14 -6.44884554459002e-14 -5.83926883671373e-13     0.183424710996343
TOTAL ENERGY: -127.254203938201	 lambda: 0.3	 population of target: 6.85729302449767
1RDM: 
     1.99999963398661 -1.08629919567877e-07    9.706958687515e-07  4.52558324761734e-06 -2.60129563330586e-05 -6.94716888868412e-15 -7.92916290515836e-16  1.56243929766938e-15  1.43046363814976e-14 -0.000203551764425071
-1.08629919567877e-07      1.99999902714324 -1.30813962691197e-05 -1.07179919119937e-06  1.73367107956042e-05  4.74202120294693e-16  2.76817432138555e-17 -1.44797135435297e-16 -1.33349780235813e-15 -0.000633275356506773
   9.706958687515e-07 -1.30813962691197e-05      1.99700402850307  -0.00026255273924661  -0.00635900629318026 -4.26047261522554e-13 -4.85448660957001e-14  8.42435812719071e-14  7.70824535792613e-13   -0.0290864647309696
 4.52558324761734e-06 -1.07179919119937e-06  -0.00026255273924661      1.99043469044174   0.00747000868484074 -3.03360212198362e-13 -3.45617625286883e-14  7.10495325624346e-14  6.49216851431957e-13     0.053940646414173
-2.60129563330586e-05  1.73367107956042e-05  -0.00635900629318026   0.00747000868484074       1.7981755035978  9.12756940329678e-13  1.04543779743352e-13 -2.22377115891478e-13 -2.03069116656361e-12    -0.127772158286231
-6.94716888868412e-15  4.74202120294693e-16 -4.26047261522554e-13 -3.03360212198362e-13  9.12756940329678e-13      1.46932154698452  1.61831528456358e-15  0.000239599263340457   -0.0657733026634593 -2.02999940258078e-14
-7.92916290515836e-16  2.76817432138555e-17 -4.85448660957001e-14 -3.45617625286883e-14  1.04543779743352e-13  1.61831528456358e-15      1.46932154698458    -0.065773302663392 -0.000239599263344437 -2.16881932753322e-15
 1.56243929766938e-15 -1.44797135435297e-16  8.42435812719071e-14  7.10495325624346e-14 -2.22377115891478e-13  0.000239599263340457    -0.065773302663392     0.533833995436016  -1.6388616294098e-15 -5.86882716372306e-14
 1.43046363814976e-14 -1.33349780235813e-15  7.70824535792613e-13  6.49216851431957e-13 -2.03069116656361e-12   -0.0657733026634593 -0.000239599263344437  -1.6388616294098e-15     0.533833995436077 -5.31411454903148e-13
-0.000203551764425071 -0.000633275356506773   -0.0290864647309696     0.053940646414173    -0.127772158286231 -2.02999940258078e-14 -2.16881932753322e-15 -5.86882716372306e-14 -5.31411454903148e-13     0.208076031486332
TOTAL ENERGY: -127.223453236995	 lambda: 0.4	 population of target: 6.94535396623882
1RDM: 
     1.99999959027167 -1.62501707785728e-07 -3.77118281673376e-07   8.1438782279099e-06 -2.64663330636866e-05 -7.08642762057615e-15 -8.08840305362998e-16  1.50172670994491e-15    1.375256686399e-14 -0.000266865968407133
-1.62501707785728e-07      1.99999897193299 -2.14687422001418e-05  8.03319994638981e-06 -2.06007562943931e-05   2.6048035317707e-16  2.87200707319586e-18 -1.85343249830998e-16 -1.70044117250281e-15 -0.000779113643557567
-3.77118281673376e-07 -2.14687422001418e-05      1.99640034480228 -7.99352534833273e-05  -0.00774521879314639  -4.3441243554519e-13 -4.95052535264404e-14  8.04799813839221e-14  7.36577100436202e-13   -0.0365069290700374
  8.1438782279099e-06  8.03319994638981e-06 -7.99352534833273e-05      1.99076250236849    0.0130505600767345 -3.11764943541905e-13 -3.54734199746715e-14   7.0388926073737e-14  6.42930571752045e-13    0.0671122889637027
-2.64663330636866e-05 -2.06007562943931e-05  -0.00774521879314639    0.0130505600767345      1.77884959996461  8.62976925138257e-13  9.89601903888827e-14 -2.26248317140043e-13 -2.06599932753323e-12     -0.17192969347863
-7.08642762057615e-15   2.6048035317707e-16  -4.3441243554519e-13 -3.11764943541905e-13  8.62976925138257e-13      1.44968690249774  4.15055643417551e-16  0.000287272810389384    -0.078860314510924 -1.13550962642912e-13
-8.08840305362998e-16  2.87200707319586e-18 -4.95052535264404e-14 -3.54734199746715e-14  9.89601903888827e-14  4.15055643417551e-16      1.44968690249782   -0.0788603145109412 -0.000287272810390587 -1.28556025403781e-14
 1.50172670994491e-15 -1.85343249830998e-16  8.04799813839221e-14   7.0388926073737e-14 -2.26248317140043e-13  0.000287272810389384   -0.0788603145109412     0.553121776953659 -6.57140763318672e-16 -4.84116064283533e-14
   1.375256686399e-14 -1.70044117250281e-15  7.36577100436202e-13  6.42930571752045e-13 -2.06599932753323e-12    -0.078860314510924 -0.000287272810390587 -6.57140763318672e-16     0.553121776953739 -4.37527965919188e-13
-0.000266865968407133 -0.000779113643557567   -0.0365069290700374    0.0671122889637027     -0.17192969347863 -1.13550962642912e-13 -1.28556025403781e-14 -4.84116064283533e-14 -4.37527965919188e-13      0.22837163175708
TOTAL ENERGY: -127.186060999998	 lambda: 0.5	 population of target: 7.02847193865447
1RDM: 
     1.99999952933696 -2.14483641125541e-07 -3.07352057169215e-06  1.23056513462566e-05  -3.3038287998897e-05 -7.04453608200512e-15 -8.04117675215086e-16  1.45744839738015e-15  1.33515470428073e-14 -0.000341724036469791
-2.14483641125541e-07      1.99999892563003 -3.08409827440233e-05  1.73160883002808e-05 -7.38565444365406e-05  2.65207836899695e-16  2.69004331575605e-18 -1.89525162066867e-16  -1.7288947331024e-15 -0.000880916497015032
-3.07352057169215e-06 -3.08409827440233e-05      1.99547781247198  9.48720145586236e-05  -0.00920161595678665 -4.37766464308677e-13 -4.98848483190262e-14  7.67558718938898e-14   7.0273068282652e-13   -0.0440849334209226
 1.23056513462566e-05  1.73160883002808e-05  9.48720145586236e-05      1.99058443758662    0.0188853687422808 -2.80292643696775e-13 -3.19273659460391e-14  7.17316283305232e-14   6.5549620934879e-13    0.0771997473167115
 -3.3038287998897e-05 -7.38565444365406e-05  -0.00920161595678665    0.0188853687422808      1.76709370847214  8.71319818216259e-13  9.98123800754555e-14 -2.25513357593749e-13 -2.05885863903026e-12    -0.218213371333543
-7.04453608200512e-15  2.65207836899695e-16 -4.37766464308677e-13 -2.80292643696775e-13  8.71319818216259e-13      1.44263387455307   8.3184419411323e-16  0.000336139413698337   -0.0922748332051431  -2.4806532462927e-13
-8.04117675215086e-16  2.69004331575605e-18 -4.98848483190262e-14 -3.19273659460391e-14  9.98123800754555e-14   8.3184419411323e-16      1.44263387455319   -0.0922748332051201 -0.000336139413700244 -2.81554778460666e-14
 1.45744839738015e-15 -1.89525162066867e-16  7.67558718938898e-14  7.17316283305232e-14 -2.25513357593749e-13  0.000336139413698337   -0.0922748332051201      0.56004112218899 -1.40320784595032e-15 -4.22426430331328e-14
 1.33515470428073e-14  -1.7288947331024e-15   7.0273068282652e-13   6.5549620934879e-13 -2.05885863903026e-12   -0.0922748332051431 -0.000336139413700244 -1.40320784595032e-15     0.560041122189114 -3.81672716384811e-13
-0.000341724036469791 -0.000880916497015032   -0.0440849334209226    0.0771997473167115    -0.218213371333543  -2.4806532462927e-13 -2.81554778460666e-14 -4.22426430331328e-14 -3.81672716384811e-13     0.241495593017996
TOTAL ENERGY: -127.138992211716	 lambda: 0.6	 population of target: 7.11396120111596
1RDM: 
      1.9999994469538 -2.61331661576636e-07 -7.66053904197734e-06  1.68828798738448e-05 -5.18074120631004e-05 -6.87539417814493e-15 -7.84843226324562e-16  1.43234899021082e-15  1.31238189030396e-14 -0.000428766112025462
-2.61331661576636e-07       1.9999988978825 -4.11634318425292e-05  2.50730823104667e-05  -0.00013421410336786  5.21969448886873e-16  2.93327204506017e-17 -1.76171714967814e-16 -1.57349115155795e-15 -0.000940702557231769
-7.66053904197734e-06 -4.11634318425292e-05      1.99412758160676  0.000209420475786243   -0.0111016695633788 -4.41257441913456e-13 -5.02739594130798e-14  7.33112196871846e-14  6.71508124364011e-13   -0.0522323042607936
 1.68828798738448e-05  2.50730823104667e-05  0.000209420475786243      1.99014534944387    0.0243581414766305 -2.09473278793348e-13 -2.41343799406912e-14  7.32406135694252e-14  6.71724839450956e-13    0.0846813755994656
-5.18074120631004e-05  -0.00013421410336786   -0.0111016695633788    0.0243581414766305      1.76240739313233  1.14062618651617e-12  1.29652663794198e-13 -2.04822820813115e-13 -1.86554394573503e-12    -0.269116944771458
-6.87539417814493e-15  5.21969448886873e-16 -4.41257441913456e-13 -2.09473278793348e-13  1.14062618651617e-12      1.44748271324361  3.92060972728558e-16  0.000394217545641551    -0.108218097240315 -5.86968753564739e-13
-7.84843226324562e-16  2.93327204506017e-17 -5.02739594130798e-14 -2.41343799406912e-14  1.29652663794198e-13  3.92060972728558e-16      1.44748271324366    -0.108218097240308 -0.000394217545642616 -6.62825488066177e-14
 1.43234899021082e-15 -1.76171714967814e-16  7.33112196871846e-14  7.32406135694252e-14 -2.04822820813115e-13  0.000394217545641551    -0.108218097240308     0.555243926578167 -5.72611842776019e-16 -5.68947585821345e-14
 1.31238189030396e-14 -1.57349115155795e-15  6.71508124364011e-13  6.71724839450956e-13 -1.86554394573503e-12    -0.108218097240315 -0.000394217545642616 -5.72611842776019e-16     0.555243926578219 -5.18132458505876e-13
-0.000428766112025462 -0.000940702557231769   -0.0522323042607936    0.0846813755994656    -0.269116944771458 -5.86968753564739e-13 -6.62825488066177e-14 -5.68947585821345e-14 -5.18132458505876e-13      0.24786805133714
TOTAL ENERGY: -127.077462660525	 lambda: 0.7	 population of target: 7.20847140386513
1RDM: 
     1.99999933957349 -3.02751687884859e-07 -1.48137932112445e-05   2.1737573242643e-05 -8.68386886240667e-05 -6.54476429244784e-15 -7.47301762469013e-16  1.39388914851817e-15  1.27792664540949e-14 -0.000524599296510417
-3.02751687884859e-07      1.99999888283382 -5.28459245043179e-05  3.06208196345444e-05 -0.000192114302129497  6.38795766295775e-18 -2.74955949199863e-17 -1.97510052585324e-16 -1.76594859002186e-15 -0.000966595704193751
-1.48137932112445e-05 -5.28459245043179e-05      1.99222415381082  0.000236307029785985     -0.01376027736759 -4.12761886218603e-13 -4.70429997794439e-14  7.14007835886194e-14  6.54372109119564e-13   -0.0611224827201353
  2.1737573242643e-05  3.06208196345444e-05  0.000236307029785985      1.98959220277338    0.0290542323415284 -2.16549547585847e-13 -2.48708362797256e-14  7.04924357256648e-14  6.45884012134423e-13    0.0903446180563959
-8.68386886240667e-05 -0.000192114302129497     -0.01376027736759    0.0290542323415284      1.76140079515497  9.42276683333264e-13  1.07012306983398e-13 -2.28416796115214e-13 -2.08009705961099e-12    -0.326023716059394
-6.54476429244784e-15  6.38795766295775e-18 -4.12761886218603e-13 -2.16549547585847e-13  9.42276683333264e-13       1.4624258584623 -2.49197821280561e-16  0.000468063765278595    -0.128489925180403 -6.33701700803949e-13
-7.47301762469013e-16 -2.74955949199863e-17 -4.70429997794439e-14 -2.48708362797256e-14  1.07012306983398e-13 -2.49197821280561e-16      1.46242585846236     -0.12848992518041 -0.000468063765280271 -7.14726820475817e-14
 1.39388914851817e-15 -1.97510052585324e-16  7.14007835886194e-14  7.04924357256648e-14 -2.28416796115214e-13  0.000468063765278595     -0.12848992518041     0.540534147474739   5.7258016534455e-17 -3.34391909779513e-14
 1.27792664540949e-14 -1.76594859002186e-15  6.54372109119564e-13  6.45884012134423e-13 -2.08009705961099e-12    -0.128489925180403 -0.000468063765280271   5.7258016534455e-17     0.540534147474798 -3.05902031638791e-13
-0.000524599296510417 -0.000966595704193751   -0.0611224827201353    0.0903446180563959    -0.326023716059394 -6.33701700803949e-13 -7.14726820475817e-14 -3.34391909779513e-14 -3.05902031638791e-13     0.250864613979356
TOTAL ENERGY: -126.996626737548	 lambda: 0.8	 population of target: 7.31609906803423
1RDM: 
     1.99999920584105 -3.44576062615931e-07  -2.5249585769413e-05  2.67970512887173e-05 -0.000138700788240669  4.34651789200691e-15  4.71758774771468e-16  3.37627222177186e-16  3.63882427165869e-15 -0.000622934876097649
-3.44576062615931e-07      1.99999886029427 -6.67719670782635e-05  3.43011745850748e-05 -0.000238743011509444  1.42213834247072e-14   1.8865287534968e-15   3.1090144842516e-15  2.58314698120608e-14 -0.000975150934114161
 -2.5249585769413e-05 -6.67719670782635e-05      1.98966302966265  0.000187133099637804   -0.0173525396640546  7.32219698271704e-14  8.61735829622079e-15 -9.05832485099971e-14 -8.23544250849455e-13   -0.0707273427725441
 2.67970512887173e-05  3.43011745850748e-05  0.000187133099637804      1.98897922464572    0.0328165729226143  1.81094273728622e-12  2.33423150535445e-13  4.56662297223959e-13  3.91907940522225e-12    0.0952399664202005
-0.000138700788240669 -0.000238743011509444   -0.0173525396640546    0.0328165729226143      1.75855565213697 -2.25264466709956e-11 -2.42251704141112e-12 -1.42059222404841e-12 -1.41183981274065e-11    -0.387507302313087
 4.34651789200691e-15  1.42213834247072e-14  7.32219698271704e-14  1.81094273728622e-12 -2.25264466709956e-11      1.48421001400708  4.03161470592286e-16  0.000562435994065212    -0.154396465806643  2.11347264073646e-11
 4.71758774771468e-16   1.8865287534968e-15  8.61735829622079e-15  2.33423150535445e-13 -2.42251704141112e-12  4.03161470592286e-16      1.48421001400716    -0.154396465806572 -0.000562435994067086  2.29936414465624e-12
 3.37627222177186e-16   3.1090144842516e-15 -9.05832485099971e-14  4.56662297223959e-13 -1.42059222404841e-12  0.000562435994065212    -0.154396465806572     0.519177791292476 -6.88680415927292e-16  1.90850463208543e-12
 3.63882427165869e-15  2.58314698120608e-14 -8.23544250849455e-13  3.91907940522225e-12 -1.41183981274065e-11    -0.154396465806643 -0.000562435994067086 -6.88680415927292e-16     0.519177791292557  1.81814947599065e-11
-0.000622934876097649 -0.000975150934114161   -0.0707273427725441    0.0952399664202005    -0.387507302313087  2.11347264073646e-11  2.29936414465624e-12  1.90850463208543e-12  1.81814947599065e-11     0.256028416820102
TOTAL ENERGY: -126.894493596088	 lambda: 0.9	 population of target: 7.43615513108376
1RDM: 
     1.99999904773186 -4.00799912275263e-07 -3.94744309632291e-05  3.21863870095647e-05 -0.000203091873364214 -8.68122888157973e-15 -9.86166694273755e-16  1.53916070717425e-15  1.39693446444218e-14 -0.000717007633473074
-4.00799912275263e-07      1.99999880216482 -8.41364338684476e-05  3.74613207769475e-05 -0.000270451533495866 -9.98839585564505e-15 -1.22613365688936e-15 -1.44833871263537e-15 -1.25628359405819e-14 -0.000991358856290316
-3.94744309632291e-05 -8.41364338684476e-05       1.9864257162654  0.000127627083636393   -0.0218193260589224 -3.48518026742893e-13 -4.02389877671551e-14  1.25819429581338e-13  1.15052195060034e-12   -0.0808862096411609
 3.21863870095647e-05  3.74613207769475e-05  0.000127627083636393      1.98827840011376    0.0358388669370047 -1.34306733974083e-12 -1.59157542215246e-13 -7.16111568702196e-14 -5.94182654044621e-13     0.100542571590662
-0.000203091873364214 -0.000270451533495866   -0.0218193260589224    0.0358388669370047      1.74844906549062  3.83537607103188e-12  4.01976859080828e-13  -2.5211926049415e-13 -1.98535075970748e-12    -0.448180257603679
-8.68122888157973e-15 -9.98839585564505e-15 -3.48518026742893e-13 -1.34306733974083e-12  3.83537607103188e-12      1.50820220936505 -2.63786688923835e-16  0.000679302930828725      -0.1864781141432 -4.90735651586982e-12
-9.86166694273755e-16 -1.22613365688936e-15 -4.02389877671551e-14 -1.59157542215246e-13  4.01976859080828e-13 -2.63786688923835e-16      1.50820220936521    -0.186478114143212 -0.000679302930828424  -5.3028343678465e-13
 1.53916070717425e-15 -1.44833871263537e-15  1.25819429581338e-13 -7.16111568702196e-14  -2.5211926049415e-13  0.000679302930828725    -0.186478114143212     0.495824864973755 -3.60160101651308e-16 -2.64246647017103e-13
 1.39693446444218e-14 -1.25628359405819e-14  1.15052195060034e-12 -5.94182654044621e-13 -1.98535075970748e-12      -0.1864781141432 -0.000679302930828424 -3.60160101651308e-16     0.495824864973912 -2.62121412483759e-12
-0.000717007633473074 -0.000991358856290316   -0.0808862096411609     0.100542571590662    -0.448180257603679 -4.90735651586982e-12  -5.3028343678465e-13 -2.64246647017103e-13 -2.62121412483759e-12     0.268794819555621
TOTAL ENERGY: -126.774261750755	 lambda: 1	 population of target: 7.56269369072701
1RDM: 
     1.99999886936601 -4.89932052600914e-07 -5.75211001565074e-05  3.82815355287185e-05 -0.000271672111556019 -5.54998294402529e-15  -6.3427386972209e-16  1.29679897223954e-15  1.18931719037783e-14 -0.000803637172154852
-4.89932052600914e-07      1.99999868319369 -0.000105980563824483  4.21706313727549e-05 -0.000292347651600572 -2.68301084042888e-15 -3.36440277506756e-16 -4.43256141893162e-16 -3.88180326088739e-15  -0.00104111965300216
-5.75211001565074e-05 -0.000105980563824483      1.98261882203783  0.000166598145587373   -0.0268449484869067 -2.97395728249094e-13 -3.40837285758396e-14  7.29550088960904e-14  6.69407260919207e-13   -0.0914732005413903
 3.82815355287185e-05  4.21706313727549e-05  0.000166598145587373      1.98740459910956    0.0385951651776175 -3.87685938899255e-13 -4.51069584171807e-14  4.26494351978026e-14   3.9827513674845e-13     0.107163557246631
-0.000271672111556019 -0.000292347651600572   -0.0268449484869067    0.0385951651776175       1.7294029384678  3.88071176606288e-13  3.93650383013053e-14 -3.04111324541728e-13 -2.72943234183132e-12    -0.499861973676921
-5.54998294402529e-15 -2.68301084042888e-15 -2.97395728249094e-13 -3.87685938899255e-13  3.88071176606288e-13      1.52980288161619  3.77617185659554e-16  0.000817713867893075    -0.224473801890456 -1.13495343340959e-12
 -6.3427386972209e-16 -3.36440277506756e-16 -3.40837285758396e-14 -4.51069584171807e-14  3.93650383013053e-14  3.77617185659554e-16      1.52980288161633    -0.224473801890579 -0.000817713867894599 -1.24393477868006e-13
 1.29679897223954e-15 -4.43256141893162e-16  7.29550088960904e-14  4.26494351978026e-14 -3.04111324541728e-13  0.000817713867893075    -0.224473801890579     0.475085863725713 -8.29219045665044e-16  2.83732296060111e-14
 1.18931719037783e-14 -3.88180326088739e-15  6.69407260919207e-13   3.9827513674845e-13 -2.72943234183132e-12    -0.224473801890456 -0.000817713867894599 -8.29219045665044e-16     0.475085863725841  2.25686804151625e-13
-0.000803637172154852  -0.00104111965300216   -0.0914732005413903     0.107163557246631    -0.499861973676921 -1.13495343340959e-12 -1.24393477868006e-13  2.83732296060111e-14  2.25686804151625e-13     0.290798597141052
-------------------general-----------------------
mullikenoperator: 
  0.00343672032032096    0.0590050150999731 -6.75997004132711e-05   0.00127075834705688  -0.00222172244697731  2.30376122049781e-15  2.60095534325416e-16  3.82128634828331e-16    3.548103851377e-15   0.00593067279853069
   0.0590050150999731     0.996526407650083  -0.00448533835550857   -0.0010288052960928   0.00212050426657406  1.00073629936197e-14  1.12391779225791e-15 -1.48124431312697e-16 -1.02142438412348e-15   0.00198127824938388
-6.75997004132699e-05  -0.00448533835550855    0.0620097435332749    -0.245886196300393   0.00651314328152549  7.81830258379505e-13  8.88715076230618e-14 -1.22656399147413e-13 -1.11596998459025e-12    -0.117495394147013
  0.00127075834705687  -0.00102880529609289    -0.245886196300393      0.91081262523359     0.147861838365604  4.92643142012978e-13  5.61389879923512e-14 -3.72049499082055e-14 -3.38384952273612e-13     0.107290068825189
 -0.00222172244697732   0.00212050426657403   0.00651314328152549     0.147861838365604      0.39537098491527 -7.62555844831166e-13 -8.65327626330589e-14  8.74255013404158e-14  7.87296321336281e-13      -0.4863365227226
  2.3037612204978e-15  1.00073629936197e-14  7.81830258379505e-13  4.92643142012978e-13 -7.62555844831167e-13     0.393785502181826 -4.78524423872713e-16   0.00178378029023138    -0.489672850604622   -3.954199500883e-13
 2.60095534325414e-16  1.12391779225791e-15  8.88715076230617e-14  5.61389879923511e-14 -8.65327626330587e-14 -5.34069995158778e-16     0.393785502181872    -0.489672850604632  -0.00178378029023125  -4.5662798941937e-14
  3.8212863482833e-16 -1.48124431312701e-16 -1.22656399147413e-13 -3.72049499082055e-14  8.74255013404155e-14   0.00178378029023136    -0.489672850604632     0.606214497818129  4.65064612396206e-16  7.52655883405264e-14
   3.548103851377e-15  -1.0214243841235e-15 -1.11596998459025e-12 -3.38384952273612e-13  7.87296321336281e-13    -0.489672850604622  -0.00178378029023133  4.48177185027698e-16     0.606214497818175    6.880848089355e-13
  0.00593067279853069   0.00198127824938386    -0.117495394147013     0.107290068825189      -0.4863365227226   -3.954199500883e-13  -4.5662798941937e-14  7.52655883405265e-14    6.880848089355e-13     0.631843518347467
selected BF: 
0 1 2 3 4
selected lambdas: 
  -1 -0.9 -0.8 -0.7 -0.6 -0.5 -0.4 -0.3 -0.2 -0.1    0  0.1  0.2  0.3  0.4  0.5  0.6  0.7  0.8  0.9    1
RHF C: 
 0.000307786954254819     0.995147929186931    -0.116432555507125    -0.228720754646232   -0.0326395827227024 -2.52668772083126e-15  1.29012639066984e-16  2.10896360232017e-18  1.31682346979265e-15    0.0571057659347908
 -0.00202514036857732    0.0200227935701559     0.433677007590517     0.913047205374053     0.144125140011724  1.16347255027461e-14 -5.93948791418127e-16 -1.29979306783332e-17 -6.24451801746588e-15    -0.278450247308037
-1.26699687793156e-17  -4.6954448355588e-18 -1.81090080538418e-15   4.6004072922175e-16  2.03781806750395e-14     -0.17897986156882     0.382063301166091     0.825208315034219     0.381158612661249 -7.74139708644956e-15
 6.90125758302187e-17  1.10017148235605e-17  3.81886567659869e-15 -1.46038835280596e-15 -3.77559788802582e-14     0.382063301165212      0.17897986156923     0.381158612661057    -0.825208315034626  1.56969327398171e-14
 -0.00233206350672277   0.00154849080702396     0.142090248851914   -0.0381066346068877    -0.835820821542812  2.56333529367239e-14 -1.59224068032011e-15  3.26663967680396e-15  4.01570007293108e-14    -0.613304894273657
    0.995078981913923  0.000380890420550916    -0.216194807030394     0.138015908853463   -0.0635663604485221  1.92511661533401e-15 -8.88383665303145e-17  2.81053301462913e-16  2.00482639383892e-15   -0.0370594168942217
   0.0202434688325169  -0.00220380602278142     0.821148832824019    -0.573108940900027     0.302413282760452  -9.8001089279379e-15  3.61071715823505e-16 -1.35743199807212e-15 -1.02245472472692e-14     0.195723431913289
 5.08796358575131e-18 -4.63859454054941e-19  1.41318379408292e-15  1.34356086708512e-15 -1.42800865982999e-14    -0.373134178774534      0.79651908807221    -0.435936514167009    -0.201356377439045 -1.35346705935746e-14
 4.01410237847606e-18  7.20755660630447e-19  -2.5504562323528e-15 -2.46872043361851e-15  2.58985776679401e-14     0.796519088072674     0.373134178774317    -0.201356377439445      0.43593651416616  2.40575532578623e-14
 -0.00146585062424513   0.00196400076331485   -0.0807413580030187   -0.0926987411161025     0.399646529968332  2.88871872780981e-14 -1.52016032258833e-15 -5.55736608213864e-16 -2.38162228648745e-14    -0.954188367443668
RDM (no constraint): 
      1.9999986883308  4.26735337634013e-08 -4.06831145020331e-05  4.70784270652848e-05 -1.83819523188106e-05   4.2320405918602e-16 -5.78350634058962e-17  -6.6897520354012e-17 -4.63973839938221e-16 -0.000262307117503754
 4.26735337634013e-08      1.99999496724994 -7.01013234502422e-05  -0.00023640492015218  -0.00017685671719606 -3.17612685579627e-16   3.3561037853385e-17 -2.53940188939352e-17 -1.98669870378258e-16 -0.000281809142977321
-4.06831145020331e-05 -7.01013234502422e-05       1.9888080150337  -0.00116888162586553    0.0521407250381136  4.31477555469784e-14 -4.68963091920412e-15 -4.08877027049325e-14 -3.51520991262553e-13     0.060802171630458
 4.70784270652848e-05  -0.00023640492015218  -0.00116888162586553      1.98376368765439   -0.0168483060404949 -1.34237624391963e-13   1.4758268480744e-14  8.71126664546172e-14  7.63281702628835e-13   -0.0168608508781151
-1.83819523188106e-05  -0.00017685671719606    0.0521407250381136   -0.0168483060404949      1.60601124608696  3.00386773635494e-13 -3.30114755396936e-14 -2.37538816455811e-13 -2.11947935090882e-12    -0.617009074519276
  4.2320405918602e-16 -3.17612685579627e-16  4.31477555469784e-14 -1.34237624391963e-13  3.00386773635494e-13      1.53462880767961 -4.38563265582277e-16  -0.00129080233516467    -0.239263350016081 -2.17784020432782e-13
-5.78350634058962e-17   3.3561037853385e-17 -4.68963091920412e-15   1.4758268480744e-14 -3.30114755396936e-14 -4.38563265582277e-16      1.53462880767988     0.239263350014899  -0.00129080233516165  2.56072412016505e-14
 -6.6897520354012e-17 -2.53940188939352e-17 -4.08877027049325e-14  8.71126664546172e-14 -2.37538816455811e-13  -0.00129080233516467     0.239263350014899     0.471416324595866  1.09261359541693e-15  1.78095039467878e-13
-4.63973839938221e-16 -1.98669870378258e-16 -3.51520991262553e-13  7.63281702628835e-13 -2.11947935090882e-12    -0.239263350016081  -0.00129080233516165  1.09261359541693e-15      0.47141632459614  1.57632082719607e-12
-0.000262307117503754 -0.000281809142977321     0.060802171630458   -0.0168608508781151    -0.617009074519276 -2.17784020432782e-13  2.56072412016505e-14  1.78095039467878e-13  1.57632082719607e-12      0.40933313109272
RDM Eigenvectors: 
    0.998067785209344   -0.0592507863297495    -0.018591571642299  -0.00197146203087628 -0.000699741287821736  7.63462832306373e-16   1.2253106007397e-16 -6.29533103575331e-17 -5.07906239165577e-16 -0.000132702985216705
   0.0590844181588286     0.998084849435805   -0.0105839286338759    0.0149488824944642   0.00038071573061181  1.13803599036729e-16 -3.63935337007136e-17 -7.14270318650152e-17  -6.6942674119836e-16 -0.000176861281388705
  -0.0178719298274982   -0.0130549100361107    -0.941079640411408     0.281102747607429    -0.182073807976104  6.54168445015895e-14   7.6068010957938e-15 -9.15894815353231e-15 -7.80089084800076e-14    0.0413478849272946
  0.00631844800973357   -0.0118794242077083     0.272819096193275     0.959441922006871    0.0686758592697664 -6.52655826715052e-13 -7.45394330186326e-14  4.59958057417998e-14  4.18114218265014e-13   -0.0119800624725671
 -0.00320887772617097  -0.00208656952519004    -0.195236989699475   -0.0137627118457672     0.899765226203056  2.96001157188387e-12  3.37164168930899e-13  -2.6263583355216e-13   -2.419535551896e-12    -0.390001272642611
-1.17749280441829e-14  7.04630999551675e-16 -7.11104357076583e-13 -5.55906780225499e-13  2.62925682408106e-12    -0.977713277371812  -0.00483415608703935 -0.000273176155261731    -0.209888788553806  3.19147297462812e-13
 1.25804136478858e-15  3.48005387507993e-18   7.7652650215783e-14  6.07377150260116e-14 -2.86619436948775e-13  -0.00483415608703981     0.977713277372026     0.209888788552809 -0.000273176155263281 -3.33676925411185e-14
 1.53618983169171e-15  1.33563417976988e-17  8.82584567049896e-14  6.06217546324449e-14 -2.45818187408443e-13  9.45634893481095e-05      0.20988894502361    -0.977717037155087  -0.00400213334367349  2.51959509741144e-13
    1.35735356622e-14 -8.91092405514522e-18  7.73909917918493e-13  5.32374483562048e-13 -2.18252196228907e-12     0.209888945024607 -9.45634893404559e-05   0.00400213334367426    -0.977717037154873  2.21432152580382e-12
 0.000319532277178584  0.000269217520376003    0.0369283485556751    0.0059729051217506    -0.390582459841794 -1.07736949176355e-12 -1.21525078516792e-13  -1.5554908130253e-13 -1.41070514997602e-12    -0.919807473856536
Total C: 
   0.0598636264518224     0.997544400488128    0.0451158965045297    -0.236507752543307   -0.0458020945665265 -1.36186439973003e-14  -1.6791537303546e-15 -9.80434424184107e-15 -8.95589262264032e-14   -0.0420470264663847
 -0.00337124979743379   0.00322065786180416    -0.197623424545893      0.99458016521057     0.222188688987373  1.46387608031098e-13  1.70333247900511e-14  4.33431432412054e-14  3.95673858501851e-13     0.206901622476693
 8.98395647659685e-15 -1.47524098144235e-16  5.22321173625061e-13  3.75252056340707e-13 -1.59310849550954e-12     0.253223047081259     0.547579637912773    -0.725055084755348    -0.338506367433766  9.81149986144944e-13
-1.47708449503827e-14  3.39672343324264e-16 -8.58827698590985e-13 -6.17448353238823e-13  2.61968486999609e-12    -0.547579637912739     0.253223047081276    -0.338506367433754     0.725055084755373 -1.61481556281831e-12
 -0.00253019141916108   0.00186029710425824  -0.00355268607885511    0.0112485515712097    -0.540982073506593   -1.795744865888e-12 -2.04354786459662e-13  3.08487073167631e-13  2.81581850677166e-12     0.896425296334342
    0.998106780039307   -0.0572735383669697     0.233647755069427    0.0703427211597245   0.00542557759975625 -2.53151362509959e-13 -2.87762791798213e-14  3.04390224617702e-14  2.77781538369623e-13    0.0481537355788146
 0.000869602847628598  -0.00788916092419636    -0.981289060427406    -0.322103393722474   0.00677136819092877    1.119489224904e-12  1.27262166502391e-13  -1.4238702225035e-13 -1.29943948880722e-12    -0.257153088860729
 2.02266476749131e-15 -2.73199756380782e-16  1.34207105906799e-13  1.23984328367362e-13 -6.70464956346984e-13      0.31866404191847     0.689091862855931     0.592699059761993     0.276713327549946 -6.83308001350195e-13
-3.34304469387931e-15  5.71518608919565e-16 -2.20270515909344e-13 -2.03550416983577e-13  1.09956279150447e-12    -0.689091862855959     0.318664041918456     0.276713327549962    -0.592699059761961  1.12402156409577e-12
 -0.00207699556579059   0.00311159654590023   -0.0625618590663467     -0.12280292305791     0.740613784402382  2.23295457059469e-12  2.55259266552316e-13  4.00584105923793e-14  3.63883839357588e-13     0.719578836043978
Basis set used: STO-3G
Naturals: 
 1.99999969251064  1.99999898910063  1.99757652831803  1.98355415697182  1.86201395506034  1.58599238772191  1.58599238772167  0.42005274455408 0.420052744553845 0.144766413487049
Naturals: 
 1.99999969251064  1.99999898910066  1.99757652841072  1.98355415702724  1.86201395514295  1.58599238275885  1.58599238275887 0.420052749494806 0.420052749494834 0.144766413300468
Version: Tmhuysen's fci hack
