Naturals in-correctTOTAL ENERGY: -126.665075308979	 lambda: -1	 population of target: 5.28241458494325
1RDM: 
     1.99999927326046 -1.04113000541316e-06  -7.0805411923897e-05  0.000102310676847413  1.51146314647513e-05 -7.92507027827918e-15 -1.01804177406705e-14  -5.5662385580176e-15 -4.33680107487594e-15 -0.000849389555117579
-1.04113000541316e-06      1.99999543975213 -0.000141018751855007  0.000269647419618021 -0.000330111153099238  2.29030124836836e-14  2.89141863300142e-14   5.4883368080103e-14  4.35471909622789e-14  -0.00214964986783501
 -7.0805411923897e-05 -0.000141018751855007      1.98975008098214    0.0162787875599207  -0.00185992791864293   1.1087762365642e-12  1.41316316812886e-12  3.32831552192438e-12   2.6318668344098e-12    -0.118823099772673
 0.000102310676847413  0.000269647419618021    0.0162787875599207      1.93471967310441    0.0118144993972303  5.48755982704424e-12  7.01923888179611e-12   7.7503491937476e-12  6.12316876584579e-12     0.151761992518895
 1.51146314647513e-05 -0.000330111153099238  -0.00185992791864293    0.0118144993972303      1.88283685765393 -4.46348190144158e-12 -5.69595679848151e-12 -1.16037459489253e-11 -9.17096790450533e-12    -0.192833863515232
-7.92507027827918e-15  2.29030124836836e-14   1.1087762365642e-12  5.48755982704424e-12 -4.46348190144158e-12      1.68916799019164  9.41971387294931e-16   0.00203691012431493    -0.468731446108053  1.78034921965972e-12
-1.01804177406705e-14  2.89141863300142e-14  1.41316316812886e-12  7.01923888179611e-12 -5.69595679848151e-12  9.41971387294931e-16      1.68916799019149    -0.468731446108565  -0.00203691012431227  2.27315280072013e-12
 -5.5662385580176e-15   5.4883368080103e-14  3.32831552192438e-12   7.7503491937476e-12 -1.16037459489253e-11   0.00203691012431493    -0.468731446108565     0.334643518501131 -2.80096308725262e-16   4.3010439833764e-12
-4.33680107487594e-15  4.35471909622789e-14   2.6318668344098e-12  6.12316876584579e-12 -9.17096790450533e-12    -0.468731446108053  -0.00203691012431227 -2.80096308725262e-16     0.334643518500971  3.39907426409911e-12
-0.000849389555117579  -0.00214964986783501    -0.118823099772673     0.151761992518895    -0.192833863515232  1.78034921965972e-12  2.27315280072013e-12   4.3010439833764e-12  3.39907426409911e-12     0.145075657861783
TOTAL ENERGY: -126.783000740849	 lambda: -0.9	 population of target: 5.40663403410794
1RDM: 
     1.99999936063809 -9.38100910640572e-07 -5.90083287084676e-05  9.14001568982459e-05  7.29043704494163e-06  9.00400757844144e-15  1.14558005925751e-14  2.14296037658204e-14  1.69880187899621e-14 -0.000795524921307035
-9.38100910640572e-07      1.99999590277459 -0.000122449286261519  0.000232650444459226 -0.000261179322685301 -1.10506045582049e-14 -1.45366708387139e-14 -2.49993598281764e-14  -1.9551986653178e-14   -0.0019806804502605
-5.90083287084676e-05 -0.000122449286261519      1.99117615186913    0.0141357530747742 -0.000737685931641059 -3.26865807137031e-13 -4.18744058621807e-13 -6.18725662972583e-13 -4.83896614849749e-13    -0.110128682216916
 9.14001568982459e-05  0.000232650444459226    0.0141357530747742      1.94088599040221   0.00736850594928648 -2.71652353800702e-12 -3.48126713616359e-12 -3.81484279738818e-12 -3.00689057096304e-12     0.137320529809415
 7.29043704494163e-06 -0.000261179322685301 -0.000737685931641059   0.00736850594928648      1.89081222352659  1.98816410952449e-12  2.54670699503552e-12  4.14754631220924e-12   3.2595405927481e-12    -0.159561241598233
 9.00400757844144e-15 -1.10506045582049e-14 -3.26865807137031e-13 -2.71652353800702e-12  1.98816410952449e-12      1.69470648976046  3.06748612768167e-16   0.00183504371464965    -0.422278164241782 -1.08217689864022e-12
 1.14558005925751e-14 -1.45366708387139e-14 -4.18744058621807e-13 -3.48126713616359e-12  2.54670699503552e-12  3.06748612768167e-16      1.69470648976046     -0.42227816424159  -0.00183504371464876  -1.3826587097605e-12
 2.14296037658204e-14 -2.49993598281764e-14 -6.18725662972583e-13 -3.81484279738818e-12  4.14754631220924e-12   0.00183504371464965     -0.42227816424159     0.327475021852649 -3.33320779820124e-16 -2.05170638702875e-12
 1.69880187899621e-14  -1.9551986653178e-14 -4.83896614849749e-13 -3.00689057096304e-12   3.2595405927481e-12    -0.422278164241782  -0.00183504371464876 -3.33320779820124e-16     0.327475021852664   -1.616970464746e-12
-0.000795524921307035   -0.0019806804502605    -0.110128682216916     0.137320529809415    -0.159561241598233 -1.08217689864022e-12  -1.3826587097605e-12 -2.05170638702875e-12   -1.616970464746e-12     0.132767347563202
TOTAL ENERGY: -126.895085285751	 lambda: -0.8	 population of target: 5.53854370470728
1RDM: 
     1.99999940923131 -8.60069511085117e-07 -5.06508143268829e-05  8.14575467364835e-05  7.74332381297212e-06 -3.64912659704212e-14 -4.68354419833469e-14 -5.77997326643503e-14 -4.54465123055572e-14 -0.000771433236026192
-8.60069511085117e-07      1.99999639314613 -0.000105211602352928  0.000195805200890231 -0.000198116906815831   7.6970262214946e-14  9.84230641920759e-14  1.64431089083687e-13  1.29446072715973e-13  -0.00177986305906094
-5.06508143268829e-05 -0.000105211602352928      1.99230003523905     0.011995879534343    0.0010395908882116  3.96949800170593e-12  5.08110613352116e-12  1.05333865299686e-11  8.29445994119106e-12    -0.102461961757876
 8.14575467364835e-05  0.000195805200890231     0.011995879534343      1.94704689061963   0.00441213008878444  1.84745347918055e-11  2.37133582296693e-11  2.90160930749043e-11  2.28355767567307e-11     0.120048064934595
 7.74332381297212e-06 -0.000198116906815831    0.0010395908882116   0.00441213008878444      1.88881476454166 -2.24085162715498e-11 -2.87142785658661e-11 -5.52272965764207e-11  -4.3463384974809e-11    -0.119538898380575
-3.64912659704212e-14   7.6970262214946e-14  3.96949800170593e-12  1.84745347918055e-11 -2.24085162715498e-11      1.69637499917217  1.57668509534786e-16   0.00164200959681175    -0.377857379399545  7.87388498522706e-12
-4.68354419833469e-14  9.84230641920759e-14  5.08110613352116e-12  2.37133582296693e-11 -2.87142785658661e-11  1.57668509534786e-16      1.69637499917214    -0.377857379399732  -0.00164200959681385  1.00827199791041e-11
-5.77997326643503e-14  1.64431089083687e-13  1.05333865299686e-11  2.90160930749043e-11 -5.52272965764207e-11   0.00164200959681175    -0.377857379399732     0.324168449663013  9.28121521014653e-18  1.92492098626993e-11
-4.54465123055572e-14  1.29446072715973e-13  8.29445994119106e-12  2.28355767567307e-11  -4.3463384974809e-11    -0.377857379399545  -0.00164200959681385  9.28121521014653e-18     0.324168449662989  1.51574649932965e-11
-0.000771433236026192  -0.00177986305906094    -0.102461961757876     0.120048064934595    -0.119538898380575  7.87388498522706e-12  1.00827199791041e-11  1.92492098626993e-11  1.51574649932965e-11     0.130755609551961
TOTAL ENERGY: -126.994375032921	 lambda: -0.7	 population of target: 5.67088832505055
1RDM: 
      1.9999994326817 -7.70647661506221e-07 -4.43640928297901e-05  7.04973085177751e-05  1.99474545191382e-05  1.21059381511699e-14  1.54877270682148e-14  2.88032242316084e-14  2.27144448778273e-14 -0.000755355323152121
-7.70647661506221e-07      1.99999688375973 -8.77498187118505e-05  0.000162636695767827 -0.000156531073135937 -1.81760681247283e-14 -2.38307233998415e-14 -3.40704608473387e-14 -2.66692767517024e-14  -0.00155468658105018
-4.43640928297901e-05 -8.77498187118505e-05      1.99322779882655   0.00985667329992095   0.00326068346199268 -8.34963034942482e-13 -1.07545976818012e-12  -1.7410873576739e-12 -1.35843478879202e-12   -0.0945688927197008
 7.04973085177751e-05  0.000162636695767827   0.00985667329992095      1.95264208203388   0.00401079702389412 -4.26415218041724e-12 -5.49280294352502e-12 -6.95363171180972e-12 -5.44935628937066e-12     0.101695012811122
 1.99474545191382e-05 -0.000156531073135937   0.00326068346199268   0.00401079702389412      1.87607061578462  6.45297586839562e-12  8.30635173404391e-12  1.49686491372667e-11  1.17153136803618e-11    -0.083850477481893
 1.21059381511699e-14 -1.81760681247283e-14 -8.34963034942482e-13 -4.26415218041724e-12  6.45297586839562e-12      1.69303857497691  2.85233812729289e-16   0.00145176161134564    -0.334077768857358 -2.28051903639262e-12
 1.54877270682148e-14 -2.38307233998415e-14 -1.07545976818012e-12 -5.49280294352502e-12  8.30635173404391e-12  2.85233812729289e-16      1.69303857497688    -0.334077768857553  -0.00145176161134764 -2.92802566190135e-12
 2.88032242316084e-14 -3.40704608473387e-14  -1.7410873576739e-12 -6.95363171180972e-12  1.49686491372667e-11   0.00145176161134564    -0.334077768857553     0.325814786451363 -1.05441312812961e-16 -5.44169184088419e-12
 2.27144448778273e-14 -2.66692767517024e-14 -1.35843478879202e-12 -5.44935628937066e-12  1.17153136803618e-11    -0.334077768857358  -0.00145176161134764 -1.05441312812961e-16     0.325814786451332 -4.26797337251535e-12
-0.000755355323152121  -0.00155468658105018   -0.0945688927197008     0.101695012811122    -0.083850477481893 -2.28051903639262e-12 -2.92802566190135e-12 -5.44169184088419e-12 -4.26797337251535e-12     0.140356464057112
TOTAL ENERGY: -127.076105621872	 lambda: -0.6	 population of target: 5.79651350545914
1RDM: 
     1.99999945423945 -6.48303821548319e-07 -3.83340642801981e-05  5.77756620534719e-05  3.99237398031601e-05  1.26288875259374e-14   1.6676168207509e-14  3.19594581714896e-14  2.45435132763064e-14 -0.000721216983107183
-6.48303821548319e-07      1.99999734078644 -6.95752899006529e-05  0.000134879134241283 -0.000139827583279958 -2.07249256220799e-14  -2.8231430218597e-14 -3.31056202530079e-14 -2.49628952329473e-14   -0.0013227601898803
-3.83340642801981e-05 -6.95752899006529e-05      1.99407774636292   0.00778647768887862   0.00544197261486373 -1.04719162689761e-12 -1.41019879755425e-12 -2.23109600367435e-12 -1.65490218950523e-12   -0.0852292814506639
 5.77756620534719e-05  0.000134879134241283   0.00778647768887862      1.95739975286048   0.00575125935533987 -4.64894116982996e-12 -6.22908094678192e-12 -8.49085704792806e-12 -6.38889098655196e-12    0.0845412245270373
 3.99237398031601e-05 -0.000139827583279958   0.00544197261486373   0.00575125935533987       1.8581032050713  9.71982406215684e-12  1.30277577490522e-11  2.41903663242476e-11  1.81585864983607e-11   -0.0611157238744809
 1.26288875259374e-14 -2.07249256220799e-14 -1.04719162689761e-12 -4.64894116982996e-12  9.71982406215684e-12      1.68531231848013  1.90121806724368e-16   0.00125686628614226    -0.289228581620844 -3.01956502980376e-12
  1.6676168207509e-14  -2.8231430218597e-14 -1.41019879755425e-12 -6.22908094678192e-12  1.30277577490522e-11  1.90121806724368e-16      1.68531231848013    -0.289228581621168  -0.00125686628614126 -4.02819660084208e-12
 3.19594581714896e-14 -3.31056202530079e-14 -2.23109600367435e-12 -8.49085704792806e-12  2.41903663242476e-11   0.00125686628614226    -0.289228581621168     0.331758755837291 -2.16129807032391e-16 -8.16648465253055e-12
 2.45435132763064e-14 -2.49628952329473e-14 -1.65490218950523e-12 -6.38889098655196e-12  1.81585864983607e-11    -0.289228581620844  -0.00125686628614126 -2.16129807032391e-16     0.331758755837283 -6.15531497250935e-12
-0.000721216983107183   -0.0013227601898803   -0.0852292814506639    0.0845412245270373   -0.0611157238744809 -3.01956502980376e-12 -4.02819660084208e-12 -8.16648465253055e-12 -6.15531497250935e-12     0.156280352044669
TOTAL ENERGY: -127.140476432606	 lambda: -0.5	 population of target: 5.91343518811592
1RDM: 
     1.99999949416961 -4.96218975866426e-07  -3.1254888669225e-05  4.40453945246264e-05  5.86459145420164e-05  2.89919511623379e-15  3.70105480350665e-15  1.16742561843768e-14  9.18325959125445e-15 -0.000650923641392923
-4.96218975866426e-07      1.99999774616447 -5.13316429047716e-05  0.000111363792599323 -0.000138634965416627 -8.69006674738461e-16 -1.71020356891842e-15 -1.07419790413111e-15 -8.42221980937485e-16  -0.00110012095860672
 -3.1254888669225e-05 -5.13316429047716e-05      1.99492793834863   0.00587350273912904   0.00702650084605392  6.53873946506323e-14  7.51455918414123e-14  4.83709107871912e-13  3.94970785529493e-13   -0.0736747464439107
 4.40453945246264e-05  0.000111363792599323   0.00587350273912904      1.96151789297009   0.00809158747745447 -1.90641343024551e-13 -2.71449845916695e-13 -2.12731170186741e-13 -1.34269468410186e-13     0.070043908422826
 5.86459145420164e-05 -0.000138634965416627   0.00702650084605392   0.00809158747745447      1.84311000723971  3.93849053058893e-13  5.82793705745648e-13  2.77468815412396e-13  9.10006428095822e-14   -0.0536236423705842
 2.89919511623379e-15 -8.69006674738461e-16  6.53873946506323e-14 -1.90641343024551e-13  3.93849053058893e-13      1.67437459786905  1.83281868695135e-15   0.00104957852372967    -0.241527629465971 -2.14390101172916e-13
 3.70105480350665e-15 -1.71020356891842e-15  7.51455918414123e-14 -2.71449845916695e-13  5.82793705745648e-13  1.83281868695135e-15      1.67437459786906    -0.241527629466086  -0.00104957852375768 -2.94254639188319e-13
 1.16742561843768e-14 -1.07419790413111e-15  4.83709107871912e-13 -2.12731170186741e-13  2.77468815412396e-13   0.00104957852372967    -0.241527629466086     0.340778714515967 -1.39688419130319e-15 -4.42197131284759e-13
 9.18325959125445e-15 -8.42221980937485e-16  3.94970785529493e-13 -1.34269468410186e-13  9.10006428095822e-14    -0.241527629465971  -0.00104957852375768 -1.39688419130319e-15     0.340778714515978 -3.11368075598234e-13
-0.000650923641392923  -0.00110012095860672   -0.0736747464439107     0.070043908422826   -0.0536236423705842 -2.14390101172916e-13 -2.94254639188319e-13 -4.42197131284759e-13 -3.11368075598234e-13     0.170140296337466
TOTAL ENERGY: -127.190924014234	 lambda: -0.4	 population of target: 6.02551133139841
1RDM: 
     1.99999955740034 -3.34988400359292e-07 -2.30250364969346e-05  3.06945364334927e-05  6.79999030041583e-05  1.99120138930688e-15  2.47989543575252e-15  9.47285392338744e-15  7.51654539214974e-15 -0.000540141414600421
-3.34988400359292e-07      1.99999810302456 -3.42699054049312e-05  8.91708036188758e-05 -0.000137738898976026  9.19000585503498e-16  6.80960636706814e-16  6.04623283631996e-16  3.26026299949664e-16 -0.000892135301494547
-2.30250364969346e-05 -3.42699054049312e-05       1.9957809487659   0.00417669107363267    0.0076223943101856  1.56440697296882e-13  1.99744303108833e-13   6.8098925624983e-13  5.39454452229713e-13   -0.0597615101736218
 3.06945364334927e-05  8.91708036188758e-05   0.00417669107363267      1.96549026425683   0.00935249695123468  1.68624542278118e-13  2.17081784752781e-13  5.35244829784109e-13  4.21317411805816e-13    0.0581211106128753
 6.79999030041583e-05 -0.000137738898976026    0.0076223943101856   0.00935249695123468      1.83714118686375 -6.81397379916219e-13 -8.76401904899484e-13 -2.55455423760092e-12 -2.01079791643017e-12   -0.0570078179221268
 1.99120138930688e-15  9.19000585503498e-16  1.56440697296882e-13  1.68624542278118e-13 -6.81397379916219e-13      1.66009976235306 -3.04684575281506e-16  0.000826431764348421    -0.190176697724008  1.46368439028273e-13
 2.47989543575252e-15  6.80960636706814e-16  1.99744303108833e-13  2.17081784752781e-13 -8.76401904899484e-13 -3.04684575281506e-16      1.66009976235314    -0.190176697724206 -0.000826431764347657  1.88882733125562e-13
 9.47285392338744e-15  6.04623283631996e-16   6.8098925624983e-13  5.35244829784109e-13 -2.55455423760092e-12  0.000826431764348421    -0.190176697724206     0.352979577638661 -5.89199194570361e-17  4.97066817159253e-13
 7.51654539214974e-15  3.26026299949664e-16  5.39454452229713e-13  4.21317411805816e-13 -2.01079791643017e-12    -0.190176697724008 -0.000826431764347657 -5.89199194570361e-17      0.35297957763874  3.89627541544097e-13
-0.000540141414600421 -0.000892135301494547   -0.0597615101736218    0.0581211106128753   -0.0570078179221268  1.46368439028273e-13  1.88882733125562e-13  4.97066817159253e-13  3.89627541544097e-13     0.175431259705093
TOTAL ENERGY: -127.230854719722	 lambda: -0.3	 population of target: 6.13973789173008
1RDM: 
     1.99999963118793 -1.89417130006469e-07 -1.46956657805124e-05  1.89020573444169e-05  6.42623245203946e-05  6.65419682366221e-15  8.34660603143328e-15  2.08908366943625e-14  1.66394781949006e-14 -0.000398034302866808
-1.89417130006469e-07      1.99999842354986 -1.97007425389554e-05  6.57799247032351e-05 -0.000123982618684075 -1.38399327463667e-14 -1.80286307879306e-14 -4.47974333303568e-15  -3.8458571384875e-15 -0.000691842324166502
-1.46956657805124e-05 -1.97007425389554e-05      1.99657116251832   0.00271772624739501    0.0070746323071879 -6.94798750290627e-13 -8.75357118456033e-13 -1.03071524407945e-12 -8.28684290349938e-13   -0.0440227172526736
 1.89020573444169e-05  6.57799247032351e-05   0.00271772624739501      1.96979520533014   0.00853035343907462 -2.53254469459532e-12 -3.18440835528124e-12 -5.04488908250809e-12 -4.04138495945459e-12    0.0472375394785891
 6.42623245203946e-05 -0.000123982618684075    0.0070746323071879   0.00853035343907462      1.84120525413901  1.13695691330403e-11  1.43043055341402e-11   2.8054094452543e-11  2.24505375294594e-11   -0.0620938736431649
 6.65419682366221e-15 -1.38399327463667e-14 -6.94798750290627e-13 -2.53254469459532e-12  1.13695691330403e-11      1.64046015085142 -8.46009358320242e-16  0.000592788543988183    -0.136412177749002 -3.09211164481321e-12
 8.34660603143328e-15 -1.80286307879306e-14 -8.75357118456033e-13 -3.18440835528124e-12  1.43043055341402e-11 -8.46009358320242e-16      1.64046015085144    -0.136412177749087 -0.000592788543981481 -3.88048116869213e-12
 2.08908366943625e-14 -4.47974333303568e-15 -1.03071524407945e-12 -5.04488908250809e-12   2.8054094452543e-11  0.000592788543988183    -0.136412177749087     0.370429413330965   6.4078544062261e-16 -8.87166282321225e-12
 1.66394781949006e-14  -3.8458571384875e-15 -8.28684290349938e-13 -4.04138495945459e-12  2.24505375294594e-11    -0.136412177749002 -0.000592788543981481   6.4078544062261e-16     0.370429413330988 -7.11416564283101e-12
-0.000398034302866808 -0.000691842324166502   -0.0440227172526736    0.0472375394785891   -0.0620938736431649 -3.09211164481321e-12 -3.88048116869213e-12 -8.87166282321225e-12 -7.11416564283101e-12     0.170651194909961
TOTAL ENERGY: -127.261464835993	 lambda: -0.2	 population of target: 6.2625341685026
1RDM: 
     1.99999969464613 -7.95864708468337e-08 -7.70384284242021e-06  9.49358365270889e-06  4.80656456825012e-05  1.54656339864913e-15   1.9108104457774e-15  7.70909255480442e-15   6.0975582640527e-15 -0.000244762597415832
-7.95864708468337e-08      1.99999871192117 -8.72167685030198e-06  4.09101892068014e-05 -9.17387677833838e-05  1.72669319342276e-15  1.58826753088224e-15 -1.83122653778764e-16 -4.14935497075503e-16  -0.00048405280841982
-7.70384284242021e-06 -8.72167685030198e-06      1.99721300982148   0.00151095485752386   0.00541313599976801  1.90258404726538e-13  2.42174291837907e-13  6.81177406163382e-13   5.4046860773953e-13   -0.0276915949722131
 9.49358365270889e-06  4.09101892068014e-05   0.00151095485752386       1.9746339670534   0.00572120639244243  2.98588665268034e-13  3.79175914744823e-13  8.10187285841081e-13   6.4273394605606e-13    0.0350148780920562
 4.80656456825012e-05 -9.17387677833838e-05   0.00541313599976801   0.00572120639244243      1.85035926980281 -1.49361591885828e-12 -1.89787654984088e-12 -4.41662830759619e-12  -3.5006056043541e-12   -0.0580623081185714
 1.54656339864913e-15  1.72669319342276e-15  1.90258404726538e-13  2.98588665268034e-13 -1.49361591885828e-12      1.61242050633355 -1.24928262202834e-15  0.000363850826718932   -0.0837289634568629  4.97053082251709e-13
  1.9108104457774e-15  1.58826753088224e-15  2.42174291837907e-13  3.79175914744823e-13 -1.89787654984088e-12 -1.24928262202834e-15      1.61242050633386   -0.0837289634572104 -0.000363850826717642  6.31254048455725e-13
 7.70909255480442e-15 -1.83122653778764e-16  6.81177406163382e-13  8.10187285841081e-13 -4.41662830759619e-12  0.000363850826718932   -0.0837289634572104     0.396280888509199 -6.17474325815167e-17  1.24595017023716e-12
  6.0975582640527e-15 -4.14935497075503e-16   5.4046860773953e-13   6.4273394605606e-13  -3.5006056043541e-12   -0.0837289634568629 -0.000363850826717642 -6.17474325815167e-17     0.396280888509493  9.89029733224928e-13
-0.000244762597415832  -0.00048405280841982   -0.0276915949722131    0.0350148780920562   -0.0580623081185714  4.97053082251709e-13  6.31254048455725e-13  1.24595017023716e-12  9.89029733224928e-13     0.160392557068949
TOTAL ENERGY: -127.281350683411	 lambda: -0.1	 population of target: 6.39558997026158
1RDM: 
     1.99999973346237 -1.65476140095757e-08 -2.87440967941396e-06   3.1073183859771e-06  2.38886160982889e-05  1.90070685340415e-15  2.35324125027695e-15  8.10494534414228e-15  6.40560733783611e-15 -0.000105713622417107
-1.65476140095757e-08      1.99999895309657  -2.0876463113077e-06  1.73660181970625e-05 -4.57308686374353e-05  5.01623248960694e-16 -4.99204970993981e-17 -5.25038219704881e-16  -7.4326757570857e-16 -0.000254142847971958
-2.87440967941396e-06  -2.0876463113077e-06      1.99766045506712  0.000592243579727423   0.00287246508260013  1.20721914414114e-13  1.53650706474462e-13   5.0057749564768e-13  3.97135058934683e-13   -0.0124997721991329
  3.1073183859771e-06  1.73660181970625e-05  0.000592243579727423      1.97976128581135   0.00221134271802077  9.78741979166705e-14  1.24803646637333e-13  3.74295193827113e-13  2.96609581453229e-13    0.0193745357282598
 2.38886160982889e-05 -4.57308686374353e-05   0.00287246508260013   0.00221134271802077      1.85496317875379 -4.30535658468504e-13  -5.4967195785373e-13 -1.55712578495441e-12 -1.23231021845048e-12   -0.0372906356224226
 1.90070685340415e-15  5.01623248960694e-16  1.20721914414114e-13  9.78741979166705e-14 -4.30535658468504e-13      1.57395658915826  3.18622024649451e-16  0.000160404068570613   -0.0369120484394188   2.0169218557817e-13
 2.35324125027695e-15 -4.99204970993981e-17  1.53650706474462e-13  1.24803646637333e-13  -5.4967195785373e-13  3.18622024649451e-16      1.57395658915849   -0.0369120484396148 -0.000160404068572128  2.57252658332681e-13
 8.10494534414228e-15 -5.25038219704881e-16   5.0057749564768e-13  3.74295193827113e-13 -1.55712578495441e-12  0.000160404068570613   -0.0369120484396148     0.432727794692732 -1.20205317882723e-15  4.22572569517335e-13
 6.40560733783611e-15  -7.4326757570857e-16  3.97135058934683e-13  2.96609581453229e-13 -1.23231021845048e-12   -0.0369120484394188 -0.000160404068572128 -1.20205317882723e-15     0.432727794692951  3.34205729054142e-13
-0.000105713622417107 -0.000254142847971958   -0.0124997721991329    0.0193745357282598   -0.0372906356224226   2.0169218557817e-13  2.57252658332681e-13  4.22572569517335e-13  3.34205729054142e-13     0.154247626106345
TOTAL ENERGY: -127.288219364819	 lambda: 0	 population of target: 6.53272647435211
1RDM: 
     1.99999974743848 -2.12937537242522e-14  5.19660114454258e-13 -2.25953087563274e-12  1.89098894649425e-11  1.98238058672631e-15   2.4500237407326e-15  7.60243564261187e-15  6.00124707449189e-15  -1.3734836497548e-11
-2.12937537242522e-14      1.99999911726806  1.36384529405284e-12   4.6493840918985e-12  1.82689907823304e-11  4.45555820329438e-16  -2.1180944099927e-16 -8.60286171988223e-16 -1.04635230682722e-15 -2.38095287933985e-11
 5.19660114454258e-13  1.36384529405284e-12      1.99792617254803 -5.33056658828187e-11  -4.3348718728581e-10  1.24826987101603e-13  1.58709515316135e-13  4.57059880307193e-13  3.62766499788591e-13 -2.55158518095288e-10
-2.25953087563274e-12   4.6493840918985e-12 -5.33056658828187e-11      1.98450709373832 -1.06500280778656e-11  1.02811037348919e-13  1.30710703814237e-13  3.70496597599032e-13  2.94080639882251e-13  7.17829972378492e-10
 1.89098894649425e-11  1.82689907823304e-11  -4.3348718728581e-10 -1.06500280778656e-11      1.84565935160455 -4.29174784584836e-13 -5.45739996860799e-13 -1.41223191328931e-12 -1.12086476765952e-12 -1.93977491239652e-09
 1.98238058672631e-15  4.45555820329438e-16  1.24826987101603e-13  1.02811037348919e-13 -4.29174784584836e-13      1.52668300959867 -6.02864754671235e-16  9.15561366883281e-10  2.88344238382539e-09  1.72958620870194e-13
  2.4500237407326e-15  -2.1180944099927e-16  1.58709515316135e-13  1.30710703814237e-13 -5.45739996860799e-13 -6.02864754671235e-16      1.52668300959886  2.88329533322193e-09 -9.15563831429901e-10   2.1994528578488e-13
 7.60243564261187e-15 -8.60286171988223e-16  4.57059880307193e-13  3.70496597599032e-13 -1.41223191328931e-12  9.15561366883281e-10  2.88329533322193e-09     0.478317677476854 -1.48966245347995e-16  4.14463563180952e-13
 6.00124707449189e-15 -1.04635230682722e-15  3.62766499788591e-13  2.94080639882251e-13 -1.12086476765952e-12  2.88344238382539e-09 -9.15563831429901e-10 -1.48966245347995e-16     0.478317677477048  3.28901549400782e-13
 -1.3734836497548e-11 -2.38095287933985e-11 -2.55158518095288e-10  7.17829972378492e-10 -1.93977491239652e-09  1.72958620870194e-13   2.1994528578488e-13  4.14463563180952e-13  3.28901549400782e-13     0.161907143251184
TOTAL ENERGY: -127.281865276602	 lambda: 0.1	 population of target: 6.66209946115109
1RDM: 
     1.99999974424865 -1.89945045057239e-08   1.6200091704029e-06 -3.31419560657714e-07 -1.47603813976193e-05  2.10073193660659e-15  2.59263713949989e-15  7.14968514431033e-15  5.63919557075414e-15  7.07966980735485e-05
-1.89945045057239e-08      1.99999918336357 -1.88611082215477e-06 -7.45215446295431e-06  2.87711522697877e-05   4.3567547023814e-16 -3.13293266361544e-16 -1.19650689036412e-15 -1.33471367716225e-15  0.000261949549322573
  1.6200091704029e-06 -1.88611082215477e-06      1.99804091914261 -0.000282095253551048   -0.0024778904958492  1.34024350099568e-13  1.70396625993191e-13  4.24146271236925e-13  3.36628690401708e-13   0.00930780027981342
-3.31419560657714e-07 -7.45215446295431e-06 -0.000282095253551048      1.98813593249621  0.000640506423822876  1.11558869260688e-13  1.41823939868695e-13  3.79054591385737e-13  3.00864939367258e-13   -0.0211209814638805
-1.47603813976193e-05  2.87711522697877e-05   -0.0024778904958492  0.000640506423822876      1.82039140648863 -4.47651676794716e-13 -5.69165908059734e-13 -1.35330488912435e-12 -1.07408605659821e-12    0.0462105322601886
 2.10073193660659e-15   4.3567547023814e-16  1.34024350099568e-13  1.11558869260688e-13 -4.47651676794716e-13      1.47685752299068 -1.15718131469809e-15 -0.000112240100826227    0.0258286758964764  1.25899243554556e-13
 2.59263713949989e-15 -3.13293266361544e-16  1.70396625993191e-13  1.41823939868695e-13 -5.69165908059734e-13 -1.15718131469809e-15      1.47685752299083    0.0258286758963873   0.00011224010082929  1.60016002763261e-13
 7.14968514431033e-15 -1.19650689036412e-15  4.24146271236925e-13  3.79054591385737e-13 -1.35330488912435e-12 -0.000112240100826227    0.0258286758963873     0.526880152823062  5.02449874051459e-16  4.00627414810883e-13
 5.63919557075414e-15 -1.33471367716225e-15  3.36628690401708e-13  3.00864939367258e-13 -1.07408605659821e-12    0.0258286758964764   0.00011224010082929  5.02449874051459e-16     0.526880152823212  3.17971882221079e-13
 7.07966980735485e-05  0.000261949549322573   0.00930780027981342   -0.0211209814638805    0.0462105322601886  1.25899243554556e-13  1.60016002763261e-13  4.00627414810883e-13  3.17971882221079e-13     0.185957462632576
TOTAL ENERGY: -127.265222487964	 lambda: 0.2	 population of target: 6.77414667482484
1RDM: 
     1.99999972950329  -5.8325545646538e-08  2.45315236692269e-06  1.12620492737614e-06 -1.71888740372745e-05  2.21798529292971e-15  2.73497148233632e-15  6.78320376490401e-15  5.34662028877966e-15  0.000121083112056564
 -5.8325545646538e-08      1.99999916040527  -6.5991117058163e-06 -5.05217874911156e-06  3.01928334980803e-05  4.54916566002445e-16  -3.6605993899678e-16 -1.48618489480394e-15  -1.5757227635203e-15  0.000505924559855264
 2.45315236692269e-06  -6.5991117058163e-06      1.99800915599308 -0.000339045110423215  -0.00411846319735256  1.43106166330281e-13  1.81940829267187e-13  3.98120056967695e-13  3.15956643849302e-13    0.0161523973036614
 1.12620492737614e-06 -5.05217874911156e-06 -0.000339045110423215      1.99032349176905   0.00430671625940309  1.16329431615119e-13  1.47884560240081e-13  3.86421444647367e-13  3.06703429811147e-13   -0.0410649505100008
-1.71888740372745e-05  3.01928334980803e-05  -0.00411846319735256   0.00430671625940309      1.78609363815388 -4.53032801597214e-13 -5.75959431899053e-13 -1.30497644309446e-12 -1.03571926602598e-12    0.0929263579573613
 2.21798529292971e-15  4.54916566002445e-16  1.43106166330281e-13  1.16329431615119e-13 -4.53032801597214e-13      1.43247177434314 -1.98485960800952e-15  -0.00018522421693707    0.0426235752678386   6.7818991058725e-14
 2.73497148233632e-15  -3.6605993899678e-16  1.81940829267187e-13  1.47884560240081e-13 -5.75959431899053e-13 -1.98485960800952e-15      1.43247177434335    0.0426235752677663  0.000185224216939134  8.61081425937228e-14
 6.78320376490401e-15 -1.48618489480394e-15  3.98120056967695e-13  3.86421444647367e-13 -1.30497644309446e-12  -0.00018522421693707    0.0426235752677663     0.570409145706912  1.30641013885564e-15   3.6481874155247e-13
 5.34662028877966e-15  -1.5757227635203e-15  3.15956643849302e-13  3.06703429811147e-13 -1.03571926602598e-12    0.0426235752678386  0.000185224216939134  1.30641013885564e-15      0.57040914570711  2.89594753424627e-13
 0.000121083112056564  0.000505924559855264    0.0161523973036614   -0.0410649505100008    0.0929263579573613   6.7818991058725e-14  8.61081425937228e-14   3.6481874155247e-13  2.89594753424627e-13     0.219812984074954
TOTAL ENERGY: -127.242111771443	 lambda: 0.3	 population of target: 6.86717024009053
1RDM: 
     1.99999970429734 -1.06194512046134e-07  2.60031209264046e-06  3.60864408777242e-06 -1.14912821913158e-05  2.29704967066896e-15  2.83063231670174e-15  6.49968067088541e-15  5.12027316039295e-15  0.000168504359436364
-1.06194512046134e-07      1.99999908210021 -1.30269032463871e-05   3.9774291833556e-06  3.45565884779602e-06  4.69707421198698e-16 -4.04420990590523e-16 -1.67063850832914e-15 -1.72853432129705e-15  0.000711931179032503
 2.60031209264046e-06 -1.30269032463871e-05      1.99780603480779 -0.000274524571028052  -0.00500717194679328  1.50372745052627e-13  1.91173256634784e-13   3.7698181996864e-13  2.99167279690902e-13    0.0217713477281282
 3.60864408777242e-06   3.9774291833556e-06 -0.000274524571028052      1.99125279816673    0.0100595527760024  1.12604740610148e-13  1.43176037354002e-13  3.94766941544814e-13  3.13345210003659e-13   -0.0578239461250386
-1.14912821913158e-05  3.45565884779602e-06  -0.00500717194679328    0.0100595527760024      1.75280542580742 -4.55492327727563e-13 -5.78968657740009e-13 -1.26356586804279e-12 -1.00286272005233e-12     0.136531632297074
 2.29704967066896e-15  4.69707421198698e-16  1.50372745052627e-13  1.12604740610148e-13 -4.55492327727563e-13      1.39914761287111 -1.81376062863045e-15 -0.000234497310125784    0.0539624821016499  6.04396679780708e-15
 2.83063231670174e-15 -4.04420990590523e-16  1.91173256634784e-13  1.43176037354002e-13 -5.78968657740009e-13 -1.81376062863045e-15       1.3991476128713    0.0539624821015756  0.000234497310127207  7.54120182341432e-15
 6.49968067088541e-15 -1.67063850832914e-15   3.7698181996864e-13  3.94766941544814e-13 -1.26356586804279e-12 -0.000234497310125784    0.0539624821015756     0.603203608439457  9.86207665632433e-16  3.24520010317809e-13
 5.12027316039295e-15 -1.72853432129705e-15  2.99167279690902e-13  3.13345210003659e-13 -1.00286272005233e-12    0.0539624821016499  0.000234497310127207  9.86207665632433e-16     0.603203608439642  2.57676432518872e-13
 0.000168504359436364  0.000711931179032503    0.0217713477281282   -0.0578239461250386     0.136531632297074  6.04396679780708e-15  7.54120182341432e-15  3.24520010317809e-13  2.57676432518872e-13      0.25343451219901
TOTAL ENERGY: -127.214582512187	 lambda: 0.4	 population of target: 6.94607444503347
1RDM: 
     1.99999966718716 -1.56253975969114e-07  1.97327589605192e-06  6.80813048677901e-06 -5.41266341473462e-06  2.34138117931678e-15  2.88419804880804e-15  6.23964887037984e-15  4.91239734223129e-15  0.000224769686283614
-1.56253975969114e-07      1.99999898606182 -2.05110845864068e-05  1.57181664497501e-05 -4.60764008619566e-05   7.1780201107176e-16 -1.26663778826099e-16  -1.9652196168863e-15 -1.97111250478034e-15  0.000871200049951762
 1.97327589605192e-06 -2.05110845864068e-05      1.99738727358213 -0.000169306096428289  -0.00555950659354742  1.49413820753734e-13  1.89982083351416e-13  3.66266137892917e-13  2.90664459773529e-13       0.0271947912554
 6.80813048677901e-06  1.57181664497501e-05 -0.000169306096428289      1.99133842282806    0.0167260174784874   1.2714150452438e-13  1.61440092059997e-13   3.8211769967142e-13   3.0313976062957e-13   -0.0708032930564742
-5.41266341473462e-06 -4.60764008619566e-05  -0.00555950659354742    0.0167260174784874      1.72773981868547 -3.89509472111682e-13 -4.95525485872611e-13 -1.32397853972328e-12 -1.05113745789926e-12     0.178288143136192
 2.34138117931678e-15   7.1780201107176e-16  1.49413820753734e-13   1.2714150452438e-13 -3.89509472111682e-13      1.37904329878976 -1.76344088522675e-15 -0.000274573788815035    0.0631845990433072 -1.25008625229473e-14
 2.88419804880804e-15 -1.26663778826099e-16  1.89982083351416e-13  1.61440092059997e-13 -4.95525485872611e-13 -1.76344088522675e-15      1.37904329878998    0.0631845990432461  0.000274573788815293 -1.63007351863367e-14
 6.23964887037984e-15  -1.9652196168863e-15  3.66266137892917e-13   3.8211769967142e-13 -1.32397853972328e-12 -0.000274573788815035    0.0631845990432461     0.623019249319604  8.21346095630577e-16  2.20888809869479e-13
 4.91239734223129e-15 -1.97111250478034e-15  2.90664459773529e-13   3.0313976062957e-13 -1.05113745789926e-12    0.0631845990433072  0.000274573788815293  8.21346095630577e-16     0.623019249319826  1.75263600418754e-13
 0.000224769686283614  0.000871200049951762       0.0271947912554   -0.0708032930564742     0.178288143136192 -1.25008625229473e-14 -1.63007351863367e-14  2.20888809869479e-13  1.75263600418754e-13     0.279410735436237
TOTAL ENERGY: -127.181931362277	 lambda: 0.5	 population of target: 7.01867112380571
1RDM: 
     1.99999961540245  -2.0512802110024e-07  3.66345940826731e-07  1.06484921685206e-05 -6.60902875097622e-06  2.31627418322322e-15  2.85139850393911e-15  6.09489005102878e-15  4.79574743028697e-15  0.000294756167265811
 -2.0512802110024e-07      1.99999890012409 -2.88752393921423e-05  2.71051229802438e-05 -0.000110974611382518  6.62354821518515e-16 -2.08898660934621e-16 -1.91653910256212e-15 -1.94156400647089e-15  0.000982636168152854
 3.66345940826731e-07 -2.88752393921423e-05      1.99668488180948 -7.93016040664699e-05  -0.00625402724528694  1.52323373384754e-13  1.93657184573705e-13    3.498804534081e-13  2.77645267947445e-13    0.0330494695272598
 1.06484921685206e-05  2.71051229802438e-05 -7.93016040664699e-05      1.99096804136421    0.0234005145381669  1.03488767672109e-13  1.31560739579964e-13  3.95127640750735e-13  3.13595717230646e-13   -0.0802851717559654
-6.60902875097622e-06 -0.000110974611382518  -0.00625402724528694    0.0234005145381669      1.71379222910437 -4.24797586067113e-13 -5.39879576102791e-13 -1.28224230655769e-12 -1.01784951481962e-12     0.221847646416431
 2.31627418322322e-15  6.62354821518515e-16  1.52323373384754e-13  1.03488767672109e-13 -4.24797586067113e-13      1.37221731341487 -1.84016179524519e-15 -0.000316527070185145    0.0728389009865416 -9.58149552975122e-14
 2.85139850393911e-15 -2.08898660934621e-16  1.93657184573705e-13  1.31560739579964e-13 -5.39879576102791e-13 -1.84016179524519e-15      1.37221731341512    0.0728389009865116  0.000316527070185846 -1.22028230751258e-13
 6.09489005102878e-15 -1.91653910256212e-15    3.498804534081e-13  3.95127640750735e-13 -1.28224230655769e-12 -0.000316527070185145    0.0728389009865116     0.629737421689052  7.59580546756417e-16  2.11468694433643e-13
 4.79574743028697e-15 -1.94156400647089e-15  2.77645267947445e-13  3.13595717230646e-13 -1.01784951481962e-12    0.0728389009865416  0.000316527070185846  7.59580546756417e-16     0.629737421689299  1.68001078649555e-13
 0.000294756167265811  0.000982636168152854    0.0330494695272598   -0.0802851717559654     0.221847646416431 -9.58149552975122e-14 -1.22028230751258e-13  2.11468694433643e-13  1.68001078649555e-13     0.294646861987073
TOTAL ENERGY: -127.140753888363	 lambda: 0.6	 population of target: 7.09344232110576
1RDM: 
      1.9999995452806 -2.50253094036917e-07 -2.58505141689588e-06  1.50580652049609e-05 -2.15400367883291e-05  2.25366619785394e-15   2.7726555480522e-15  5.96568156741944e-15   4.6907945511049e-15  0.000378598765390183
-2.50253094036917e-07      1.99999883812744 -3.83437503843413e-05  3.62209651650352e-05 -0.000183132166642458  7.56273066315257e-16 -8.37652324893948e-17 -1.92678281892591e-15 -1.96628705123179e-15   0.00104885532705151
-2.58505141689588e-06 -3.83437503843413e-05      1.99559539204635 -4.72726729380012e-05  -0.00752057605835169  1.48387248161542e-13  1.88657081300715e-13  3.39838029536845e-13  2.69670276670606e-13     0.039652246365769
 1.50580652049609e-05  3.62209651650352e-05 -4.72726729380012e-05      1.99041132243788    0.0294779810946422  9.26964296231875e-14  1.17826774727853e-13   3.9547969433961e-13  3.13850462478029e-13   -0.0868932386218187
-2.15400367883291e-05 -0.000183132166642458  -0.00752057605835169    0.0294779810946422      1.71027723014907 -4.02943876104136e-13  -5.1219154332538e-13 -1.33198052862245e-12 -1.05753493371092e-12     0.271295901020322
 2.25366619785394e-15  7.56273066315257e-16  1.48387248161542e-13  9.26964296231875e-14 -4.02943876104136e-13      1.37794362199518 -1.26402674287451e-15 -0.000369016217741888    0.0849176815910583 -1.45651946219328e-13
  2.7726555480522e-15 -8.37652324893948e-17  1.88657081300715e-13  1.17826774727853e-13  -5.1219154332538e-13 -1.26402674287451e-15      1.37794362199535     0.084917681591006  0.000369016217742037 -1.85516167426974e-13
 5.96568156741944e-15 -1.92678281892591e-15  3.39838029536845e-13   3.9547969433961e-13 -1.33198052862245e-12 -0.000369016217741888     0.084917681591006     0.624056288488689  5.44309814192314e-16  1.43801540976153e-13
  4.6907945511049e-15 -1.96628705123179e-15  2.69670276670606e-13  3.13850462478029e-13 -1.05753493371092e-12    0.0849176815910583  0.000369016217742037  5.44309814192314e-16     0.624056288488853  1.14227926163106e-13
 0.000378598765390183   0.00104885532705151     0.039652246365769   -0.0868932386218187     0.271295901020322 -1.45651946219328e-13 -1.85516167426974e-13  1.43801540976153e-13  1.14227926163106e-13     0.299717850990613
TOTAL ENERGY: -127.085324877803	 lambda: 0.7	 population of target: 7.17853784918512
1RDM: 
     1.99999945304373 -2.90577942481517e-07 -7.46489319346972e-06  1.99062293408107e-05 -5.51496863127186e-05  2.23674419685675e-15  2.75015454888202e-15  5.92723901529699e-15  4.65711839141813e-15  0.000472941069304037
-2.90577942481517e-07      1.99999879827925 -4.95559684880203e-05  4.21730466614711e-05 -0.000253329195901405  9.20105180753799e-16  1.55181076696664e-16 -2.17203888471395e-15 -2.18266536756861e-15   0.00107605827289885
-7.46489319346972e-06 -4.95559684880203e-05      1.99397730746613 -0.000104881379716192  -0.00971439038003352   1.4442384408868e-13  1.83522288349757e-13  3.44688050332478e-13  2.73784319434294e-13    0.0471111293975709
 1.99062293408107e-05  4.21730466614711e-05 -0.000104881379716192      1.98982323778775    0.0345531596205701  9.14218055838201e-14   1.1681062898476e-13  3.60297947588557e-13  2.85977684906209e-13   -0.0914142183165501
-5.51496863127186e-05 -0.000253329195901405  -0.00971439038003352    0.0345531596205701      1.71337116755028  -6.4415214595461e-13 -8.06180803569337e-13 -1.19470894714349e-12 -9.41340779542145e-13     0.329741645462613
 2.23674419685675e-15  9.20105180753799e-16   1.4442384408868e-13  9.14218055838201e-14  -6.4415214595461e-13      1.39492542765336 -2.24100634063341e-15 -0.000439603715733356     0.101161115409635  -4.4479785983712e-13
 2.75015454888202e-15  1.55181076696664e-16  1.83522288349757e-13   1.1681062898476e-13 -8.06180803569337e-13 -2.24100634063341e-15      1.39492542765342     0.101161115409584  0.000439603715732713 -5.55105189819841e-13
 5.92723901529699e-15 -2.17203888471395e-15  3.44688050332478e-13  3.60297947588557e-13 -1.19470894714349e-12 -0.000439603715733356     0.101161115409584     0.607272676425056  1.98472586818703e-15  3.35375439369633e-13
 4.65711839141813e-15 -2.18266536756861e-15  2.73784319434294e-13  2.85977684906209e-13 -9.41340779542145e-13     0.101161115409635  0.000439603715732713  1.98472586818703e-15     0.607272676425124    2.739588939381e-13
 0.000472941069304037   0.00107605827289885    0.0471111293975709   -0.0914142183165501     0.329741645462613  -4.4479785983712e-13 -5.55105189819841e-13  3.35375439369633e-13    2.739588939381e-13     0.298433827715923
TOTAL ENERGY: -127.008934084367	 lambda: 0.8	 population of target: 7.28018789881789
1RDM: 
      1.9999993363529 -3.30347468593438e-07 -1.50652234838465e-05  2.50779540427397e-05 -0.000109433965720569 -2.98951368156634e-15 -3.86452877397575e-15  4.50977955377487e-15  3.59491341640121e-15   0.00057122950522456
-3.30347468593438e-07      1.99999876174022 -6.36179963997357e-05  4.50999747198538e-05 -0.000311732761853867 -1.26605292617006e-14 -1.75283825108415e-14  1.91558013348203e-14  1.43672991492531e-14   0.00107783199533416
-1.50652234838465e-05 -6.36179963997357e-05      1.99168238777517 -0.000256804247804119   -0.0130570368758859  2.38795305093449e-13  3.01664065000549e-13  -7.0718913030208e-13 -5.60702990457177e-13    0.0553537279459466
 2.50779540427397e-05  4.50999747198538e-05 -0.000256804247804119      1.98926297151144    0.0384296029194058 -1.65359354306162e-12 -2.14623854884158e-12  2.89083003805627e-12  2.26052944922373e-12   -0.0948688844761281
-0.000109433965720569 -0.000311732761853867   -0.0130570368758859    0.0384296029194058      1.71613325974937  7.96604302333033e-12  9.92554956242766e-12  -5.8099625726126e-12 -4.77986044546036e-12     0.397368915477279
-2.98951368156634e-15 -1.26605292617006e-14  2.38795305093449e-13 -1.65359354306162e-12  7.96604302333033e-12      1.42051893924329 -2.67838285903048e-15 -0.000534699616038094     0.123044467961516  8.75916221762319e-12
-3.86452877397575e-15 -1.75283825108415e-14  3.01664065000549e-13 -2.14623854884158e-12  9.92554956242766e-12 -2.67838285903048e-15      1.42051893924353     0.123044467961587  0.000534699616037021  1.09760108260992e-11
 4.50977955377487e-15  1.91558013348203e-14  -7.0718913030208e-13  2.89083003805627e-12  -5.8099625726126e-12 -0.000534699616038094     0.123044467961587     0.582049807161614  1.71082237713212e-15 -8.91252109820186e-12
 3.59491341640121e-15  1.43672991492531e-14 -5.60702990457177e-13  2.26052944922373e-12 -4.77986044546036e-12     0.123044467961516  0.000534699616037021  1.71082237713212e-15     0.582049807161847 -7.18779599721935e-12
  0.00057122950522456   0.00107783199533416    0.0553537279459466   -0.0948688844761281     0.397368915477279  8.75916221762319e-12  1.09760108260992e-11 -8.91252109820186e-12 -7.18779599721935e-12     0.297785790060666
TOTAL ENERGY: -126.907448494955	 lambda: 0.9	 population of target: 7.39942944830355
1RDM: 
     1.99999919624174 -3.83176409092378e-07 -2.61553390760262e-05  3.06218945006958e-05 -0.000180815089898308  4.54143907782085e-15  5.69990954384644e-15  6.05480525672052e-15  4.71048641971725e-15  0.000665077438545366
-3.83176409092378e-07      1.99999869565378 -8.18959435341066e-05  4.63684263781226e-05 -0.000352250528731532  1.10196198288201e-14  1.33465343449761e-14 -1.44227385714873e-14 -1.17711787086374e-14   0.00107911645229024
-2.61553390760262e-05 -8.18959435341066e-05      1.98864417091973 -0.000453194765142272    -0.017505875009378 -1.91661975368264e-14 -2.37612026370843e-14  9.54988644261379e-13  7.54111468443329e-13      0.06414656293059
 3.06218945006958e-05  4.63684263781226e-05 -0.000453194765142272      1.98869977101197    0.0412947193500988  1.27560190621632e-12  1.65199464316301e-12 -1.04955937170223e-12 -8.11205725833109e-13    -0.098552476545913
-0.000180815089898308 -0.000352250528731532    -0.017505875009378    0.0412947193500988      1.71007922288015 -2.00094134518206e-12 -2.45233240939256e-12  -2.1757778576068e-12 -1.63403749103408e-12     0.468980080325438
 4.54143907782085e-15  1.10196198288201e-14 -1.91661975368264e-14  1.27560190621632e-12 -2.00094134518206e-12      1.44992142616074 -1.87413842927235e-15 -0.000657752466541735     0.151361213740014 -3.24349911839737e-12
 5.69990954384644e-15  1.33465343449761e-14 -2.37612026370843e-14  1.65199464316301e-12 -2.45233240939256e-12 -1.87413842927235e-15        1.449921426161     0.151361213739995  0.000657752466540205 -4.06083823476892e-12
 6.05480525672052e-15 -1.44227385714873e-14  9.54988644261379e-13 -1.04955937170223e-12  -2.1757778576068e-12 -0.000657752466541735     0.151361213739995     0.553215492678177  9.01481112427054e-16  1.88498191579946e-12
 4.71048641971725e-15 -1.17711787086374e-14  7.54111468443329e-13 -8.11205725833109e-13 -1.63403749103408e-12     0.151361213740014  0.000657752466540205  9.01481112427054e-16     0.553215492678444  1.54962810880417e-12
 0.000665077438545366   0.00107911645229024      0.06414656293059    -0.098552476545913     0.468980080325438 -3.24349911839737e-12 -4.06083823476892e-12  1.88498191579946e-12  1.54962810880417e-12     0.306305105614328
TOTAL ENERGY: -126.783914150738	 lambda: 1	 population of target: 7.52942069697471
1RDM: 
     1.99999903736687 -4.69741421211939e-07 -4.10182703488389e-05  3.68460292007465e-05 -0.000259420330620527  2.01965327242982e-15  2.47999998934138e-15  5.67101282353411e-15  4.43547389833674e-15   0.00074870307074109
-4.69741421211939e-07      1.99999856479066   -0.0001053394055149  4.85595180713565e-05 -0.000379043333463667  2.39550733459044e-15  2.12952135079796e-15  -3.3760443997337e-15 -3.26597114252083e-15   0.00111171939584727
-4.10182703488389e-05   -0.0001053394055149      1.98497736443703 -0.000583022325039603   -0.0226733250978859  8.57608377465113e-14  1.09704623832386e-13  3.85113308865961e-13  3.06378536380855e-13    0.0732446826335302
 3.68460292007465e-05  4.85595180713565e-05 -0.000583022325039603      1.98802124562438    0.0437976432770531  2.00300481703885e-13   2.5395709239561e-13  2.26312250493359e-13  1.79059859294923e-13    -0.103699480548044
-0.000259420330620527 -0.000379043333463667   -0.0226733250978859    0.0437976432770531      1.69019915341404 -1.03247139060201e-13 -1.20282601295029e-13 -1.94697029801109e-12 -1.53958389966933e-12     0.533815550076978
 2.01965327242982e-15  2.39550733459044e-15  8.57608377465113e-14  2.00300481703885e-13 -1.03247139060201e-13      1.47722015747548  2.37413028466124e-15 -0.000807749493683901     0.185879141378964  -4.9681082788465e-13
 2.47999998934138e-15  2.12952135079796e-15  1.09704623832386e-13   2.5395709239561e-13 -1.20282601295029e-13  2.37413028466124e-15      1.47722015747561     0.185879141378874   0.00080774949369115 -6.19428186610697e-13
 5.67101282353411e-15  -3.3760443997337e-15  3.85113308865961e-13  2.26312250493359e-13 -1.94697029801109e-12 -0.000807749493683901     0.185879141378874     0.526698139875331 -3.13498925927277e-15  -3.3022676795448e-13
 4.43547389833674e-15 -3.26597114252083e-15  3.06378536380855e-13  1.79059859294923e-13 -1.53958389966933e-12     0.185879141378964   0.00080774949369115 -3.13498925927277e-15     0.526698139875461 -2.54738943695873e-13
  0.00074870307074109   0.00111171939584727    0.0732446826335302    -0.103699480548044     0.533815550076978  -4.9681082788465e-13 -6.19428186610697e-13  -3.3022676795448e-13 -2.54738943695873e-13     0.328968039665231
-------------------general-----------------------
mullikenoperator: 
  0.00804421848546968     0.089569957372071 -0.000282746081458165  0.000819651835767918  -0.00182079021813041 -4.04326670429066e-16 -4.50668586445875e-16  2.84523620291035e-15   2.0313223443941e-15  -0.00483503612655206
   0.0895699573720709     0.991910172000039   -0.0054777052498517   -0.0011982591972549   0.00140381626324176 -2.25501485017197e-15 -3.93555704117857e-15  -1.7659562616276e-15 -2.20612690187068e-15 -0.000865250737271769
-0.000282746081458165  -0.00547770524985171    0.0564888321006376    -0.235146666335382   0.00322963490058005 -2.77768703854908e-13 -3.52997601317545e-13 -5.24537288880423e-13  -4.1643174784269e-13     0.103134753649652
 0.000819651835767916  -0.00119825919725491    -0.235146666335382     0.917450539912093     0.143783931144918 -2.21969251027345e-13 -2.82193621138419e-13 -1.47935462606004e-13 -1.17350958845443e-13    -0.101492841698631
 -0.00182079021813041   0.00140381626324175   0.00322963490058009     0.143783931144918     0.379100094688152  4.00007414409961e-13  5.08921739060686e-13   4.7242211084462e-13    3.746172296802e-13     0.480330627329265
-4.04326670429063e-16 -2.25501485017197e-15 -2.77768703854908e-13 -2.21969251027345e-13  4.00007414409961e-13     0.399760949181664 -8.03727348807381e-16  -0.00213223804329891     0.490668197764199 -1.65903093337979e-13
-4.50668586445868e-16 -3.93555704117857e-15 -3.52997601317545e-13 -2.82193621138419e-13  5.08921739060686e-13 -8.03878372100252e-16     0.399760949181729     0.490668197764212   0.00213223804329849 -2.10990265545635e-13
 2.84523620291036e-15 -1.76595626162761e-15 -5.24537288880423e-13 -1.47935462606004e-13   4.7242211084462e-13  -0.00213223804329891     0.490668197764212     0.600239050818272  3.42618779211001e-16 -4.72742379884115e-13
 2.03132234439411e-15 -2.20612690187069e-15  -4.1643174784269e-13 -1.17350958845443e-13    3.746172296802e-13     0.490668197764199   0.00213223804329848  3.37922970791904e-16     0.600239050818337 -3.75035535646711e-13
 -0.00483503612655206 -0.000865250737271765     0.103134753649652    -0.101492841698631     0.480330627329265  -1.6590309333798e-13 -2.10990265545636e-13 -4.72742379884115e-13 -3.75035535646712e-13      0.64700614281361
selected BF: 
0 1 2 3 4
selected lambdas: 
  -1 -0.9 -0.8 -0.7 -0.6 -0.5 -0.4 -0.3 -0.2 -0.1    0  0.1  0.2  0.3  0.4  0.5  0.6  0.7  0.8  0.9    1
RHF C: 
 0.000282153713969652     0.995169522685054    -0.117875609358814    -0.229416383562577   -0.0250802611117373  1.99827038279642e-15  2.92998212895352e-15  1.04070597548825e-15 -7.19557525844872e-16    0.0515740779404262
 -0.00179940948633974    0.0198953227402886     0.444811758352499       0.9143992473987     0.108997233177697 -9.08174164070805e-15 -1.33226024019169e-14  -4.8915925487353e-15  3.36988826887211e-15    -0.247345206384494
 2.50604619320034e-18  7.24873795739789e-18   3.6482296879524e-15 -8.02086238135166e-16 -5.61757207228454e-14  -0.00712874834069741    -0.380705413850907    -0.926262310957928    0.0167772551803074  1.81176607111114e-14
 2.35055588808833e-16  -5.6761233706119e-18 -2.39147524643382e-15  5.02179986132785e-16  3.76079156776432e-14     0.380705413849686  -0.00712874834072272   -0.0167772551802968    -0.926262310958431  -1.1785707476972e-14
  -0.0021260927266763   0.00127004713910493     0.136589311157524   -0.0369823397809248    -0.881745384388166 -1.35873855857586e-14 -2.21429050232197e-14  5.23303555876699e-14 -3.57189156678842e-14    -0.530433726694861
    0.995087348785166  0.000359971328630137    -0.216993749742653     0.137660767750196   -0.0630014004199912 -8.15097965528507e-16 -1.29987185814895e-15  2.73575978247264e-15  -1.8724282895373e-15   -0.0286610131382135
    0.020154631057999  -0.00195956739497612     0.828148610914276    -0.566471649277232     0.296399381309106  3.88808829480838e-15  6.65627784464325e-15 -1.39158751656259e-14  9.62861673371004e-15     0.149650605955552
-1.15969444570238e-17  8.22176399204776e-19 -3.31939312436808e-15 -2.80455752147533e-15  2.68100571090831e-14    -0.016911667928048     -0.90315483584607     0.432660028378898  -0.00783670847505275  3.60898341968543e-14
 8.92704423893378e-18  -4.9988285992968e-19  2.22354908264008e-15  1.72087990995076e-15 -1.63064175882777e-14     0.903154835846641   -0.0169116679280365   0.00783670847507811     0.432660028377708 -2.33304756745628e-14
  -0.0012009373623653   0.00181006497446892   -0.0685865071589835   -0.0726590596867575     0.330214597703093 -2.69249529830989e-14 -3.92331709314907e-14 -2.28171916998061e-14  1.55904235054298e-14    -0.975286679971167
RDM (no constraint): 
     1.99999892565042  4.85475009175523e-08 -3.49002630218928e-05  4.44596374947835e-05 -1.47783157329058e-05 -1.65296880716662e-16 -1.65912504810295e-16 -2.72990983316917e-16  2.23001239994021e-16 -0.000235226785649668
 4.85475009175523e-08      1.99999530697686 -6.52397408853327e-05 -0.000223182481232089 -0.000220608529729162  8.02309286857393e-17  9.80068339063081e-17 -7.20617268866322e-17  5.89449878438422e-17 -0.000331710731741037
-3.49002630218928e-05 -6.52397408853327e-05       1.9890810346638 -0.000601889588382134    0.0607457661107216 -1.34455511027896e-15 -1.51360382451106e-15   -1.127996216132e-13  9.03608786592646e-14    0.0606250089032981
 4.44596374947835e-05 -0.000223182481232089 -0.000601889588382134      1.98421015048366   -0.0214769793678363  1.72388524404234e-14  2.12177156163995e-14  3.82143613774793e-13 -3.03670223699652e-13   -0.0122274411323684
-1.47783157329058e-05 -0.000220608529729162    0.0607457661107216   -0.0214769793678363      1.46569633307792 -7.95574293311102e-14 -1.01803602877354e-13 -1.23104484561174e-12  9.71563922844056e-13    -0.707564831584401
-1.65296880716662e-16  8.02309286857393e-17 -1.34455511027896e-15  1.72388524404234e-14 -7.95574293311102e-14      1.45408741767012 -5.00972420574807e-16  0.000162895510318323    -0.266151389981236  1.06736020232346e-13
-1.65912504810295e-16  9.80068339063081e-17 -1.51360382451106e-15  2.12177156163995e-14 -1.01803602877354e-13 -5.00972420574807e-16      1.45408741767071     0.266151389980065   0.00016289551031576  1.26877227320027e-13
-2.72990983316917e-16 -7.20617268866322e-17   -1.127996216132e-13  3.82143613774793e-13 -1.23104484561174e-12  0.000162895510318323     0.266151389980065     0.550913269370724 -8.95591496105819e-16  1.18273449990297e-12
 2.23001239994021e-16  5.89449878438422e-17  9.03608786592646e-14 -3.03670223699652e-13  9.71563922844056e-13    -0.266151389981236   0.00016289551031576 -8.95591496105819e-16     0.550913269371324 -9.36735641096531e-13
-0.000235226785649668 -0.000331710731741037    0.0606250089032981   -0.0122274411323684    -0.707564831584401  1.06736020232346e-13  1.26877227320027e-13  1.18273449990297e-12 -9.36735641096531e-13     0.551016875064483
RDM Eigenvectors: 
    0.995771250773272   -0.0900839875373148    -0.017909814106933  -0.00179298406175767  -0.00070843289094615 -2.24686509929557e-16  -1.9275684692142e-16 -2.65682813746522e-16 -2.08734068112817e-16   0.00011494545436842
    0.089914490382249     0.995776664140332   -0.0109585388071973    0.0149671108074623  0.000262998662480229   1.4008365915008e-15  1.19756858797711e-16 -2.78986514749979e-16 -4.60606044039888e-16  0.000215466577185355
  -0.0176855724577972   -0.0131262149680759    -0.940648701836823     0.294310424648218    -0.161405837047594  3.95034468865243e-14  5.03256721919797e-14   1.9839857668878e-14  1.50343386342222e-14   -0.0449941379571217
  0.00580100009737089   -0.0117893581525217     0.282748875565007     0.954778207434049    0.0902586191029504  1.64740426062876e-13  2.08824998538584e-13  2.12751394960519e-13  1.68774276282133e-13    0.0115060456108888
 -0.00289381311900972  -0.00155392634693734    -0.180628988640073   -0.0334584840790445     0.858798352472926 -1.28373868600945e-12  -1.6322624066158e-12 -1.63473770713502e-12 -1.29020143710618e-12     0.478234565097846
 2.98181545004753e-15  1.32733813593284e-15  1.96522310505023e-13  1.65359944635887e-13 -1.10617369033818e-12    -0.964738979728239  -0.00567730210929718  0.000405032260312341       0.2631469269867  1.74508389974934e-13
 3.65121161835557e-15 -3.11734885098435e-16  2.46698572127942e-13   2.0710168365446e-13 -1.39043184136324e-12    0.0056773021092999    -0.964738979728569     0.263146926985492 -0.000405032260308469  2.25486915369139e-13
 6.21533213068941e-15 -6.58515295160556e-16  3.85104899575421e-13  3.15722754374727e-13 -1.49824292711656e-12   0.00138748941902898     -0.26314358078082    -0.964755269845055  0.000894468085079481 -1.33172240960654e-12
 -4.9280318076584e-15  4.05215112277929e-16 -3.05603515438261e-13 -2.50646276363812e-13  1.18487573978727e-12     0.263143580782028   0.00138748941903873  0.000894468085078315     0.964755269844726  1.05616184465143e-12
 0.000441953702507025  9.57643056833017e-05    0.0465339719791423    0.0208146390258217    -0.477772284868979  5.75608191135135e-13  7.37845627787178e-13 -6.44130865050783e-13 -5.10628614786434e-13      0.87700329507435
Total C: 
   0.0906103451431123     0.995237014355903     0.042031826175605     -0.23692683414629   -0.0475990181974194  1.87272460836721e-14  2.21574877972873e-14 -4.38786567141003e-14 -3.50954310346822e-14    0.0361148827880362
 -0.00298997564197433   0.00316146059528789    -0.191250055510015     0.995466930235556     0.222525035080443 -1.04493646894484e-13 -1.32880803033611e-13  1.85713163328118e-13  1.47541192504161e-13     -0.17428503884442
-7.14645690475548e-15  7.83562157297294e-16 -4.49824347981934e-13 -3.74106117651005e-13  1.88731450895599e-12    0.0078456496000066     0.611085084105487     0.793447105360175     0.013635723028335  1.15300635845992e-12
   5.734258603626e-15  8.23348481323782e-17  3.44712336547659e-13  2.86615797245373e-13 -1.44522395437539e-12    -0.611085084105435   0.00784564960000855    0.0136357230283339    -0.793447105360216 -8.83348707751016e-13
 -0.00231592187701416   0.00141867836911568  -0.00432952430400621    0.0233736244301121    -0.529197396642833  8.29570155218551e-13  1.05463261735721e-12  1.72158296533804e-12  1.36631580785758e-12    -0.893444456089858
    0.995717616816293    -0.087962455932417     0.235258710554741    0.0673045531184154   0.00633220952735643  7.85530904517914e-14  9.98584697618408e-14   1.4318672436075e-13   1.1366504325294e-13   -0.0438034141792419
  0.00116923853833079  -0.00840527217402844    -0.986080112732583    -0.303989633141315  -0.00176337373346186 -3.56171367474549e-13  -4.5277135930704e-13 -6.69834730081235e-13 -5.31692015789815e-13     0.229214716728133
 -6.5096268613927e-16  1.13022358742182e-17 -5.79497801616017e-14 -5.50769982127155e-14  6.23031483145449e-13   0.00972599408957675     0.757542105040617    -0.655087321531543   -0.0112579518133836 -7.46471231769066e-13
  5.6421749756529e-16  1.34655153954745e-15  4.43681158364306e-14   4.2230222298899e-14 -4.77685363883492e-13     -0.75754210504066   0.00972599408957582    -0.011257951813385     0.655087321531493  5.71977988052451e-13
 -0.00162822229415581    0.0030609637878255   -0.0610570774604812    -0.120878486154282     0.754066180995747 -9.70145063544907e-13 -1.23320366899147e-12  8.32707070010766e-14  6.66224279140476e-14    -0.695159373178816
Basis set used: STO-3G
Naturals: 
 1.99999974743851  1.99999911726807  1.99792617252434   1.9845070936941  1.84565935240911  1.52668301631972  1.52668301631964 0.478317670721798  0.47831767072172  0.16190714258302
Naturals: 
 1.99999974743848  1.99999911726806  1.99792617254803  1.98450709373832  1.84565935160455  1.52668300959867  1.52668300959886 0.478317677476854 0.478317677477048 0.161907143251184
Version: Tmhuysen's fci hack
