Naturals in-correctThe Davidson algorithm did not converge.lambda: -1
The Davidson algorithm did not converge.lambda: -0.9
The Davidson algorithm did not converge.lambda: -0.8
The Davidson algorithm did not converge.lambda: -0.7
The Davidson algorithm did not converge.lambda: -0.6
The Davidson algorithm did not converge.lambda: -0.5
The Davidson algorithm did not converge.lambda: -0.4
The Davidson algorithm did not converge.lambda: -0.3
The Davidson algorithm did not converge.lambda: -0.2
The Davidson algorithm did not converge.lambda: -0.1
TOTAL ENERGY: -127.163100871967	 lambda: 0	 population of target: 6.99980041314476
1RDM: 
       1.999999999995 -7.21784187871615e-17  8.73340573400374e-15  3.10469845644084e-14  2.89494221830863e-12  1.28100588914731e-13  8.65156225799971e-14 -8.39114290025749e-14 -9.10108326616452e-14 -4.14124130967537e-12
-7.21784187871615e-17      1.99999999963192  9.11960356075997e-14  5.01050206558559e-14  6.78242817309818e-12  1.46186095656717e-12  1.15672034243496e-12 -1.14482221884772e-12 -1.48342365496073e-12  1.11894350106276e-12
 8.73340573400374e-15  9.11960356075997e-14      1.99999346399956 -1.45024580259282e-12 -4.77790639937307e-10 -3.81713898560327e-11 -2.99988629647446e-11  2.94291701369351e-11  3.85396191248647e-11 -1.41952869550886e-12
 3.10469845644084e-14  5.01050206558559e-14 -1.45024580259282e-12      1.99997981524899  6.35403474181044e-10  5.68737432758256e-11  4.49091093338636e-11 -4.39585869602048e-11 -5.82014154218863e-11 -1.29574774691471e-11
 2.89494221830863e-12  6.78242817309818e-12 -4.77790639937307e-10  6.35403474181044e-10      1.01717537718625 -1.47728973121698e-10 -9.08535215962089e-11  5.07782748392618e-11  3.73882534190008e-11  1.39462933821041e-10
 1.28100588914731e-13  1.46186095656717e-12 -3.81713898560327e-11  5.68737432758256e-11 -1.47728973121698e-10       1.0012460368301  8.27543762712572e-15  2.14340203850795e-13  3.04790711627168e-12 -3.52540394948034e-11
 8.65156225799971e-14  1.15672034243496e-12 -2.99988629647446e-11  4.49091093338636e-11 -9.08535215962089e-11  8.27543762712572e-15      1.00124603683061  2.89432856659483e-12 -2.14540087164567e-13 -4.94282546494149e-11
-8.39114290025749e-14 -1.14482221884772e-12  2.94291701369351e-11 -4.39585869602048e-11  5.07782748392618e-11  2.14340203850795e-13  2.89432856659483e-12      0.99875733871318 -8.27469936944566e-15  9.01261234996257e-11
-9.10108326616452e-14 -1.48342365496073e-12  3.85396191248647e-11 -5.82014154218863e-11  3.73882534190008e-11  3.04790711627168e-12 -2.14540087164567e-13 -8.27469936944566e-15     0.998757338713694  1.47148682109355e-10
-4.14124130967537e-12  1.11894350106276e-12 -1.41952869550886e-12 -1.29574774691471e-11  1.39462933821041e-10 -3.52540394948034e-11 -4.94282546494149e-11  9.01261234996257e-11  1.47148682109355e-10     0.982844592850734
TOTAL ENERGY: -127.163095860289	 lambda: 0.1	 population of target: 6.99995397774162
1RDM: 
     1.99999999999469  8.14808976052156e-13  3.08945289934191e-10  1.44287964610263e-09  2.24030635768907e-07  1.25986717607897e-13  8.51306822325179e-14 -8.28966881253822e-14 -8.99376965910435e-14   -6.051044625674e-08
 8.14808976052156e-13       1.9999999998401  3.27972425498746e-09 -2.39140170878629e-08  1.72644664432366e-06  1.44338920068162e-12   1.1429032955707e-12  -1.1295797785744e-12 -1.46303273983012e-12 -1.73045541179406e-06
 3.08945289934191e-10  3.27972425498746e-09      1.99999207068403 -7.37822368917192e-07 -0.000119880104677666 -3.68207181546934e-11  -2.8966594290298e-11  2.83088824599541e-11  3.70125053209745e-11  0.000136278037459583
 1.44287964610263e-09 -2.39140170878629e-08 -7.37822368917192e-07       1.9999863288174  0.000229742599331235  5.43482833400827e-11  4.30256229724583e-11 -4.20372859504968e-11 -5.56399412348336e-11 -0.000222869278255907
 2.24030635768907e-07  1.72644664432366e-06 -0.000119880104677666  0.000229742599331235      1.00895717946487 -7.68512914841727e-11 -4.71654092994183e-11  2.62232606916037e-11  1.90521839904603e-11  5.62364448490935e-05
 1.25986717607897e-13  1.44338920068162e-12 -3.68207181546934e-11  5.43482833400827e-11 -7.68512914841727e-11      1.00065609483037 -2.47537836977731e-15  1.82896675855812e-12  2.95908597629189e-07 -1.90047002274294e-11
 8.51306822325179e-14   1.1429032955707e-12  -2.8966594290298e-11  4.30256229724583e-11 -4.71654092994183e-11 -2.47537836977731e-15      1.00065609483046  2.95908517089005e-07 -1.82906235097044e-12  -2.6174223699205e-11
-8.28966881253822e-14  -1.1295797785744e-12  2.83088824599541e-11 -4.20372859504968e-11  2.62232606916037e-11  1.82896675855812e-12  2.95908517089005e-07     0.999347253815988  2.47544189538687e-15  4.71034069432922e-11
-8.99376965910435e-14 -1.46303273983012e-12  3.70125053209745e-11 -5.56399412348336e-11  1.90521839904603e-11  2.95908597629189e-07 -1.82906235097044e-12  2.47544189538687e-15     0.999347253816074  7.67803058108598e-11
  -6.051044625674e-08 -1.73045541179406e-06  0.000136278037459583 -0.000222869278255907  5.62364448490935e-05 -1.90047002274294e-11  -2.6174223699205e-11  4.71034069432922e-11  7.67803058108598e-11     0.991057723906053
TOTAL ENERGY: -127.163092123021	 lambda: 0.2	 population of target: 6.99998070227478
1RDM: 
       1.999999999994  2.00061346002951e-12  4.60830814470317e-10   1.8372361525302e-09  3.72913286162289e-07  1.24691820019983e-13   8.4385275888329e-14 -8.26521371924775e-14 -8.99162957187078e-14 -2.82369733502379e-08
 2.00061346002951e-12      1.99999999986766  2.53421336508557e-09  -2.9058889510428e-08  2.60326292894489e-06  1.43392464981437e-12  1.13587231717806e-12 -1.12222301231521e-12 -1.45326030888601e-12 -2.56477328480834e-06
 4.60830814470317e-10  2.53421336508557e-09      1.99999141871186 -5.88185130306755e-07 -0.000163340029371955 -3.63118644703463e-11 -2.85663627501122e-11  2.78513212041724e-11  3.63745938977757e-11  0.000194944444966064
  1.8372361525302e-09  -2.9058889510428e-08 -5.88185130306755e-07      1.99998768712777  0.000324521752033312   5.3318578169182e-11  4.22673972312711e-11 -4.12911399895263e-11 -5.46584920046396e-11 -0.000306972847175585
 3.72913286162289e-07  2.60326292894489e-06 -0.000163340029371955  0.000324521752033312      1.00640672542062 -5.49119522646979e-11  -3.3678871331123e-11  1.86750703242592e-11  1.34947895617271e-11  5.33180793071453e-05
 1.24691820019983e-13  1.43392464981437e-12 -3.63118644703463e-11   5.3318578169182e-11 -5.49119522646979e-11      1.00047111252016  -3.0463232237168e-15  2.19006875658766e-12  2.82510438512615e-07 -1.37212867109671e-11
  8.4385275888329e-14  1.13587231717806e-12 -2.85663627501122e-11  4.22673972312711e-11  -3.3678871331123e-11  -3.0463232237168e-15      1.00047111252026  2.82510380761296e-07 -2.19013856422856e-12 -1.87997814214556e-11
-8.26521371924775e-14 -1.12222301231521e-12  2.78513212041724e-11 -4.12911399895263e-11  1.86750703242592e-11  2.19006875658766e-12  2.82510380761296e-07     0.999532231760636  3.04641783411876e-15  3.37097928518762e-11
-8.99162957187078e-14 -1.45326030888601e-12  3.63745938977757e-11 -5.46584920046396e-11  1.34947895617271e-11  2.82510438512615e-07 -2.19013856422856e-12  3.04641783411876e-15     0.999532231760736  5.49131843632757e-11
-2.82369733502379e-08 -2.56477328480834e-06  0.000194944444966064 -0.000306972847175585  5.33180793071453e-05 -1.37212867109671e-11 -1.87997814214556e-11  3.37097928518762e-11  5.49131843632757e-11      0.99360748031632
TOTAL ENERGY: -127.163089857475	 lambda: 0.3	 population of target: 6.99999002576838
1RDM: 
     1.99999999999312  3.03395226457682e-12   4.8752753612921e-10  2.14677497643022e-09  5.07692569449524e-07  1.23575224808986e-13  8.37957199631606e-14 -8.26305862175581e-14 -9.02196953203368e-14   3.5133355499647e-08
 3.03395226457682e-12      1.99999999987159  1.86198982250853e-09 -3.14418295853798e-08  3.21871141078979e-06  1.42725420156201e-12  1.13093799856464e-12 -1.11721628592981e-12 -1.44664078401785e-12 -3.13143978589735e-06
  4.8752753612921e-10  1.86198982250853e-09      1.99999107503303 -4.51299066289164e-07 -0.000185734618720691  -3.6032127258794e-11 -2.83357606564772e-11  2.75649606801046e-11  3.59632184543182e-11  0.000234145882513927
 2.14677497643022e-09 -3.14418295853798e-08 -4.51299066289164e-07      1.99998819395883  0.000383744144030095  5.26823478057551e-11  4.18047474956436e-11 -4.08525578676768e-11  -5.4089973407523e-11 -0.000354875562437719
 5.07692569449524e-07  3.21871141078979e-06 -0.000185734618720691  0.000383744144030095      1.00522004319151 -4.47110732868514e-11   -2.741344213242e-11  1.51751072160679e-11  1.09289022048663e-11  4.89095315454564e-05
 1.23575224808986e-13  1.42725420156201e-12  -3.6032127258794e-11  5.26823478057551e-11 -4.47110732868514e-11      1.00038468247122 -8.40708587918319e-16 -6.13410062011325e-13  2.60219883675376e-07 -1.12283125725597e-11
 8.37957199631606e-14  1.13093799856464e-12 -2.83357606564772e-11  4.18047474956436e-11   -2.741344213242e-11 -8.40708587918319e-16      1.00038468247128  2.60219836560167e-07  6.13353525392058e-13 -1.53472461571825e-11
-8.26305862175581e-14 -1.11721628592981e-12  2.75649606801046e-11 -4.08525578676768e-11  1.51751072160679e-11 -6.13410062011325e-13  2.60219836560167e-07      0.99961866042795  8.40727909137788e-16  2.74715488081652e-11
-9.02196953203368e-14 -1.44664078401785e-12  3.59632184543182e-11  -5.4089973407523e-11  1.09289022048663e-11  2.60219883675376e-07  6.13353525392058e-13  8.40727909137788e-16     0.999618660428015  4.47342043973432e-11
  3.5133355499647e-08 -3.13143978589735e-06  0.000234145882513927 -0.000354875562437719  4.89095315454564e-05 -1.12283125725597e-11 -1.53472461571825e-11  2.74715488081652e-11  4.47342043973432e-11     0.994794002153566
TOTAL ENERGY: -127.163088311978	 lambda: 0.4	 population of target: 6.99999450598324
1RDM: 
     1.99999999999195  4.08524643284748e-12  4.40697431531423e-10  2.48246888955903e-09  6.41973414913826e-07  1.22497060662168e-13  8.32599166976958e-14 -8.27278646435972e-14 -9.07140547837073e-14  1.18674301189308e-07
 4.08524643284748e-12      1.99999999986936  1.36587012716716e-09 -3.29834074777893e-08  3.70137655546878e-06  1.42201959736709e-12  1.12708283963515e-12   -1.113396962149e-12 -1.44161628815355e-12 -3.56122164872041e-06
 4.40697431531423e-10  1.36587012716716e-09      1.99999087494124 -3.56710850072662e-07 -0.000198120360410697 -3.58590563445989e-11 -2.81825580196793e-11  2.73527016395359e-11  3.56477056840483e-11  0.000265349640206387
 2.48246888955903e-09 -3.29834074777893e-08 -3.56710850072662e-07      1.99998842214962  0.000427506690331516  5.22184830967007e-11  4.14722832116362e-11 -4.05507241687224e-11 -5.37059725996567e-11 -0.000386478249774692
 6.41973414913826e-07  3.70137655546878e-06 -0.000198120360410697  0.000427506690331516      1.00458466952303 -3.92526292755143e-11 -2.40610493776068e-11  1.33055634663184e-11   9.5635232473944e-12  4.60290959281908e-05
 1.22497060662168e-13  1.42201959736709e-12 -3.58590563445989e-11  5.22184830967007e-11 -3.92526292755143e-11      1.00033826363332 -4.40735323179229e-16  1.93224049328997e-12   2.4554878290102e-07 -9.89376778184657e-12
 8.32599166976958e-14  1.12708283963515e-12 -2.81825580196793e-11  4.14722832116362e-11 -2.40610493776068e-11 -4.40735323179229e-16      1.00033826363343  2.45548741539048e-07 -1.93229017672394e-12 -1.34981949748686e-11
-8.27278646435972e-14   -1.113396962149e-12  2.73527016395359e-11 -4.05507241687224e-11  1.33055634663184e-11  1.93224049328997e-12  2.45548741539048e-07     0.999665078694193  4.40766167344027e-16  2.41316971403544e-11
-9.07140547837073e-14 -1.44161628815355e-12  3.56477056840483e-11 -5.37059725996567e-11   9.5635232473944e-12   2.4554878290102e-07 -1.93229017672394e-12  4.40766167344027e-16     0.999665078694305  3.92863885284339e-11
 1.18674301189308e-07 -3.56122164872041e-06  0.000265349640206387 -0.000386478249774692  4.60290959281908e-05 -9.89376778184657e-12 -1.34981949748686e-11  2.41316971403544e-11  3.92863885284339e-11     0.995429348869612
TOTAL ENERGY: -127.163087114627	 lambda: 0.5	 population of target: 6.99999718708462
1RDM: 
     1.99999999999038   5.2866914331906e-12  3.40525058052987e-10  2.88468832223243e-09  7.81807034793202e-07  1.21398484253836e-13  8.27379666992411e-14 -8.29112023946394e-14 -9.13617325564541e-14   2.1980746177513e-07
  5.2866914331906e-12      1.99999999986505  9.86763558351805e-10 -3.41764931443585e-08   4.1014250037509e-06  1.41768808216548e-12  1.12390944430542e-12 -1.11032520650243e-12 -1.43759996748836e-12 -3.90357497054695e-06
 3.40525058052987e-10  9.86763558351805e-10      1.99999075504885 -2.96631309091013e-07 -0.000204250062990146 -3.57506513315755e-11 -2.80748439130725e-11  2.71803454744789e-11  3.53816742233467e-11  0.000292668667517859
 2.88468832223243e-09 -3.41764931443585e-08 -2.96631309091013e-07      1.99998852416604  0.000462929109712032   5.1848990475519e-11  4.12119707507074e-11 -4.03266399307024e-11 -5.34280130859035e-11 -0.000408581701729838
 7.81807034793202e-07   4.1014250037509e-06 -0.000204250062990146  0.000462929109712032      1.00424160940569 -3.63054891595251e-11  -2.2250451135784e-11  1.22942340066411e-11  8.82374347651089e-12  4.47066704777681e-05
 1.21398484253836e-13  1.41768808216548e-12 -3.57506513315755e-11   5.1848990475519e-11 -3.63054891595251e-11      1.00031310422295 -2.85043059332475e-16 -7.07665099524607e-14  2.38884096937651e-07 -9.17622756974814e-12
 8.27379666992411e-14  1.12390944430542e-12 -2.80748439130725e-11  4.12119707507074e-11  -2.2250451135784e-11 -2.85043059332475e-16      1.00031310422299  2.38884058633513e-07  7.07207692703605e-14 -1.25015233141924e-11
-8.29112023946394e-14 -1.11032520650243e-12  2.71803454744789e-11 -4.03266399307024e-11  1.22942340066411e-11 -7.07665099524607e-14  2.38884058633513e-07     0.999690237843583  2.85068536449169e-16  2.23299880934773e-11
-9.13617325564541e-14 -1.43759996748836e-12  3.53816742233467e-11 -5.34280130859035e-11  8.82374347651089e-12  2.38884096937651e-07  7.07207692703605e-14  2.85068536449169e-16     0.999690237843623  3.63469489889019e-11
  2.1980746177513e-07 -3.90357497054695e-06  0.000292668667517859 -0.000408581701729838  4.47066704777681e-05 -9.17622756974814e-12 -1.25015233141924e-11  2.23299880934773e-11  3.63469489889019e-11     0.995772427390878
TOTAL ENERGY: -127.163086041753	 lambda: 0.6	 population of target: 6.99999914402845
1RDM: 
     1.99999999998823  6.76543122632056e-12  1.94989210629614e-10  3.38758768628048e-09  9.31423247640425e-07  1.20241789034806e-13  8.22071138045656e-14 -8.31697782912918e-14 -9.21558115296934e-14  3.38796020680088e-07
 6.76543122632056e-12      1.99999999985992  6.73483092402944e-10 -3.52096275575347e-08  4.44483324673368e-06  1.41398185863493e-12  1.12121163339028e-12 -1.10778103449188e-12 -1.43429971698602e-12  -4.1831653296017e-06
 1.94989210629614e-10  6.73483092402944e-10      1.99999068759079 -2.65179306006316e-07 -0.000205701430512745 -3.56886264943448e-11 -2.79983307758615e-11  2.70317194815609e-11  3.51426881501338e-11  0.000318151401022954
 3.38758768628048e-09 -3.52096275575347e-08 -2.65179306006316e-07      1.99998855365332   0.00049338049311041  5.15372603190477e-11  4.09968209149673e-11 -4.01536009141872e-11 -5.32209225311572e-11 -0.000424201882290113
 9.31423247640425e-07  4.44483324673368e-06 -0.000205701430512745   0.00049338049311041      1.00408967790753 -3.49990660773668e-11 -2.14466524321978e-11  1.18412955945564e-11  8.48833025194849e-12  4.48419294775163e-05
 1.20241789034806e-13  1.41398185863493e-12 -3.56886264943448e-11  5.15372603190477e-11 -3.49990660773668e-11       1.0003018508866 -2.89705904009388e-16   2.1181286065598e-13  2.39782368721923e-07 -8.86554930448726e-12
 8.22071138045656e-14  1.12121163339028e-12 -2.79983307758615e-11  4.09968209149673e-11 -2.14466524321978e-11 -2.89705904009388e-16      1.00030185088677  2.39782331901226e-07  -2.1185700628107e-13 -1.20644267197769e-11
-8.31697782912918e-14 -1.10778103449188e-12  2.70317194815609e-11 -4.01536009141872e-11  1.18412955945564e-11   2.1181286065598e-13  2.39782331901226e-07     0.999701491071084  2.89773295498812e-16  2.15351372172674e-11
-9.21558115296934e-14 -1.43429971698602e-12  3.51426881501338e-11 -5.32209225311572e-11  8.48833025194849e-12  2.39782368721923e-07  -2.1185700628107e-13  2.89773295498812e-16     0.999701491071254  3.50481401483725e-11
 3.38796020680088e-07  -4.1831653296017e-06  0.000318151401022954 -0.000424201882290113  4.48419294775163e-05 -8.86554930448726e-12 -1.20644267197769e-11  2.15351372172674e-11  3.50481401483725e-11     0.995924397084504
TOTAL ENERGY: -127.163084898999	 lambda: 0.7	 population of target: 7.00000090210046
1RDM: 
     1.99999999998517   8.6972520438197e-12  6.38581510828443e-12  4.04162325555386e-09    1.094776672706e-06  1.18994190575204e-13  8.16500217708133e-14 -8.35030290074443e-14 -9.31052920879449e-14  4.77512140451977e-07
  8.6972520438197e-12      1.99999999985438  3.85546715086389e-10 -3.61855663844489e-08  4.74759004659444e-06  1.41072984260652e-12  1.11886357335466e-12 -1.10563701197186e-12 -1.43154793925495e-12 -4.41419537095461e-06
 6.38581510828443e-12  3.85546715086389e-10      1.99999066021645 -2.60971792101133e-07  -0.00020313929868072 -3.56643942060907e-11 -2.79457722457785e-11  2.68974616121338e-11  3.49171311986631e-11  0.000343112462818435
 4.04162325555386e-09 -3.61855663844489e-08 -2.60971792101133e-07      1.99998853011438  0.000520806573843571  5.12625033795309e-11  4.08117968455268e-11  -4.0017556491338e-11 -5.30666064682653e-11 -0.000434850063084711
   1.094776672706e-06  4.74759004659444e-06  -0.00020313929868072  0.000520806573843571       1.0040913893804   -3.501118966999e-11 -2.14513396181074e-11  1.18351465218102e-11  8.47469910255005e-12  4.65200684494641e-05
 1.18994190575204e-13  1.41072984260652e-12 -3.56643942060907e-11  5.12625033795309e-11   -3.501118966999e-11      1.00030174897231 -3.04056968911969e-16   7.3885314213317e-13  2.48708025169286e-07 -8.88560243719662e-12
 8.16500217708133e-14  1.11886357335466e-12 -2.79457722457785e-11  4.08117968455268e-11 -2.14513396181074e-11 -3.04056968911969e-16      1.00030174897241  2.48707988311582e-07 -7.38897329782323e-13 -1.20793511102374e-11
-8.35030290074443e-14 -1.10563701197186e-12  2.68974616121338e-11  -4.0017556491338e-11  1.18351465218102e-11   7.3885314213317e-13  2.48707988311582e-07     0.999701592977948  3.04099729649478e-16  2.15509253069705e-11
-9.31052920879449e-14 -1.43154793925495e-12  3.49171311986631e-11 -5.30666064682653e-11  8.47469910255005e-12  2.48708025169286e-07 -7.38897329782323e-13  3.04099729649478e-16     0.999701592978041  3.50693976727086e-11
 4.77512140451977e-07 -4.41419537095461e-06  0.000343112462818435 -0.000434850063084711  4.65200684494641e-05 -8.88560243719662e-12 -1.20793511102374e-11  2.15509253069705e-11  3.50693976727086e-11     0.995922736548539
TOTAL ENERGY: -127.163083426465	 lambda: 0.8	 population of target: 7.00000286086531
1RDM: 
     1.99999999998058  1.13633996896059e-11 -2.21261612699651e-10  4.92890786724135e-09  1.27638153758285e-06  1.17620405972959e-13  8.10500981220672e-14 -8.39175696810075e-14 -9.42321156326758e-14  6.39317350020316e-07
 1.13633996896059e-11      1.99999999984848   8.3781378138848e-11 -3.71878375275342e-08  5.02084096162584e-06   1.4078120241615e-12  1.11677840118846e-12 -1.10381324638743e-12 -1.42924172988504e-12 -4.60533951824781e-06
-2.21261612699651e-10   8.3781378138848e-11      1.99999066912377 -2.87873132892549e-07 -0.000196703179178328 -3.56745951943064e-11 -2.79134805271323e-11  2.67711000587923e-11  3.46947795291969e-11  0.000368627287696209
 4.92890786724135e-09 -3.71878375275342e-08 -2.87873132892549e-07      1.99998845583138  0.000546544954388257  5.10108767853194e-11  4.06472559014943e-11 -3.99105668419838e-11 -5.29554078445998e-11 -0.000441276492420489
 1.27638153758285e-06  5.02084096162584e-06 -0.000196703179178328  0.000546544954388257      1.00424682502933 -3.63422432319363e-11  -2.2264158050078e-11  1.22735979760551e-11  8.77924369796228e-12  5.01282913518856e-05
 1.17620405972959e-13   1.4078120241615e-12 -3.56745951943064e-11  5.10108767853194e-11 -3.63422432319363e-11       1.0003127535263 -3.27513302086645e-16  7.94199281329016e-14  2.67668954012084e-07 -9.24007357919831e-12
 8.10500981220672e-14  1.11677840118846e-12 -2.79134805271323e-11  4.06472559014943e-11  -2.2264158050078e-11 -3.27513302086645e-16      1.00031275352639  2.67668915808758e-07 -7.94657992230741e-14 -1.25486069264677e-11
-8.39175696810075e-14 -1.10381324638743e-12  2.67711000587923e-11 -3.99105668419838e-11  1.22735979760551e-11  7.94199281329016e-14  2.67668915808758e-07     0.999690588514732  3.27556521077549e-16  2.23792132159646e-11
-9.42321156326758e-14 -1.42924172988504e-12  3.46947795291969e-11 -5.29554078445998e-11  8.77924369796228e-12  2.67668954012084e-07 -7.94657992230741e-14  3.27556521077549e-16     0.999690588514828   3.6412778578531e-11
 6.39317350020316e-07 -4.60533951824781e-06  0.000368627287696209 -0.000441276492420489  5.01282913518856e-05 -9.24007357919831e-12 -1.25486069264677e-11  2.23792132159646e-11   3.6412778578531e-11     0.995767366104212
TOTAL ENERGY: -127.163081135228	 lambda: 0.9	 population of target: 7.00000554566256
1RDM: 
     1.99999999997328  1.53014558124725e-11 -4.71060123541616e-10  6.20589908446527e-09  1.48211183183925e-06  1.16075967091102e-13  8.03881227329469e-14 -8.44278976896314e-14 -9.55743974174134e-14  8.29605560680951e-07
 1.53014558124725e-11      1.99999999984202 -2.85392646888033e-10 -3.83196269884779e-08   5.2732833024731e-06  1.40513376847186e-12  1.11488953930459e-12 -1.10225976498755e-12 -1.42732034022502e-12 -4.76158918927361e-06
-4.71060123541616e-10 -2.85392646888033e-10      1.99999071696556 -3.57952512845655e-07  -0.00018608307813544 -3.57198362763915e-11 -2.79001084612904e-11  2.66471708162401e-11  3.44659214569468e-11  0.000395824816907648
 6.20589908446527e-09 -3.83196269884779e-08 -3.57952512845655e-07      1.99998831800699  0.000571710878736471  5.07714396780274e-11  4.04960854214171e-11 -3.98283104895336e-11 -5.28829972041582e-11 -0.000443718958212902
 1.48211183183925e-06   5.2732833024731e-06  -0.00018608307813544  0.000571710878736471      1.00459360153398 -3.93148524581549e-11 -2.40820734482531e-11  1.32625262807769e-11  9.47531542749883e-12  5.65995195416048e-05
 1.16075967091102e-13  1.40513376847186e-12 -3.57198362763915e-11  5.07714396780274e-11 -3.93148524581549e-11      1.00033747957062  4.29373067210538e-17  9.68087631074085e-14  3.01448387812397e-07 -1.00149972359247e-11
 8.03881227329469e-14  1.11488953930459e-12 -2.79001084612904e-11  4.04960854214171e-11 -2.40820734482531e-11  4.29373067210538e-17      1.00033747957078  3.01448346630243e-07  -9.6857226811279e-14 -1.35858211877959e-11
-8.44278976896314e-14 -1.10225976498755e-12  2.66471708162401e-11 -3.98283104895336e-11  1.32625262807769e-11  9.68087631074085e-14  3.01448346630243e-07     0.999665862701722 -4.28849425039918e-17  2.42206672603038e-11
-9.55743974174134e-14 -1.42732034022502e-12  3.44659214569468e-11 -5.28829972041582e-11  9.47531542749883e-12  3.01448387812397e-07  -9.6857226811279e-14 -4.28849425039918e-17     0.999665862701879  3.94036651843728e-11
 8.29605560680951e-07 -4.76158918927361e-06  0.000395824816907648 -0.000443718958212902  5.65995195416048e-05 -1.00149972359247e-11 -1.35858211877959e-11  2.42206672603038e-11  3.94036651843728e-11      0.99542067913327
TOTAL ENERGY: -127.163076851864	 lambda: 1	 population of target: 7.00001003070199
1RDM: 
     1.99999999996037  2.16951871318089e-11 -6.73049778248305e-10  8.20937635922305e-09  1.72063917499249e-06  1.14296683830063e-13  7.96380060711925e-14 -8.50610949875108e-14  -9.7197494005391e-14  1.05728797729919e-06
 2.16951871318089e-11      1.99999999983435 -8.26658500058641e-10 -3.97637733734098e-08  5.51308698624284e-06  1.40260586985249e-12  1.11313753049364e-12 -1.10095180803807e-12 -1.42576045054869e-12 -4.88489660304978e-06
-6.73049778248305e-10 -8.26658500058641e-10      1.99999081300568 -5.01140803442637e-07 -0.000170361735782482 -3.58053986694251e-11 -2.79065399822027e-11  2.65197282756674e-11  3.42185101484088e-11   0.00042624065611845
 8.20937635922305e-09 -3.97637733734098e-08 -5.01140803442637e-07      1.99998807914627  0.000597498576888185  5.05332467689352e-11  4.03519076715747e-11 -3.97694045254726e-11 -5.28499676985473e-11 -0.000441895882796023
 1.72063917499249e-06  5.51308698624284e-06 -0.000170361735782482  0.000597498576888185      1.00523298135293 -4.47982840080029e-11 -2.74362986750493e-11  1.50888215111035e-11  1.07634157652293e-11  6.81179698903215e-05
 1.14296683830063e-13  1.40260586985249e-12 -3.58053986694251e-11  5.05332467689352e-11 -4.47982840080029e-11      1.00038298796063  2.36110614631039e-16  4.85877819893336e-14  3.61145851630693e-07 -1.14387717857669e-11
 7.96380060711925e-14  1.11313753049364e-12 -2.79065399822027e-11  4.03519076715747e-11 -2.74362986750493e-11  2.36110614631039e-16      1.00038298796068  3.61145804749415e-07 -4.86422604776297e-14 -1.54948803537606e-11
-8.50610949875108e-14 -1.10095180803807e-12  2.65197282756674e-11 -3.97694045254726e-11  1.50888215111035e-11  4.85877819893336e-14  3.61145804749415e-07     0.999620354812761 -2.36085053007167e-16  2.76145140043421e-11
 -9.7197494005391e-14 -1.42576045054869e-12  3.42185101484088e-11 -5.28499676985473e-11  1.07634157652293e-11  3.61145851630693e-07 -4.86422604776297e-14 -2.36085053007167e-16     0.999620354812816  4.49172305759352e-11
 1.05728797729919e-06 -4.88489660304978e-06   0.00042624065611845 -0.000441895882796023  6.81179698903215e-05 -1.14387717857669e-11 -1.54948803537606e-11  2.76145140043421e-11  4.49172305759352e-11      0.99478144115354
-------------------general-----------------------
mullikenoperator: 
 0.000391044670366315    0.0197675247454362 -0.000225297446655104  0.000293166436872429  3.67319910217895e-06    6.889301039616e-15  2.80931041082698e-14 -4.85738807042166e-14 -9.13264263718763e-14  2.72335726507845e-06
   0.0197675247454362     0.999603824602581  -0.00197314076427488  -0.00117044357671156  1.00931475791462e-05  1.37235008875199e-12  1.07652785092465e-12 -1.07765756739598e-12 -1.37476803425616e-12 -9.29821480239865e-06
-0.000225297446655104  -0.00197314076427487     0.257511475247117    -0.437258517926776 -0.000266249178964968 -3.13390257452601e-11 -2.40469884825989e-11  2.31376730730581e-11  2.94038063645043e-11  0.000566275423816495
  0.00029316643687243  -0.00117044357671157    -0.437258517926776     0.742492375382431  0.000798373730972821  5.10301593792315e-11  3.98106834785607e-11   -4.029741370018e-11 -5.20984776107411e-11 -0.000611111445688334
 3.67319910217894e-06  1.00931475791463e-05 -0.000266249178964969  0.000798373730972823     0.494379667947209 -8.74964249140652e-12 -5.76919425716451e-12  3.33705518514902e-12  1.31606010355821e-12     0.499967832109094
 6.88930103978493e-15  1.37235008875157e-12  -3.1339025745247e-11  5.10301593792089e-11 -8.74964249096301e-12     0.499593238502043  3.64922070111907e-14  1.60082625108758e-07     0.499999834979422 -1.52260425330857e-12
 2.80931041083016e-14  1.07652785092465e-12 -2.40469884825997e-11  3.98106834785634e-11 -5.76919425726248e-12   3.6475278320301e-14     0.499593238563593     0.499999834979471 -1.60082624775308e-07 -3.48488245430745e-12
-4.85738807041844e-14 -1.07765756739598e-12  2.31376730730572e-11 -4.02974137001772e-11  3.33705518510324e-12  1.60082625089739e-07     0.499999834979472     0.500406761436406 -3.61953187101443e-14  5.88156660344357e-12
-9.13264263717094e-14 -1.37476803425664e-12  2.94038063645209e-11 -5.20984776107696e-11  1.31606010415886e-12     0.499999834979422 -1.60082624744984e-07  -3.6172793347122e-14     0.500406761497957  8.86293466076553e-12
 2.72335726507842e-06  -9.2982148023994e-06  0.000566275423816497 -0.000611111445688334     0.499967832109094  -1.5226042539627e-12 -3.48488245422459e-12  5.88156660347366e-12  8.86293465995212e-12     0.505621612150302
selected BF: 
0 1 2 3 4
selected lambdas: 
  -1 -0.9 -0.8 -0.7 -0.6 -0.5 -0.4 -0.3 -0.2 -0.1    0  0.1  0.2  0.3  0.4  0.5  0.6  0.7  0.8  0.9    1
RHF C: 
 4.27472084223416e-07     0.995388332930352    -0.260143885444375 -0.000291859099893793  0.000273178330386646  0.000173090796116962 -1.41616430098644e-10  2.05442690356068e-10  6.41748800939502e-10  3.20536481955934e-11
 -2.5322299375403e-06    0.0189027707226186       1.0286460761801    0.0011553420657812  -0.00109319420594579  -0.00068777357032203  5.66814889501913e-10 -8.07185520687706e-10 -2.52211264063012e-09 -1.27944059199857e-10
 8.55530078496499e-12  -1.5562318642247e-11 -1.57466421844322e-09 -7.03436906152363e-09 -3.68331834951258e-06  1.37331681229775e-07     0.002857853278718    -0.203134651159176     0.979146641970388  3.76187196079094e-05
 -3.7207919318579e-12  7.22998250213769e-12   3.7329279011562e-10  3.03649905993814e-09  1.58336865095921e-06 -5.95763168921071e-08 -0.000592890199464628    -0.979150795812184    -0.203133789400171  0.000181329966620052
-5.71120325727582e-06 -3.28647321288051e-06  -0.00106212737925005  -0.00188815353393807    -0.999994298337509  -0.00269255833577881 -9.24393855230211e-09 -8.02063600759467e-07 -3.92774978289943e-06 -2.80273468996835e-10
    0.995027800527958  7.49548863270666e-07 -0.000257122248555792     0.263164599780557 -0.000594083288229302   0.00423783200279917 -3.86174895688362e-10 -2.00966592167449e-10 -9.88250384624057e-10  4.06181874441244e-10
   0.0201928482209323 -2.30271485626204e-06   0.00100363680164438     -1.02891119237009   0.00232818295161955   -0.0167933773537505  1.53055839609285e-09  7.89493065723255e-10  3.88238775573985e-09 -1.58294044310033e-09
-2.00497346120895e-11  1.24134321036882e-12  2.16562247803248e-10  6.11251546387964e-09 -7.49240692407226e-10 -4.44064628263372e-07    -0.979146760550319 -2.91513519116136e-05   0.00281703841492222    -0.203134651120754
 1.87092008290639e-11 -3.72242690803304e-13 -1.59812850597058e-11 -3.45299577384219e-09 -5.62755208996188e-11  3.22241458583125e-07      0.20313381251189 -0.000140514931118201 -0.000584422863371086    -0.979150802817072
-5.73994106411315e-05  4.49445555186245e-06 -0.000394795045450967     0.016322584715262   0.00200617082248072    -0.999864942513772  5.00747213761783e-07  3.20259690420219e-08  1.53092182081046e-07 -2.25327586227884e-07
RDM (no constraint): 
     1.99999999606335  2.85260879138505e-10    7.056274009235e-08   1.0461953937591e-06 -2.04709438674416e-07 -5.88011626723574e-05  6.08993682518273e-12  -2.9920136536919e-13 -1.39228122236785e-12  9.08311995487321e-13
 2.85260879138505e-10      1.99999999597478 -1.78840989538826e-06 -9.12326017382145e-08 -4.95076526834778e-05 -4.20036097683352e-06  1.56200593676842e-12 -3.56650478733431e-11 -1.77167589820379e-10  3.33526467313743e-14
   7.056274009235e-08 -1.78840989538826e-06      1.99887109397605 -6.81441739349564e-05   -0.0333288574834655  -3.3673984013351e-05 -2.29977741281281e-11 -2.66889257070415e-08 -1.29300079149327e-07 -3.91911113358927e-11
  1.0461953937591e-06 -9.12326017382145e-08 -6.81441739349564e-05      1.99971106973057  -0.00159404080982764     0.016589688129281 -1.61332936344536e-09 -2.36155175347112e-10 -1.17584633272581e-09  1.60221456805915e-09
-2.04709438674416e-07 -4.95076526834778e-05   -0.0333288574834655  -0.00159404080982764      1.00101195485754   -0.0172023458729424  1.33066067595031e-08  1.32970767489946e-09   6.3869780761568e-09 -4.72902383046246e-09
-5.88011626723574e-05 -4.20036097683352e-06  -3.3673984013351e-05     0.016589688129281   -0.0172023458729424      1.00039913830953 -4.51729276509341e-10 -1.41059115639469e-08 -6.82399691950303e-08   9.5812591222199e-11
 6.08993682518273e-12  1.56200593676842e-12 -2.29977741281281e-11 -1.61332936344536e-09  1.33066067595031e-08 -4.51729276509341e-10     0.999995488165432  1.84967347237496e-12  -0.00124433768853674  -1.4194281497315e-13
 -2.9920136536919e-13 -3.56650478733431e-11 -2.66889257070415e-08 -2.36155175347112e-10  1.32970767489946e-09 -1.41059115639469e-08  1.84967347237496e-12      1.00000108447883 -1.44466933188268e-13   0.00124435253922273
-1.39228122236785e-12 -1.77167589820379e-10 -1.29300079149327e-07 -1.17584633272581e-09   6.3869780761568e-09 -6.82399691950303e-08  -0.00124433768853674 -1.44466933188268e-13      1.00000788737866  1.73619046776174e-12
 9.08311995487321e-13  3.33526467313743e-14 -3.91911113358927e-11  1.60221456805915e-09 -4.72902383046246e-09   9.5812591222199e-11  -1.4194281497315e-13   0.00124435253922273  1.73619046776174e-12      1.00000229106524
RDM Eigenvectors: 
    0.999782252627824   -0.0197860691626692  -0.00551726336433282  -0.00367629442297856 -4.23067602804461e-05 -9.54832790288021e-12 -8.31712829025201e-12  1.10090184816446e-11  2.24966823184225e-11   4.0889443395287e-05
  -0.0197679503054463    -0.999773936473294  -0.00182051287739769    0.0076149434044534    3.249374267988e-05 -1.20870936256417e-11 -3.53794688170249e-12  -2.2175427470382e-12 -1.20399751072514e-11  3.74617625273803e-05
 0.000508861848503222   0.00747194673895819    -0.508063113574956     0.860641047402865     0.023889755355789 -1.09942272591862e-09 -7.19763171056293e-11   -1.309269550025e-10 -1.53266315019022e-09    0.0232819846750851
  0.00666430960625376   0.00217113593272892     0.861049204962664     0.508197954663205    0.0131209674453566 -7.19991691094835e-10  3.16031250805432e-10  -2.5074507037939e-09 -9.90801556952904e-09   -0.0103835865109933
-2.77373087657068e-05   -0.0002039664129906    0.0153347373635647   -0.0296786616525789     0.704358430109859 -2.78218191804493e-06 -5.69222446289819e-07  -5.6991220909947e-07  -2.7832528841699e-06     0.709057954202537
   5.233439165218e-05  4.46562379099235e-05    0.0140438821379323   0.00891632997347637     -0.70932102667343 -2.42345561549644e-07 -1.31962094313592e-07  1.74883074858574e-07  4.49292490576978e-07     0.704689254082874
-5.00475134497549e-12 -7.10076422122024e-12  -1.2592181531825e-09 -1.09844971115497e-09  3.54706399458054e-07    -0.705343107258926 -6.99377502547116e-05  7.05138587397264e-05     0.708866060111916 -3.37479735954369e-07
 -1.5509494401823e-11  -1.6516495722024e-10  1.31804467669172e-08 -2.32544895947176e-08  5.88656707932973e-07 -7.00966520336965e-05     0.706935345430888     0.707278168414821 -7.03569241157914e-05  5.49435283019779e-07
-7.52646502168519e-11 -7.95869160912437e-10  6.38225454422728e-08 -1.12679665613649e-07  2.87502602004494e-06     0.708866060129014  7.02880050079957e-05  7.01645165510217e-05     0.705343107230941  2.68814515950327e-06
  1.1682079402968e-11  3.89786445084697e-12  1.34473229960499e-09  8.92798280542119e-10 -1.54096079091809e-07 -7.01295390889423e-05     0.707278168437621    -0.706935345408728  7.03218829176122e-05  1.52671419979163e-07
Total C: 
  -0.0198106805774422    -0.997107783303266     0.130112707718534    -0.216465568225294  -0.00611662086132335  2.69927505569404e-11  4.73022257156151e-12   2.9847657486864e-11  5.93180815042994e-11  -0.00570067189910784
 0.000154931918230827   -0.0112097580320775    -0.521683143487056     0.886052443848576    0.0243077283424735 -1.11406612842024e-10 -2.20460977483659e-11  -1.1546515275263e-10 -2.31729437658386e-10    0.0226778289235185
-2.53956529091647e-14  1.50573769852353e-14 -3.00001742825713e-13  1.00185549138792e-12  4.58490371526106e-09     0.692082291701391    -0.143507835492768    -0.143630395144833     0.692674464661167  4.64660410328516e-09
 6.95814841990518e-15  6.90408387954355e-15 -3.84217438034039e-13  5.30489440776103e-13 -3.07030668416059e-09    -0.143507835483978    -0.692082291744035    -0.692674464618558    -0.143630395153616  -3.1108275413706e-09
  8.8275285602722e-06  0.000195208145852602   -0.0164585917648968    0.0277808144823003    -0.702494674093938  5.14898801449025e-09  2.09322904182593e-09  2.08277046266593e-09  5.14006483092993e-09    -0.710956451314052
    0.996565038815379   -0.0191186829257118     0.221288877452598     0.129915829446329 -1.96957387470891e-05  -1.0322480694409e-12 -9.85944976299918e-13   1.4359139305398e-12  2.09089474040116e-12 -0.000132777351696281
   0.0133310813217155  -0.00262486663798859    -0.886764622213539    -0.522319877502663  7.45829642938409e-05  4.46303080905791e-12   4.1341608024841e-12 -5.89426930038192e-12 -8.46659363404268e-12  0.000524684702547912
-1.27302455220056e-13 -1.70882962703591e-12  4.45809235737651e-11 -6.69167540239177e-11  6.61655054844626e-09      0.69264556925447    -0.143624634786264     0.143513600879447    -0.692111210554231 -6.53132936013172e-09
 1.49405934652453e-13  2.01654190500817e-12 -5.21611156087534e-11    7.805394822716e-11 -7.48475281190945e-09    -0.143624634795047     -0.69264556921186     0.692111210596873     0.143513600870658  7.38556743121053e-09
 -1.2808655444533e-06 -1.59284663899713e-05  0.000244216593643672  -0.00101909363359566     0.710843030010411 -7.94320535557927e-09 -5.94575188190016e-09  5.94568111864735e-09  7.95050955282178e-09    -0.703350269905582
Basis set used: STO-3G
Naturals: 
   1.999999999995  1.99999999963191  1.99999346400184  1.99997981523818  1.01717538804718  1.00124604090452  1.00124604045751 0.998757335086564 0.998757334639539 0.982844581997749
Naturals: 
   1.999999999995  1.99999999963192  1.99999346399956  1.99997981524899  1.01717537718625   1.0012460368301  1.00124603683061  0.99875733871318 0.998757338713694 0.982844592850734
Version: Tmhuysen's fci hack
