-124.51116235343	-5	3.92867243841318
-124.513084418339	-4.95	3.92905879428594
-124.515054593674	-4.9	3.92945884178033
-124.517075166559	-4.85	3.92987333094782
-124.519148567282	-4.8	3.93030306483184
-124.521277380482	-4.75	3.93074890403159
-124.523464357406	-4.7	3.93121177173232
-124.525712428973	-4.65	3.93169265917781
-124.528024721282	-4.6	3.93219263196726
-124.530404570289	-4.55	3.93271283651458
-124.532855540259	-4.5	3.93325450769824
-124.535381442922	-4.45	3.93381897709735
-124.537986358827	-4.4	3.9344076821881
-124.540674660771	-4.35	3.93502217654157
-124.543451039878	-4.3	3.93566414122257
-124.546320534301	-4.25	3.93633539747055
-124.549288561563	-4.2	3.93703792099063
-124.552360952758	-4.15	3.93777385754783
-124.555543993023	-4.1	3.93854554102336
-124.558844464808	-4.05	3.93935551327184
-124.562269696594	-4	3.94020654655849
-124.565827617507	-3.95	3.9411016688963
-124.569526818225	-3.9	3.94204419259898
-124.573376618926	-3.85	3.94303774649384
-124.577387147365	-3.8	3.94408631288796
-124.581569424097	-3.75	3.94519426887952
-124.585935459009	-3.7	3.94636643347534
-124.590498362124	-3.65	3.94760812179729
-124.595272467544	-3.6	3.94892520665595
-124.600273474211	-3.55	3.95032418913352
-124.605518605128	-3.5	3.95181227941574
-124.611026790511	-3.45	3.95339749032224
-124.616818872683	-3.4	3.95508874402058
-124.622917844098	-3.35	3.95689599645755
-124.629349117461	-3.3	3.95883038081075
-124.636140835837	-3.25	3.96090437409806
-124.643324228092	-3.2	3.9631319907719
-124.650934020872	-3.15	3.96552900936727
-124.659008906378	-3.1	3.96811323515003
-124.66759208886	-3.05	3.9709048097172
-124.676731913613	-3	3.97392657348296
-124.686482590333	-2.95	3.97720449035263
-124.696905034876	-2.9	3.98076814918723
-124.708067840716	-2.85	3.9846513540163
-124.720048399783	-2.8	3.98889281938693
-124.732934198883	-2.75	3.99353699166139
-124.746824300684	-2.7	3.99863501340927
-124.761831063258	-2.65	4.0042458671653
-124.77808207691	-2.6	4.01043771095475
-124.795722356224	-2.55	4.01728944262134
-124.81491678076	-2.5	4.02489251753914
-124.835852765939	-2.45	4.03335304298007
-124.858743094394	-2.4	4.04279415459231
-124.883828763688	-2.35	4.05335864981464
-124.911381688782	-2.3	4.06521184185386
-124.941706795099	-2.25	4.07854445905611
-124.975143054443	-2.2	4.09357539434179
-125.01206248566	-2.15	4.11055383394744
-125.052866000088	-2.1	4.12976015014749
-125.097974411432	-2.05	4.15150456890012
-125.147812534378	-2	4.17612225681174
-125.20278411523	-1.95	4.20396314029735
-125.263235402792	-1.9	4.23537449722084
-125.329406431483	-1.85	4.27067467085328
-125.401371462574	-1.8	4.31011724292177
-125.478974282306	-1.75	4.35384727046478
-125.561769672946	-1.7	4.40185477621251
-125.64898754348	-1.65	4.45393485369017
-125.739538041449	-1.6	4.509666887568
-125.832071050701	-1.55	4.56842503367854
-125.925090494806	-1.5	4.62942636047167
-126.017106659771	-1.45	4.69181289875335
-126.106795763156	-1.4	4.75475311638659
-126.193132291101	-1.35	4.81754197193596
-126.275468073905	-1.3	4.87967959364368
-126.353547020622	-1.25	4.94091489133598
-126.427459629221	-1.2	5.00124890216009
-126.497552244839	-1.15	5.06090035679498
-126.564311363961	-1.1	5.1202414493056
-126.628244620695	-1.05	5.1797156319264
-126.689776677897	-1	5.23974995437031
-126.749174065636	-0.95	5.30067466677835
-126.806507480259	-0.899999999999999	5.36266164163698
-126.861654847871	-0.85	5.42569183333987
-126.914342391804	-0.8	5.48955896721032
-126.964214028561	-0.75	5.55391095895156
-127.010912683022	-0.7	5.61832198993504
-127.054154062484	-0.649999999999999	5.6823799893337
-127.093775658057	-0.6	5.74576933768929
-127.129752077881	-0.55	5.80833086501461
-127.16217777661	-0.5	5.87008827039718
-127.191226473093	-0.45	5.9312393894462
-127.217100089646	-0.399999999999999	5.99211774529428
-127.239979207739	-0.35	6.05313260747587
-127.259984315023	-0.3	6.11469624991526
-127.277153757389	-0.25	6.17714594410747
-127.291441889727	-0.199999999999999	6.24066921891609
-127.302738294862	-0.149999999999999	6.30524303211215
-127.310905592012	-0.0999999999999996	6.3706004817666
-127.31582859302	-0.0499999999999998	6.43623851650704
-127.317462734401	0	6.50147411379465
-127.315867444365	0.0500000000000007	6.56554346788455
-127.311213121534	0.100000000000001	6.62772388127209
-127.303758617977	0.15	6.68744885610634
-127.293805906336	0.2	6.74438965846831
-127.281644995663	0.25	6.79848969091285
-127.267502471314	0.300000000000001	6.84995429473915
-127.251502621609	0.350000000000001	6.89920945876558
-127.233644375729	0.4	6.9468457241914
-127.213793356032	0.45	6.99355943312756
-127.191687033905	0.5	7.04009728979225
-127.166951922768	0.550000000000001	7.08720440733256
-127.139133369664	0.600000000000001	7.13557305714392
-127.107739480547	0.65	7.18578931619939
-127.072299652655	0.7	7.2382778186505
-127.032434160151	0.75	7.2932502629072
-126.987924654235	0.800000000000001	7.3506692729331
-126.938768650974	0.850000000000001	7.41024254390638
-126.885198309123	0.9	7.47145943353302
-126.827649497928	0.95	7.53367143070087
-126.766681270149	1	7.5962029468996
-126.702863054023	1.05	7.65846669683035
-126.636657962576	1.1	7.72005595563374
-126.568330703374	1.15	7.78079449293008
-126.497898528502	1.2	7.8407392453964
-126.425130585525	1.25	7.90014289366879
-126.349590460474	1.3	7.95938985380975
-126.270711632329	1.35	8.01891946670215
-126.187894394669	1.4	8.07914751197815
-126.10061325824	1.45	8.14039411616114
-126.008523375434	1.5	8.20282452502025
-125.911551950906	1.55	8.26640941089554
-125.809956713539	1.6	8.33091237329942
-125.70433204977	1.65	8.39591155678101
-125.595549016846	1.7	8.46085752112936
-125.484629860443	1.75	8.52516072177974
-125.372577138733	1.8	8.58829228994804
-125.260192488104	1.85	8.64987673228031
-125.147922856105	1.9	8.70975765556666
-125.035762109783	1.95	8.76802620062564
-124.923220818445	2	8.825011351528
-124.809364791767	2.05	8.88123747416493
-124.692918563726	2.1	8.93735565921052
-124.572430384949	2.15	8.99405418814278
-124.446494355724	2.2	9.05195300778472
-124.314015253375	2.25	9.11149085103576
-124.174482134539	2.3	9.17282086766124
-124.028193151103	2.35	9.23573841488193
-123.876364026889	2.4	9.29966539581654
-123.72106915411	2.45	9.36370522663328
-123.565009013381	2.5	9.42676245317173
-123.411154584981	2.55	9.48769930013379
-123.262358802303	2.6	9.54548988673314
-123.121030094405	2.65	9.59933614834516
-122.9889324706	2.7	9.64872563347884
-122.867126859637	2.75	9.69343214692749
-122.756028161946	2.8	9.73347460621835
-122.655530836641	2.85	9.76905524868772
-122.565157723886	2.9	9.80049510809295
-122.484199526758	2.95	9.82817818849963
-122.411828171722	3	9.85250910682591
-122.347179718752	3.05	9.87388430410752
-122.28940937575	3.1	9.89267467287871
-122.23772448059	3.15	9.90921662871149
-122.1914013516	3.2	9.92380896878406
-122.149791533669	3.25	9.93671326449018
-122.112321322822	3.3	9.9481562782015
-122.078487441139	3.35	9.95833335711215
-122.047850822418	3.4	9.96741213602797
-122.020029698552	3.45	9.97553617439984
-121.994692698274	3.5	9.98282832833017
-121.971552341633	3.55	9.98939377123589
-121.950359122646	3.6	9.99532263871543
-121.930896279562	3.65	10.0006923013013
-121.912975210431	3.7	10.0055693069861
-121.896431517785	3.75	10.0100110244536
-121.881121570996	3.8	10.0140670402778
-121.866919626991	3.85	10.0177803187986
-121.853715320524	3.9	10.0211881917896
-121.841411542935	3.95	10.0243231860532
-121.82992263929	4	10.027213718853
-121.81917286658	4.05	10.0298846852792
-121.809095072343	4.1	10.0323579554624
-121.799629579979	4.15	10.0346527915351
-121.790723222435	4.2	10.0367862040808
-121.782328516416	4.25	10.0387732542129
-121.77440296091	4.3	10.0406273089085
-121.766908420191	4.35	10.04236026204
-121.759810604197	4.4	10.0439827205156
-121.753078612792	4.45	10.045504165462
-121.746684538364	4.5	10.0469330913651
-121.740603128996	4.55	10.0482771241276
-121.734811485823	4.6	10.0495431252071
-121.729288809116	4.65	10.0507372795846
-121.724016165483	4.7	10.0518651745143
-121.718976292214	4.75	10.0529318662372
-121.714153420837	4.8	10.0539419391823
-121.709533122793	4.85	10.054899557513
-121.705102176806	4.9	10.0558085095799
-121.700848445683	4.95	10.0566722482047
