-126.714417765049	-1	5.0683681886513
-126.841498564035	-0.9	5.20214913582436
-126.956175260958	-0.8	5.33707291779976
-127.05812191506	-0.7	5.47301322021185
-127.147154996856	-0.6	5.61000075359708
-127.22306180293	-0.5	5.74802847455873
-127.285600413507	-0.4	5.8870199750056
-127.334530213224	-0.3	6.02683674621999
-127.369624271337	-0.2	6.16722590283672
-127.39070135383	-0.1	6.30772909858501
-127.397706097468	0	6.44766471795833
-127.390789556032	0.1	6.58627391890237
-127.370297734503	0.2	6.72299901998166
-127.33662682076	0.3	6.85774432753904
-127.290011229253	0.4	6.99095925414356
-127.230375431952	0.5	7.12348708149512
-127.157347739233	0.6	7.25625480591274
-127.070432144077	0.7	7.38995628956705
-126.969234670677	0.8	7.52487270781457
-126.853610725539	0.9	7.66089151868181
-126.723667183334	1	7.79766930330498
