-126.664277940518	-1	4.90092978324298
-126.797901009662	-0.9	5.04162545655653
-126.920810628082	-0.8	5.18625833385966
-127.031533812274	-0.7	5.33391936869415
-127.129125992742	-0.6	5.48409119072328
-127.212923128532	-0.5	5.6364814799154
-127.282375031124	-0.4	5.79085333340034
-127.336983743836	-0.3	5.94691423843955
-127.376314805747	-0.2	6.10427428613193
-127.400037830548	-0.1	6.26245955006306
-127.407962454392	0	6.42096411410552
-127.400047259112	0.1	6.5793251975771
-127.376371095098	0.2	6.73719995744936
-127.33707277348	0.3	6.89441615281922
-127.282282775507	0.4	7.05097361320941
-127.212078187924	0.5	7.20699231566083
-127.126482434448	0.6	7.36262579099383
-127.025509947636	0.7	7.51797157953377
-126.909236380897	0.8	7.67300708475344
-126.777867811168	0.9	7.82756429721582
-126.631786744634	1	7.98134229347922
