-126.699684566311	-1	5.21314029596963
-126.817731590065	-0.9	5.33742074183071
-126.925456139488	-0.8	5.46417879930975
-127.021778912828	-0.7	5.59261850806087
-127.105203362945	-0.6	5.7209512246688
-127.175022623779	-0.5	5.84787078370027
-127.23159871208	-0.4	5.97358439077655
-127.27570420378	-0.3	6.09963051836
-127.307686066239	-0.2	6.22763941295384
-127.327196967968	-0.1	6.35779667553683
-127.333721248388	0	6.48800589717747
-127.327440341246	0.1	6.61455817099043
-127.309574379898	0.2	6.73411253494024
-127.28176782299	0.3	6.84559482793099
-127.245002964531	0.4	6.95074907662792
-127.198837659678	0.5	7.05334490132076
-127.141369430608	0.6	7.15777371385023
-127.069952568002	0.7	7.26756198365587
-126.982483930498	0.8	7.38411333126401
-126.878660790958	0.9	7.50621669298352
-126.760202688518	1	7.63090106798581
