-126.585224977993	-1	5.35828952463806
-126.765312716723	-0.9	5.54809827818933
-126.920686767008	-0.8	5.73049453540496
-127.018675832074	-0.7	5.86052995896246
-127.074110546664	-0.6	5.94538355571192
-127.108456650648	-0.5	6.007643739004
-127.134928299491	-0.4	6.06657569906031
-127.161012661036	-0.3	6.14176412288628
-127.189869785416	-0.2	6.25908677135419
-127.216411994548	-0.1	6.43940954732758
-127.226876722786	0	6.64576401899053
-127.219754501756	0.1	6.80034378697599
-127.206774516324	0.2	6.88981040818752
-127.194380508962	0.3	6.9402771219222
-127.183379926235	0.4	6.9719943665119
-127.172645490511	0.5	6.99592389482907
-127.160096188388	0.6	7.01871488185397
-127.142018881455	0.7	7.04641769922499
-127.110770514286	0.8	7.08786000188815
-127.049671735443	0.9	7.15933161887923
-126.927801832145	1	7.28700519291817
