-126.678138950071	-1	5.26278029582772
-126.794680964757	-0.9	5.38551586219281
-126.90389367937	-0.8	5.51404258346301
-127.001482235798	-0.7	5.64414777657015
-127.083870839119	-0.6	5.77083212389419
-127.150535650924	-0.5	5.89196121878598
-127.203458111822	-0.4	6.00953946761491
-127.244969795128	-0.3	6.12823174912981
-127.275974209097	-0.2	6.2524819128893
-127.295557273461	-0.1	6.3833389131712
-127.302226040042	0	6.51646238099552
-127.29595119178	0.1	6.64365544086375
-127.278943644862	0.2	6.75787229361446
-127.254203938201	0.3	6.85729302449767
-127.223453236995	0.4	6.94535396623882
-127.186060999998	0.5	7.02847193865447
-127.138992211716	0.6	7.11396120111596
-127.077462660525	0.7	7.20847140386513
-126.996626737548	0.8	7.31609906803423
-126.894493596088	0.9	7.43615513108376
-126.774261750755	1	7.56269369072701
