-126.707366031038	-1	5.02047895762871
-126.836595649546	-0.9	5.15652986032638
-126.953813219375	-0.8	5.29444825747385
-127.058321695413	-0.7	5.43380797025354
-127.149764796236	-0.6	5.57450670739379
-127.227861640494	-0.5	5.7165205431204
-127.292313741648	-0.4	5.85976896419349
-127.342809134502	-0.3	6.00406320799061
-127.379059140216	-0.2	6.14908037214935
-127.400849760834	-0.1	6.29434970725625
-127.408101955309	0	6.43928732576443
-127.400910386776	0.1	6.58331255336131
-127.379515872734	0.2	6.72602173755821
-127.344198136455	0.3	6.86733650231231
-127.295134281359	0.4	7.00753972481339
-127.232302697677	0.5	7.14717036963886
-127.155490377313	0.6	7.28682471439406
-127.064399617994	0.7	7.42695631707174
-126.958792690468	0.8	7.56775802928965
-126.838600433409	0.9	7.70915589041751
-126.703959844553	1	7.85088148705687
