-126.664277940574	-1	4.90092978329921
-126.797901010587	-0.9	5.0416254575834
-126.920810627944	-0.8	5.18625833368787
-127.03153381178	-0.7	5.33391936798937
-127.129125991919	-0.6	5.48409118935334
-127.212923128212	-0.5	5.63648147927371
-127.28237503084	-0.4	5.79085333269097
-127.336983743798	-0.3	5.94691423831253
-127.376314805892	-0.2	6.10427428685929
-127.400037830536	-0.1	6.26245954994993
-127.407962454392	0	6.42096411419907
-127.400047259161	0.1	6.579325197088
-127.376371095171	0.2	6.73719995708054
-127.337072773801	0.3	6.89441615174827
-127.282282775856	0.4	7.05097361233542
-127.212078187764	0.5	7.20699231598038
-127.126482434118	0.6	7.36262579154362
-127.025509947744	0.7	7.51797157937917
-126.909236382187	0.8	7.67300708313974
-126.777867809029	0.9	7.82756429959189
-126.631786741295	1	7.98134229681782
