-126.699684569024	-1	5.21314029868348
-126.817731588144	-0.9	5.33742073969532
-126.925456136814	-0.8	5.46417879596707
-127.021778914573	-0.7	5.59261851055499
-127.105203361302	-0.6	5.72095122193125
-127.175022624488	-0.5	5.84787078511833
-127.231598711457	-0.4	5.97358438921911
-127.275704203861	-0.3	6.09963051862972
-127.307686066974	-0.2	6.22763941662651
-127.327196967981	-0.1	6.35779667566549
-127.333721248388	0	6.48800589541233
-127.32744034118	0.1	6.61455817165428
-127.30957437964	0.2	6.73411253622876
-127.281767822681	0.3	6.84559482896213
-127.245002964471	0.4	6.95074907678042
-127.198837660065	0.5	7.05334490054727
-127.141369430852	0.6	7.15777371344456
-127.069952568239	0.7	7.26756198331759
-126.982483928894	0.8	7.38411333327012
-126.878660789217	0.9	7.50621669491915
-126.760202688517	1	7.63090106798634
