-126.707603577178	-1	5.18286182175338
-126.8276665375	-0.9	5.30925382176411
-126.936279931037	-0.8	5.43704942787409
-127.033109973663	-0.7	5.56616713817368
-127.117360257426	-0.6	5.69578312354674
-127.18848914787	-0.5	5.82510080918918
-127.246519625273	-0.4	5.95405535433361
-127.29176500366	-0.3	6.08334692284426
-127.32435493595	-0.2	6.21374994399438
-127.34406293067	-0.1	6.34516577694135
-127.35062361568	0	6.47611149604062
-127.344256473237	0.1	6.60414946928379
-127.32585932349	0.2	6.72711690764952
-127.296596591107	0.3	6.8443491944633
-127.25715662536	0.4	6.95711326441146
-127.207206769596	0.5	7.06811613689403
-127.145390797072	0.6	7.18046690593334
-127.069904242603	0.7	7.2965428262925
-126.979404008052	0.8	7.41716114108353
-126.873731686111	0.9	7.54145372981439
-126.753875586168	1	7.6676098633348
