-126.714417765237	-1	5.06836818884026
-126.841498561308	-0.9	5.20214913279452
-126.956175262725	-0.8	5.33707292000861
-127.058121915343	-0.7	5.47301322061571
-127.147154997134	-0.6	5.61000075405965
-127.223061801908	-0.5	5.74802847251349
-127.285600412946	-0.4	5.88701997360224
-127.334530213044	-0.3	6.02683674562056
-127.369624271272	-0.2	6.16722590251468
-127.39070135399	-0.1	6.30772910018529
-127.397706097467	0	6.44766471754143
-127.39078955605	0.1	6.58627391872177
-127.370297734532	0.2	6.72299901983422
-127.336626820698	0.3	6.85774432774507
-127.290011229799	0.4	6.99095925278104
-127.230375431878	0.5	7.12348708164534
-127.157347738335	0.6	7.25625480740898
-127.070432143927	0.7	7.38995628978069
-126.969234670442	0.8	7.5248727081083
-126.853610724853	0.9	7.66089151944409
-126.723667181828	1	7.79766930481042
