-126.578441662346	-1	5.37147108505545
-126.779655438475	-0.9	5.58347754316207
-126.939675338648	-0.8	5.77110915799921
-127.029656424557	-0.7	5.89038673308164
-127.076816172408	-0.6	5.96252863704851
-127.105200182071	-0.5	6.013977380244
-127.127518655477	-0.4	6.06370603477723
-127.151004595902	-0.3	6.13153580429215
-127.179427097408	-0.2	6.24746554177776
-127.207906295625	-0.1	6.44168694881594
-127.219425747786	0	6.66731153780115
-127.212348423857	0.1	6.82378097379762
-127.200436171634	0.2	6.90625389597004
-127.189732101256	0.3	6.94990921901509
-127.180589297709	0.4	6.97628948689583
-127.171900208323	0.5	6.99566749008081
-127.161929692876	0.6	7.01377908878613
-127.147693594071	0.7	7.03559616991793
-127.122916810366	0.8	7.06844978147066
-127.072774394834	0.9	7.1270755196742
-126.963979917668	1	7.2409398367083
