-126.665075307791	-1	5.28241458375508
-126.783000735901	-0.9	5.40663402861111
-126.895085283541	-0.8	5.53854370194512
-126.994375035626	-0.7	5.67088832891439
-127.076105620323	-0.6	5.79651350287766
-127.140476431533	-0.5	5.91343518596867
-127.190924014977	-0.4	6.02551133325648
-127.230854719639	-0.3	6.13973789145562
-127.261464836986	-0.2	6.26253417346767
-127.281350683554	-0.1	6.39558997168347
-127.288219364819	0	6.53272646939264
-127.281865276381	0.1	6.66209946336499
-127.26522248811	0.2	6.77414667409768
-127.242111772048	0.3	6.86717023807512
-127.214582512689	0.4	6.94607444378014
-127.181931362831	0.5	7.01867112269834
-127.140753887186	0.6	7.09344232306785
-127.085324877928	0.7	7.17853784900562
-127.008934084449	0.8	7.28018789871611
-126.907448494641	0.9	7.39942944865235
-126.783914151284	1	7.52942069642857
