-126.68977228206	-1	5.23975011638567
-126.806503077818	-0.9	5.36266179663937
-126.91433799723	-0.8	5.48955913144955
-127.010908295418	-0.7	5.61832216375425
-127.093771264592	-0.6	5.74576950267479
-127.162173373466	-0.5	5.87008841781212
-127.217095671163	-0.4	5.99211785823021
-127.25997988874	-0.3	6.11469633960792
-127.291437460892	-0.2	6.24066929817864
-127.310901163312	-0.1	6.3706005616447
-127.317458306463	0	6.50147420653312
-127.31120869367	0.1	6.62772397602573
-127.293801481383	0.2	6.74438973569101
-127.267498057536	0.3	6.84995432869972
-127.233639982096	0.4	6.94684570137691
-127.191682670798	0.5	7.04009719927395
-127.13912904102	0.6	7.13557290361168
-127.07229536134	0.7	7.23827760736942
-126.987920384714	0.8	7.35066903246538
-126.885194044606	0.9	7.47145918699371
-126.766677001544	1	7.59620270471544
