-126.58522497373	-1	5.35828952037652
-126.765312729097	-0.9	5.54809829193848
-126.92068676816	-0.8	5.73049453684357
-127.018675839325	-0.7	5.86052996932099
-127.074110546697	-0.6	5.9453835557666
-127.108456651439	-0.5	6.00764374058471
-127.134928300063	-0.4	6.06657570049057
-127.161012661406	-0.3	6.14176412411794
-127.189869785085	-0.2	6.25908676969838
-127.216411994566	-0.1	6.43940954750093
-127.226876722786	0	6.64576401915251
-127.219754501475	0.1	6.80034378978041
-127.206774516235	0.2	6.88981040862565
-127.194380508472	0.3	6.94027712355688
-127.183379926213	0.4	6.97199436656507
-127.172645490806	0.5	6.99592389423791
-127.160096188441	0.6	7.01871488176656
-127.142018881176	0.7	7.04641769962353
-127.110770513871	0.8	7.08786000240584
-127.049671735542	0.9	7.15933161876908
-126.927801830368	1	7.28700519469574
