-126.636266648083	-1	5.31299307462852
-126.763362228528	-0.9	5.44693100895492
-126.886130852102	-0.8	5.5913872233291
-126.989732796629	-0.7	5.72936411120439
-127.068093356552	-0.6	5.84967355315918
-127.125398195593	-0.5	5.95367650828518
-127.169221357319	-0.4	6.05105129496107
-127.205253153539	-0.3	6.15428918574903
-127.235209942715	-0.2	6.27483398304228
-127.256328751649	-0.1	6.41666515575609
-127.263903601425	0	6.56783145170774
-127.257265986186	0.1	6.70476164249109
-127.2414022848	0.2	6.81225654623506
-127.221744355998	0.3	6.8916838421468
-127.200558313564	0.4	6.95253215206891
-127.176981927456	0.5	7.00499123774736
-127.147564409569	0.6	7.05839376072544
-127.105947598785	0.7	7.12222126734077
-127.042341927865	0.8	7.20674268663169
-126.945760454363	0.9	7.32007010789457
-126.813409463954	1	7.4592235256859
