-126.595275841625	-1	5.34682825325118
-126.757274500204	-0.9	5.51759475174597
-126.905096374772	-0.8	5.69128427930401
-127.008144229612	-0.7	5.82818131599589
-127.071309700475	-0.6	5.9249384595143
-127.111871099929	-0.5	5.99847776359979
-127.142748327008	-0.4	6.06716931645726
-127.171445207656	-0.3	6.14973799701266
-127.200617436593	-0.2	6.26798361863464
-127.225430364579	-0.1	6.43598676965193
-127.234974496623	0	6.62513937737304
-127.227897277887	0.1	6.77627729244404
-127.21397465373	0.2	6.87180988221172
-127.19979896296	0.3	6.92942904832895
-127.186661225277	0.4	6.96727635787722
-127.17345647606	0.5	6.99669957024245
-127.157727232902	0.6	7.02526013835177
-127.134957802423	0.7	7.06015488563885
-127.09620539833	0.8	7.11156477237355
-127.023989439036	0.9	7.19609603965933
-126.893057767365	1	7.33340429745075
