-126.678138951295	-1	5.26278029705217
-126.79468096512	-0.9	5.38551586259663
-126.903893676771	-0.8	5.51404258021487
-127.001482236946	-0.7	5.64414777820993
-127.083870840638	-0.6	5.77083212642596
-127.15053565062	-0.5	5.89196121817743
-127.203458112378	-0.4	6.00953946900436
-127.244969796115	-0.3	6.1282317524224
-127.275974208517	-0.2	6.25248190998381
-127.295557273608	-0.1	6.38333891464507
-127.302226040043	0	6.51646238121918
-127.295951191592	0.1	6.64365544275316
-127.278943644733	0.2	6.75787229425986
-127.254203938496	0.3	6.85729302351798
-127.22345323683	0.4	6.94535396665081
-127.186061000644	0.5	7.02847193736052
-127.138992212409	0.6	7.11396119996093
-127.077462661199	0.7	7.20847140290219
-126.996626738014	0.8	7.31609906745264
-126.894493594437	0.9	7.43615513291955
-126.774261750631	1	7.56269369085129
