Naturals in-correctTOTAL ENERGY: -126.575913155927	 lambda: -1	 population of target: 5.38744393221659
1RDM: 
     1.99999972933597 -7.88869492547554e-07  -2.3449935783076e-05  7.76109179357718e-05 -1.84541896023425e-05 -3.40884206754822e-17 -4.84090893506361e-18 -5.19465934210396e-18  4.63397398862363e-17  0.000539111981700822
-7.88869492547554e-07      1.99999583680188 -7.26380100996934e-05  0.000255599757669853 -0.000371424323232292  1.15243797427329e-17 -5.92835421991185e-17 -6.88465293806389e-17 -8.17073013578518e-17   0.00233531949205501
 -2.3449935783076e-05 -7.26380100996934e-05      1.99729669027443   0.00901763480494053  -0.00075473259349792 -3.52507664109005e-15  2.04797802151538e-16  2.17124966424664e-16  4.99316831584822e-15    0.0551100606961614
 7.76109179357718e-05  0.000255599757669853   0.00901763480494053        1.932801906526    0.0159979503749723  3.02040509010099e-15 -1.25327083526901e-16  1.54149618941114e-16 -9.08613789451221e-16    -0.149605660172976
-1.84541896023425e-05 -0.000371424323232292  -0.00075473259349792    0.0159979503749723      1.85784098061933  9.35436984283684e-15 -1.37054290588733e-16 -1.09566981953848e-15 -2.86261394469425e-14     0.242400453507438
-3.40884206754822e-17  1.15243797427329e-17 -3.52507664109005e-15  3.02040509010099e-15  9.35436984283684e-15      1.42881935267927 -3.62721237466113e-16  0.000453963437266357     0.464522876611857  1.99588240518959e-14
-4.84090893506361e-18 -5.92835421991185e-17  2.04797802151538e-16 -1.25327083526901e-16 -1.37054290588733e-16 -3.62721237466113e-16      1.42881935267922    -0.464522876610664  0.000453963437266377 -1.07760136172246e-15
-5.19465934210396e-18 -6.88465293806389e-17  2.17124966424664e-16  1.54149618941114e-16 -1.09566981953848e-15  0.000453963437266357    -0.464522876610664     0.590976682368535 -3.77582304673658e-16  4.27041326894714e-16
 4.63397398862363e-17 -8.17073013578518e-17  4.99316831584822e-15 -9.08613789451221e-16 -2.86261394469425e-14     0.464522876611857  0.000453963437266377 -3.77582304673658e-16     0.590976682368545  1.04489873284632e-15
 0.000539111981700822   0.00233531949205501    0.0551100606961614    -0.149605660172976     0.242400453507438  1.99588240518959e-14 -1.07760136172246e-15  4.27041326894714e-16  1.04489873284632e-15     0.172472786346828
TOTAL ENERGY: -126.800532300975	 lambda: -0.9	 population of target: 5.62397488296886
1RDM: 
      1.9999996563805 -8.15288018584095e-07  -2.9277371920514e-05  6.81012404569442e-05  3.80625187508396e-05 -3.78330769803086e-17 -4.17613396653535e-18 -4.68608378073476e-18  4.69567748266214e-17  0.000642957045861541
-8.15288018584095e-07      1.99999671688119 -7.12683524888418e-05  0.000190114335771947 -0.000202844986674038  2.45216864389669e-17 -5.96543504591905e-17 -6.69780586441278e-17 -9.65445455216103e-17    0.0019491845369638
 -2.9277371920514e-05 -7.12683524888418e-05      1.99674910066403    0.0072356524420766   0.00655977632281285 -3.02368804500229e-15  1.30660599533891e-16  5.53259360821884e-17  3.97905144500385e-15    0.0626219505237926
 6.81012404569442e-05  0.000190114335771947    0.0072356524420766      1.94535390182031    0.0118294302789363  5.36934967424366e-15 -6.34882091735163e-16 -1.50091650122337e-16 -2.16639281437972e-15    -0.111387219272433
 3.80625187508396e-05 -0.000202844986674038   0.00655977632281285    0.0118294302789363      1.79176460640636  6.27083495985354e-15  4.65129643018785e-16  9.23791103216548e-17 -2.20416832631671e-14     0.101997939364835
-3.78330769803086e-17  2.45216864389669e-17 -3.02368804500229e-15  5.36934967424366e-15  6.27083495985354e-15      1.43027159298827  1.00770490311968e-15  0.000417202190731208     0.426906506359466  1.59831964247725e-14
-4.17613396653535e-18 -5.96543504591905e-17  1.30660599533891e-16 -6.34882091735163e-16  4.65129643018785e-16  1.00770490311968e-15      1.43027159298814    -0.426906506359365  0.000417202190755858 -8.76405694173596e-16
-4.68608378073476e-18 -6.69780586441278e-17  5.53259360821884e-17 -1.50091650122337e-16  9.23791103216548e-17  0.000417202190731208    -0.426906506359365     0.587885808700143  4.12786775035558e-16  9.09103619293766e-16
 4.69567748266214e-17 -9.65445455216103e-17  3.97905144500385e-15 -2.16639281437972e-15 -2.20416832631671e-14     0.426906506359466  0.000417202190755858  4.12786775035558e-16     0.587885808700012  5.96486054467333e-15
 0.000642957045861541    0.0019491845369638    0.0626219505237926    -0.111387219272433     0.101997939364835  1.59831964247725e-14 -8.76405694173596e-16  9.09103619293766e-16  5.96486054467333e-15     0.229821214471096
TOTAL ENERGY: -126.96055704898	 lambda: -0.8	 population of target: 5.81135402300768
1RDM: 
     1.99999958759351 -7.23669873916843e-07  -3.4735483822394e-05  5.37185733741429e-05  0.000112888138403363 -3.24547726396503e-17 -5.00801373261952e-18 -4.94801900167636e-18  4.06841425852936e-17  0.000666154586540318
-7.23669873916843e-07        1.999997380358 -5.82946589784555e-05  0.000160706870253749 -0.000223795670253116  2.08637155671329e-17 -6.07667938182791e-17 -5.89802241310761e-17 -7.81579660371507e-17   0.00157515984670214
 -3.4735483822394e-05 -5.82946589784555e-05      1.99627415357635    0.0050553534473911    0.0151873198958649 -3.43105109056811e-15  2.25839767835354e-16  1.72085299682113e-16  4.60622636959554e-15     0.061328901467021
 5.37185733741429e-05  0.000160706870253749    0.0050553534473911        1.952536861972       0.0244245221365  1.17859510097104e-15 -2.87805107083896e-17  4.83801305154674e-17 -5.67939314356314e-16   -0.0833889446674629
 0.000112888138403363 -0.000223795670253116    0.0151873198958649       0.0244245221365       1.6710616614033  9.06822412465956e-15  -2.3043487825168e-16 -4.16214803932181e-16 -2.44075626911149e-14    0.0673451034910888
-3.24547726396503e-17  2.08637155671329e-17 -3.43105109056811e-15  1.17859510097104e-15  9.06822412465956e-15      1.39533263511517   5.5872073515786e-15  0.000371276634216038     0.379912784941397  1.54528786564802e-14
-5.00801373261952e-18 -6.07667938182791e-17  2.25839767835354e-16 -2.87805107083896e-17  -2.3043487825168e-16   5.5872073515786e-15      1.39533263511503    -0.379912784941113  0.000371276634287874  -1.3664321061319e-15
-4.94801900167636e-18 -5.89802241310761e-17  1.72085299682113e-16  4.83801305154674e-17 -4.16214803932181e-16  0.000371276634216038    -0.379912784941113     0.620754412243756  4.12118341164089e-15  3.98497774454021e-16
 4.06841425852936e-17 -7.81579660371507e-17  4.60622636959554e-15 -5.67939314356314e-16 -2.44075626911149e-14     0.379912784941397  0.000371276634287874  4.12118341164089e-15     0.620754412243624  3.76105404252138e-15
 0.000666154586540318   0.00157515984670214     0.061328901467021   -0.0833889446674629    0.0673451034910888  1.54528786564802e-14  -1.3664321061319e-15  3.98497774454021e-16  3.76105404252138e-15     0.347956260379369
The Davidson algorithm did not converge.lambda: -0.7
TOTAL ENERGY: -127.079095401445	 lambda: -0.6	 population of target: 5.97629969649635
1RDM: 
     1.99999966315405 -4.31704479105039e-07 -2.73291575418995e-05  3.71093916912142e-05  0.000121239903569742  1.57627994433088e-15 -2.44004606519507e-17 -3.08040306744467e-17 -2.14055486794971e-15  0.000492103459464469
-4.31704479105039e-07      1.99999790991164 -2.62620531424148e-05  0.000161454810708957 -0.000435430938948018 -1.02168546820526e-14   4.5848423500735e-17  3.16097637349468e-17  4.62054047723371e-15   0.00125285857754937
-2.73291575418995e-05 -2.62620531424148e-05       1.9969797278245   0.00269494153272613    0.0176561499608629 -7.33668087823594e-13  8.39663181763541e-15   1.1741208873396e-14   9.7928219650179e-13    0.0390445535132314
 3.71093916912142e-05  0.000161454810708957   0.00269494153272613      1.95613765830239    0.0464984373194099 -2.91727038389223e-12  3.35599689549103e-14  3.68021654847026e-14  2.94100634917582e-12   -0.0795857897332488
 0.000121239903569742 -0.000435430938948018    0.0176561499608629    0.0464984373194099      1.57737258667451    1.927358343981e-11 -2.13740339097182e-13 -3.01591288800721e-13 -2.59485624975445e-11     0.243006888374488
 1.57627994433088e-15 -1.02168546820526e-14 -7.33668087823594e-13 -2.91727038389223e-12    1.927358343981e-11      1.32145300470076 -1.14481253004982e-14  0.000240207532573306     0.245840706011234  7.93086482334527e-12
-2.44004606519507e-17   4.5848423500735e-17  8.39663181763541e-15  3.35599689549103e-14 -2.13740339097182e-13 -1.14481253004982e-14      1.32145300469945    -0.245840706008114  0.000240207532512366 -9.27040459742883e-14
-3.08040306744467e-17  3.16097637349468e-17   1.1741208873396e-14  3.68021654847026e-14 -3.01591288800721e-13  0.000240207532573306    -0.245840706008114     0.689159285545853 -1.14412915269834e-14 -1.46380444607173e-13
-2.14055486794971e-15  4.62054047723371e-15   9.7928219650179e-13  2.94100634917582e-12 -2.59485624975445e-11     0.245840706011234  0.000240207532512366 -1.14412915269834e-14      0.68915928554466 -1.21427016525834e-11
 0.000492103459464469   0.00125285857754937    0.0390445535132314   -0.0795857897332488     0.243006888374488  7.93086482334527e-12 -9.27040459742883e-14 -1.46380444607173e-13 -1.21427016525834e-11     0.448287873642206
TOTAL ENERGY: -127.102006986155	 lambda: -0.5	 population of target: 6.01783010566226
1RDM: 
     1.99999975090135 -3.13395808712838e-07 -1.96941843825995e-05  3.35027611265462e-05   9.0417115584627e-05  4.30578941517299e-17 -1.42144651305579e-17  2.62380817531806e-18  7.92992344957854e-17  0.000367911290304817
-3.13395808712838e-07      1.99999805654588  -1.4990862094857e-05  0.000159776592194823 -0.000478625232439194  1.54363475094695e-15 -2.74669215120709e-16 -6.29587047666694e-17 -2.18382117217185e-16   0.00120422328175108
-1.96941843825995e-05  -1.4990862094857e-05      1.99766882426145   0.00226128371892213    0.0147489631056335  9.17247711321512e-14 -1.25524409442171e-14 -1.57437200317594e-14 -1.11673208003492e-13    0.0255489866037122
 3.35027611265462e-05  0.000159776592194823   0.00226128371892213      1.95733200950758    0.0476187339959597  3.80938941574987e-13 -5.19817550019647e-14 -6.29324980713938e-14 -4.57712167320182e-13   -0.0878855642950803
  9.0417115584627e-05 -0.000478625232439194    0.0147489631056335    0.0476187339959597      1.60409899217803  -3.8668013064184e-12  5.26687749799533e-13  7.06434019991322e-13  5.14335069030709e-12     0.343713934770177
 4.30578941517299e-17  1.54363475094695e-15  9.17247711321512e-14  3.80938941574987e-13  -3.8668013064184e-12      1.29188080313831  2.11172916452447e-14   0.00017289214830226     0.176910747314912 -1.53129314613121e-12
-1.42144651305579e-17 -2.74669215120709e-16 -1.25524409442171e-14 -5.19817550019647e-14  5.26687749799533e-13  2.11172916452447e-14      1.29188080313781    -0.176910747313963  0.000172892148391515  2.09105608013051e-13
 2.62380817531806e-18 -6.29587047666694e-17 -1.57437200317594e-14 -6.29324980713938e-14  7.06434019991322e-13   0.00017289214830226    -0.176910747313963     0.715990311432794  1.89524112404279e-14  3.43889090060236e-13
 7.92992344957854e-17 -2.18382117217185e-16 -1.11673208003492e-13 -4.57712167320182e-13  5.14335069030709e-12     0.176910747314912  0.000172892148391515  1.89524112404279e-14     0.715990311432329  2.50546805763942e-12
 0.000367911290304817   0.00120422328175108    0.0255489866037122   -0.0878855642950803     0.343713934770177 -1.53129314613121e-12  2.09105608013051e-13  3.43889090060236e-13  2.50546805763942e-12     0.425160137464506
TOTAL ENERGY: -127.120542563785	 lambda: -0.4	 population of target: 6.05917201406394
1RDM: 
     1.99999982665575 -2.10489049321485e-07 -1.33899183762524e-05  2.86564260124115e-05  6.99943794058429e-05  1.50213499339234e-15 -1.25496310094176e-16   1.2650996839143e-16  1.90707770165037e-15  0.000243796532273469
-2.10489049321485e-07      1.99999823790304 -6.79146105942791e-06  0.000148481060557279 -0.000457386939775635  4.97233070552753e-15 -4.70898864485296e-16  3.34210130852425e-16  4.88078639859522e-15   0.00114977308160481
-1.33899183762524e-05 -6.79146105942791e-06      1.99822325609943    0.0018807543255799    0.0120183768910095 -5.39201636907895e-15 -2.24874986064377e-15  1.14223345603551e-14  2.02629926115042e-13    0.0133514187209547
 2.86564260124115e-05  0.000148481060557279    0.0018807543255799      1.95935261865211    0.0430608301471125 -1.01459568091734e-12  6.12441214846684e-14 -2.02792636674435e-15  1.75111202741747e-13   -0.0936850891760105
 6.99943794058429e-05 -0.000457386939775635    0.0120183768910095    0.0430608301471125      1.65564484402253  1.02468858520269e-11  -5.7092480978713e-13 -1.54132979362535e-13 -5.06788911139464e-12     0.401693031266828
 1.50213499339234e-15  4.97233070552753e-15 -5.39201636907895e-15 -1.01459568091734e-12  1.02468858520269e-11      1.27145392600201 -2.81381435768156e-15  0.000118993651081397     0.121761277326174 -6.56016763384196e-12
-1.25496310094176e-16 -4.70898864485296e-16 -2.24874986064377e-15  6.12441214846684e-14  -5.7092480978713e-13 -2.81381435768156e-15      1.27145392600148    -0.121761277325628  0.000118993651076863  5.26851813857485e-13
  1.2650996839143e-16  3.34210130852425e-16  1.14223345603551e-14 -2.02792636674435e-15 -1.54132979362535e-13  0.000118993651081397    -0.121761277325628     0.734243710679276 -3.20211172725766e-15 -6.51861682113256e-13
 1.90707770165037e-15  4.88078639859522e-15  2.02629926115042e-13  1.75111202741747e-13 -5.06788911139464e-12     0.121761277326174  0.000118993651076863 -3.20211172725766e-15     0.734243710678766 -1.05367033937498e-11
 0.000243796532273469   0.00114977308160481    0.0133514187209547   -0.0936850891760105     0.401693031266828 -6.56016763384196e-12  5.26851813857485e-13 -6.51861682113256e-13 -1.05367033937498e-11     0.375385943305525
TOTAL ENERGY: -127.141488760726	 lambda: -0.3	 population of target: 6.11978664512035
1RDM: 
     1.99999988167813 -1.17637380392562e-07  -8.8886738098594e-06  2.15023650658354e-05    5.859204005579e-05    1.342588190715e-15 -4.45492994455411e-17 -1.25165365219657e-16  -2.0325371510573e-15  0.000124511027929982
-1.17637380392562e-07      1.99999849477435 -1.00596290381848e-06  0.000124685226291039 -0.000375550021703265  3.80285418777893e-15 -1.58390872826035e-16 -1.03637098465041e-16  1.46509514950545e-16   0.00104861244091659
 -8.8886738098594e-06 -1.00596290381848e-06       1.9986206225868    0.0014290308178801   0.00935674407107059  2.37845148441804e-13 -9.64767865460681e-15 -1.53420740578031e-14 -2.98237728516513e-13   0.00296787026739998
 2.15023650658354e-05  0.000124685226291039    0.0014290308178801      1.96297933796538    0.0331027514246449  1.46922392138227e-12 -7.78573189631432e-14 -7.58514027046344e-14 -1.66818230428309e-12   -0.0929948372335627
   5.859204005579e-05 -0.000375550021703265   0.00935674407107059    0.0331027514246449      1.72352993533016 -2.33620434985838e-11  1.16517798661469e-12  1.25949643426007e-12  2.73927771455787e-11     0.401919958786348
   1.342588190715e-15  3.80285418777893e-15  2.37845148441804e-13  1.46922392138227e-12 -2.33620434985838e-11      1.26151901076713 -6.86691098334628e-15  7.76072078629753e-05    0.0794124465338806 -5.50947691255869e-12
-4.45492994455411e-17 -1.58390872826035e-16 -9.64767865460681e-15 -7.78573189631432e-14  1.16517798661469e-12 -6.86691098334628e-15      1.26151901076722   -0.0794124465340504  7.76072078463093e-05  1.28068148114198e-13
-1.25165365219657e-16 -1.03637098465041e-16 -1.53420740578031e-14 -7.58514027046344e-14  1.25949643426007e-12  7.76072078629753e-05   -0.0794124465340504     0.742535330478071 -6.46496686895242e-15  8.98390891036833e-13
 -2.0325371510573e-15  1.46509514950545e-16 -2.98237728516513e-13 -1.66818230428309e-12  2.73927771455787e-11    0.0794124465338806  7.76072078463093e-05 -6.46496686895242e-15     0.742535330478156  1.67510446973477e-11
 0.000124511027929982   0.00104861244091659   0.00296787026739998   -0.0929948372335627     0.401919958786348 -5.50947691255869e-12  1.28068148114198e-13  8.98390891036833e-13  1.67510446973477e-11      0.30676304517462
TOTAL ENERGY: -127.169290274498	 lambda: -0.2	 population of target: 6.23356829092215
1RDM: 
     1.99999991836118 -4.18446694037758e-08 -5.49239378263411e-06  1.27860782248041e-05  4.11684494899305e-05 -5.07155475551431e-15  3.02674361077174e-16  2.92751468062596e-16  4.93179731230221e-15  2.27341194566201e-05
-4.18446694037758e-08      1.99999886485093  2.07028576984316e-06  8.46280043464961e-05  -0.00023600422633559 -1.30307020281011e-14  7.07099698112213e-16 -2.26115346146835e-16 -4.03493891458915e-15  0.000846142950328204
-5.49239378263411e-06  2.07028576984316e-06      1.99896664519212  0.000934739226355741   0.00556395067818621 -5.99237330391936e-13  3.41961028783683e-14  3.66850329780027e-14  6.35258790410732e-13  -0.00443260660285155
 1.27860782248041e-05  8.46280043464961e-05  0.000934739226355741      1.96962625519047    0.0175072011796271 -3.36152236442612e-12  1.98574688462708e-13  2.64466580550189e-13  4.38384587628681e-12   -0.0799036509638689
 4.11684494899305e-05  -0.00023600422633559   0.00556395067818621    0.0175072011796271      1.79327848208627  6.21818981819461e-11  -3.6230396203814e-12 -4.56793173116734e-12  -7.6863182080332e-11      0.32640172283905
-5.07155475551431e-15 -1.30307020281011e-14 -5.99237330391936e-13 -3.36152236442612e-12  6.21818981819461e-11      1.25646399371855 -6.66187569266512e-16   4.3896532666266e-05    0.0449174766914699    2.279454209213e-11
 3.02674361077174e-16  7.07099698112213e-16  3.41961028783683e-14  1.98574688462708e-13  -3.6230396203814e-12 -6.66187569266512e-16      1.25646399371858   -0.0449174766915184  4.38965326674741e-05 -1.41221164426215e-12
 2.92751468062596e-16 -2.26115346146835e-16  3.66850329780027e-14  2.64466580550189e-13 -4.56793173116734e-12   4.3896532666266e-05   -0.0449174766915184     0.746266262975745 -6.33411807314666e-16 -2.43014162285816e-12
 4.93179731230221e-15 -4.03493891458915e-15  6.35258790410732e-13  4.38384587628681e-12  -7.6863182080332e-11    0.0449174766914699  4.38965326674741e-05 -6.33411807314666e-16     0.746266262975776 -4.18150871176437e-11
 2.27341194566201e-05  0.000846142950328204  -0.00443260660285155   -0.0799036509638689      0.32640172283905    2.279454209213e-11 -1.41221164426215e-12 -2.43014162285816e-12 -4.18150871176437e-11      0.23266932093044
TOTAL ENERGY: -127.199870564246	 lambda: -0.1	 population of target: 6.44302270304943
1RDM: 
     1.99999994359745 -2.58570134048596e-09 -2.20231891730952e-06  4.95092810756074e-06  9.91551508341105e-06  2.57812717585496e-15 -1.92762189061012e-16 -2.37733228370844e-16 -3.06318511052335e-15 -2.31630185028806e-05
-2.58570134048596e-09      1.99999932607791  1.71552376720382e-06  3.26581570433053e-05 -7.33265099609908e-05  8.80886705448859e-15 -6.84650633644092e-16  6.00955268113504e-17  1.73993368252221e-15  0.000468761147627706
-2.20231891730952e-06  1.71552376720382e-06      1.99938649699631  0.000477341277613012  0.000843049389719797  4.68138263150027e-13 -3.24459111344237e-14 -3.80457726574409e-14 -5.30610029693213e-13  -0.00545925117727709
 4.95092810756074e-06  3.26581570433053e-05  0.000477341277613012      1.98022298020732   0.00148678627448641  2.57574389090581e-12 -1.87907459194218e-13 -2.31704761890422e-13 -3.16970437012528e-12   -0.0456734705714978
 9.91551508341105e-06 -7.33265099609908e-05  0.000843049389719797   0.00148678627448641      1.80267103531093 -4.96498138360836e-11  3.58067324065017e-12  4.08949315630051e-12  5.66740509577435e-11     0.164328253594163
 2.57812717585496e-15  8.80886705448859e-15  4.68138263150027e-13  2.57574389090581e-12 -4.96498138360836e-11      1.23668814588936 -6.03024159162233e-16  1.62944572418445e-05     0.016673598353393  -1.6579117302429e-11
-1.92762189061012e-16 -6.84650633644092e-16 -3.24459111344237e-14 -1.87907459194218e-13  3.58067324065017e-12 -6.03024159162233e-16      1.23668814588961   -0.0166735983534863  1.62944572416257e-05  1.17009596820016e-12
-2.37733228370844e-16  6.00955268113504e-17 -3.80457726574409e-14 -2.31704761890422e-13  4.08949315630051e-12  1.62944572418445e-05   -0.0166735983534863     0.764903443404306 -3.36893405054992e-16  2.50434780445174e-12
-3.06318511052335e-15  1.73993368252221e-15 -5.30610029693213e-13 -3.16970437012528e-12  5.66740509577435e-11     0.016673598353393  1.62944572416257e-05 -3.36893405054992e-16     0.764903443404547  3.43325523823824e-11
-2.31630185028806e-05  0.000468761147627706  -0.00545925117727709   -0.0456734705714978     0.164328253594163  -1.6579117302429e-11  1.17009596820016e-12  2.50434780445174e-12  3.43325523823824e-11     0.214537039222288
TOTAL ENERGY: -127.21257880408	 lambda: 0	 population of target: 6.6897911195228
1RDM: 
     1.99999995487937  2.02293954520478e-15 -3.48966034564825e-13  2.94800035154629e-12 -4.49285544066544e-12  4.95149445138765e-18 -8.95619189553988e-18  2.34039193180601e-19  3.17194572910587e-17 -4.30185007880505e-11
 2.02293954520478e-15      1.99999964303327 -9.21281694803712e-14  6.67243359156043e-12  8.67376487204481e-12  8.13613820794918e-17 -7.90006630784958e-17 -1.88553915055028e-17 -5.75030914712354e-17 -9.47735452993843e-11
-3.48966034564825e-13 -9.21281694803712e-14      1.99970429245234  5.42390277214664e-11  -3.6397609468864e-10  9.68208894852039e-16 -6.05497424523462e-17 -1.70514305089196e-17  -2.4806140847018e-16 -2.29764415748793e-09
 2.94800035154629e-12  6.67243359156043e-12  5.42390277214664e-11      1.99008617557524  -1.0296264583759e-09  1.12769752878477e-14 -7.01293759474813e-16 -1.01817917820844e-15 -1.59474381629531e-14  1.92718698401767e-09
-4.49285544066544e-12  8.67376487204481e-12  -3.6397609468864e-10  -1.0296264583759e-09      1.68239745083177 -1.75686768457864e-13  1.06814379258847e-14  2.03344657258143e-14  3.18547363657674e-13  4.19083954841319e-09
 4.95149445138765e-18  8.13613820794918e-17  9.68208894852039e-16  1.12769752878477e-14 -1.75686768457864e-13      1.18779718480253 -1.40015491657029e-15 -6.19255433524646e-11 -1.80350888743703e-09 -2.19908489713719e-13
-8.95619189553988e-18 -7.90006630784958e-17 -6.05497424523462e-17 -7.01293759474813e-16  1.06814379258847e-14 -1.40015491657029e-15      1.18779718480206  1.80352473966218e-09 -6.19247458303916e-11  1.43116069857056e-14
 2.34039193180601e-19 -1.88553915055028e-17 -1.70514305089196e-17 -1.01817917820844e-15  2.03344657258143e-14 -6.19255433524646e-11  1.80352473966218e-09     0.812990787753941 -1.81922089186833e-15  3.18559135096501e-15
 3.17194572910587e-17 -5.75030914712354e-17  -2.4806140847018e-16 -1.59474381629531e-14  3.18547363657674e-13 -1.80350888743703e-09 -6.19247458303916e-11 -1.81922089186833e-15     0.812990787753477  5.81364837140101e-14
-4.30185007880505e-11 -9.47735452993843e-11 -2.29764415748793e-09  1.92718698401767e-09  4.19083954841319e-09 -2.19908489713719e-13  1.43116069857056e-14  3.18559135096501e-15  5.81364837140101e-14     0.326236538116035
TOTAL ENERGY: -127.20564935637	 lambda: 0.1	 population of target: 6.84617807084171
1RDM: 
     1.99999994992139  -2.5178661419476e-09  8.43965243702263e-08 -2.84446602368142e-06  2.43659397270095e-05 -1.70911809164947e-17  -7.9977174000218e-18  2.74845213858135e-20  2.35404581706107e-17  2.58882063880537e-05
 -2.5178661419476e-09      1.99999968662376  -3.5208524225188e-08 -6.97675746581463e-08 -4.09514472967748e-05  4.98872376269663e-17 -8.13581882535527e-17 -1.68197761008126e-17 -5.81531164387992e-17 -0.000336508173794212
 8.43965243702263e-08  -3.5208524225188e-08      1.99972634084138 -0.000490922410186173   0.00359819873332621 -2.28289112241572e-15  1.24005544271702e-16   1.9488567297336e-16   2.9474357765359e-15    0.0047239024466944
-2.84446602368142e-06 -6.97675746581463e-08 -0.000490922410186173      1.99428259970438    0.0114511725016427 -8.49821986836687e-16  3.25468488036828e-17 -3.60711136187816e-17  1.03427405043661e-17    0.0311337683087257
 2.43659397270095e-05 -4.09514472967748e-05   0.00359819873332621    0.0114511725016427      1.52828956458503  4.93767314647062e-15  -1.9058292696855e-16 -9.22888656737758e-16 -1.39475287468421e-14   -0.0769061381089503
-1.70911809164947e-17  4.98872376269663e-17 -2.28289112241572e-15 -8.49821986836687e-16  4.93767314647062e-15      1.13968909421447 -1.71743802664535e-15  -5.4168947002628e-06   -0.0055435352088728  9.69924556161581e-15
 -7.9977174000218e-18 -8.13581882535527e-17  1.24005544271702e-16  3.25468488036828e-17  -1.9058292696855e-16 -1.71743802664535e-15      1.13968909421445    0.0055435352088554 -5.41689469928033e-06 -6.53698994114862e-16
 2.74845213858135e-20 -1.68197761008126e-17   1.9488567297336e-16 -3.60711136187816e-17 -9.22888656737758e-16  -5.4168947002628e-06    0.0055435352088554     0.860722809247954 -1.72365111815888e-15  1.27834068028194e-16
 2.35404581706107e-17 -5.81531164387992e-17   2.9474357765359e-15  1.03427405043661e-17 -1.39475287468421e-14   -0.0055435352088728 -5.41689469928033e-06 -1.72365111815888e-15     0.860722809247931 -2.06414889457663e-16
 2.58882063880537e-05 -0.000336508173794212    0.0047239024466944    0.0311337683087257   -0.0769061381089503  9.69924556161581e-15 -6.53698994114862e-16  1.27834068028194e-16 -2.06414889457663e-16     0.476878051399293
TOTAL ENERGY: -127.19489092872	 lambda: 0.2	 population of target: 6.92098128677578
1RDM: 
     1.99999994010906 -1.66427065380582e-09 -5.22914454640726e-07  -4.3542764030729e-06  5.37436310800859e-05 -1.68810792825189e-17  -8.3140697271855e-18  9.97362724970781e-20  2.19356545294327e-17  2.66417963203346e-05
-1.66427065380582e-09      1.99999960210599  9.73689270593599e-07  1.23401704594197e-05 -0.000117442486822387  5.42478915546265e-17 -8.44704400807919e-17 -1.58741381485251e-17  -5.5953589955067e-17 -0.000533531513817209
-5.22914454640726e-07  9.73689270593599e-07      1.99962084904764 -0.000876066213878409   0.00758781565663424 -2.34316681508651e-15  1.22309238030886e-16   1.9024042005439e-16  2.79095403182245e-15   0.00643007041360542
 -4.3542764030729e-06  1.23401704594197e-05 -0.000876066213878409      1.99506561564552    0.0236848001796046 -9.94405352068961e-16   3.0165088309591e-17 -7.32391549343481e-17 -1.74745882486187e-16    0.0471428870072185
 5.37436310800859e-05 -0.000117442486822387   0.00758781565663424    0.0236848001796046      1.42234014157148   4.4934767628111e-15 -1.60025571037454e-16 -7.47325131378036e-16 -1.11926318239259e-14    -0.100508067006928
-1.68810792825189e-17  5.42478915546265e-17 -2.34316681508651e-15 -9.94405352068961e-16   4.4934767628111e-15       1.1095956635673  -4.6079664654617e-16 -6.64918294254582e-06  -0.00680387026937932  7.26000868587282e-15
 -8.3140697271855e-18 -8.44704400807919e-17  1.22309238030886e-16   3.0165088309591e-17 -1.60025571037454e-16  -4.6079664654617e-16      1.10959566356733   0.00680387026936759 -6.64918294268953e-06 -5.04887966242721e-16
 9.97362724970781e-20 -1.58741381485251e-17   1.9024042005439e-16 -7.32391549343481e-17 -7.47325131378036e-16 -6.64918294254582e-06   0.00680387026936759     0.890668991757144 -4.31632014201428e-16    1.864343953494e-16
 2.19356545294327e-17  -5.5953589955067e-17  2.79095403182245e-15 -1.74745882486187e-16 -1.11926318239259e-14  -0.00680387026937932 -6.64918294268953e-06 -4.31632014201428e-16     0.890668991757172  6.03511192489683e-16
 2.66417963203346e-05 -0.000533531513817209   0.00643007041360542    0.0471428870072185    -0.100508067006928  7.26000868587282e-15 -5.04887966242721e-16    1.864343953494e-16  6.03511192489683e-16     0.582444540871423
TOTAL ENERGY: -127.185751886489	 lambda: 0.3	 population of target: 6.95830656923295
1RDM: 
     1.99999993025721 -1.87871921122037e-09 -1.02573687671968e-06 -4.90231918686288e-06  7.72965665830079e-05 -1.61530211960019e-17 -8.50386108655478e-18  1.25901200279444e-19  2.04840424567467e-17  1.01668132422967e-05
-1.87871921122037e-09      1.99999948549311   1.9376728939343e-06  2.60140219374277e-05 -0.000191797974174084  5.67823637032449e-17 -8.63400132331308e-17 -1.54510390542767e-17 -5.43715292223562e-17 -0.000658857715574759
-1.02573687671968e-06   1.9376728939343e-06      1.99949695412672  -0.00114642008354329    0.0106778139988275  -2.3539151952804e-15  1.19253036494104e-16  1.84411858970788e-16  2.68404185867551e-15   0.00630201941141507
-4.90231918686288e-06  2.60140219374277e-05  -0.00114642008354329      1.99474456984672    0.0333065921543763 -1.04345651207588e-15  2.96137234313779e-17 -9.94443741113039e-17 -3.35374628577598e-16     0.055725393275128
 7.72965665830079e-05 -0.000191797974174084    0.0106778139988275    0.0333065921543763      1.36006738871611  4.14563922919195e-15 -1.47640595281939e-16 -6.47983072356584e-16 -9.62970167280774e-15    -0.108020503660118
-1.61530211960019e-17  5.67823637032449e-17  -2.3539151952804e-15 -1.04345651207588e-15  4.14563922919195e-15      1.09278170719335 -6.78439359490192e-16  -6.9135427336436e-06  -0.00707437089443321  5.96006768621015e-15
-8.50386108655478e-18 -8.63400132331308e-17  1.19253036494104e-16  2.96137234313779e-17 -1.47640595281939e-16 -6.78439359490192e-16      1.09278170719328   0.00707437089441333 -6.91354273349491e-06 -4.33559051938656e-16
 1.25901200279444e-19 -1.54510390542767e-17  1.84411858970788e-16 -9.94443741113039e-17 -6.47983072356584e-16  -6.9135427336436e-06   0.00707437089441333     0.907422256086503 -7.41734854701973e-16  2.02687469832903e-16
 2.04840424567467e-17 -5.43715292223562e-17  2.68404185867551e-15 -3.35374628577598e-16 -9.62970167280774e-15  -0.00707437089443321 -6.91354273349491e-06 -7.41734854701973e-16     0.907422256086437  9.71850789034449e-16
 1.01668132422967e-05 -0.000658857715574759   0.00630201941141507     0.055725393275128    -0.108020503660118  5.96006768621015e-15 -4.33559051938656e-16  2.02687469832903e-16  9.71850789034449e-16     0.645283745000587
TOTAL ENERGY: -127.178203156675	 lambda: 0.4	 population of target: 6.98010123307424
1RDM: 
     1.99999991986711 -5.62086980989984e-09 -1.32391572487112e-06 -4.75860450296356e-06  9.52707962816529e-05 -1.51420540115093e-17 -8.62446790881624e-18  1.38639007439161e-19   1.9195352600875e-17 -1.68650141224706e-05
-5.62086980989984e-09      1.99999936546437  2.40163343910627e-06  3.82782664514096e-05 -0.000256930442018765  5.84017681678748e-17 -8.74530089428596e-17 -1.52798939816142e-17 -5.33130769832524e-17 -0.000749699543560653
-1.32391572487112e-06  2.40163343910627e-06      1.99936925200486  -0.00133484176110766    0.0129517303828231 -2.33613155025034e-15  1.14810690394959e-16  1.78884871953414e-16  2.60931088947428e-15   0.00518368033801098
-4.75860450296356e-06  3.82782664514096e-05  -0.00133484176110766      1.99414594594506    0.0406171223298706 -1.05612415465217e-15  2.95709687667592e-17 -1.18526131336353e-16 -4.63927310823111e-16    0.0609102236475558
 9.52707962816529e-05 -0.000256930442018765    0.0129517303828231    0.0406171223298706      1.32572605348826   3.9525156396337e-15 -1.44252157026597e-16 -5.94703718736798e-16 -8.75184919780158e-15    -0.112983530417815
-1.51420540115093e-17  5.84017681678748e-17 -2.33613155025034e-15 -1.05612415465217e-15   3.9525156396337e-15      1.08392754255456 -7.40070669330938e-16 -7.09447241997451e-06  -0.00725952873111153   5.2133209842448e-15
-8.62446790881624e-18 -8.74530089428596e-17  1.14810690394959e-16  2.95709687667592e-17 -1.44252157026597e-16 -7.40070669330938e-16      1.08392754255456   0.00725952873109877 -7.09447241989862e-06 -3.98893172896354e-16
 1.38639007439161e-19 -1.52798939816142e-17  1.78884871953414e-16 -1.18526131336353e-16 -5.94703718736798e-16 -7.09447241997451e-06   0.00725952873109877     0.916249909333872 -7.41373165506248e-16  2.10656637166067e-16
  1.9195352600875e-17 -5.33130769832524e-17  2.60931088947428e-15 -4.63927310823111e-16 -8.75184919780158e-15  -0.00725952873111153 -7.09447241989862e-06 -7.41373165506248e-16     0.916249909333869  1.18779848120032e-15
-1.68650141224706e-05 -0.000749699543560653   0.00518368033801098    0.0609102236475558    -0.112983530417815   5.2133209842448e-15 -3.98893172896354e-16  2.10656637166067e-16  1.18779848120032e-15     0.680404559453485
TOTAL ENERGY: -127.171193894319	 lambda: 0.5	 population of target: 6.9957388381047
1RDM: 
     1.99999990719166 -1.35713451593411e-08  -1.4684116123902e-06 -4.08676327452068e-06  0.000109039150684732 -1.39380698302397e-17 -8.70562721759555e-18  1.45979296845202e-19  1.80215210484163e-17 -5.19406049444952e-05
-1.35713451593411e-08      1.99999924886251  2.13979306122604e-06  4.87514570754548e-05 -0.000313596603172766  5.95210949649727e-17 -8.80657161489305e-17 -1.52390579909043e-17 -5.26270113241827e-17 -0.000822591458018133
 -1.4684116123902e-06  2.13979306122604e-06      1.99922200414704  -0.00147051732159441    0.0146232988483052 -2.30037114491821e-15  1.09170793031797e-16   1.7391171630553e-16  2.55738446017402e-15   0.00343272864437158
-4.08676327452068e-06  4.87514570754548e-05  -0.00147051732159441      1.99352071226451    0.0462772903006913 -1.05500735781366e-15  2.97331410794827e-17 -1.33088000832842e-16 -5.65152383008205e-16    0.0643886152935991
 0.000109039150684732 -0.000313596603172766    0.0146232988483052    0.0462772903006913       1.3100063909631  3.92453352283151e-15 -1.47448068341311e-16 -5.74223729944244e-16 -8.37281562320492e-15    -0.120177085204572
-1.39380698302397e-17  5.95210949649727e-17 -2.30037114491821e-15 -1.05500735781366e-15  3.92453352283151e-15      1.08029876234213 -9.73292597305724e-16 -7.45251435910315e-06  -0.00762574289658953  4.82644140831466e-15
-8.70562721759555e-18 -8.80657161489305e-17  1.09170793031797e-16  2.97331410794827e-17 -1.47448068341311e-16 -9.73292597305724e-16      1.08029876234223   0.00762574289658614  -7.4525143589181e-06 -3.89234233645712e-16
 1.45979296845202e-19 -1.52390579909043e-17   1.7391171630553e-16 -1.33088000832842e-16 -5.74223729944244e-16 -7.45251435910315e-06   0.00762574289658614     0.919868497981981 -8.81378438225928e-16  2.22809530217817e-16
 1.80215210484163e-17 -5.26270113241827e-17  2.55738446017402e-15 -5.65152383008205e-16 -8.37281562320492e-15  -0.00762574289658953  -7.4525143589181e-06 -8.81378438225928e-16     0.919868497982076  1.38644007234173e-15
-5.19406049444952e-05 -0.000822591458018133   0.00343272864437158    0.0643886152935991    -0.120177085204572  4.82644140831466e-15 -3.89234233645712e-16  2.22809530217817e-16  1.38644007234173e-15     0.696917215922766
TOTAL ENERGY: -127.163294290747	 lambda: 0.6	 population of target: 7.01009191884469
1RDM: 
     1.99999989001922 -2.57132913682392e-08 -1.50663362609751e-06 -2.96093102757615e-06  0.000118952884943721 -1.26712356756002e-17 -8.75368228668077e-18  1.45648385416755e-19   1.6857660083238e-17  -9.4854475898179e-05
-2.57132913682392e-08      1.99999913603677  8.86313792863449e-07  5.74567200562754e-05 -0.000364149713163301  5.94720568203279e-17 -8.82230064027931e-17 -1.53176543224807e-17 -5.29549843503129e-17 -0.000885316839701356
-1.50663362609751e-06  8.86313792863449e-07      1.99902361707414  -0.00157587442610691    0.0158040283950449 -2.23946775909876e-15   1.0163752972984e-16  1.70546555478085e-16  2.53858714873033e-15    0.0011682462245678
-2.96093102757615e-06  5.74567200562754e-05  -0.00157587442610691      1.99294590754909     0.050764258192376 -1.15400165162046e-15  3.70297221488056e-17 -1.51219996249316e-16 -7.43673089171507e-16    0.0669066492530149
 0.000118952884943721 -0.000364149713163301    0.0158040283950449     0.050764258192376      1.30876858290447  4.30013243061215e-15 -1.72790507016274e-16 -5.65046750965837e-16 -8.21511522499877e-15    -0.132411271865453
-1.26712356756002e-17  5.94720568203279e-17 -2.23946775909876e-15 -1.15400165162046e-15  4.30013243061215e-15      1.08084764093976 -1.00942218690128e-15 -8.13338331509926e-06   -0.0083225793392022  4.39288289987925e-15
-8.75368228668077e-18 -8.82230064027931e-17   1.0163752972984e-16  3.70297221488056e-17 -1.72790507016274e-16 -1.00942218690128e-15      1.08084764093974    0.0083225793391901 -8.13338331488534e-06 -3.78489025046318e-16
 1.45648385416755e-19 -1.53176543224807e-17  1.70546555478085e-16 -1.51219996249316e-16 -5.65046750965837e-16 -8.13338331509926e-06    0.0083225793391901     0.919320016833624 -1.02322640565234e-15  2.25334907507271e-16
  1.6857660083238e-17 -5.29549843503129e-17  2.53858714873033e-15 -7.43673089171507e-16 -8.21511522499877e-15   -0.0083225793392022 -8.13338331488534e-06 -1.02322640565234e-15     0.919320016833607  1.35485049732772e-15
 -9.4854475898179e-05 -0.000885316839701356    0.0011682462245678    0.0669066492530149    -0.132411271865453  4.39288289987925e-15 -3.78489025046318e-16  2.25334907507271e-16  1.35485049732772e-15     0.698927550869608
TOTAL ENERGY: -127.15214354795	 lambda: 0.7	 population of target: 7.02718218672672
1RDM: 
     1.99999986536844 -4.16488144471578e-08 -1.44671793646733e-06 -1.37525939672501e-06  0.000123670451804069 -1.10394506435394e-17 -8.79222228155469e-18  1.62635960398531e-19  1.60125809692629e-17 -0.000146854585454724
-4.16488144471578e-08      1.99999902404168 -1.89386046008404e-06   6.4335433901932e-05 -0.000411402534870528  6.07529165350518e-17 -8.80759247625367e-17 -1.53310283057381e-17 -5.20064921864268e-17 -0.000941797676156683
-1.44671793646733e-06 -1.89386046008404e-06      1.99871529228121  -0.00167141788467509    0.0164641790725301 -2.18323287950124e-15  9.40951749641433e-17    1.658384932342e-16   2.5069764156408e-15  -0.00161509485295069
-1.37525939672501e-06   6.4335433901932e-05  -0.00167141788467509      1.99244869898735    0.0543606240481948 -1.03627988950741e-15  3.04865493832987e-17 -1.54159022547951e-16 -7.09754032650548e-16    0.0688250173624012
 0.000123670451804069 -0.000411402534870528    0.0164641790725301    0.0543606240481948      1.32127119766441  4.43426955239041e-15 -1.69829273534287e-16 -6.04902300989932e-16 -8.81685308271035e-15    -0.153183038546274
-1.10394506435394e-17  6.07529165350518e-17 -2.18323287950124e-15 -1.03627988950741e-15  4.43426955239041e-15      1.08566976237097  5.03510204469892e-16 -9.33370683641222e-06  -0.00955081916391146  4.75598040405451e-15
-8.79222228155469e-18 -8.80759247625367e-17  9.40951749641433e-17  3.04865493832987e-17 -1.69829273534287e-16  5.03510204469892e-16       1.0856697623709   0.00955081916389044 -9.33370683692805e-06  -4.3280040558884e-16
 1.62635960398531e-19 -1.53310283057381e-17    1.658384932342e-16 -1.54159022547951e-16 -6.04902300989932e-16 -9.33370683641222e-06   0.00955081916389044     0.914508926722115  4.46229601725998e-16   2.8911222669304e-16
 1.60125809692629e-17 -5.20064921864268e-17   2.5069764156408e-15 -7.09754032650548e-16 -8.81685308271035e-15  -0.00955081916391146 -9.33370683692805e-06  4.46229601725998e-16     0.914508926722053  2.01271832044047e-15
-0.000146854585454724 -0.000941797676156683  -0.00161509485295069    0.0688250173624012    -0.153183038546274  4.75598040405451e-15  -4.3280040558884e-16   2.8911222669304e-16  2.01271832044047e-15     0.687208543470898
TOTAL ENERGY: -127.132737305226	 lambda: 0.8	 population of target: 7.05291249422699
1RDM: 
     1.99999982864284 -6.05273737122121e-08 -1.23297406842857e-06  7.82516022654861e-07  0.000118820210391933 -9.25857730754086e-18 -8.79951030375249e-18  1.96174591765862e-19  1.53978506192555e-17 -0.000210506382368616
-6.05273737122121e-08      1.99999890468342 -7.47051644506894e-06   6.8999432221639e-05 -0.000458744763447903  6.13663135592505e-17 -8.73770241082399e-17 -1.53575767432204e-17  -5.1494143494343e-17 -0.000993716129092749
-1.23297406842857e-06 -7.47051644506894e-06      1.99817051310592  -0.00178242388799016    0.0163609217008601 -2.11054553445402e-15  8.50458875180243e-17  1.62410785330027e-16  2.49871552053796e-15  -0.00501374891052335
 7.82516022654861e-07   6.8999432221639e-05  -0.00178242388799016      1.99205007512435    0.0571669721560079 -9.49303760862746e-16  2.67363289817337e-17 -1.57978546280481e-16 -6.99060151003713e-16    0.0703314560189184
 0.000118820210391933 -0.000458744763447903    0.0163609217008601    0.0571669721560079      1.34940470334304  5.06863113010316e-15 -1.84381131923209e-16 -6.53005329513941e-16 -9.74487243983513e-15    -0.188967165385518
-9.25857730754086e-18  6.13663135592505e-17 -2.11054553445402e-15 -9.49303760862746e-16  5.06863113010316e-15      1.09601361569583 -8.66997483721447e-16 -1.14354280495779e-05    -0.011701430819577  5.10773573084966e-15
-8.79951030375249e-18 -8.73770241082399e-17  8.50458875180243e-17  2.67363289817337e-17 -1.84381131923209e-16 -8.66997483721447e-16      1.09601361569586     0.011701430819571 -1.14354280493799e-05  -5.0423826843321e-16
 1.96174591765862e-19 -1.53575767432204e-17  1.62410785330027e-16 -1.57978546280481e-16 -6.53005329513941e-16 -1.14354280495779e-05     0.011701430819571     0.904192472004587 -8.46321086732892e-16  3.74583361903549e-16
 1.53978506192555e-17  -5.1494143494343e-17  2.49871552053796e-15 -6.99060151003713e-16 -9.74487243983513e-15    -0.011701430819577 -1.14354280493799e-05 -8.46321086732892e-16     0.904192472004617  2.71260036878846e-15
-0.000210506382368616 -0.000993716129092749  -0.00501374891052335    0.0703314560189184    -0.188967165385518  5.10773573084966e-15  -5.0423826843321e-16  3.74583361903549e-16  2.71260036878846e-15     0.659963799699569
TOTAL ENERGY: -127.092599066256	 lambda: 0.9	 population of target: 7.09982505888127
1RDM: 
     1.99999977193851 -8.11749406082263e-08 -7.24558783052252e-07  3.83732822055256e-06  9.35302666969615e-05 -2.12004574567442e-17  -7.8184561045025e-18 -6.61000613735734e-19  1.79565121890947e-18 -0.000289571936033977
-8.11749406082263e-08      1.99999875454403 -1.91570906084784e-05  7.03298540738052e-05 -0.000510472294557541 -4.30070307037329e-17 -7.95296642678381e-17 -2.05129086848773e-17 -1.35368497074355e-16  -0.00104027740845009
-7.24558783052252e-07 -1.91570906084784e-05      1.99707889664026  -0.00194872428998085    0.0148334228650328  7.89642677177171e-16 -1.11899841339341e-16   3.7671466418084e-16  5.78181321941439e-15  -0.00921234747406883
 3.83732822055256e-06  7.03298540738052e-05  -0.00194872428998085      1.99179455414583     0.059032669597682  -1.4070224658327e-14  8.44930214172295e-16 -7.96389792831147e-16 -1.07718704955732e-14    0.0715239890632297
 9.35302666969615e-05 -0.000510472294557541    0.0148334228650328     0.059032669597682      1.39652792715096  -8.0336798816463e-15  2.82721014663779e-16 -1.29827956331715e-15 -2.70886871728964e-14    -0.253360475006036
-2.12004574567442e-17 -4.30070307037329e-17  7.89642677177171e-16  -1.4070224658327e-14  -8.0336798816463e-15      1.11470459558423 -4.15660366950935e-15 -1.52621492596782e-05   -0.0156171436686514  1.16337041990581e-14
 -7.8184561045025e-18 -7.95296642678381e-17 -1.11899841339341e-16  8.44930214172295e-16  2.82721014663779e-16 -4.15660366950935e-15      1.11470459558419    0.0156171436686264 -1.52621492589147e-05 -4.73374926676212e-16
-6.61000613735734e-19 -2.05129086848773e-17   3.7671466418084e-16 -7.96389792831147e-16 -1.29827956331715e-15 -1.52621492596782e-05    0.0156171436686264     0.885562194519643 -4.14445263282129e-15  6.95468194110674e-16
 1.79565121890947e-18 -1.35368497074355e-16  5.78181321941439e-15 -1.07718704955732e-14 -2.70886871728964e-14   -0.0156171436686514 -1.52621492589147e-05 -4.14445263282129e-15     0.885562194519612  1.43529193787831e-14
-0.000289571936033977  -0.00104027740845009  -0.00921234747406883    0.0715239890632297    -0.253360475006036  1.16337041990581e-14 -4.73374926676212e-16  6.95468194110674e-16  1.43529193787831e-14     0.614066515372792
-------------------general-----------------------
mullikenoperator: 
   0.0127811416989487     0.112336708777634  -0.00106553836728047 -0.000731279035843826 -0.000551826010025014  1.43598608666827e-16  8.22286778512488e-18  1.86817257454701e-17 -1.60181245865322e-16  0.000589387970093887
    0.112336708777634      0.98709848331562   -0.0106189742039682  -0.00121603933880432  -0.00109307126334676  8.78249902831062e-17 -7.83062935010461e-17  3.13438859468687e-18 -6.76731498461686e-17   -0.0011726476293839
 -0.00106553836728047   -0.0106189742039682     0.019016651336488     -0.13776255985532  0.000531238795329309   3.0788721480231e-15 -2.42652315287473e-16 -2.17006458447423e-16 -2.87510102958764e-15   -0.0355250527895263
-0.000731279035843826  -0.00121603933880433     -0.13776255985532     0.967530524934314     0.100195190947309  9.94999431482994e-17  4.21317238860759e-17 -2.23946188512881e-16 -2.36307363291759e-15     0.064995885586556
-0.000551826010025014  -0.00109307126334677  0.000531238795329312     0.100195190947309     0.318382384033633 -4.35613530874961e-15  3.48126254470716e-16  5.62000008901973e-16  7.65882569963192e-15    -0.458209523808947
 1.43598608665773e-16   8.7824990282937e-17  3.07887214802276e-15  9.94999431468235e-17 -4.35613530871288e-15     0.451048184103359 -1.27509966255006e-16 -0.000486361176349382    -0.497674218534019 -6.12335927722345e-15
 8.22286778521524e-18 -7.83062935009836e-17 -2.42652315287071e-16  4.21317238870339e-17  3.48126254447466e-16 -1.29761314805396e-16     0.451048184103427     0.497674218534025 -0.000486361176349286  3.19507045227174e-16
 1.86817257455596e-17  3.13438859450883e-18 -2.17006458447017e-16   -2.239461885117e-16  5.62000008883792e-16 -0.000486361176349384     0.497674218534025     0.548951815896574  2.56402044571179e-17  5.54869442338674e-17
-1.60181245864224e-16 -6.76731498482601e-17 -2.87510102958995e-15 -2.36307363289701e-15  7.65882569969973e-15    -0.497674218534019 -0.000486361176349291  1.99773864662397e-17     0.548951815896641   2.0874135497971e-15
 0.000589387970093886   -0.0011726476293839   -0.0355250527895263     0.064995885586556    -0.458209523808947 -6.12335927693424e-15  3.19507045214754e-16  5.54869442327139e-17  2.08741354964652e-15     0.695190814681005
selected BF: 
0 1 2 3 4
selected lambdas: 
  -1 -0.9 -0.8 -0.7 -0.6 -0.5 -0.4 -0.3 -0.2 -0.1    0  0.1  0.2  0.3  0.4  0.5  0.6  0.7  0.8  0.9
RHF C: 
-0.000122015481901858    -0.995170551902092    0.0330311560992412     0.255942046831369   -0.0424639925553543  1.91782164638763e-12  2.07045120513076e-11 -8.63309909162991e-12  9.71122109462875e-13   0.00419351607138652
 0.000634250507317439   -0.0197735803358167    -0.126878925579879     -1.00890828601578     0.174343888449861 -8.16643038477187e-12 -8.83823327128254e-11  3.66050252964615e-11 -4.09398562561557e-12   -0.0180938724938385
 -5.5946130154164e-15 -1.72810776193607e-14 -9.35073395661984e-13  -4.1838833695442e-13  3.13871515751657e-12      0.76499932134503   -0.0323645630797398   -0.0271862368036939    -0.642879506912165 -3.65738804612721e-11
  -1.242297385964e-13 -3.38263289647816e-13 -1.71055945723398e-11 -7.74750976428158e-12  8.64336503284881e-11    0.0323645630943385     0.764999320999612     0.642879507323198   -0.0271862367863145 -1.05948306519581e-09
 0.000868852049824988  -0.00025830103301047   -0.0310404844482818   -0.0139176484055305     -0.15147123445003 -4.32252762248245e-11 -6.03215237433453e-10 -8.97129863246913e-10  7.27822606047584e-11    -0.994859466223842
   -0.995220393480967 -0.000164325988986616     0.258194974030259   -0.0444493561328611  -0.00981145727303445 -1.22577807517118e-13 -4.05299442151888e-12 -2.26339439714881e-11  1.83775820954929e-12   -0.0212387539647378
  -0.0194582569531678  0.000718892823672109     -1.01122952443416     0.181353320263232     0.040295859046494   1.1753055320628e-12  2.55292565725488e-11  1.01091827927461e-10 -8.20469613691478e-12     0.098310730305532
 1.39639510034014e-14  6.70059117602882e-15  6.07453617570976e-13  4.01486843810407e-12  5.18256706486876e-11     0.629432254793332   -0.0266291736039761    0.0328199537592705     0.776101380526452   8.0147756581923e-12
 3.64012665120218e-13  1.83847924545742e-13  1.13603835658278e-11  9.14421183944619e-11  1.03808728747541e-09    0.0266291735863524      0.62943225521033    -0.776101380188259    0.0328199537735697  1.59774209509804e-10
 0.000300404070172676 -0.000900836328329997    0.0427260625185477     0.100473366260601     0.970028833275639 -7.83704431109278e-11 -8.91699646046097e-10  5.31480677986265e-10 -5.23127595279942e-11    -0.244696391381566
RDM (no constraint): 
     1.99999983107456  7.58590212416463e-08 -1.57154405880253e-05  8.08057874306871e-06 -0.000139884292333599  1.40269984977941e-15 -4.04253888812256e-15  2.95981817709865e-13 -2.32938136151637e-14 -1.70562814662802e-05
 7.58590212416463e-08      1.99999740986898 -1.19130939508741e-05 -0.000162003156570672 -0.000105324614609762  3.93824517544527e-14   4.5680781396787e-13  5.90627802856926e-13 -4.93622825336893e-14  0.000326166331849324
-1.57154405880253e-05 -1.19130939508741e-05       1.9969470566324   -0.0011771366847585   -0.0362659707543589  4.18741344348872e-12  4.83191823029471e-11  1.35952422645147e-11 -1.10278084289412e-12    0.0219602588836299
 8.08057874306871e-06 -0.000162003156570672   -0.0011771366847585      1.98597433060577   -0.0223593058439722  2.39400787647693e-12  3.37569618141368e-11  1.28914736790587e-10 -1.06479322482516e-11    0.0777292948529758
-0.000139884292333599 -0.000105324614609762   -0.0362659707543589   -0.0223593058439722      1.49782340935769  7.58451700077082e-12  1.42931532827794e-10   8.2609128539456e-10 -7.20946830282238e-11     0.466968035308153
 1.40269984977941e-15  3.93824517544527e-14  4.18741344348872e-12  2.39400787647693e-12  7.58451700077082e-12      1.18004978012396  2.20559536197907e-15 -9.80894314594442e-07    0.0533269061709485   -6.374861073449e-11
-4.04253888812256e-15   4.5680781396787e-13  4.83191823029471e-11  3.37569618141368e-11  1.42931532827794e-10  2.20559536197907e-15      1.18004978018137   -0.0533269059779478 -9.80894318592909e-07 -7.80032504540212e-10
 2.95981817709865e-13  5.90627802856926e-13  1.35952422645147e-11  1.28914736790587e-10   8.2609128539456e-10 -9.80894314594442e-07   -0.0533269059779478     0.820738192467662  1.14389168610194e-15  1.50441167081745e-10
-2.32938136151637e-14 -4.93622825336893e-14 -1.10278084289412e-12 -1.06479322482516e-11 -7.20946830282238e-11    0.0533269061709485 -9.80894318592909e-07  1.14389168610194e-15      0.82073819252507 -1.66555392433043e-11
-1.70562814662802e-05  0.000326166331849324    0.0219602588836299    0.0777292948529758     0.466968035308153   -6.374861073449e-11 -7.80032504540212e-10  1.50441167081745e-10 -1.66555392433043e-11     0.517682017162589
RDM Eigenvectors: 
    0.993473116254687    -0.113230773461567   -0.0137619305011881 -0.000617624584892237 -0.000431932941414026 -1.87397374628586e-13  1.25968706178725e-14 -2.43934645406038e-14 -3.32663341992507e-13 -2.15217260442127e-05
     0.11305204958488     0.993397557513909   -0.0129378305601685    0.0145975553741241  8.43155972950957e-05  9.18820484492078e-14 -9.74900792436435e-15  -2.9392131563786e-14 -3.70225041690064e-13 -0.000208850272306297
  -0.0151390623126811   -0.0115704896820759    -0.996110532495017    0.0219664092145359   -0.0806667596723978  3.10988876419496e-12 -2.80286892827926e-13 -1.75439262292868e-12 -2.00830720240958e-11   -0.0202753634611024
-0.000710363341248379   -0.0143250765295468    0.0210324716621004     0.998151608228934    0.0264498813179882 -6.29107380866171e-11  4.72905724286024e-12  -5.1686963399718e-12 -6.63805447355488e-11   -0.0484323597441453
 0.000839802812446474  0.000909639970653333    0.0825362221276948   0.00477810600748056    -0.924912744928503 -8.32057494426497e-10   6.7476252437021e-11  -5.2809051793387e-11 -6.25500194872186e-10    -0.371079268209705
-6.95735920786967e-14 -9.30423402571434e-15 -5.53235805055489e-12 -1.85921646930678e-12  4.17441130676629e-11   -0.0101828366165784     0.989558417983105     0.143765971751726   0.00133888143488911  7.47537087663923e-11
-7.76763253866176e-13 -1.21574979587006e-13 -5.86586625939613e-11 -1.67572666532576e-11  4.09689031990754e-10     -0.98955841806034     -0.01018283661737  -0.00133888142995958       0.1437659712201  9.40442084206613e-10
 6.79318224035862e-13 -6.40535784419108e-13   5.2864354354637e-11  1.21460220161688e-10 -9.74105836061144e-10     0.143764621311974   0.00147673402031855   -0.0091975675965752     0.989568066211701  4.52454218383847e-10
-5.85064086260175e-14  5.06507590548467e-14 -4.72916712717231e-12 -1.02665500457742e-11  8.69096561594446e-11  -0.00147673402577728     0.143764621843595    -0.989568066134465  -0.00919756759585761 -3.20216684281162e-11
 1.64715778765975e-05 -0.000416140314424293    0.0123464988738714    0.0545393754654868    -0.370579948534531  5.98141431135543e-10 -3.79661088330613e-11 -6.13691488882411e-11 -8.83454898140923e-10     0.927115607025069
Total C: 
   -0.113344754564632    -0.992675127756776   -0.0180956037767844     0.241693373961122    0.0417427196803087  1.82290151534799e-16  1.14312699574868e-16 -4.38165005698724e-17 -8.07737778673486e-16   0.00678762976629358
  0.00117830291820576  -0.00362798361729067     0.119578987834369     -1.01027333522953    -0.171000191893645 -9.91786606329143e-16 -8.71023553584766e-17  2.50760257219533e-16  3.60700085262988e-15   -0.0300300726670449
 3.53731957788913e-17  2.25818527537999e-17 -2.50786482754356e-16  2.71126379091798e-17 -4.80253082111205e-16    0.0212777057447029     0.664877605203374     0.746447280798324   -0.0246183835158099  1.38491101291137e-15
-2.22936295024341e-16 -1.26388698015136e-17 -3.71090234719159e-15 -4.29441980289116e-16  2.19871207496225e-14    -0.664877605203323    0.0212777057447048    0.0246183835158084     0.746447280798368 -1.38745446505973e-14
  0.00117019723394415  0.000479765420457182   0.00583352098854516   -0.0695608378894347     0.510908063111134  1.88183662696877e-14  3.26096533545086e-16  8.32187400080927e-16 -1.43706348856602e-14    -0.864838446192603
   -0.992629127194335     0.110175545435838    -0.245499357850621   -0.0392885345872348  -0.00462817926708636   9.5257809363232e-16 -4.14226412583732e-17 -1.60669631458582e-17 -6.69818410909313e-16    -0.019110708445007
 -0.00403428292408964    0.0120156841130088      1.01590883218847     0.164381882429142    0.0126757091178263 -4.03486043545801e-15  1.64101685430135e-16  4.96096800296942e-17  2.82604547680765e-15    0.0879124000544664
 1.83807233484277e-17  9.62419142354754e-18   1.9181663225129e-18  4.60519380702596e-17 -1.14594991637262e-15    0.0235139700016416     0.734755534630832     -0.67778041292679    0.0223536994205872 -9.10544733039948e-16
-1.36678700014202e-17 -1.34617071726585e-16 -1.62855658483979e-16 -2.85758835009877e-16 -6.83746316986096e-15    -0.734755534630878    0.0235139700016402   -0.0223536994205885    -0.677780412926741 -8.72904154244978e-15
 0.000288999262136949  -0.00187834868720859    0.0366022146026222    0.0925021669765713    -0.807301724832685  1.36531659546966e-15 -7.06823762559796e-16  1.83492279640287e-15   1.4149985862669e-14    -0.592551700018369
Basis set used: STO-3G
Naturals: 
 1.99999995487937  1.99999964303325  1.99970429240721  1.99008617566249  1.68239744893764  1.18779719645839  1.18779719645827 0.812990776190761 0.812990776190647 0.326236539782049
Naturals: 
 1.99999995487937  1.99999964303327  1.99970429245234  1.99008617557524  1.68239745083177  1.18779718480253  1.18779718480206 0.812990787753941 0.812990787753477 0.326236538116035
Version: Tmhuysen's fci hack
