-123.347938076024	-5	4.00000000000076
-123.347938076024	-4.95	4.00000000000078
-123.347938076024	-4.9	4.00000000000081
-123.347938076024	-4.85	4.00000000000086
-123.347938076024	-4.8	4.00000000000089
-123.347938076024	-4.75	4.00000000000093
-123.347938076025	-4.7	4.00000000000099
-123.347938076025	-4.65	4.00000000000103
-123.347938076025	-4.6	4.00000000000108
-123.347938076026	-4.55	4.00000000000113
-123.347938076026	-4.5	4.00000000000118
-123.347938076026	-4.45	4.00000000000125
-123.347938076026	-4.4	4.00000000000131
-123.347938076027	-4.35	4.0000000000014
-123.347938076027	-4.3	4.00000000000148
-123.347938076028	-4.25	4.00000000000157
-123.347938076028	-4.2	4.00000000000165
-123.347938076028	-4.15	4.00000000000175
-123.347938076029	-4.1	4.00000000000187
-123.347938076029	-4.05	4.00000000000199
-123.34793807603	-4	4.00000000000212
-123.34793807603	-3.95	4.00000000000227
-123.347938076031	-3.9	4.00000000000242
-123.347938076032	-3.85	4.00000000000261
-123.347938076033	-3.8	4.0000000000028
-123.347938076033	-3.75	4.00000000000301
-123.347938076035	-3.7	4.00000000000327
-123.347938076035	-3.65	4.00000000000354
-123.347938076036	-3.6	4.00000000000385
-123.347938076038	-3.55	4.00000000000422
-123.347938076039	-3.5	4.00000000000462
-123.347938076041	-3.45	4.0000000000051
-123.347938076043	-3.4	4.00000000000564
-123.347938076045	-3.35	4.00000000000628
-123.347938076047	-3.3	4.00000000000702
-123.34793807605	-3.25	4.00000000000793
-123.347938076054	-3.2	4.000000000009
-123.347938076058	-3.15	4.00000000001031
-123.347938076063	-3.1	4.00000000001193
-123.347938076069	-3.05	4.00000000001398
-123.347938076077	-3	4.00000000001658
-123.347938076087	-2.95	4.00000000002
-123.3479380761	-2.9	4.00000000002461
-123.347938076119	-2.85	4.00000000003102
-123.347938076145	-2.8	4.00000000004033
-123.347938076185	-2.75	4.00000000005459
-123.347938076249	-2.7	4.00000000007815
-123.347938076363	-2.65	4.0000000001208
-123.347938076602	-2.6	4.00000000021181
-123.347938077251	-2.55	4.00000000046446
-123.347938080436	-2.5	4.00000000172992
-127.162716678836	-0.0499999999999998	6.99999999877572
-127.162716678869	0	6.99999999971639
-127.162716678865	0.0500000000000007	6.99999999988603
-127.162716678862	0.100000000000001	6.99999999993304
-127.16271667886	0.15	6.99999999995467
-127.16271667886	0.2	6.99999999996577
-127.162716678858	0.25	6.99999999997617
-127.162716678855	0.300000000000001	6.99999999998448
-127.162716678853	0.350000000000001	6.99999999998862
-127.162716678852	0.4	6.99999999999142
-127.162716678851	0.45	6.99999999999329
-127.162716678849	0.5	6.99999999999538
-127.162716678848	0.550000000000001	6.99999999999674
-127.162716678848	0.600000000000001	6.99999999999794
-127.162716678848	0.65	6.99999999999891
-127.162716678847	0.7	7.00000000000014
-127.162716678846	0.75	7.00000000000117
-127.162716678845	0.800000000000001	7.00000000000226
-127.162716678843	0.850000000000001	7.00000000000332
-127.162716678842	0.9	7.0000000000035
-127.162716678842	0.95	7.00000000000855
-127.162716678839	1	7.00000000000886
-127.162716678836	1.05	7.00000000001128
-127.162716678832	1.1	7.00000000001571
-127.16271667883	1.15	7.0000000000147
-127.162716678815	1.2	7.00000000003059
-127.162716678795	1.25	7.00000000004593
-127.162716678757	1.3	7.00000000007601
-127.162716678666	1.35	7.0000000001447
-127.162716678388	1.4	7.00000000034439
-127.162716674481	1.45	7.00000000307174
-119.186532965399	3.85	9.9999999839935
-119.186532907807	3.9	9.99999999891238
-119.186532904956	3.95	9.99999999963989
-119.186532904232	4	9.99999999982233
-119.186532903943	4.05	9.99999999989437
-119.186532903797	4.1	9.99999999992998
-119.186532903714	4.15	9.99999999995013
-119.186532903662	4.2	9.99999999996268
-119.186532903626	4.25	9.999999999971
-119.186532903602	4.3	9.99999999997684
-119.186532903583	4.35	9.99999999998105
-119.18653290357	4.4	9.99999999998421
-119.186532903559	4.45	9.99999999998666
-119.18653290355	4.5	9.99999999998857
-119.186532903543	4.55	9.9999999999901
-119.186532903537	4.6	9.9999999999913
-119.186532903533	4.65	9.99999999999235
-119.186532903529	4.7	9.99999999999319
-119.186532903526	4.75	9.99999999999393
-119.186532903522	4.8	9.99999999999454
-119.18653290352	4.85	9.99999999999505
-119.186532903518	4.9	9.9999999999955
-119.186532903516	4.95	9.99999999999589
