-124.337332810056	-5	3.65893402728894
-124.343216896756	-4.95	3.66011678966607
-124.349230487137	-4.9	3.66133785636773
-124.355378170874	-4.85	3.66259895467802
-124.361664759638	-4.8	3.66390191159357
-124.368095303973	-4.75	3.66524866153659
-124.374675102237	-4.7	3.66664125279559
-124.381409718354	-4.65	3.66808185618906
-124.388305003581	-4.6	3.66957277507593
-124.395367105503	-4.55	3.67111645311702
-124.402602494752	-4.5	3.67271548637935
-124.41001797972	-4.45	3.67437263343748
-124.417620733946	-4.4	3.67609082890847
-124.425418312328	-4.35	3.67787319520207
-124.433418690888	-4.3	3.67972306040707
-124.441630276542	-4.25	3.68164397020034
-124.45006194938	-4.2	3.6836397081492
-124.45872308933	-4.15	3.6857143134991
-124.467623613473	-4.1	3.68787210261953
-124.476774009108	-4.05	3.69011769071833
-124.486185378841	-4	3.69245601789649
-124.495869479625	-3.95	3.69489237532037
-124.505838772906	-3.9	3.69743243588783
-124.516106471781	-3.85	3.70008228610554
-124.526686598108	-3.8	3.70284846264802
-124.537594036938	-3.75	3.70573799062815
-124.548844607923	-3.7	3.70875842899907
-124.560455128616	-3.65	3.71191791684311
-124.572443485486	-3.6	3.71522522496777
-124.584828719738	-3.55	3.71868981525579
-124.597631112128	-3.5	3.72232190394899
-124.610872274953	-3.45	3.72613253154645
-124.624575251393	-3.4	3.73013363994431
-124.638764627145	-3.35	3.7343381589436
-124.653466643431	-3.3	3.73876009967224
-124.668709322092	-3.25	3.74341465882814
-124.684522600325	-3.2	3.74831833399708
-124.700938473258	-3.15	3.75348905052021
-124.717991145148	-3.1	3.75894630127223
-124.73571719232	-3.05	3.76471130162396
-124.754155733263	-3	3.77080715958061
-124.77334860796	-2.95	3.77725906332131
-124.793340563694	-2.9	3.78409448697988
-124.814179451983	-2.85	3.79134341820027
-124.835916421985	-2.8	3.79903860457812
-124.858606123045	-2.75	3.8072158256019
-124.882306898041	-2.7	3.81591418617083
-124.907080968677	-2.65	3.8251764345239
-124.932994610159	-2.6	3.83504930640994
-124.960118292902	-2.55	3.84558388986936
-124.988526787114	-2.5	3.85683601141171
-125.018299221415	-2.45	3.86886664263902
-125.04951904916	-2.4	3.88174231070887
-125.082273931819	-2.35	3.89553551704796
-125.11665547983	-2.3	3.91032513978847
-125.152758818238	-2.25	3.9261968033248
-125.190681955505	-2.2	3.94324320092552
-125.230524849092	-2.15	3.96156431493679
-125.272388148098	-2.1	3.98126751075463
-125.316371533246	-2.05	4.0024674480213
-125.362571537833	-2	4.02528572437222
-125.41107881481	-1.95	4.04985019345719
-125.461974712286	-1.9	4.07629383488708
-125.515327150894	-1.85	4.10475310094745
-125.571185675234	-1.8	4.13536558398484
-125.629575780769	-1.75	4.16826694685407
-125.690492477871	-1.7	4.20358696606585
-125.753893404141	-1.65	4.24144471465668
-125.819691690988	-1.6	4.28194285301501
-125.887749190725	-1.55	4.32516124290733
-125.957870702667	-1.5	4.37115017092048
-126.029800118636	-1.45	4.41992372645653
-126.103219419619	-1.4	4.47145402097371
-126.177751607486	-1.35	4.52566722111027
-126.252968134403	-1.3	4.5824422307383
-126.328401245104	-1.25	4.64161296993921
-126.403560606749	-1.2	4.70297462005121
-126.477952978481	-1.15	4.76629378259058
-126.551102767322	-1.1	4.83132167922833
-126.622570948021	-1.05	4.8978088927056
-126.691969880519	-1	4.96551969241819
-126.758972275793	-0.95	5.03424402388783
-126.823313588723	-0.899999999999999	5.10380562747738
-126.884788386222	-0.85	5.17406559001626
-126.9432421448	-0.8	5.24492143541254
-126.998560521211	-0.75	5.31630266746066
-127.050658085422	-0.7	5.38816404223295
-127.099468135054	-0.649999999999999	5.46047795906852
-127.144934573911	-0.6	5.53322711697861
-127.187006232165	-0.55	5.60639822851027
-127.22563350491	-0.5	5.67997715782401
-127.260766886853	-0.45	5.75394549080367
-127.292356897911	-0.399999999999999	5.82827835745191
-127.320354921056	-0.35	5.9029432323064
-127.344714577056	-0.3	5.97789946167995
-127.365393380559	-0.25	6.05309838277327
-127.382354493476	-0.199999999999999	6.1284840078661
-127.395568417051	-0.149999999999999	6.20399433818246
-127.405014440863	-0.0999999999999996	6.27956336224649
-127.410681647638	-0.0499999999999998	6.35512379070542
-127.412569250226	0	6.43061040521198
-127.410686083424	0.0500000000000007	6.50596378428965
-127.405049164406	0.100000000000001	6.58113405132514
-127.3956813738	0.15	6.65608417575872
-127.382608470027	0.2	6.73079237915107
-127.365855782783	0.25	6.80525329941583
-127.345445019416	0.300000000000001	6.87947768725575
-127.321391631499	0.350000000000001	6.95349061193402
-127.293703106612	0.4	7.02732839264956
-127.262378443651	0.45	7.10103454644323
-127.227408853079	0.5	7.17465528539697
-127.188779601869	0.550000000000001	7.24823497345114
-127.146472721986	0.600000000000001	7.32181205458545
-127.100470205824	0.65	7.39541582786995
-127.050757343157	0.7	7.46906420669334
-126.997325780487	0.75	7.54276263368574
-126.94017611046	0.800000000000001	7.61650395270412
-126.879319790298	0.850000000000001	7.69026913439115
-126.814780391598	0.9	7.7640285594033
-126.746594229444	0.95	7.83774362701317
-126.674810411235	1	7.91136854697322
-126.599490375041	1.05	7.98485219238902
-126.520706877007	1.1	8.05814003425457
-126.438542337217	1.15	8.13117621598286
-126.353086473494	1.2	8.2039057924097
-126.264433168629	1.25	8.27627713801621
-126.172676686032	1.3	8.34824439455371
-126.077907620382	1.35	8.41976965802912
-125.98020917927	1.4	8.49082452869002
-125.879654784404	1.45	8.56139046452797
-125.776308091137	1.5	8.63145743710214
-125.670226481528	1.55	8.70102053055282
-125.561469083892	1.6	8.77007420642184
-125.450109518917	1.65	8.83860454128125
-125.336252960662	1.7	8.90658004448696
-125.220055894238	1.75	8.9739422401345
-125.101745941814	1.8	9.04059753306572
-124.981638308527	1.85	9.10641203748336
-124.860145229839	1.9	9.17121082493462
-124.737775477603	1.95	9.23478243336495
-124.61512250863	2	9.29688855730379
-124.492841916312	2.05	9.35727782740454
-124.37162090166	2.1	9.41570178019559
-124.252143994304	2.15	9.47193071829099
-124.135059615525	2.2	9.52576736408846
-124.020951578181	2.25	9.57705676259826
-123.910318216983	2.3	9.6256917425913
-123.803560207632	2.35	9.67161405252729
-123.700976757844	2.4	9.71481185029134
-123.602768730093	2.45	9.75531459145132
-123.509046850409	2.5	9.79318637710533
-123.419843058554	2.55	9.82851871487076
-123.335123311524	2.6	9.8614234172949
-123.254800541944	2.65	9.89202611702446
-123.178746865852	2.7	9.92046066838695
-123.106804493577	2.75	9.94686453844711
-123.038795117565	2.8	9.9713751622295
-122.974527687459	2.85	9.99412719152039
-122.913804692347	2.9	10.0152505023196
-122.856427082386	2.95	10.0348688379925
-122.802197994807	3	10.0530989684757
-122.750925520325	3.05	10.0700502363321
-122.702424648215	3.1	10.0858244069477
-122.656518574938	3.15	10.1005157344643
-122.613039506342	3.2	10.1142111821041
-122.571829072879	3.25	10.1269907454614
-122.53273845687	3.3	10.1389278390895
-122.495628298242	3.35	10.1500897206725
-122.460368454313	3.4	10.1605379270438
-122.42683765065	3.45	10.1703287101966
-122.394923063965	3.5	10.1795134614981
-122.364519864262	3.55	10.1881391173817
-122.335530737821	3.6	10.1962485420344
-122.307865401994	3.65	10.2038808859487
-122.281440134035	3.7	10.2110719162681
-122.256177306266	3.75	10.2178543232628
-122.23200494465	3.8	10.2242580003027
-122.20885630909	3.85	10.2303102998524
-122.186669498117	3.9	10.2360362666545
-122.165387078734	3.95	10.2414588496488
-122.144955741742	4	10.2465990941529
-122.125325980034	4.05	10.251476316395
-122.106451794426	4.1	10.2561082605836
-122.088290417964	4.15	10.2605112419761
-122.070802063865	4.2	10.2647002757168
-122.053949692984	4.25	10.2686891934303
-122.037698800389	4.3	10.2724907485254
-122.022017218833	4.35	10.2761167115038
-122.006874937067	4.4	10.2795779564292
-121.992243937409	4.45	10.2828845381579
-121.978098041107	4.5	10.2860457635187
-121.964412769214	4.55	10.2890702551214
-121.95116521544	4.6	10.2919660090682
-121.938333927212	4.65	10.2947404477623
-121.925898802439	4.7	10.2974004665445
-121.913840984115	4.75	10.29995247831
-121.902142773256	4.8	10.3024024519504
-121.890787544401	4.85	10.3047559482749
-121.879759668867	4.9	10.3070181524973
-121.869044443821	4.95	10.3091939038919
