-124.234937010434	-5	3.99338721658652
-124.235185478625	-4.95	3.99343716181063
-124.235442784833	-4.9	3.99348940873384
-124.235709418289	-4.85	3.99354410493567
-124.235985904042	-4.8	3.99360141000792
-124.236272806629	-4.75	3.99366149682609
-124.236570733964	-4.7	3.99372455293563
-124.236880341387	-4.65	3.99379078204604
-124.237202336337	-4.6	3.993860405739
-124.237537483359	-4.55	3.99393366534625
-124.23788661015	-4.5	3.99401082415693
-124.238250614433	-4.45	3.9940921699363
-124.238630471155	-4.4	3.99417801765927
-124.239027240153	-4.35	3.99426871250623
-124.239442077335	-4.3	3.99436463384647
-124.239876243048	-4.25	3.99446619879425
-124.240331116624	-4.2	3.9945738674397
-124.240808209034	-4.15	3.99468814793956
-124.241309178803	-4.1	3.99480960270589
-124.241835850975	-4.05	3.99493885572513
-124.242390237232	-4	3.99507660061656
-124.242974560993	-3.95	3.99522361045068
-124.243591285178	-3.9	3.99538074887523
-124.244243144433	-3.85	3.99554898310866
-124.244933183539	-3.8	3.99572939939656
-124.245664801468	-3.75	3.99592322099491
-124.246441804255	-3.7	3.99613182972204
-124.247268465623	-3.65	3.99635679109178
-124.248149600859	-3.6	3.99659988483178
-124.249090651831	-3.55	3.99686314065773
-124.250097792752	-3.5	3.99714888247038
-124.251178051826	-3.45	3.99745978030354
-124.252339464567	-3.4	3.99779891531868
-124.253591253048	-3.35	3.99816985729778
-124.254944049784	-3.3	3.99857676139125
-124.256410172033	-3.25	3.99902448765746
-124.258003956524	-3.2	3.99951874861129
-124.259742182353	-3.15	4.00006629617101
-124.261644598341	-3.1	4.00067515701097
-124.263734587778	-3.05	4.00135493175127
-124.266040018854	-3	4.00211718028636
-124.268594333556	-2.95	4.00297591970193
-124.271437964169	-2.9	4.00394827681291
-124.274620187509	-2.85	4.00505534980086
-124.278201575319	-2.8	4.0063233572678
-124.282257283431	-2.75	4.00778519326743
-124.286881502184	-2.7	4.00948255146601
-124.292193568772	-2.65	4.01146886957539
-124.29834646131	-2.6	4.01381346223547
-124.305538800871	-2.55	4.01660741860176
-124.314032028997	-2.5	4.01997213534883
-124.324175404391	-2.45	4.02407187374123
-124.336442928324	-2.4	4.02913253501957
-124.351488736312	-2.35	4.03547019519736
-124.370231231525	-2.3	4.04353508291699
-124.39398202225	-2.25	4.05398010475186
-124.424643267471	-2.2	4.06776784657358
-124.465003533784	-2.15	4.08633520653482
-124.519152758119	-2.1	4.11183346830496
-124.592960798907	-2.05	4.14742783128539
-124.694282710706	-2	4.19749836283028
-124.831831294854	-1.95	4.26718978285647
-125.010698937061	-1.9	4.36015925663283
-125.223959945839	-1.85	4.47393519407918
-125.447817992135	-1.8	4.59659829836784
-125.651920669697	-1.75	4.7115502060443
-125.81678374591	-1.7	4.80706855525688
-125.938378114354	-1.65	4.87960574569123
-126.022309352627	-1.6	4.93120756058625
-126.078431547519	-1.55	4.96680593440283
-126.116846651736	-1.5	4.99197466567219
-126.145417870027	-1.45	5.01133387077077
-126.169467048446	-1.4	5.02820709872693
-126.192579359423	-1.35	5.04501904726716
-126.217484794035	-1.3	5.06382507977899
-126.246733787502	-1.25	5.08678298636306
-126.283205958555	-1.2	5.11658494391815
-126.33047940719	-1.15	5.156862561352
-126.39286682476	-1.1	5.21238442305012
-126.474439266766	-1.05	5.288353711512
-126.575913151205	-1	5.38744392749434
-126.689907737846	-0.95	5.50441160638382
-126.800532299616	-0.899999999999999	5.62397488145945
-126.892548265822	-0.85	5.729037194531
-126.960557054318	-0.8	5.81135402968162
-127.007786794866	-0.75	5.87219290654405
-127.120542562804	-0.399999999999999	6.05917201160985
-127.13037416336	-0.35	6.08545746133642
-127.141488760146	-0.3	6.11978664318732
-127.154412301412	-0.25	6.16702180118403
-127.169290273573	-0.199999999999999	6.23356828629694
-127.185281553635	-0.149999999999999	6.32559950818126
-127.199870563359	-0.0999999999999996	6.44302269418193
-127.209545290997	-0.0499999999999998	6.57203748845916
-127.21257880408	0	6.68979111625859
-127.210408189521	0.0500000000000007	6.78138768444952
-127.205649355803	0.100000000000001	6.84617807651014
-127.200180229403	0.15	6.89049390621152
-127.194890928779	0.2	6.92098128647622
-127.190074568189	0.25	6.94251862676285
-127.185751886483	0.300000000000001	6.95830656925534
-127.181836541786	0.350000000000001	6.97039146083207
-127.178203156571	0.4	6.98010123333641
-127.174708948617	0.45	6.98833387308384
-127.171193894199	0.5	6.99573883834443
-127.167468999972	0.550000000000001	7.00283444509666
-127.163294290602	0.600000000000001	7.01009191908595
-127.158343039457	0.65	7.018007712553
-127.152143547503	0.7	7.02718218736653
-127.143982025183	0.75	7.03842468649814
-127.13273730509	0.800000000000001	7.05291249439618
-127.116598585409	0.850000000000001	7.07244317781309
-127.092599065751	0.9	7.09982505944104
-127.055936496856	0.95	7.13939294176319
-126.999369083439	1	7.19731714235769
-126.914108175741	1.05	7.28038535252863
-126.795384374262	1.1	7.39072978010142
-126.652563327743	1.15	7.51765795468822
-126.509945408934	1.2	7.63909387969862
-126.389355766017	1.25	7.73762626492531
-126.297414906483	1.3	7.80981702052173
-126.230066952991	1.35	7.86070209588598
-126.180589094355	1.4	7.89672235137571
-126.143188370093	1.45	7.92299103569569
-126.113558267802	1.5	7.94309268084111
-126.088458630471	1.55	7.95955852068553
-126.065111734679	1.6	7.97438381002868
-126.040521505254	1.65	7.98951273464165
-126.010573958653	1.7	8.00738126890908
-125.968760989198	1.75	8.03159967813527
-125.904891416599	1.8	8.06754738501092
-125.805772044145	1.85	8.12181039145306
-125.660225432926	1.9	8.19938083012864
-125.465441471182	1.95	8.30052012003835
-125.231451958675	2	8.41897108129359
-124.984083250013	2.05	8.54113814169559
-124.755929484372	2.1	8.6511291574881
-124.567996324936	2.15	8.73961358666302
-124.423533316164	2.2	8.80607234041684
-124.31545652046	2.25	8.85467484810935
-124.234351669263	2.3	8.89034491234514
-124.172038400552	2.35	8.91715915985057
-124.122197944684	2.4	8.93815264824963
-124.079916717959	2.45	8.9555926424939
-124.040944234694	2.5	8.9713404576332
-124.000802580189	2.55	8.98723623005133
-123.953575562021	2.6	9.00557056972564
-123.890085492041	2.65	9.02974444257261
-123.795554276987	2.7	9.06506060110514
-123.649030602031	2.75	9.11879667991743
-123.430722128877	2.8	9.19742649289323
-123.138122664049	2.85	9.3009691751666
-122.794609767423	2.9	9.4204387076846
-122.441749309971	2.95	9.54108434344129
-122.122041795434	3	9.6485751267037
-121.860529171943	3.05	9.73505632570072
-121.660349641949	3.1	9.80018226487395
-121.511891743393	3.15	9.84770915795054
-121.402546864074	3.2	9.88216291132802
-121.321400835903	3.25	9.90733444021816
-121.26029429349	3.3	9.92599980864774
-121.213472264259	3.35	9.94008641981168
-121.176951687504	3.4	9.9509107270187
-121.147975616305	3.45	9.95937333823907
-121.124617811122	3.5	9.96609679928992
-121.105513871396	3.55	9.97151769032137
-121.089682330742	3.6	9.9759471025174
-121.076405933853	3.65	9.97961033184225
-121.065152350912	3.7	9.98267313456876
-121.055520628567	3.75	9.98525930735093
-121.047204547078	3.8	9.98746262195775
-121.03996718205	3.85	9.98935504899071
-121.033623000713	3.9	9.99099250558076
-121.028025078539	3.95	9.99241893176662
-121.023055850872	4	9.99366922074103
-121.018620335625	4.05	9.99477135287018
-121.014641107704	4.1	9.99574796872495
-121.011054525691	4.15	9.99661754306292
-121.007807873736	4.2	9.99739526920911
-121.004857169665	4.25	9.99809373335849
-121.002165472547	4.3	9.99872343256827
-120.999701557843	4.35	9.9992931777857
-120.9974388789	4.4	9.99981040837236
-120.995354741202	4.45	10.0002814407602
-120.993429642879	4.5	10.0007116660527
-120.991646743945	4.55	10.0011057082512
-120.98999143628	4.6	10.0014675518066
-120.988450993042	4.65	10.0018006450974
-120.987014281122	4.7	10.0021079848856
-120.985671523978	4.75	10.0023921856386
-120.984414104961	4.8	10.0026555367385
-120.983234403156	4.85	10.0029000499883
-120.982125657122	4.9	10.0031274989562
-120.98108184781	4.95	10.0033394524279
