TOTAL ENERGY: -126.713169485383	 lambda: -1	 population of target: 5.14882842706869
1RDM: 
     1.99998087344507 -1.23857224024094e-05  -0.00090077900284089   0.00088179088668236 -0.000250687967010217 -1.62751294581026e-18  2.90757617590896e-18 -1.21330788240989e-17 -2.11429282448722e-19  -0.00469246239398923
-1.23857224024094e-05      1.99998506545638 -0.000622074443634809  0.000548747262026141  0.000123281481811756  3.12842439203217e-16 -4.86943533025977e-18  4.66830446303802e-17  9.48605889283325e-16  -0.00415787312190172
 -0.00090077900284089 -0.000622074443634809      1.93414006271974    0.0244625932744417   -0.0349454842499053 -5.84548851914522e-16 -1.80047191419289e-16  3.29634291164164e-16 -1.46356286306744e-15    -0.321105865066402
  0.00088179088668236  0.000548747262026141    0.0244625932744417      1.94368595822757  -0.00623664889360241 -3.54872275119342e-17 -3.13044496099606e-17  9.44840862414019e-17  4.47344239353221e-16     0.137731661014737
-0.000250687967010217  0.000123281481811756   -0.0349454842499053  -0.00623664889360241      1.94674614696974  3.47532857941878e-16  1.64352565806351e-16 -4.46414898117202e-16  5.83449932113448e-16   -0.0788995588077549
-1.62751294581026e-18  3.12842439203217e-16 -5.84548851914522e-16 -3.54872275119342e-17  3.47532857941878e-16      1.88002946866053   0.00243953327769333   -0.0177527870816875    -0.300932870692196 -1.10684030741672e-15
 2.90757617590896e-18 -4.86943533025977e-18 -1.80047191419289e-16 -3.13044496099606e-17  1.64352565806351e-16   0.00243953327769333      1.79413132373812     0.481922578771243   -0.0150663776106708 -4.85094435693599e-17
-1.21330788240989e-17  4.66830446303802e-17  3.29634291164164e-16  9.44840862414019e-17 -4.46414898117202e-16   -0.0177527870816875     0.481922578771243     0.231611802574759  -0.00116376361006055 -3.15338180133903e-17
-2.11429282448722e-19  9.48605889283325e-16 -1.46356286306744e-15  4.47344239353221e-16  5.83449932113448e-16    -0.300932870692196   -0.0150663776106708  -0.00116376361006055     0.145606691491876  3.31015980542623e-16
 -0.00469246239398923  -0.00415787312190172    -0.321105865066402     0.137731661014737   -0.0788995588077549 -1.10684030741672e-15 -4.85094435693599e-17 -3.15338180133903e-17  3.31015980542623e-16     0.124082606716238
TOTAL ENERGY: -126.835575798233	 lambda: -0.9	 population of target: 5.27768272001116
1RDM: 
     1.99998247406875 -1.06521169644119e-05 -0.000803235874451208  0.000794193399610724 -0.000245798650253464 -4.46418039374177e-19  2.37268970724797e-18 -1.25032299573181e-17  1.23583659033509e-18  -0.00440304941564545
-1.06521169644119e-05      1.99998681725859  -0.00052031792112958  0.000465551198394369  0.000137063873288202  3.04732416399574e-16 -4.52231930341704e-18  4.14686532543659e-17  8.31329320971137e-16  -0.00381419070751192
-0.000803235874451208  -0.00052031792112958      1.94110138198966    0.0201466421915198    -0.033400658310608 -6.17037500054922e-16 -1.55483366541751e-16  2.69935629730159e-16  -1.7886760109458e-15    -0.298373007010456
 0.000794193399610724  0.000465551198394369    0.0201466421915198        1.948515261224  -0.00588273184905594 -2.28808332820046e-16 -3.61114200896111e-18  7.69736021640062e-17 -7.06569283911684e-17     0.120391559812574
-0.000245798650253464  0.000137063873288202    -0.033400658310608  -0.00588273184905594      1.94726696735146  6.57220779594177e-16    1.266924414464e-16 -1.99431241213435e-16   1.1693370565488e-15   -0.0708140340380417
-4.46418039374177e-19  3.04732416399574e-16 -6.17037500054922e-16 -2.28808332820046e-16  6.57220779594177e-16      1.88082842943063   0.00210641998741355   -0.0155242701771688    -0.246663799065293 -1.03373116107267e-15
 2.37268970724797e-18 -4.52231930341704e-18 -1.55483366541751e-16 -3.61114200896111e-18    1.266924414464e-16   0.00210641998741355       1.8066595005988     0.429294345022309    -0.012813506714507 -7.81862533300211e-17
-1.25032299573181e-17  4.14686532543659e-17  2.69935629730159e-16  7.69736021640062e-17 -1.99431241213435e-16   -0.0155242701771688     0.429294345022309     0.217458552492572  -0.00100485428660187 -4.24971681387645e-17
 1.23583659033509e-18  8.31329320971137e-16  -1.7886760109458e-15 -7.06569283911684e-17   1.1693370565488e-15    -0.246663799065293    -0.012813506714507  -0.00100485428660187     0.143197263164732   1.6403539925497e-16
 -0.00440304941564545  -0.00381419070751192    -0.298373007010456     0.120391559812574   -0.0708140340380417 -1.03373116107267e-15 -7.81862533300211e-17 -4.24971681387645e-17   1.6403539925497e-16     0.115003352420852
TOTAL ENERGY: -126.945801269162	 lambda: -0.8	 population of target: 5.4073695307205
1RDM: 
     1.99998404907593 -9.02253175414406e-06 -0.000708526878319081  0.000709335958500983 -0.000239229508313384  1.31304170824378e-17   6.8915160332569e-19 -9.66846599251906e-18    3.051496331909e-17  -0.00409067588465531
-9.02253175414406e-06      1.99998844865401  -0.00042730921446459  0.000389643350402461   0.00014780805307116  3.25784630422238e-16 -6.01165408663592e-18  4.23728701442939e-17  7.81581555658055e-16  -0.00346979354986452
-0.000708526878319081  -0.00042730921446459      1.94777657361527    0.0161008969014561   -0.0317565549552398 -1.75115611310443e-15 -2.95451350914877e-17 -1.30841683797703e-16 -5.46989991824903e-15    -0.274017587591777
 0.000709335958500983  0.000389643350402461    0.0161008969014561      1.95315878890919  -0.00560636029168958 -2.75175141950159e-15  2.11305581747267e-16 -5.50477387272975e-16 -7.08970560559989e-15     0.102387722199732
-0.000239229508313384   0.00014780805307116   -0.0317565549552398  -0.00560636029168958      1.94792090448986  4.52641513694523e-15 -2.35436405033387e-16   1.2074871525558e-15  1.34291921046453e-14   -0.0603324435602127
 1.31304170824378e-17  3.25784630422238e-16 -1.75115611310443e-15 -2.75175141950159e-15  4.52641513694523e-15      1.87849817294068   0.00178827708065154   -0.0133908923236532     -0.19517127908548 -1.20745273478395e-15
  6.8915160332569e-19 -6.01165408663592e-18 -2.95451350914877e-17  2.11305581747267e-16 -2.35436405033387e-16   0.00178827708065154       1.8155313411684     0.378693599359958   -0.0106668931703079 -6.89201281518665e-17
-9.66846599251906e-18  4.23728701442939e-17 -1.30841683797703e-16 -5.50477387272975e-16   1.2074871525558e-15   -0.0133908923236532     0.378693599359958      0.20699895016941 -0.000853086383263295 -2.32035529693015e-16
   3.051496331909e-17  7.81581555658055e-16 -5.46989991824903e-15 -7.08970560559989e-15  1.34291921046453e-14     -0.19517127908548   -0.0106668931703079 -0.000853086383263295     0.143953707522601 -1.88158094220369e-15
 -0.00409067588465531  -0.00346979354986452    -0.274017587591777     0.102387722199732   -0.0603324435602127 -1.20745273478395e-15 -6.89201281518665e-17 -2.32035529693015e-16 -1.88158094220369e-15     0.106189063454664
TOTAL ENERGY: -127.043812416305	 lambda: -0.7	 population of target: 5.53806158673453
1RDM: 
     1.99998554411562  -7.4970170466189e-06 -0.000620632437946671  0.000629441495169841  -0.00023733424810111 -2.45544104237707e-17  3.72731468347384e-18 -2.02250007194341e-17 -6.10146859043892e-17  -0.00375826016755095
 -7.4970170466189e-06        1.999989931579 -0.000342859949558984  0.000320287403951767  0.000157698707920392  2.65404090311106e-16 -4.52306752805017e-19  1.94621280115756e-17  4.83139271320049e-16  -0.00312614625635028
-0.000620632437946671 -0.000342859949558984       1.9538704154472    0.0124834394270468   -0.0304670695927109   1.6295205411103e-15  -3.1795881654428e-16  8.73952722294284e-16  4.91238148347452e-15     -0.24825337952757
 0.000629441495169841  0.000320287403951767    0.0124834394270468      1.95751025628869  -0.00508031833048659  4.03458646062095e-15 -3.12452137682757e-16  1.26145262496302e-15  1.22640744246077e-14    0.0836158421640045
 -0.00023733424810111  0.000157698707920392   -0.0304670695927109  -0.00508031833048659      1.94792684172111 -6.14800924171735e-15  7.72749183035003e-16 -2.22006593244482e-15 -2.32186926398628e-14   -0.0478904522196473
-2.45544104237707e-17  2.65404090311106e-16   1.6295205411103e-15  4.03458646062095e-15 -6.14800924171735e-15       1.8738142211266   0.00148213601402245   -0.0113340514022617    -0.145886996251659 -5.00000046208943e-16
 3.72731468347384e-18 -4.52306752805017e-19  -3.1795881654428e-16 -3.12452137682757e-16  7.72749183035003e-16   0.00148213601402245      1.82162688896992     0.329736052822589  -0.00860520292664838 -1.86906594738645e-16
-2.02250007194341e-17  1.94621280115756e-17  8.73952722294284e-16  1.26145262496302e-15 -2.22006593244482e-15   -0.0113340514022617     0.329736052822589      0.19933235087012 -0.000707043819057708  3.14910295843389e-16
-6.10146859043892e-17  4.83139271320049e-16  4.91238148347452e-15  1.22640744246077e-14 -2.32186926398628e-14    -0.145886996251659  -0.00860520292664838 -0.000707043819057708     0.147080031261114  3.69656305267141e-15
 -0.00375826016755095  -0.00312614625635028     -0.24825337952757    0.0836158421640045   -0.0478904522196473 -5.00000046208943e-16 -1.86906594738645e-16  3.14910295843389e-16  3.69656305267141e-15    0.0988635186206167
TOTAL ENERGY: -127.129251316165	 lambda: -0.6	 population of target: 5.66951311062944
1RDM: 
     1.99998692267433 -6.07553639463598e-06 -0.000542486181521175   0.00055631782332421 -0.000244454793315631  1.29004423523845e-17  3.60373370830262e-19 -1.10722231652853e-17  3.76856191743076e-17  -0.00341326824072252
-6.07553639463598e-06      1.99999125881965 -0.000266955774945608  0.000257399138263721   0.00016666946935357  3.31559431623091e-16 -4.07294397966302e-18  2.94468721066147e-17  5.54989322059255e-16  -0.00277926167605068
-0.000542486181521175 -0.000266955774945608      1.95915166290514   0.00942631371994897   -0.0298432055407143 -1.55246818233137e-15 -5.30756680785381e-17 -1.09026864198348e-16 -5.85786539249483e-15    -0.221729337851714
  0.00055631782332421  0.000257399138263721   0.00942631371994897      1.96148314736065  -0.00410012491353893   -2.088363746442e-15  1.10607258177216e-16 -1.99990871105678e-16 -5.92612097346645e-15    0.0643745272836818
-0.000244454793315631   0.00016666946935357   -0.0298432055407143  -0.00410012491353893      1.94695208795909  4.26084646184606e-15 -5.21540029292859e-17  1.17047003715467e-15   1.3665129229475e-14   -0.0349781085913656
 1.29004423523845e-17  3.31559431623091e-16 -1.55246818233137e-15   -2.088363746442e-15  4.26084646184606e-15      1.86699958216791   0.00118328873155328   -0.0093225955113434   -0.0980207195313331 -7.77148996703186e-16
 3.60373370830262e-19 -4.07294397966302e-18 -5.30756680785381e-17  1.10607258177216e-16 -5.21540029292859e-17   0.00118328873155328      1.82533492713459     0.281701128367026  -0.00659624976019505 -1.37203407915209e-16
-1.10722231652853e-17  2.94468721066147e-17 -1.09026864198348e-16 -1.99990871105678e-16  1.17047003715467e-15   -0.0093225955113434     0.281701128367026      0.19404721994855 -0.000564480483602259 -1.31811466259261e-16
 3.76856191743076e-17  5.54989322059255e-16 -5.85786539249483e-15 -5.92612097346645e-15   1.3665129229475e-14   -0.0980207195313331  -0.00659624976019505 -0.000564480483602259     0.152330681044601 -1.62064403764119e-15
 -0.00341326824072252  -0.00277926167605068    -0.221729337851714    0.0643745272836818   -0.0349781085913656 -7.77148996703186e-16 -1.37203407915209e-16 -1.31811466259261e-16 -1.62064403764119e-15    0.0937225099855026
TOTAL ENERGY: -127.201753054115	 lambda: -0.5	 population of target: 5.80133802244222
1RDM: 
     1.99998818227685  -4.7629387385741e-06 -0.000474601785521267  0.000490333781839882 -0.000260538348833924   4.5130584104723e-18  5.95292305372442e-19 -1.39328296489691e-17  1.45896723262827e-17  -0.00306340270701506
 -4.7629387385741e-06      1.99999243112034 -0.000200008493635657  0.000201458761620866  0.000173330203252247  3.31855079454155e-16 -2.75127705912351e-18  2.05650710077388e-17   4.0612614596188e-16  -0.00242251550381257
-0.000474601785521267 -0.000200008493635657      1.96356618722792   0.00695665412346318   -0.0298807812277139 -7.62792297192181e-16 -1.05178441050948e-16  8.73520127954882e-17 -3.50203541521399e-15    -0.195120214306378
 0.000490333781839882  0.000201458761620866   0.00695665412346318      1.96506694521928  -0.00268953975999152 -6.86077452439056e-16  2.84996444348846e-17  1.86164428139237e-16 -1.73187540792382e-15    0.0451383042883254
-0.000260538348833924  0.000173330203252247   -0.0298807812277139  -0.00268953975999152      1.94523996404651   1.9381289749295e-15  1.72156175158457e-16  5.16119090340052e-16  4.92909224097597e-15    -0.023210049844033
  4.5130584104723e-18  3.31855079454155e-16 -7.62792297192181e-16 -6.86077452439056e-16   1.9381289749295e-15      1.85785288871378  0.000887352688975212   -0.0073268602732411   -0.0508820052274888 -6.08646064476129e-16
 5.95292305372442e-19 -2.75127705912351e-18 -1.05178441050948e-16  2.84996444348846e-17  1.72156175158457e-16  0.000887352688975212      1.82660838675985     0.233873027151988  -0.00461074468740998 -1.82347039580683e-16
-1.39328296489691e-17  2.05650710077388e-17  8.73520127954882e-17  1.86164428139237e-16  5.16119090340052e-16   -0.0073268602732411     0.233873027151988      0.19117303521081 -0.000423306268646044   -1.217088337362e-17
 1.45896723262827e-17   4.0612614596188e-16 -3.50203541521399e-15 -1.73187540792382e-15  4.92909224097597e-15   -0.0508820052274888  -0.00461074468740998 -0.000423306268646044     0.159889625322865 -4.40954754360782e-16
 -0.00306340270701506  -0.00242251550381257    -0.195120214306378    0.0451383042883254    -0.023210049844033 -6.08646064476129e-16 -1.82347039580683e-16   -1.217088337362e-17 -4.40954754360782e-16     0.090622354101819
TOTAL ENERGY: -127.261180958074	 lambda: -0.4	 population of target: 5.93340565884633
1RDM: 
      1.9999893480019 -3.57224488543927e-06 -0.000415459243912474  0.000430434349346068 -0.000281707944000709 -7.97096190101517e-18  6.63347960762806e-19 -1.73713060993177e-17 -3.08861595232838e-17  -0.00271259189627688
-3.57224488543927e-06      1.99999344705392 -0.000143047124905964  0.000153226228224879  0.000175736754600686  3.35552817664803e-16 -1.77993849054694e-18  1.17310111853079e-17  2.39003565327648e-16  -0.00204966840641107
-0.000415459243912474 -0.000143047124905964      1.96721024099102    0.0049985384746535   -0.0303134590997558  3.56119367332935e-16 -1.44933130648916e-16   3.1320522706753e-16  5.56511926338193e-16    -0.168769492998308
 0.000430434349346068  0.000153226228224879    0.0049985384746535      1.96832818452932  -0.00106009496137124   9.9523909226398e-16  -1.4672434143876e-17  5.22797645724945e-16   3.5872425093106e-15    0.0262807583458255
-0.000281707944000709  0.000175736754600686   -0.0303134590997558  -0.00106009496137124       1.9434108341781 -1.28227608681994e-15  3.60640804782015e-16 -2.15738133583381e-16 -9.46472190646351e-15   -0.0135212893324138
-7.97096190101517e-18  3.35552817664803e-16  3.56119367332935e-16   9.9523909226398e-16 -1.28227608681994e-15      1.84589411656603  0.000591875713383513  -0.00532963568886755  -0.00412473278874649 -5.98588928815271e-16
 6.63347960762806e-19 -1.77993849054694e-18 -1.44933130648916e-16  -1.4672434143876e-17  3.60640804782015e-16  0.000591875713383513      1.82505365003722     0.185810364319861  -0.00263289887783804 -2.35229748251099e-16
-1.73713060993177e-17  1.17310111853079e-17   3.1320522706753e-16  5.22797645724945e-16 -2.15738133583381e-16  -0.00532963568886755     0.185810364319861     0.191097409374883 -0.000282350586473645   1.0451851365494e-16
-3.08861595232838e-17  2.39003565327648e-16  5.56511926338193e-16   3.5872425093106e-15 -9.46472190646351e-15  -0.00412473278874649  -0.00263289887783804 -0.000282350586473645      0.17023099084982   1.1837514969102e-15
 -0.00271259189627688  -0.00204966840641107    -0.168769492998308    0.0262807583458255   -0.0135212893324138 -5.98588928815271e-16 -2.35229748251099e-16   1.0451851365494e-16   1.1837514969102e-15    0.0887917784177873
TOTAL ENERGY: -127.307560045964	 lambda: -0.3	 population of target: 6.06593205666687
1RDM: 
     1.99999044890759 -2.52533741819613e-06 -0.000363130657959599  0.000375146502506178 -0.000302929692439609  5.70682351959958e-18 -2.06235333448768e-19 -1.49982348366362e-17  2.20331229958533e-17   -0.0023590747226131
-2.52533741819613e-06      1.99999429790635 -9.77325772170366e-05  0.000113458528106338  0.000171924591338357   3.7929431086164e-16 -1.86089305479647e-18  9.37017165128022e-18  1.96775424633582e-16  -0.00165759829474277
-0.000363130657959599 -9.77325772170366e-05      1.97020879332539   0.00344272134546776   -0.0308173746789426 -7.25835412749287e-16 -1.03661462559879e-16  5.64300345215181e-17 -4.17814051370117e-15      -0.1425372966932
 0.000375146502506178  0.000113458528106338   0.00344272134546776      1.97135506798765  0.000531415090166227 -6.60059954958593e-16  3.46916206267577e-17  3.11385190907462e-16 -1.69420766136629e-15   0.00788885295438403
-0.000302929692439609  0.000171924591338357   -0.0308173746789426  0.000531415090166227      1.94207860050419  2.19758596839964e-15   2.9646970963153e-16   6.8178712881547e-16  6.06357714558592e-15  -0.00576286628252107
 5.70682351959958e-18   3.7929431086164e-16 -7.25835412749287e-16 -6.60059954958593e-16  2.19758596839964e-15      1.83052082974017   0.00029756500101509  -0.00333467594206658    0.0420690765579446  -3.8183815664999e-16
-2.06235333448768e-19 -1.86089305479647e-18 -1.03661462559879e-16  3.46916206267577e-17   2.9646970963153e-16   0.00029756500101509      1.82004330031432     0.137558792208049 -0.000668482469310164 -2.66960986753702e-16
-1.49982348366362e-17  9.37017165128022e-18  5.64300345215181e-17  3.11385190907462e-16   6.8178712881547e-16  -0.00333467594206658     0.137558792208049     0.194459977799937 -0.000141951707043718  3.33677641391324e-17
 2.20331229958533e-17  1.96775424633582e-16 -4.17814051370117e-15 -1.69420766136629e-15  6.06357714558592e-15    0.0420690765579446 -0.000668482469310164 -0.000141951707043718     0.183969401042234 -5.63632188468143e-16
  -0.0023590747226131  -0.00165759829474277      -0.1425372966932   0.00788885295438403  -0.00576286628252107  -3.8183815664999e-16 -2.66960986753702e-16  3.33677641391324e-17 -5.63632188468143e-16    0.0873792824721772
TOTAL ENERGY: -127.340856715073	 lambda: -0.2	 population of target: 6.19914120610983
1RDM: 
      1.9999914915661 -1.64958023470581e-06 -0.000317014488772293  0.000323956509524705 -0.000321013813653869 -1.28688331032461e-17 -4.74046655316277e-19 -1.85737988255171e-17 -6.32726490190308e-17   -0.0019963315302412
-1.64958023470581e-06       1.9999949687093 -6.60509061319671e-05  8.27196039474677e-05   0.00016031385979188   3.9497979649361e-16 -1.42756853895684e-18  1.01962038991617e-18  3.23472270948483e-18   -0.0012480782973656
-0.000317014488772293 -6.60509061319671e-05      1.97259125913158   0.00223452930153169   -0.0312248326960887  8.95572974247915e-16 -1.09814049809612e-16  2.82511929833722e-16  2.76635663005952e-15    -0.115895017054071
 0.000323956509524705  8.27196039474677e-05   0.00223452930153169      1.97417963310412   0.00193780355779025  1.51788915170926e-15  4.31865232021505e-17  5.65145625331096e-16  4.87196715363075e-15   -0.0102480532277382
-0.000321013813653869   0.00016031385979188   -0.0312248326960887   0.00193780355779025      1.94150598228779 -2.17477993518857e-15  4.17285794580554e-16  3.57004254753599e-18 -1.70586587582887e-14   0.00122168037663173
-1.28688331032461e-17   3.9497979649361e-16  8.95572974247915e-16  1.51788915170926e-15 -2.17477993518857e-15      1.81125926232082  8.77082982101931e-06  -0.00137031369058896    0.0869392081285436 -5.79926957474875e-16
-4.74046655316277e-19 -1.42756853895684e-18 -1.09814049809612e-16  4.31865232021505e-17  4.17285794580554e-16  8.77082982101931e-06      1.81095043149771    0.0897538207775505    0.0012523186179203 -3.37851725454953e-16
-1.85737988255171e-17  1.01962038991617e-18  2.82511929833722e-16  5.65145625331096e-16  3.57004254753599e-18  -0.00137031369058896    0.0897538207775505     0.201922884500267 -4.18413098093015e-06  1.48071701034126e-16
-6.32726490190308e-17  3.23472270948483e-18  2.76635663005952e-15  4.87196715363075e-15 -1.70586587582887e-14    0.0869392081285436    0.0012523186179203 -4.18413098093015e-06     0.201613669065638  1.78084876009517e-15
  -0.0019963315302412   -0.0012480782973656    -0.115895017054071   -0.0102480532277382   0.00122168037663173 -5.79926957474875e-16 -3.37851725454953e-16  1.48071701034126e-16  1.78084876009517e-15    0.0859904178167445
TOTAL ENERGY: -127.360896643885	 lambda: -0.1	 population of target: 6.33274014586008
1RDM: 
     1.99999244594274 -9.69892373474161e-07 -0.000278600953211784  0.000278221360564338  -0.00033627983364733  1.78296207081927e-18 -8.87418250811766e-19 -1.68615273998895e-17   4.5990127070637e-18  -0.00161639368362175
-9.69892373474161e-07      1.99999544447122 -4.96621421657679e-05  6.12770982421044e-05  0.000140119014326708  4.56091746899179e-16 -1.22472808591055e-18 -2.32044331437304e-18 -2.65500324054058e-17 -0.000827777824446901
-0.000278600953211784 -4.96621421657679e-05      1.97424748046878   0.00142461746260102   -0.0316190153668966 -2.69425169027616e-16 -9.85760204019143e-17  9.96333781263979e-17 -2.80996327852438e-15   -0.0881997159594582
 0.000278221360564338  6.12770982421044e-05   0.00142461746260102       1.9767268770313       0.0032047193249 -9.53740009071293e-17  4.99191565579948e-17  4.57309794626308e-16  2.32075126333064e-17   -0.0284795673377176
 -0.00033627983364733  0.000140119014326708   -0.0316190153668966       0.0032047193249      1.94148124323936  1.30712931409357e-15  4.86944872179229e-16  6.23891201213143e-16  5.26178787415419e-16    0.0091230252482174
 1.78296207081927e-18  4.56091746899179e-16 -2.69425169027616e-16 -9.53740009071293e-17  1.30712931409357e-15      1.78812590164623 -0.000267458026013556  0.000516258439186309     0.129339773251467 -2.67293935757154e-16
-8.87418250811766e-19 -1.22472808591055e-18 -9.85760204019143e-17  4.99191565579948e-17  4.86944872179229e-16 -0.000267458026013556      1.79754333647953    0.0435115040173699   0.00308186798415266 -3.68799723883904e-16
-1.68615273998895e-17 -2.32044331437304e-18  9.96333781263979e-17  4.57309794626308e-16  6.23891201213143e-16  0.000516258439186309    0.0435115040173699     0.213774525907907  0.000127589195806073  1.20006816703496e-16
  4.5990127070637e-18 -2.65500324054058e-17 -2.80996327852438e-15  2.32075126333064e-17  5.26178787415419e-16     0.129339773251467   0.00308186798415266  0.000127589195806073     0.223203687864582 -3.05401455455619e-17
 -0.00161639368362175 -0.000827777824446901   -0.0881997159594582   -0.0284795673377176    0.0091230252482174 -2.67293935757154e-16 -3.68799723883904e-16  1.20006816703496e-16 -3.05401455455619e-17    0.0849090569483757
TOTAL ENERGY: -127.367553887613	 lambda: 0	 population of target: 6.46564134735362
1RDM: 
     1.99999325272131 -4.98730419296532e-07 -0.000250779550765077  0.000240999735057877 -0.000352031314270178 -6.76212418774308e-19 -1.33487445500878e-18 -1.73256095048056e-17 -9.25310820627946e-18  -0.00121392624861254
-4.98730419296532e-07      1.99999571722335 -4.91464397982452e-05  4.90395280117416e-05  0.000111775627447683  5.06220884350977e-16 -1.17175135828396e-18 -7.31987892398194e-18  -1.3032894309241e-16 -0.000405998936387028
-0.000250779550765077 -4.91464397982452e-05      1.97499352836938   0.00115063454404352   -0.0322563600728088 -1.54633100519697e-17 -7.98730778945411e-17  8.42727047595563e-17 -1.81718067540543e-15   -0.0590008314670914
 0.000240999735057877  4.90395280117416e-05   0.00115063454404352      1.97882646278241   0.00454271917059478  2.08719300721207e-16  7.39522169937642e-17  4.90253153067166e-16  7.61172391429427e-16   -0.0470568120111562
-0.000352031314270178  0.000111775627447683   -0.0322563600728088   0.00454271917059478      1.94147565180357  8.53943517365766e-16  5.62507962663491e-16  6.95951965763875e-16 -2.84499313646652e-15      0.01951287988092
-6.76212418774308e-19  5.06220884350977e-16 -1.54633100519697e-17  2.08719300721207e-16  8.53943517365766e-16      1.76195071438843 -0.000523896664025761   0.00227535118226219     0.168184969103635 -2.19899446616541e-16
-1.33487445500878e-18 -1.17175135828396e-18 -7.98730778945411e-17  7.39522169937642e-17  5.62507962663491e-16 -0.000523896664025761      1.78039758417024  6.45739751425096e-05   0.00477265774441618 -4.08045132144963e-16
-1.73256095048056e-17 -7.31987892398194e-18  8.42727047595563e-17  4.90253153067166e-16  6.95951965763875e-16   0.00227535118226219  6.45739751425096e-05      0.22950675756435  0.000249921726970181  1.59871718874472e-16
-9.25310820627946e-18  -1.3032894309241e-16 -1.81718067540543e-15  7.61172391429427e-16 -2.84499313646652e-15     0.168184969103635   0.00477265774441618  0.000249921726970181     0.247976598402267  2.84037589466311e-16
 -0.00121392624861254 -0.000405998936387028   -0.0590008314670914   -0.0470568120111562      0.01951287988092 -2.19899446616541e-16 -4.08045132144963e-16  1.59871718874472e-16  2.84037589466311e-16    0.0848837325747396
TOTAL ENERGY: -127.361049627151	 lambda: 0.1	 population of target: 6.59624381844489
1RDM: 
      1.9999938487369 -2.29855136814661e-07  -0.00023614006980601  0.000215808072662563 -0.000372276648987871 -5.66938034747194e-19 -1.67178363555153e-18  -1.7598060549216e-17 -9.89452360353047e-18 -0.000788835076922181
-2.29855136814661e-07      1.99999578773142 -6.36556262771408e-05  4.55250779976106e-05  7.71202848364326e-05  5.62639405469566e-16 -1.11542036687098e-18 -1.18020332598458e-17 -2.12817199036338e-16  9.19626891387596e-06
 -0.00023614006980601 -6.36556262771408e-05       1.9747000273205    0.0015599583849415    -0.033372279038449  1.28572576004345e-17 -6.66357192371981e-17  5.23431129603643e-17 -1.86172940610705e-15   -0.0282088569648505
 0.000215808072662563  4.55250779976106e-05    0.0015599583849415       1.9802845670251   0.00621050567835285  2.34375494260284e-16  9.10387863083265e-17  5.10660131867452e-16  7.12709048384789e-16    -0.065957280148331
-0.000372276648987871  7.71202848364326e-05    -0.033372279038449   0.00621050567835285      1.94098004687774  9.76326981256423e-16  6.56763039320795e-16   7.9040263895344e-16 -2.99407400784828e-15     0.033318484246112
-5.66938034747194e-19  5.62639405469566e-16  1.28572576004345e-17  2.34375494260284e-16  9.76326981256423e-16      1.73441945045629 -0.000756314061760796   0.00387592961307098     0.202969462617513  -1.2390534387447e-16
-1.67178363555153e-18 -1.11542036687098e-18 -6.66357192371981e-17  9.10387863083265e-17  6.56763039320795e-16 -0.000756314061760796      1.76104994124317   -0.0397345855318423   0.00629880435646077 -4.29352096538787e-16
 -1.7598060549216e-17 -1.18020332598458e-17  5.23431129603643e-17  5.10660131867452e-16   7.9040263895344e-16   0.00387592961307098   -0.0397345855318423     0.247644325945191   0.00036079491196447  1.97793376564399e-16
-9.89452360353047e-18 -2.12817199036338e-16 -1.86172940610705e-15  7.12709048384789e-16 -2.99407400784828e-15     0.202969462617513   0.00629880435646077   0.00036079491196447     0.274307979251659  2.78196154257612e-16
-0.000788835076922181  9.19626891387596e-06   -0.0282088569648505    -0.065957280148331     0.033318484246112  -1.2390534387447e-16 -4.29352096538787e-16  1.97793376564399e-16  2.78196154257612e-16    0.0866240254120719
TOTAL ENERGY: -127.342042223654	 lambda: 0.2	 population of target: 6.72318623165681
1RDM: 
     1.99999419405863  -1.4153294835605e-07 -0.000235511189136784  0.000205044461908204 -0.000399351575627808 -4.85739578565349e-19 -1.97431091159164e-18 -1.78782534399677e-17 -1.05348501420197e-17 -0.000345925798351029
 -1.4153294835605e-07      1.99999565910737 -9.13940488453566e-05  4.99155975431783e-05   3.8930728539797e-05   6.1774892466935e-16 -1.08845382732094e-18 -1.59000484224213e-17 -2.86988463324787e-16  0.000414467948677931
-0.000235511189136784 -9.13940488453566e-05      1.97338097824004   0.00272403123572654   -0.0350152026147826  3.45884026245353e-17 -5.40718370105431e-17  1.68283898733375e-17 -1.91706428186933e-15   0.00395793628184836
 0.000205044461908204  4.99155975431783e-05   0.00272403123572654      1.98097190895055   0.00838396394085726  2.61068615112273e-16   1.0830049143651e-16  5.29581853039205e-16  6.65799142432117e-16   -0.0848798953515668
-0.000399351575627808   3.8930728539797e-05   -0.0350152026147826   0.00838396394085726      1.93979389141276  1.08942246725185e-15  7.47633249837312e-16  8.67284099425383e-16 -3.13264954612279e-15    0.0506694670113197
-4.85739578565349e-19   6.1774892466935e-16  3.45884026245353e-17  2.61068615112273e-16  1.08942246725185e-15      1.70771240638594 -0.000965618375162357   0.00532055539108162      0.23407779773467 -2.53849676488478e-17
-1.97431091159164e-18 -1.08845382732094e-18 -5.40718370105431e-17   1.0830049143651e-16  7.47633249837312e-16 -0.000965618375162357      1.74171268870969   -0.0757927816478431   0.00766995996823569 -4.34929618091998e-16
-1.78782534399677e-17 -1.59000484224213e-17  1.68283898733375e-17  5.29581853039205e-16  8.67284099425383e-16   0.00532055539108162   -0.0757927816478431     0.266016499063557  0.000460642223020543  2.35629814996991e-16
-1.05348501420197e-17 -2.86988463324787e-16 -1.91706428186933e-15  6.65799142432117e-16 -3.13264954612279e-15      0.23407779773467   0.00766995996823569  0.000460642223020543      0.30005912118028  2.65618505857307e-16
-0.000345925798351029  0.000414467948677931   0.00395793628184836   -0.0848798953515668    0.0506694670113197 -2.53849676488478e-17 -4.34929618091998e-16  2.35629814996991e-16  2.65618505857307e-16    0.0903626528912281
TOTAL ENERGY: -127.311344208237	 lambda: 0.3	 population of target: 6.84610467130198
1RDM: 
     1.99999428286607 -2.08664360081488e-07 -0.000247826124177774  0.000209062746548358 -0.000433147134902544 -4.22374913888508e-19 -2.25289910814048e-18 -1.81921876313928e-17 -1.12652614404945e-17   0.00010773170607764
-2.08664360081488e-07      1.99999532630473 -0.000130778616377846  6.12329094680195e-05 -1.86319153066117e-07  6.66800995843527e-16 -1.05396909659754e-18 -1.97102782368671e-17 -3.55329194458665e-16  0.000812216390108747
-0.000247826124177774 -0.000130778616377846      1.97116816454745   0.00459996540127994   -0.0370359374707106  5.48968840830674e-17 -4.23976550100417e-17 -2.11096195919584e-17  -1.9814784041192e-15    0.0371661002755649
 0.000209062746548358  6.12329094680195e-05   0.00459996540127994      1.98087311917585    0.0110893964997116  2.85189685503797e-16  1.24926746707008e-16  5.47588560270587e-16   6.2306951977846e-16    -0.103398359547171
-0.000433147134902544 -1.86319153066117e-07   -0.0370359374707106    0.0110893964997116      1.93806914683919  1.18747484808557e-15  8.27900339118722e-16   9.2946387563473e-16 -3.28854191188316e-15    0.0711031739385542
-4.22374913888508e-19  6.66800995843527e-16  5.48968840830674e-17  2.85189685503797e-16  1.18747484808557e-15       1.6838858059745  -0.00115785805235626   0.00664640469369264     0.262716964533867  7.30847002133419e-17
-2.25289910814048e-18 -1.05396909659754e-18 -4.23976550100417e-17  1.24926746707008e-16  8.27900339118722e-16  -0.00115785805235626       1.7246550174916    -0.108844041125486   0.00893032115071606  -4.2755743949205e-16
-1.81921876313928e-17 -1.97102782368671e-17 -2.11096195919584e-17  5.47588560270587e-16   9.2946387563473e-16   0.00664640469369264    -0.108844041125486     0.282371436561961  0.000552348957237633  2.70430721482101e-16
-1.12652614404945e-17 -3.55329194458665e-16  -1.9814784041192e-15   6.2306951977846e-16 -3.28854191188316e-15     0.262716964533867   0.00893032115071606  0.000552348957237633     0.323191416955531  2.42669499480679e-16
  0.00010773170607764  0.000812216390108747    0.0371661002755649    -0.103398359547171    0.0711031739385542  7.30847002133419e-17  -4.2755743949205e-16  2.70430721482101e-16  2.42669499480679e-16    0.0957962832831546
TOTAL ENERGY: -127.269428622732	 lambda: 0.4	 population of target: 6.96591787814484
1RDM: 
     1.99999413398805 -4.16410195949345e-07 -0.000271291257335867  0.000226330507101833 -0.000472242420584638  -3.1965674820862e-19 -2.51635451861925e-18 -1.85437749467819e-17 -1.20798934929341e-17  0.000565478759023646
-4.16410195949345e-07      1.99999476900282 -0.000181559438777322  7.85768235446681e-05 -3.89639214304368e-05   7.0654618568763e-16 -9.83709146758086e-19 -2.33858985145007e-17 -4.21358107804589e-16    0.0012086846842608
-0.000271291257335867 -0.000181559438777322      1.96819272588059   0.00705600506825499   -0.0392294652112282  7.76375946424282e-17 -3.15207910978356e-17 -6.04065856533475e-17 -2.05900886728641e-15    0.0711201386467516
 0.000226330507101833  7.85768235446681e-05   0.00705600506825499      1.98007495226497    0.0142254133790415   3.0449629074028e-16  1.40580125458082e-16  5.65557020880722e-16  5.78966867789801e-16    -0.121154027156848
-0.000472242420584638 -3.89639214304368e-05   -0.0392294652112282    0.0142254133790415      1.93610406420818  1.27574023601501e-15  8.93659065846679e-16  9.84977104280095e-16 -3.47034847112379e-15    0.0938721155999412
 -3.1965674820862e-19   7.0654618568763e-16  7.76375946424282e-17   3.0449629074028e-16  1.27574023601501e-15      1.66430050133943  -0.00134238470054073   0.00791389444809597     0.290554984609963  1.70807780067161e-16
-2.51635451861925e-18 -9.83709146758086e-19 -3.15207910978356e-17  1.40580125458082e-16  8.93659065846679e-16  -0.00134238470054073      1.71156705805135    -0.140221311121342    0.0101452781950676 -4.11874991325431e-16
-1.85437749467819e-17 -2.33858985145007e-17 -6.04065856533475e-17  5.65557020880722e-16  9.84977104280095e-16   0.00791389444809597    -0.140221311121342     0.295017878719945  0.000640376223862783  3.00351640696462e-16
-1.20798934929341e-17 -4.21358107804589e-16 -2.05900886728641e-15  5.78966867789801e-16 -3.47034847112379e-15     0.290554984609963    0.0101452781950676  0.000640376223862783     0.342343295317541  2.03594245347406e-16
 0.000565478759023646    0.0012086846842608    0.0711201386467516    -0.121154027156848    0.0938721155999412  1.70807780067161e-16 -4.11874991325431e-16  3.00351640696462e-16  2.03594245347406e-16      0.10241062122715
TOTAL ENERGY: -127.216065515826	 lambda: 0.5	 population of target: 7.08450506176116
1RDM: 
     1.99999377210804 -7.67108575069981e-07 -0.000304854941463129  0.000254323655592819 -0.000515740881290798 -2.50360593451652e-17 -3.49033537513888e-18 -1.87582325849359e-17  8.90357849129464e-18   0.00102198485150078
-7.67108575069981e-07      1.99999395278433 -0.000245191518297837  0.000101308490123704 -7.79498985748674e-05  7.44000816515131e-16 -6.68456118432403e-19 -2.73891654135164e-17 -4.85032407275714e-16   0.00161049701087584
-0.000304854941463129 -0.000245191518297837      1.96446722680932   0.00993256218202491   -0.0415086204356496  5.01067616810034e-16 -1.29650878994804e-17 -1.00662188372189e-16 -2.37675632340703e-15       0.1055617607056
 0.000254323655592819  0.000101308490123704   0.00993256218202491      1.97871412516917    0.0176361577187899 -2.53759922039886e-15  7.88027704139289e-17   6.2379313448342e-16  2.75429250691253e-15    -0.137971558088955
-0.000515740881290798 -7.79498985748674e-05   -0.0415086204356496    0.0176361577187899      1.93406506067601 -4.06857666449192e-15  7.78831761936957e-16  1.08073562083732e-15  1.30883481748611e-15      0.11810154176045
-2.50360593451652e-17  7.44000816515131e-16  5.01067616810034e-16 -2.53759922039886e-15 -4.06857666449192e-15      1.64931450457797  -0.00152936985539957   0.00919055994989828     0.319283391487343 -7.49074939356262e-16
-3.49033537513888e-18 -6.68456118432403e-19 -1.29650878994804e-17  7.88027704139289e-17  7.78831761936957e-16  -0.00152936985539957      1.70316497895179    -0.171497131846478     0.011384132718675 -4.29227202467007e-16
-1.87582325849359e-17 -2.73891654135164e-17 -1.00662188372189e-16   6.2379313448342e-16  1.08073562083732e-15   0.00919055994989828    -0.171497131846478      0.30322996515257  0.000729576382056499   3.2817263147313e-16
 8.90357849129464e-18 -4.85032407275714e-16 -2.37675632340703e-15  2.75429250691253e-15  1.30883481748611e-15     0.319283391487343     0.011384132718675  0.000729576382056499      0.35714749805818  1.81007669413728e-15
  0.00102198485150078   0.00161049701087584       0.1055617607056    -0.137971558088955      0.11810154176045 -7.49074939356262e-16 -4.29227202467007e-16   3.2817263147313e-16  1.81007669413728e-15     0.109908915712652
TOTAL ENERGY: -127.150337510925	 lambda: 0.6	 population of target: 7.20398266639191
1RDM: 
     1.99999321405959 -1.27713544392173e-06 -0.000348922331066478    0.0002905019896068 -0.000564297686152632 -5.40606512166157e-18 -9.87880825378745e-19 -1.83983122823326e-17 -1.01283518335649e-17   0.00147232567118793
-1.27713544392173e-06      1.99999283848124 -0.000324229647192785  0.000129107112219583 -0.000118953317256502  7.58022690843123e-16 -9.08063322387082e-19  -2.9510015137151e-17 -5.59353558020556e-16   0.00202152754370618
-0.000348922331066478 -0.000324229647192785      1.95985307234067    0.0130981092588411   -0.0439802872756118  2.26258999051446e-16 -4.25933434880323e-17 -8.06587591714221e-17   -2.246126692216e-15     0.140141680490578
   0.0002905019896068  0.000129107112219583    0.0130981092588411      1.97692201779346    0.0211799201901302 -2.83674975241707e-16   3.3294101890355e-16  7.05972219616322e-16  8.91093854575104e-16    -0.153860760268675
-0.000564297686152632 -0.000118953317256502   -0.0439802872756118    0.0211799201901302       1.9318402542649  7.61776159557209e-17  1.53235440288256e-15  1.49641550167812e-15 -2.91681703127065e-15     0.142746073286135
-5.40606512166157e-18  7.58022690843123e-16  2.26258999051446e-16 -2.83674975241707e-16  7.61776159557209e-17      1.63826911959676  -0.00172766942153555    0.0105367836247564     0.350268491735631  3.94060989144888e-17
-9.87880825378745e-19 -9.08063322387082e-19 -4.25933434880323e-17   3.3294101890355e-16  1.53235440288256e-15  -0.00172766942153555      1.69910190114214    -0.204147133037586    0.0127056444512447 -2.02455561199931e-16
-1.83983122823326e-17  -2.9510015137151e-17 -8.06587591714221e-17  7.05972219616322e-16  1.49641550167812e-15    0.0105367836247564    -0.204147133037586      0.30734433091025  0.000824174055329245  6.12695514674534e-16
-1.01283518335649e-17 -5.59353558020556e-16   -2.246126692216e-15  8.91093854575104e-16 -2.91681703127065e-15     0.350268491735631    0.0127056444512447  0.000824174055329245     0.368252865836214  4.92965717180807e-16
  0.00147232567118793   0.00202152754370618     0.140141680490578    -0.153860760268675     0.142746073286135  3.94060989144888e-17 -2.02455561199931e-16  6.12695514674534e-16  4.92965717180807e-16      0.11843038557483
TOTAL ENERGY: -127.071052306177	 lambda: 0.7	 population of target: 7.32592225555172
1RDM: 
     1.99999246802059 -1.96578948267118e-06 -0.000404858714372915   0.00033290453233175 -0.000619552178743449  8.67283330182294e-17 -3.13641785086015e-18 -2.06585790759492e-17 -5.65769821587891e-17   0.00191048304080793
-1.96578948267118e-06      1.99999139560997 -0.000421028402598201  0.000161903727901381 -0.000163694725763414  7.43482680026898e-16 -9.01508994396694e-19 -3.59224353469543e-17 -6.74214543714796e-16    0.0024415024569697
-0.000404858714372915 -0.000421028402598201      1.95414045507116     0.016474768428923   -0.0468677907108589 -9.17935570111706e-16 -6.40675827959427e-18 -2.71462894280473e-16 -3.61270897166224e-15     0.174287892001612
  0.00033290453233175  0.000161903727901381     0.016474768428923      1.97479229742025     0.024758344777856  9.38835613566903e-15  2.05754944414084e-16    4.128795230214e-16 -4.97634524422461e-15    -0.168936136398578
-0.000619552178743449 -0.000163694725763414   -0.0468677907108589     0.024758344777856      1.92912451034325  2.61532569530857e-14  1.03597559311105e-15  6.82350963489633e-16 -1.85785922608542e-14     0.166487612469107
 8.67283330182294e-17  7.43482680026898e-16 -9.17935570111706e-16  9.38835613566903e-15  2.61532569530857e-14       1.6297023342436  -0.00194340982010694    0.0119959741616819     0.384344958390528  7.69640273589454e-15
-3.13641785086015e-18 -9.01508994396694e-19 -6.40675827959427e-18  2.05754944414084e-16  1.03597559311105e-15  -0.00194340982010694      1.69813151990716    -0.239302506137435    0.0141488208866369 -3.93170240277157e-16
-2.06585790759492e-17 -3.59224353469543e-17 -2.71462894280473e-16    4.128795230214e-16  6.82350963489633e-16    0.0119959741616819    -0.239302506137435     0.308599581777227  0.000927091669942423  1.52958901780268e-17
-5.65769821587891e-17 -6.74214543714796e-16 -3.61270897166224e-15 -4.97634524422461e-15 -1.85785922608542e-14     0.384344958390528    0.0141488208866369  0.000927091669942423     0.377113980415059 -8.09215041293427e-15
  0.00191048304080793    0.0024415024569697     0.174287892001612    -0.168936136398578     0.166487612469107  7.69640273589454e-15 -3.93170240277157e-16  1.52958901780268e-17 -8.09215041293427e-15     0.128411457191775
TOTAL ENERGY: -126.977334884243	 lambda: 0.8	 population of target: 7.45084674868475
1RDM: 
     1.99999154440057 -2.84210478534531e-06 -0.000473548666947118  0.000380230581466265 -0.000682240561865226  -1.1542363052087e-17  -2.7105636461217e-18 -2.51927070258643e-17 -1.27286267268849e-17   0.00232886146243918
-2.84210478534531e-06      1.99998961314682 -0.000536398159325218  0.000199746369256633 -0.000212353998155925  7.88687784577337e-16  8.61666641978514e-19 -3.32452004064838e-17 -7.17631474267198e-16   0.00286695308548354
-0.000473548666947118 -0.000536398159325218      1.94720276181641    0.0200294770407297   -0.0503174882633825  3.79539376602141e-16  3.00837807454386e-17   2.5072918167468e-16 -2.03362245582961e-15     0.207210046278625
 0.000380230581466265  0.000199746369256633    0.0200294770407297      1.97237937856374    0.0283030893096589 -8.55384037056553e-16 -3.48431123399207e-17  9.83638877983633e-17  9.11585964746277e-16    -0.183309480547336
-0.000682240561865226 -0.000212353998155925   -0.0503174882633825    0.0283030893096589      1.92569197613153 -2.52091722599614e-15  1.87387996441034e-15  6.96562846524606e-16 -2.84945550175637e-15     0.187786807406195
 -1.1542363052087e-17  7.88687784577337e-16  3.79539376602141e-16 -8.55384037056553e-16 -2.52091722599614e-15      1.62171853922878  -0.00217931377373428    0.0135894533006389     0.421747232958903 -9.84545275486595e-16
 -2.7105636461217e-18  8.61666641978514e-19  3.00837807454386e-17 -3.48431123399207e-17  1.87387996441034e-15  -0.00217931377373428      1.69845410822957    -0.277602654926214    0.0157289724022801  3.20472358311652e-16
-2.51927070258643e-17 -3.32452004064838e-17   2.5072918167468e-16  9.83638877983633e-17  6.96562846524606e-16    0.0135894533006389    -0.277602654926214     0.308788543533489   0.00103962843432733  1.01386464971314e-15
-1.27286267268849e-17 -7.17631474267198e-16 -2.03362245582961e-15  9.11585964746277e-16 -2.84945550175637e-15     0.421747232958903    0.0157289724022801   0.00103962843432733     0.385619669214696   1.2505263101992e-15
  0.00232886146243918   0.00286695308548354     0.207210046278625    -0.183309480547336     0.187786807406195 -9.84545275486595e-16  3.20472358311652e-16  1.01386464971314e-15   1.2505263101992e-15     0.140163865734449
TOTAL ENERGY: -126.869030129662	 lambda: 0.9	 population of target: 7.57824460752007
1RDM: 
     1.99999046946353 -3.89750540166503e-06 -0.000553922515083118  0.000431542956978255  -0.00075026167268082 -7.33858803213314e-18 -1.07802768742458e-17 -4.07593948464813e-17 -1.82690841924051e-17   0.00271979763623822
-3.89750540166503e-06      1.99998750054655 -0.000669034047747517  0.000242681157246604 -0.000262954765952463  8.05242502421269e-16  4.23765731086859e-18 -3.00014486591359e-17 -8.08252278425358e-16   0.00329410773733001
-0.000553922515083118 -0.000669034047747517       1.9391324120107    0.0237446768405084   -0.0542118773701271  3.62060667805331e-16  2.52218743092665e-16   9.6820561331329e-16 -1.87042886224755e-15     0.238111099125202
 0.000431542956978255  0.000242681157246604    0.0237446768405084      1.96972109218187    0.0317445326069685 -3.14679819881094e-16 -1.38673546693018e-15 -1.64539355965905e-15  4.29747313898016e-16    -0.197009109705728
 -0.00075026167268082 -0.000262954765952463   -0.0542118773701271    0.0317445326069685      1.92168023354804 -2.09125613708442e-15  9.92842429801181e-16 -2.58835117967918e-15 -4.20041699246675e-15     0.205221930249868
-7.33858803213314e-18  8.05242502421269e-16  3.62060667805331e-16 -3.14679819881094e-16 -2.09125613708442e-15      1.61242718860951  -0.00243470041439306    0.0153157277070238     0.462157824886312 -1.22211248835157e-15
-1.07802768742458e-17  4.23765731086859e-18  2.52218743092665e-16 -1.38673546693018e-15  9.92842429801181e-16  -0.00243470041439306      1.69815515794889     -0.31914667010852    0.0174384243021466  1.05571504854486e-15
-4.07593948464813e-17 -3.00014486591359e-17   9.6820561331329e-16 -1.64539355965905e-15 -2.58835117967918e-15    0.0153157277070238     -0.31914667010852     0.309814931596796   0.00116145868986849  1.13604161490736e-15
-1.82690841924051e-17 -8.08252278425358e-16 -1.87042886224755e-15  4.29747313898016e-16 -4.20041699246675e-15     0.462157824886312    0.0174384243021466   0.00116145868986849      0.39564965578953   1.0943923929118e-15
  0.00271979763623822   0.00329410773733001     0.238111099125202    -0.197009109705728     0.205221930249868 -1.22211248835157e-15  1.05571504854486e-15  1.13604161490736e-15   1.0943923929118e-15     0.153441358304698
TOTAL ENERGY: -126.746619115637	 lambda: 1	 population of target: 7.70709011032007
1RDM: 
     1.99998928915501 -5.11021702565862e-06  -0.00064261750548179  0.000485922539493962 -0.000818382597430234  3.86203474337042e-17 -9.26402944360147e-17 -1.64785247921835e-16  8.63653292828456e-17    0.0030786457307018
-5.11021702565862e-06      1.99998507677474 -0.000816236439382749  0.000290726941544818 -0.000312252818511946  7.19157869378431e-16  2.76243323750886e-17  1.64392757951789e-17  -1.0644250660563e-15   0.00372205301034178
 -0.00064261750548179 -0.000816236439382749      1.93025309656928    0.0275949251871364   -0.0581391648929527  1.43299826766217e-15  2.18281318079003e-15   5.7892901700096e-15 -1.47697507865285e-14     0.266534724729622
 0.000485922539493962  0.000290726941544818    0.0275949251871364      1.96686782530175    0.0350022399820362   1.4243448274365e-16 -1.44075839629974e-14 -1.67086398390853e-14   5.6604644850693e-15    -0.209961804044634
-0.000818382597430234 -0.000312252818511946   -0.0581391648929527    0.0350022399820362      1.91766218034443  4.06414971643849e-14 -1.26047908000822e-14 -3.36709251390772e-14  7.90574103106695e-15     0.218039441207265
 3.86203474337042e-17  7.19157869378431e-16  1.43299826766217e-15   1.4243448274365e-16  4.06414971643849e-14       1.6003167024609  -0.00270597933329544    0.0171532030327183     0.504828746585837  2.63838102793272e-14
-9.26402944360147e-17  2.76243323750886e-17  2.18281318079003e-15 -1.44075839629974e-14 -1.26047908000822e-14  -0.00270597933329544      1.69559664995655    -0.363530194204777    0.0192504788067298  5.25700753508877e-15
-1.64785247921835e-16  1.64392757951789e-17   5.7892901700096e-15 -1.67086398390853e-14 -3.36709251390772e-14    0.0171532030327183    -0.363530194204777     0.313297140583248   0.00129087080481045 -1.19439213540621e-15
 8.63653292828456e-17  -1.0644250660563e-15 -1.47697507865285e-14   5.6604644850693e-15  7.90574103106695e-15     0.504828746585837    0.0192504788067298   0.00129087080481045     0.408695737987749  -1.4913744743893e-14
   0.0030786457307018   0.00372205301034178     0.266534724729622    -0.209961804044634     0.218039441207265  2.63838102793272e-14  5.25700753508877e-15 -1.19439213540621e-15  -1.4913744743893e-14      0.16733630086639
-------------------general-----------------------
mullikenoperator: 
  0.00382693725358745    0.0634701466472671  -0.00109948529528089  -0.00481958689783185  -0.00517513734894348  1.32977680308932e-16 -1.92669351985256e-17  2.45807418920712e-18  5.71307380925303e-17  -0.00793728497754035
   0.0634701466472671     0.995620512721094   -0.0208951282315913   -0.0050832214822633   0.00512034973393788  1.54823516976889e-15  3.90037405785762e-18 -5.09288508159737e-17 -1.00373381480038e-15    0.0165461631827925
 -0.00109948529528089   -0.0208951282315913     0.208681617346807    -0.128462793321465     0.179711908093655   6.3248301942102e-16  6.97514321404884e-16 -4.00216622267916e-16 -8.29340243596764e-16     0.435021615623036
 -0.00481958689783186  -0.00508322148226336    -0.128462793321465     0.830769930501413     0.338605061635669  1.69364084912209e-15  1.31548332594258e-15  5.35073496220547e-16 -4.47062499356809e-16    -0.190769807751415
 -0.00517513734894349   0.00512034973393787     0.179711908093655     0.338605061635669     0.384727509314049   1.1389833433022e-15  4.66810439022059e-16  1.19400615128961e-15 -1.98833545064499e-15     0.306470151958637
 1.32977680308932e-16  1.54823516976889e-15  6.32483019421021e-16  1.69364084912209e-15   1.1389833433022e-15     0.279107026183311  -0.00293001991317029    0.0199847675622454     0.451538385669298  1.46952466153309e-15
-1.92669351985256e-17  3.90037405785759e-18  6.97514321404883e-16  1.31548332594258e-15  4.66810439022059e-16  -0.00293001991317028     0.382275636692331    -0.488716017226756    0.0194329446753401  4.97085115744199e-16
 2.45807418920712e-18 -5.09288508159738e-17 -4.00216622267916e-16  5.35073496220547e-16  1.19400615128961e-15    0.0199847675622454    -0.488716017226756     0.617660126798262   0.00139774781086891  3.40600890772949e-16
 5.71307380925302e-17 -1.00373381480038e-15 -8.29340243596764e-16 -4.47062499356809e-16 -1.98833545064499e-15     0.451538385669298    0.0194329446753401   0.00139774781086891     0.720957210326098 -6.09687542299229e-16
 -0.00793728497754035    0.0165461631827925     0.435021615623037    -0.190769807751415     0.306470151958637  1.46952466153309e-15    4.970851157442e-16  3.40600890772949e-16 -6.09687542299229e-16     0.576373492863054
selected BF: 
0 1 2 3 4
selected lambdas: 
  -1 -0.9 -0.8 -0.7 -0.6 -0.5 -0.4 -0.3 -0.2 -0.1    0  0.1  0.2  0.3  0.4  0.5  0.6  0.7  0.8  0.9    1
RHF C: 
  0.00040932081808348     0.995022381102988     -0.11970233360998    -0.216454075260766    0.0712898975162664 -2.92025242744112e-17  3.35836215802215e-19 -2.13665075057777e-17 -9.17837847505891e-17    0.0780133659159031
 -0.00331241025977963    0.0208563213089267     0.411279675458908     0.871859969771826    -0.329773913008523   1.6060396907123e-16 -2.46308760722642e-17  8.26613920928107e-17  4.53165428154231e-16    -0.422138427254823
-1.46430793684599e-17  3.95627856468647e-20 -2.52045972349715e-16  2.71969979865558e-16  1.83556339421047e-16  -0.00540221325217161    -0.532171684682395    -0.853617688679996   -0.0213386491934546 -8.97399951887154e-17
 2.11107307940118e-17 -1.07284458831755e-18 -7.21219502700795e-17  3.74967662775285e-17 -6.84570344102251e-16    -0.532171684682303   0.00540221325217286    0.0213386491934548    -0.853617688680053 -4.79445504716148e-16
 -0.00338164634165317    0.0029613381227708     0.162871331550832   -0.0411837499716378     0.653663319662121 -2.19501495817562e-16  6.19552194534619e-16 -3.01994429544063e-16  -2.8922315104993e-16    -0.869554419264308
    0.994966740324209  0.000451585420345913     -0.20762787748368     0.148597049349637    0.0578759135476581  5.12512275971367e-17  1.01160270233075e-16  -2.6233066165723e-18  2.66801789957084e-17   -0.0713327399957099
    0.021111902631974   -0.0035271476507359     0.763804235928113    -0.641654194516235    -0.285857092600369 -1.35455669952669e-16 -5.49082550068875e-16   1.8883746260274e-17 -1.47503035270252e-16     0.413633387131273
-1.92124728887551e-19 -7.63453935028097e-20  -4.0548339996115e-17  1.65763268332174e-16  8.11414927068457e-16    -0.008017723302546    -0.789825413781375     0.623075689880434    0.0155755834768221 -1.61382787582928e-16
 2.74200224649245e-18  -3.5092752490734e-20 -5.56098338462874e-17 -2.11203650125533e-17  1.54958293835314e-16    -0.789825413781443     0.008017723302545   -0.0155755834768219     0.623075689880349  1.42361147330316e-16
 -0.00276051870221476   0.00267371041026347    -0.143920147512679    -0.193302242322454    -0.583652084127568  3.67763140749045e-16 -4.97637003378136e-16 -2.66221537327508e-17  7.91074155919438e-16    -0.885143574938137
RDM (no constraint): 
     1.99999762225208 -3.85193993499292e-08 -5.20512467015217e-05  6.66342572938033e-05  2.89958046912835e-05  3.63846715841707e-18 -3.95870597700409e-18 -7.55168556351561e-18 -2.53980248457344e-17 -0.000259064158486146
-3.85193993499292e-08      1.99999344620869 -7.18397707132623e-05 -0.000265173495887147  0.000180988377864874  5.07205210604802e-19  2.67677319219845e-19  4.19797104360776e-19 -3.55236495238088e-18 -0.000138267057230302
-5.20512467015217e-05 -7.18397707132623e-05      1.98896734406511  -0.00394722585550007   -0.0228132072701562 -9.78624053373496e-17 -6.83114197978012e-17 -1.82070675331885e-17 -8.62932641371235e-16    0.0331933191228034
 6.66342572938033e-05 -0.000265173495887147  -0.00394722585550007      1.98136665287343   0.00388434297288886  3.16464275167498e-16  1.40630598895961e-16  2.92082691180159e-16  1.07506118900727e-15   -0.0287577469229315
 2.89958046912835e-05  0.000180988377864874   -0.0228132072701562   0.00388434297288886      1.90767937078338  4.67691413218965e-16   2.4197332519922e-16  1.38111798518479e-16 -8.78748460574149e-16     0.188037275752536
 3.63846715841707e-18  5.07205210604802e-19 -9.78624053373496e-17  3.16464275167498e-16  4.67691413218965e-16      1.77577945716629  1.16236237230543e-15   -0.0012561582732235    0.0846303960345182  5.92018648043913e-16
-3.95870597700409e-18  2.67677319219845e-19 -6.83114197978012e-17  1.40630598895961e-16   2.4197332519922e-16  1.16236237230543e-15      1.77577945716625    0.0846303960343813    0.0012561582732195  6.76430136065253e-16
-7.55168556351561e-18  4.19797104360776e-19 -1.82070675331885e-17  2.92082691180159e-16  1.38111798518479e-16   -0.0012561582732235    0.0846303960343813     0.234136369940328 -6.59564041112895e-16  1.66385280268085e-16
-2.53980248457344e-17 -3.55236495238088e-18 -8.62932641371235e-16  1.07506118900727e-15 -8.78748460574149e-16    0.0846303960345182    0.0012561582732195 -6.59564041112895e-16     0.234136369940291  3.17681566722968e-16
-0.000259064158486146 -0.000138267057230302    0.0331933191228034   -0.0287577469229315     0.188037275752536  5.92018648043913e-16  6.76430136065253e-16  1.66385280268085e-16  3.17681566722968e-16      0.10216390960418
RDM Eigenvectors: 
    0.997740731664247   -0.0637229934682056    -0.021118302430199  -0.00260466015156354  -0.00016539028553504  8.72884188496294e-18 -2.08893947327293e-17  4.17185477395109e-18 -1.49008650404812e-17  0.000134816758752477
  -0.0638930182505917    -0.997801441687333  -0.00966491557663781    0.0146105396194024   0.00175495664456845  2.23658045465096e-15 -1.92764198997032e-17 -4.63395574629118e-19  2.37392017984146e-17   8.2774462139475e-05
  -0.0178708917865683    0.0137181700429901    -0.918702510996604     0.283883528675716    -0.273030984523644 -3.33035879226137e-16  -4.8232547368206e-17 -1.20240421525876e-17 -4.35639124260262e-16    -0.018503052792247
  0.00943416287552178    0.0104968227260301     0.296425579018809     0.954812803859093  -0.00577814060745745  1.77969113194479e-15  6.76338229581813e-16 -1.45322334435574e-16   5.5677238656189e-16    0.0152253756840066
  0.00476751921983201  -0.00575544481808491     0.259905925508252    -0.084823170955389    -0.956377199009852  3.29445118168549e-15  2.11311466035481e-15 -1.66012383375542e-16 -2.29204616426565e-16    -0.102668098181846
-9.50202668213125e-17 -2.22793846906987e-15  1.62143101066041e-15  1.32073324891492e-15 -3.04927275854939e-15      -0.9982836934189    0.0210331538207854   0.00113849198761784    0.0546441005989114 -1.85297676364158e-16
-2.41056643150371e-18 -4.77274208196872e-18  8.22951205955509e-16  4.75281874471862e-16 -2.05071293609707e-15   -0.0210331538207855    -0.998283693418905   -0.0546441005988264   0.00113849198761483 -3.40582058744592e-16
-2.18144894614364e-18  3.15096623122945e-18  1.17928538920329e-16  1.70410885043569e-16 -1.87136706318655e-16 -0.000340199156465639   -0.0546549005926684     0.998487333470699  -0.00598088658247346 -8.36178784476429e-16
-9.27414151751154e-18 -1.41794675749161e-16  5.80829359100678e-16  5.51265789921114e-16  4.60004229608453e-16   -0.0546549005927534  0.000340199156469603    -0.005980886582473    -0.998487333470695    -2.77053976308e-15
-0.000114695254635594 -0.000407980890380954   0.00520470815322617   -0.0180950070450356    -0.103731579417603 -3.92800277386903e-17 -1.76076213141512e-16  7.89288564886595e-16 -2.81660573437426e-15     0.994427001625157
Total C: 
  -0.0599069823993465    -0.994734948818196    0.0412578227373836     -0.23093166116186   -0.0946653861505517 -2.90457304240781e-15 -3.77558898286538e-16 -1.47235800053398e-16 -4.19919593958551e-16    0.0730713091294797
  -0.0155927512863205   -0.0124491474930389   -0.0321423338044826     0.950042817428936     0.391532668767124  2.72000663309902e-15  1.59000475431592e-15  6.92962567299629e-16  1.27267669136675e-15    -0.399221732316663
-2.21419634755489e-18  5.68533162182649e-18  3.07596201027149e-16 -7.49705051159936e-17 -1.25071839246162e-15  -0.00793817569719994     0.577992817472042     -0.82311119737992    0.0265259745838792 -6.34245069131305e-16
 3.06559839419326e-17 -1.21089753361496e-15  8.20875854529648e-16 -1.41055193654254e-15 -8.67574974510663e-16     0.484751063527804   0.00366243931275499    0.0262975484437738     0.881286454085895  2.03428149174763e-15
 -0.00712034806090864  -0.00383944444993353    -0.323601560744365  -0.00806061266633189    -0.490081801714628 -1.41264807154771e-15 -1.52756501292085e-15  2.83389592303098e-16  3.08413115593584e-15    -0.930921824772265
    0.996668581631769   -0.0597485665077922     0.200675714893178    0.0883070870959496    -0.109854871931925 -4.46787598206144e-16 -2.98925849640119e-16  3.91592225425875e-17  1.46891118414519e-16   -0.0808225720376628
  0.00693305054403468   -0.0150539561803931    -0.813895237897408    -0.378136932208355     0.483985594323904  1.30750057137749e-15   1.3186970780393e-15 -2.61911303689674e-16 -1.03287747404652e-15     0.456565749518413
 1.88780531895684e-17  1.68662419524414e-18 -1.07755373417775e-16 -4.91227823272572e-16 -2.58646360267067e-15  -0.00704807655735015     0.754608791231782     0.665210585439388   -0.0191090579159391  3.39437413521056e-16
-1.24500881004812e-17 -1.75149166468318e-15  -8.4942250605263e-18 -1.08640031375227e-15 -2.90078806562374e-15     0.822668147234932    0.0101690374193544   -0.0194480777770495    -0.578869471242253 -1.61205341684614e-15
 0.000595375265070334  -0.00502227961116547     0.253163451040954    -0.237331266416724     0.628029813660281  1.11497600702927e-15  1.77945154483354e-15   7.9522233517179e-16  1.18334791224636e-15    -0.816919549849461
Basis set used: STO-3G
Naturals: 
  1.99999935542101   1.99999820847191   1.99650492154885   1.98038875339104   1.92158478658018   1.78041244733622   1.78041244733616  0.229503379770417  0.229503379770365 0.0816923203738833
Version: Tmhuysen's fci hack
