TOTAL ENERGY: -126.607685652659	 lambda: -1	 population of target: 5.33608030881207
1RDM: 
     1.99999752488755  8.65091485549209e-06 -8.06079207377895e-05  0.000312251020869467 -0.000123472829864954  8.03278429760054e-18 -1.43576459113584e-15 -5.02626795463372e-16   1.2090164404698e-15 -0.000852134326080693
 8.65091485549209e-06       1.9999594597614  7.77837405196733e-05  -0.00144004965786028 -0.000365022011720808  4.80634154998222e-15  4.14295525502567e-15 -5.05512880533653e-15  3.05487641987768e-16  0.000293127321306631
-8.06079207377895e-05  7.77837405196733e-05      1.99176831648534   0.00330538692964038   -0.0248796328170267 -1.29350739519201e-13 -5.13234984978913e-14  8.46192455545735e-15 -1.43250605907565e-13   -0.0954946384513591
 0.000312251020869467  -0.00144004965786028   0.00330538692964038      1.94584118827006  -0.00578569614414408 -4.63899388278436e-13  1.23248490022848e-13  2.96200726238425e-13  -8.4007517468113e-13   -0.0139653961341702
-0.000123472829864954 -0.000365022011720808   -0.0248796328170267  -0.00578569614414408      1.87778377035764  5.38975780390692e-13 -1.00427755987644e-14 -6.57701055241491e-13  2.50397358859635e-13     -0.18319760317293
 8.03278429760054e-18  4.80634154998222e-15 -1.29350739519201e-13 -4.63899388278436e-13  5.38975780390692e-13      1.49606028049822   -0.0982821056294199     0.161677050635525    -0.494427893276535 -5.92799869529154e-14
-1.43576459113584e-15  4.14295525502567e-15 -5.13234984978913e-14  1.23248490022848e-13 -1.00427755987644e-14   -0.0982821056294199      1.39459508524396    -0.496473594068658    -0.335106771793725  3.85224745760486e-14
-5.02626795463372e-16 -5.05512880533653e-15  8.46192455545735e-15  2.96200726238425e-13 -6.57701055241491e-13     0.161677050635525    -0.496473594068658     0.527819688414531    0.0994514454449568  1.74459068538644e-13
  1.2090164404698e-15  3.05487641987768e-16 -1.43250605907565e-13  -8.4007517468113e-13  2.50397358859635e-13    -0.494427893276535    -0.335106771793725    0.0994514454449568     0.624620075209824 -4.77457239604623e-14
-0.000852134326080693  0.000293127321306631   -0.0954946384513591   -0.0139653961341702     -0.18319760317293 -5.92799869529154e-14  3.85224745760486e-14  1.74459068538644e-13 -4.77457239604623e-14     0.141554610871555
TOTAL ENERGY: -126.754879125637	 lambda: -0.9	 population of target: 5.49124014290465
1RDM: 
     1.99999773180014   7.6634143561604e-06 -7.37198044390366e-05   0.00027946714431697 -0.000144160997555958 -4.63942341422494e-17  1.14329764407992e-16 -7.82381399604785e-16 -9.01266255670866e-16 -0.000664730810427565
  7.6634143561604e-06      1.99996335315295  4.76289396741054e-05  -0.00130335987922186 -0.000372289905212795 -2.25206756433571e-15 -1.98476193670291e-15  2.31270822684156e-15  1.75500352057239e-16 -2.77490797545328e-06
-7.37198044390366e-05  4.76289396741054e-05      1.99230101513488   0.00231101691103567   -0.0250772626006164  4.28795365024355e-14 -4.10749815433485e-14 -1.18844343272067e-13  1.69409804511454e-14   -0.0765958311772451
  0.00027946714431697  -0.00130335987922186   0.00231101691103567      1.95015569589656  -0.00471532140044567  1.45525832812836e-13 -3.24849033662382e-14 -7.01435997537311e-14  3.50529286596519e-13   -0.0382301507329715
-0.000144160997555958 -0.000372289905212795   -0.0250772626006164  -0.00471532140044567      1.87310835770403 -4.61891082482835e-13 -3.53550266186891e-14  2.95775673412531e-14  -8.8285385946773e-13     -0.10520443553371
-4.63942341422494e-17 -2.25206756433571e-15  4.28795365024355e-14  1.45525832812836e-13 -4.61891082482835e-13      1.50763171991144   -0.0919326330121917     0.142513289208651    -0.462382739671655  2.61708761365302e-14
 1.14329764407992e-16 -1.98476193670291e-15 -4.10749815433485e-14 -3.24849033662382e-14 -3.53550266186891e-14   -0.0919326330121917      1.41272163971589    -0.464501984975245    -0.322175996565758 -1.93124798672388e-15
-7.82381399604785e-16  2.31270822684156e-15 -1.18844343272067e-13 -7.01435997537311e-14  2.95775673412531e-14     0.142513289208651    -0.464501984975245     0.514560247526233     0.093026430808219 -1.00239636418929e-13
-9.01266255670866e-16  1.75500352057239e-16  1.69409804511454e-14  3.50529286596519e-13  -8.8285385946773e-13    -0.462382739671655    -0.322175996565758     0.093026430808219     0.605106876569669  7.29062303872561e-14
-0.000664730810427565 -2.77490797545328e-06   -0.0765958311772451   -0.0382301507329715     -0.10520443553371  2.61708761365302e-14 -1.93124798672388e-15 -1.00239636418929e-13  7.29062303872561e-14     0.144453362588182
TOTAL ENERGY: -126.893937956103	 lambda: -0.8	 population of target: 5.65474305143699
1RDM: 
     1.99999781385874  6.81266242644652e-06 -7.95129344731767e-05  0.000257503506950203 -0.000223244815741647 -6.30462934081553e-17  -3.4432334261464e-15 -1.38915268831945e-15  4.80348370150964e-15 -0.000528355090157071
 6.81266242644652e-06      1.99996728977422   3.5013224772314e-05  -0.00117922913491279 -0.000295343841680115  1.29530592126452e-14  8.85485556395977e-15 -1.14633127509874e-14 -1.27309152537654e-15  -0.00031799291929906
-7.95129344731767e-05   3.5013224772314e-05      1.99157020817468   0.00254124412587342   -0.0316275940934989 -3.52071196934901e-13 -1.12365981572243e-14  2.40511681247535e-13 -4.29187772083237e-13   -0.0614820636373806
 0.000257503506950203  -0.00117922913491279   0.00254124412587342       1.9531831866352   0.00262275962460897 -5.14531830865311e-13   3.6656127903911e-13  7.13154672211999e-13 -2.09335098820409e-12   -0.0612082371952922
-0.000223244815741647 -0.000295343841680115   -0.0316275940934989   0.00262275962460897      1.83279252410427   1.7742543863751e-12 -4.85275050286637e-13 -2.12226746528256e-12  2.30382655257564e-12    -0.044537559107574
-6.30462934081553e-17  1.29530592126452e-14 -3.52071196934901e-13 -5.14531830865311e-13   1.7742543863751e-12      1.50325949124235   -0.0847367409270338     0.124286122437822    -0.426106982460479  5.04057338149685e-13
 -3.4432334261464e-15  8.85485556395977e-15 -1.12365981572243e-14   3.6656127903911e-13 -4.85275050286637e-13   -0.0847367409270338      1.41577835498636    -0.428227192188434    -0.304030303851828  5.85075783837956e-13
-1.38915268831945e-15 -1.14633127509874e-14  2.40511681247535e-13  7.13154672211999e-13 -2.12226746528256e-12     0.124286122437822    -0.428227192188434     0.517037898728588    0.0857449234343748  5.16778568131835e-13
 4.80348370150964e-15 -1.27309152537654e-15 -4.29187772083237e-13 -2.09335098820409e-12  2.30382655257564e-12    -0.426106982460479    -0.304030303851828    0.0857449234343748     0.600497126062425  1.80750901418153e-14
-0.000528355090157071  -0.00031799291929906   -0.0614820636373806   -0.0612082371952922    -0.044537559107574  5.04057338149685e-13  5.85075783837956e-13  5.16778568131835e-13  1.80750901418153e-14     0.185916106433211
TOTAL ENERGY: -126.999171239012	 lambda: -0.7	 population of target: 5.79468179268737
1RDM: 
      1.9999978304967  6.22063691438879e-06 -8.99882505120535e-05  0.000245895023718585 -0.000320013467646126 -7.82615882629827e-17 -6.96279134850959e-16  -8.1234590067566e-16  3.09470760708391e-16 -0.000458152776399114
 6.22063691438879e-06      1.99997051025318  3.81412602533185e-05  -0.00108707896902129 -0.000172211451106593  8.45660536906181e-16   3.4827190915492e-16 -7.00861223369486e-16 -1.30820697144955e-16  -0.00054731180516398
-8.99882505120535e-05  3.81412602533185e-05      1.99034053275449   0.00349270128350504   -0.0407572234717914 -3.58533332532999e-14 -3.89768219238043e-14 -3.73809288076809e-14 -6.51347306438239e-14   -0.0531596189037306
 0.000245895023718585  -0.00108707896902129   0.00349270128350504      1.95481379831529    0.0122051460197088  7.74392112772012e-15  6.05612056524676e-14  8.01914424801979e-14 -1.48565393568871e-13   -0.0769335460217724
-0.000320013467646126 -0.000172211451106593   -0.0407572234717914    0.0122051460197088      1.77790532432252 -1.80409877697256e-14 -1.48810501239374e-13 -4.15736148501478e-13 -2.34572903073433e-13   -0.0269493901073923
-7.82615882629827e-17  8.45660536906181e-16 -3.58533332532999e-14  7.74392112772012e-15 -1.80409877697256e-14      1.48675768141017   -0.0765692877752187     0.105906509458136    -0.384960658665411  1.27686258596861e-13
-6.96279134850959e-16   3.4827190915492e-16 -3.89768219238043e-14  6.05612056524676e-14 -1.48810501239374e-13   -0.0765692877752187      1.40770852255708    -0.387027494244868    -0.281126107438336  1.52363189273053e-13
 -8.1234590067566e-16 -7.00861223369486e-16 -3.73809288076809e-14  8.01914424801979e-14 -4.15736148501478e-13     0.105906509458136    -0.387027494244868     0.531448258571603    0.0774802957723142  3.17052002552161e-15
 3.09470760708391e-16 -1.30820697144955e-16 -6.51347306438239e-14 -1.48565393568871e-13 -2.34572903073433e-13    -0.384960658665411    -0.281126107438336    0.0774802957723142     0.606863163429599  2.17123297296716e-14
-0.000458152776399114  -0.00054731180516398   -0.0531596189037306   -0.0769335460217724   -0.0269493901073923  1.27686258596861e-13  1.52363189273053e-13  3.17052002552161e-15  2.17123297296716e-14     0.244194377889436
TOTAL ENERGY: -127.068932795606	 lambda: -0.6	 population of target: 5.90162683977259
1RDM: 
     1.99999786987198   5.8086245309368e-06 -9.59511599336521e-05  0.000236880674416135  -0.00038743824046307  8.08949706991609e-16  2.76785612376373e-15  1.78768791623041e-15 -4.62428509565592e-15 -0.000432444630316963
  5.8086245309368e-06      1.99997291652546  4.44159876049145e-05  -0.00101846182846367 -7.47319997022351e-05 -6.30191837416999e-15  -2.9626732403849e-15  6.54879267543052e-15  1.92064971968343e-15 -0.000653102527918314
-9.59511599336521e-05  4.44159876049145e-05      1.98953871980549   0.00422565277814969   -0.0474107790144613  1.44557073831056e-13 -2.24578864282329e-13 -4.56334594592434e-13  3.77598438544261e-13   -0.0504342841190577
 0.000236880674416135  -0.00101846182846367   0.00422565277814969        1.956079193249    0.0183641071723907 -6.86742282380937e-13 -2.58363887072445e-13 -3.73436338091986e-13   1.0886628309537e-12   -0.0846988093512993
 -0.00038743824046307 -7.47319997022351e-05   -0.0474107790144613    0.0183641071723907      1.73792565592482 -2.80436824150488e-13  1.58190098021671e-12  2.31010766618109e-12 -3.55753352293173e-12   -0.0521980101613791
 8.08949706991609e-16 -6.30191837416999e-15  1.44557073831056e-13 -6.86742282380937e-13 -2.80436824150488e-13      1.46774103814391   -0.0672022785154027    0.0848508283493206    -0.337771413167835 -1.84808054132311e-12
 2.76785612376373e-15  -2.9626732403849e-15 -2.24578864282329e-13 -2.58363887072445e-13  1.58190098021671e-12   -0.0672022785154027      1.39836225665169     -0.33977651762497    -0.254834655244481 -9.52410484150054e-13
 1.78768791623041e-15  6.54879267543052e-15 -4.56334594592434e-13 -3.73436338091986e-13  2.31010766618109e-12    0.0848508283493206     -0.33977651762497     0.548117691302656    0.0680018391487235 -5.33315516111781e-13
-4.62428509565592e-15  1.92064971968343e-15  3.77598438544261e-13   1.0886628309537e-12 -3.55753352293173e-12    -0.337771413167835    -0.254834655244481    0.0680018391487235     0.614306812066133  -9.2184306776255e-13
-0.000432444630316963 -0.000653102527918314   -0.0504342841190577   -0.0846988093512993   -0.0521980101613791 -1.84808054132311e-12 -9.52410484150054e-13 -5.33315516111781e-13  -9.2184306776255e-13     0.287957846458933
TOTAL ENERGY: -127.115629682592	 lambda: -0.5	 population of target: 5.98631276499611
1RDM: 
     1.99999798843691  5.43090472388789e-06 -9.29708857982821e-05   0.00022353834725857 -0.000402730073822066 -9.74029922446799e-16 -1.76573909657053e-15 -1.70415684642582e-15  1.19026616125851e-15 -0.000413217460069666
 5.43090472388789e-06      1.99997485869877  4.36357299277348e-05 -0.000954576083622994 -4.27935571215874e-05  1.85959192239601e-18 -7.90655652534109e-17 -1.24041865342795e-15 -9.75791803100226e-16 -0.000662986622051037
-9.29708857982821e-05  4.36357299277348e-05      1.98960362398995   0.00419460130439577   -0.0490171271927602  2.17699500646642e-14  6.08349402696023e-14  7.86223027545674e-14 -1.49599423284571e-13   -0.0496429233872902
  0.00022353834725857 -0.000954576083622994   0.00419460130439577      1.95796096595344     0.018401474738964  5.44847634859686e-13  1.11836818308805e-13  4.07554741650073e-14  -1.3699141637123e-13   -0.0877013811637154
-0.000402730073822066 -4.27935571215874e-05   -0.0490171271927602     0.018401474738964      1.72735903894983  -8.9220701600322e-13 -9.19045465167491e-13 -1.22704089934819e-12  4.73379943079933e-13    -0.102456490595164
-9.74029922446799e-16  1.85959192239601e-18  2.17699500646642e-14  5.44847634859686e-13  -8.9220701600322e-13       1.4504407896493   -0.0566386480249155    0.0602810170042603    -0.284544088077975  1.18029465594649e-12
-1.76573909657053e-15 -7.90655652534109e-17  6.08349402696023e-14  1.11836818308805e-13 -9.19045465167491e-13   -0.0566386480249155      1.39196778447048    -0.286499031210369    -0.226008747115769  5.02325585998788e-13
-1.70415684642582e-15 -1.24041865342795e-15  7.86223027545674e-14  4.07554741650073e-14 -1.22704089934819e-12    0.0602810170042603    -0.286499031210369     0.562801245449792    0.0573125207340364  8.58221613500807e-14
 1.19026616125851e-15 -9.75791803100226e-16 -1.49599423284571e-13  -1.3699141637123e-13  4.73379943079933e-13    -0.284544088077975    -0.226008747115769    0.0573125207340364     0.618585995272769  7.14007541547005e-13
-0.000413217460069666 -0.000662986622051037   -0.0496429233872902   -0.0877013811637154    -0.102456490595164  1.18029465594649e-12  5.02325585998788e-13  8.58221613500807e-14  7.14007541547005e-13     0.301307709128849
TOTAL ENERGY: -127.151000622368	 lambda: -0.4	 population of target: 6.06495810941532
1RDM: 
      1.9999981988149  4.97636377391377e-06 -8.13446671567991e-05  0.000203344581761518 -0.000365469938190885  -5.8221153176235e-15 -4.73893276451809e-15 -3.36216800487145e-15  1.16840019240712e-15 -0.000357538191504078
 4.97636377391377e-06      1.99997670410287  3.16736475024475e-05 -0.000882627379073647 -7.66926555592297e-05 -8.94657491873625e-15 -2.86842219909804e-15  3.99025484604044e-16 -4.01308246956371e-15 -0.000630604491982573
-8.13446671567991e-05  3.16736475024475e-05      1.99047269937837   0.00339113407916041   -0.0455529041286128  5.18181448244012e-13   3.8960236871608e-13  2.80853314901141e-13 -1.92724983094694e-13   -0.0463139741322569
 0.000203344581761518 -0.000882627379073647   0.00339113407916041      1.96076248593576    0.0129488953612318  2.42987502525111e-12  1.06746265553258e-13 -4.70658593520669e-13  6.41929783298927e-13   -0.0904318654988193
-0.000365469938190885 -7.66926555592297e-05   -0.0455529041286128    0.0129488953612318      1.74571168004757 -6.38294666490028e-12 -3.43589946868361e-12 -2.35771040720417e-12  9.16002733002209e-13     -0.15299792045943
 -5.8221153176235e-15 -8.94657491873625e-15  5.18181448244012e-13  2.42987502525111e-12 -6.38294666490028e-12      1.43436281910337   -0.0455147657810648    0.0339832428754661    -0.228488914653651  4.92484811319395e-12
-4.73893276451809e-15 -2.86842219909804e-15   3.8960236871608e-13  1.06746265553258e-13 -3.43589946868361e-12   -0.0455147657810648      1.38737394401075    -0.230400903643187    -0.196078968587618  1.64294741925713e-12
-3.36216800487145e-15  3.99025484604044e-16  2.80853314901141e-13 -4.70658593520669e-13 -2.35771040720417e-12    0.0339832428754661    -0.230400903643187     0.576144536993482    0.0460562992840443 -3.36597990915695e-13
 1.16840019240712e-15 -4.01308246956371e-15 -1.92724983094694e-13  6.41929783298927e-13  9.16002733002209e-13    -0.228488914653651    -0.196078968587618    0.0460562992840443     0.620973093372694  3.41627341860518e-12
-0.000357538191504078 -0.000630604491982573   -0.0463139741322569   -0.0904318654988193     -0.15299792045943  4.92484811319395e-12  1.64294741925713e-12 -3.36597990915695e-13  3.41627341860518e-12     0.284223838240295
TOTAL ENERGY: -127.182269071924	 lambda: -0.3	 population of target: 6.15477877792588
1RDM: 
     1.99999846434901  4.36830169352329e-06 -6.61522694048263e-05  0.000177485342084661 -0.000295139573319051 -1.47794078101843e-14 -6.80054307694249e-15 -2.07038313235357e-15 -3.68551490138885e-15 -0.000225925078314802
 4.36830169352329e-06      1.99997876099202   8.0232565357856e-06 -0.000796055710486603 -0.000158869271477404 -2.75206733977958e-14 -6.41851531800089e-15  7.04168920211119e-15 -8.86877905544929e-15 -0.000620723793537553
-6.61522694048263e-05   8.0232565357856e-06      1.99159889495861   0.00217870381085457   -0.0390874682034903  1.59524871381207e-12  7.14221648117279e-13  1.50768685584605e-13  2.19726061349939e-13   -0.0363172344172272
 0.000177485342084661 -0.000796055710486603   0.00217870381085457      1.96425470666455   0.00457438495222794  4.48746743692894e-12 -1.37235070203334e-13 -1.63061059533962e-12  2.47625178297913e-12   -0.0975720058041456
-0.000295139573319051 -0.000158869271477404   -0.0390874682034903   0.00457438495222794      1.78332924677338  -1.6559602453076e-11 -5.40017391329033e-12  -7.3000673295779e-13 -2.18054170823474e-12    -0.178385608737154
-1.47794078101843e-14 -2.75206733977958e-14  1.59524871381207e-12  4.48746743692894e-12  -1.6559602453076e-11      1.41748935434206   -0.0347800048243327    0.0088785741389488    -0.174397607958559  9.13331612233722e-12
-6.80054307694249e-15 -6.41851531800089e-15  7.14221648117279e-13 -1.37235070203334e-13 -5.40017391329033e-12   -0.0347800048243327      1.38158294350869    -0.176261895941008    -0.166922905319606  2.39368727806625e-12
-2.07038313235357e-15  7.04168920211119e-15  1.50768685584605e-13 -1.63061059533962e-12  -7.3000673295779e-13    0.0088785741389488    -0.176261895941008      0.59040131153226    0.0351938027874611 -1.97518314887049e-12
-3.68551490138885e-15 -8.86877905544929e-15  2.19726061349939e-13  2.47625178297913e-12 -2.18054170823474e-12    -0.174397607958559    -0.166922905319606    0.0351938027874611     0.624656972128961   7.4220240731484e-12
-0.000225925078314802 -0.000620723793537553   -0.0363172344172272   -0.0975720058041456    -0.178385608737154  9.13331612233722e-12  2.39368727806625e-12 -1.97518314887049e-12   7.4220240731484e-12     0.246709344750563
TOTAL ENERGY: -127.211700566224	 lambda: -0.2	 population of target: 6.27374661522074
1RDM: 
     1.99999868905015  3.56077170542539e-06 -5.82181453587651e-05  0.000150169275391022 -0.000236395417323037  -5.4075289996777e-16  -2.5233927928704e-16 -5.99543463939724e-16 -4.01137254847463e-16  1.07849334884326e-06
 3.56077170542539e-06      1.99998133757374 -2.47943047092353e-05  -0.00069132995715822 -0.000267026034322312  -8.3862240649325e-16 -2.85166195916222e-16  4.48034604834788e-16  -1.1240868644736e-16 -0.000705691864670662
-5.82181453587651e-05 -2.47943047092353e-05      1.99188150893171   0.00119675265879178   -0.0341298936277704  3.97672966334825e-14 -7.90788500086768e-15 -7.97057092447728e-14 -2.62456987905074e-14    -0.017526504034974
 0.000150169275391022  -0.00069132995715822   0.00119675265879178      1.96791320213753  -0.00314097162817616  1.15421281027964e-13 -6.53776175276309e-15 -3.45980792769927e-14  8.02487086924336e-14    -0.113086059446615
-0.000236395417323037 -0.000267026034322312   -0.0341298936277704  -0.00314097162817616      1.82181514140966 -5.37760025780937e-13  1.71233281250417e-13 -3.86754961339251e-13 -7.49851817735834e-13    -0.159235398771083
 -5.4075289996777e-16  -8.3862240649325e-16  3.97672966334825e-14  1.15421281027964e-13 -5.37760025780937e-13      1.39528282308584   -0.0251182594459878   -0.0123126232293853    -0.125729792016673  2.79404786224308e-13
 -2.5233927928704e-16 -2.85166195916222e-16 -7.90788500086768e-15 -6.53776175276309e-15  1.71233281250417e-13   -0.0251182594459878       1.3693510691859    -0.127517922798275    -0.139277158713612 -2.56373280660447e-14
-5.99543463939724e-16  4.48034604834788e-16 -7.97057092447728e-14 -3.45980792769927e-14 -3.86754961339251e-13   -0.0123126232293853    -0.127517922798275      0.61028581948926    0.0254171060901306 -1.01035477989656e-13
-4.01137254847463e-16  -1.1240868644736e-16 -2.62456987905074e-14  8.02487086924336e-14 -7.49851817735834e-13    -0.125729792016673    -0.139277158713612    0.0254171060901306     0.635025394546584  3.09345725949747e-13
 1.07849334884326e-06 -0.000705691864670662    -0.017526504034974    -0.113086059446615    -0.159235398771083  2.79404786224308e-13 -2.56373280660447e-14 -1.01035477989656e-13  3.09345725949747e-13     0.208465014589634
TOTAL ENERGY: -127.235024202898	 lambda: -0.1	 population of target: 6.43118654445145
1RDM: 
     1.99999873259331  2.61815838893996e-06  -7.1694042229571e-05  0.000129778846276753 -0.000257103531105149 -3.30250456519658e-15 -6.45422194216229e-16  3.40655586490361e-16 -1.96348575302439e-15  0.000295387820787283
 2.61815838893996e-06      1.99998458227437 -5.68800795796614e-05 -0.000574072473016225 -0.000362747179412577 -5.37740064720421e-15 -6.66536685289816e-16  2.21517863851567e-15 -1.78130489085415e-15 -0.000939655740812932
 -7.1694042229571e-05 -5.68800795796614e-05      1.98994126587949    0.0013344097641366   -0.0373909948521209  3.55371949114822e-13  5.23070499809475e-14 -1.55231584700508e-13  1.26231057950442e-13   0.00761584147181481
 0.000129778846276753 -0.000574072473016225    0.0013344097641366      1.97083037742997  -0.00567695188939255  5.67960983979375e-13 -6.09842244856007e-14 -3.32425011251682e-13  4.80517438491646e-13    -0.137772645839624
-0.000257103531105149 -0.000362747179412577   -0.0373909948521209  -0.00567695188939255      1.83141008276272 -3.19596266102148e-12  -2.4550397520029e-14  3.81425202561634e-13 -1.84376384853506e-12    -0.092828576726493
-3.30250456519658e-15 -5.37740064720421e-15  3.55371949114822e-13  5.67960983979375e-13 -3.19596266102148e-12      1.35995913508457   -0.0169400133397295   -0.0269471023154785   -0.0845735792706276  1.16552678041863e-12
-6.45422194216229e-16 -6.66536685289816e-16  5.23070499809475e-14 -6.09842244856007e-14  -2.4550397520029e-14   -0.0169400133397295      1.34247047982845   -0.0862193228533297    -0.112573313365843  1.52667381446572e-13
 3.40655586490361e-16  2.21517863851567e-15 -1.55231584700508e-13 -3.32425011251682e-13  3.81425202561634e-13   -0.0269471023154785   -0.0862193228533297     0.643694320739082    0.0171415633782891 -6.80339760547389e-13
-1.96348575302439e-15 -1.78130489085415e-15  1.26231057950442e-13  4.80517438491646e-13 -1.84376384853506e-12   -0.0845735792706276    -0.112573313365843    0.0171415633782891     0.660378939109399  1.37593153250901e-12
 0.000295387820787283 -0.000939655740812932   0.00761584147181481    -0.137772645839624    -0.092828576726493  1.16552678041863e-12  1.52667381446572e-13 -6.80339760547389e-13  1.37593153250901e-12     0.201332084298649
TOTAL ENERGY: -127.243781474847	 lambda: 0	 population of target: 6.60535706140436
1RDM: 
     1.99999852342544  1.80338808262569e-06 -0.000110586220995959  0.000126376055675636 -0.000395796550858568  1.54427861998013e-14  6.15350579321586e-16 -6.92460798026729e-15  9.10906857766219e-15  0.000569858742456822
 1.80338808262569e-06      1.99998803225169 -7.07614918842147e-05 -0.000469520188338102 -0.000386993027901291  2.37730278348216e-14 -6.45715600179906e-16 -1.04217728525266e-14  1.07261061119777e-14  -0.00128321905663754
-0.000110586220995959 -7.07614918842147e-05      1.98550534723149   0.00321220788082217    -0.052492450699422  -1.8035880375991e-12 -2.03449222017188e-13  5.61344433687798e-13 -9.64965389269059e-13    0.0310407502730988
 0.000126376055675636 -0.000469520188338102   0.00321220788082217      1.97187096612195  0.000375944584515867 -2.11646212500253e-12  3.75835573193937e-13   1.5946329228789e-12  -1.9135707419072e-12    -0.165594330859308
-0.000395796550858568 -0.000386993027901291    -0.052492450699422  0.000375944584515867      1.78773967668325   1.3494746652306e-11  4.75634381096379e-13 -5.51848908842241e-12  5.55009107214325e-12   -0.0059090777757185
 1.54427861998013e-14  2.37730278348216e-14  -1.8035880375991e-12 -2.11646212500253e-12   1.3494746652306e-11      1.30955884145948   -0.0107235716901297   -0.0333657332786137   -0.0533454229355989  -3.8667450826637e-12
 6.15350579321586e-16 -6.45715600179906e-16 -2.03449222017188e-13  3.75835573193937e-13  4.75634381096379e-13   -0.0107235716901297      1.29848796344421   -0.0547719466811692    -0.087569863996037 -2.53009902513053e-13
-6.92460798026729e-15 -1.04217728525266e-14  5.61344433687798e-13   1.5946329228789e-12 -5.51848908842241e-12   -0.0333657332786137   -0.0547719466811692     0.692698313607809    0.0108511586688514  3.14298800478642e-12
 9.10906857766219e-15  1.07261061119777e-14 -9.64965389269059e-13  -1.9135707419072e-12  5.55009107214325e-12   -0.0533454229355989    -0.087569863996037    0.0108511586688514     0.703260213129108 -5.63524862916735e-12
 0.000569858742456822  -0.00128321905663754    0.0310407502730988    -0.165594330859308   -0.0059090777757185  -3.8667450826637e-12 -2.53009902513053e-13  3.14298800478642e-12 -5.63524862916735e-12     0.250892122645627
TOTAL ENERGY: -127.236818000762	 lambda: 0.1	 population of target: 6.75202619442858
1RDM: 
     1.99999817274689  1.36527126658836e-06 -0.000158650062346524  0.000141019985578897 -0.000597137003642089 -1.63474416400111e-16  -4.2699873172187e-16  -3.1349096370438e-16 -2.87403118896103e-17  0.000754245885931543
 1.36527126658836e-06      1.99999081472929 -5.91087786443527e-05 -0.000403660122948526 -0.000317985736358222  2.93326681339275e-17 -2.66625166474748e-16  2.11219376480828e-17   2.6171073666739e-16  -0.00160332280020825
-0.000158650062346524 -5.91087786443527e-05      1.98034892067283   0.00632856400224181   -0.0735192188551679 -1.37384709390036e-14 -3.76137915799416e-14 -4.05400693237803e-14 -1.66676523630227e-14    0.0461992112065324
 0.000141019985578897 -0.000403660122948526   0.00632856400224181      1.97083154359656    0.0130050842338645  1.85976799272208e-14  3.00751946088042e-14 -2.62117205026982e-16  1.73731443513031e-15    -0.187660616124619
-0.000597137003642089 -0.000317985736358222   -0.0735192188551679    0.0130050842338645      1.70664718473766 -3.48200436851206e-14  2.96699712827522e-13 -3.94004847888551e-13 -5.70643174297676e-13    0.0638611108700372
-1.63474416400111e-16  2.93326681339275e-17 -1.37384709390036e-14  1.85976799272208e-14 -3.48200436851206e-14      1.25696702189765  -0.00668995637201133   -0.0335567003103889   -0.0331295286799973  6.69098002506811e-14
 -4.2699873172187e-16 -2.66625166474748e-16 -3.76137915799416e-14  3.00751946088042e-14  2.96699712827522e-13  -0.00668995637201133      1.25006039850776   -0.0343200585861748   -0.0673722174390623  1.08630944178686e-13
 -3.1349096370438e-16  2.11219376480828e-17 -4.05400693237803e-14 -2.62117205026982e-16 -3.94004847888551e-13   -0.0335567003103889   -0.0343200585861748     0.744434420100686   0.00676955249060482 -1.12049058745538e-13
-2.87403118896103e-17   2.6171073666739e-16 -1.66676523630227e-14  1.73731443513031e-15 -5.70643174297676e-13   -0.0331295286799973   -0.0673722174390623   0.00676955249060482     0.751023513193019 -2.05500884220595e-14
 0.000754245885931543  -0.00160332280020825    0.0461992112065324    -0.187660616124619    0.0638611108700372  6.69098002506811e-14  1.08630944178686e-13 -1.12049058745538e-13 -2.05500884220595e-14     0.339698009817675
TOTAL ENERGY: -127.222102202246	 lambda: 0.2	 population of target: 6.85255491194412
1RDM: 
     1.99999783536077   1.2785244994929e-06 -0.000198486504586941  0.000165353815095668  -0.00077850430981981  -1.4095954216886e-16 -5.46659058308291e-16 -1.94508733354462e-16  1.17611328315221e-16  0.000862256026292002
  1.2785244994929e-06      1.99999261491947 -3.19475066261463e-05  -0.00037473115215501 -0.000195434100006088  7.88314150602068e-17 -1.45897488137923e-16 -8.62730086953418e-17   2.2443306974799e-16  -0.00181942929598578
-0.000198486504586941 -3.19475066261463e-05       1.9762420451657   0.00966180188093442   -0.0919415920794246 -1.75216193292465e-14 -5.14636984640593e-14 -2.73924991578818e-14 -6.00296769726303e-15    0.0543863816855995
 0.000165353815095668  -0.00037473115215501   0.00966180188093442      1.96866029496777    0.0270998968281609  1.72574317312399e-14  4.16170186980167e-14   -9.793682135139e-15 -9.41563684177222e-15    -0.201551333943742
 -0.00077850430981981 -0.000195434100006088   -0.0919415920794246    0.0270998968281609       1.6260696030249 -1.29622873309658e-14  2.81300936927471e-13 -3.45051952038986e-13 -4.94928152291718e-13     0.105943896846285
 -1.4095954216886e-16  7.88314150602068e-17 -1.75216193292465e-14  1.72574317312399e-14 -1.29622873309658e-14      1.21579371484344  -0.00436088093047718   -0.0315071091074407   -0.0214820197249491  5.37423245758805e-14
-5.46659058308291e-16 -1.45897488137923e-16 -5.14636984640593e-14  4.16170186980167e-14  2.81300936927471e-13  -0.00436088093047718      1.21129159749194   -0.0224853294420898   -0.0535499288998632  1.31359675320158e-13
-1.94508733354462e-16 -8.62730086953418e-17 -2.73924991578818e-14   -9.793682135139e-15 -3.45051952038986e-13   -0.0315071091074407   -0.0224853294420898      0.78514904628323    0.0044127659237957 -1.21993537243661e-13
 1.17611328315221e-16   2.2443306974799e-16 -6.00296769726303e-15 -9.41563684177222e-15 -4.94928152291718e-13   -0.0214820197249491   -0.0535499288998632    0.0044127659237957     0.789444180550413 -5.88829649990487e-14
 0.000862256026292002  -0.00181942929598578    0.0543863816855995    -0.201551333943742     0.105943896846285  5.37423245758805e-14  1.31359675320158e-13 -1.21993537243661e-13 -5.88829649990487e-14     0.427359067392367
TOTAL ENERGY: -127.206094403841	 lambda: 0.3	 population of target: 6.91749625731101
1RDM: 
     1.99999756699169  1.39366420377704e-06 -0.000225774335014663  0.000192454133340398 -0.000908709712109359  -1.6571662465499e-16 -6.58221554288781e-16 -1.03208926501821e-16  1.88882659583466e-16  0.000939012649366069
 1.39366420377704e-06      1.99999368623513 -3.85130506131217e-07 -0.000366521304857718 -6.05039880552609e-05  6.32387188915059e-17  -4.7940867185223e-17 -1.70584710363283e-16  1.30346613707611e-16  -0.00193955013434228
-0.000225774335014663 -3.85130506131217e-07      1.97355148054224    0.0127081602225841    -0.104612419919583 -1.58128247761297e-14 -5.85545998425592e-14  -1.8996832852228e-14  4.55364773271547e-15    0.0598135438146176
 0.000192454133340398 -0.000366521304857718    0.0127081602225841      1.96624859181451    0.0398083327873881  1.95539855904759e-14  5.31804587445511e-14 -1.85010073024225e-14 -1.55448031167978e-14    -0.209920632034612
-0.000908709712109359 -6.05039880552609e-05    -0.104612419919583    0.0398083327873881      1.56575668334134 -2.17279900038304e-14  2.53829943064256e-13 -3.04025812657001e-13 -4.55479999806791e-13     0.130731659004401
 -1.6571662465499e-16  6.32387188915059e-17 -1.58128247761297e-14  1.95539855904759e-14 -2.17279900038304e-14      1.18897477602717  -0.00304110878672588   -0.0296470344459875   -0.0148901869701379  5.09606415015779e-14
-6.58221554288781e-16  -4.7940867185223e-17 -5.85545998425592e-14  5.31804587445511e-14  2.53829943064256e-13  -0.00304110878672588      1.18583517503743   -0.0157709253386381   -0.0450188350447811  1.47048425123833e-13
-1.03208926501821e-16 -1.70584710363283e-16  -1.8996832852228e-14 -1.85010073024225e-14 -3.04025812657001e-13   -0.0296470344459875   -0.0157709253386381     0.811734530178097   0.00307729119645154 -1.26943698731939e-13
 1.88882659583466e-16  1.30346613707611e-16  4.55364773271547e-15 -1.55448031167978e-14 -4.55479999806791e-13   -0.0148901869701379   -0.0450188350447811   0.00307729119645154      0.81472978975537 -7.11668696323531e-14
 0.000939012649366069  -0.00193955013434228    0.0598135438146176    -0.209920632034612     0.130731659004401  5.09606415015779e-14  1.47048425123833e-13 -1.26943698731939e-13 -7.11668696323531e-14     0.493177720077065
TOTAL ENERGY: -127.190535773421	 lambda: 0.4	 population of target: 6.96227555925495
1RDM: 
     1.99999735791687  1.60568113283861e-06 -0.000242989121478283  0.000219857405132745 -0.000991746234061303 -1.79913476117194e-16 -7.31706698032238e-16 -3.49570666159305e-17  2.40192601016958e-16   0.00101547063000084
 1.60568113283861e-06      1.99999433784185  3.05849788342925e-05 -0.000366734931549389  7.04772482154583e-05   5.6303929879162e-17  6.05939803331286e-17  -2.4435573487587e-16  4.44025303970886e-17  -0.00199421580829294
-0.000242989121478283  3.05849788342925e-05       1.9719593625325    0.0154317388705483    -0.111972095392669 -1.53599192805616e-14 -6.33846569572606e-14 -1.40048468252394e-14  1.01855699606582e-14    0.0653530721509469
 0.000219857405132745 -0.000366734931549389    0.0154317388705483      1.96399159933364    0.0506994427571318  2.05687799450187e-14  5.92648807301338e-14 -2.27281993918345e-14 -2.01912185225918e-14    -0.215500594794484
-0.000991746234061303  7.04772482154583e-05    -0.111972095392669    0.0506994427571318      1.52797613214646 -2.68301229174162e-14  2.30027317669891e-13 -2.71856071629988e-13 -4.21807523801633e-13     0.149431510484754
-1.79913476117194e-16   5.6303929879162e-17 -1.53599192805616e-14  2.05687799450187e-14 -2.68301229174162e-14      1.17414687563646  -0.00225087734119021   -0.0287763276409888   -0.0109403755699128  4.62461596876446e-14
-7.31706698032238e-16  6.05939803331286e-17 -6.33846569572606e-14  5.92648807301338e-14  2.30027317669891e-13  -0.00225087734119021      1.17182309892856   -0.0117534563110217   -0.0401537714008688  1.52766096050287e-13
-3.49570666159305e-17  -2.4435573487587e-16 -1.40048468252394e-14 -2.27281993918345e-14 -2.71856071629988e-13   -0.0287763276409888   -0.0117534563110217     0.826447346622117   0.00227765785546359 -1.25561096389885e-13
 2.40192601016958e-16  4.44025303970886e-17  1.01855699606582e-14 -2.01912185225918e-14 -4.21807523801633e-13   -0.0109403755699128   -0.0401537714008688   0.00227765785546359     0.828664288712017 -7.61730464359165e-14
  0.00101547063000084  -0.00199421580829294    0.0653530721509469    -0.215500594794484     0.149431510484754  4.62461596876446e-14  1.52766096050287e-13 -1.25561096389885e-13 -7.61730464359165e-14     0.534999600329519
TOTAL ENERGY: -127.174382561059	 lambda: 0.5	 population of target: 6.99825155820451
1RDM: 
     1.99999718205744  1.86552895256603e-06 -0.000253437410483114  0.000247483917367375  -0.00103908988483446 -1.83821310995271e-16 -7.52707355671641e-16 -3.10802551994333e-18  2.59521303436197e-16   0.00110869305239713
 1.86552895256603e-06      1.99999476311512  5.94731213371366e-05 -0.000369051232316002  0.000195796465081674  6.45357169166029e-17  1.60671654122751e-16 -2.98458680097707e-16 -4.34874101393154e-17   -0.0020047774869819
-0.000253437410483114  5.94731213371366e-05      1.97108222966013    0.0179491792950851     -0.11513920122111 -1.58490133674407e-14 -6.64582951007848e-14 -1.12168513302992e-14  1.13208836242993e-14    0.0726041693230337
 0.000247483917367375 -0.000369051232316002    0.0179491792950851      1.96199992369984      0.06023655953439  2.03062161145397e-14  7.42766433376521e-14 -3.52144600439377e-14 -3.00235385170833e-14    -0.219891317842116
 -0.00103908988483446  0.000195796465081674     -0.11513920122111      0.06023655953439      1.50991276258296 -1.98997155548838e-14  2.45509844017141e-13 -2.77729077852066e-13 -4.29681673863078e-13     0.169498788814824
-1.83821310995271e-16  6.45357169166029e-17 -1.58490133674407e-14  2.03062161145397e-14 -1.98997155548838e-14      1.16890985310008  -0.00172471361478759   -0.0291187840689789  -0.00829957939525202  4.97931139163121e-14
-7.52707355671641e-16  1.60671654122751e-16 -6.64582951007848e-14  7.42766433376521e-14  2.45509844017141e-13  -0.00172471361478759       1.1671292801393   -0.0090893675234677    -0.037836652613753  1.84710255588918e-13
-3.10802551994333e-18 -2.98458680097707e-16 -1.12168513302992e-14 -3.52144600439377e-14 -2.77729077852066e-13   -0.0291187840689789   -0.0090893675234677     0.831636661650663   0.00174523403266882 -1.52449345183726e-13
 2.59521303436197e-16 -4.34874101393154e-17  1.13208836242993e-14 -3.00235385170833e-14 -4.29681673863078e-13  -0.00829957939525202    -0.037836652613753   0.00174523403266882     0.833335373255317 -1.11568629341958e-13
  0.00110869305239713   -0.0020047774869819    0.0726041693230337    -0.219891317842116     0.169498788814824  4.97931139163121e-14  1.84710255588918e-13 -1.52449345183726e-13 -1.11568629341958e-13     0.556001970739183
TOTAL ENERGY: -127.154792852076	 lambda: 0.6	 population of target: 7.03381645095975
1RDM: 
     1.99999700996552  2.15264114929293e-06 -0.000259998064188307  0.000276157066456289  -0.00106121546865442 -1.84300705595239e-16 -9.13150796026411e-16  9.48978618334429e-17   2.8362101739891e-16   0.00123088331185965
 2.15264114929293e-06      1.99999505948883  8.55331783232864e-05 -0.000370456767244383  0.000318387203700882  1.42197590082127e-17  2.07504231856634e-16 -3.25066170746908e-16 -3.90432738281368e-17   -0.0019811485177789
-0.000259998064188307  8.55331783232864e-05      1.97057909922861    0.0203991784792147    -0.115010384483141 -1.85841499886081e-14 -6.61076087225377e-14 -3.33037091354958e-15  1.98584271313423e-14    0.0827837431707141
 0.000276157066456289 -0.000370456767244383    0.0203991784792147      1.96028735743981    0.0690642275924676  3.62061242983712e-14  3.53956153043971e-14  9.00045887233625e-15 -2.12256036403856e-14    -0.223930999351155
 -0.00106121546865442  0.000318387203700882    -0.115010384483141    0.0690642275924676      1.50897892966124 -5.12130847007558e-14  -4.9565425846121e-15 -7.42780437192716e-14 -2.69614669126664e-13      0.19661220673277
-1.84300705595239e-16  1.42197590082127e-17 -1.85841499886081e-14  3.62061242983712e-14 -5.12130847007558e-14      1.17223089092812  -0.00130797140266516   -0.0308766618103462  -0.00619041881992356  2.73148075511487e-14
-9.13150796026411e-16  2.07504231856634e-16 -6.61076087225377e-14  3.53956153043971e-14  -4.9565425846121e-15  -0.00130797140266516      1.17088055751462  -0.00699683011475358   -0.0374880272227853  1.11290426794581e-15
 9.48978618334429e-17 -3.25066170746908e-16 -3.33037091354958e-15  9.00045887233625e-15 -7.42780437192716e-14   -0.0308766618103462  -0.00699683011475358     0.828315867885523   0.00132353352569211  6.21565638570438e-14
  2.8362101739891e-16 -3.90432738281368e-17  1.98584271313423e-14 -2.12256036403856e-14 -2.69614669126664e-13  -0.00619041881992356   -0.0374880272227853   0.00132353352569211     0.829604119873983  6.17353551703415e-14
  0.00123088331185965   -0.0019811485177789    0.0827837431707141    -0.223930999351155      0.19661220673277  2.73148075511487e-14  1.11290426794581e-15  6.21565638570438e-14  6.17353551703415e-14     0.559131108013757
TOTAL ENERGY: -127.126450492407	 lambda: 0.7	 population of target: 7.07725788348302
1RDM: 
     1.99999680426031  2.45479810508509e-06 -0.000265769004780938  0.000307077558467856  -0.00106862151011964 -2.05292312621264e-16 -8.07321624514802e-16  5.58044743287771e-17  2.57269280890785e-16   0.00139502056396247
 2.45479810508509e-06      1.99999526266651  0.000107062442161345  -0.00036932535401951  0.000440925314066398  5.88283604650245e-17  3.53402281407447e-16 -4.01821430724046e-16 -2.07948565018804e-16  -0.00192456728424237
-0.000265769004780938  0.000107062442161345      1.97005022698479    0.0229173963054371    -0.112341830316594 -1.75403275491873e-14 -6.59223121415575e-14 -9.19803234360211e-15  7.43361847663998e-15    0.0973261750256005
 0.000307077558467856  -0.00036932535401951    0.0229173963054371       1.9588548691701    0.0778523818155298  2.17025979304061e-14  8.46211737773656e-14 -4.06514992344258e-14 -3.93155835885885e-14    -0.228045486722057
 -0.00106862151011964  0.000440925314066398    -0.112341830316594    0.0778523818155298       1.5234701935685 -2.89641726785226e-14  2.24649067766867e-13 -2.71329248395753e-13 -4.41542085142817e-13     0.236945786556104
-2.05292312621264e-16  5.88283604650245e-17 -1.75403275491873e-14  2.17025979304061e-14 -2.89641726785226e-14      1.18450960623981 -0.000877280735410471   -0.0344539015484475  -0.00398991104689832  5.02850634024589e-14
-8.07321624514802e-16  3.53402281407447e-16 -6.59223121415575e-14  8.46211737773656e-14  2.24649067766867e-13 -0.000877280735410471       1.1836039126686  -0.00485503549716132   -0.0388882727015632  2.28399312565701e-13
 5.58044743287771e-17 -4.01821430724046e-16 -9.19803234360211e-15 -4.06514992344258e-14 -2.71329248395753e-13   -0.0344539015484475  -0.00485503549716132     0.816085346867893  0.000887718600283501 -1.71426451851441e-13
 2.57269280890785e-16 -2.07948565018804e-16  7.43361847663998e-15 -3.93155835885885e-14 -4.41542085142817e-13  -0.00398991104689832   -0.0388882727015632  0.000887718600283501     0.816949401037855  -1.4351657785405e-13
  0.00139502056396247  -0.00192456728424237    0.0973261750256005    -0.228045486722057     0.236945786556104  5.02850634024589e-14  2.28399312565701e-13 -1.71426451851441e-13  -1.4351657785405e-13     0.546484376535699
TOTAL ENERGY: -127.079438459099	 lambda: 0.8	 population of target: 7.13965247718694
1RDM: 
     1.99999650756674  2.75229409582708e-06 -0.000275614789233227  0.000341577648812154  -0.00107732486424775 -3.85019594111823e-16 -5.01254949565358e-16 -1.21131793580859e-16  3.69302243923253e-16   0.00161636358984536
 2.75229409582708e-06      1.99999536032039  0.000119675004939116 -0.000364469099434805  0.000561745619225252  1.59447404075503e-16  9.15399025240684e-16 -1.27558249478308e-15 -8.17995869759709e-16  -0.00182937665996091
-0.000275614789233227  0.000119675004939116      1.96881562514019    0.0256340546928475    -0.108333387833435   4.2433796911102e-15 -1.80314847761168e-14 -1.01404711422426e-13 -9.36111218653838e-14     0.118151208309291
 0.000341577648812154 -0.000364469099434805    0.0256340546928475      1.95773011262326    0.0872971455747208 -6.53222376917929e-14  2.05641579577057e-13 -1.97172627890703e-13 -4.16307524052416e-14    -0.232317606505283
 -0.00107732486424775  0.000561745619225252    -0.108333387833435    0.0872971455747208      1.55068108820314  -7.4617510277553e-14  1.82623090495109e-12 -1.75642716372922e-12 -1.40305276693985e-12     0.298636163553898
-3.85019594111823e-16  1.59447404075503e-16   4.2433796911102e-15 -6.53222376917929e-14  -7.4617510277553e-14      1.20722563854879  -0.00027369366727366   -0.0405617349911532 -0.000893105622397184  3.52150754741387e-14
-5.01254949565358e-16  9.15399025240684e-16 -1.80314847761168e-14  2.05641579577057e-13  1.82623090495109e-12  -0.00027369366727366      1.20694308053797  -0.00186633466853941   -0.0419451678727006  1.88568172659901e-12
-1.21131793580859e-16 -1.27558249478308e-15 -1.01404711422426e-13 -1.97172627890703e-13 -1.75642716372922e-12   -0.0405617349911532  -0.00186633466853941     0.793483017278062  0.000276950035139537  -1.9137557118373e-12
 3.69302243923253e-16 -8.17995869759709e-16 -9.36111218653838e-14 -4.16307524052416e-14 -1.40305276693985e-12 -0.000893105622397184   -0.0419451678727006  0.000276950035139537     0.793752584717291 -1.34901677446379e-12
  0.00161636358984536  -0.00182937665996091     0.118151208309291    -0.232317606505283     0.298636163553898  3.52150754741387e-14  1.88568172659901e-12  -1.9137557118373e-12 -1.34901677446379e-12     0.521376985064207
TOTAL ENERGY: -126.996994846971	 lambda: 0.9	 population of target: 7.23623019144641
1RDM: 
     1.99999603165712  2.99936629337232e-06 -0.000298398616259414  0.000380514689093094  -0.00111828697290889   4.4075954907026e-16 -1.14627876206345e-15  4.52667563635828e-16 -5.44849987463035e-16   0.00190469961832072
 2.99936629337232e-06      1.99999529390845  0.000114436939224091 -0.000354921794563889  0.000668433872131692 -2.51113867789564e-17 -8.06614465718654e-16  3.26985354080785e-15  1.13498106891054e-15  -0.00168673727708063
-0.000298398616259414  0.000114436939224091      1.96559779966577    0.0286494770007763    -0.105856204212475 -1.05569498826549e-13 -3.32242260855594e-13  4.29813914396991e-13  3.85784682926761e-13     0.147052372165607
 0.000380514689093094 -0.000354921794563889    0.0286494770007763      1.95698120281141    0.0980453282118559  2.83961738688569e-13  -4.7928274167567e-14   2.5862282093308e-13 -1.69645683976017e-13    -0.236242538007063
 -0.00111828697290889  0.000668433872131692    -0.105856204212475    0.0980453282118559      1.58149787800541   5.6689821052062e-13 -5.42401094368685e-12   5.1081216321215e-12  2.41366147392903e-12     0.390332749681476
  4.4075954907026e-16 -2.51113867789564e-17 -1.05569498826549e-13  2.83961738688569e-13   5.6689821052062e-13      1.24129449358723  0.000769890618294643   -0.0500810938566337    0.0044488842684153  5.42549610478791e-13
-1.14627876206345e-15 -8.06614465718654e-16 -3.32242260855594e-13  -4.7928274167567e-14 -5.42401094368685e-12  0.000769890618294643       1.2420893183475   0.00331330175123839   -0.0461895601268436 -5.69385287702131e-12
 4.52667563635828e-16  3.26985354080785e-15  4.29813914396991e-13   2.5862282093308e-13   5.1081216321215e-12   -0.0500810938566337   0.00331330175123839     0.759630252921642 -0.000779050536875967  6.18879443698609e-12
-5.44849987463035e-16  1.13498106891054e-15  3.85784682926761e-13 -1.69645683976017e-13  2.41366147392903e-12    0.0044488842684153   -0.0461895601268436 -0.000779050536875967     0.758871969498526  3.56614758354063e-12
  0.00190469961832072  -0.00168673727708063     0.147052372165607    -0.236242538007063     0.390332749681476  5.42549610478791e-13 -5.69385287702131e-12  6.18879443698609e-12  3.56614758354063e-12      0.49404575959697
TOTAL ENERGY: -126.861700239648	 lambda: 1	 population of target: 7.37825489447506
1RDM: 
     1.99999528903493  3.11960756961027e-06 -0.000346471907479511  0.000422798179894329  -0.00123980174824045 -1.61723480583317e-16 -8.99488139150449e-16  1.99628932204498e-16  1.21898794434686e-16   0.00223553981035486
 3.11960756961027e-06      1.99999499105159  8.04542253078199e-05 -0.000341049306777481  0.000734524320368705  6.71730977952663e-17  4.68838865184714e-16  2.21607774188566e-16 -2.86943675016748e-16  -0.00150090746550853
-0.000346471907479511  8.04542253078199e-05       1.9586385662701    0.0319580233656511    -0.110513271204295 -3.34348593491683e-14 -1.31437141416985e-13  8.57723717895349e-14  5.90005775595995e-14      0.18260087745527
 0.000422798179894329 -0.000341049306777481    0.0319580233656511       1.9566272230055     0.110309859435936  5.26232453901358e-14  1.23878004768825e-13 -4.14999515115767e-14  -9.1006460751725e-14     -0.23845177399987
 -0.00123980174824045  0.000734524320368705    -0.110513271204295     0.110309859435936      1.59301862797958  1.40696668553235e-13 -6.57686778940255e-13  5.29251719101884e-13  -2.0708991926483e-13     0.510294660943193
-1.61723480583317e-16  6.71730977952663e-17 -3.34348593491683e-14  5.26232453901358e-14  1.40696668553235e-13      1.28221594040901   0.00263280895713093   -0.0631066701018156    0.0139381764572981   2.4400236395321e-13
-8.99488139150449e-16  4.68838865184714e-16 -1.31437141416985e-13  1.23878004768825e-13 -6.57686778940255e-13   0.00263280895713093      1.28493401854269    0.0126063755703484   -0.0497986835999686 -5.04516559049438e-13
 1.99628932204498e-16  2.21607774188566e-16  8.57723717895349e-14 -4.14999515115767e-14  5.29251719101884e-13   -0.0631066701018156    0.0126063755703484     0.719069325239322  -0.00266413346461962  7.36796259470719e-13
 1.21898794434686e-16 -2.86943675016748e-16  5.90005775595995e-14  -9.1006460751725e-14  -2.0708991926483e-13    0.0139381764572981   -0.0497986835999686  -0.00266413346461962     0.716476208871122  1.57748742197665e-13
  0.00223553981035486  -0.00150090746550853      0.18260087745527     -0.23845177399987     0.510294660943193   2.4400236395321e-13 -5.04516559049438e-13  7.36796259470719e-13  1.57748742197665e-13      0.48902980959615
-------------------general-----------------------
mullikenoperator: 
   0.0196910872020825    -0.138967357132616   0.00206335041510251  -0.00135169380539444  -0.00144247957254611  2.11282251149535e-17 -8.77014177970078e-16  4.57390510772224e-16  9.22858130352951e-16 -0.000651870582405646
   -0.138967357132616     0.980132527005984   -0.0117965284339294   -0.0029649752078906   0.00525479249009917  2.07672486153048e-16  3.62296531178986e-15 -1.74614595432497e-15 -2.65995139918737e-15  -0.00135942165522466
  0.00206335041510251   -0.0117965284339294    0.0431032716307359    -0.126124622275356    0.0607810656556975 -3.42613758583796e-15  5.68636217698324e-14   4.5873475228488e-15 -4.14776838111395e-14     0.170467082747813
 -0.00135169380539444   -0.0029649752078906    -0.126124622275356     0.925746765430739     0.210429423338598  2.09989536675263e-14  1.59490889029367e-13 -9.79957858883046e-14 -1.26428652446461e-13     -0.11105453816413
 -0.00144247957254611   0.00525479249009917    0.0607810656556975     0.210429423338598     0.318270219293736  8.36774808384876e-14  1.18632040131534e-13 -2.39168458460132e-13 -1.75143732830903e-13     0.416360254596148
 2.11282251149536e-17  2.07672486153047e-16 -3.42613758583797e-15  2.09989536675263e-14  8.36774808384875e-14     0.481027764999299    0.0868746857780879    -0.224724221317575     0.438005601231058  6.06444823494829e-14
-8.77014177970077e-16  3.62296531178986e-15  5.68636217698324e-14  1.59490889029367e-13  1.18632040131534e-13    0.0868746857780879     0.570716081947414     0.437883805130231     0.214398780351405  2.75280869996151e-13
 4.57390510772223e-16 -1.74614595432497e-15  4.58734752284879e-15 -9.79957858883047e-14 -2.39168458460132e-13    -0.224724221317575     0.437883805130231     0.516910542244056   -0.0879083056680443 -1.68103798012946e-13
  9.2285813035295e-16 -2.65995139918737e-15 -4.14776838111395e-14 -1.26428652446461e-13 -1.75143732830903e-13     0.438005601231058     0.214398780351405   -0.0879083056680443     0.431345610809232 -2.42068207312728e-13
-0.000651870582405646  -0.00135942165522466     0.170467082747813     -0.11105453816413     0.416360254596148  6.06444823494829e-14  2.75280869996151e-13 -1.68103798012946e-13 -2.42068207312728e-13     0.713056129436726
selected BF: 
0 1 2 3 4
selected lambdas: 
  -1 -0.9 -0.8 -0.7 -0.6 -0.5 -0.4 -0.3 -0.2 -0.1    0  0.1  0.2  0.3  0.4  0.5  0.6  0.7  0.8  0.9    1
RHF C: 
  0.00019345430787137     0.995190069352645   -0.0614085816191857     -0.24821755463334    0.0554690138980775  1.94852757749873e-15   1.0413529417112e-14 -4.29957404662302e-15 -2.13681336109795e-14    0.0195326449376979
 -0.00106941262728274    0.0197251032343798     0.232964466071502     0.979660618624943    -0.235383950190055 -8.36145245838223e-15 -4.47117109061059e-14  1.86060092558811e-14  9.24898688890147e-14   -0.0853050547511731
 2.59169952693797e-17 -3.13103066645586e-18 -2.15023719836319e-16 -1.10934576224231e-16 -7.28736186095233e-16     0.700289114936776    -0.143083719242426     0.684235104130339    -0.148231856936034 -4.96002548598165e-15
  2.1718024832729e-16  1.95917906837305e-16  1.68982569494744e-14  4.94688379497171e-15  4.24913221342035e-14     0.143083719242379     0.700289114936839     0.148231856936081     0.684235104130274  3.78865163141244e-13
 -0.00134436563904147  0.000718661509659683    0.0585558726999111   0.00486181769755239     0.320300700043562  9.45458979814828e-14  4.98804059344985e-13 -2.78454563165092e-15 -1.76525715229534e-14    -0.963421843840825
    0.995184533575745  0.000247801872694058    -0.249055300724381    0.0789743554422416    0.0176324549645022  4.06598439144291e-15  2.14397973842777e-14  6.16325814101839e-17  9.25720871585002e-17   -0.0334733960213253
   0.0196424773296808   -0.0012044993274876     0.971160313210455    -0.324871779680327   -0.0768585728206606 -1.88813215733868e-14 -9.97369428075058e-14  -3.4335649739902e-16 -6.59630014750939e-16     0.162088637592453
 2.77106397390827e-18  -6.0843135184221e-19   1.1371142255363e-16   4.1546314153901e-16  9.39291929144952e-15     0.663140385547471    -0.135493456516901    -0.720122552083967     0.156006469812208 -2.78651190189234e-15
 8.02882866158801e-17  5.13989612767084e-17 -1.26053503669198e-14 -2.13609142142058e-14 -5.90210374742755e-13      0.13549345651695     0.663140385547405    -0.156006469812163    -0.720122552084028  1.73189169459806e-13
-0.000649181826507176   0.00131764551480857   -0.0645142313700236    -0.126664424363508    -0.897304351999724 -2.95311769156772e-14 -1.59552122132754e-13  9.20050849123542e-14  4.58840026433395e-13    -0.453564410217769
RDM (no constraint): 
     1.99999955185379  6.49787739335898e-08  -3.2348088460568e-05  1.29566567060666e-05  -0.00017152790523877 -1.82882153816567e-17 -1.29208476618674e-16  3.75485446484244e-18  4.84426074895222e-17 -5.53507834944092e-05
 6.49787739335898e-08      1.99999655445324 -3.37852571927018e-05 -0.000192101598916341 -3.82819063598225e-05 -1.15647939316686e-17 -6.09623445003047e-17 -1.66824170422367e-17 -8.45480463437051e-17 -0.000211003088469676
 -3.2348088460568e-05 -3.37852571927018e-05       1.9953544559822  -0.00179176616827149   -0.0313123248197052 -1.30984826686263e-15 -6.87731995356811e-15 -1.91722452136083e-15 -9.31929665042933e-15   -0.0208929056505482
 1.29566567060666e-05 -0.000192101598916341  -0.00179176616827149      1.98413524948539  -0.00947568061691612    6.172646868416e-15  3.29376014625467e-14 -1.70472240713256e-15 -9.35396788985467e-15   -0.0781641642129847
 -0.00017152790523877 -3.82819063598225e-05   -0.0313123248197052  -0.00947568061691612      1.72329446964015  4.42222811828085e-14  2.36157823482717e-13 -7.94545857682505e-14 -3.98988654695322e-13    -0.285144780464784
-1.82882153816567e-17 -1.15647939316686e-17 -1.30984826686263e-15    6.172646868416e-15  4.42222811828085e-14       1.3099984799076  4.00323984932072e-15   -0.0616601197725729  0.000727326047312313  5.37151816423805e-14
-1.29208476618674e-16 -6.09623445003047e-17 -6.87731995356811e-15  3.29376014625467e-14  2.36157823482717e-13  4.00323984932072e-15      1.30999847990757 -0.000727326047284173   -0.0616601197726624  2.83917090540489e-13
 3.75485446484244e-18 -1.66824170422367e-17 -1.91722452136083e-15 -1.70472240713256e-15 -7.94545857682505e-14   -0.0616601197725729 -0.000727326047284173     0.692004185875414 -3.80217464781467e-15  3.08881427667314e-14
 4.84426074895222e-17 -8.45480463437051e-17 -9.31929665042933e-15 -9.35396788985467e-15 -3.98988654695322e-13  0.000727326047312313   -0.0616601197726624 -3.80217464781467e-15     0.692004185875437  1.54441266515787e-13
-5.53507834944092e-05 -0.000211003088469676   -0.0208929056505482   -0.0781641642129847    -0.285144780464784  5.37151816423805e-14  2.83917090540489e-13  3.08881427667314e-14  1.54441266515787e-13     0.293214387019215
RDM Eigenvectors: 
    0.989983551105656    -0.140338895005848   -0.0153685073798094 -0.000927042989263731 -0.000714323965653173 -4.17215030471344e-17 -1.16389731005733e-16 -3.00220482057726e-17 -1.76227682786195e-17  4.90128279127091e-05
    0.140160665076673     0.989943045964159   -0.0120129306073452    0.0149474754149946  1.37316615111672e-05 -3.38744832288191e-17 -1.65323896223508e-16 -9.62646336392281e-17  -4.8518345574787e-17  0.000126494471772805
  -0.0168876709726008   -0.0112662350843399    -0.986081234113565     0.111988292908567    -0.120267208069781  -6.1641123862567e-16 -1.25792922106214e-15 -1.85736751431217e-14 -8.27288878751035e-15    0.0150365940205874
 0.000711051963628011   -0.0137513491267441     0.110489479964543      0.99245356713582    0.0250195834993186  4.97156180630294e-15  1.13552786710589e-14 -1.63266950017073e-14 -7.11513034547953e-15    0.0448598611274294
  0.00135904741272649   0.00123960418420979     0.121969634536272   0.00248399125681991     -0.97446831442781  1.69211711712766e-13  3.81391627125429e-13 -3.78576251216854e-13 -1.67475973115143e-13     0.188481719501767
 8.47769629572097e-17 -6.50943947714337e-17  1.02333140004574e-14  5.47301678785795e-15 -8.05707534564538e-14    -0.968203226778465     0.230030453135379    0.0225567480666264   -0.0957062976128483 -5.92361710852396e-14
 4.54888994697783e-16  2.06617914634093e-17  5.45647890853077e-14  2.94724286184923e-14 -4.31569371727245e-13     -0.23003045313538     -0.96820322677845    -0.095706297613001    -0.022556748066613  -3.1356450556658e-13
 -6.4162002683081e-17 -3.91213260472089e-17  -6.9406523766973e-15  -3.0354000487607e-15  8.19284390966242e-14      0.09592703530375   -0.0215987542217909     0.216849549045018    -0.971240325971318  -4.1748482506406e-14
-3.05137496239315e-16 -2.17012089987776e-16 -3.51379475031001e-14 -1.58078205922696e-14  4.11269374319989e-13    0.0215987542217796    0.0959270353039029    -0.971240325971303    -0.216849549045019 -2.07720274667712e-13
-0.000102322313005944  0.000442743070834435   -0.0133709115793459   -0.0475823779172762     0.187938321886613 -1.56073117264357e-13 -3.49991694215412e-13 -1.51896379722828e-13  -6.7613341340818e-14     0.980936346920857
Total C: 
   -0.138337156983241     0.982239306940255    0.0151636784834273     -0.26455042494092   -0.0572438977773087 -5.22095762809504e-15 -5.03462832311387e-14  2.46529706411033e-14  3.44715176585145e-14    0.0426574986775833
 -0.00815144437176872    0.0312076834091892    -0.093189262622757     0.988019809748395     0.244166814919402  2.11408882010457e-14  2.11264125055321e-13 -1.05946131145304e-13   -1.453597189453e-13    -0.177637179864765
-7.11834474971238e-19 -5.79219992192715e-17 -1.15218655122805e-14 -8.63436628024267e-15 -1.70534913243667e-13    -0.681314952455418   -0.0846956836255114     0.362611919557751    -0.631012938755349 -1.58122853079073e-13
-1.92544776537538e-16 -2.42474942253282e-17 -2.49113307860859e-14  2.62078155022903e-14  1.52662456051374e-13   -0.0395882760959355    -0.740556634611144    -0.633812489736372    -0.222077742084813   4.2960891858736e-14
 -0.00261219800249906 -0.000225218229511032    -0.110190028030515   -0.0239210822511689    -0.486557110109195  5.67153533856566e-14 -3.36826748416546e-13  8.08790442800403e-14  3.86141268264846e-13    -0.885872554478047
    0.988921702007414     0.143899395045382     0.234999888799693     0.050504155200463   -0.0523195941666084 -4.82267300575862e-16 -2.96243069194371e-14  4.11750794377174e-15  2.34684916180311e-14   -0.0300508679082783
   0.0050534995722467    -0.014942329517149    -0.982662114706702     -0.20973832403142     0.223117280804686  1.46754281193714e-16  1.26726519360391e-13 -1.79102739703296e-14 -1.03772231145893e-13     0.147024294809461
 8.22926567842419e-19   6.6096627599677e-17  1.06091707015394e-14  1.29403988818906e-14  2.97365606314206e-13     -0.70439670690747    0.0440439830784397    -0.241138444228874     0.666907650213668  4.17696961497497e-14
 6.50427086859617e-16 -1.56191996064948e-16   9.1560325266825e-14 -1.37161056511374e-14  1.06170078405972e-12    0.0867585462239223    -0.642047857679734     0.664256608983263     0.374217606312386 -1.20704436782666e-13
 0.000900050090764736  2.54010032583957e-05     0.150523683800725    -0.175652302282539     0.780723400024012  4.78621242292444e-14  6.64333738337311e-13 -4.78826267798303e-13 -4.75351677397943e-13     -0.60666543139251
Basis set used: STO-3G
Naturals: 
 1.99999989241831  1.99999945592843  1.99914406661644  1.98765396222846  1.77466683392479  1.31609137754165  1.31609137754165 0.685911288241364 0.685911288241359 0.234530457317569
Version: Tmhuysen's fci hack
