TOTAL ENERGY: -126.68977228206	 lambda: -1	 population of target: 5.23975011638567
1RDM: 
     1.99998187250734  1.13921241286208e-05 -0.000949368982291388  0.000907510763702716 -0.000360046416675756  7.01803393391501e-14  8.09911289580931e-14 -9.76998951286627e-14 -4.66385955213737e-14    0.0047889135494281
 1.13921241286208e-05      1.99996562735554 -1.78114118885316e-05  -0.00123308663700091 -0.000563162933201243  3.40508878928457e-14  3.34328548256021e-14  6.33230013388881e-14 -2.83722149668493e-13  3.09665163088412e-05
-0.000949368982291388 -1.78114118885316e-05      1.93360359176204    0.0322911376238123   -0.0411096577567929   1.1324520459261e-12  6.75566486187208e-12 -4.34844217350597e-12  1.46778555993357e-11     0.324352560268179
 0.000907510763702716  -0.00123308663700091    0.0322911376238123      1.93627054941048   0.00142518516278546 -7.76311620110887e-12 -4.99020667211224e-13 -5.58421581561113e-12  3.46844622169423e-11    -0.154832745989875
-0.000360046416675756 -0.000563162933201243   -0.0411096577567929   0.00142518516278546      1.91731150638753  8.29585373425035e-12  1.14412515043386e-11 -4.45633863702319e-11  -1.6463335542587e-11    0.0986621123193034
 7.01803393391501e-14  3.40508878928457e-14   1.1324520459261e-12 -7.76311620110887e-12  8.29585373425035e-12      1.88010549946793  1.00532648685361e-05 -1.26610770576659e-05   -0.0369078919268925  -1.4400108284769e-11
 8.09911289580931e-14  3.34328548256021e-14  6.75566486187208e-12 -4.99020667211224e-13  1.14412515043386e-11  1.00532648685361e-05      1.74184580054306     0.471360806084117   0.00027325805989771 -1.76361612445093e-11
-9.76998951286627e-14  6.33230013388881e-14 -4.34844217350597e-12 -5.58421581561113e-12 -4.45633863702319e-11 -1.26610770576659e-05     0.471360806084117     0.282974156709426  8.09374761346601e-05 -6.54141913715188e-12
-4.66385955213737e-14 -2.83722149668493e-13  1.46778555993357e-11  3.46844622169423e-11  -1.6463335542587e-11   -0.0369078919268925   0.00027325805989771  8.09374761346601e-05     0.144714551366863 -9.74699805963439e-12
   0.0047889135494281  3.09665163088412e-05     0.324352560268179    -0.154832745989875    0.0986621123193034  -1.4400108284769e-11 -1.76361612445093e-11 -6.54141913715188e-12 -9.74699805963439e-12     0.163226844489793
TOTAL ENERGY: -126.806503077818	 lambda: -0.9	 population of target: 5.36266179663937
1RDM: 
      1.9999833683087  1.02642587395352e-05 -0.000857018130703911  0.000817772221692311  -0.00032511146365872  2.42620719676515e-14  8.86011932637878e-14 -1.09480620358356e-13  1.02888553394667e-13   0.00454905546940301
 1.02642587395352e-05      1.99996769473948 -5.14293634405925e-05   -0.0011433211971687 -0.000545667396016494  1.33783514082403e-14  4.43805236539376e-14   2.5145849461098e-14  1.19392863310953e-13  0.000155748373886063
-0.000857018130703911 -5.14293634405925e-05      1.93993691858708    0.0276447195652848   -0.0379307538516087  4.43081850514151e-12  5.53978608762274e-12 -1.88878079381368e-12  -7.0300277594496e-12      0.30514279070476
 0.000817772221692311   -0.0011433211971687    0.0276447195652848      1.94198468039826  -8.9682516666766e-05  1.75844003170035e-12 -2.29591824230274e-12 -3.91592000662876e-12 -9.88600475179082e-12    -0.140209910102354
 -0.00032511146365872 -0.000545667396016494   -0.0379307538516087  -8.9682516666766e-05       1.9209473589244 -3.10510798880373e-12  1.24676077461326e-11 -5.36002739177984e-11  6.32446817614838e-11    0.0834979518273779
 2.42620719676515e-14  1.33783514082403e-14  4.43081850514151e-12  1.75844003170035e-12 -3.10510798880373e-12       1.8568563181937  7.85251538026121e-06  1.74504264878573e-05    -0.082157009183441 -1.37629645266931e-11
 8.86011932637878e-14  4.43805236539376e-14  5.53978608762274e-12 -2.29591824230274e-12  1.24676077461326e-11  7.85251538026121e-06      1.74887226317602     0.421474886241078  0.000240763538803905 -1.83935304840667e-11
-1.09480620358356e-13   2.5145849461098e-14 -1.88878079381368e-12 -3.91592000662876e-12 -5.36002739177984e-11  1.74504264878573e-05     0.421474886241078      0.27429519675454  6.32144470353136e-05 -6.38930283304953e-12
 1.02888553394667e-13  1.19392863310953e-13  -7.0300277594496e-12 -9.88600475179082e-12  6.32446817614838e-11    -0.082157009183441  0.000240763538803905  6.32144470353136e-05     0.166311215093725  6.99590542215661e-12
  0.00454905546940301  0.000155748373886063      0.30514279070476    -0.140209910102354    0.0834979518273779 -1.37629645266931e-11 -1.83935304840667e-11 -6.38930283304953e-12  6.99590542215661e-12     0.150844985824128
TOTAL ENERGY: -126.91433799723	 lambda: -0.8	 population of target: 5.48955913144955
1RDM: 
     1.99998480875379  9.14564376851007e-06 -0.000769130034580733   0.00072940630576197 -0.000295457057910576  4.45116758290983e-14  6.50695831693881e-14 -6.69446608136756e-14  6.51270817449125e-15   0.00428415596990094
 9.14564376851007e-06      1.99996979696431 -8.25579387586489e-05   -0.0010538067709217 -0.000522167228360641  2.10143356040385e-14   2.6842073403215e-14  7.16623698395853e-14 -7.99507062970238e-14  0.000292408235957855
-0.000769130034580733 -8.25579387586489e-05      1.94589162165848     0.023197170877883   -0.0353362250648981  2.46891003599054e-12  6.81213407034202e-12 -4.54730743776843e-12   4.7277803876657e-12      0.28361625477368
  0.00072940630576197   -0.0010538067709217     0.023197170877883      1.94763832764763   -0.0011550359585758 -2.49768750323113e-12  1.88324982317336e-13 -9.45766145819277e-12  1.19392798335389e-11    -0.123526394385853
-0.000295457057910576 -0.000522167228360641   -0.0353362250648981   -0.0011550359585758      1.92156459478092  2.52460635021623e-12  4.99522664892975e-12 -4.38161149797267e-11   1.6288002290835e-11    0.0618334442681854
 4.45116758290983e-14  2.10143356040385e-14  2.46891003599054e-12 -2.49768750323113e-12  2.52460635021623e-12      1.83279231690716  5.79943968332624e-06  4.51576211207742e-05    -0.123607179423792 -1.30891513208407e-11
 6.50695831693881e-14   2.6842073403215e-14  6.81213407034202e-12  1.88324982317336e-13  4.99522664892975e-12  5.79943968332624e-06      1.75304086189816     0.374209867351108  0.000210079332161804  -1.9730173217125e-11
-6.69446608136756e-14  7.16623698395853e-14 -4.54730743776843e-12 -9.45766145819277e-12 -4.38161149797267e-11  4.51576211207742e-05     0.374209867351108     0.268503185403302  4.66852440732673e-05 -2.76843061369026e-12
 6.51270817449125e-15 -7.99507062970238e-14   4.7277803876657e-12  1.19392798335389e-11   1.6288002290835e-11    -0.123607179423792  0.000210079332161804  4.66852440732673e-05     0.188751784514156 -1.84920318484408e-12
  0.00428415596990094  0.000292408235957855      0.28361625477368    -0.123526394385853    0.0618334442681854 -1.30891513208407e-11  -1.9730173217125e-11 -2.76843061369026e-12 -1.84920318484408e-12     0.141862701472116
TOTAL ENERGY: -127.010908295418	 lambda: -0.7	 population of target: 5.61832216375425
1RDM: 
     1.99998611663167  8.08301678894411e-06 -0.000692027437119374  0.000647645002187923 -0.000285971280736041  5.13269751109903e-14  7.25787008856689e-14 -7.83140745695008e-14 -5.55351016849725e-14   0.00400734115133316
 8.08301678894411e-06         1.99997187756   -0.0001089780195981 -0.000967849937813273 -0.000489702540484442  2.12474907365264e-14  3.70189486222396e-14   3.6554368447882e-14 -1.59067577220825e-13  0.000437482488511458
-0.000692027437119374   -0.0001089780195981      1.95094449113188    0.0193356544914113   -0.0344220090413652  1.65478985495322e-12  5.67646510483953e-12 -1.98240216488081e-12  1.06089931224815e-11     0.261193096292878
 0.000647645002187923 -0.000967849937813273    0.0193356544914113      1.95288963674738 -0.000955886316289964 -3.92098113506147e-12 -1.39469872034578e-12 -8.26587775073959e-12   2.0046571647038e-11    -0.105527610416936
-0.000285971280736041 -0.000489702540484442   -0.0344220090413652 -0.000955886316289964      1.91768875983645  4.22510605959633e-12  5.96776420341252e-12 -5.18705309798555e-11 -8.91620520472647e-12    0.0386303144664655
 5.13269751109903e-14  2.12474907365264e-14  1.65478985495322e-12 -3.92098113506147e-12  4.22510605959633e-12      1.80712822569864  3.84711815972962e-06  7.10606662244604e-05    -0.162161054113935  -1.2679071698547e-11
 7.25787008856689e-14  3.70189486222396e-14  5.67646510483953e-12 -1.39469872034578e-12  5.96776420341252e-12  3.84711815972962e-06      1.75422868788757     0.328387068188722  0.000180450158238058 -1.98724798945974e-11
-7.83140745695008e-14   3.6554368447882e-14 -1.98240216488081e-12 -8.26587775073959e-12 -5.18705309798555e-11  7.10606662244604e-05     0.328387068188722     0.265680223773932  3.09650984054648e-05 -2.35161160888585e-12
-5.55351016849725e-14 -1.59067577220825e-13  1.06089931224815e-11   2.0046571647038e-11 -8.91620520472647e-12    -0.162161054113935  0.000180450158238058  3.09650984054648e-05     0.212780721659102 -5.51314402144992e-12
  0.00400734115133316  0.000437482488511458     0.261193096292878    -0.105527610416936    0.0386303144664655  -1.2679071698547e-11 -1.98724798945974e-11 -2.35161160888585e-12 -5.51314402144992e-12     0.138701259073414
TOTAL ENERGY: -127.093771264592	 lambda: -0.6	 population of target: 5.74576950267479
1RDM: 
     1.99998727390897  7.11385363346942e-06 -0.000627268351158205  0.000575225443147057 -0.000299956168926858   5.7448822789443e-14  6.72345725490588e-14 -6.24762278021398e-14 -1.38821923958055e-13   0.00373487330044277
 7.11385363346942e-06      1.99997387586895 -0.000129534831049793 -0.000887923959634623 -0.000450055999477746  1.90896671914045e-14  3.40076094538877e-14  3.70042527708736e-14 -2.41866384680573e-13   0.00058049154065038
-0.000627268351158205 -0.000129534831049793      1.95496937119602     0.016221252420532   -0.0353096935519869   9.9347561984148e-13   5.7646660908091e-12 -1.78938217228209e-12   1.7821287018966e-11     0.239498599043199
 0.000575225443147057 -0.000887923959634623     0.016221252420532      1.95754493619065  0.000600249987630962 -5.37926728573393e-12  -1.3456161534946e-12 -9.98892762175099e-12  2.76264974201288e-11   -0.0875725506563472
-0.000299956168926858 -0.000450055999477746   -0.0353096935519869  0.000600249987630962      1.91036972392409  5.09771048913539e-12   3.1793472441468e-12 -5.12669574832904e-11 -3.93139409347747e-11    0.0192460841863285
  5.7448822789443e-14  1.90896671914045e-14   9.9347561984148e-13 -5.37926728573393e-12  5.09771048913539e-12      1.77904238612142  1.94011852625485e-06  9.58610077438912e-05    -0.198863225564835 -1.27506928469836e-11
 6.72345725490588e-14  3.40076094538877e-14   5.7646660908091e-12  -1.3456161534946e-12   3.1793472441468e-12  1.94011852625485e-06      1.75236548252298     0.282689959576385   0.00015102931546845 -2.04487450714699e-11
-6.24762278021398e-14  3.70042527708736e-14 -1.78938217228209e-12 -9.98892762175099e-12 -5.12669574832904e-11  9.58610077438912e-05     0.282689959576385     0.265859157763012  1.56165995428003e-05 -7.43608037432977e-13
-1.38821923958055e-13 -2.41866384680573e-13   1.7821287018966e-11  2.76264974201288e-11 -3.93139409347747e-11    -0.198863225564835   0.00015102931546845  1.56165995428003e-05     0.239182271961645 -9.09811351129268e-12
  0.00373487330044277   0.00058049154065038     0.239498599043199   -0.0875725506563472    0.0192460841863285 -1.27506928469836e-11 -2.04487450714699e-11 -7.43608037432977e-13 -9.09811351129268e-12     0.140705520542255
TOTAL ENERGY: -127.162173373466	 lambda: -0.5	 population of target: 5.87008841781212
1RDM: 
     1.99998832922473  6.23690373808577e-06  -0.00057132513485053  0.000510722892942194 -0.000328598904626657  9.78912830141668e-14  6.08523009644759e-14 -4.16303665182034e-14 -5.96293727644336e-13   0.00347749834228407
 6.23690373808577e-06      1.99997576873067 -0.000145264439516469 -0.000813737374473413 -0.000409184928115878  1.09452975562295e-14  2.88952570349424e-14   4.1825053268249e-14 -7.43267698459941e-13  0.000710686647688429
 -0.00057132513485053 -0.000145264439516469      1.95824427359662    0.0137063129185166   -0.0371988180184592 -2.04543195154956e-12  6.09406580841183e-12 -2.00634907506702e-12  6.04089126409603e-11      0.21951163685308
 0.000510722892942194 -0.000813737374473413    0.0137063129185166      1.96168709599167   0.00287668742740257 -1.48092258613566e-11 -1.24508776167718e-12 -1.19308502128701e-11  7.25479141470737e-11    -0.070867257003865
-0.000328598904626657 -0.000409184928115878   -0.0371988180184592   0.00287668742740257      1.90250769422643  9.56196474667197e-12 -1.65072642752576e-13 -4.94660213787079e-11 -2.04587845948904e-10   0.00698700944833407
 9.78912830141668e-14  1.09452975562295e-14 -2.04543195154956e-12 -1.48092258613566e-11  9.56196474667197e-12      1.74780496301426  2.57929415838665e-08  0.000120273388127282    -0.234749399670709 -1.75344971029195e-11
 6.08523009644759e-14  2.88952570349424e-14  6.09406580841183e-12 -1.24508776167718e-12 -1.65072642752576e-13  2.57929415838665e-08      1.74745118636432     0.235861072318024  0.000121005280095156 -2.13198999122322e-11
-4.16303665182034e-14   4.1825053268249e-14 -2.00634907506702e-12 -1.19308502128701e-11 -4.94660213787079e-11  0.000120273388127282     0.235861072318024     0.269007001707682   2.0712632044843e-07    8.205399536145e-13
-5.96293727644336e-13 -7.43267698459941e-13  6.04089126409603e-11  7.25479141470737e-11 -2.04587845948904e-10    -0.234749399670709  0.000121005280095156   2.0712632044843e-07     0.268653225195991 -2.90684726370579e-11
  0.00347749834228407  0.000710686647688429      0.21951163685308    -0.070867257003865   0.00698700944833407 -1.75344971029195e-11 -2.13198999122322e-11    8.205399536145e-13 -2.90684726370579e-11     0.144680461947665
TOTAL ENERGY: -127.217095671163	 lambda: -0.4	 population of target: 5.99211785823021
1RDM: 
     1.99998936773905  5.41024917269228e-06 -0.000518275139392749  0.000449535400583782 -0.000357328137735747  1.91935474515287e-14  8.40633862714989e-14 -8.70823072448437e-14  2.01152491791032e-13    0.0032343849730834
 5.41024917269228e-06      1.99997758580476 -0.000158938506457753 -0.000742267322867214 -0.000374069922125494  2.02639908365676e-14  5.14369403749864e-14 -1.84869871946137e-14  1.77579486556669e-13  0.000823311709379102
-0.000518275139392749 -0.000158938506457753      1.96120678427946    0.0114497158922045   -0.0389690712342943  3.39492373884908e-12  4.02987757774098e-12  3.20814248536696e-12 -1.62195226484414e-11     0.201087347674697
 0.000449535400583782 -0.000742267322867214    0.0114497158922045      1.96561778407033   0.00492391063110633  2.51610712262371e-12 -4.03897866786659e-12 -9.27123315429291e-12 -1.10007880043508e-11   -0.0558267778716001
-0.000357328137735747 -0.000374069922125494   -0.0389690712342943   0.00492391063110633      1.89713503665498  8.08367359417916e-14  4.09763302725525e-12  -6.6514384163992e-11  8.58531151042397e-11   0.00185132730496881
 1.91935474515287e-14  2.02639908365676e-14  3.39492373884908e-12  2.51610712262371e-12  8.08367359417916e-14       1.7125872747226 -1.92096109232786e-06  0.000144543826786121    -0.270156806270342  -7.1476582862122e-12
 8.40633862714989e-14  5.14369403749864e-14  4.02987757774098e-12 -4.03897866786659e-12  4.09763302725525e-12 -1.92096109232786e-06      1.73900269757746     0.187151725223857  8.99151854504333e-05 -2.18040546876779e-11
-8.70823072448437e-14 -1.84869871946137e-14  3.20814248536696e-12 -9.27123315429291e-12  -6.6514384163992e-11  0.000144543826786121     0.187151725223857     0.275587975128402 -1.54639756775525e-05  -4.6270365664755e-13
 2.01152491791032e-13  1.77579486556669e-13 -1.62195226484414e-11 -1.10007880043508e-11  8.58531151042397e-11    -0.270156806270342  8.99151854504333e-05 -1.54639756775525e-05         0.30200338009  7.22110559415795e-12
   0.0032343849730834  0.000823311709379102     0.201087347674697   -0.0558267778716001   0.00185132730496881  -7.1476582862122e-12 -2.18040546876779e-11  -4.6270365664755e-13  7.22110559415795e-12     0.146892113932997
TOTAL ENERGY: -127.25997988874	 lambda: -0.3	 population of target: 6.11469633960792
1RDM: 
     1.99999046333605  4.57648129982924e-06 -0.000463527130151529  0.000386700175806334  -0.00037422030607988  6.18175054344933e-14  6.83574014959315e-14 -4.66206489081875e-14 -5.45089078169677e-13   0.00299231894344339
 4.57648129982924e-06      1.99997938861816 -0.000173507736914028 -0.000669706510011631 -0.000349123711503086  2.77227315521197e-15  3.77252318878565e-14  8.12990480631648e-15 -5.67728718839706e-13  0.000921908747598513
-0.000463527130151529 -0.000173507736914028      1.96414420450537   0.00913211016688895   -0.0398856545791163  2.20483913594351e-14  5.13885280006774e-12  1.17505410035037e-12  5.11662381030355e-11     0.183020667978022
 0.000386700175806334 -0.000669706510011631   0.00913211016688895      1.96966123589843   0.00601454038367977 -1.24452924052057e-11 -3.20646537227612e-12 -1.24566624838142e-11  4.89089119695991e-11   -0.0418738853640896
 -0.00037422030607988 -0.000349123711503086   -0.0398856545791163   0.00601454038367977      1.89575327297835  1.11267802732749e-12 -2.30294208699643e-12  -5.9364344416023e-11 -1.64954537815811e-10  0.000665935049464346
 6.18175054344933e-14  2.77227315521197e-15  2.20483913594351e-14 -1.24452924052057e-11  1.11267802732749e-12      1.67249354194516 -3.86653929334878e-06  0.000168008675157347    -0.303999855434283 -1.50957594166398e-11
 6.83574014959315e-14  3.77252318878565e-14  5.13885280006774e-12 -3.20646537227612e-12 -2.30294208699643e-12 -3.86653929334878e-06      1.72566297579822     0.136925756641245  5.80509207213845e-05 -2.34113814816837e-11
-4.66206489081875e-14  8.12990480631648e-15  1.17505410035037e-12 -1.24566624838142e-11  -5.9364344416023e-11  0.000168008675157347     0.136925756641245     0.286974243017398 -3.11262554894017e-05  1.96762665803693e-12
-5.45089078169677e-13 -5.67728718839706e-13  5.11662381030355e-11  4.89089119695991e-11 -1.64954537815811e-10    -0.303999855434283  5.80509207213845e-05 -3.11262554894017e-05     0.340143640948904 -2.26149029994827e-11
  0.00299231894344339  0.000921908747598513     0.183020667978022   -0.0418738853640896  0.000665935049464346 -1.50957594166398e-11 -2.34113814816837e-11  1.96762665803693e-12 -2.26149029994827e-11     0.145197032953999
TOTAL ENERGY: -127.291437460892	 lambda: -0.2	 population of target: 6.24066929817864
1RDM: 
      1.9999916335184  3.69864374458169e-06 -0.000406812301287242  0.000320026372568153  -0.00037650774440805  6.96810316129644e-14  6.44429391040186e-14 -3.47658011482896e-14 -9.52446429095593e-13   0.00273056561113976
 3.69864374458169e-06      1.99998123025069 -0.000190429072682162 -0.000593978120340957 -0.000334099000845496 -4.29563398645922e-16  3.62200554333499e-14  6.93504217157033e-15 -9.24620299770507e-13   0.00101637194863047
-0.000406812301287242 -0.000190429072682162      1.96697880473362   0.00665213602897389   -0.0400596971067566 -1.06820044923982e-12  5.15984621366974e-12  1.49312288931263e-12   8.6158113924947e-11     0.163580486287986
 0.000320026372568153 -0.000593978120340957   0.00665213602897389      1.97395097936607   0.00602173774625226 -2.07116567349665e-11 -3.62201057476794e-12 -1.36098996085106e-11  7.14847414059306e-11   -0.0277105945488625
 -0.00037650774440805 -0.000334099000845496   -0.0400596971067566   0.00602173774625226      1.89747187281638 -5.64716939553579e-14 -5.78530233127379e-12 -6.00154734707388e-11 -2.82156088193932e-10  -0.00169860915871867
 6.96810316129644e-14 -4.29563398645922e-16 -1.06820044923982e-12 -2.07116567349665e-11 -5.64716939553579e-14      1.62707508887649 -5.70887943904197e-06  0.000189022613437579    -0.333695747392734  -1.7226673090267e-11
 6.44429391040186e-14  3.62200554333499e-14  5.15984621366974e-12 -3.62201057476794e-12 -5.78530233127379e-12 -5.70887943904197e-06      1.70557920631232    0.0870126527079822  2.66714664944425e-05 -2.45972436609261e-11
-3.47658011482896e-14  6.93504217157033e-15  1.49312288931263e-12 -1.36098996085106e-11 -6.00154734707388e-11  0.000189022613437579    0.0870126527079822     0.305084389229255 -4.59575258908344e-05  3.51438721807545e-12
-9.52446429095593e-13 -9.24620299770507e-13   8.6158113924947e-11  7.14847414059306e-11 -2.82156088193932e-10    -0.333695747392734  2.66714664944425e-05 -4.59575258908344e-05     0.383588451887427 -3.84363429503571e-11
  0.00273056561113976   0.00101637194863047     0.163580486287986   -0.0277105945488625  -0.00169860915871867  -1.7226673090267e-11 -2.45972436609261e-11  3.51438721807545e-12 -3.84363429503571e-11     0.140298343009393
TOTAL ENERGY: -127.310901163312	 lambda: -0.1	 population of target: 6.3706005616447
1RDM: 
      1.9999928157343  2.79128614481594e-06  -0.00035305776959119  0.000252194822635656 -0.000372691117607652  2.89065075011864e-14   6.1728348147501e-14 -2.74242769579869e-14 -2.35114160998879e-16   0.00243070624820079
 2.79128614481594e-06      1.99998311684608  -0.00020849410180112  -0.00051653051029073 -0.000323924975564141  1.51879944524638e-14  3.68795335773284e-14  1.09424501392699e-15 -1.82775349208712e-14   0.00111761593262382
 -0.00035305776959119  -0.00020849410180112      1.96926155267002   0.00422165686127131   -0.0404600234370231  2.03060143490251e-12  4.98302252757494e-12  2.28469306590088e-12   9.6195204050218e-13     0.141364629612849
 0.000252194822635656  -0.00051653051029073   0.00422165686127131      1.97830320664387   0.00551364606341255 -1.65348420141809e-12 -4.23360075776146e-12 -1.43448095098889e-11    5.383743065811e-12   -0.0119839179356851
-0.000372691117607652 -0.000323924975564141   -0.0404600234370231   0.00551364606341255      1.89926997341418 -3.81771663028728e-13 -9.05722839727703e-12 -6.14078516393071e-11  1.52598918024932e-11   -0.0102720155298822
 2.89065075011864e-14  1.51879944524638e-14  2.03060143490251e-12 -1.65348420141809e-12 -3.81771663028728e-13      1.57713183568559 -7.30752207524075e-06  0.000205550513409375    -0.356135104217054 -7.40781781400296e-12
  6.1728348147501e-14  3.68795335773284e-14  4.98302252757494e-12 -4.23360075776146e-12 -9.05722839727703e-12 -7.30752207524075e-06      1.67761742995078    0.0403796111008506 -2.26024990612451e-06 -2.52292188824914e-11
-2.74242769579869e-14  1.09424501392699e-15  2.28469306590088e-12 -1.43448095098889e-11 -6.14078516393071e-11  0.000205550513409375    0.0403796111008506     0.331164777984534 -5.88258755570648e-05  5.19037462388654e-12
-2.35114160998879e-16 -1.82775349208712e-14   9.6195204050218e-13    5.383743065811e-12  1.52598918024932e-11    -0.356135104217054 -2.26024990612451e-06 -5.88258755570648e-05     0.431650304473637 -1.72415154134735e-12
  0.00243070624820079   0.00111761593262382     0.141364629612849   -0.0119839179356851   -0.0102720155298822 -7.40781781400296e-12 -2.52292188824914e-11  5.19037462388654e-12 -1.72415154134735e-12     0.135624986597076
TOTAL ENERGY: -127.317458306463	 lambda: 0	 population of target: 6.50147420653312
1RDM: 
     1.99999388807523  1.92982630545805e-06 -0.000309845141487681  0.000190380765563879 -0.000377838449710127  2.62962910683708e-14  6.30537586413773e-14 -2.73700740507381e-14  1.25928378616655e-14   0.00208758441169953
 1.92982630545805e-06      1.99998498969887 -0.000223748905772279 -0.000442415214304571 -0.000310263482581741  1.48220543276194e-14  4.12840221858919e-14 -1.27068192829251e-14 -5.88161876403984e-16   0.00123054027349827
-0.000309845141487681 -0.000223748905772279      1.97045028456263   0.00228863257426116   -0.0423331599267678  1.98266650658507e-12  4.48099827436504e-12  3.85664978739934e-12  -8.0279336919182e-13     0.116096975312098
 0.000190380765563879 -0.000442415214304571   0.00228863257426116      1.98225803773326   0.00549492534637914 -1.47070653032472e-12 -5.12406682804171e-12 -1.45869293802165e-11   4.2505612807015e-12   0.00588822501049199
-0.000377838449710127 -0.000310263482581741   -0.0423331599267678   0.00549492534637914      1.89754914431005 -1.44710898339369e-12  -1.1437047291401e-11 -6.36770227679637e-11   1.8718984992292e-11   -0.0277228686051198
 2.62962910683708e-14  1.48220543276194e-14  1.98266650658507e-12 -1.47070653032472e-12 -1.44710898339369e-12      1.52525228862729 -8.55043779531964e-06  0.000216289110031249    -0.369462851256724 -6.45484047559789e-12
 6.30537586413773e-14  4.12840221858919e-14  4.48099827436504e-12 -5.12406682804171e-12  -1.1437047291401e-11 -8.55043779531964e-06      1.64282963307244  1.71695734534461e-08 -2.68679772058465e-05 -2.50345542017891e-11
-2.73700740507381e-14 -1.27068192829251e-14  3.85664978739934e-12 -1.45869293802165e-11 -6.36770227679637e-11  0.000216289110031249  1.71695734534461e-08     0.364290199967496 -6.88315148702726e-05  6.75911816482292e-12
 1.25928378616655e-14 -5.88161876403984e-16  -8.0279336919182e-13   4.2505612807015e-12   1.8718984992292e-11    -0.369462851256724 -2.68679772058465e-05 -6.88315148702726e-05     0.481867465106781 -1.76986783713258e-12
  0.00208758441169953   0.00123054027349827     0.116096975312098   0.00588822501049199   -0.0277228686051198 -6.45484047559789e-12 -2.50345542017891e-11  6.75911816482292e-12 -1.76986783713258e-12     0.135524068846013
TOTAL ENERGY: -127.31120869367	 lambda: 0.1	 population of target: 6.62772397602573
1RDM: 
     1.99999473588834  1.22262620438508e-06 -0.000282239232618387  0.000142774132991247 -0.000403225829309891  2.39563760637954e-14  5.46058057018578e-14 -6.19471464545977e-15  1.35036823688282e-14   0.00171318778111465
 1.22262620438508e-06      1.99998674368667 -0.000231118162473488 -0.000378149906188075 -0.000284569573327331    1.395599393239e-14  3.67347086635754e-14 -9.19818525742548e-15  6.97631516310428e-15   0.00134960210476314
-0.000282239232618387 -0.000231118162473488      1.97034268867752   0.00128542371952626   -0.0462641997569557  1.94317980728301e-12  4.75314874130521e-12  3.89753989450311e-12 -1.64524824547937e-12    0.0887356695843588
 0.000142774132991247 -0.000378149906188075   0.00128542371952626      1.98530697845051   0.00686079441206365 -1.55670456622275e-12 -5.40557047980231e-12 -1.57947946560745e-11  3.96704716399161e-12    0.0252690782140309
-0.000403225829309891 -0.000284569573327331   -0.0462641997569557   0.00686079441206365      1.89039510438231 -2.67086510935574e-12 -1.57725339745037e-11 -6.05553718885041e-11  1.86788526093593e-11   -0.0533794618993034
 2.39563760637954e-14    1.395599393239e-14  1.94317980728301e-12 -1.55670456622275e-12 -2.67086510935574e-12      1.47544218432479 -9.42155095870778e-06   0.00022163606484874    -0.374552893062371 -5.49044591990217e-12
 5.46058057018578e-14  3.67347086635754e-14  4.75314874130521e-12 -5.40557047980231e-12 -1.57725339745037e-11 -9.42155095870778e-06      1.60499857162939   -0.0325516292395903 -4.62943025465648e-05 -2.43317947202981e-11
-6.19471464545977e-15 -9.19818525742548e-15  3.89753989450311e-12 -1.57947946560745e-11 -6.05553718885041e-11   0.00022163606484874   -0.0325516292395903     0.400772640017254 -7.58442148656812e-05  9.34861974754733e-12
 1.35036823688282e-14  6.97631516310428e-15 -1.64524824547937e-12  3.96704716399161e-12  1.86788526093593e-11    -0.374552893062371 -4.62943025465648e-05 -7.58442148656812e-05     0.530328939652859 -2.35096234635809e-12
  0.00171318778111465   0.00134960210476314    0.0887356695843588    0.0252690782140309   -0.0533794618993034 -5.49044591990217e-12 -2.43317947202981e-11  9.34861974754733e-12 -2.35096234635809e-12     0.142431413290369
TOTAL ENERGY: -127.293801481383	 lambda: 0.2	 population of target: 6.74438973569101
1RDM: 
     1.99999531615313  7.57141732621235e-07  -0.00026916790239807  0.000114149310782934 -0.000448381894252832  2.27988486323083e-14  5.13707615774509e-14   5.8086832877576e-15  2.99133646442061e-15   0.00132866198657388
 7.57141732621235e-07      1.99998827582069 -0.000227100070059456 -0.000328494026173823 -0.000241508220916615  1.36432268014368e-14  3.57251395136984e-14 -1.47875639911631e-14  4.89632720946527e-15    0.0014613160394845
 -0.00026916790239807 -0.000227100070059456        1.969282908891   0.00137159772884748    -0.051654817968376  1.84422466764047e-12  4.66659076222286e-12  4.79911151716603e-12 -1.59401913221621e-12    0.0606820140146548
 0.000114149310782934 -0.000328494026173823   0.00137159772884748       1.9871666693039   0.00991478545322124 -1.85385857012332e-12 -5.94868167796998e-12 -1.64654500355206e-11  4.36167533491787e-12    0.0446740955541732
-0.000448381894252832 -0.000241508220916615    -0.051654817968376   0.00991478545322124      1.87884273486614 -3.53662621855541e-12 -1.85212039522427e-11 -5.91066949941026e-11  1.59929943542087e-11   -0.0844890519402262
 2.27988486323083e-14  1.36432268014368e-14  1.84422466764047e-12 -1.85385857012332e-12 -3.53662621855541e-12      1.43176245793387   -1.001357233834e-05  0.000223673089378786    -0.374897587705129 -4.50284469396241e-12
 5.13707615774509e-14  3.57251395136984e-14  4.66659076222286e-12 -5.94868167796998e-12 -1.85212039522427e-11   -1.001357233834e-05      1.56945972577063   -0.0577880044706412 -6.10931242604872e-05 -2.30143925093338e-11
  5.8086832877576e-15 -1.47875639911631e-14  4.79911151716603e-12 -1.64654500355206e-11 -5.91066949941026e-11  0.000223673089378786   -0.0577880044706412      0.43530996229678 -8.06100052136765e-05  1.13600010959246e-11
 2.99133646442061e-15  4.89632720946527e-15 -1.59401913221621e-12  4.36167533491787e-12  1.59929943542087e-11    -0.374897587705129 -6.10931242604872e-05 -8.06100052136765e-05     0.573007137222604   -3.414475548639e-12
  0.00132866198657388    0.0014613160394845    0.0606820140146548    0.0446740955541732   -0.0844890519402262 -4.50284469396241e-12 -2.30143925093338e-11  1.13600010959246e-11   -3.414475548639e-12      0.15518481174129
TOTAL ENERGY: -127.267498057536	 lambda: 0.3	 population of target: 6.84995432869972
1RDM: 
     1.99999566528607   5.6222670869683e-07 -0.000264623487683014   0.00010406223432497 -0.000502666038758579  1.54221093777816e-14  4.86512671946891e-14  1.67759661451184e-14  1.07656593273369e-14  0.000951303080114371
  5.6222670869683e-07      1.99998952659907 -0.000211492490006154 -0.000294620855939339 -0.000180563633498754  9.25858496083648e-15   3.4023346957396e-14 -2.05084411044526e-14  1.87517676253886e-14   0.00155165709114611
-0.000264623487683014 -0.000211492490006154      1.96793332931229   0.00238052268184698   -0.0571206607028837  2.01224644405404e-12  4.51730673394093e-12  5.76190785169473e-12 -3.12873003009761e-12    0.0327923607168684
  0.00010406223432497 -0.000294620855939339   0.00238052268184698       1.9878837418624    0.0143187362187369 -2.21659040429507e-12 -6.44856111000288e-12 -1.71804051779924e-11  3.80622257205775e-12    0.0626408364787825
-0.000502666038758579 -0.000180563633498754   -0.0571206607028837    0.0143187362187369      1.86600979426862  -5.8955960134894e-12 -2.06181587187904e-11  -5.7724573417448e-11  1.71560058529252e-11    -0.118515557475631
 1.54221093777816e-14  9.25858496083648e-15  2.01224644405404e-12 -2.21659040429507e-12  -5.8955960134894e-12      1.39690736128508 -1.04805702794282e-05  0.000225205520520345    -0.375024389162183 -3.08040267585086e-12
 4.86512671946891e-14   3.4023346957396e-14  4.51730673394093e-12 -6.44856111000288e-12 -2.06181587187904e-11 -1.04805702794282e-05      1.54102648118133   -0.0778405620933401 -7.28413571434269e-05 -2.15359372032844e-11
 1.67759661451184e-14 -2.05084411044526e-14  5.76190785169473e-12 -1.71804051779924e-11  -5.7724573417448e-11  0.000225205520520345   -0.0778405620933401     0.463067511115876 -8.43694262616576e-05  1.31144636486408e-11
 1.07656593273369e-14  1.87517676253886e-14 -3.12873003009761e-12  3.80622257205775e-12  1.71560058529252e-11    -0.375024389162183 -7.28413571434269e-05 -8.43694262616576e-05     0.607186533817029 -3.28280154541478e-12
 0.000951303080114371   0.00155165709114611    0.0327923607168684    0.0626408364787825    -0.118515557475631 -3.08040267585086e-12 -2.15359372032844e-11  1.31144636486408e-11 -3.28280154541478e-12     0.170000055272292
TOTAL ENERGY: -127.233639982096	 lambda: 0.4	 population of target: 6.94684570137691
1RDM: 
     1.99999585712308  6.10658752737017e-07 -0.000261827866796132  0.000108407218497967 -0.000553338089296042  2.41882881257031e-14  4.47171212913605e-14  1.84470446731107e-14 -7.83494224579819e-15  0.000587443739477045
 6.10658752737017e-07      1.99999048446704 -0.000187140285362662 -0.000274764223664407 -0.000105161701889551  1.29104408290729e-14  3.06473363979253e-14 -2.53509063817977e-14   1.0551391672558e-14   0.00161177135546954
-0.000261827866796132 -0.000187140285362662      1.96685975864276   0.00396296893185032   -0.0613513917032116  1.55450872105797e-12  4.28932512167128e-12    7.114971879822e-12 -2.25564309560582e-12   0.00499952236096154
 0.000108407218497967 -0.000274764223664407   0.00396296893185032      1.98772930756565    0.0194121323457034 -1.65894049502644e-12 -7.50346724310467e-12  -1.8975723276508e-11  4.71794998197148e-12    0.0783420415492424
-0.000553338089296042 -0.000105161701889551   -0.0613513917032116    0.0194121323457034      1.85508901970178 -3.42828015188127e-12 -2.21259121978213e-11  -5.8158276770676e-11  1.37911402359196e-11    -0.154462369697649
 2.41882881257031e-14  1.29104408290729e-14  1.55450872105797e-12 -1.65894049502644e-12 -3.42828015188127e-12      1.37169801758405 -1.09778491084791e-05  0.000228752879424535    -0.378895627986293 -3.12951643189155e-12
 4.47171212913605e-14  3.06473363979253e-14  4.28932512167128e-12 -7.50346724310467e-12 -2.21259121978213e-11 -1.09778491084791e-05       1.5226547300585   -0.0954550493696722 -8.34347846186053e-05 -2.04298444455665e-11
 1.84470446731107e-14 -2.53509063817977e-14    7.114971879822e-12  -1.8975723276508e-11  -5.8158276770676e-11  0.000228752879424535   -0.0954550493696722     0.481043549677163 -8.83722951009616e-05  1.44979620032664e-11
-7.83494224579819e-15   1.0551391672558e-14 -2.25564309560582e-12  4.71794998197148e-12  1.37911402359196e-11    -0.378895627986293 -8.34347846186053e-05 -8.83722951009616e-05     0.632000160186124 -5.42066543449721e-12
 0.000587443739477045   0.00161177135546954   0.00499952236096154    0.0783420415492424    -0.154462369697649 -3.12951643189155e-12 -2.04298444455665e-11  1.44979620032664e-11 -5.42066543449721e-12     0.182939114993892
TOTAL ENERGY: -127.191682670798	 lambda: 0.5	 population of target: 7.04009719927395
1RDM: 
      1.9999959568886  8.43649512658762e-07 -0.000256665757397094  0.000122013096587652 -0.000592592788687552  1.73686279034052e-14    4.055614725214e-14  3.99498478277989e-14 -1.28793122470002e-14  0.000233704872908642
 8.43649512658762e-07      1.99999116314583 -0.000158737740782776 -0.000266024583566479 -2.09439831229321e-05  9.28470264084269e-15  2.76344733386305e-14 -2.97976431802644e-14  1.11526670480506e-14   0.00163919425025112
-0.000256665757397094 -0.000158737740782776      1.96625287649516   0.00575833051353426   -0.0637322472878099  1.44668110024064e-12  3.96148608930776e-12  7.39421479535153e-12  -2.6746703773681e-12   -0.0234156644881421
 0.000122013096587652 -0.000266024583566479   0.00575833051353426      1.98702879455514    0.0245547271293416 -2.23109551486594e-12 -7.03160931429689e-12 -1.85171825807793e-11  4.81401952827163e-12    0.0916655424846754
-0.000592592788687552 -2.09439831229321e-05   -0.0637322472878099    0.0245547271293416      1.84783258926925 -5.29785608393972e-12 -2.39774141084057e-11 -5.56929836874582e-11  1.22898919380033e-11    -0.192688147000072
 1.73686279034052e-14  9.28470264084269e-15  1.44668110024064e-12 -2.23109551486594e-12 -5.29785608393972e-12      1.35540933614888 -1.16290506123936e-05  0.000236098830958448    -0.389232581657988 -1.38214041958915e-12
   4.055614725214e-14  2.76344733386305e-14  3.96148608930776e-12 -7.03160931429689e-12 -2.39774141084057e-11 -1.16290506123936e-05      1.51532157416145    -0.113259021765351 -9.46090213980845e-05 -1.86530729271156e-11
 3.99498478277989e-14 -2.97976431802644e-14  7.39421479535153e-12 -1.85171825807793e-11 -5.56929836874582e-11  0.000236098830958448    -0.113259021765351     0.488218455985467 -9.36149240392347e-05  1.64738983266268e-11
-1.28793122470002e-14  1.11526670480506e-14  -2.6746703773681e-12  4.81401952827163e-12  1.22898919380033e-11    -0.389232581657988 -9.46090213980845e-05 -9.36149240392347e-05     0.648130586057951 -5.54187978154227e-12
 0.000233704872908642   0.00163919425025112   -0.0234156644881421    0.0916655424846754    -0.192688147000072 -1.38214041958915e-12 -1.86530729271156e-11  1.64738983266268e-11 -5.54187978154227e-12     0.191818667292314
TOTAL ENERGY: -127.13912904102	 lambda: 0.6	 population of target: 7.13557290361168
1RDM: 
     1.99999599588865  1.19139605338824e-06  -0.00024917654308654  0.000140401932503465 -0.000620666441876513 -8.82369001964857e-14  3.05480572306138e-14  3.99144996034062e-14   7.6062207635906e-14  -0.00011766564336655
 1.19139605338824e-06      1.99999157831404 -0.000131856736655395 -0.000265748864354836  6.52895202227074e-05 -4.88910750558257e-14  2.11883811703269e-14 -3.48539301153377e-14 -3.79816956488419e-14   0.00163680450421742
 -0.00024917654308654 -0.000131856736655395      1.96584669755416   0.00749485993292657   -0.0645529014292895  1.20847691291839e-12  3.62754586882436e-12  8.68495938654775e-12  -1.1104247033182e-11   -0.0532840903263804
 0.000140401932503465 -0.000265748864354836   0.00749485993292657      1.98604800469585    0.0293089653789375 -8.87038753036549e-12 -8.28812802921828e-12 -2.06098861216726e-11  1.34508265830717e-11     0.103015324479691
-0.000620666441876513  6.52895202227074e-05   -0.0645529014292895    0.0293089653789375      1.84401302601469 -5.85136584899079e-11 -2.63952340760467e-11 -5.81408643948452e-11  2.19172451010294e-11    -0.233899720118959
-8.82369001964857e-14 -4.88910750558257e-14  1.20847691291839e-12 -8.87038753036549e-12 -5.85136584899079e-11      1.34623658628658 -1.25197814996769e-05  0.000248262458642086    -0.407498038744243  3.44775845628721e-11
 3.05480572306138e-14  2.11883811703269e-14  3.62754586882436e-12 -8.28812802921828e-12 -2.63952340760467e-11 -1.25197814996769e-05      1.51839730766566    -0.133481932557102 -0.000107776260630212 -1.73898269206584e-11
 3.99144996034062e-14 -3.48539301153377e-14  8.68495938654775e-12 -2.06098861216726e-11 -5.81408643948452e-11  0.000248262458642086    -0.133481932557102      0.48519661285328 -0.000100785453115573  1.85529180445325e-11
  7.6062207635906e-14 -3.79816956488419e-14  -1.1104247033182e-11  1.34508265830717e-11  2.19172451010294e-11    -0.407498038744243 -0.000107776260630212 -0.000100785453115573     0.657357218105629  1.10316265649178e-11
 -0.00011766564336655   0.00163680450421742   -0.0532840903263804     0.103015324479691    -0.233899720118959  3.44775845628721e-11 -1.73898269206584e-11  1.85529180445325e-11  1.10316265649178e-11     0.196916972621509
TOTAL ENERGY: -127.07229536134	 lambda: 0.7	 population of target: 7.23827760736942
1RDM: 
     1.99999596496203  1.58327573181078e-06 -0.000243638253041989  0.000160579891938792 -0.000645876435297886  2.17093340669945e-15  4.10060811844608e-14  7.70274438177732e-14  1.79321049746635e-14 -0.000472814078250424
 1.58327573181078e-06      1.99999173857295 -0.000112211603000605 -0.000272026002367501  0.000146094360969717 -2.18906691419347e-15  2.55129295019645e-14 -3.22013571819047e-14  3.70342641373632e-15   0.00161201094211921
-0.000243638253041989 -0.000112211603000605      1.96497344501787    0.0090339986445782   -0.0649284119346855  3.30183638194462e-13  2.67971926786356e-12  8.51402387662896e-12 -6.30961417585682e-12   -0.0849666675544917
 0.000160579891938792 -0.000272026002367501    0.0090339986445782      1.98494755340132    0.0334999401376436 -1.35633731838663e-12 -5.28174426596557e-12 -1.80456130158928e-11  8.26014548450591e-12     0.113091641468122
-0.000645876435297886  0.000146094360969717   -0.0649284119346855    0.0334999401376436       1.8415969447181 -1.60922737264251e-11 -2.36240306954184e-11 -5.13942720551002e-11  1.77815514661855e-11    -0.277927412413552
 2.17093340669945e-15 -2.18906691419347e-15  3.30183638194462e-13 -1.35633731838663e-12 -1.60922737264251e-11      1.34152678222712 -1.36963121607628e-05  0.000265521283616583    -0.433950282393986  1.03940078076399e-11
 4.10060811844608e-14  2.55129295019645e-14  2.67971926786356e-12 -5.28174426596557e-12 -2.36240306954184e-11 -1.36963121607628e-05       1.5298655683716    -0.157865955218103 -0.000123974695340185 -1.69173154311015e-11
 7.70274438177732e-14 -3.22013571819047e-14  8.51402387662896e-12 -1.80456130158928e-11 -5.13942720551002e-11  0.000265521283616583    -0.157865955218103     0.473987866301226 -0.000110256313172685  1.84287273563684e-11
 1.79321049746635e-14  3.70342641373632e-15 -6.30961417585682e-12  8.26014548450591e-12  1.77815514661855e-11    -0.433950282393986 -0.000123974695340185 -0.000110256313172685     0.662326525505237  -3.7584426226938e-12
-0.000472814078250424   0.00161201094211921   -0.0849666675544917     0.113091641468122    -0.277927412413552  1.03940078076399e-11 -1.69173154311015e-11  1.84287273563684e-11  -3.7584426226938e-12     0.200787610922557
TOTAL ENERGY: -126.987920384714	 lambda: 0.8	 population of target: 7.35066903246538
1RDM: 
     1.99999582276391  1.95549021011815e-06  -0.00024727030343113   0.00018133991691453   -0.0006817325718022  2.42109271246719e-14  1.65998101849259e-14  6.11700969884332e-14  3.69789591219905e-14 -0.000830914688808704
 1.95549021011815e-06      1.99999165191752 -0.000104521783148299 -0.000283579566416129  0.000214422173692071  9.15023742213132e-15  1.24468896296486e-14  -4.2040520597368e-14  7.84367707696908e-15   0.00157634266527989
 -0.00024727030343113 -0.000104521783148299      1.96277077263709    0.0103895642274739   -0.0664239067536158 -8.27539867450757e-13  2.69612183866096e-12  1.05122756034811e-11 -8.04483956067359e-12    -0.117840593372044
  0.00018133991691453 -0.000283579566416129    0.0103895642274739      1.98377520025195    0.0372145181807277  2.41379869001046e-12 -8.72764710861227e-12 -2.25384216347336e-11  9.94975957923532e-12     0.122690892168992
  -0.0006817325718022  0.000214422173692071   -0.0664239067536158    0.0372145181807277      1.83759115026558 -1.12143017990729e-11 -3.02185026303597e-11 -6.03467912204981e-11  2.44427619631049e-11    -0.322661998504356
 2.42109271246719e-14  9.15023742213132e-15 -8.27539867450757e-13  2.41379869001046e-12 -1.12143017990729e-11      1.33795084294035 -1.51619195662011e-05  0.000287383451367101    -0.467609305631249  1.25464693714128e-11
 1.65998101849259e-14  1.24468896296486e-14  2.69612183866096e-12 -8.72764710861227e-12 -3.02185026303597e-11 -1.51619195662011e-05       1.5464437674839    -0.187537203155989 -0.000143792378156561 -1.47259148453107e-11
 6.11700969884332e-14  -4.2040520597368e-14  1.05122756034811e-11 -2.25384216347336e-11 -6.03467912204981e-11  0.000287383451367101    -0.187537203155989     0.457881150549204 -0.000122054836034839  2.26812919970214e-11
 3.69789591219905e-14  7.84367707696908e-15 -8.04483956067359e-12  9.94975957923532e-12  2.44427619631049e-11    -0.467609305631249 -0.000143792378156561 -0.000122054836034839      0.66637393452265 -6.74599260800746e-12
-0.000830914688808704   0.00157634266527989    -0.117840593372044     0.122690892168992    -0.322661998504356  1.25464693714128e-11 -1.47259148453107e-11  2.26812919970214e-11 -6.74599260800746e-12     0.207225706667873
TOTAL ENERGY: -126.885194044606	 lambda: 0.9	 population of target: 7.47145918699371
1RDM: 
     1.99999552169934  2.26348642360336e-06 -0.000266943549176996  0.000203131596084845 -0.000740194012067463  1.47208543107719e-14  1.64568133134812e-13  2.28496279816681e-13 -1.98812053345266e-14  -0.00118132939569472
 2.26348642360336e-06      1.99999134005245  -0.00011083438237383 -0.000299470221696163  0.000265722430744016  5.84043646857338e-15  8.28719331805047e-14  3.19116145240177e-14  1.44336419295775e-14   0.00154378862484239
-0.000266943549176996  -0.00011083438237383      1.95858406769048    0.0117040487044333    -0.070295137836444  2.83603050633039e-14 -1.57619528055857e-12  7.58859145642593e-12 -4.84059518720503e-12    -0.150140288078626
 0.000203131596084845 -0.000299470221696163    0.0117040487044333      1.98248451060437    0.0407131974029571 -6.26631806954235e-13  1.39665531018475e-11 -2.35695551246399e-12  5.60721509766346e-12     0.132465247375404
-0.000740194012067463  0.000265722430744016    -0.070295137836444    0.0407131974029571      1.82967446980184 -4.16836706315369e-12  1.94733143237405e-11 -3.46788690754425e-12  1.02622234721902e-11    -0.363813131442482
 1.47208543107719e-14  5.84043646857338e-15  2.83603050633039e-14 -6.26631806954235e-13 -4.16836706315369e-12      1.33203292208152 -1.68791069031168e-05  0.000312704914128816    -0.506473603969358  4.93542696792361e-12
 1.64568133134812e-13  8.28719331805047e-14 -1.57619528055857e-12  1.39665531018475e-11  1.94733143237405e-11 -1.68791069031168e-05      1.56413947727506    -0.222873931651811 -0.000167305351657789 -3.08042949679845e-11
 2.28496279816681e-13  3.19116145240177e-14  7.58859145642593e-12 -2.35695551246399e-12 -3.46788690754425e-12  0.000312704914128816    -0.222873931651811     0.440878533949251 -0.000135878647573186 -2.44509966463403e-12
-1.98812053345266e-14  1.44336419295775e-14 -4.84059518720503e-12  5.60721509766346e-12  1.02622234721902e-11    -0.506473603969358 -0.000167305351657789 -0.000135878647573186     0.672984932616467 -8.06317156688869e-12
 -0.00118132939569472   0.00154378862484239    -0.150140288078626     0.132465247375404    -0.363813131442482  4.93542696792361e-12 -3.08042949679845e-11 -2.44509966463403e-12 -8.06317156688869e-12     0.219234224229334
TOTAL ENERGY: -126.766677001544	 lambda: 1	 population of target: 7.59620270471544
1RDM: 
     1.99999504640807  2.49510100130752e-06   -0.0003047193921901  0.000227182275537497 -0.000823090112864608  1.21650962029141e-14  1.80386504135396e-14  9.49793543621931e-14  -3.0626181148706e-14  -0.00150652975450795
 2.49510100130752e-06      1.99999084673364 -0.000129409688693381 -0.000318882326626211   0.00029996420906002   4.4497117195725e-15  1.26443967557361e-14 -4.19059630721403e-14  1.49287729513472e-14   0.00152671812160069
  -0.0003047193921901 -0.000129409688693381      1.95240509364121    0.0131482281205205   -0.0766239813656088 -6.99151428976678e-16  1.94316166565718e-12  1.23828254033365e-11  -4.8383615402372e-12    -0.179535610099683
 0.000227182275537497 -0.000318882326626211    0.0131482281205205      1.98099026771647    0.0442176270712727 -9.06902232594701e-13 -7.67140250104946e-12 -2.33915838181317e-11  4.99278620200984e-12     0.142675807288204
-0.000823090112864608   0.00029996420906002   -0.0766239813656088    0.0442176270712727      1.81796254505765 -3.05720918196535e-12 -3.02371008296812e-11 -5.96457961072245e-11  7.03080021390787e-12    -0.396220467159449
 1.21650962029141e-14   4.4497117195725e-15 -6.99151428976678e-16 -9.06902232594701e-13 -3.05720918196535e-12      1.32108573707063  -1.8789928370625e-05  0.000340153403295799    -0.548300258412411  5.32689099863946e-12
 1.80386504135396e-14  1.26443967557361e-14  1.94316166565718e-12 -7.67140250104946e-12 -3.02371008296812e-11  -1.8789928370625e-05      1.57946379527488    -0.263600094382208 -0.000194189537218218 -1.42104096888152e-11
 9.49793543621931e-14 -4.19059630721403e-14  1.23828254033365e-11 -2.33915838181317e-11 -5.96457961072245e-11  0.000340153403295799    -0.263600094382208     0.426473332255744 -0.000151258594205291  2.41039969093465e-11
 -3.0626181148706e-14  1.49287729513472e-14  -4.8383615402372e-12  4.99278620200984e-12  7.03080021390787e-12    -0.548300258412411 -0.000194189537218218 -0.000151258594205291     0.684851216264355  -8.2066422351842e-12
 -0.00150652975450795   0.00152671812160069    -0.179535610099683     0.142675807288204    -0.396220467159449  5.32689099863946e-12 -1.42104096888152e-11  2.41039969093465e-11  -8.2066422351842e-12     0.236782119577465
-------------------general-----------------------
mullikenoperator: 
 0.000583772187163731   -0.0256329405574355   0.00148415888185458  -0.00535550732005323  -0.00353017428037537  1.42928755684964e-13   3.0704391015981e-13  1.01886034880962e-13 -3.90765803441084e-14    0.0036942523439103
  -0.0256329405574355     0.999232386159435  -0.00986832601827496   -0.0044337357237223    0.0102299996856044 -1.79734381626218e-13 -3.65356657911564e-13 -5.20984577676392e-13  2.42867133286305e-13   0.00457679711497276
  0.00148415888185458  -0.00986832601827497     0.169808276424593    -0.179078971949232     0.145753669272711 -5.37019019451619e-12 -9.78775334762578e-12  4.80406623637179e-12 -9.18574148064526e-13    -0.350931435760331
 -0.00535550732005323  -0.00443373572372231    -0.179078971949232     0.876004111998772     0.276248813784117 -8.73823515041597e-12   -2.226007391518e-11 -2.40372229342865e-11   4.8882829953572e-12     0.126616304124007
 -0.00353017428037537    0.0102299996856044     0.145753669272711     0.276248813784117     0.367462296662981 -3.66120222987779e-12 -2.88303420531292e-11 -5.43901329833866e-12 -2.07095659065285e-11    -0.375634837116365
 1.42928755684964e-13 -1.79734381626217e-13 -5.37019019451619e-12 -8.73823515041597e-12 -3.66120222987778e-12     0.126814153986754  -1.9065190846297e-05  0.000231587248780498    -0.334856625569715  1.49799610375225e-11
  3.0704391015981e-13 -3.65356657911564e-13 -9.78775334762578e-12   -2.226007391518e-11 -2.88303420531292e-11 -1.90651908462974e-05     0.388981005837126    -0.488949256523038 -0.000310589510504224   5.8358902899917e-12
 1.01886034880962e-13 -5.20984577676391e-13  4.80406623637179e-12 -2.40372229342865e-11 -5.43901329833867e-12  0.000231587248780498    -0.488949256523038     0.611019082623763 -0.000153476337754516  2.23554089803113e-11
-3.90765803441083e-14  2.42867133286305e-13 -9.18574148064528e-13   4.8882829953572e-12 -2.07095659065285e-11    -0.334856625569715 -0.000310589510504223 -0.000153476337754516     0.873185757552358 -6.89376182706347e-12
   0.0036942523439103   0.00457679711497275    -0.350931435760331     0.126616304124007    -0.375634837116365  1.49799610375225e-11   5.8358902899917e-12  2.23554089803113e-11 -6.89376182706347e-12     0.586909156567053
selected BF: 
0 1 2 3 4
selected lambdas: 
  -1 -0.9 -0.8 -0.7 -0.6 -0.5 -0.4 -0.3 -0.2 -0.1    0  0.1  0.2  0.3  0.4  0.5  0.6  0.7  0.8  0.9    1
RHF C: 
-0.000333923998146291    -0.995124067010004     0.115793585108245     0.226996057013669   -0.0424851159404208 -8.35872841645767e-16 -1.17557250338707e-15 -8.59699837423016e-16  7.05987663957399e-16    0.0623855739834044
  0.00228267952101436   -0.0201722059069135     -0.42445406601847    -0.907684458471561     0.190379872181572  3.85395390971005e-15  5.50945112339339e-15  4.15751213739808e-15   -3.406780658398e-15    -0.309972161933144
-5.52344159411945e-18 -6.61657548926718e-18 -2.15760936769757e-15  6.29775134058556e-16 -1.84217741545848e-14   -0.0120657739313461     0.465051043774771     0.888040902827065    0.0234958737717609  9.66371437613649e-15
-3.85215782664354e-17  -3.3485719511886e-18 -2.16964634199831e-15  1.40984510172505e-15 -1.15147119921353e-14     0.465051043774111    0.0120657739313623    0.0234958737717527    -0.888040902827411  7.86484697931656e-15
  0.00255688006926453  -0.00186613629948232    -0.146253284355096    0.0386448751578677    -0.777936310552595  8.16272543572047e-15  1.90149079329749e-14 -1.90999513485425e-14  8.13141371036522e-15    -0.699620082715534
   -0.995064300022897 -0.000400853485334754     0.214925723856419    -0.139369471422581    -0.062368264549025  1.02776470758406e-15  1.63287225575012e-15 -9.73924349474464e-16  1.12430740889567e-16   -0.0463724575900811
  -0.0203723592489039   0.00247862730986111    -0.811716010392047     0.584308195955375      0.29968228151433 -4.68584511880278e-15 -8.05892808159114e-15  5.38493244582829e-15 -1.19387897379665e-15     0.248918202771118
 3.92165440605614e-18 -6.27957497405639e-19  1.50258460593642e-15  1.95214359399388e-15  2.13744094802832e-14   -0.0220771421651501     0.850919142515614    -0.529942802410326   -0.0140212789208566  1.32426793813611e-14
 5.71402769947135e-18 -2.00783685912777e-19   5.5644376256227e-16  1.48791706855041e-15  9.95831442730511e-15     0.850919142516007    0.0220771421651405   -0.0140212789208717     0.529942802409694  5.96031884752187e-15
  0.00175709336348253  -0.00213051661115852    0.0956981887520881     0.116838206844207     0.473319027010205  6.98789339741879e-15  1.09931624071901e-14  1.42445336499404e-14  -1.0221766428351e-14    -0.925493456265819
RDM (no constraint): 
     1.99999843473893  3.81546072873629e-08 -4.62718766080192e-05  4.98627295922893e-05  1.63265279724647e-05  3.97253251470779e-15  8.36094330554473e-15  1.03270294567457e-14 -4.84822046048704e-15  0.000283328466246476
 3.81546072873629e-08      1.99999461525708  -7.4589818861231e-05 -0.000248076936267515  0.000145823991570647 -2.94597565630516e-15 -6.19166601277994e-15  4.63808359506919e-15  -2.2031681569403e-15   0.00021812443717414
-4.62718766080192e-05  -7.4589818861231e-05      1.98889497247072  -0.00188849654699223   -0.0417660243444615   6.9115532989861e-13   1.4532279005762e-12  6.90386918203457e-12 -3.28045450420384e-12   -0.0556109173557703
 4.98627295922893e-05 -0.000248076936267515  -0.00188849654699223      1.98313703289794    0.0124191737317491 -1.67833555929154e-12 -3.52938942298249e-12 -1.28676572931042e-11  6.11252858187873e-12    0.0222311048243185
 1.63265279724647e-05  0.000145823991570647   -0.0417660243444615    0.0124191737317491      1.73448210306209 -3.21267940730811e-12 -6.75923859449373e-12 -3.29019923859537e-11  1.56251079357851e-11    -0.488533986234759
 3.97253251470779e-15 -2.94597565630516e-15   6.9115532989861e-13 -1.67833555929154e-12 -3.21267940730811e-12      1.61272652673626 -3.14168111650159e-16  9.93908724980437e-05    -0.193860285790296  1.73961085438927e-12
 8.36094330554473e-15 -6.19166601277994e-15   1.4532279005762e-12 -3.52938942298249e-12 -6.75923859449373e-12 -3.14168111650159e-16      1.61272652673666      0.19386028578933   9.9390872495869e-05  3.65963209830908e-12
 1.03270294567457e-14  4.63808359506919e-15  6.90386918203457e-12 -1.28676572931042e-11 -3.29019923859537e-11  9.93908724980437e-05      0.19386028578933     0.394393266847334 -5.13822042287084e-16  1.89190020319264e-11
-4.84822046048704e-15  -2.2031681569403e-15 -3.28045450420384e-12  6.11252858187873e-12  1.56251079357851e-11    -0.193860285790296   9.9390872495869e-05 -5.13822042287084e-16     0.394393266847728 -8.98471467088845e-12
 0.000283328466246476   0.00021812443717414   -0.0556109173557703    0.0222311048243185    -0.488533986234759  1.73961085438927e-12  3.65963209830908e-12  1.89190020319264e-11 -8.98471467088845e-12     0.279253254405342
RDM Eigenvectors: 
    0.999482650368609   -0.0256461862796293   -0.0192799319982345  -0.00213157093723998  -0.00065120096095303 -2.16742609494978e-14 -1.02861406831095e-14 -5.14101815499675e-15 -1.09033993797207e-14 -0.000145966576744442
   0.0254818542141258     0.999511736281928   -0.0102233261474926    0.0149036244510812  0.000558251631783015  1.19040709327661e-14  7.32720914678181e-15 -4.41805148772687e-15 -9.21696726281501e-15 -0.000134448177726474
  -0.0179952904818984   -0.0131063624390289    -0.939070671862724     0.273535273393698    -0.203955123679064 -3.00351305446512e-12 -1.43139662700553e-12  -1.0701345310833e-12 -2.25276674606891e-12    0.0350917050864542
  0.00698283866585156    -0.011782791882698     0.269941153601289     0.961649594064199    0.0446710352796838   1.5009313055405e-11  7.14593008589729e-12   3.2670405776328e-12  6.88215360653898e-12   -0.0133692264257566
  0.00353403257853743   0.00279146575776436     0.210079616957932   -0.0115632381117742    -0.933090080027535  5.22223654060469e-11  2.48533359068661e-11  1.55760754654211e-11  3.28209454120587e-11     0.291642704263356
-1.38708434187151e-13 -1.26394747068251e-14 -7.81105700357673e-12 -5.64579022617865e-12   2.2578206945002e-11 -0.000413504542583862     0.988157329141352    -0.153443498861867 -0.000120562229924808   1.7153825132397e-12
-2.91526993759854e-13 -2.27880069122474e-14 -1.64259344387335e-11 -1.18718115856898e-11  4.74951442991337e-11     0.988157329141477  0.000413504542583709  0.000120562229923373    -0.153443498861063  3.60685159691741e-12
-2.36394076917429e-13 -2.38968354245699e-14 -1.28166518253378e-11 -7.72943209402903e-12  2.92969652239147e-11     0.153443479703223   0.00014287947058079  -0.00026978423500823     0.988157378831171 -3.60168107916909e-11
 1.12336330663958e-13  1.16018656306225e-14   6.0879704989132e-12   3.6714616171107e-12 -1.39118897295401e-11  0.000142879470579916    -0.153443479704026    -0.988157378831046 -0.000269784235007939  1.71052086667666e-11
-0.000163756899743612  -0.00039870036786462   -0.0258528374290481   0.00693846910541672     0.292829255674241 -1.35631680137767e-11 -6.45461876031392e-12  1.32814488698084e-11  2.79848144549242e-11     0.955789898296851
Total C: 
   0.0224895954461288    -0.992479529648522   -0.0227441922570661     0.258539227089434    0.0767587654283372 -3.02667034225587e-12 -6.36785411285082e-12 -6.70582236540926e-12  3.18596853482771e-12    0.0461648399461786
   0.0128383480886906   -0.0291446905148688     0.100825553139988    -0.974549832767175    -0.346764308762064  1.22114896928546e-11  2.56761375067897e-11  2.91948936004189e-11 -1.38722045843417e-11    -0.235836394608952
-9.29819207254632e-15 -8.62970168641073e-16 -1.62639181321388e-12  6.20416226227148e-12   2.5550862395445e-11     0.323281650606034   -0.0152288071117186    0.0211930735136155    -0.948891283996862  9.61782264025896e-12
-6.35115945506875e-16  1.37370257556842e-14   5.6639578620899e-13  1.03159630013887e-12 -4.18186247700648e-12   0.00823235733405914     0.595815522559124    -0.806169735301425   -0.0247630096944385 -3.09208348822464e-11
  0.00594950965307555 -6.91489248176993e-05     0.282004587770146    -0.027674950288125     0.490677694382212 -1.78189261284034e-11   -3.752193992379e-11  3.99142126073602e-12 -1.87686524133772e-12    -0.892442794507459
   -0.998338517834017   -0.0300596897175204    -0.210948147008738   -0.0851170391386502    0.0879163875272547 -2.23986495157088e-12 -4.71413990301188e-12 -1.59888796731611e-12  7.60147087488541e-13   -0.0689459211140187
 -0.00625253896836575    0.0190988705511901     0.870034949473647     0.352671995115264    -0.384381947164797  1.02287638274642e-11  2.15290941480541e-11  5.70450784834643e-12 -2.71413178328545e-12     0.350710957451112
-5.44189025325932e-15  8.46595964078667e-15 -5.57768869978897e-13  3.92446542337123e-12  1.12648489632621e-11     0.922169084417207   -0.0193762478960571   -0.0169782746518817     0.393099524735428 -1.26048228254798e-11
-2.43917649546606e-14  5.48983640056588e-15 -3.76811830142347e-12  1.65327594584914e-11  6.21530743034609e-11    0.0235514139163228     0.759533147947912     0.654241821823739    0.0104462453736109  2.96907810171174e-12
-0.000456414233418477 -0.000933081371385654    -0.186924671758345     0.171744449112016    -0.692809229963573  7.70043042881554e-12  1.61912407595324e-11  4.50611152327133e-11 -2.14195323046256e-11      -0.7476384677888
Basis set used: STO-3G
Naturals: 
 1.99999962848951  1.99999883707641  1.99724857022145  1.98260697498196  1.87807359936589  1.64282963901589  1.64282963901581 0.364290154568185 0.364290154568102 0.127832802696865
Version: Tmhuysen's fci hack
