TOTAL ENERGY: -126.578441662346	 lambda: -1	 population of target: 5.37147108505545
1RDM: 
     1.99999883517051  6.47433270143056e-06 -5.47726341595527e-05  0.000221766077638213  0.000311479298284095  -4.6419361270121e-15  1.38410474051172e-15 -8.08041687550952e-15  9.86887853536961e-15    0.0003831700679722
 6.47433270143056e-06      1.99995662805741  0.000144689094627262  -0.00152633922022666  -0.00033755962841121  9.80758700743859e-16 -7.91389074048759e-16  5.26333579907663e-15 -8.44005650607212e-15 -2.39143062897541e-05
-5.47726341595527e-05  0.000144689094627262      1.99106868980126   0.00355387025618423    0.0696155364890554 -5.75734091662885e-13 -2.41134885716065e-13 -6.95624240557856e-13  6.77734227658769e-13    0.0991120369581846
 0.000221766077638213  -0.00152633922022666   0.00355387025618423      1.94452195836404    0.0027625029324572  3.00904734504027e-13 -3.55716131460298e-13  4.93575751460357e-13 -7.27780451978196e-13    0.0186119404993598
 0.000311479298284095  -0.00033755962841121    0.0696155364890554    0.0027625029324572      1.39917222967021 -7.04265009126531e-14  8.72743421310963e-12 -7.15225370009834e-12   5.2937712013244e-12    -0.794388395322718
 -4.6419361270121e-15  9.80758700743859e-16 -5.75734091662885e-13  3.00904734504027e-13 -7.04265009126531e-14      1.45774893235955  1.87653546777941e-14  -0.00128751175549383     0.465458251569899     1.93898993875e-12
 1.38410474051172e-15 -7.91389074048759e-16 -2.41134885716065e-13 -3.55716131460298e-13  8.72743421310963e-12  1.87653546777941e-14      1.45774893235911     0.465458251570145   0.00128751175570517   2.7157831859382e-12
-8.08041687550952e-15  5.26333579907663e-15 -6.95624240557856e-13  4.93575751460357e-13 -7.15225370009834e-12  -0.00128751175549383     0.465458251570145     0.562415711934003 -1.46197967654181e-14  1.03876838051551e-11
 9.86887853536961e-15 -8.44005650607212e-15  6.77734227658769e-13 -7.27780451978196e-13   5.2937712013244e-12     0.465458251569899   0.00128751175570517 -1.46197967654181e-14     0.562415711933575 -5.69826427626271e-12
   0.0003831700679722 -2.39143062897541e-05    0.0991120369581846    0.0186119404993598    -0.794388395322718     1.93898993875e-12   2.7157831859382e-12  1.03876838051551e-11 -5.69826427626271e-12     0.624952370350377
TOTAL ENERGY: -126.779655438475	 lambda: -0.9	 population of target: 5.58347754316207
1RDM: 
     1.99999896940083  5.46217628472139e-06 -5.18734775969207e-05  0.000184717105933543  0.000327971255051135 -5.13719129698493e-15  1.89723809719253e-15 -8.81809340696718e-15  1.05618240255966e-14   0.00039632811862239
 5.46217628472139e-06      1.99996252433272  9.00913019693331e-05  -0.00132937150721048 -4.08682699206022e-05 -5.01370225924228e-16 -1.10704442567825e-15  2.12610183918789e-16 -3.16033725030887e-15   0.00030261784011352
-5.18734775969207e-05  9.00913019693331e-05      1.99056598299972   0.00101291950064286    0.0790379789679411 -5.39292446451717e-13 -1.71223796951451e-13 -7.27544025070914e-13  7.11640926310809e-13    0.0957437106404526
 0.000184717105933543  -0.00132937150721048   0.00101291950064286      1.95086031582165    0.0196905849504832  1.74784888094846e-13 -3.13497990233667e-13  1.37236994280874e-13 -3.60627565845451e-13    0.0355782652366374
 0.000327971255051135 -4.08682699206022e-05    0.0790379789679411    0.0196905849504832      1.26386076576275  7.16993084724551e-13  6.68361137144106e-12 -4.56348328341639e-12  2.86249503836863e-12     -0.77611391439773
-5.13719129698493e-15 -5.01370225924228e-16 -5.39292446451717e-13  1.74784888094846e-13  7.16993084724551e-13      1.46299267240324  1.95529922372821e-14  -0.00165706314803383     0.428526024342559  1.03165923339199e-12
 1.89723809719253e-15 -1.10704442567825e-15 -1.71223796951451e-13 -3.13497990233667e-13  6.68361137144106e-12  1.95529922372821e-14      1.46299267240288     0.428526024343535   0.00165706314805613  2.19269436914077e-12
-8.81809340696718e-15  2.12610183918789e-16 -7.27544025070914e-13  1.37236994280874e-13 -4.56348328341639e-12  -0.00165706314803383     0.428526024343535     0.555593396261823 -1.05074329843515e-14  8.78395848225297e-12
 1.05618240255966e-14 -3.16033725030887e-15  7.11640926310809e-13 -3.60627565845451e-13  2.86249503836863e-12     0.428526024342559   0.00165706314805613 -1.05074329843515e-14     0.555593396261452 -4.65458004900721e-12
  0.00039632811862239   0.00030261784011352    0.0957437106404526    0.0355782652366374     -0.77611391439773  1.03165923339199e-12  2.19269436914077e-12  8.78395848225297e-12 -4.65458004900721e-12     0.757579304352926
TOTAL ENERGY: -126.939675338648	 lambda: -0.8	 population of target: 5.77110915799921
1RDM: 
     1.99999906385121  4.60853905500157e-06 -5.07395623087672e-05  0.000154009840897992  0.000343846625352616 -3.17116809319445e-15 -3.58246200512496e-16 -6.31772034868291e-15   8.3483171315918e-15  0.000400612171866837
 4.60853905500157e-06      1.99996754638524  4.39955490992291e-05    -0.001171880566884  0.000290450910721233 -5.12700407511147e-16 -6.06334776442521e-16 -1.74196367172066e-15 -4.70138724006646e-16  0.000464870759866438
-5.07395623087672e-05  4.39955490992291e-05      1.99044432019934  -0.00110226959674923    0.0830526892127659 -5.49170080897072e-13 -4.36202492489481e-14 -8.89265542671772e-13  8.47873251347113e-13    0.0872488061873239
 0.000154009840897992    -0.001171880566884  -0.00110226959674923      1.95548523560436    0.0367420764984407  2.94712258301778e-13 -4.40456933198948e-13  2.59186923585843e-13 -4.11943357902096e-13    0.0447324836495745
 0.000343846625352616  0.000290450910721233    0.0830526892127659    0.0367420764984407      1.19416698198811 -2.68475203023749e-12  9.29165770950495e-12 -8.81125535125864e-12  6.57495430794625e-12    -0.685593625090109
-3.17116809319445e-15 -5.12700407511147e-16 -5.49170080897072e-13  2.94712258301778e-13 -2.68475203023749e-12      1.43517122267074  2.54135952037476e-14  -0.00170802642225388     0.384880565741596  1.61983153539768e-12
-3.58246200512496e-16 -6.06334776442521e-16 -4.36202492489481e-14 -4.40456933198948e-13  9.29165770950495e-12  2.54135952037476e-14      1.43517122267031     0.384880565741938   0.00170802642234401  9.96453398377057e-13
-6.31772034868291e-15 -1.74196367172066e-15 -8.89265542671772e-13  2.59186923585843e-13 -8.81125535125864e-12  -0.00170802642225388     0.384880565741938     0.581477196737267 -2.25970497334929e-14    9.931333805772e-12
  8.3483171315918e-15 -4.70138724006646e-16  8.47873251347113e-13 -4.11943357902096e-13  6.57495430794625e-12     0.384880565741596   0.00170802642234401 -2.25970497334929e-14     0.581477196736853 -5.85404261846893e-12
 0.000400612171866837  0.000464870759866438    0.0872488061873239    0.0447324836495745    -0.685593625090109  1.61983153539768e-12  9.96453398377057e-13    9.931333805772e-12 -5.85404261846893e-12     0.826640013156551
TOTAL ENERGY: -127.029656424557	 lambda: -0.7	 population of target: 5.89038673308164
1RDM: 
     1.99999913138264  4.10785170710738e-06 -4.75665553219019e-05  0.000136336741024538  0.000330776414141847 -4.53104371115901e-15  1.53706016411874e-15 -7.90864279033309e-15  9.58176014465339e-15  0.000381300049511097
 4.10785170710738e-06      1.99997066968348  2.19154775849127e-05  -0.00107734465755404  0.000472183007004123 -4.95974774707787e-16   9.7083274906118e-16 -5.00653025469458e-15  3.08523919487884e-15  0.000472276723395921
-4.75665553219019e-05  2.19154775849127e-05       1.9910864350218  -0.00211846365861808    0.0788090315325236 -5.17452804107692e-13 -3.64520577410333e-15 -6.73169853879279e-13  6.49499256952802e-13    0.0779400921740115
 0.000136336741024538  -0.00107734465755404  -0.00211846365861808      1.95806374740971    0.0460230481882834  1.75597380305381e-13 -2.59463797038132e-13 -1.35042712654763e-13 -3.19941331239774e-14    0.0479533149197618
 0.000330776414141847  0.000472183007004123    0.0788090315325236    0.0460230481882834       1.2170920947385   -1.305577909342e-13  5.58704565961308e-12 -4.93043048065644e-12  3.60312978495066e-12    -0.597977289309278
-4.53104371115901e-15 -4.95974774707787e-16 -5.17452804107692e-13  1.75597380305381e-13   -1.305577909342e-13       1.3987757695993  4.04562981989505e-16  -0.00174959077559996     0.330700170165918  1.27721304672312e-12
 1.53706016411874e-15   9.7083274906118e-16 -3.64520577410333e-15 -2.59463797038132e-13  5.58704565961308e-12  4.04562981989505e-16       1.3987757695989     0.330700170166189   0.00174959077540731  1.65754918626079e-12
-7.90864279033309e-15 -5.00653025469458e-15 -6.73169853879279e-13 -1.35042712654763e-13 -4.93043048065644e-12  -0.00174959077559996     0.330700170166189     0.615573187295326 -3.72108104091224e-15  6.94489369012935e-12
 9.58176014465339e-15  3.08523919487884e-15  6.49499256952802e-13 -3.19941331239774e-14  3.60312978495066e-12     0.330700170165918   0.00174959077540731 -3.72108104091224e-15     0.615573187294929 -3.86758056566618e-12
 0.000381300049511097  0.000472276723395921    0.0779400921740115    0.0479533149197618    -0.597977289309278  1.27721304672312e-12  1.65754918626079e-12  6.94489369012935e-12 -3.86758056566618e-12     0.805090007975486
TOTAL ENERGY: -127.076816172408	 lambda: -0.6	 population of target: 5.96252863704851
1RDM: 
     1.99999919857104  3.85206679048835e-06 -4.13650963028943e-05  0.000127854245643155  0.000287992197600485 -4.34223373993688e-15    1.454641547755e-15 -7.10049370553699e-15  8.63406056785721e-15  0.000343816113065044
 3.85206679048835e-06      1.99997263380676  1.93742513142962e-05  -0.00101457239417761  0.000483737576020842 -2.60697131322488e-16  1.43357427801559e-15 -4.81022019957435e-15  3.20066414378337e-15  0.000425854310182976
-4.13650963028943e-05  1.93742513142962e-05        1.992320839514  -0.00221535894442619    0.0688148794603106 -5.48090188941146e-13  1.79270054231235e-14 -5.36599788602266e-13  4.81878818951161e-13    0.0704107751662777
 0.000127854245643155  -0.00101457239417761  -0.00221535894442619      1.95987410783514    0.0472496248583903  1.47096094621938e-13 -2.55158557052436e-13 -1.83533282888135e-13  3.13621990307225e-14    0.0504116035480856
 0.000287992197600485  0.000483737576020842    0.0688148794603106    0.0472496248583903      1.29954347694889  5.88126672420708e-13  5.31237900870141e-12 -5.36759431858134e-12  4.56808212181728e-12    -0.553354780851604
-4.34223373993688e-15 -2.60697131322488e-16 -5.48090188941146e-13  1.47096094621938e-13  5.88126672420708e-13      1.36574442112042  2.94304640728363e-14  -0.00192550224947063     0.264987010287467  2.00703940951649e-12
   1.454641547755e-15  1.43357427801559e-15  1.79270054231235e-14 -2.55158557052436e-13  5.31237900870141e-12  2.94304640728363e-14      1.36574442112051     0.264987010288399    0.0019255022494968  1.92974907082335e-12
-7.10049370553699e-15 -4.81022019957435e-15 -5.36599788602266e-13 -1.83533282888135e-13 -5.36759431858134e-12  -0.00192550224947063     0.264987010288399     0.645927247647122 -1.69461725102813e-14  6.75294870929849e-12
 8.63406056785721e-15  3.20066414378337e-15  4.81878818951161e-13  3.13621990307225e-14  4.56808212181728e-12     0.264987010287467    0.0019255022494968 -1.69461725102813e-14     0.645927247647193  -4.2334306461836e-12
 0.000343816113065044  0.000425854310182976    0.0704107751662777    0.0504116035480856    -0.553354780851604  2.00703940951649e-12  1.92974907082335e-12  6.75294870929849e-12  -4.2334306461836e-12     0.724946405789036
TOTAL ENERGY: -127.105200182071	 lambda: -0.5	 population of target: 6.013977380244
1RDM: 
     1.99999927307934  3.69759273630023e-06 -3.33721783430448e-05  0.000123572625312047   0.00022943859528258  1.41121987072328e-15 -1.43349362553527e-14  1.33944663343333e-14  7.29242353618536e-16  0.000284927808878366
 3.69759273630023e-06      1.99997411740127  2.56660445319177e-05 -0.000960982273460081  0.000393441324366863  3.72737741613677e-15 -1.05458135636941e-14  5.66234910909719e-15 -1.10051691838898e-15  0.000380544998678044
-3.33721783430448e-05  2.56660445319177e-05      1.99376612224637  -0.00185719502244033    0.0570287118333119 -7.05218154169397e-13  3.45223209491682e-13  -1.3759537573707e-12  6.39828556744696e-13    0.0641984704900081
 0.000123572625312047 -0.000960982273460081  -0.00185719502244033      1.96162582775661    0.0441276938497248  4.58858530338668e-13 -1.33640795664984e-12  8.70573378569872e-13 -3.24997399109423e-13    0.0544244318966824
  0.00022943859528258  0.000393441324366863    0.0570287118333119    0.0441276938497248      1.39505337416795 -7.76476916140937e-12  3.25932297345655e-11  -4.3636356062656e-11  1.85783591091598e-11     -0.55266677423091
 1.41121987072328e-15  3.72737741613677e-15 -7.05218154169397e-13  4.58858530338668e-13 -7.76476916140937e-12      1.33696168880065  4.08589714586546e-15  -0.00216799326733363     0.197054946145323  4.01284973751685e-12
-1.43349362553527e-14 -1.05458135636941e-14  3.45223209491682e-13 -1.33640795664984e-12  3.25932297345655e-11  4.08589714586546e-15      1.33696168879987     0.197054946144265   0.00216799326733481 -1.64173487764614e-12
 1.33944663343333e-14  5.66234910909719e-15  -1.3759537573707e-12  8.70573378569872e-13  -4.3636356062656e-11  -0.00216799326733363     0.197054946144265     0.671989918689862 -2.17695414505622e-14  2.37813474594066e-11
 7.29242353618536e-16 -1.10051691838898e-15  6.39828556744696e-13 -3.24997399109423e-13  1.85783591091598e-11     0.197054946145323   0.00216799326733481 -2.17695414505622e-14     0.671989918689135 -1.08385486045016e-11
 0.000284927808878366  0.000380544998678044    0.0641984704900081    0.0544244318966824     -0.55266677423091  4.01284973751685e-12 -1.64173487764614e-12  2.37813474594066e-11 -1.08385486045016e-11     0.631678070368918
TOTAL ENERGY: -127.127518655477	 lambda: -0.4	 population of target: 6.06370603477723
1RDM: 
     1.99999935242901  3.53543430245141e-06 -2.49458733551164e-05  0.000119707365010853  0.000164932916948584  2.85265632042645e-15 -1.02894619138791e-14  1.01196083940113e-14 -1.08199674212623e-15  0.000199156926741509
 3.53543430245141e-06      1.99997549852511  3.11757197925953e-05 -0.000906250571904981  0.000273705616913359  4.58827173352896e-15 -8.29983652199826e-15  6.26635419047031e-15 -3.03115825633284e-15  0.000363957536740826
-2.49458733551164e-05  3.11757197925953e-05       1.9951051690565  -0.00148742272081883    0.0464946558452406 -6.88569561384143e-13  2.89379669359364e-13 -8.41297095765397e-13  4.83528643522727e-13    0.0583336748884993
 0.000119707365010853 -0.000906250571904981  -0.00148742272081883      1.96351487150561    0.0407906674831059  3.55399698803712e-13 -8.71616910087622e-13  3.58658430647008e-13 -1.91719935958086e-13     0.060710710908839
 0.000164932916948584  0.000273705616913359    0.0464946558452406    0.0407906674831059      1.46453265476777 -8.60933386429261e-12  2.70730049944403e-11 -3.68884225762692e-11  2.12226931512697e-11     -0.58720256804258
 2.85265632042645e-15  4.58827173352896e-15 -6.88569561384143e-13  3.55399698803712e-13 -8.60933386429261e-12      1.31478594334973  3.62575084084387e-14  -0.00241529554004983     0.137478344567432  3.77811549239344e-12
-1.02894619138791e-14 -8.29983652199826e-15  2.89379669359364e-13 -8.71616910087622e-13  2.70730049944403e-11  3.62575084084387e-14         1.31478594335     0.137478344568405   0.00241529554010356 -2.26434576295127e-12
 1.01196083940113e-14  6.26635419047031e-15 -8.41297095765397e-13  3.58658430647008e-13 -3.68884225762692e-11  -0.00241529554004983     0.137478344568405     0.691804096280465 -2.16203960205423e-14  2.03693096800568e-11
-1.08199674212623e-15 -3.03115825633284e-15  4.83528643522727e-13 -1.91719935958086e-13  2.12226931512697e-11     0.137478344567432   0.00241529554010356 -2.16203960205423e-14     0.691804096280715 -1.36140718541954e-11
 0.000199156926741509  0.000363957536740826    0.0583336748884993     0.060710710908839     -0.58720256804258  3.77811549239344e-12 -2.26434576295127e-12  2.03693096800568e-11 -1.36140718541954e-11     0.563692374455126
TOTAL ENERGY: -127.151004595902	 lambda: -0.3	 population of target: 6.13153580429215
1RDM: 
     1.99999943478444  3.27023331925631e-06 -1.66826100659044e-05  0.000113035162153663  9.20376231845464e-05 -3.30762178983146e-15  3.20059175604751e-15 -4.98094007313695e-15  5.08253165568691e-15  8.83679776196429e-05
 3.27023331925631e-06       1.9999771801658  2.93029245141126e-05 -0.000839085060905832  0.000171580845101186 -1.58260602474734e-15   1.8514025794219e-15 -2.30535404726954e-15  3.24580676036052e-16  0.000411748175106827
-1.66826100659044e-05  2.93029245141126e-05      1.99621038260827  -0.00142249312294548    0.0382924385304174 -6.36662990171959e-13  5.36501382144869e-14 -7.46120696608471e-14 -2.77589800032991e-14    0.0526034319630253
 0.000113035162153663 -0.000839085060905832  -0.00142249312294548      1.96575937528264    0.0403488544320687 -6.08121838041183e-14 -3.30024091150202e-13 -2.63157279955272e-13  1.32699198747503e-13    0.0703337313550347
 9.20376231845464e-05  0.000171580845101186    0.0382924385304174    0.0403488544320687      1.48375637353982  4.68455710134138e-12  2.31397648369813e-12 -1.37644386993009e-12  5.00557179336675e-12     -0.64909175461023
-3.30762178983146e-15 -1.58260602474734e-15 -6.36662990171959e-13 -6.08121838041183e-14  4.68455710134138e-12      1.30064036773666 -7.16629531566214e-15  -0.00265962556529271    0.0891265317041393  3.24347431985412e-12
 3.20059175604751e-15   1.8514025794219e-15  5.36501382144869e-14 -3.30024091150202e-13  2.31397648369813e-12 -7.16629531566214e-15      1.30064036773665    0.0891265317042591   0.00265962556524506  1.60321439056509e-12
-4.98094007313695e-15 -2.30535404726954e-15 -7.46120696608471e-14 -2.63157279955272e-13 -1.37644386993009e-12  -0.00265962556529271    0.0891265317042591     0.704056039891239  7.89686528652972e-15  5.98042040412958e-12
 5.08253165568691e-15  3.24580676036052e-16 -2.77589800032991e-14  1.32699198747503e-13  5.00557179336675e-12    0.0891265317041393   0.00265962556524506  7.89686528652972e-15     0.704056039891234 -6.92148296684937e-12
 8.83679776196429e-05  0.000411748175106827    0.0526034319630253    0.0703337313550347     -0.64909175461023  3.24347431985412e-12  1.60321439056509e-12  5.98042040412958e-12 -6.92148296684937e-12     0.544904438363331
TOTAL ENERGY: -127.179427097408	 lambda: -0.2	 population of target: 6.24746554177776
1RDM: 
     1.99999952360405  2.79022557923942e-06 -8.60071121857311e-06  9.97454374725867e-05 -5.05839237957072e-07 -2.24860560989363e-15  1.91922216460803e-15 -1.77134371779597e-15  2.96771381587917e-15 -3.00510077773716e-05
 2.79022557923942e-06      1.99997982793004  1.47880796396623e-05 -0.000740628992096733  0.000132843555991291 -2.58772637108331e-15 -4.77642312158613e-16  -1.4498693237688e-15  3.16761000796923e-16   0.00059001111389219
-8.60071121857311e-06  1.47880796396623e-05      1.99706723573393  -0.00193395909622814    0.0325432896894171 -6.46008816103864e-13  7.41273590606446e-14 -2.91645374535599e-14 -1.15650498444216e-13    0.0477908482520489
 9.97454374725867e-05 -0.000740628992096733  -0.00193395909622814      1.96876210678515    0.0457778983641222  -1.5559743871139e-13 -3.85872499311571e-13 -3.95903414178312e-13  2.72411380981109e-13    0.0852853201809798
-5.05839237957072e-07  0.000132843555991291    0.0325432896894171    0.0457778983641222      1.43177815064337  4.72386300875478e-12  4.99524787780258e-12 -4.18483849948563e-12  5.16889221285583e-12    -0.723402777530634
-2.24860560989363e-15 -2.58772637108331e-15 -6.46008816103864e-13  -1.5559743871139e-13  4.72386300875478e-12      1.28916126842187  6.51408387983187e-15  -0.00285968554510681    0.0496709499377869   2.8355762617841e-12
 1.91922216460803e-15 -4.77642312158613e-16  7.41273590606446e-14 -3.85872499311571e-13  4.99524787780258e-12  6.51408387983187e-15      1.28916126842234    0.0496709499382437    0.0028596855450855  3.52606650928064e-13
-1.77134371779597e-15  -1.4498693237688e-15 -2.91645374535599e-14 -3.95903414178312e-13 -4.18483849948563e-12  -0.00285968554510681    0.0496709499382437     0.713996373657297  2.52872162320166e-15  8.27046610786621e-12
 2.96771381587917e-15  3.16761000796923e-16 -1.15650498444216e-13  2.72411380981109e-13  5.16889221285583e-12    0.0496709499377869    0.0028596855450855  2.52872162320166e-15     0.713996373657765 -8.43749231205718e-12
-3.00510077773716e-05   0.00059001111389219    0.0477908482520489    0.0852853201809798    -0.723402777530634   2.8355762617841e-12  3.52606650928064e-13  8.27046610786621e-12 -8.43749231205718e-12     0.596097871144244
TOTAL ENERGY: -127.207906295625	 lambda: -0.1	 population of target: 6.44168694881594
1RDM: 
     1.99999962611846  2.02686723306804e-06 -8.12189185366812e-07  7.69996227255017e-05 -0.000114453621292991 -2.00028347051152e-15  1.77485026941045e-15 -7.42347793962281e-17  1.19346984762626e-15 -0.000109711049748551
 2.02686723306804e-06      1.99998411785004 -1.50755440665772e-05 -0.000597002013791377  0.000240446359447208 -4.77607829936546e-15 -1.77141121241339e-15 -4.18786437670831e-15  3.05416145284705e-15  0.000951181660293562
-8.12189185366812e-07 -1.50755440665772e-05      1.99765245510481  -0.00321755904977585    0.0299270455566467 -6.66149501618322e-13  9.93637839471645e-14  3.70876558472967e-15 -1.61521486295692e-13    0.0449449137629107
 7.69996227255017e-05 -0.000597002013791377  -0.00321755904977585      1.97260719619609    0.0600859743414417 -2.60661502079295e-13 -4.26278600056693e-13 -6.44511919793136e-13   5.3913250143787e-13     0.105501922866293
-0.000114453621292991  0.000240446359447208    0.0299270455566467    0.0600859743414417      1.29536737602027  5.05565893749777e-12  4.35182391957958e-12 -2.25796705471274e-12  3.26962440925297e-12    -0.757729459585201
-2.00028347051152e-15 -4.77607829936546e-15 -6.66149501618322e-13 -2.60661502079295e-13  5.05565893749777e-12      1.26344863259381  3.80777440823491e-14   -0.0028285845699993     0.018567900829795  1.78445013078394e-12
 1.77485026941045e-15 -1.77141121241339e-15  9.93637839471645e-14 -4.26278600056693e-13  4.35182391957958e-12  3.80777440823491e-14      1.26344863259411    0.0185679008300981   0.00282858457000892 -8.10802076236208e-13
-7.42347793962281e-17 -4.18786437670831e-15  3.70876558472967e-15 -6.44511919793136e-13 -2.25796705471274e-12   -0.0028285845699993    0.0185679008300981     0.738433875924209  -3.1685383156978e-14  7.95411754772341e-12
 1.19346984762626e-15  3.05416145284705e-15 -1.61521486295692e-13   5.3913250143787e-13  3.26962440925297e-12     0.018567900829795   0.00282858457000892  -3.1685383156978e-14     0.738433875924505 -8.61905467858724e-12
-0.000109711049748551  0.000951181660293562    0.0449449137629107     0.105501922866293    -0.757729459585201  1.78445013078394e-12 -8.10802076236208e-13  7.95411754772341e-12 -8.61905467858724e-12     0.730624211673787
TOTAL ENERGY: -127.219425747786	 lambda: 0	 population of target: 6.66731153780115
1RDM: 
     1.99999972641563  1.22735041300271e-06  5.24396542241466e-06  5.23895464955648e-05 -0.000210845137587072 -2.34872231688556e-15  1.45523017383019e-15  9.93085169548364e-16 -8.63050723967633e-17 -0.000112965534067342
 1.22735041300271e-06      1.99998900413866 -4.91719609327813e-05 -0.000450590222882597  0.000518998436078685 -6.66722288469164e-15 -2.32359784750119e-15 -8.88311675976406e-15   7.9075931999913e-15   0.00134086327738135
 5.24396542241466e-06 -4.91719609327813e-05      1.99791486984603   -0.0047951872519677    0.0309062194319383 -6.90420071266082e-13  1.33681340293404e-13 -7.45380245521248e-15 -1.42156302502216e-13    0.0428425431916837
 5.23895464955648e-05 -0.000450590222882597   -0.0047951872519677      1.97583956707658    0.0798522951077757 -3.13074014242054e-13 -4.13879639667059e-13 -9.55560390161785e-13   8.6116110594717e-13     0.122213583077913
-0.000210845137587072  0.000518998436078685    0.0309062194319383    0.0798522951077757      1.13224664013594  4.52017639476176e-12  3.20520307079828e-12 -2.82626987555174e-13  1.15983327291331e-12    -0.686583035927095
-2.34872231688556e-15 -6.66722288469164e-15 -6.90420071266082e-13 -3.13074014242054e-13  4.52017639476176e-12      1.21328293021047  2.11493811563728e-14   -0.0024149979051976  6.72703623149235e-05  5.83594164375868e-13
 1.45523017383019e-15 -2.32359784750119e-15  1.33681340293404e-13 -4.13879639667059e-13  3.20520307079828e-12  2.11493811563728e-14      1.21328293021078  6.72703625641097e-05   0.00241499790519327 -1.67718406632877e-12
 9.93085169548364e-16 -8.88311675976406e-15 -7.45380245521248e-15 -9.55560390161785e-13 -2.82626987555174e-13   -0.0024149979051976  6.72703625641097e-05     0.787705801685012 -1.56450978481136e-14  6.61374215395989e-12
-8.63050723967633e-17   7.9075931999913e-15 -1.42156302502216e-13   8.6116110594717e-13  1.15983327291331e-12  6.72703623149235e-05   0.00241499790519327 -1.56450978481136e-14     0.787705801685321 -7.49928460758049e-12
-0.000112965534067342   0.00134086327738135    0.0428425431916837     0.122213583077913    -0.686583035927095  5.83594164375868e-13 -1.67718406632877e-12  6.61374215395989e-12 -7.49928460758049e-12     0.892032728595625
TOTAL ENERGY: -127.212348423857	 lambda: 0.1	 population of target: 6.82378097379762
1RDM: 
     1.99999978907671  7.50282148584345e-07  8.54763229334853e-06  3.84181540295892e-05 -0.000259591853825686 -2.81558630924137e-15  1.18685503865878e-15  1.44907637536184e-15  -6.6617757237686e-16 -8.52673181948861e-05
 7.50282148584345e-07      1.99999230533307 -7.07941074330063e-05 -0.000363411499869625  0.000810362517568812 -7.21079264049863e-15 -1.82196490614834e-15 -1.28826644749554e-14  1.21532556530122e-14   0.00153924099283768
 8.54763229334853e-06 -7.07941074330063e-05      1.99795981589801  -0.00581795257332207    0.0331550556165487 -6.97380851642455e-13  1.77782908512765e-13 -3.49030453594964e-14 -1.05303197101598e-13    0.0396297973543922
 3.84181540295892e-05 -0.000363411499869625  -0.00581795257332207      1.97710987440372     0.095954736370978 -2.97557573570294e-13 -3.76670467510622e-13 -1.16996877673785e-12  1.09511286517753e-12      0.12843131501098
-0.000259591853825686  0.000810362517568812    0.0331550556165487     0.095954736370978      1.02914980687035  3.63228976081322e-12  2.22431266098528e-12  7.48786038038724e-13 -8.77177323437059e-14    -0.562920834711165
-2.81558630924137e-15 -7.21079264049863e-15 -6.97380851642455e-13 -2.97557573570294e-13  3.63228976081322e-12      1.16309832452811  1.02246973147245e-14  -0.00190381887379149  -0.00679620844498167 -1.38039331353814e-13
 1.18685503865878e-15 -1.82196490614834e-15  1.77782908512765e-13 -3.76670467510622e-13  2.22431266098528e-12  1.02246973147245e-14      1.16309832452866  -0.00679620844479951   0.00190381887377987 -1.91466459628048e-12
 1.44907637536184e-15 -1.28826644749554e-14 -3.49030453594964e-14 -1.16996877673785e-12  7.48786038038724e-13  -0.00190381887379149  -0.00679620844479951     0.837439370530309 -3.65703551040096e-15  5.06361957437491e-12
 -6.6617757237686e-16  1.21532556530122e-14 -1.05303197101598e-13  1.09511286517753e-12 -8.77177323437059e-14  -0.00679620844498167   0.00190381887377987 -3.65703551040096e-15     0.837439370530854 -5.92800389397546e-12
-8.52673181948861e-05   0.00153924099283768    0.0396297973543922      0.12843131501098    -0.562920834711165 -1.38039331353814e-13 -1.91466459628048e-12  5.06361957437491e-12 -5.92800389397546e-12     0.994713018300275
TOTAL ENERGY: -127.200436171634	 lambda: 0.2	 population of target: 6.90625389597004
1RDM: 
     1.99999981545398  5.60671955672949e-07  1.03549169745213e-05  3.45311254256007e-05 -0.000281885152838908 -3.07397020071384e-15  1.08514430045294e-15  1.66524853827183e-15 -9.47560980020583e-16 -7.14281797176544e-05
 5.60671955672949e-07      1.99999398122375 -8.02194816463614e-05 -0.000325915989331224    0.0010185370241239 -6.93394058041742e-15 -9.50653462717737e-16 -1.52899711041659e-14  1.47935909515961e-14   0.00158279141514231
 1.03549169745213e-05 -8.02194816463614e-05      1.99796022824789   -0.0062542278580088    0.0347066463566543 -6.89482792014206e-13   2.1444959567016e-13 -4.70570199072928e-14 -8.47626530044494e-14    0.0359289741332995
 3.45311254256007e-05 -0.000325915989331224   -0.0062542278580088      1.97710913566342     0.106744112211301 -2.58296017230511e-13 -3.30696211616049e-13 -1.29399944056606e-12  1.23459353586013e-12     0.128488206413282
-0.000281885152838908    0.0010185370241239    0.0347066463566543     0.106744112211301     0.981870079668611  2.94499268373585e-12  1.61423522413596e-12  1.12405020676464e-12 -6.14416648490749e-13     -0.46371829764577
-3.07397020071384e-15 -6.93394058041742e-15 -6.89482792014206e-13 -2.58296017230511e-13  2.94499268373585e-12      1.12976357088264  1.63277306792472e-15  -0.00154146851504071  -0.00863330323106461 -4.46770801451013e-13
 1.08514430045294e-15 -9.50653462717737e-16   2.1444959567016e-13 -3.30696211616049e-13  1.61423522413596e-12  1.63277306792472e-15      1.12976357088285  -0.00863330323093022    0.0015414685150314 -1.86689315619108e-12
 1.66524853827183e-15 -1.52899711041659e-14 -4.70570199072928e-14 -1.29399944056606e-12  1.12405020676464e-12  -0.00154146851504071  -0.00863330323093022     0.870582767318989  1.55445135675945e-15  3.96773591238014e-12
-9.47560980020583e-16  1.47935909515961e-14 -8.47626530044494e-14  1.23459353586013e-12 -6.14416648490749e-13  -0.00863330323106461    0.0015414685150314  1.55445135675945e-15     0.870582767319193 -4.74963414002218e-12
-7.14281797176544e-05   0.00158279141514231    0.0359289741332995     0.128488206413282     -0.46371829764577 -4.46770801451013e-13 -1.86689315619108e-12  3.96773591238014e-12 -4.74963414002218e-12       1.0423740833387
TOTAL ENERGY: -127.189732101256	 lambda: 0.3	 population of target: 6.94990921901509
1RDM: 
     1.99999982121816  5.14419844605756e-07  1.17885027969521e-05  3.59921920324757e-05 -0.000297790059391085 -3.14361781604778e-15  1.07865955400866e-15  1.88018160245597e-15 -1.19460514238344e-15 -7.60451876343451e-05
 5.14419844605756e-07      1.99999482499771  -8.3335378427015e-05 -0.000310662147546674   0.00115868005829761 -6.40122826964849e-15 -9.74412745972334e-17 -1.66655165346274e-14  1.63586572182408e-14   0.00156033763537025
 1.17885027969521e-05  -8.3335378427015e-05      1.99797417974988  -0.00637308783382089    0.0354191003747632  -6.7534849015025e-13  2.41907896446908e-13 -4.57371131424319e-14 -8.02487793961857e-14    0.0323863123974968
 3.59921920324757e-05 -0.000310662147546674  -0.00637308783382089      1.97667168849085     0.114518630796757 -2.18958571310316e-13 -2.86699187685907e-13 -1.37268315692819e-12  1.32523600593625e-12     0.126634731976498
-0.000297790059391085   0.00115868005829761    0.0354191003747632     0.114518630796757     0.959608711621385  2.51471888651037e-12    1.261403282219e-12  1.26014208731967e-12 -8.40573276232466e-13    -0.400628187593263
-3.14361781604778e-15 -6.40122826964849e-15  -6.7534849015025e-13 -2.18958571310316e-13  2.51471888651037e-12      1.11048782684628 -9.43661218926233e-16  -0.00132720559691759  -0.00913400962550351 -5.81354914793981e-13
 1.07865955400866e-15 -9.74412745972334e-17  2.41907896446908e-13 -2.86699187685907e-13    1.261403282219e-12 -9.43661218926233e-16      1.11048782684648  -0.00913400962539674   0.00132720559690829 -1.78370481726408e-12
 1.88018160245597e-15 -1.66655165346274e-14 -4.57371131424319e-14 -1.37268315692819e-12  1.26014208731967e-12  -0.00132720559691759  -0.00913400962539674     0.889776095862551  3.85093631307919e-15  3.29905396660309e-12
-1.19460514238344e-15  1.63586572182408e-14 -8.02487793961857e-14  1.32523600593625e-12 -8.40573276232466e-13  -0.00913400962550351   0.00132720559690829  3.85093631307919e-15     0.889776095862749 -4.01604272942135e-12
-7.60451876343451e-05   0.00156033763537025    0.0323863123974968     0.126634731976498    -0.400628187593263 -5.81354914793981e-13 -1.78370481726408e-12  3.29905396660309e-12 -4.01604272942135e-12        1.065222928504
TOTAL ENERGY: -127.180589297709	 lambda: 0.4	 population of target: 6.97628948689583
1RDM: 
     1.99999981457619  5.35467353023966e-07  1.32764171084764e-05   4.0252007633242e-05 -0.000314962873192678 -3.08848387162369e-15  1.11813096791299e-15  2.16151150691274e-15 -1.49197577127345e-15 -9.47403761468738e-05
 5.35467353023966e-07      1.99999529959397 -8.35734909406327e-05 -0.000303623856572467    0.0012586074430843 -5.80231408388417e-15  6.78448747535952e-16 -1.74834733879477e-14   1.7333793305999e-14    0.0015111477142578
 1.32764171084764e-05 -8.35734909406327e-05      1.99799642139315  -0.00633028135708995    0.0355671070890581 -6.58529757679088e-13  2.62979653833796e-13  -3.5903027114267e-14 -8.62425940714893e-14    0.0290698267508659
  4.0252007633242e-05 -0.000303623856572467  -0.00633028135708995      1.97615250751314     0.120902357207077 -1.83831061352653e-13 -2.45226986944809e-13 -1.43156503003268e-12  1.39405248195442e-12     0.124333686409125
-0.000314962873192678    0.0012586074430843    0.0355671070890581     0.120902357207077     0.946004956933241  2.26807460800704e-12  1.05187520549561e-12  1.34121027191667e-12 -9.72846795024997e-13    -0.364817982608599
-3.08848387162369e-15 -5.80231408388417e-15 -6.58529757679088e-13 -1.83831061352653e-13  2.26807460800704e-12      1.10024112725784  2.57245517131296e-15  -0.00121386047275506   -0.0094736262201313 -6.60843342563265e-13
 1.11813096791299e-15  6.78448747535952e-16  2.62979653833796e-13 -2.45226986944809e-13  1.05187520549561e-12  2.57245517131296e-15      1.10024112725798   -0.0094736262200303   0.00121386047274769 -1.73957495793004e-12
 2.16151150691274e-15 -1.74834733879477e-14  -3.5903027114267e-14 -1.43156503003268e-12  1.34121027191667e-12  -0.00121386047275506   -0.0094736262200303     0.899986186832047 -2.42045115866299e-16  2.90931547268133e-12
-1.49197577127345e-15   1.7333793305999e-14 -8.62425940714893e-14  1.39405248195442e-12 -9.72846795024997e-13   -0.0094736262201313   0.00121386047274769 -2.42045115866299e-16     0.899986186832193 -3.59124698856243e-12
-9.47403761468738e-05    0.0015111477142578    0.0290698267508659     0.124333686409125    -0.364817982608599 -6.60843342563265e-13 -1.73957495793004e-12  2.90931547268133e-12 -3.59124698856243e-12      1.07939637181025
TOTAL ENERGY: -127.171900208323	 lambda: 0.5	 population of target: 6.99566749008081
1RDM: 
     1.99999979757064  5.92711348518639e-07   1.4974442592684e-05   4.6325069021748e-05   -0.0003365706355478 -2.94513254762162e-15  1.17962256905179e-15  2.53317458619193e-15 -1.87199146183822e-15 -0.000124644955654185
 5.92711348518639e-07      1.99999560778157 -8.26263093206686e-05 -0.000299029825534148   0.00133583786791498 -5.16909090716466e-15  1.40695779944312e-15 -1.79836090304388e-14  1.79734663778302e-14   0.00144707117270661
  1.4974442592684e-05 -8.26263093206686e-05      1.99800342362933  -0.00619539197442707    0.0353456356937015 -6.39809183222525e-13  2.80077331388718e-13 -2.02020758783076e-14 -9.95316752027881e-14    0.0258766438640743
  4.6325069021748e-05 -0.000299029825534148  -0.00619539197442707      1.97568030577522     0.126771268828488 -1.51717925388902e-13 -2.04098226889086e-13  -1.4821719326505e-12  1.45367099780936e-12     0.121885600194748
  -0.0003365706355478   0.00133583786791498    0.0353456356937015     0.126771268828488     0.933818242013903  2.14932003205319e-12  9.21900796386499e-13  1.43899434270962e-12 -1.09714056591229e-12    -0.348984599537338
-2.94513254762162e-15 -5.16909090716466e-15 -6.39809183222525e-13 -1.51717925388902e-13  2.14932003205319e-12      1.09615033534056  9.20395248811936e-16  -0.00117208078043174   -0.0100354371860937 -7.35096201010586e-13
 1.17962256905179e-15  1.40695779944312e-15  2.80077331388718e-13 -2.04098226889086e-13  9.21900796386499e-13  9.20395248811936e-16      1.09615033534073   -0.0100354371860105    0.0011720807804243 -1.75381973092537e-12
 2.53317458619193e-15 -1.79836090304388e-14 -2.02020758783076e-14  -1.4821719326505e-12  1.43899434270962e-12  -0.00117208078043174   -0.0100354371860105     0.904063093629371  1.36215494739455e-15  2.70148154215052e-12
-1.87199146183822e-15  1.79734663778302e-14 -9.95316752027881e-14  1.45367099780936e-12 -1.09714056591229e-12   -0.0100354371860937    0.0011720807804243  1.36215494739455e-15     0.904063093629534 -3.37756128856087e-12
-0.000124644955654185   0.00144707117270661    0.0258766438640743     0.121885600194748    -0.348984599537338 -7.35096201010586e-13 -1.75381973092537e-12  2.70148154215052e-12 -3.37756128856087e-12       1.0920757652892
TOTAL ENERGY: -127.161929692876	 lambda: 0.6	 population of target: 7.01377908878613
1RDM: 
     1.99999976851648  6.73832586751218e-07  1.69851535776537e-05    5.392518333322e-05 -0.000365334867451381 -2.73038798565875e-15  1.24700343168283e-15  3.02051797842358e-15 -2.36499878477514e-15  -0.00016475558440461
 6.73832586751218e-07      1.99999583712923 -8.16106283615144e-05 -0.000294307466406553   0.00140025494954871 -4.48262741703663e-15  2.13303088448324e-15 -1.82744913001427e-14  1.83983581864779e-14   0.00136926098606064
 1.69851535776537e-05 -8.16106283615144e-05       1.9979567747312  -0.00600280345340187    0.0348426745356416 -6.18981331964016e-13  2.94613981766189e-13  5.57054756503688e-16 -1.19040274054688e-13    0.0226929836983705
   5.392518333322e-05 -0.000294307466406553  -0.00600280345340187       1.9753128752603     0.132692693072312 -1.20185205166776e-13 -1.60216844072604e-13 -1.53034724829425e-12  1.51079474402022e-12     0.119196552484901
-0.000365334867451381   0.00140025494954871    0.0348426745356416     0.132692693072312     0.918814908146436  2.13040683023234e-12  8.35968588176317e-13  1.59379923000563e-12  -1.2608137948914e-12    -0.349720231281577
-2.73038798565875e-15 -4.48262741703663e-15 -6.18981331964016e-13 -1.20185205166776e-13  2.13040683023234e-12       1.0970951053128 -6.24737026267004e-15  -0.00119099853925028   -0.0110413367088312   -8.318110264437e-13
 1.24700343168283e-15  2.13303088448324e-15  2.94613981766189e-13 -1.60216844072604e-13  8.35968588176317e-13 -6.24737026267004e-15      1.09709510531281   -0.0110413367087224    0.0011909985392451 -1.83912789635412e-12
 3.02051797842358e-15 -1.82744913001427e-14  5.57054756503688e-16 -1.53034724829425e-12  1.59379923000563e-12  -0.00119099853925028   -0.0110413367087224     0.903119632693106  7.56483245142546e-15  2.62478394386483e-12
-2.36499878477514e-15  1.83983581864779e-14 -1.19040274054688e-13  1.51079474402022e-12  -1.2608137948914e-12   -0.0110413367088312    0.0011909985392451  7.56483245142546e-15     0.903119632693118 -3.32521182441476e-12
 -0.00016475558440461   0.00136926098606064    0.0226929836983705     0.119196552484901    -0.349720231281577   -8.318110264437e-13 -1.83912789635412e-12  2.62478394386483e-12 -3.32521182441476e-12      1.10749036020454
TOTAL ENERGY: -127.147693594071	 lambda: 0.7	 population of target: 7.03559616991793
1RDM: 
     1.99999972221985  7.74126596829271e-07  1.94482554341807e-05  6.30986896334515e-05 -0.000405517588892372 -2.45271122162537e-15  1.29905851953616e-15   3.6682569874738e-15  -3.0207092020147e-15 -0.000215154277860605
 7.74126596829271e-07      1.99999602365128 -8.18030695942586e-05 -0.000287959317853264   0.00145706129478908 -3.70122939719834e-15  2.90400297146741e-15 -1.83886644756866e-14  1.86513395696235e-14   0.00127350232579103
 1.94482554341807e-05 -8.18030695942586e-05      1.99778498015777  -0.00577627781693264    0.0340520664456832 -5.95434258106114e-13  3.07123084134109e-13  2.69855890348162e-14 -1.45429210288167e-13    0.0194247483934372
 6.30986896334515e-05 -0.000287959317853264  -0.00577627781693264      1.97509965988636     0.139163135945098 -8.60424185256052e-14 -1.09357007229548e-13 -1.57970347403014e-12  1.56989051781131e-12     0.115950917604151
-0.000405517588892372   0.00145706129478908    0.0340520664456832     0.139163135945098     0.896638675051948  2.20294464817837e-12  7.68046620373967e-13  1.84950863846199e-12 -1.51063697498563e-12    -0.366876912200231
-2.45271122162537e-15 -3.70122939719834e-15 -5.95434258106114e-13 -8.60424185256052e-14  2.20294464817837e-12      1.10324892964163 -1.01694384827931e-15  -0.00127492919252753    -0.012779523741364  -9.7852120684051e-13
 1.29905851953616e-15  2.90400297146741e-15  3.07123084134109e-13 -1.09357007229548e-13  7.68046620373967e-13 -1.01694384827931e-15      1.10324892964195   -0.0127795237413012   0.00127492919252045 -2.01836325019932e-12
  3.6682569874738e-15 -1.83886644756866e-14  2.69855890348162e-14 -1.57970347403014e-12  1.84950863846199e-12  -0.00127492919252753   -0.0127795237413012      0.89698271194958  4.24938274179639e-15  2.65472535153146e-12
 -3.0207092020147e-15  1.86513395696235e-14 -1.45429210288167e-13  1.56989051781131e-12 -1.51063697498563e-12    -0.012779523741364   0.00127492919252045  4.24938274179639e-15     0.896982711949898 -3.41629829273253e-12
-0.000215154277860605   0.00127350232579103    0.0194247483934372     0.115950917604151    -0.366876912200231  -9.7852120684051e-13 -2.01836325019932e-12  2.65472535153146e-12 -3.41629829273253e-12      1.13001765584974
TOTAL ENERGY: -127.122916810366	 lambda: 0.8	 population of target: 7.06844978147066
1RDM: 
     1.99999964816205  8.91412876114598e-07   2.2601891848143e-05   7.4067799791412e-05 -0.000465173608481023 -2.12436216997328e-15  1.29275026669384e-15  4.55910666692466e-15 -3.93040291275034e-15 -0.000275972713048831
 8.91412876114598e-07      1.99999617123788 -8.54870488788248e-05 -0.000278622255000751   0.00150673773241013 -2.76294884903169e-15  3.76723712182137e-15 -1.82836583884793e-14  1.86990175712317e-14   0.00115062396770153
  2.2601891848143e-05 -8.54870488788248e-05       1.9973334928939  -0.00554263310975902    0.0328383283177143 -5.68319381625792e-13  3.17144324664516e-13  6.14915380897206e-14 -1.81570540884954e-13    0.0159991233326952
  7.4067799791412e-05 -0.000278622255000751  -0.00554263310975902      1.97512179052269     0.146702251031429 -4.45613482712595e-14 -4.51735936305728e-14 -1.63219705337316e-12  1.63397912918616e-12     0.111522252641878
-0.000465173608481023   0.00150673773241013    0.0328383283177143     0.146702251031429     0.860151266393529  2.37031272295945e-12  6.83753230756969e-13  2.27928170553019e-12 -1.92061006528257e-12    -0.403029275324096
-2.12436216997328e-15 -2.76294884903169e-15 -5.68319381625792e-13 -4.45613482712595e-14  2.37031272295945e-12      1.11608424842257  2.42413263101398e-15  -0.00144494848036302    -0.015790769737317 -1.21896754877324e-12
 1.29275026669384e-15  3.76723712182137e-15  3.17144324664516e-13 -4.51735936305728e-14  6.83753230756969e-13  2.42413263101398e-15      1.11608424842275   -0.0157907697372316   0.00144494848035252 -2.33692465433591e-12
 4.55910666692466e-15 -1.82836583884793e-14  6.14915380897206e-14 -1.63219705337316e-12  2.27928170553019e-12  -0.00144494848036302   -0.0157907697372316     0.884188331793331  6.48154214477335e-17  2.77401765637055e-12
-3.93040291275034e-15  1.86990175712317e-14 -1.81570540884954e-13  1.63397912918616e-12 -1.92061006528257e-12    -0.015790769737317   0.00144494848035252  6.48154214477335e-17     0.884188331793516 -3.64933104965553e-12
-0.000275972713048831   0.00115062396770153    0.0159991233326952     0.111522252641878    -0.403029275324096 -1.21896754877324e-12 -2.33692465433591e-12  2.77401765637055e-12 -3.64933104965553e-12      1.16685247035781
TOTAL ENERGY: -127.072774394834	 lambda: 0.9	 population of target: 7.1270755196742
1RDM: 
     1.99999952636567  1.02053605026478e-06  2.67967524033066e-05  8.70143830607341e-05 -0.000559934209165988 -1.78890450920741e-15  1.12867221771049e-15  5.83971078334362e-15 -5.25937468911251e-15 -0.000344530048418569
 1.02053605026478e-06      1.99999624332773 -9.76223584591576e-05 -0.000264464271734965   0.00153927234355051 -1.59001082238367e-15  4.74890018258436e-15  -1.7775492610332e-14  1.83609566928901e-14  0.000985121353189293
 2.67967524033066e-05 -9.76223584591576e-05      1.99623778488077  -0.00534220965334161    0.0307923618014297 -5.36844453859355e-13  3.22591296276107e-13  1.09884579153689e-13 -2.34428330401531e-13    0.0123603736139118
 8.70143830607341e-05 -0.000264464271734965  -0.00534220965334161      1.97554854187729     0.155691265994796  1.21537769187614e-14  4.18546584774727e-14 -1.68494155830311e-12   1.7015412972404e-12      0.10465148987395
-0.000559934209165988   0.00153927234355051    0.0307923618014297     0.155691265994796     0.795309525530699  2.62795955884986e-12  5.06228586299942e-13   3.0186252315455e-12 -2.62867895694325e-12    -0.461615309769785
-1.78890450920741e-15 -1.59001082238367e-15 -5.36844453859355e-13  1.21537769187614e-14  2.62795955884986e-12      1.13856965037303 -1.48801839913451e-15  -0.00174356156581573   -0.0211714108652889  -1.6349639071342e-12
 1.12867221771049e-15  4.74890018258436e-15  3.22591296276107e-13  4.18546584774727e-14  5.06228586299942e-13 -1.48801839913451e-15      1.13856965037331    -0.021171410865201   0.00174356156580682 -2.87611470450265e-12
 5.83971078334362e-15  -1.7775492610332e-14  1.09884579153689e-13 -1.68494155830311e-12   3.0186252315455e-12  -0.00174356156581573    -0.021171410865201     0.861791287605767  4.72411735774666e-15  2.93131611031287e-12
-5.25937468911251e-15  1.83609566928901e-14 -2.34428330401531e-13   1.7015412972404e-12 -2.62867895694325e-12   -0.0211714108652889   0.00174356156580682  4.72411735774666e-15     0.861791287606048 -4.00259504655911e-12
-0.000344530048418569  0.000985121353189293    0.0123603736139118      0.10465148987395    -0.461615309769785  -1.6349639071342e-12 -2.87611470450265e-12  2.93131611031287e-12 -4.00259504655911e-12      1.23218650205971
TOTAL ENERGY: -126.963979917668	 lambda: 1	 population of target: 7.2409398367083
1RDM: 
     1.99999932553219  1.13877122388462e-06  3.20849759951427e-05  0.000101235044070179  -0.00071488221664155 -1.59697257934834e-15  5.95018479309368e-16  7.69774316284567e-15 -7.23474122188249e-15 -0.000405738899218693
 1.13877122388462e-06      1.99999612822875 -0.000128499156943506 -0.000243082300510916   0.00151645047419779 -1.61012317681915e-16  5.74557570503188e-15 -1.63843518833705e-14  1.71340139716651e-14  0.000760116207182528
 3.20849759951427e-05 -0.000128499156943506      1.99368824361582  -0.00522256763552075    0.0269189746034448 -5.01999632009828e-13  3.18766665977415e-13  1.83865608607656e-13 -3.17729162846565e-13   0.00846075090909896
 0.000101235044070179 -0.000243082300510916  -0.00522256763552075      1.97670626910834     0.165251251534395  9.59478993571352e-14  1.60810343426576e-13 -1.71745022478415e-12  1.75296423282786e-12    0.0930406197049747
 -0.00071488221664155   0.00151645047419779    0.0269189746034448     0.165251251534395     0.677227939500233  2.88150915014277e-12  4.16908289733854e-14  4.27051515170099e-12 -3.85464761123357e-12    -0.535377125281054
-1.59697257934834e-15 -1.61012317681915e-16 -5.01999632009828e-13  9.59478993571352e-14  2.88150915014277e-12      1.17344024118204  9.73170595330536e-15   -0.0022171679277602   -0.0308410256367726 -2.35782621827434e-12
 5.95018479309368e-16  5.74557570503188e-15  3.18766665977415e-13  1.60810343426576e-13  4.16908289733854e-14  9.73170595330536e-15      1.17344024118239   -0.0308410256366976   0.00221716792774162 -3.72848778259655e-12
 7.69774316284567e-15 -1.63843518833705e-14  1.83865608607656e-13 -1.71745022478415e-12  4.27051515170099e-12   -0.0022171679277602   -0.0308410256366976     0.827108143007405  -6.1316232091485e-15  2.91006810374451e-12
-7.23474122188249e-15  1.71340139716651e-14 -3.17729162846565e-13  1.75296423282786e-12 -3.85464761123357e-12   -0.0308410256367726   0.00221716792774162  -6.1316232091485e-15     0.827108143007747 -4.29462197502763e-12
-0.000405738899218693  0.000760116207182528   0.00846075090909896    0.0930406197049747    -0.535377125281054 -2.35782621827434e-12 -3.72848778259655e-12  2.91006810374451e-12 -4.29462197502763e-12      1.35128532563511
-------------------general-----------------------
mullikenoperator: 
   0.0149780990310966    -0.121473212895732   0.00176571503853283 -0.000623251220956375 -1.54958724341617e-05 -4.61300387955266e-15 -5.82362965037553e-15 -1.57309598271878e-15 -2.19972480881157e-16  0.000818468864903705
   -0.121473212895732     0.984848023407954   -0.0128813692003584  -0.00203211968041937   0.00117968171843764  1.63249417015424e-14  1.03044962020762e-14 -1.12253493017186e-14  1.69860762984102e-14 -0.000970946043420114
  0.00176571503853284   -0.0128813692003584    0.0249457067931729    -0.138787759289525   -0.0303862696235403  3.86338955684509e-13   3.9752861349098e-13  5.33126858319683e-13  -6.0140724201252e-13   -0.0785382848436032
-0.000623251220956383  -0.00203211968041936    -0.138787759289525     0.965849850989657     0.122065485796728  5.39309429624155e-13  7.61684694740121e-13 -1.15264460391521e-12  1.41019908677434e-12   -0.0234192573223967
-1.54958724341623e-05   0.00117968171843763   -0.0303862696235403     0.122065485796728     0.025301146125015  3.91611197270379e-12 -7.84976644597437e-12  7.36047988257927e-12 -4.44891418775809e-12     0.115500119459636
-4.61300387955266e-15  1.63249417015424e-14  3.86338955684509e-13  5.39309429624154e-13  3.91611197270379e-12     0.446200479649728 -1.67468307016999e-14  -0.00344228310900506     -0.49718979799705 -1.43934914631003e-12
-5.82362965037552e-15  1.03044962020762e-14   3.9752861349098e-13   7.6168469474012e-13 -7.84976644597437e-12 -1.67563649045542e-14      0.44620047965027    -0.497189797997109   0.00344228310900917 -4.63809221331645e-12
-1.57309598271877e-15 -1.12253493017186e-14  5.33126858319683e-13 -1.15264460391521e-12  7.36047988257927e-12  -0.00344228310900505    -0.497189797997109     0.553799520349731  2.04080052553304e-14 -5.89699618164274e-12
-2.19972480881176e-16  1.69860762984103e-14  -6.0140724201252e-13  1.41019908677434e-12 -4.44891418775809e-12     -0.49718979799705   0.00344228310900916  2.04149712542886e-14     0.553799520350273 -3.28686515063806e-13
 0.000818468864903704 -0.000970946043420113   -0.0785382848436032   -0.0234192573223967     0.115500119459636 -1.43934914631003e-12 -4.63809221331645e-12 -5.89699618164274e-12 -3.28686515063806e-13     0.984077173653107
selected BF: 
0 1 2 3 4
selected lambdas: 
  -1 -0.9 -0.8 -0.7 -0.6 -0.5 -0.4 -0.3 -0.2 -0.1    0  0.1  0.2  0.3  0.4  0.5  0.6  0.7  0.8  0.9    1
RHF C: 
-0.000137574348796459    -0.995173742502181    0.0381370916015587     0.254650963535803    0.0463816276692162  -6.5088068271516e-14  2.09604592280079e-13 -3.14541466390222e-13  1.14402113323695e-13   0.00655434239372727
 0.000725239856143252   -0.0197653302784652    -0.146023124508742     -1.00393109041811    -0.191663148990893    2.719979795918e-13 -8.75951280369337e-13  1.31470160842185e-12  -4.7816551672276e-13   -0.0281923043330272
 5.40070664250154e-16  3.98882429813301e-15  2.90171360868434e-13  1.16295279421836e-13 -6.16515715841836e-13     0.175902877014205    -0.738324015399827    -0.625795467902314     0.180918739316862 -9.06987892382337e-12
 1.62596573696302e-17 -2.68512847995111e-16 -1.93457431510206e-14 -7.88555902855965e-15  4.20024808353334e-14    -0.738324015400005    -0.175902877014139    -0.180918739316929    -0.625795467902103  6.14883181701295e-13
 0.000972499711670545 -0.000335183530226396   -0.0357073150035618   -0.0128866584781824     0.176591696017679 -2.77348700668766e-12  8.91886456404601e-12  2.61297392482382e-12 -9.52006109907598e-13    -0.992405940220807
    -0.99521393178077 -0.000184225951955664     0.256891291841486   -0.0509970248223118    0.0108011265679902 -8.85582328447728e-14   2.8458155779873e-13  7.52343665973238e-14  -2.7460801184833e-14   -0.0238505624480769
  -0.0194905073269401  0.000822392073021717     -1.00554535526583     0.208617559615134   -0.0447909112084044  3.97910933392078e-13 -1.28073680337318e-12  -3.4344810580225e-13  1.24918014238472e-13     0.111706895980405
 1.61071211553148e-15  1.18977519322321e-15  -1.7798928894217e-13 -2.87156694004295e-13  1.05805813166559e-11     0.147356192004808    -0.618503899548586     0.741735456294548    -0.214437225167716 -1.91879706990673e-12
   -9.68166722641e-17 -8.10554856035489e-17    1.192814776206e-14  1.91251389790372e-14 -7.12238192868254e-13    -0.618503899548375    -0.147356192004886     0.214437225167661     0.741735456294724  1.29911498316339e-13
 0.000358269979122625 -0.000999611441148148    0.0469788128791788       0.1088168129529    -0.961084577580437  1.14634462970733e-12 -3.69647879235893e-12  8.80331181742683e-12 -3.20088983647136e-12    -0.279880456203906
RDM (no constraint): 
     1.99999978597053  7.76653409534308e-08 -1.87886547347475e-05  8.79311480711635e-06  0.000147263755172709 -5.19652627403174e-16  2.08831058819542e-15 -1.99804903469862e-15   8.6322188200962e-16 -1.13361096275732e-05
 7.76653409534308e-08      1.99999719724059 -1.57950618371996e-05 -0.000171553966591238  9.50269003345374e-05 -3.39173997831425e-16  1.09559825177351e-15 -3.85608424754946e-17  1.57019740951665e-17   0.00032003550898554
-1.87886547347475e-05 -1.57950618371996e-05      1.99655969011993  -0.00142272094586925    0.0362030921077893 -4.17813242533379e-14  1.35496517500196e-13 -1.61879661992011e-14  6.18589020072058e-15    0.0236793281491569
 8.79311480711635e-06 -0.000171553966591238  -0.00142272094586925      1.98532538448329    0.0212394514461923   1.7184753839837e-13 -5.52824714588137e-13  -1.6956008565357e-13  6.19383076404358e-14    0.0793901890408189
 0.000147263755172709  9.50269003345374e-05    0.0362030921077893    0.0212394514461923      1.54767324590542 -1.61102969170831e-12  5.18265505071979e-12 -3.76351591748818e-12  1.36718660608382e-12     -0.44975039520002
-5.19652627403174e-16 -3.39173997831425e-16 -4.17813242533379e-14   1.7184753839837e-13 -1.61102969170831e-12       1.2049715052689 -1.95815272847861e-15  -0.00280112116068871   -0.0588732745674601 -8.74774917993173e-13
 2.08831058819542e-15  1.09559825177351e-15  1.35496517500196e-13 -5.52824714588137e-13  5.18265505071979e-12 -1.95815272847861e-15      1.20497150526903    -0.058873274567382   0.00280112116069808  2.80620314482382e-12
-1.99804903469862e-15 -3.85608424754946e-17 -1.61879661992011e-14  -1.6956008565357e-13 -3.76351591748818e-12  -0.00280112116068871    -0.058873274567382     0.796017226621752  8.09619871453191e-15  4.46768726376213e-12
  8.6322188200962e-16  1.57019740951665e-17  6.18589020072058e-15  6.19383076404358e-14  1.36718660608382e-12   -0.0588732745674601   0.00280112116069808  8.09619871453191e-15      0.79601722662188 -1.62458545845975e-12
-1.13361096275732e-05   0.00032003550898554    0.0236793281491569    0.0793901890408189     -0.44975039520002 -8.74774917993173e-13  2.80620314482382e-12  4.46768726376213e-12 -1.62458545845975e-12     0.468467232498681
RDM Eigenvectors: 
    0.992383010239801    -0.122374953392506   -0.0141300646134719 -0.000656270771339152 -0.000491746404210605 -1.54913493510227e-15  2.95111915865628e-16  2.90520117802531e-16  -6.1382989162669e-16 -2.31892411384369e-05
    0.122196920919698     0.992316632722482   -0.0126143831330655    0.0147120312468393  7.76359405765344e-05 -3.30736317116653e-15  9.99905325866434e-16 -5.43569519563773e-16  2.30967230166847e-15 -0.000200966380424281
  -0.0155777663512536   -0.0113016729433212    -0.994838503282918    0.0388769921065951   -0.0894303971034269 -6.03123781410375e-14  1.66532630888229e-14 -8.69843283913014e-14  3.20715742916614e-13   -0.0204142432791236
-0.000547057466462407   -0.0142542648898584    0.0378982298107681     0.997683295445621    0.0251058101200947  1.32366897301715e-13 -3.66738589364976e-14 -7.23388338185312e-14  2.66334189562843e-13   -0.0485590478157186
-0.000952161348731739 -0.000994188343600173   -0.0912273847703405  -0.00354718561072689     0.935939026514559 -7.26948274324353e-12  2.02680198435458e-12  1.95671300077434e-12 -7.19603470227104e-12     0.340119428094735
 1.94476855364093e-15 -2.03970483878112e-16  2.39657124226704e-13  1.66098736649324e-13  -2.6148472162324e-12   -0.0288092447879405     0.989752136722426    -0.139770838171748   0.00498478333614777   1.6573408720247e-12
-5.77330027076025e-15  6.54910461121346e-16 -7.72461916736992e-13 -5.34883238680628e-13  8.41801569837416e-12     0.989752136722462    0.0288092447879454  -0.00498478333611084    -0.139770838171494 -5.32332989649857e-12
  2.0249254663873e-15  4.10823951904486e-15  3.80190752396895e-13  9.60563222484489e-14 -6.06484366078266e-12    -0.139449128782838   -0.0107086763783986   -0.0822791848667693     -0.98674687760823 -6.52809424023638e-12
-6.22642908890692e-16  -1.4195154976471e-15 -1.38371830633207e-13 -3.46763659635051e-14  2.20393344851391e-12    0.0107086763784218    -0.139449128783093    -0.986746877608194    0.0822791848667659  2.37519702988128e-12
 2.85925966863433e-05 -0.000413418876159985    0.0133738342733109    0.0537323402898165    -0.339690731662273   7.3047156561481e-12 -2.04118362366222e-12  1.42815156475227e-12 -5.24261575813132e-12     0.938905752061332
Total C: 
    0.120918854368144    -0.984276627569059   -0.0210726416894593     0.270538061860392    0.0422467143998396  1.95087382405051e-13  1.16426741749269e-13 -3.69386997470109e-13   3.9495469385723e-13   0.00500295178298886
    0.005955567321129   -0.0324619320857775     0.124167725318221     -1.01030082028486    -0.172072373913044 -8.08247337619381e-13 -5.09325197331915e-13   1.5295249030555e-12 -1.64588672265323e-12   -0.0172519853367328
-4.39838852084328e-15  3.28765322403297e-15  4.56372964528165e-14  6.95727312192626e-13 -8.99031088931735e-12    -0.647455603088534     0.130661982072931    -0.143654090136119     0.737229898063201 -7.34645175138173e-12
 1.71603739574216e-15  6.62228081717889e-16 -1.40731211750303e-13 -2.82262176873839e-13  9.41019180462469e-12    -0.130661982072825     -0.64745560308893     0.737229898062853     0.143654090136215 -1.44940394407614e-12
  0.00145528887481258  0.000260215200348832    0.0394772068510943    0.0384179629466631    -0.168954877170986  6.42019298413249e-12   4.4358440893463e-12  6.40835243473722e-12  -5.8926780930461e-12    -0.992932015733138
   -0.991212033845154    -0.125780051880993    -0.242521724907207   -0.0391667577153786   -0.0203096811917509  2.56952100047609e-13  -2.3516200781122e-14  2.11153205427764e-13 -1.83132743808809e-13   -0.0253954203753127
 -0.00535174191751646     0.014161989059784      1.01048524082266     0.163475912623579    0.0870831320603833  -1.1345640557652e-12  3.47575223065793e-14 -9.56656535595912e-13  8.30558950376905e-13     0.117857920072548
-1.06585546150084e-15 -1.39919860266268e-15 -8.93666792029635e-13 -3.02596790982912e-15  9.93708509275164e-12     -0.72115268629051     0.154302155806172     0.136640539149737    -0.661721045888292 -8.91107719082225e-13
 6.01629556840753e-16  3.45211596144162e-15  3.04006110487615e-13  1.00916451102373e-13 -1.34400231277592e-12    -0.154302155806271    -0.721152686290154     -0.66172104588868    -0.136640539149626 -7.43449664515514e-12
 0.000221741589219405  4.17878936264636e-05    0.0491635778680735    0.0998211046668778    -0.999380439638235 -2.85945906396389e-12 -5.26341268023674e-12   9.9980901402768e-12 -1.12154708699892e-11    0.0701658455109777
Basis set used: STO-3G
Naturals: 
 1.99999994399663  1.99999960332608  1.99961494367987  1.98946762040783  1.70801654632568  1.21329664329228  1.21329664329218 0.787692088598605 0.787692088598502 0.300923878482364
Version: Tmhuysen's fci hack
