TOTAL ENERGY: -126.665075307791	 lambda: -1	 population of target: 5.28241458375508
1RDM: 
     1.99998805548894  1.03642626046909e-05  -5.5091907582111e-05  0.000603979401567118  -0.00310420222489338   2.0127859076852e-15  2.46536969508032e-15  6.62343953267776e-15 -5.14983289301296e-15  -0.00152314522509319
 1.03642626046909e-05      1.99996497640829   0.00015376078838331  -0.00128728257779973  -0.00147304443824446  1.56745033592152e-15  1.37276336038858e-15  2.29627161549272e-15 -1.22222638013815e-15  -0.00032058499170609
 -5.5091907582111e-05   0.00015376078838331      1.99839907700085   0.00626341628901756   0.00423423205307083 -7.63188693196269e-15 -4.55985176918165e-15  2.49145441106016e-14 -2.72589698914468e-14  -0.00224718970747902
 0.000603979401567118  -0.00128728257779973   0.00626341628901756      1.94504503090604    0.0290697319970699 -7.51569458370925e-14 -8.01279485480621e-14  3.19573955897381e-13 -2.19111314813874e-13    0.0253002625849341
 -0.00310420222489338  -0.00147304443824446   0.00423423205307083    0.0290697319970699     0.457222719394875  1.41114263584325e-12  1.62445089911012e-12  4.09681066089924e-13  -4.6612409193636e-13    -0.714528882469709
  2.0127859076852e-15  1.56745033592152e-15 -7.63188693196269e-15 -7.51569458370925e-14  1.41114263584325e-12      1.68916897389197  0.000244565754066247 -0.000128068996742441    -0.468734374649104  7.14906699616725e-13
 2.46536969508032e-15  1.37276336038858e-15 -4.55985176918165e-15 -8.01279485480621e-14  1.62445089911012e-12  0.000244565754066247      1.75003793977149     0.365455699238485  0.000638668956265762  8.41669737150804e-13
 6.62343953267776e-15  2.29627161549272e-15  2.49145441106016e-14  3.19573955897381e-13  4.09681066089924e-13 -0.000128068996742441     0.365455699238485     0.273773292211195  0.000207324641632979  4.98208282200942e-13
-5.14983289301296e-15 -1.22222638013815e-15 -2.72589698914468e-14 -2.19111314813874e-13  -4.6612409193636e-13    -0.468734374649104  0.000638668956265762  0.000207324641632979     0.334642811599726 -4.56290064019745e-13
 -0.00152314522509319  -0.00032058499170609  -0.00224718970747902    0.0253002625849341    -0.714528882469709  7.14906699616725e-13  8.41669737150804e-13  4.98208282200942e-13 -4.56290064019745e-13      1.55175712332666
TOTAL ENERGY: -126.783000735901	 lambda: -0.9	 population of target: 5.40663402861111
1RDM: 
     1.99998915084389  9.40136374517618e-06 -3.03394337993664e-05  0.000540195418552444  -0.00289556394748293   1.8406443271005e-15  2.26408320753561e-15  6.18183044398678e-15 -4.77433917006496e-15  -0.00146377594065896
 9.40136374517618e-06       1.9999670599832  0.000143773649474407  -0.00120563566499434  -0.00153776009719036  1.58246462210986e-15  1.42142831647769e-15  2.47488637576314e-15 -1.43947431523437e-15 -0.000377439792366206
-3.03394337993664e-05  0.000143773649474407      1.99837698920646   0.00543525819037386    0.0135616112690776 -1.05426041899075e-14 -8.81165075314211e-15  9.62974317531088e-16 -1.15004284135544e-14    0.0045670859834767
 0.000540195418552444  -0.00120563566499434   0.00543525819037386      1.94913465128856    0.0180629053384153 -5.87954780465633e-14 -7.22821938895282e-14  3.30252897250008e-13 -2.46103277304789e-13    0.0209074045049669
 -0.00289556394748293  -0.00153776009719036    0.0135616112690776    0.0180629053384153     0.484230812265588  1.30052757070035e-12  1.58265642917055e-12  4.70519006700766e-13 -3.74385963082348e-13    -0.737107518383678
  1.8406443271005e-15  1.58246462210986e-15 -1.05426041899075e-14 -5.87954780465633e-14  1.30052757070035e-12      1.69470676720669  6.81178300195239e-05  0.000142878916032768    -0.422281686971341  6.98115617045838e-13
 2.26408320753561e-15  1.42142831647769e-15 -8.81165075314211e-15 -7.22821938895282e-14  1.58265642917055e-12  6.81178300195239e-05      1.71166105165323     0.393514712674175  0.000356445180663371  8.90261336510394e-13
 6.18183044398678e-15  2.47488637576314e-15  9.62974317531088e-16  3.30252897250008e-13  4.70519006700766e-13  0.000142878916032768     0.393514712674175      0.31052038298608  5.77508263449396e-05  5.46477635793755e-13
-4.77433917006496e-15 -1.43947431523437e-15 -1.15004284135544e-14 -2.46103277304789e-13 -3.74385963082348e-13    -0.422281686971341  0.000356445180663371  5.77508263449396e-05     0.327474821560117 -5.29666920045384e-13
 -0.00146377594065896 -0.000377439792366206    0.0045670859834767    0.0209074045049669    -0.737107518383678  6.98115617045838e-13  8.90261336510394e-13  5.46477635793755e-13 -5.29666920045384e-13      1.52393831300623
TOTAL ENERGY: -126.895085283541	 lambda: -0.8	 population of target: 5.53854370194512
1RDM: 
     1.99999017546741  8.39558570219136e-06 -1.00173708639952e-05  0.000476384142109195  -0.00268715724968127  1.68063009494941e-15   2.0765096845278e-15  5.73516746924175e-15 -4.39476679040202e-15  -0.00138682940875742
 8.39558570219136e-06      1.99996924294844  0.000133904621595172  -0.00112173640699989  -0.00160904290689943  1.60058299027928e-15  1.46477982481612e-15   2.6759932502176e-15 -1.66990191503724e-15 -0.000449287683077972
-1.00173708639952e-05  0.000133904621595172      1.99824118582197   0.00478410114247925    0.0214826817444678 -1.23325723414696e-14 -1.15788466251659e-14 -1.98958361750023e-14  1.99893284911188e-15    0.0110047888214585
 0.000476384142109195  -0.00112173640699989   0.00478410114247925      1.95324081561346   0.00616478710964605 -4.24911316272825e-14 -6.33583401821611e-14  3.44228514724615e-13 -2.73980371964138e-13    0.0151257600923029
 -0.00268715724968127  -0.00160904290689943    0.0214826817444678   0.00616478710964605     0.521962893322402  1.18401751722399e-12  1.52508099858935e-12  5.01042921026085e-13 -2.70974637435365e-13    -0.753252909638767
 1.68063009494941e-15  1.60058299027928e-15 -1.23325723414696e-14 -4.24911316272825e-14  1.18401751722399e-12      1.69637462395249 -9.31791743790066e-05  0.000389367094094553    -0.377861422140947  6.71441216054739e-13
  2.0765096845278e-15  1.46477982481612e-15 -1.15788466251659e-14 -6.33583401821611e-14  1.52508099858935e-12 -9.31791743790066e-05      1.67318558639436     0.417207140154273  9.72649233986166e-05  9.19752569775286e-13
 5.73516746924175e-15   2.6759932502176e-15 -1.98958361750023e-14  3.44228514724615e-13  5.01042921026085e-13  0.000389367094094553     0.417207140154273     0.347357967843913 -7.89772863998574e-05  5.92760191103355e-13
-4.39476679040202e-15 -1.66990191503724e-15  1.99893284911188e-15 -2.73980371964138e-13 -2.70974637435365e-13    -0.377861422140947  9.72649233986166e-05 -7.89772863998574e-05     0.324168719281082 -5.95715287161235e-13
 -0.00138682940875742 -0.000449287683077972    0.0110047888214585    0.0151257600923029    -0.753252909638767  6.71441216054739e-13  9.19752569775286e-13  5.92760191103355e-13 -5.95715287161235e-13      1.48550878935447
TOTAL ENERGY: -126.994375035626	 lambda: -0.7	 population of target: 5.67088832891439
1RDM: 
     1.99999109732524  7.42761633622514e-06  7.38194850878627e-06  0.000416198920457403  -0.00249410685821888  1.55050481329148e-15  1.92627653308761e-15  5.30613386028333e-15 -4.03462203184327e-15   -0.0012862930537088
 7.42761633622514e-06      1.99997139933034  0.000126033365165578  -0.00104116779721357  -0.00168180435080263  1.62292951172131e-15  1.50160256532647e-15  2.88291025669188e-15 -1.90439548487252e-15 -0.000529086910165804
 7.38194850878627e-06  0.000126033365165578       1.9979928842139   0.00433008245654942    0.0287033150218543 -1.36881774122168e-14 -1.37778188004202e-14 -3.88587170412183e-14  1.43051437337775e-14    0.0168772268447176
 0.000416198920457403  -0.00104116779721357   0.00433008245654942      1.95709327432603  -0.00591857746725202 -2.65447489336797e-14 -5.39948821549825e-14  3.59235178932767e-13  -3.0150553637908e-13   0.00789196981035731
 -0.00249410685821888  -0.00168180435080263    0.0287033150218543  -0.00591857746725202     0.560803664763032  1.07100177048858e-12  1.46505787785786e-12  5.22328788714548e-13 -1.70317565959142e-13    -0.757223336208365
 1.55050481329148e-15  1.62292951172131e-15 -1.36881774122168e-14 -2.65447489336797e-14  1.07100177048858e-12       1.6930376000806 -0.000241899477596016  0.000614910850574972    -0.334082254700139  6.36589271501059e-13
 1.92627653308761e-15  1.50160256532647e-15 -1.37778188004202e-14 -5.39948821549825e-14  1.46505787785786e-12 -0.000241899477596016      1.63283325501344     0.436233244491156 -0.000143459660079785  9.33818826060296e-13
 5.30613386028333e-15  2.88291025669188e-15 -3.88587170412183e-14  3.59235178932767e-13  5.22328788714548e-13  0.000614910850574972     0.436233244491156     0.386020379758228 -0.000205060126975466  6.18627038591813e-13
-4.03462203184327e-15 -1.90439548487252e-15  1.43051437337775e-14  -3.0150553637908e-13 -1.70317565959142e-13    -0.334082254700139 -0.000143459660079785 -0.000205060126975466     0.325815487792779 -6.43078474710196e-13
  -0.0012862930537088 -0.000529086910165804    0.0168772268447176   0.00789196981035731    -0.757223336208365  6.36589271501059e-13  9.33818826060296e-13  6.18627038591813e-13 -6.43078474710196e-13      1.44644095739645
TOTAL ENERGY: -127.076105620323	 lambda: -0.6	 population of target: 5.79651350287766
1RDM: 
     1.99999192541572  6.56528799036633e-06  2.38325042109797e-05  0.000362025212286653  -0.00232312401230787  1.45127091124695e-15    1.815384288808e-15  4.91463188111295e-15 -3.70750707511737e-15   -0.0011694656130079
 6.56528799036633e-06      1.99997341098077  0.000121399727304255  -0.00096805613812872  -0.00174880712639326  1.64967006989588e-15  1.53434945767313e-15  3.07554890939742e-15   -2.128942094235e-15   -0.0006042028178764
 2.38325042109797e-05  0.000121399727304255      1.99758499533753   0.00406082895565308    0.0363909035104317 -1.55242206452317e-14  -1.6593540561809e-14 -5.84515394477352e-14   2.7300582198135e-14    0.0223705753369007
 0.000362025212286653  -0.00096805613812872   0.00406082895565308      1.96051952982336   -0.0174436562318804 -1.08948946434343e-14 -4.46383326910896e-14  3.73084133141138e-13 -3.27527251554126e-13 -7.02394784003576e-05
 -0.00232312401230787  -0.00174880712639326    0.0363909035104317   -0.0174436562318804     0.590579384159457  9.67823728488081e-13  1.41501166870434e-12  5.58403735709465e-13 -8.69301853320043e-14    -0.750280060198889
 1.45127091124695e-15  1.64967006989588e-15 -1.55242206452317e-14 -1.08948946434343e-14  9.67823728488081e-13      1.68531076871694  -0.00038539741955297  0.000830937881398556    -0.289233489098694  6.00789789438061e-13
   1.815384288808e-15  1.53434945767313e-15  -1.6593540561809e-14 -4.46383326910896e-14  1.41501166870434e-12  -0.00038539741955297      1.58939503575611     0.451977340895965 -0.000377285402691385  9.44452253223429e-13
 4.91463188111295e-15  3.07554890939742e-15 -5.84515394477352e-14  3.73084133141138e-13  5.58403735709465e-13  0.000830937881398556     0.451977340895965     0.427676474808266 -0.000326691872544661  6.22618552886137e-13
-3.70750707511737e-15   -2.128942094235e-15   2.7300582198135e-14 -3.27527251554126e-13 -8.69301853320043e-14    -0.289233489098694 -0.000377285402691385 -0.000326691872544661     0.331759869923966 -6.71467798883973e-13
  -0.0011694656130079   -0.0006042028178764    0.0223705753369007 -7.02394784003576e-05    -0.750280060198889  6.00789789438061e-13  9.44452253223429e-13  6.22618552886137e-13 -6.71467798883973e-13      1.41720860507795
TOTAL ENERGY: -127.140476431533	 lambda: -0.5	 population of target: 5.91343518596867
1RDM: 
     1.99999270898578  5.81564644605649e-06  4.06409293444686e-05  0.000313183703359383  -0.00216842430925319  1.36792857673052e-15  1.72547571046247e-15  4.55598386619326e-15 -3.40790068694225e-15   -0.0010502335214817
 5.81564644605649e-06      1.99997524805939  0.000119954734097483  -0.00090213811878928  -0.00180707778387498  1.68341411523906e-15   1.5697254891118e-15    3.242761510315e-15 -2.33795049181936e-15 -0.000663302223486727
 4.06409293444686e-05  0.000119954734097483      1.99692501047392   0.00394334741983542    0.0456407536752161  -1.8451773281079e-14 -2.08354289493857e-14 -8.12096678285029e-14  4.28654422592845e-14    0.0280592537787887
 0.000313183703359383  -0.00090213811878928   0.00394334741983542      1.96357261122324   -0.0281772672990782  5.14774950338318e-15 -3.50535603743286e-14  3.84309222057651e-13 -3.51804028983927e-13  -0.00774623266366057
 -0.00216842430925319  -0.00180707778387498    0.0456407536752161   -0.0281772672990782     0.605635886071776  8.73482445137953e-13  1.37856202984803e-12  6.27727347620079e-13 -2.86625672589832e-14    -0.739066253151499
 1.36792857673052e-15  1.68341411523906e-15  -1.8451773281079e-14  5.14774950338318e-15  8.73482445137953e-13      1.67437245822608 -0.000532397485435683   0.00105116199315829    -0.241532946093966  5.72722475740838e-13
 1.72547571046247e-15   1.5697254891118e-15 -2.08354289493857e-14 -3.50535603743286e-14  1.37856202984803e-12 -0.000532397485435683      1.54187140324856     0.466352501534714 -0.000617904556716126  9.66302634862931e-13
 4.55598386619326e-15    3.242761510315e-15 -8.12096678285029e-14  3.84309222057651e-13  6.27727347620079e-13   0.00105116199315829     0.466352501534714     0.473282511577683 -0.000451298556381818  6.14044731720397e-13
-3.40790068694225e-15 -2.33795049181936e-15  4.28654422592845e-14 -3.51804028983927e-13 -2.86625672589832e-14    -0.241532946093966 -0.000617904556716126 -0.000451298556381818     0.340780252319447 -6.90783587520739e-13
  -0.0010502335214817 -0.000663302223486727    0.0280592537787887  -0.00774623266366057    -0.739066253151499  5.72722475740838e-13  9.66302634862931e-13  6.14044731720397e-13 -6.90783587520739e-13      1.40359190981419
TOTAL ENERGY: -127.190924014977	 lambda: -0.4	 population of target: 6.02551133325648
1RDM: 
     1.99999351291412  5.12942329088025e-06  5.75768014526899e-05  0.000266651811843324  -0.00201380572418292  1.27797850460716e-15  1.62792644917821e-15  4.20284072108598e-15 -3.11233298905912e-15 -0.000939324128897882
 5.12942329088025e-06       1.9999769736935  0.000120540172290585 -0.000839544954137361  -0.00185879601233782   1.7296375196034e-15  1.61470102673356e-15  3.38786503351244e-15 -2.53564879296297e-15 -0.000701930179803226
 5.75768014526899e-05  0.000120540172290585      1.99589875371724   0.00395029934697867    0.0570020172363026 -2.24514527923407e-14 -2.64887537238027e-14 -1.08602793031381e-13  6.21213253095213e-14    0.0346944488625637
 0.000266651811843324 -0.000839544954137361   0.00395029934697867      1.96646455160596   -0.0384923300686119  2.25847808668531e-14 -2.41487644025475e-14  3.93134078879233e-13 -3.74829295168175e-13    -0.014443533736458
 -0.00201380572418292  -0.00185879601233782    0.0570020172363026   -0.0384923300686119     0.607256420986915  7.80303033440859e-13  1.34733081328428e-12  7.33054423171559e-13  4.68279719708315e-15    -0.731225003425184
 1.27797850460716e-15   1.7296375196034e-15 -2.24514527923407e-14  2.25847808668531e-14  7.80303033440859e-13      1.66009700406569 -0.000685486825628816   0.00127948004305373    -0.190182413637577  5.58391954131622e-13
 1.62792644917821e-15  1.61470102673356e-15 -2.64887537238027e-14 -2.41487644025475e-14  1.34733081328428e-12 -0.000685486825628816      1.48949782383598     0.479644497999039 -0.000869508205213684  1.00808508990509e-12
 4.20284072108598e-15  3.38786503351244e-15 -1.08602793031381e-13  3.93134078879233e-13  7.33054423171559e-13   0.00127948004305373     0.479644497999039     0.523582291496264 -0.000581060452376113  6.08825457000253e-13
-3.11233298905912e-15 -2.53564879296297e-15  6.21213253095213e-14 -3.74829295168175e-13  4.68279719708315e-15    -0.190182413637577 -0.000869508205213684 -0.000581060452376113     0.352981560220669 -7.14601184813059e-13
-0.000939324128897882 -0.000701930179803226    0.0346944488625637    -0.014443533736458    -0.731225003425184  5.58391954131622e-13  1.00808508990509e-12  6.08825457000253e-13 -7.14601184813059e-13      1.40425110746371
TOTAL ENERGY: -127.230854719639	 lambda: -0.3	 population of target: 6.13973789145562
1RDM: 
      1.9999943859777  4.43530197159583e-06  7.25691637575095e-05  0.000219086653032733  -0.00183861642796533  1.16172986549556e-15  1.49658219403624e-15  3.81386637792154e-15  -2.7876051680233e-15 -0.000837763090941984
 4.43530197159583e-06      1.99997869257563  0.000121424455195544 -0.000775702017543883  -0.00190899301694944  1.79472693779796e-15  1.67223201418061e-15  3.52371364666535e-15 -2.73044054434236e-15 -0.000723529987434663
 7.25691637575095e-05  0.000121424455195544      1.99441524905577    0.0040764134275889    0.0701683997453124  -2.6751871642878e-14 -3.25465569791151e-14 -1.40245195900429e-13  8.49027176501202e-14    0.0429729939693376
 0.000219086653032733 -0.000775702017543883    0.0040764134275889      1.96940070670223   -0.0491075898943151  4.21206258908686e-14 -1.03894996204813e-14  4.01366234831271e-13 -3.97228110191996e-13   -0.0201070452518057
 -0.00183861642796533  -0.00190899301694944    0.0701683997453124   -0.0491075898943151      0.60325788988154  6.77844380563038e-13  1.30314790420519e-12  8.58271548610167e-13  1.98441412149568e-14    -0.731837830223047
 1.16172986549556e-15  1.79472693779796e-15  -2.6751871642878e-14  4.21206258908686e-14  6.77844380563038e-13      1.64045679100013 -0.000836049857051032   0.00150204457761456    -0.136418266328475  5.58873647813934e-13
 1.49658219403624e-15  1.67223201418061e-15 -3.25465569791151e-14 -1.03894996204813e-14  1.30314790420519e-12 -0.000836049857051032      1.43238420710139     0.489462902567566  -0.00111897978245969  1.06772084090999e-12
 3.81386637792154e-15  3.52371364666535e-15 -1.40245195900429e-13  4.01366234831271e-13  8.58271548610167e-13   0.00150204457761456     0.489462902567566     0.578506302809845  -0.00070870038945406  6.22707172634983e-13
 -2.7876051680233e-15 -2.73044054434236e-15  8.49027176501202e-14 -3.97228110191996e-13  1.98441412149568e-14    -0.136418266328475  -0.00111897978245969  -0.00070870038945406     0.370431827541209    -7.53686345879e-13
-0.000837763090941984 -0.000723529987434663    0.0429729939693376   -0.0201070452518057    -0.731837830223047  5.58873647813934e-13  1.06772084090999e-12  6.22707172634983e-13    -7.53686345879e-13       1.4111739473546
TOTAL ENERGY: -127.261464836986	 lambda: -0.2	 population of target: 6.26253417346767
1RDM: 
     1.99999532969989  3.67593581857372e-06  8.20905428285843e-05   0.00016884062719478  -0.00162701134388789  1.01258099383822e-15  1.32105374205889e-15  3.35140805632623e-15  -2.4052588445356e-15 -0.000734649537904529
 3.67593581857372e-06      1.99998049190671  0.000121069404510625 -0.000708070334171751  -0.00196389893081473  1.88437274435939e-15  1.74123643644355e-15  3.66744261874547e-15  -2.9303269487985e-15 -0.000736912530188541
 8.20905428285843e-05  0.000121069404510625      1.99248123322777   0.00434678084028306    0.0838006558962908  -2.9868785975206e-14 -3.70582030636657e-14 -1.73444457134984e-13  1.09365839406767e-13     0.053285801003786
  0.00016884062719478 -0.000708070334171751   0.00434678084028306       1.9724335004967   -0.0607283555582252  6.36823916958752e-14  7.51207326874703e-15  4.11707390714329e-13 -4.19289213194619e-13   -0.0252947136788909
 -0.00162701134388789  -0.00196389893081473    0.0838006558962908   -0.0607283555582252     0.605500870971442  5.57875717791509e-13  1.22498532034289e-12  9.71885757782369e-13  2.79394389835698e-14    -0.741173668762522
 1.01258099383822e-15  1.88437274435939e-15  -2.9868785975206e-14  6.36823916958752e-14  5.57875717791509e-13      1.61241662034616 -0.000965416307858642   0.00168930105288767   -0.0837353163417895   5.6941722579811e-13
 1.32105374205889e-15  1.74123643644355e-15 -3.70582030636657e-14  7.51207326874703e-15  1.22498532034289e-12 -0.000965416307858642      1.37214799818423     0.491408154963223  -0.00133729045991921  1.13163199138144e-12
 3.35140805632623e-15  3.66744261874547e-15 -1.73444457134984e-13  4.11707390714329e-13  9.71885757782369e-13   0.00168930105288767     0.491408154963223      0.63655448760149 -0.000818362724728871  6.64819967561972e-13
 -2.4052588445356e-15  -2.9303269487985e-15  1.09365839406767e-13 -4.19289213194619e-13  2.79394389835698e-14   -0.0837353163417895  -0.00133729045991921 -0.000818362724728871     0.396283682376153 -8.11069060560402e-13
-0.000734649537904529 -0.000736912530188541     0.053285801003786   -0.0252947136788909    -0.741173668762522   5.6941722579811e-13  1.13163199138144e-12  6.64819967561972e-13 -8.11069060560402e-13      1.41220578518947
TOTAL ENERGY: -127.281350683554	 lambda: -0.1	 population of target: 6.39558997168347
1RDM: 
     1.99999627816893  2.84482284765549e-06  8.26502263858444e-05  0.000117638499092089  -0.00137911476022325  8.44604910544072e-16  1.11720277596992e-15  2.80594491738303e-15   -1.960668872134e-15 -0.000611160475450197
 2.84482284765549e-06      1.99998239200926  0.000119160551555765  -0.00063791863301004  -0.00202819695287857  1.99999921527837e-15  1.81706986522836e-15  3.83237363033484e-15 -3.13815582559948e-15 -0.000752253925196844
 8.26502263858444e-05  0.000119160551555765      1.99027453069125   0.00481762561647855        0.095761546809 -3.01041832087723e-14 -3.77847692213519e-14 -2.03580227336193e-13  1.32155034629195e-13    0.0653460574177172
 0.000117638499092089  -0.00063791863301004   0.00481762561647855      1.97538861409795   -0.0736009753586823  8.61608578079851e-14  2.97065191547343e-14  4.26434215412745e-13 -4.40659022106071e-13   -0.0308795630847626
 -0.00137911476022325  -0.00202819695287857        0.095761546809   -0.0736009753586823     0.624936962863758   4.1986903027158e-13  1.10020166742017e-12  1.03878316589945e-12  4.08169260032158e-14    -0.753720627275296
 8.44604910544072e-16  1.99999921527837e-15 -3.01041832087723e-14  8.61608578079851e-14   4.1986903027158e-13      1.57395236496815  -0.00105238757793859   0.00180821322535741   -0.0369184750718467  5.80263137956361e-13
 1.11720277596992e-15  1.81706986522836e-15 -3.77847692213519e-14  2.97065191547343e-14  1.10020166742017e-12  -0.00105238757793859      1.31203857244767     0.481317490510806  -0.00149103166360422  1.17886396136122e-12
 2.80594491738303e-15  3.83237363033484e-15 -2.03580227336193e-13  4.26434215412745e-13  1.03878316589945e-12   0.00180821322535741     0.481317490510806     0.694647001392214 -0.000892084926742615   7.3150563367007e-13
  -1.960668872134e-15 -3.13815582559948e-15  1.32155034629195e-13 -4.40659022106071e-13  4.08169260032158e-14   -0.0369184750718467  -0.00149103166360422 -0.000892084926742615     0.432730828997097 -8.78856610226918e-13
-0.000611160475450197 -0.000752253925196844    0.0653460574177172   -0.0308795630847626    -0.753720627275296  5.80263137956361e-13  1.17886396136122e-12   7.3150563367007e-13 -8.78856610226918e-13      1.39605245436378
TOTAL ENERGY: -127.288219364819	 lambda: 0	 population of target: 6.53272646939264
1RDM: 
     1.99999711557534  2.01420295950565e-06  7.32061989670553e-05  7.10088705623833e-05  -0.00111574837100358  6.88155560471488e-16  9.22738702047439e-16  2.21212489368834e-15  -1.4839911606665e-15 -0.000453173888414489
 2.01420295950565e-06      1.99998431874978  0.000117113764058175 -0.000570307829926249  -0.00209843684372157  2.13054178465659e-15  1.88783370918251e-15  4.01326200635846e-15 -3.34280530349486e-15  -0.00077736028781125
 7.32061989670553e-05  0.000117113764058175      1.98811244573899    0.0055478044899457     0.104154322921009 -2.66759629966457e-14 -3.36789958555877e-14 -2.26213853139584e-13  1.49875791903105e-13    0.0779642674231876
 7.10088705623833e-05 -0.000570307829926249    0.0055478044899457       1.9779248457096   -0.0870396505536696  1.07416598705421e-13   5.4280290517251e-14  4.45640940734056e-13 -4.60208463403787e-13   -0.0375563979144307
 -0.00111574837100358  -0.00209843684372157     0.104154322921009   -0.0870396505536696     0.665260231977549  2.74308866705452e-13  9.35845350778584e-13  1.03880211586689e-12  6.59707937188112e-14    -0.760707017578527
 6.88155560471488e-16  2.13054178465659e-15 -2.66759629966457e-14  1.07416598705421e-13  2.74308866705452e-13      1.52667865296942  -0.00108594599748323    0.0018425608804977  -6.2750674217719e-06  5.80875875506313e-13
 9.22738702047439e-16  1.88783370918251e-15 -3.36789958555877e-14   5.4280290517251e-14  9.35845350778584e-13  -0.00108594599748323      1.25641294321633     0.458576330366507  -0.00156188948133435  1.19158963521002e-12
 2.21212489368834e-15  4.01326200635846e-15 -2.26213853139584e-13  4.45640940734056e-13  1.03880211586689e-12    0.0018425608804977     0.458576330366507     0.748588972112214 -0.000920531248972711  8.05786998758389e-13
 -1.4839911606665e-15 -3.34280530349486e-15  1.49875791903105e-13 -4.60208463403787e-13  6.59707937188112e-14  -6.2750674217719e-06  -0.00156188948133435 -0.000920531248972711     0.478320806205965 -9.40783564216456e-13
-0.000453173888414489  -0.00077736028781125    0.0779642674231876   -0.0375563979144307    -0.760707017578527  5.80875875506313e-13  1.19158963521002e-12  8.05786998758389e-13 -9.40783564216456e-13      1.35871966774487
TOTAL ENERGY: -127.281865276381	 lambda: 0.1	 population of target: 6.66209946336499
1RDM: 
     1.99999774208024  1.31005611786394e-06  5.64086666391224e-05  3.57464861342889e-05 -0.000866840310592818  5.69670305579721e-16  7.72251906530741e-16   1.6321350572877e-15 -1.02467636620681e-15  -0.00026452269815577
 1.31005611786394e-06      1.99998613402929   0.00011695254675886 -0.000511151503631288  -0.00215908071561711  2.24863151809653e-15   1.9325528505831e-15  4.17829974310866e-15 -3.51606617276979e-15 -0.000815456777602312
 5.64086666391224e-05   0.00011695254675886      1.98625497500189   0.00653940621363096     0.108657479050396 -2.05681149537974e-14 -2.60044440409935e-14 -2.40094439196422e-13  1.61350134796711e-13    0.0895771054306743
 3.57464861342889e-05 -0.000511151503631288   0.00653940621363096       1.9797603300882   -0.0994572213501108  1.24914501809913e-13  7.73573920123004e-14  4.66536795462829e-13  -4.7645979861886e-13    -0.045435278925184
-0.000866840310592818  -0.00215908071561711     0.108657479050396   -0.0994572213501108     0.720353985107217  1.38143251786913e-13  7.58208655942231e-13  9.79731954138506e-13  1.03824021053328e-13    -0.756750210788534
 5.69670305579721e-16  2.24863151809653e-15 -2.05681149537974e-14  1.24914501809913e-13  1.38143251786913e-13      1.47685319952546  -0.00107482256471826   0.00180787938295279    0.0258227072294899  5.66488095844038e-13
 7.72251906530741e-16   1.9325528505831e-15 -2.60044440409935e-14  7.73573920123004e-14  7.58208655942231e-13  -0.00107482256471826      1.20935587332186     0.428050141926545  -0.00156169976788004  1.16732483873089e-12
  1.6321350572877e-15  4.17829974310866e-15 -2.40094439196422e-13  4.66536795462829e-13  9.79731954138506e-13   0.00180787938295279     0.428050141926545     0.794383017924215 -0.000911102586994975  8.68231673620587e-13
-1.02467636620681e-15 -3.51606617276979e-15  1.61350134796711e-13  -4.7645979861886e-13  1.03824021053328e-13    0.0258227072294899  -0.00156169976788004 -0.000911102586994975     0.526883260549929 -9.83284729477478e-13
 -0.00026452269815577 -0.000815456777602312    0.0895771054306743    -0.045435278925184    -0.756750210788534  5.66488095844038e-13  1.16732483873089e-12  8.68231673620587e-13 -9.83284729477478e-13      1.30617148237173
TOTAL ENERGY: -127.26522248811	 lambda: 0.2	 population of target: 6.77414667409768
1RDM: 
     1.99999813294773  8.31734139153935e-07  3.67592060284346e-05  1.56645904568484e-05 -0.000651236827519628  4.93873479159932e-16  6.73972883875051e-16  1.11394620240576e-15 -6.17931719896007e-16 -6.47734823935736e-05
 8.31734139153935e-07      1.99998772374753  0.000119416860533478 -0.000463130948565299  -0.00219012554152117  2.32273940643294e-15   1.9300959576594e-15  4.28577481788759e-15 -3.62689891311401e-15 -0.000865335546635403
 3.67592060284346e-05  0.000119416860533478      1.98471888440864   0.00771175949942743     0.110671642930087 -1.38520324507926e-14 -1.74626764929113e-14 -2.47896401627635e-13   1.6828588167461e-13    0.0993190892016271
 1.56645904568484e-05 -0.000463130948565299   0.00771175949942743      1.98088644910159    -0.109217426759127  1.36912206255756e-13  9.49613589787096e-14  4.85088632950928e-13 -4.88484671016272e-13   -0.0540906736478253
-0.000651236827519628  -0.00219012554152117     0.110671642930087    -0.109217426759127      0.77955022720961  2.36540091801743e-14  5.96064188307618e-13   8.8946031133857e-13  1.50640722270343e-13    -0.744358512491985
 4.93873479159932e-16  2.32273940643294e-15 -1.38520324507926e-14  1.36912206255756e-13  2.36540091801743e-14      1.43246757949141  -0.00104279281564382   0.00174325413485821    0.0426179449183516  5.40561246463951e-13
 6.73972883875051e-16   1.9300959576594e-15 -1.74626764929113e-14  9.49613589787096e-14  5.96064188307618e-13  -0.00104279281564382      1.17294170312922     0.397729440589962  -0.00152591140128006  1.12014309887368e-12
 1.11394620240576e-15  4.28577481788759e-15 -2.47896401627635e-13  4.85088632950928e-13   8.8946031133857e-13   0.00174325413485821     0.397729440589962      0.82994039619251 -0.000883951681135146  9.11047404764237e-13
-6.17931719896007e-16 -3.62689891311401e-15   1.6828588167461e-13 -4.88484671016272e-13  1.50640722270343e-13    0.0426179449183516  -0.00152591140128006 -0.000883951681135146     0.570412161111866 -1.00572591516743e-12
-6.47734823935736e-05 -0.000865335546635403    0.0993190892016271   -0.0540906736478253    -0.744358512491985  5.40561246463951e-13  1.12014309887368e-12  9.11047404764237e-13 -1.00572591516743e-12      1.24909674265997
TOTAL ENERGY: -127.242111772048	 lambda: 0.3	 population of target: 6.86717023807512
1RDM: 
      1.9999983302112   6.0160032678976e-07  1.76729098325634e-05  1.01107083272882e-05 -0.000469070745073924  4.47067303860133e-16  6.12638257601764e-16  6.68092929289296e-16 -2.68326292172518e-16  0.000126257745439752
  6.0160032678976e-07       1.9999890563752  0.000123417837664685 -0.000424684927513021  -0.00217827534504381  2.33326436174703e-15  1.86967130343934e-15  4.30775157834516e-15 -3.65813305148391e-15 -0.000923416966324661
 1.76729098325634e-05  0.000123417837664685      1.98330779086353   0.00894425366565858     0.112099297163902 -8.19776219307664e-15 -1.02524731843263e-14 -2.53823467458262e-13  1.73600924352725e-13     0.107446319109134
 1.01107083272882e-05 -0.000424684927513021   0.00894425366565858      1.98153877218705    -0.115450566303955  1.43078150762504e-13  1.04875264914801e-13   4.9831057569887e-13 -4.96310950525243e-13   -0.0629580616748167
-0.000469070745073924  -0.00217827534504381     0.112099297163902    -0.115450566303955     0.835246171362877 -6.77194398338157e-14  4.64737050308975e-13  7.95268979077978e-13  2.03809241237773e-13    -0.731068817781864
 4.47067303860133e-16  2.33326436174703e-15 -8.19776219307664e-15  1.43078150762504e-13 -6.77194398338157e-14      1.39914354250225  -0.00101416187055841   0.00168773506986387    0.0539571220553267  5.10296509746049e-13
 6.12638257601764e-16  1.86967130343934e-15 -1.02524731843263e-14  1.04875264914801e-13  4.64737050308975e-13  -0.00101416187055841      1.14674321401225     0.374300075425334  -0.00149167211059521  1.06906212941788e-12
 6.68092929289296e-16  4.30775157834516e-15 -2.53823467458262e-13   4.9831057569887e-13  7.95268979077978e-13   0.00168773506986387     0.374300075425334     0.855609154336074 -0.000859681857058089  9.40000278877303e-13
-2.68326292172518e-16 -3.65813305148391e-15  1.73600924352725e-13 -4.96310950525243e-13  2.03809241237773e-13    0.0539571220553267  -0.00149167211059521 -0.000859681857058089     0.603206531964188 -1.01843546119624e-12
 0.000126257745439752 -0.000923416966324661     0.107446319109134   -0.0629580616748167    -0.731068817781864  5.10296509746049e-13  1.06906212941788e-12  9.40000278877303e-13 -1.01843546119624e-12      1.19521743618544
TOTAL ENERGY: -127.214582512689	 lambda: 0.4	 population of target: 6.94607444378014
1RDM: 
     1.99999839485758  5.84983673396304e-07  4.29636914525284e-07  1.59229979674369e-05 -0.000309347355469201  4.11467849376808e-16  5.67040959965342e-16  2.77781597819569e-16  4.03431759083246e-17  0.000298684545197368
 5.84983673396304e-07      1.99999016292765  0.000126764680177278 -0.000392283822866225   -0.0021191295126606  2.27519392449661e-15  1.75106895379764e-15  4.23457426471414e-15 -3.60730966496779e-15 -0.000985528944124135
 4.29636914525284e-07  0.000126764680177278      1.98175713387164    0.0101252762492126     0.114287142919006 -4.22268648627449e-15 -5.21029913116492e-15 -2.61191118145041e-13  1.79633349996866e-13     0.114872655735611
 1.59229979674369e-05 -0.000392283822866225    0.0101252762492126      1.98201228500226    -0.118058459618212  1.44065224275616e-13    1.067286208994e-13  5.04882397300824e-13 -5.00542475154739e-13   -0.0716052793029496
-0.000309347355469201   -0.0021191295126606     0.114287142919006    -0.118058459618212     0.885503761360831 -1.42331435341639e-13   3.6522030161397e-13  7.12102917230492e-13  2.64413015632715e-13    -0.724033067870615
 4.11467849376808e-16  2.27519392449661e-15 -4.22268648627449e-15  1.44065224275616e-13 -1.42331435341639e-13      1.37903926607976   -0.0010052278958397   0.00166693212081152    0.0631793783066101  4.81170190484591e-13
 5.67040959965342e-16  1.75106895379764e-15 -5.21029913116492e-15    1.067286208994e-13   3.6522030161397e-13   -0.0010052278958397       1.1288623769652     0.361305220453887  -0.00148446693712809  1.02762236753805e-12
 2.77781597819569e-16  4.23457426471414e-15 -2.61191118145041e-13  5.04882397300824e-13  7.12102917230492e-13   0.00166693212081152     0.361305220453887       0.8732013081416 -0.000852108732037195  9.66089185320833e-13
 4.03431759083246e-17 -3.60730966496779e-15  1.79633349996866e-13 -5.00542475154739e-13  2.64413015632715e-13    0.0631793783066101  -0.00148446693712809 -0.000852108732037195     0.623022145341989 -1.03392951731869e-12
 0.000298684545197368 -0.000985528944124135     0.114872655735611   -0.0716052793029496    -0.724033067870615  4.81170190484591e-13  1.02762236753805e-12  9.66089185320833e-13 -1.03392951731869e-12      1.14661316545156
TOTAL ENERGY: -127.181931362831	 lambda: 0.5	 population of target: 7.01867112269834
1RDM: 
     1.99999837470761  7.29710037551484e-07 -1.52294895654905e-05  2.96212969245174e-05 -0.000159197362255825  3.74006510257925e-16  5.21343364465506e-16 -8.23557797844624e-17  3.29851478358984e-16  0.000452279824667147
 7.29710037551484e-07       1.9999910863752  0.000126734156249282 -0.000362837351517551  -0.00201308529886238  2.15188670874702e-15  1.57964336512069e-15  4.06589015311591e-15 -3.47841560048578e-15  -0.00104689513465644
-1.52294895654905e-05  0.000126734156249282      1.97981463092071    0.0111605195504883     0.117829848348191 -1.73298724710642e-15  -2.1162752708424e-15 -2.71796150860475e-13  1.87621414257044e-13      0.12262560381668
 2.96212969245174e-05 -0.000362837351517551    0.0111605195504883      1.98253007361433    -0.117303731328332  1.40853236680756e-13  1.01094942657095e-13  5.04467307556918e-13 -5.01869406331175e-13   -0.0797237970170689
-0.000159197362255825  -0.00201308529886238     0.117829848348191    -0.117303731328332     0.932423882654709 -2.09005291969518e-13  2.91400217424595e-13  6.43571826885492e-13  3.36986516063255e-13    -0.727513648726957
 3.74006510257925e-16  2.15188670874702e-15 -1.73298724710642e-15  1.40853236680756e-13 -2.09005291969518e-13      1.37221319993149  -0.00102513448311172   0.00169479937723173    0.0728336537192913  4.54981125883023e-13
 5.21343364465506e-16  1.57964336512069e-15  -2.1162752708424e-15  1.01094942657095e-13  2.91400217424595e-13  -0.00102513448311172      1.11708205551381     0.360057011620268  -0.00151900696170493  1.00175482115221e-12
-8.23557797844624e-17  4.06589015311591e-15 -2.71796150860475e-13  5.04467307556918e-13  6.43571826885492e-13   0.00169479937723173     0.360057011620268     0.884873838961212 -0.000868983088916299   9.9856816338044e-13
 3.29851478358984e-16 -3.47841560048578e-15  1.87621414257044e-13 -5.01869406331175e-13  3.36986516063255e-13    0.0728336537192913  -0.00151900696170493 -0.000868983088916299     0.629740376043625  -1.0615032761046e-12
 0.000452279824667147  -0.00104689513465644      0.12262560381668   -0.0797237970170689    -0.727513648726957  4.54981125883023e-13  1.00175482115221e-12   9.9856816338044e-13  -1.0615032761046e-12      1.10133248127739
TOTAL ENERGY: -127.140753887186	 lambda: 0.6	 population of target: 7.09344232306785
1RDM: 
     1.99999829701411   9.8537179855875e-07 -3.03712097231044e-05   4.8215530473254e-05 -8.38235271532262e-06  3.28218837576038e-16  4.67831352529488e-16 -4.35474655416347e-16   6.1932481510538e-16  0.000592924650616835
  9.8537179855875e-07      1.99999184574104  0.000120097078690566  -0.00033488984527052  -0.00186265406784398  1.97118842661208e-15  1.36448596802666e-15  3.80417297090988e-15 -3.27702365783575e-15  -0.00110068026841865
-3.03712097231044e-05  0.000120097078690566      1.97724473672505    0.0119595991327168      0.12275276086777 -8.77545586841889e-17 -1.66174981749515e-16 -2.86212743724845e-13  1.97879861887285e-13     0.131608070589508
  4.8215530473254e-05  -0.00033488984527052    0.0119595991327168      1.98320060470394    -0.113564438280153  1.34500271805212e-13  8.89154908901639e-14  4.97083380464636e-13 -5.00911764564303e-13   -0.0869946338141107
-8.38235271532262e-06  -0.00186265406784398      0.12275276086777    -0.113564438280153     0.980058971709962 -2.76140555297447e-13  2.35688080380902e-13  5.86673300847258e-13  4.28460670056274e-13    -0.742683886955724
 3.28218837576038e-16  1.97118842661208e-15 -8.77545586841889e-17  1.34500271805212e-13 -2.76140555297447e-13      1.37793928320947  -0.00107940945222939   0.00177949672327444    0.0849122257062876  4.30135430315224e-13
 4.67831352529488e-16  1.36448596802666e-15 -1.66174981749515e-16  8.89154908901639e-14  2.35688080380902e-13  -0.00107940945222939      1.10930041888591     0.370897484586847  -0.00160446208856769  9.91588712701315e-13
-4.35474655416347e-16  3.80417297090988e-15 -2.86212743724845e-13  4.97083380464636e-13  5.86673300847258e-13   0.00177949672327444     0.370897484586847     0.892700712083014 -0.000914990759641679  1.04232286289824e-12
  6.1932481510538e-16 -3.27702365783575e-15  1.97879861887285e-13 -5.00911764564303e-13  4.28460670056274e-13    0.0849122257062876  -0.00160446208856769 -0.000914990759641679     0.624059406553172 -1.10596154810557e-12
 0.000592924650616835  -0.00110068026841865     0.131608070589508   -0.0869946338141107    -0.742683886955724  4.30135430315224e-13  9.91588712701315e-13  1.04232286289824e-12 -1.10596154810557e-12      1.05550572337434
TOTAL ENERGY: -127.085324877928	 lambda: 0.7	 population of target: 7.17853784900562
1RDM: 
     1.99999817134868  1.30275883155208e-06 -4.65551329595457e-05  6.90753499944946e-05  0.000148908987298185  2.74290103198964e-16  4.07215411540384e-16 -7.97841001355196e-16  9.21697036394014e-16  0.000730350692054779
 1.30275883155208e-06      1.99999241988992  0.000103140650170385 -0.000309079263969395   -0.0016740354767323  1.74748533805926e-15  1.12169836948332e-15  3.45690758956953e-15 -3.01270200408039e-15  -0.00113637674755905
-4.65551329595457e-05  0.000103140650170385      1.97382639457202    0.0124349930074019     0.128634182633702   1.6220369127324e-15   1.7881544720772e-15 -3.04002829286513e-13  2.09947938416729e-13     0.142494204318199
 6.90753499944946e-05 -0.000309079263969395    0.0124349930074019      1.98400467273521    -0.107404455595255  1.26308779785992e-13  7.16041664053614e-14  4.83102806378696e-13 -4.98377385816507e-13   -0.0929878827983621
 0.000148908987298185   -0.0016740354767323     0.128634182633702    -0.107404455595255      1.03295488909744 -3.50563291894431e-13  1.91352495984463e-13  5.35245599324652e-13  5.46491354747821e-13    -0.767444341607011
 2.74290103198964e-16  1.74748533805926e-15   1.6220369127324e-15  1.26308779785992e-13 -3.50563291894431e-13      1.39492072392888   -0.0011714831524353   0.00192577961513892      0.10115528578115  4.02231855655404e-13
 4.07215411540384e-16  1.12169836948332e-15   1.7881544720772e-15  7.16041664053614e-14  1.91352495984463e-13   -0.0011714831524353       1.1033669393596     0.393535052913601  -0.00174683126113152  9.92794262309321e-13
-7.97841001355196e-16  3.45690758956953e-15 -3.04002829286513e-13  4.83102806378696e-13  5.35245599324652e-13   0.00192577961513892     0.393535052913601     0.898832489585578 -0.000993039538893103  1.09664017184523e-12
 9.21697036394014e-16 -3.01270200408039e-15  2.09947938416729e-13 -4.98377385816507e-13  5.46491354747821e-13      0.10115528578115  -0.00174683126113152 -0.000993039538893103     0.607276055409017 -1.16698398345095e-12
 0.000730350692054779  -0.00113637674755905     0.142494204318199   -0.0929878827983621    -0.767444341607011  4.02231855655404e-13  9.92794262309321e-13  1.09664017184523e-12 -1.16698398345095e-12      1.00482724407366
TOTAL ENERGY: -127.008934084449	 lambda: 0.8	 population of target: 7.28018789871611
1RDM: 
     1.99999799375119  1.62635514146238e-06 -6.57141634815059e-05  8.96725739778393e-05  0.000312215337470816   2.1968155351941e-16  3.48796207261856e-16 -1.17425604158737e-15  1.24008191252635e-15   0.00087673576466152
 1.62635514146238e-06      1.99999274970806  7.25349382933902e-05 -0.000288152043779955  -0.00146228668015782   1.5072945243872e-15  8.79516409416184e-16  3.04727966532032e-15 -2.70770890219565e-15  -0.00114047036598863
-6.57141634815059e-05  7.25349382933902e-05      1.96940434676103    0.0125408507952908     0.134636621107584  4.44003645825259e-15  5.08204685418737e-15 -3.23668323682078e-13  2.22583881858093e-13     0.155520855324962
 8.96725739778393e-05 -0.000288152043779955    0.0125408507952908      1.98478574155118   -0.0998678286078067  1.18128441881201e-13  5.15198429261425e-14  4.63887613387325e-13 -4.95406006068189e-13    -0.097242416711366
 0.000312215337470816  -0.00146228668015782     0.134636621107584   -0.0998678286078067      1.09438673140924 -4.36124603626043e-13   1.5362285838037e-13  4.82841322617454e-13  6.95651187729694e-13    -0.795650947848967
  2.1968155351941e-16   1.5072945243872e-15  4.44003645825259e-15  1.18128441881201e-13 -4.36124603626043e-13      1.42051371870017  -0.00130104421398195   0.00213221653451921     0.123038095545834  3.65014738336336e-13
 3.48796207261856e-16  8.79516409416184e-16  5.08204685418737e-15  5.15198429261425e-14   1.5362285838037e-13  -0.00130104421398195      1.09671532952484     0.426362873778591  -0.00194656938956559  9.97068362258218e-13
-1.17425604158737e-15  3.04727966532032e-15 -3.23668323682078e-13  4.63887613387325e-13  4.82841322617454e-13   0.00213221653451921     0.426362873778591     0.905854888272224  -0.00110286547619837   1.1535403174751e-12
 1.24008191252635e-15 -2.70770890219565e-15  2.22583881858093e-13 -4.95406006068189e-13  6.95651187729694e-13     0.123038095545834  -0.00194656938956559  -0.00110286547619837     0.582053556698997 -1.23752599519685e-12
  0.00087673576466152  -0.00114047036598863     0.155520855324962    -0.097242416711366    -0.795650947848967  3.65014738336336e-13  9.97068362258218e-13   1.1535403174751e-12 -1.23752599519685e-12      0.94629494362312
TOTAL ENERGY: -126.907448494641	 lambda: 0.9	 population of target: 7.39942944865235
1RDM: 
     1.99999775195847  1.89530205432244e-06 -8.97253059078038e-05  0.000107890871957473  0.000473119485280382  1.78595331801392e-16   3.1176332875276e-16  -1.5551136602135e-15  1.56341300077826e-15    0.0010432155629561
 1.89530205432244e-06      1.99999276912506  2.76635024674799e-05 -0.000276001395613567  -0.00125565696974403  1.29056505045147e-15  6.79138934177582e-16  2.62576808669446e-15 -2.40588458777057e-15  -0.00110301177930183
-8.97253059078038e-05  2.76635024674799e-05       1.9640097747919    0.0123570936914549     0.139707593491061  9.16340548620534e-15  1.07141131671855e-14 -3.42723205454214e-13  2.34005279381743e-13     0.170154808422767
 0.000107890871957473 -0.000276001395613567    0.0123570936914549      1.98527674297603   -0.0926971975500549  1.12318258496151e-13  3.23045260801132e-14  4.42446348900028e-13 -4.93856071458618e-13   -0.0996628683232794
 0.000473119485280382  -0.00125565696974403     0.139707593491061   -0.0926971975500549      1.16344669501593  -5.3143451489288e-13  1.20004057528482e-13  4.27760106509844e-13  8.70964224290983e-13    -0.817521965631423
 1.78595331801392e-16  1.29056505045147e-15  9.16340548620534e-15  1.12318258496151e-13  -5.3143451489288e-13      1.44991556797138  -0.00146090598064825   0.00238612809267845     0.151354179804909  3.13214903762099e-13
  3.1176332875276e-16  6.79138934177582e-16  1.07141131671855e-14  3.23045260801132e-14  1.20004057528482e-13  -0.00146090598064825       1.0863314715076     0.465552711875585  -0.00219382589124644  9.94846121906322e-13
 -1.5551136602135e-15  2.62576808669446e-15 -3.42723205454214e-13  4.42446348900028e-13  4.27760106509844e-13   0.00238612809267845     0.465552711875585     0.916807099565197  -0.00123837654807395  1.19824747142798e-12
 1.56341300077826e-15 -2.40588458777057e-15  2.34005279381743e-13 -4.93856071458618e-13  8.70964224290983e-13     0.151354179804909  -0.00219382589124644  -0.00123837654807395     0.553219699087433 -1.30346492185709e-12
   0.0010432155629561  -0.00110301177930183     0.170154808422767   -0.0996628683232794    -0.817521965631423  3.13214903762099e-13  9.94846121906322e-13  1.19824747142798e-12 -1.30346492185709e-12     0.881002428001042
TOTAL ENERGY: -126.783914151284	 lambda: 1	 population of target: 7.52942069642857
1RDM: 
      1.9999974355263  2.06606593276996e-06  -0.00011937903833127  0.000123117187233917  0.000617826676879259  1.65023591409877e-16  3.18823969967947e-16 -1.91611033797577e-15    1.868440810372e-15   0.00123259610777324
 2.06606593276996e-06      1.99999246205872 -2.69061457513358e-05 -0.000275406705941776  -0.00108990954072813  1.13649429277845e-15  5.60297980692409e-16  2.26484304388057e-15 -2.16685339694411e-15  -0.00102899110804271
 -0.00011937903833127 -2.69061457513358e-05      1.95794208375718    0.0121471372887192     0.143219077061391  1.56869799208427e-14  1.82935447671737e-14 -3.58896263363612e-13  2.42869910046639e-13     0.185035767659412
 0.000123117187233917 -0.000275406705941776    0.0121471372887192      1.98520735985463   -0.0879582322163275  1.10887841008083e-13  1.78039214369697e-14  4.23228455122044e-13 -4.96049345600833e-13     -0.10101705634685
 0.000617826676879259  -0.00108990954072813     0.143219077061391   -0.0879582322163275      1.23268492379232 -6.29039195856001e-13    9.205211792529e-14  3.78433612233316e-13  1.05390466914785e-12    -0.824080965516542
 1.65023591409877e-16  1.13649429277845e-15  1.56869799208427e-14  1.10887841008083e-13 -6.29039195856001e-13      1.47721358225638  -0.00163798640381419    0.0026654599853867     0.185871405938564  2.47398073726608e-13
 3.18823969967947e-16  5.60297980692409e-16  1.82935447671737e-14  1.78039214369697e-14    9.205211792529e-14  -0.00163798640381419        1.069558434518      0.50581250302757  -0.00246964297272925  9.81311071524646e-13
-1.91611033797577e-15  2.26484304388057e-15 -3.58896263363612e-13  4.23228455122044e-13  3.78433612233316e-13    0.0026654599853867      0.50581250302757     0.934361715051147  -0.00138848369074374  1.21593482776716e-12
   1.868440810372e-15 -2.16685339694411e-15  2.42869910046639e-13 -4.96049345600833e-13  1.05390466914785e-12     0.185871405938564  -0.00246964297272925  -0.00138848369074374     0.526702862973407 -1.34940112744037e-12
  0.00123259610777324  -0.00102899110804271     0.185035767659412     -0.10101705634685    -0.824080965516542  2.47398073726608e-13  9.81311071524646e-13  1.21593482776716e-12 -1.34940112744037e-12     0.816339140211946
-------------------general-----------------------
mullikenoperator: 
   0.0081064368109578   -0.0897591047128644    0.0032717638643725  -0.00601577929977893  -0.00265617787093308  1.83256109966296e-15  2.91140096786099e-15  3.75505059054701e-15 -3.26467316747528e-15  0.000579094994895504
  -0.0897591047128644     0.991726605942014   -0.0128226832759446  -0.00353043843249743 -0.000534994598967626 -3.19655756397545e-15 -5.27169179184535e-15  2.42629501528366e-15 -2.37773301375378e-15   -0.0057857066339046
   0.0032717638643725   -0.0128226832759446    0.0387240993490465    -0.205284705617834    0.0912368522396819 -7.80696965214921e-14 -1.05014515697077e-13 -2.85035464232947e-13   2.0318105675667e-13    0.0412890726942853
 -0.00601577929977893  -0.00353043843249741    -0.205284705617834     0.942508170100493  -0.00206537099046173  6.54312287413557e-14 -3.24096424534863e-14  3.24079915915155e-14 -1.70738115145835e-13    -0.140806693024365
 -0.00265617787093308 -0.000534994598967618    0.0912368522396819  -0.00206537099046167      1.01143574638418 -1.38276650656982e-12 -9.02507607931924e-13  1.40441115152455e-13  1.08935888877272e-12   -0.0525010107608788
 1.83256109966297e-15 -3.19655756397545e-15 -7.80696965214922e-14  6.54312287413557e-14 -1.38276650656982e-12     0.399754853459659  -0.00151710203251598   0.00227380631030748     0.490663971416888 -3.86037651751535e-13
   2.911400967861e-15 -5.27169179184536e-15 -1.05014515697077e-13 -3.24096424534864e-14 -9.02507607931924e-13  -0.00151710203251598    0.0221849089760113     0.149973228641492  -0.00248232294592687  1.02118498218443e-13
 3.75505059054703e-15  2.42629501528362e-15 -2.85035464232947e-13  3.24079915915154e-14  1.40441115152455e-13   0.00227380631030748     0.149973228641492     0.977816806644623  -0.00128601277065722  3.91048787381774e-13
-3.26467316747529e-15 -2.37773301375376e-15   2.0318105675667e-13 -1.70738115145835e-13  1.08935888877272e-12     0.490663971416888  -0.00248232294592686  -0.00128601277065722     0.600243430919708 -5.75781038996709e-13
 0.000579094994895502  -0.00578570663390459    0.0412890726942853    -0.140806693024365   -0.0525010107608788 -3.86037651751536e-13  1.02118498218443e-13  3.91048787381774e-13 -5.75781038996709e-13   0.00749894141330996
selected BF: 
0 1 2 3 4
selected lambdas: 
  -1 -0.9 -0.8 -0.7 -0.6 -0.5 -0.4 -0.3 -0.2 -0.1    0  0.1  0.2  0.3  0.4  0.5  0.6  0.7  0.8  0.9    1
RHF C: 
 0.000282153713969652     0.995169522685054    -0.117875609358814    -0.229416383562577   -0.0250802611117373  1.99827038279642e-15  2.92998212895352e-15  1.04070597548825e-15 -7.19557525844872e-16    0.0515740779404262
 -0.00179940948633974    0.0198953227402886     0.444811758352499       0.9143992473987     0.108997233177697 -9.08174164070805e-15 -1.33226024019169e-14  -4.8915925487353e-15  3.36988826887211e-15    -0.247345206384494
 2.50604619320034e-18  7.24873795739789e-18   3.6482296879524e-15 -8.02086238135166e-16 -5.61757207228454e-14  -0.00712874834069741    -0.380705413850907    -0.926262310957928    0.0167772551803074  1.81176607111114e-14
 2.35055588808833e-16  -5.6761233706119e-18 -2.39147524643382e-15  5.02179986132785e-16  3.76079156776432e-14     0.380705413849686  -0.00712874834072272   -0.0167772551802968    -0.926262310958431  -1.1785707476972e-14
  -0.0021260927266763   0.00127004713910493     0.136589311157524   -0.0369823397809248    -0.881745384388166 -1.35873855857586e-14 -2.21429050232197e-14  5.23303555876699e-14 -3.57189156678842e-14    -0.530433726694861
    0.995087348785166  0.000359971328630137    -0.216993749742653     0.137660767750196   -0.0630014004199912 -8.15097965528507e-16 -1.29987185814895e-15  2.73575978247264e-15  -1.8724282895373e-15   -0.0286610131382135
    0.020154631057999  -0.00195956739497612     0.828148610914276    -0.566471649277232     0.296399381309106  3.88808829480838e-15  6.65627784464325e-15 -1.39158751656259e-14  9.62861673371004e-15     0.149650605955552
-1.15969444570238e-17  8.22176399204776e-19 -3.31939312436808e-15 -2.80455752147533e-15  2.68100571090831e-14    -0.016911667928048     -0.90315483584607     0.432660028378898  -0.00783670847505275  3.60898341968543e-14
 8.92704423893378e-18  -4.9988285992968e-19  2.22354908264008e-15  1.72087990995076e-15 -1.63064175882777e-14     0.903154835846641   -0.0169116679280365   0.00783670847507811     0.432660028377708 -2.33304756745628e-14
  -0.0012009373623653   0.00181006497446892   -0.0685865071589835   -0.0726590596867575     0.330214597703093 -2.69249529830989e-14 -3.92331709314907e-14 -2.28171916998061e-14  1.55904235054298e-14    -0.975286679971167
RDM (no constraint): 
     1.99999892565042  4.85475009175523e-08 -3.49002630218928e-05  4.44596374947835e-05 -1.47783157329058e-05 -1.65296880716662e-16 -1.65912504810295e-16 -2.72990983316917e-16  2.23001239994021e-16 -0.000235226785649668
 4.85475009175523e-08      1.99999530697686 -6.52397408853327e-05 -0.000223182481232089 -0.000220608529729162  8.02309286857393e-17  9.80068339063081e-17 -7.20617268866322e-17  5.89449878438422e-17 -0.000331710731741037
-3.49002630218928e-05 -6.52397408853327e-05       1.9890810346638 -0.000601889588382134    0.0607457661107216 -1.34455511027896e-15 -1.51360382451106e-15   -1.127996216132e-13  9.03608786592646e-14    0.0606250089032981
 4.44596374947835e-05 -0.000223182481232089 -0.000601889588382134      1.98421015048366   -0.0214769793678363  1.72388524404234e-14  2.12177156163995e-14  3.82143613774793e-13 -3.03670223699652e-13   -0.0122274411323684
-1.47783157329058e-05 -0.000220608529729162    0.0607457661107216   -0.0214769793678363      1.46569633307792 -7.95574293311102e-14 -1.01803602877354e-13 -1.23104484561174e-12  9.71563922844056e-13    -0.707564831584401
-1.65296880716662e-16  8.02309286857393e-17 -1.34455511027896e-15  1.72388524404234e-14 -7.95574293311102e-14      1.45408741767012 -5.00972420574807e-16  0.000162895510318323    -0.266151389981236  1.06736020232346e-13
-1.65912504810295e-16  9.80068339063081e-17 -1.51360382451106e-15  2.12177156163995e-14 -1.01803602877354e-13 -5.00972420574807e-16      1.45408741767071     0.266151389980065   0.00016289551031576  1.26877227320027e-13
-2.72990983316917e-16 -7.20617268866322e-17   -1.127996216132e-13  3.82143613774793e-13 -1.23104484561174e-12  0.000162895510318323     0.266151389980065     0.550913269370724 -8.95591496105819e-16  1.18273449990297e-12
 2.23001239994021e-16  5.89449878438422e-17  9.03608786592646e-14 -3.03670223699652e-13  9.71563922844056e-13    -0.266151389981236   0.00016289551031576 -8.95591496105819e-16     0.550913269371324 -9.36735641096531e-13
-0.000235226785649668 -0.000331710731741037    0.0606250089032981   -0.0122274411323684    -0.707564831584401  1.06736020232346e-13  1.26877227320027e-13  1.18273449990297e-12 -9.36735641096531e-13     0.551016875064483
RDM Eigenvectors: 
    0.995771250773272   -0.0900839875373148    -0.017909814106933  -0.00179298406175767  -0.00070843289094615 -2.24686509929557e-16  -1.9275684692142e-16 -2.65682813746522e-16 -2.08734068112817e-16   0.00011494545436842
    0.089914490382249     0.995776664140332   -0.0109585388071973    0.0149671108074623  0.000262998662480229   1.4008365915008e-15  1.19756858797711e-16 -2.78986514749979e-16 -4.60606044039888e-16  0.000215466577185355
  -0.0176855724577972   -0.0131262149680759    -0.940648701836823     0.294310424648218    -0.161405837047594  3.95034468865243e-14  5.03256721919797e-14   1.9839857668878e-14  1.50343386342222e-14   -0.0449941379571217
  0.00580100009737089   -0.0117893581525217     0.282748875565007     0.954778207434049    0.0902586191029504  1.64740426062876e-13  2.08824998538584e-13  2.12751394960519e-13  1.68774276282133e-13    0.0115060456108888
 -0.00289381311900972  -0.00155392634693734    -0.180628988640073   -0.0334584840790445     0.858798352472926 -1.28373868600945e-12  -1.6322624066158e-12 -1.63473770713502e-12 -1.29020143710618e-12     0.478234565097846
 2.98181545004753e-15  1.32733813593284e-15  1.96522310505023e-13  1.65359944635887e-13 -1.10617369033818e-12    -0.964738979728239  -0.00567730210929718  0.000405032260312341       0.2631469269867  1.74508389974934e-13
 3.65121161835557e-15 -3.11734885098435e-16  2.46698572127942e-13   2.0710168365446e-13 -1.39043184136324e-12    0.0056773021092999    -0.964738979728569     0.263146926985492 -0.000405032260308469  2.25486915369139e-13
 6.21533213068941e-15 -6.58515295160556e-16  3.85104899575421e-13  3.15722754374727e-13 -1.49824292711656e-12   0.00138748941902898     -0.26314358078082    -0.964755269845055  0.000894468085079481 -1.33172240960654e-12
 -4.9280318076584e-15  4.05215112277929e-16 -3.05603515438261e-13 -2.50646276363812e-13  1.18487573978727e-12     0.263143580782028   0.00138748941903873  0.000894468085078315     0.964755269844726  1.05616184465143e-12
 0.000441953702507025  9.57643056833017e-05    0.0465339719791423    0.0208146390258217    -0.477772284868979  5.75608191135135e-13  7.37845627787178e-13 -6.44130865050783e-13 -5.10628614786434e-13      0.87700329507435
Total C: 
  -0.0868217122641068      0.98885451768152    0.0320196758798877    -0.265772028649874    0.0305460596914383 -2.51698370601956e-14 -3.29409624395825e-14 -1.51358963027145e-13  1.18517641809983e-13    0.0470482768545043
  -0.0132956978541321    0.0284363045671765    -0.155987404270229      1.00556548188905    -0.135648402346025  8.46297414275583e-14  1.03281647576059e-13  6.34277732210264e-13 -4.96359811135256e-13    -0.229265559994412
 2.97396037899953e-16  1.39697577401181e-16 -3.29815470994872e-14 -2.79503463072613e-13  2.08290118994809e-12    0.0130784780765406     0.123491004437029     0.993801747235312    0.0129533241748145  3.45943529897266e-13
 3.62140676935781e-16  1.02033242008664e-15 -2.72477961568346e-15 -9.56061787083731e-14  7.72476876113684e-13     -0.61099075651827    0.0049990440235408    0.0177615423715089    -0.793461157714398  6.69255174591215e-13
 -0.00404780686437167  -0.00132300988119084    0.0268393440107258   -0.0824050798916482     -1.03434366316366   9.0737707073702e-13  1.16750014153371e-12  2.02366023759433e-12 -1.67546363432486e-12   -0.0383331680423357
    0.994527778244589    0.0942467965184382     0.238484844895363    0.0698328259705513   -0.0361029012798458  4.80781337102714e-14  6.17174352425142e-14  9.63416664422799e-14 -8.00335611304901e-14  -0.00182788480469576
  0.00623683737280986   -0.0175826433934709     -1.00062014216982    -0.278082192706067     0.195425750711121 -2.33879132363348e-13 -3.01384153340752e-13 -4.91480821538961e-13  4.08359634707701e-13    0.0163875260050796
 1.02586064440171e-16 -2.39943439398387e-16 -4.13078137930141e-14   -1.014422249078e-13  8.39698404229083e-13     0.019555863633319     0.985068993240171    -0.179782119371737   -0.0128768198465432 -9.32182416367304e-13
-3.17164099901285e-16  1.05405404012709e-15  4.35833032345527e-14  2.20475273319717e-13 -1.72846068063487e-12    -0.757356331205994    0.0233297926006378  -0.00147019057845583     0.655053984859166  2.68877808673416e-13
-0.000346308293254931   0.00123525480890947    0.0337125900532119   -0.0702113301088422    -0.168007612776956 -5.30673643207923e-13 -6.79341912609845e-13  7.87021217551385e-13   -5.917376912268e-13     -1.01780134693925
Basis set used: STO-3G
Naturals: 
 1.99999974743851  1.99999911726807  1.99792617252434   1.9845070936941  1.84565935240911  1.52668301631972  1.52668301631964 0.478317670721798  0.47831767072172  0.16190714258302
Version: Tmhuysen's fci hack
