The Davidson algorithm did not converge.lambda: -1
The Davidson algorithm did not converge.lambda: -0.9
The Davidson algorithm did not converge.lambda: -0.8
The Davidson algorithm did not converge.lambda: -0.7
The Davidson algorithm did not converge.lambda: -0.6
The Davidson algorithm did not converge.lambda: -0.5
The Davidson algorithm did not converge.lambda: -0.4
The Davidson algorithm did not converge.lambda: -0.3
TOTAL ENERGY: -127.150034593176	 lambda: -0.2	 population of target: 6.20074432312842
1RDM: 
     1.99999965733426   2.0885015050194e-06 -1.42490074056011e-05  9.27831021093422e-05   2.5922653247879e-05  5.56883046925135e-14 -1.34570020079349e-13  1.27122500374135e-13  7.46040284767816e-14  0.000325202211190515
  2.0885015050194e-06       1.9999785296944  2.20251115149969e-05 -0.000781199681161319 -0.000297560042510141  4.40052151663023e-14 -2.36782141520945e-14 -1.35052243211173e-14  2.64421257932729e-13 -0.000318715867577695
-1.42490074056011e-05  2.20251115149969e-05      1.99786239735423   0.00163649585445015   -0.0124988679343281    5.140642451736e-12  6.31157105270055e-13  1.27678191302108e-11  4.13591851490571e-12   0.00402340269569272
 9.27831021093422e-05 -0.000781199681161319   0.00163649585445015      1.96661122467705   -0.0254668366914803  1.96372782957666e-12  2.35709939212127e-11 -3.58372601669724e-11  3.76671205520386e-11   -0.0944070845338327
  2.5922653247879e-05 -0.000297560042510141   -0.0124988679343281   -0.0254668366914803      1.77045853876713  1.61183787116238e-10  1.74641650735939e-10  9.79513365110609e-11   9.9846239791708e-11    -0.423003817950873
 5.56883046925135e-14  4.40052151663023e-14    5.140642451736e-12  1.96372782957666e-12  1.61183787116238e-10      1.20059769546437  0.000566383680781918  -0.00155698557653196    0.0368537470679715 -1.65296234261469e-10
-1.34570020079349e-13 -2.36782141520945e-14  6.31157105270055e-13  2.35709939212127e-11  1.74641650735939e-10  0.000566383680781918      1.14624035884505     0.141778961541683   0.00069116346003544  8.07794529788764e-11
 1.27122500374135e-13 -1.35052243211173e-14  1.27678191302108e-11 -3.58372601669724e-11  9.79513365110609e-11  -0.00155698557653196     0.141778961541683     0.855827223914838  0.000117791611581843 -1.44657324133211e-10
 7.46040284767816e-14  2.64421257932729e-13  4.13591851490571e-12  3.76671205520386e-11   9.9846239791708e-11    0.0368537470679715   0.00069116346003544  0.000117791611581843     0.801458594777823  3.66126013757514e-10
 0.000325202211190515 -0.000318715867577695   0.00402340269569272   -0.0944070845338327    -0.423003817950873 -1.65296234261469e-10  8.07794529788764e-11 -1.44657324133211e-10  3.66126013757514e-10     0.260965779170898
TOTAL ENERGY: -127.185095115347	 lambda: -0.1	 population of target: 6.44345638078125
1RDM: 
     1.99999954963127  1.39799049309887e-06 -3.22202699213334e-05  8.47068975378322e-05 -6.48279116860267e-05  4.93751985940915e-14 -1.42586128253257e-13  1.09056247811471e-13 -5.10012390660261e-14  0.000553676974030222
 1.39799049309887e-06      1.99998406904199 -1.44183172178632e-05  -0.00059582012345053 -0.000482468544830341 -2.28155594280249e-14  8.42926975425404e-14 -1.78363599972733e-13  5.47693896220913e-13  -0.00076654176378174
-3.22202699213334e-05 -1.44183172178632e-05      1.99562763784169   0.00215567513705284   -0.0207774577214767  3.78694868899668e-12  -1.4061641688774e-11   1.7719672355089e-11 -1.02300284565774e-11     0.032698463744324
 8.47068975378322e-05  -0.00059582012345053   0.00215567513705284      1.97084418840911   -0.0239576721010094  2.89559449321623e-13  2.53427793527548e-11  -3.6254783855558e-11  5.99730923391064e-11    -0.131378646603891
-6.48279116860267e-05 -0.000482468544830341   -0.0207774577214767   -0.0239576721010094      1.79339781595919  1.86650418538834e-10  2.08144512904521e-10   9.5846466632567e-11 -2.43448630820432e-11    -0.208557332170314
 4.93751985940915e-14 -2.28155594280249e-14  3.78694868899668e-12  2.89559449321623e-13  1.86650418538834e-10      1.19313318219718  0.000420321407473657  -0.00126708345599296    0.0138225644162423 -1.12055074243756e-10
-1.42586128253257e-13  8.42926975425404e-14  -1.4061641688774e-11  2.53427793527548e-11  2.08144512904521e-10  0.000420321407473657      1.15279383954895     0.118743273499624  0.000401298855496847  9.33863490496957e-11
 1.09056247811471e-13 -1.78363599972733e-13   1.7719672355089e-11  -3.6254783855558e-11   9.5846466632567e-11  -0.00126708345599296     0.118743273499624     0.848375981672509  8.74145024551397e-05 -1.03792508593138e-10
-5.10012390660261e-14  5.47693896220913e-13 -1.02300284565774e-11  5.99730923391064e-11 -2.43448630820432e-11    0.0138225644162423  0.000401298855496847  8.74145024551397e-05      0.80802825915196  3.62397579051327e-10
 0.000553676974030222  -0.00076654176378174     0.032698463744324    -0.131378646603891    -0.208557332170314 -1.12055074243756e-10  9.33863490496957e-11 -1.03792508593138e-10  3.62397579051327e-10     0.237815476546182
TOTAL ENERGY: -127.200583678248	 lambda: 0	 population of target: 6.73718087234448
1RDM: 
     1.99999941573323  7.86630383252668e-07  -5.8887749657599e-05  7.92089108972137e-05 -0.000296166114524787 -2.35205361825799e-14 -2.69028173204113e-13  1.06316677354754e-13 -6.63960662664394e-14   0.00063625590241288
 7.86630383252668e-07      1.99999077141622 -2.58526202759993e-05 -0.000397931735615586 -0.000506789546643196 -5.79998666368596e-14  1.64404011555099e-13 -2.07158771265307e-13  8.93897104516224e-13  -0.00135674761396357
 -5.8887749657599e-05 -2.58526202759993e-05      1.99188370058669   0.00377016217571872   -0.0487852808032019 -2.89000670440694e-12 -1.68288170673259e-11  1.19958117127772e-11 -1.63996121759553e-11    0.0478752612534129
 7.92089108972137e-05 -0.000397931735615586   0.00377016217571872      1.97454604287268  -0.00873503274168582  4.52295495025553e-12  4.08643820983911e-11 -3.96688708875693e-11  7.62506390068559e-11    -0.162951212368604
-0.000296166114524787 -0.000506789546643196   -0.0487852808032019  -0.00873503274168582       1.6325161364102  1.49664448546038e-10  8.78055525618207e-11  1.42543590947376e-10 -1.00523883971263e-10  -0.00312270538246528
-2.35205361825799e-14 -5.79998666368596e-14 -2.89000670440694e-12  4.52295495025553e-12  1.49664448546038e-10      1.14612651463298  0.000257642954242093 -0.000846610556883236 -1.83827298102764e-06 -4.14345092714134e-11
-2.69028173204113e-13  1.64404011555099e-13 -1.68288170673259e-11  4.08643820983911e-11  8.78055525618207e-11  0.000257642954242093       1.1213998496274    0.0812602590790331  0.000176052029020084  1.52403953829149e-10
 1.06316677354754e-13 -2.07158771265307e-13  1.19958117127772e-11 -3.96688708875693e-11  1.42543590947376e-10 -0.000846610556883236    0.0812602590790331     0.879108056501714  5.35821635792122e-05 -5.17493314750737e-11
-6.63960662664394e-14  8.93897104516224e-13 -1.63996121759553e-11  7.62506390068559e-11 -1.00523883971263e-10 -1.83827298102764e-06  0.000176052029020084  5.35821635792122e-05     0.854376255030735   2.6184705278234e-10
  0.00063625590241288  -0.00135674761396357    0.0478752612534129    -0.162951212368604  -0.00312270538246528 -4.14345092714134e-11  1.52403953829149e-10 -5.17493314750737e-11   2.6184705278234e-10     0.400053257188218
TOTAL ENERGY: -127.194264397945	 lambda: 0.1	 population of target: 6.88655530133701
1RDM: 
      1.9999993522666  6.07160984723878e-07 -7.32405651441008e-05  8.05946119825928e-05 -0.000455451763596784 -6.92046828509133e-14 -2.78234971703158e-13  5.34002960244037e-14 -4.00638266052932e-14  0.000603637692607383
 6.07160984723878e-07      1.99999414558706 -1.23581470024602e-05 -0.000312296068368278 -0.000383818217392686 -1.87329607277324e-14  2.73315602410652e-13 -2.51457757750744e-13  1.03784664790857e-12  -0.00164394495859256
-7.32405651441008e-05 -1.23581470024602e-05       1.9896792103804   0.00529349425968677   -0.0702434719718128 -9.57961411028027e-12 -2.40744464368848e-11  8.44776690118291e-12  -1.2850125751531e-11    0.0473313385504253
 8.05946119825928e-05 -0.000312296068368278   0.00529349425968677      1.97545169253655   0.00680103863488016  9.63251910856953e-12  4.43111824209967e-11 -3.65666729667671e-11  8.05115964031517e-11    -0.172215028866033
-0.000455451763596784 -0.000383818217392686   -0.0702434719718128   0.00680103863488016      1.45763824251839   1.1505432408458e-10  6.55212734424892e-11  1.00295748609142e-10 -1.13805302180004e-10     0.066285429994304
-6.92046828509133e-14 -1.87329607277324e-14 -9.57961411028027e-12  9.63251910856953e-12   1.1505432408458e-10      1.10263692953653  0.000160130880197536 -0.000555947370899097  -0.00360715845218011  -1.1492702478081e-11
-2.78234971703158e-13  2.73315602410652e-13 -2.40744464368848e-11  4.43111824209967e-11  6.55212734424892e-11  0.000160130880197536      1.08726865406781    0.0541113663798229  7.96648743973051e-05   1.1246874581087e-10
 5.34002960244037e-14 -2.51457757750744e-13  8.44776690118291e-12 -3.65666729667671e-11  1.00295748609142e-10 -0.000555947370899097    0.0541113663798229     0.912979852436355  3.33040592375304e-05 -2.22228698233567e-11
-4.00638266052932e-14  1.03784664790857e-12  -1.2850125751531e-11  8.05115964031517e-11 -1.13805302180004e-10  -0.00360715845218011  7.96648743973051e-05  3.33040592375304e-05     0.897608384675389  1.78787946781368e-10
 0.000603637692607383  -0.00164394495859256    0.0473313385504253    -0.172215028866033     0.066285429994304  -1.1492702478081e-11   1.1246874581087e-10 -2.22228698233567e-11  1.78787946781368e-10     0.576743535994932
TOTAL ENERGY: -127.185891098882	 lambda: 0.2	 population of target: 6.94522288174215
1RDM: 
     1.99999932653156  6.12088753826218e-07 -7.88032212176175e-05  8.50001689994345e-05 -0.000527685831134057 -9.47804941552715e-14 -3.15013704345926e-13  4.98598553630126e-14  -1.5841703875319e-14  0.000574262176570821
 6.12088753826218e-07      1.99999544706464  2.85531218554218e-06 -0.000286019083149344  -0.00026563912765943  1.75727975471564e-14  3.05290374497434e-13 -2.26688837363635e-13  1.07964244848763e-12  -0.00174303594886192
-7.88032212176175e-05  2.85531218554218e-06      1.98875600468966   0.00638074750942592    -0.080756250623343 -1.25165952337869e-11  -2.3123065894242e-11  4.11607144905956e-12 -1.04325593087598e-11    0.0448785362775811
 8.50001689994345e-05 -0.000286019083149344   0.00638074750942592      1.97515834726455     0.017003777690246  1.32932256206645e-11  4.83964073822892e-11 -3.52215702468144e-11  8.03677839971275e-11    -0.173817912462141
-0.000527685831134057  -0.00026563912765943    -0.080756250623343     0.017003777690246      1.35585477835855  8.94409643797595e-11  2.95766935218752e-11   9.4992344897242e-11  -1.0259272651689e-10    0.0798151087936624
-9.47804941552715e-14  1.75727975471564e-14 -1.25165952337869e-11  1.32932256206645e-11  8.94409643797595e-11      1.07866578451719  0.000114539679555742 -0.000410866497153138  -0.00418064265572514 -1.33658137882556e-13
-3.15013704345926e-13  3.05290374497434e-13  -2.3123065894242e-11  4.83964073822892e-11  2.95766935218752e-11  0.000114539679555742      1.06767311603597    0.0403054827325677  4.37759083476611e-05  1.03924430994861e-10
 4.98598553630126e-14 -2.26688837363635e-13  4.11607144905956e-12 -3.52215702468144e-11   9.4992344897242e-11 -0.000410866497153138    0.0403054827325677      0.93248892007673  2.38208587604796e-05 -1.33518506483625e-11
 -1.5841703875319e-14  1.07964244848763e-12 -1.04325593087598e-11  8.03677839971275e-11  -1.0259272651689e-10  -0.00418064265572514  4.37759083476611e-05  2.38208587604796e-05      0.92149396811967  1.30214095475257e-10
 0.000574262176570821  -0.00174303594886192    0.0448785362775811    -0.173817912462141    0.0798151087936624 -1.33658137882556e-13  1.03924430994861e-10 -1.33518506483625e-11  1.30214095475257e-10     0.679914307341442
TOTAL ENERGY: -127.179432030228	 lambda: 0.3	 population of target: 6.97166309909915
1RDM: 
     1.99999931112578  6.66519167808274e-07 -8.10287856829332e-05  9.04055491437078e-05 -0.000559322040482942 -1.02442943232151e-13 -2.95890937367143e-13  2.52958780800397e-14 -1.17726659653404e-14  0.000564915481335102
 6.66519167808274e-07      1.99999602054479  1.55520973066746e-05 -0.000277908814762329 -0.000172766860657626  4.99722935936225e-14  3.54389733188598e-13 -2.30915887776371e-13  1.08408226354584e-12  -0.00177665105569895
-8.10287856829332e-05  1.55520973066746e-05      1.98835665610921    0.0072334294694402   -0.0857306574586442 -1.42212018166783e-11 -2.66455701322491e-11  4.54584386279544e-12 -8.88840572051026e-12    0.0437357574613266
 9.04055491437078e-05 -0.000277908814762329    0.0072334294694402      1.97458852205015     0.023960436912217  1.56608079785203e-11  4.88817054172251e-11 -3.30250516323032e-11  7.99800565849713e-11    -0.174260963238918
-0.000559322040482942 -0.000172766860657626   -0.0857306574586442     0.023960436912217      1.30057753376357  7.75862205362605e-11  3.55560976879767e-11  7.12348339879619e-11 -9.62511885421791e-11    0.0815945728637038
-1.02442943232151e-13  4.99722935936225e-14 -1.42212018166783e-11  1.56608079785203e-11  7.75862205362605e-11      1.06603617663909    9.199182406188e-05  -0.00033715914866023  -0.00422706635260943  3.28862915762442e-12
-2.95890937367143e-13  3.54389733188598e-13 -2.66455701322491e-11  4.88817054172251e-11  3.55560976879767e-11    9.199182406188e-05      1.05720747036028    0.0332405248711012   2.7984044823726e-05  8.01497952081996e-11
 2.52958780800397e-14 -2.30915887776371e-13  4.54584386279544e-12 -3.30250516323032e-11  7.12348339879619e-11  -0.00033715914866023    0.0332405248711012     0.942921445913677  1.91316680577992e-05 -4.78864982792861e-12
-1.17726659653404e-14  1.08408226354584e-12 -8.88840572051026e-12  7.99800565849713e-11 -9.62511885421791e-11  -0.00422706635260943   2.7984044823726e-05  1.91316680577992e-05     0.934090905717122  1.05931753458865e-10
 0.000564915481335102  -0.00177665105569895    0.0437357574613266    -0.174260963238918    0.0815945728637038  3.28862915762442e-12  8.01497952081996e-11 -4.78864982792861e-12  1.05931753458865e-10     0.736225957776409
TOTAL ENERGY: -127.174375287751	 lambda: 0.4	 population of target: 6.98627765729286
1RDM: 
     1.99999929704081  7.37251813935841e-07 -8.19055207266868e-05  9.63940932241967e-05 -0.000571664335107132 -1.05568066068369e-13 -3.00201601671348e-13   2.3324020296811e-14 -1.55990226896781e-14   0.00057174053278571
 7.37251813935841e-07      1.99999632733917  2.63731237975794e-05 -0.000275296213552064 -9.60264480248184e-05  7.54737919225817e-14  3.75242064025179e-13 -2.17478615921939e-13   1.0781691820718e-12  -0.00178489125578715
-8.19055207266868e-05  2.63731237975794e-05      1.98817871826276   0.00798380732163912   -0.0879363030272551  -1.4823402690397e-11 -2.71600695617914e-11  4.08742724655587e-12 -8.75554748225613e-12    0.0439575325934434
 9.63940932241967e-05 -0.000275296213552064   0.00798380732163912      1.97398222592258     0.029251456235447  1.74288528094898e-11  5.02752593116174e-11  -3.1981070188327e-11  7.97145251335397e-11    -0.174840646978766
-0.000571664335107132 -9.60264480248184e-05   -0.0879363030272551     0.029251456235447       1.2708928086273  7.03804711401137e-11  3.02822301075685e-11  6.53572740680934e-11 -9.19396971052024e-11    0.0825208169396685
-1.05568066068369e-13  7.54737919225817e-14  -1.4823402690397e-11  1.74288528094898e-11  7.03804711401137e-11      1.05946876994085  8.01942423701473e-05 -0.000298691667892493   -0.0042633053756251  5.49742820745014e-12
-3.00201601671348e-13  3.75242064025179e-13 -2.71600695617914e-11  5.02752593116174e-11  3.02822301075685e-11  8.01942423701473e-05      1.05177233285503    0.0295558370796084  1.96229154402236e-05  7.34456872917236e-11
  2.3324020296811e-14 -2.17478615921939e-13  4.08742724655587e-12  -3.1981070188327e-11  6.53572740680934e-11 -0.000298691667892493    0.0295558370796084     0.948342448502136  1.66779347987401e-05 -1.70948672393838e-12
-1.55990226896781e-14   1.0781691820718e-12 -8.75554748225613e-12  7.97145251335397e-11 -9.19396971052024e-11   -0.0042633053756251  1.96229154402236e-05  1.66779347987401e-05     0.940644412678528    9.205460514107e-11
  0.00057174053278571  -0.00178489125578715    0.0439575325934434    -0.174840646978766    0.0825208169396685  5.49742820745014e-12  7.34456872917236e-11 -1.70948672393838e-12    9.205460514107e-11     0.766722658830854
TOTAL ENERGY: -127.16985488789	 lambda: 0.5	 population of target: 6.99636908856286
1RDM: 
     1.99999928024917  8.17458119500813e-07  -8.2161247504963e-05  0.000103029451288537 -0.000573180263386152 -1.04610053508313e-13  -3.0575395489663e-13  2.62442589795189e-14 -2.76817807811709e-14  0.000591997341622122
 8.17458119500813e-07      1.99999652448193  3.61158398780721e-05 -0.000274229036089114 -2.68510543206683e-05  9.81831378630518e-14   3.9140726007053e-13 -1.98773525081576e-13  1.06597958947088e-12  -0.00178042049781531
 -8.2161247504963e-05  3.61158398780721e-05      1.98810344050634    0.0087054335826398   -0.0885046061320918 -1.48912464228421e-11 -2.73942698873093e-11  4.25517201158275e-12 -9.53436568962689e-12    0.0453905529760577
 0.000103029451288537 -0.000274229036089114    0.0087054335826398      1.97339438671771    0.0337195194352487  1.89373732855221e-11  5.12688712861905e-11 -3.21382285653305e-11  7.98044169230314e-11    -0.175805550819102
-0.000573180263386152 -2.68510543206683e-05   -0.0885046061320918    0.0337195194352487      1.25708041072828  6.73238058311107e-11  2.74980754612603e-11  6.50127193292398e-11 -9.12384807855159e-11    0.0855867733352799
-1.04610053508313e-13  9.81831378630518e-14 -1.48912464228421e-11  1.89373732855221e-11  6.73238058311107e-11      1.05665280647826   7.4341895028451e-05 -0.000280717600843688  -0.00441549893260742  7.51950565247152e-12
 -3.0575395489663e-13   3.9140726007053e-13 -2.73942698873093e-11  5.12688712861905e-11  2.74980754612603e-11   7.4341895028451e-05      1.04951801944064    0.0278622968805729  1.43676821756349e-05  7.24436634542003e-11
 2.62442589795189e-14 -1.98773525081576e-13  4.25517201158275e-12 -3.21382285653305e-11  6.50127193292398e-11 -0.000280717600843688    0.0278622968805729     0.950591174206945  1.54609558834349e-05  2.45554397291352e-12
-2.76817807811709e-14  1.06597958947088e-12 -9.53436568962689e-12  7.98044169230314e-11 -9.12384807855159e-11  -0.00441549893260742  1.43676821756349e-05  1.54609558834349e-05     0.943454905104297  8.51896598243352e-11
 0.000591997341622122  -0.00178042049781531    0.0453905529760577    -0.175805550819102    0.0855867733352799  7.51950565247152e-12  7.24436634542003e-11  2.45554397291352e-12  8.51896598243352e-11     0.781209052086449
TOTAL ENERGY: -127.164925300529	 lambda: 0.6	 population of target: 7.00532999041826
1RDM: 
     1.99999925713625   9.0749164908676e-07 -8.21449348132587e-05  0.000110584080697055 -0.000567544721084424 -1.00868040638026e-13 -3.10713185794183e-13  3.16876396189716e-14 -4.78770145104833e-14  0.000625568541182186
  9.0749164908676e-07      1.99999667242862  4.52791236544704e-05 -0.000273253078331017  4.13259953705841e-05  1.20745252202473e-13  4.04955264532654e-13 -1.86192051435059e-13    1.049365576329e-12  -0.00176726513379405
-8.21449348132587e-05  4.52791236544704e-05      1.98806785755471   0.00945196210534163   -0.0878837524388952 -1.45347387108927e-11 -2.78651016680506e-11  4.71994589945252e-12 -1.11586674107824e-11    0.0480615888717059
 0.000110584080697055 -0.000273253078331017   0.00945196210534163      1.97283039340327     0.037895835520861  2.01278791903998e-11  5.27715260027796e-11 -3.10541342136692e-11  8.00425084066474e-11    -0.177253567652188
-0.000567544721084424  4.13259953705841e-05   -0.0878837524388952     0.037895835520861      1.25519561748514  6.70546170161518e-11  2.54726039351406e-11  6.44514385373711e-11 -9.49232335904869e-11    0.0923930097039562
-1.00868040638026e-13  1.20745252202473e-13 -1.45347387108927e-11  2.01278791903998e-11  6.70546170161518e-11       1.0567221855282  7.25192247471248e-05 -0.000277494419149806  -0.00475070769891628  9.57236983119434e-12
-3.10713185794183e-13  4.04955264532654e-13 -2.78651016680506e-11  5.27715260027796e-11  2.54726039351406e-11  7.25192247471248e-05      1.04976232526556    0.0276226414321063  1.03560117493575e-05  7.27269974565201e-11
 3.16876396189716e-14 -1.86192051435059e-13  4.71994589945252e-12 -3.10541342136692e-11  6.44514385373711e-11 -0.000277494419149806    0.0276226414321063     0.950346552155552   1.5081888077301e-05  2.88751790848706e-12
-4.78770145104833e-14    1.049365576329e-12 -1.11586674107824e-11  8.00425084066474e-11 -9.49232335904869e-11  -0.00475070769891628  1.03560117493575e-05   1.5081888077301e-05     0.943385246172353  8.27968453467054e-11
 0.000625568541182186  -0.00176726513379405    0.0480615888717059    -0.177253567652188    0.0923930097039562  9.57236983119434e-12  7.27269974565201e-11  2.88751790848706e-12  8.27968453467054e-11     0.783693892870372
TOTAL ENERGY: -127.158151424291	 lambda: 0.7	 population of target: 7.01571493373002
1RDM: 
     1.99999922220849  1.01074317213484e-06 -8.21426377281882e-05  0.000119542851259158 -0.000556737030897355 -9.51371544148531e-14 -3.13918273666662e-13  4.13557729318281e-14 -7.77982258181618e-14  0.000675091961340309
 1.01074317213484e-06      1.99999679562902  5.40316040179577e-05 -0.000271667753010563  0.000114589569554432  1.44605074340869e-13  4.21774888376603e-13 -1.85262318230145e-13   1.0270056102327e-12  -0.00174579920874535
-8.21426377281882e-05  5.40316040179577e-05       1.9880109464782    0.0102795745368992   -0.0862017589401728 -1.37738613816178e-11 -2.90951011540088e-11  4.97226394863371e-12 -1.37691116650167e-11    0.0522635780356152
 0.000119542851259158 -0.000271667753010563    0.0102795745368992      1.97227949128983    0.0422479424201459  2.10153521949359e-11  5.46473801303587e-11 -2.66193245625106e-11  8.03852915130266e-11    -0.179324689637907
-0.000556737030897355  0.000114589569554432   -0.0862017589401728    0.0422479424201459      1.26460647235793  6.79126024673396e-11  2.34002421566248e-11  6.43531443021708e-11 -1.05652071449343e-10     0.105075033393878
-9.51371544148531e-14  1.44605074340869e-13 -1.37738613816178e-11  2.10153521949359e-11  6.79126024673396e-11      1.05966379043233  7.41464257480638e-05 -0.000287908902588776  -0.00536484095746127  1.03228859199485e-11
-3.13918273666662e-13  4.21774888376603e-13 -2.90951011540088e-11  5.46473801303587e-11  2.34002421566248e-11  7.41464257480638e-05      1.05254776532837    0.0287499777669299  6.40025357705015e-06   7.5075795493008e-11
 4.13557729318281e-14 -1.85262318230145e-13  4.97226394863371e-12 -2.66193245625106e-11  6.43531443021708e-11 -0.000287908902588776    0.0287499777669299     0.947565837380899  1.54202455215988e-05 -9.31005677406283e-13
-7.77982258181618e-14   1.0270056102327e-12 -1.37691116650167e-11  8.03852915130266e-11 -1.05652071449343e-10  -0.00536484095746127  6.40025357705015e-06  1.54202455215988e-05     0.940448334111136  8.22970927544768e-11
 0.000675091961340309  -0.00174579920874535    0.0522635780356152    -0.179324689637907     0.105075033393878  1.03228859199485e-11   7.5075795493008e-11 -9.31005677406283e-13  8.22970927544768e-11     0.774881344783856
TOTAL ENERGY: -127.146522950902	 lambda: 0.8	 population of target: 7.0311336524296
1RDM: 
     1.99999916474139  1.13326457979186e-06  -8.2613495477842e-05  0.000130759314386196 -0.000542865254408418  -8.6719230705335e-14 -3.29220955045321e-13  5.42322702315429e-14 -1.19741191773716e-13  0.000747243514760653
 1.13326457979186e-06      1.99999689923733  6.19530583586686e-05 -0.000268891377744001  0.000200230462286279  1.72005901263834e-13  4.31788439507162e-13 -1.48387409143176e-13  9.96841760691247e-13  -0.00171325540643185
 -8.2613495477842e-05  6.19530583586686e-05      1.98781897236815    0.0112687084945646   -0.0834102936547185 -1.26032080076785e-11 -2.90927364392682e-11   7.2160041287121e-12 -1.78590589634656e-11     0.058738891958108
 0.000130759314386196 -0.000268891377744001    0.0112687084945646      1.97172486322675     0.047386490280214  2.24512546838374e-11  5.61771648506167e-11 -2.98591480105268e-11  8.13973919038561e-11    -0.182274138897576
-0.000542865254408418  0.000200230462286279   -0.0834102936547185     0.047386490280214        1.287475236419   7.4432626034878e-11  2.31061942143441e-11  7.59018254415733e-11 -1.22238890667086e-10     0.127898795219999
 -8.6719230705335e-14  1.72005901263834e-13 -1.26032080076785e-11  2.24512546838374e-11   7.4432626034878e-11      1.06629289429248  7.95219938723523e-05 -0.000314561866560854  -0.00645418688295037  1.56608843615695e-11
-3.29220955045321e-13  4.31788439507162e-13 -2.90927364392682e-11  5.61771648506167e-11  2.31061942143441e-11  7.95219938723523e-05      1.05866095720025    0.0315347495839681  1.08475481108594e-06  8.84780853630509e-11
 5.42322702315429e-14 -1.48387409143176e-13   7.2160041287121e-12 -2.98591480105268e-11  7.59018254415733e-11 -0.000314561866560854    0.0315347495839681     0.941464940387925  1.65382655243624e-05   6.9529871187108e-12
-1.19741191773716e-13  9.96841760691247e-13 -1.78590589634656e-11  8.13973919038561e-11 -1.22238890667086e-10  -0.00645418688295037  1.08475481108594e-06  1.65382655243624e-05     0.933831417959782  8.84787628438053e-11
 0.000747243514760653  -0.00171325540643185     0.058738891958108    -0.182274138897576     0.127898795219999  1.56608843615695e-11  8.84780853630509e-11   6.9529871187108e-12  8.84787628438053e-11     0.752734654166975
TOTAL ENERGY: -127.122134977852	 lambda: 0.9	 population of target: 7.05962853686804
1RDM: 
     1.99999906020358  1.28430067793941e-06 -8.47020446712112e-05  0.000145845939520264  -0.00053142969481803 -7.63609045724272e-14 -3.48407692514837e-13  7.30599123561878e-14 -1.80732285962182e-13  0.000856589779640303
 1.28430067793941e-06      1.99999696463561  6.68622968977578e-05 -0.000263924327447691  0.000308575668976364  2.07927730054155e-13  4.46869337954911e-13  -1.2040154318087e-13  9.54458700052726e-13  -0.00166046828146552
-8.47020446712112e-05  6.68622968977578e-05      1.98718398995279    0.0125615279521759   -0.0794524756670375 -1.09094076864252e-11 -3.04560881820172e-11  9.54943927660448e-12  -2.4339329193966e-11    0.0691985568508687
 0.000145845939520264 -0.000263924327447691    0.0125615279521759       1.9711582278812    0.0544095426218452  2.44217692028032e-11  5.87341484755492e-11 -2.90012427772683e-11   8.2825516110355e-11    -0.186503042620798
 -0.00053142969481803  0.000308575668976364   -0.0794524756670375    0.0544095426218452      1.32934539523259  9.03983456512124e-11  2.06114146392354e-11  9.09837143274036e-11 -1.49560463528566e-10     0.170743042021874
-7.63609045724272e-14  2.07927730054155e-13 -1.09094076864252e-11  2.44217692028032e-11  9.03983456512124e-11      1.07873277553247  8.97573758978767e-05 -0.000364846697346753  -0.00847220933755519  3.09148570304262e-11
-3.48407692514837e-13  4.46869337954911e-13 -3.04560881820172e-11  5.87341484755492e-11  2.06114146392354e-11  8.97573758978767e-05      1.07011852355102    0.0367809030354782  -8.5729442409647e-06  1.08867945947671e-10
 7.30599123561878e-14  -1.2040154318087e-13  9.54943927660448e-12 -2.90012427772683e-11  9.09837143274036e-11 -0.000364846697346753    0.0367809030354782     0.930035394176017  1.86669360136415e-05  1.18800136079956e-11
-1.80732285962182e-13  9.54458700052726e-13  -2.4339329193966e-11   8.2825516110355e-11 -1.49560463528566e-10  -0.00847220933755519  -8.5729442409647e-06  1.86669360136415e-05     0.921419352818339  1.04523309576154e-10
 0.000856589779640303  -0.00166046828146552    0.0691985568508687    -0.186503042620798     0.170743042021874  3.09148570304262e-11  1.08867945947671e-10  1.18800136079956e-11  1.04523309576154e-10     0.712010316016406
TOTAL ENERGY: -127.060537907036	 lambda: 1	 population of target: 7.12396740883915
1RDM: 
     1.99999884495962  1.47167836414278e-06  -9.2001736884323e-05  0.000167889393546766 -0.000543252032443348 -7.29814584224827e-14 -3.87186389812698e-13  9.43754110583908e-14 -2.78582001568456e-13   0.00103393687543485
 1.47167836414278e-06      1.99999690855699  5.99266621778641e-05 -0.000253989275446711  0.000451724282688716  2.44573014587554e-13  4.56605067792747e-13 -7.52918618047738e-14  8.65483957904094e-13  -0.00155835050118274
 -9.2001736884323e-05  5.99266621778641e-05      1.98509255960516    0.0144294974500256   -0.0751462842165226 -9.16979200395532e-12 -3.32078018690698e-11  1.38649187917323e-11 -3.59988354358889e-11     0.087643792097553
 0.000167889393546766 -0.000253989275446711    0.0144294974500256      1.97066323478513    0.0656718117823696  2.76390512705279e-11  6.29529241797899e-11 -2.93403251972767e-11  8.50967002540941e-11    -0.192196015559454
-0.000543252032443348  0.000451724282688716   -0.0751462842165226    0.0656718117823696      1.39807870672068  8.60487099819773e-11  1.26790756572943e-11  1.12965787224853e-10 -2.32810393164912e-10     0.258674781872112
-7.29814584224827e-14  2.44573014587554e-13 -9.16979200395532e-12  2.76390512705279e-11  8.60487099819773e-11      1.10138495033907  0.000106063149931654 -0.000452043393602556   -0.0125460430149004  2.19733881015773e-11
-3.87186389812698e-13  4.56605067792747e-13 -3.32078018690698e-11  6.29529241797899e-11  1.26790756572943e-11  0.000106063149931654      1.09120579897779    0.0459975076402355 -3.10462681894366e-05  1.42592296458908e-10
 9.43754110583908e-14 -7.52918618047738e-14  1.38649187917323e-11 -2.93403251972767e-11  1.12965787224853e-10 -0.000452043393602556    0.0459975076402355     0.909016376069083  2.20579550628837e-05  2.10899022394345e-11
-2.78582001568456e-13  8.65483957904094e-13 -3.59988354358889e-11  8.50967002540941e-11 -2.32810393164912e-10   -0.0125460430149004 -3.10462681894366e-05  2.20579550628837e-05     0.898835110163798  8.94282398032935e-11
  0.00103393687543485  -0.00155835050118274     0.087643792097553    -0.192196015559454     0.258674781872112  2.19733881015773e-11  1.42592296458908e-10  2.10899022394345e-11  8.94282398032935e-11     0.645727509822759
-------------------general-----------------------
mullikenoperator: 
  0.00880902515091263   -0.0934410195122718   0.00137936341626082 -0.000284489291953561 -0.000344651853210966 -3.20192818380172e-14 -1.68321474602692e-14 -8.79571317836896e-14 -1.00234171613226e-14 -5.43268168724468e-05
  -0.0934410195122718      0.99099096492098   -0.0136857637771403  -0.00191704862121895    0.0027231423609655   7.7216877499628e-13  7.33286649511839e-13  3.29850812421409e-13 -1.42856360299049e-14 -0.000493382661310846
  0.00137936341626082   -0.0136857637771403    0.0176059171732451    -0.105977415011146    0.0304121586536985  8.93371193166734e-12 -6.34826824729622e-12  1.68952679867725e-11 -4.48017258941207e-11    0.0796306209392431
-0.000284489291953569  -0.00191704862121886    -0.105977415011146     0.965321346314979     0.131005949824874  3.77859375217673e-11  4.36094783667692e-11  7.23163606154654e-12  2.83150279701229e-11   -0.0766841397368044
-0.000344651853210967   0.00272314236096551    0.0304121586536985     0.131005949824874     0.315383216207479 -8.75957278352083e-11  -1.1105692119144e-10  1.79192049383753e-10 -6.85527355549264e-11     0.446501352902213
 -3.2019281838017e-14  7.72168774996284e-13  8.93371193166735e-12  3.77859375217673e-11 -8.75957278352083e-11     0.459773925900477  -0.00296356926083794   0.00562553768781503    -0.498379100158298 -1.34241660230724e-10
-1.68321474602695e-14  7.33286649511843e-13 -6.34826824729622e-12  4.36094783667692e-11  -1.1105692119144e-10  -0.00296356926083796     0.744195459107682    -0.436305416964654  -0.00613775731189929  1.76803738062499e-10
-8.79571317836898e-14  3.29850812421409e-13  1.68952679867725e-11  7.23163606154655e-12  1.79192049383753e-10   0.00562553768781501    -0.436305416964654     0.255775000230897 -0.000616335866083668  6.20545992652338e-11
-1.00234171613237e-14 -1.42856360299011e-14 -4.48017258941207e-11  2.83150279701229e-11 -6.85527355549263e-11    -0.498379100158298  -0.00613775731189926 -0.000616335866083701     0.540255614760943  -1.2700346964575e-10
-5.43268168724457e-05 -0.000493382661310854    0.0796306209392431   -0.0766841397368044     0.446501352902213 -1.34241660230724e-10  1.76803738062499e-10  6.20545992652337e-11  -1.2700346964575e-10     0.701889530232407
selected BF: 
0 1 2 3 4
selected lambdas: 
  -1 -0.9 -0.8 -0.7 -0.6 -0.5 -0.4 -0.3 -0.2 -0.1    0  0.1  0.2  0.3  0.4  0.5  0.6  0.7  0.8  0.9    1
RHF C: 
 9.49449839338894e-05     0.995165028773443   -0.0250161610689086    -0.257805534103482    0.0348769633714363  2.85079835593024e-12  4.54675681583107e-12  6.63562618784798e-12 -4.08077377022112e-12  0.000917093790198045
-0.000480717867183437    0.0197899014544746    0.0966402063665792      1.01611689044529    -0.141691665728407 -1.15845809066137e-11 -1.84235977227667e-11 -2.70234164977561e-11  1.66262324407367e-11  -0.00430411646491318
 1.45728639934165e-15  1.90153608175372e-14  1.26083709868019e-12  6.21277339063008e-13  4.57655439361975e-12     0.723023534358658     -0.27878014950541     0.232300293415701     0.587976484564322  8.44647908140122e-11
 8.51936610073522e-16  9.99155929803912e-14  6.63806069964153e-12  3.43833544344355e-12  3.34658835806012e-11     0.278780149506475     0.723023534356037    -0.587976484567545     0.232300293414422  6.03273782771302e-10
-0.000687831048450498  0.000148463345407019    0.0237808634289202    0.0150377508216054     0.113978256796167  2.46198271875661e-10  4.37656878858888e-10 -2.96656955143374e-10  1.64289056327745e-10     -0.99736997076603
    0.995230076878503  0.000128036803207594    -0.259911049872019    0.0338770413342776   0.00843068281602211  4.74971131639988e-12  8.20933210552529e-12 -5.83793898552936e-12  3.22022878353159e-12   -0.0167658286564325
   0.0194112030187351 -0.000542828254331971      1.01866413226582    -0.137460441268573   -0.0341656650321593 -2.12290740303469e-11 -3.68179434175673e-11  2.56404047432331e-11 -1.41508127508769e-11    0.0758458184821506
 1.36382146096852e-14  1.05658940650295e-14 -7.50880397647475e-13   4.8730069350272e-13 -4.61172354468742e-11      0.58064736226844     -0.22388338797024    -0.287662691704401     -0.72810453974648  5.43521312544267e-12
 1.05625664510382e-13  7.70998498825444e-14 -3.98585028054387e-12  9.14916682176951e-12 -2.04211845451732e-10     0.223883387968921     0.580647362271684     0.728104539743892    -0.287662691705428  2.28139029426984e-11
-0.000216596814782357   0.00072079453462596   -0.0360503673570341   -0.0839293137855551    -0.981786616253642 -1.40866630792352e-11 -3.49298069479186e-12 -2.08877859837194e-10  1.33121247808174e-10    -0.188807540588321
RDM (no constraint): 
     1.99999989366364  6.83010030411312e-08 -1.10696417608564e-05  6.93602148273153e-06 -0.000125909243928557 -3.97857422282296e-14 -6.79978794069033e-14 -9.22546379342486e-14  5.20046481453345e-14   2.1352904968389e-05
 6.83010030411312e-08        1.999997836159 -6.02852673364556e-06  -0.00014026075402116 -0.000115858919113465  1.30876637468169e-14  3.23168430025145e-14 -1.11535039438702e-13  5.99726029106038e-14 -0.000318231949293957
-1.10696417608564e-05 -6.02852673364556e-06      1.99763723743896 -0.000713585399012676   -0.0351561912157451  7.14246736758802e-13  2.30891086170183e-12 -3.77660819323748e-12  2.17764746412102e-12   -0.0176706386751265
 6.93602148273153e-06  -0.00014026075402116 -0.000713585399012676        1.987534691424   -0.0228434786182204  1.30274316831626e-11  2.31370249977819e-11 -3.13833739499934e-11   1.7102328356547e-11   -0.0731715763521825
-0.000125909243928557 -0.000115858919113465   -0.0351561912157451   -0.0228434786182204      1.40397880889174  1.26365141662046e-10  2.21212521959369e-10 -7.10749237920798e-11  3.15454284042626e-11    -0.477205325479296
-3.97857422282296e-14  1.30876637468169e-14  7.14246736758802e-13  1.30274316831626e-11  1.26365141662046e-10      1.13980931294406 -8.04143566292863e-15 -0.000350462652405291   -0.0424710546682533  9.10448967033223e-11
-6.79978794069033e-14  3.23168430025145e-14  2.30891086170183e-12  2.31370249977819e-11  2.21212521959369e-10 -8.04143566292863e-15      1.13980931294477    0.0424710546670997 -0.000350462652414545  1.73095387950276e-10
-9.22546379342486e-14 -1.11535039438702e-13 -3.77660819323748e-12 -3.13833739499934e-11 -7.10749237920798e-11 -0.000350462652405291    0.0424710546670997     0.860696025133225 -2.19358871970323e-15 -1.33340608677808e-10
 5.20046481453345e-14  5.99726029106038e-14  2.17764746412102e-12   1.7102328356547e-11  3.15454284042626e-11   -0.0424710546682533 -0.000350462652414545 -2.19358871970323e-15     0.860696025133933  8.23599536949301e-11
  2.1352904968389e-05 -0.000318231949293957   -0.0176706386751265   -0.0731715763521825    -0.477205325479296  9.10448967033223e-11  1.73095387950276e-10 -1.33340608677808e-10  8.23599536949301e-11     0.609840856266699
RDM Eigenvectors: 
    0.995501934118605   -0.0938429026404328   -0.0129981976561884 -0.000588181693327761 -0.000330529657915056 -6.87961402371381e-14 -3.94573426614117e-14  3.40167473565628e-14  6.23943427565944e-14  2.09825235572549e-05
   0.0936624997231987     0.995405057816682   -0.0137693679240212    0.0143686579080292  8.99787741294625e-05 -1.08263608501286e-13 -6.55973730096566e-14 -1.39280747084337e-14 -1.67420466525124e-14  0.000212365924645988
   -0.014215607056525   -0.0123644917269004    -0.997487779449353  -0.00652976580655166    -0.065225693577094 -1.33866328484916e-12  -8.6351827859488e-13 -4.13607197085955e-12 -6.43089731041285e-12    0.0191347005580887
-0.000858571513088806   -0.0144439425254131  -0.00729899161163658     0.998345961084276    0.0284640665452786 -8.16169312585617e-12 -4.11278734171353e-12  1.25361720087017e-12  3.43404367468939e-12    0.0472493280708972
 0.000643957266867269  0.000769885521285263    0.0671320703495733   0.00619016177476281    -0.903185142190129  1.07201068009213e-10  7.62581574473195e-11  -9.2668773222372e-11  -1.3742668289949e-10     0.423922821454687
 2.37526793092043e-14 -4.44547412885333e-14  7.92678515887777e-12  9.77825319313747e-12 -1.56398917276687e-10    0.0127790183839369    -0.989027219240001    -0.147160437700458   0.00237946786957273 -1.91328541868049e-10
 2.60556474590827e-14 -8.10732616570934e-14  1.24327393058653e-11  1.64980680083267e-11 -2.59739349404422e-10    -0.989027219240662   -0.0127790183839339  -0.00237946786957885    -0.147160437696017  -3.5141875457864e-10
-5.80520901216932e-14  2.48474787740126e-13  9.51120167495119e-13 -2.09832641548725e-11 -5.06352256745816e-12    -0.147178069640745 -0.000687100465286354   0.00782989643434454     0.989078781711347  3.49058710331316e-10
 2.71448796509542e-14  -1.3878745796603e-13 -1.17961348774242e-12  1.08873508760259e-11  1.75797630508135e-11 -0.000687100465302291     0.147178069645187    -0.989078781710686   0.00782989643433948 -2.02491676486702e-10
 -1.3145919136357e-06  0.000423841868285206  -0.00997953234856344   -0.0549325200099551     0.423310627546788  -3.7479907213211e-10 -2.16523900219292e-10 -2.13103135177298e-10 -3.72349448736296e-10     0.904262550447461
Total C: 
  -0.0928293641172678     0.987244665933255    0.0120733394398425    -0.270534636691886   -0.0336205984945407 -1.38402561666831e-11 -1.63190762420268e-11  1.36964587850866e-12 -8.41588385629218e-12    0.0304264325510873
 -0.00414276423255367    0.0329098409099802   -0.0941107093658148      1.00920889842832     0.138941705525549  5.57746660808285e-11  6.55897784601112e-11 -4.05879957980267e-12  3.34815850038353e-11     -0.12064553633132
 -1.0980959373673e-14 -4.40896097595616e-14 -5.41346310971694e-12  2.28776276629244e-12 -1.43194260668964e-11     0.252174345378322    -0.798607046884421     0.477152294145615    -0.266686610289156 -4.00793676819625e-10
 -1.4845112541107e-13  1.15354669289245e-13  2.65602118825258e-12  2.76512811116415e-11  3.33567396400329e-10    -0.624447791062801    -0.317747028786121     0.183632382156141      0.68959561039382  3.37193603886783e-10
 -0.00107522319650951 -0.000229569743540379   -0.0503300579726001   -0.0290430286406522    -0.524062144039367 -2.12326513693842e-10  4.88730186065424e-11 -2.25374327216603e-10  5.63046255697494e-10    -0.854699425708105
    0.994096762043925    0.0974059618645259     0.244016797786372     0.034309567791274    -0.031319563150448 -7.00791535903766e-12 -4.20703312437882e-12 -4.47609287614363e-12  1.12499393659323e-11   -0.0108603279228123
  0.00622776890864022   -0.0147106825944498     -1.01179690282505    -0.142065952434435     0.130556906286986  2.98988339682246e-11  1.61060867149439e-11  1.98538660492801e-11 -4.95317660059027e-11    0.0515068453452711
-4.89114432555818e-14 -5.83984812185283e-15  9.14571260221953e-12 -7.24330537288538e-12  2.15800561134995e-10     0.269446934218545    -0.463582369243315    -0.807709847755635     0.245470393575142  1.48634830261961e-10
 1.80825650321544e-13  1.91800398292674e-13  1.57073690225088e-11  1.36735643050466e-13  2.34241233905444e-10    -0.679247703028482    -0.188246801691963    -0.312169769454921    -0.637100392668316 -3.23963696803831e-10
 0.000555239422758443 -0.000140801544120843    0.0969269436813594    -0.120404254262249     0.803756002905955  2.22898106696784e-10  3.14409754441811e-10  7.29009539728616e-11  2.27235604556175e-10    -0.581361776535672
Basis set used: STO-3G
Naturals: 
 1.99999997070579  1.99999971476132  1.99982105150494  1.99142185530542   1.6258194665663  1.14612922701473  1.14612922701439   0.8543761110636 0.854376111063259 0.381927265000275
Version: Tmhuysen's fci hack
