The Davidson algorithm did not converge.lambda: -1
The Davidson algorithm did not converge.lambda: -0.9
The Davidson algorithm did not converge.lambda: -0.8
The Davidson algorithm did not converge.lambda: -0.7
The Davidson algorithm did not converge.lambda: -0.6
The Davidson algorithm did not converge.lambda: -0.5
The Davidson algorithm did not converge.lambda: -0.4
The Davidson algorithm did not converge.lambda: -0.3
The Davidson algorithm did not converge.lambda: -0.2
The Davidson algorithm did not converge.lambda: -0.1
TOTAL ENERGY: -127.170657938387	 lambda: 0	 population of target: 6.93147169498106
1RDM: 
     1.99999962167215 -5.79976136567638e-07  2.94263127948615e-05  6.10008334692028e-05  0.000258394012944694  1.58908568329884e-12  6.59434552255346e-13  2.87224373969179e-13 -1.35902499895156e-12   0.00034817022388719
-5.79976136567638e-07      1.99999853700134  1.98374060369039e-05  8.17333876814714e-05  0.000285629015954936   1.1146907030053e-12 -7.76613024234327e-14   4.6146538018908e-13 -2.47043031261936e-12  0.000145863953424503
 2.94263127948615e-05  1.98374060369039e-05      1.99496769253113   -0.0063806302101915   -0.0646106589517879 -9.09260330315176e-11  -6.4892952785374e-11  3.32929133080808e-11  1.05659164727937e-10   -0.0391107422554218
 6.10008334692028e-05  8.17333876814714e-05   -0.0063806302101915      1.98910844669746    -0.070026294256017 -2.37049850653856e-10 -1.09837441400537e-10 -1.74853473815832e-11  1.85415337862165e-10   -0.0612382197181752
 0.000258394012944694  0.000285629015954936   -0.0646106589517879    -0.070026294256017     0.705824039404222 -6.16480135636749e-10 -1.45687266015645e-11 -1.11455604090241e-10  1.05829182935261e-09   -0.0862751851565334
 1.58908568329884e-12   1.1146907030053e-12 -9.09260330315176e-11 -2.37049850653856e-10 -6.16480135636749e-10      1.04419337310872 -1.67096078272121e-13 -3.79488817753505e-09  5.01805293859154e-11  2.28989647519331e-10
 6.59434552255346e-13 -7.76613024234327e-14  -6.4892952785374e-11 -1.09837441400537e-10 -1.45687266015645e-11 -1.67096078272121e-13      1.04419337310908 -8.02119276300241e-11  4.48454703377661e-09  6.25875924348918e-10
 2.87224373969179e-13   4.6146538018908e-13  3.32929133080808e-11 -1.74853473815832e-11 -1.11455604090241e-10 -3.79488817753505e-09 -8.02119276300241e-11     0.955873860975579  1.67018992580576e-13 -8.01872949715934e-11
-1.35902499895156e-12 -2.47043031261936e-12  1.05659164727937e-10  1.85415337862165e-10  1.05829182935261e-09  5.01805293859154e-11  4.48454703377661e-09  1.67018992580576e-13     0.955873860975947   8.0812575252534e-10
  0.00034817022388719  0.000145863953424503   -0.0391107422554218   -0.0612382197181752   -0.0862751851565334  2.28989647519331e-10  6.25875924348918e-10 -8.01872949715934e-11   8.0812575252534e-10      1.30996719452441
TOTAL ENERGY: -127.16890236092	 lambda: 0.1	 population of target: 6.98205484488143
1RDM: 
     1.99999973732768 -2.34834716708657e-07   3.2134545342505e-05  4.87570735319234e-05  0.000303312222594798  1.68579013298617e-12  6.52053613005677e-13  3.03309017412141e-13 -1.55361416447437e-12  0.000354311054097711
-2.34834716708657e-07      1.99999953634708  2.30961797723109e-05  4.26593189298045e-05  0.000367536242234195  1.18643525012802e-12 -2.35433907047531e-13  4.97558406451589e-13 -2.88197364286031e-12  9.49137498135139e-05
  3.2134545342505e-05  2.30961797723109e-05      1.99522183723366  -0.00652814547332184   -0.0561374254826195 -8.15615572809707e-11 -7.60185108930778e-11  3.65332214095282e-11  6.67903673309193e-11   -0.0420210618541627
 4.87570735319234e-05  4.26593189298045e-05  -0.00652814547332184      1.99049284768233   -0.0702302370792933 -2.41857473234036e-10 -1.14359576953476e-10 -1.74950976978079e-11  1.86551490457259e-10   -0.0630961624022275
 0.000303312222594798  0.000367536242234195   -0.0561374254826195   -0.0702302370792933     0.833074960694066 -3.20316928619559e-10  3.64759158755979e-11 -6.95347462729947e-11  6.38996626902236e-10   -0.0263367228624651
 1.68579013298617e-12  1.18643525012802e-12 -8.15615572809707e-11 -2.41857473234036e-10 -3.20316928619559e-10      1.02504889442602 -3.08992876180509e-12 -2.16290711149433e-09  0.000373552390681415  1.61566054730135e-10
 6.52053613005677e-13 -2.35433907047531e-13 -7.60185108930778e-11 -1.14359576953476e-10  3.64759158755979e-11 -3.08992876180509e-12      1.02504889442736  0.000373552316777261  2.55382920672939e-09  3.58908882506813e-10
 3.03309017412141e-13  4.97558406451589e-13  3.65332214095282e-11 -1.74950976978079e-11 -6.95347462729947e-11 -2.16290711149433e-09  0.000373552316777261     0.974986396144067   3.0899573455459e-12 -3.17787447280038e-11
-1.55361416447437e-12 -2.88197364286031e-12  6.67903673309193e-11  1.86551490457259e-10  6.38996626902236e-10  0.000373552390681415  2.55382920672939e-09   3.0899573455459e-12     0.974986396145409  3.66858888772779e-10
 0.000354311054097711  9.49137498135139e-05   -0.0420210618541627   -0.0630961624022275   -0.0263367228624651  1.61566054730135e-10  3.58908882506813e-10 -3.17787447280038e-11  3.66858888772779e-10      1.18114049957236
TOTAL ENERGY: -127.167449005183	 lambda: 0.2	 population of target: 6.9924172545851
1RDM: 
     1.99999975646409 -1.78874463172633e-07  3.22447646972783e-05  4.65452965224706e-05   0.00032051258401381  1.70333271638032e-12  6.27777862562919e-13  3.11959602817827e-13 -1.63165001796872e-12  0.000347553496019458
-1.78874463172633e-07      1.99999971185296  2.29271241139484e-05   3.5829353173294e-05  0.000394578890293646  1.19766721317202e-12 -3.02618505571734e-13  5.10696181449731e-13 -3.02116620734741e-12  7.16278275439953e-05
 3.22447646972783e-05  2.29271241139484e-05      1.99531674476468  -0.00649506776487854   -0.0531574378551438 -7.76031779866239e-11 -8.01340223193135e-11  3.75514886255727e-11  5.20525300524657e-11   -0.0432539309850362
 4.65452965224706e-05   3.5829353173294e-05  -0.00649506776487854      1.99076111725381   -0.0705848090168344 -2.41647843889324e-10 -1.13828721570412e-10 -1.79267320204823e-11  1.87857757535795e-10   -0.0630004767693483
  0.00032051258401381  0.000394578890293646   -0.0531574378551438   -0.0705848090168344     0.879511075225112 -2.12731591656825e-10  4.36740161369346e-11 -5.19925718944128e-11  4.68247363324723e-10   -0.0122320243271924
 1.70333271638032e-12  1.19766721317202e-12 -7.76031779866239e-11 -2.41647843889324e-10 -2.12731591656825e-10      1.01827759038609 -3.10834491574559e-12 -1.58076937609271e-09   0.00037226000378163  1.34736834562847e-10
 6.27777862562919e-13 -3.02618505571734e-13 -8.01340223193135e-11 -1.13828721570412e-10  4.36740161369346e-11 -3.10834491574559e-12      1.01827759038712  0.000372259949858539  1.86598392661164e-09  2.64199400724436e-10
 3.11959602817827e-13  5.10696181449731e-13  3.75514886255727e-11 -1.79267320204823e-11 -5.19925718944128e-11 -1.58076937609271e-09  0.000372259949858539     0.981751572337988  3.10836447899466e-12 -2.31445283875308e-11
-1.63165001796872e-12 -3.02116620734741e-12  5.20525300524657e-11  1.87857757535795e-10  4.68247363324723e-10   0.00037226000378163  1.86598392661164e-09  3.10836447899466e-12     0.981751572339017  2.31533519046832e-10
 0.000347553496019458  7.16278275439953e-05   -0.0432539309850362   -0.0630004767693483   -0.0122320243271924  1.34736834562847e-10  2.64199400724436e-10 -2.31445283875308e-11  2.31533519046832e-10      1.13435326898916
TOTAL ENERGY: -127.166534921722	 lambda: 0.3	 population of target: 6.99617541447714
1RDM: 
      1.9999997619526  -1.6568000538122e-07  3.19963278016889e-05     4.57834785142e-05  0.000331049667494237  1.71417453756327e-12  6.06379148852555e-13  3.16447518358174e-13 -1.69001503199321e-12   0.00034001145989612
 -1.6568000538122e-07      1.99999976239154  2.27108257589993e-05  3.41083654839415e-05  0.000410692241535872  1.20969270675832e-12 -3.36937180886534e-13  5.18032565498652e-13 -3.10590856253586e-12  5.99673003082315e-05
 3.19963278016889e-05  2.27108257589993e-05      1.99538914100734  -0.00644320794367431   -0.0515879372388956 -7.61895026179534e-11 -8.21032703369695e-11  3.81980839106387e-11  4.49613624053286e-11   -0.0437377702056945
    4.57834785142e-05  3.41083654839415e-05  -0.00644320794367431      1.99085524671457   -0.0710590749832274  -2.4252646615824e-10 -1.12677547740722e-10  -1.8151826023428e-11  1.91214986384293e-10   -0.0625201556236194
 0.000331049667494237  0.000410692241535872   -0.0515879372388956   -0.0710590749832274     0.901519905236337 -1.75358035667337e-10  4.20593636698668e-11 -4.34469674556552e-11  3.87775430279229e-10  -0.00668357902837267
 1.71417453756327e-12  1.20969270675832e-12 -7.61895026179534e-11  -2.4252646615824e-10 -1.75358035667337e-10      1.01509805422756  -2.7455117701026e-12 -1.30676457705102e-09  0.000351664357342004  1.17426210469267e-10
 6.06379148852555e-13 -3.36937180886534e-13 -8.21032703369695e-11 -1.12677547740722e-10  4.20593636698668e-11  -2.7455117701026e-12      1.01509805422877  0.000351664312807649  1.54235016137069e-09  2.19456092581076e-10
 3.16447518358174e-13  5.18032565498652e-13  3.81980839106387e-11  -1.8151826023428e-11 -4.34469674556552e-11 -1.30676457705102e-09  0.000351664312807649     0.984929105163936  2.74550820693671e-12  -1.6997570386317e-11
-1.69001503199321e-12 -3.10590856253586e-12  4.49613624053286e-11  1.91214986384293e-10  3.87775430279229e-10  0.000351664357342004  1.54235016137069e-09  2.74550820693671e-12     0.984929105165143  1.84762405667491e-10
  0.00034001145989612  5.99673003082315e-05   -0.0437377702056945   -0.0625201556236194  -0.00668357902837267  1.17426210469267e-10  2.19456092581076e-10  -1.6997570386317e-11  1.84762405667491e-10      1.11218186391226
TOTAL ENERGY: -127.165890201872	 lambda: 0.4	 population of target: 6.99804256832423
1RDM: 
     1.99999976402869 -1.63715363149248e-07  3.16283322580908e-05  4.53635003426578e-05  0.000338762490494729    1.717265345553e-12  5.86375370692187e-13  3.20368387157781e-13 -1.73300959192286e-12  0.000332687971321672
-1.63715363149248e-07      1.99999977920701  2.26347546912403e-05  3.38396484664572e-05  0.000423331538064728  1.22180892361753e-12 -3.56815895269236e-13  5.24102180950953e-13 -3.16851980597594e-12   5.3971952101869e-05
 3.16283322580908e-05  2.26347546912403e-05      1.99545911425388  -0.00638555142385048   -0.0505698369571424 -7.47915157458966e-11 -8.28500094664105e-11  3.85810010706094e-11  4.02912267771507e-11   -0.0438313403968626
 4.53635003426578e-05  3.38396484664572e-05  -0.00638555142385048      1.99090369164839   -0.0715770560556678 -2.42623237807786e-10 -1.11091817810304e-10 -1.84691960766433e-11  1.94361569520525e-10     -0.06190879275974
 0.000338762490494729  0.000423331538064728   -0.0505698369571424   -0.0715770560556678     0.912956656786741  -1.5324602856411e-10   4.1531152209499e-11 -3.91139918697008e-11  3.44721630372002e-10  -0.00391880956583207
   1.717265345553e-12  1.22180892361753e-12 -7.47915157458966e-11 -2.42623237807786e-10  -1.5324602856411e-10      1.01344691038649 -2.64111762675646e-12 -1.16481372723486e-09  0.000339355664264655  1.09550387174959e-10
 5.86375370692187e-13 -3.56815895269236e-13 -8.28500094664105e-11 -1.11091817810304e-10   4.1531152209499e-11 -2.64111762675646e-12      1.01344691038761  0.000339355624603744  1.37461915821048e-09  1.96361877452461e-10
 3.20368387157781e-13  5.24102180950953e-13  3.85810010706094e-11 -1.84691960766433e-11 -3.91139918697008e-11 -1.16481372723486e-09  0.000339355624603744      0.98657942353337  2.64111360936848e-12 -1.44129168609334e-11
-1.73300959192286e-12 -3.16851980597594e-12  4.02912267771507e-11  1.94361569520525e-10  3.44721630372002e-10  0.000339355664264655  1.37461915821048e-09  2.64111360936848e-12     0.986579423534498  1.58084921679539e-10
 0.000332687971321672   5.3971952101869e-05   -0.0438313403968626     -0.06190879275974  -0.00391880956583207  1.09550387174959e-10  1.96361877452461e-10 -1.44129168609334e-11  1.58084921679539e-10      1.10062832623334
TOTAL ENERGY: -127.165361904993	 lambda: 0.5	 population of target: 6.99922392456263
1RDM: 
     1.99999976490284 -1.65840064813993e-07  3.11719361447846e-05  4.50175405118438e-05  0.000344921776085207  1.71669487151643e-12  5.67155713516835e-13  3.23978205460032e-13 -1.76806813241178e-12  0.000325512936702502
-1.65840064813993e-07      1.99999978358945  2.26820930765781e-05  3.41462933662645e-05  0.000434841525886737  1.23573682221107e-12 -3.68647964174238e-13  5.29868790963212e-13 -3.22271633236789e-12  5.13009463350092e-05
 3.11719361447846e-05  2.26820930765781e-05      1.99553252628672  -0.00632239427049231   -0.0498232848821796 -7.33739393272241e-11 -8.28473953137461e-11  3.88203635966957e-11  3.69451938186587e-11   -0.0436637140269965
 4.50175405118438e-05  3.41462933662645e-05  -0.00632239427049231      1.99093880882824   -0.0721208388475183 -2.42394822902613e-10 -1.09242252997314e-10 -1.88463710167236e-11  1.97515281509107e-10   -0.0612140580245908
 0.000344921776085207  0.000434841525886737   -0.0498232848821796   -0.0721208388475183     0.918462957402024 -1.40361256670907e-10  4.22259678807801e-11 -3.73650197938251e-11  3.23598861720756e-10  -0.00236253349775341
 1.71669487151643e-12  1.23573682221107e-12 -7.33739393272241e-11 -2.42394822902613e-10 -1.40361256670907e-10      1.01264235401315   5.7646283059718e-12 -1.05786312364732e-09  0.000338164062084461  1.06848028903214e-10
 5.67155713516835e-13 -3.68647964174238e-13 -8.28473953137461e-11 -1.09242252997314e-10  4.22259678807801e-11   5.7646283059718e-12      1.01264235401424  0.000338164024798518  1.25567586827983e-09  1.85402164986585e-10
 3.23978205460032e-13  5.29868790963212e-13  3.88203635966957e-11 -1.88463710167236e-11 -3.73650197938251e-11 -1.05786312364732e-09  0.000338164024798518     0.987383626130593 -5.76558560830548e-12 -1.35049572408777e-11
-1.76806813241178e-12 -3.22271633236789e-12  3.69451938186587e-11  1.97515281509107e-10  3.23598861720756e-10  0.000338164062084461  1.25567586827983e-09 -5.76558560830548e-12     0.987383626131679  1.42197970471459e-10
 0.000325512936702502  5.13009463350092e-05   -0.0436637140269965   -0.0612140580245908  -0.00236253349775341  1.06848028903214e-10  1.85402164986585e-10 -1.35049572408777e-11  1.42197970471459e-10      1.09501419870109
TOTAL ENERGY: -127.164840822964	 lambda: 0.6	 population of target: 7.00017269505688
1RDM: 
     1.99999976509488  -1.7000225043707e-07  3.06102673612115e-05  4.46436375406713e-05  0.000350134160727775  1.71627061834178e-12  5.48802263180869e-13  3.26771073778623e-13 -1.80067799993327e-12  0.000318204724712178
 -1.7000225043707e-07      1.99999978215458  2.28238956258727e-05  3.47478184571611e-05  0.000446373582779412  1.25217197370996e-12 -3.75373446608781e-13  5.35053623124397e-13 -3.27728973079064e-12  5.08790801597639e-05
 3.06102673612115e-05  2.28238956258727e-05      1.99561214073514  -0.00625190591952732   -0.0492340201029982 -7.18909267221957e-11 -8.22620446219963e-11  3.91593383188808e-11  3.49890226947242e-11   -0.0432748680360753
 4.46436375406713e-05  3.47478184571611e-05  -0.00625190591952732      1.99097289198847   -0.0727000165882659  -2.4235671532696e-10 -1.07251228085551e-10 -1.91169334585855e-11  2.01287050461369e-10   -0.0604222166323818
 0.000350134160727775  0.000446373582779412   -0.0492340201029982   -0.0727000165882659     0.919761881260151  -1.3651626855746e-10  4.35217882209461e-11 -3.61539928438486e-11  3.22076643153079e-10  -0.00142718634762263
 1.71627061834178e-12  1.25217197370996e-12 -7.18909267221957e-11  -2.4235671532696e-10  -1.3651626855746e-10      1.01243014094609 -1.66005343516557e-11 -1.13941078657006e-09  0.000349197810183587  1.04143494231076e-10
 5.48802263180869e-13 -3.75373446608781e-13 -8.22620446219963e-11 -1.07251228085551e-10  4.35217882209461e-11 -1.66005343516557e-11      1.01243014094725  0.000349197773525286  1.33291959936146e-09   1.8153476660456e-10
 3.26771073778623e-13  5.35053623124397e-13  3.91593383188808e-11 -1.91169334585855e-11 -3.61539928438486e-11 -1.13941078657006e-09  0.000349197773525286     0.987595740846448  1.66012123638925e-11 -1.29099904292352e-11
-1.80067799993327e-12 -3.27728973079064e-12  3.49890226947242e-11  2.01287050461369e-10  3.22076643153079e-10  0.000349197810183587  1.33291959936146e-09  1.66012123638925e-11      0.98759574084761   1.3563624455954e-10
 0.000318204724712178  5.08790801597639e-05   -0.0432748680360753   -0.0604222166323818  -0.00142718634762263  1.04143494231076e-10   1.8153476660456e-10 -1.29099904292352e-11   1.3563624455954e-10      1.09360177517934
TOTAL ENERGY: -127.164202767951	 lambda: 0.7	 population of target: 7.00115235502708
1RDM: 
     1.99999976446591 -1.75760892021393e-07  2.98942600731397e-05  4.41746617760277e-05  0.000354791635996271  1.71282829950107e-12  5.29119241026448e-13  3.29625141062029e-13 -1.83115023589497e-12  0.000310346366289299
-1.75760892021393e-07      1.99999977710929  2.30300863520121e-05  3.55413057557006e-05  0.000458805624674855  1.27214442198731e-12 -3.78640023783868e-13   5.4104374360493e-13 -3.33373209754947e-12  5.21441193409799e-05
 2.98942600731397e-05  2.30300863520121e-05      1.99569966300724  -0.00617123881015945   -0.0487527716249879 -7.03959978254717e-11 -8.11255452869899e-11  3.93686503007498e-11  3.34195974800108e-11    -0.042654098099156
 4.41746617760277e-05  3.55413057557006e-05  -0.00617123881015945      1.99101335022266   -0.0733440536552384 -2.42082072175767e-10 -1.04847366569825e-10 -1.94897603421127e-11  2.05299127906419e-10   -0.0594804815480286
 0.000354791635996271  0.000458805624674855   -0.0487527716249879   -0.0733440536552384     0.917233101156667 -1.39843709482919e-10  4.62756060548079e-11 -3.71443823681635e-11  3.33169813464769e-10 -0.000831961667723603
 1.71282829950107e-12  1.27214442198731e-12 -7.03959978254717e-11 -2.42082072175767e-10 -1.39843709482919e-10      1.01274764707541   7.2889294145774e-12 -1.06429952896147e-09  0.000375411440724099  1.07387463775002e-10
 5.29119241026448e-13 -3.78640023783868e-13 -8.11255452869899e-11 -1.04847366569825e-10  4.62756060548079e-11   7.2889294145774e-12      1.01274764707657  0.000375411403126081  1.26362530179068e-09  1.85759620259493e-10
 3.29625141062029e-13   5.4104374360493e-13  3.93686503007498e-11 -1.94897603421127e-11 -3.71443823681635e-11 -1.06429952896147e-09  0.000375411403126081     0.987278339655298 -7.28939431650025e-12 -1.28819857373761e-11
-1.83115023589497e-12 -3.33373209754947e-12  3.34195974800108e-11  2.05299127906419e-10  3.33169813464769e-10  0.000375411440724099  1.26362530179068e-09 -7.28939431650025e-12     0.987278339656455  1.35849944930434e-10
 0.000310346366289299  5.21441193409799e-05    -0.042654098099156   -0.0594804815480286 -0.000831961667723603  1.07387463775002e-10  1.85759620259493e-10 -1.28819857373761e-11  1.35849944930434e-10      1.09600237057453
TOTAL ENERGY: -127.163227939171	 lambda: 0.8	 population of target: 7.00244651424845
1RDM: 
     1.99999976217837 -1.83645339545929e-07  2.89190980990919e-05  4.35301974438598e-05  0.000359246112418422  1.70693127506174e-12  5.06849329159516e-13  3.32572400305929e-13 -1.86223872362879e-12  0.000301280737356449
-1.83645339545929e-07      1.99999976868424  2.32522498482198e-05  3.64877185858944e-05  0.000473162019305804  1.29639616287422e-12 -3.79741535919658e-13   5.4808363847754e-13 -3.39823022269739e-12  5.47360363794896e-05
 2.89190980990919e-05  2.32522498482198e-05      1.99579569456727  -0.00607605249119203    -0.048366409353881 -6.86844980872833e-11  -7.9287703646607e-11  3.95444569138424e-11  3.25096451853796e-11   -0.0417397689767063
 4.35301974438598e-05  3.64877185858944e-05  -0.00607605249119203      1.99106804217687   -0.0741088894848887 -2.41601347157517e-10 -1.01809913028347e-10  -1.9934632668855e-11  2.10094535750155e-10   -0.0582817099601733
 0.000359246112418422  0.000473162019305804    -0.048366409353881   -0.0741088894848887     0.910203654426065 -1.50866014486173e-10  5.11548640376902e-11 -4.01003435025033e-11  3.61634829344614e-10 -0.000377641987484154
 1.70693127506174e-12  1.29639616287422e-12 -6.86844980872833e-11 -2.41601347157517e-10 -1.50866014486173e-10      1.01367563197791 -5.88154062179397e-12 -1.19298918599027e-09  0.000423968276174427  1.15803775188289e-10
 5.06849329159516e-13 -3.79741535919658e-13  -7.9287703646607e-11 -1.01809913028347e-10  5.11548640376902e-11 -5.88154062179397e-12      1.01367563197912   0.00042396823583422  1.40625348751268e-09  1.98709695885087e-10
 3.32572400305929e-13   5.4808363847754e-13  3.95444569138424e-11  -1.9934632668855e-11 -4.01003435025033e-11 -1.19298918599027e-09   0.00042396823583422     0.986350714291438  5.88160611710916e-12  -1.3284605264554e-11
-1.86223872362879e-12 -3.39823022269739e-12  3.25096451853796e-11  2.10094535750155e-10  3.61634829344614e-10  0.000423968276174427  1.40625348751268e-09  5.88160611710916e-12     0.986350714292647  1.42356299818727e-10
 0.000301280737356449  5.47360363794896e-05   -0.0417397689767063   -0.0582817099601733 -0.000377641987484154  1.15803775188289e-10  1.98709695885087e-10  -1.3284605264554e-11  1.42356299818727e-10      1.10288038542607
TOTAL ENERGY: -127.161387448311	 lambda: 0.9	 population of target: 7.00459888767663
1RDM: 
     1.99999975573247 -1.95769888871715e-07  2.74361304594284e-05  4.25631353948559e-05  0.000363948444585997  1.69763048424725e-12  4.79088666650738e-13  3.35921678589443e-13 -1.89771248858601e-12  0.000289785779549639
-1.95769888871715e-07      1.99999975510896  2.33652593811052e-05  3.75663024798057e-05  0.000491123089936669  1.32698713647548e-12  -3.8026104658066e-13  5.56976583804486e-13 -3.47973380133077e-12   5.8259727054967e-05
 2.74361304594284e-05  2.33652593811052e-05      1.99589733467779  -0.00595880547924918   -0.0480954771935527 -6.66489729018257e-11  -7.6415092905193e-11  3.96970940173508e-11  3.25419919820049e-11   -0.0403821165542271
 4.25631353948559e-05  3.75663024798057e-05  -0.00595880547924918      1.99115037831268    -0.075101629808319 -2.40781324136097e-10 -9.75890144693962e-11 -2.05118873456259e-11  2.16426386901429e-10   -0.0566026053681281
 0.000363948444585997  0.000491123089936669   -0.0480954771935527    -0.075101629808319     0.896435454957396  -1.7275743525562e-10  6.01460409437879e-11 -4.57934833972614e-11  4.17438341665541e-10  0.000230440996617826
 1.69763048424725e-12  1.32698713647548e-12 -6.66489729018257e-11 -2.40781324136097e-10  -1.7275743525562e-10      1.01549738529149   -4.400864905453e-12 -1.34484950442664e-09  0.000511854671434019  1.31714070608283e-10
 4.79088666650738e-13  -3.8026104658066e-13  -7.6415092905193e-11 -9.75890144693962e-11  6.01460409437879e-11   -4.400864905453e-12      1.01549738529304  0.000511854625719318  1.58665365818925e-09    2.243692189283e-10
 3.35921678589443e-13  5.56976583804486e-13  3.96970940173508e-11 -2.05118873456259e-11 -4.57934833972614e-11 -1.34484950442664e-09  0.000511854625719318       0.9845297894077  4.40086721427503e-12 -1.42815717192771e-11
-1.89771248858601e-12 -3.47973380133077e-12  3.25419919820049e-11  2.16426386901429e-10  4.17438341665541e-10  0.000511854671434019  1.58665365818925e-09  4.40086721427503e-12     0.984529789409253  1.56503747619845e-10
 0.000289785779549639   5.8259727054967e-05   -0.0403821165542271   -0.0566026053681281  0.000230440996617826  1.31714070608283e-10    2.243692189283e-10 -1.42815717192771e-11  1.56503747619845e-10      1.11646297180924
TOTAL ENERGY: -127.157021903259	 lambda: 1	 population of target: 7.00915954183944
1RDM: 
     1.99999973678158 -2.19390333765061e-07  2.47124441810073e-05  4.09117013795958e-05  0.000369676745347589  1.68156035535265e-12  4.39168697903647e-13  3.40431342891397e-13 -1.94438356751151e-12  0.000273063045271385
-2.19390333765061e-07      1.99999972926961  2.29244009023746e-05  3.87174280203841e-05    0.0005163407631335  1.36690952156074e-12  -3.8415074961157e-13  5.69890445660799e-13 -3.59682798157095e-12   6.1756197286828e-05
 2.47124441810073e-05  2.29244009023746e-05      1.99598611504958   -0.0058034941581004   -0.0480116108360679 -6.38786058647719e-11 -7.16211275133595e-11  3.97809653485992e-11  3.40736357418837e-11   -0.0382095129694556
 4.09117013795958e-05  3.87174280203841e-05   -0.0058034941581004      1.99129240410505   -0.0765484269647992 -2.39228642186279e-10 -9.08730774158202e-11 -2.13559686291057e-11  2.25918631040971e-10    -0.053900172022063
 0.000369676745347589    0.0005163407631335   -0.0480116108360679   -0.0765484269647992     0.869939218966922 -2.13228194771127e-10  7.87305066211794e-11 -5.68627953653962e-11  5.25688728201278e-10   0.00187921581247628
 1.68156035535265e-12  1.36690952156074e-12 -6.38786058647719e-11 -2.39228642186279e-10 -2.13228194771127e-10      1.01896065488435 -2.02315168451525e-11 -1.67825815117285e-09  0.000684752993950057   1.6331686276932e-10
 4.39168697903647e-13  -3.8415074961157e-13 -7.16211275133595e-11 -9.08730774158202e-11  7.87305066211794e-11 -2.02315168451525e-11      1.01896065488657  0.000684752938019731  1.97348017509575e-09   2.7396371785468e-10
 3.40431342891397e-13  5.69890445660799e-13  3.97809653485992e-11 -2.13559686291057e-11 -5.68627953653962e-11 -1.67825815117285e-09  0.000684752938019731     0.981068517392754  2.02315832263329e-11 -1.62581034628621e-11
-1.94438356751151e-12 -3.59682798157095e-12  3.40736357418837e-11  2.25918631040971e-10  5.25688728201278e-10  0.000684752993950057  1.97348017509575e-09  2.02315832263329e-11     0.981068517394975  1.80735303909422e-10
 0.000273063045271385   6.1756197286828e-05   -0.0382095129694556    -0.053900172022063   0.00187921581247628   1.6331686276932e-10   2.7396371785468e-10 -1.62581034628621e-11  1.80735303909422e-10      1.14272445126862
-------------------general-----------------------
mullikenoperator: 
  0.00016182142478194  -0.00867130444700658   0.00135165059255688  -0.00920580176818948  0.000327253834724022  1.14800509257866e-12  1.32634099673801e-13  1.69773438415041e-14 -1.04162533913668e-12  0.000142770554878553
 -0.00867130444700659     0.999731093513458   -0.0137345761535715  -0.00187386003888549   0.00104417451583797  2.66383187366021e-12  9.05935297297331e-13 -9.68245009336509e-14 -2.81325401962427e-12  0.000700555624140533
  0.00135165059255688   -0.0137345761535715    0.0244075645124977    -0.127481907021835     0.059683131260745  2.21196722024086e-10  8.52435751746794e-11 -1.04943320022163e-12  -1.5568559114941e-10     0.062292220221104
 -0.00920580176818947  -0.00187386003888555    -0.127481907021835     0.983064929242131  -0.00381062988577077  1.60569056731796e-11  3.39484048635943e-11 -6.34027191479274e-13  5.39261698740161e-11    0.0186013314939613
 0.000327253834724022   0.00104417451583798     0.059683131260745  -0.00381062988577077     0.450851981944839  2.89695947836648e-09  8.70253400636853e-10  1.80998993851168e-10  9.70596017875534e-11     0.494160180450167
 1.14800509257866e-12  2.66383187366022e-12  2.21196722024086e-10  1.60569056731796e-11  2.89695947836648e-09     0.486052863252904 -3.90293253501872e-09  -1.2976025341261e-08     0.499807254746112  2.45702174701045e-10
 1.32634099673802e-13  9.05935297297331e-13  8.52435751746794e-11  3.39484048635943e-11  8.70253400636853e-10 -3.90293253206302e-09     0.486052864728595      0.49980725478729  1.27582023687472e-08 -8.21340825394604e-11
 1.69773438415044e-14 -9.68245009336506e-14 -1.04943320022163e-12 -6.34027191479277e-13  1.80998993851167e-10 -1.29760253246775e-08      0.49980725478729     0.513947135271406   3.9029324426072e-09  -8.6701271478723e-10
-1.04162533913668e-12 -2.81325401962428e-12  -1.5568559114941e-10  5.39261698740162e-11  9.70596017875531e-11     0.499807254746112  1.27582023525616e-08  3.90293241488536e-09     0.513947136747098  -2.9056113288037e-09
 0.000142770554878553  0.000700555624140534     0.062292220221104    0.0186013314939613     0.494160180450167  2.45702174701044e-10 -8.21340825394605e-11  -8.6701271478723e-10  -2.9056113288037e-09     0.541782609362297
selected BF: 
0 1 2 3 4
selected lambdas: 
  -1 -0.9 -0.8 -0.7 -0.6 -0.5 -0.4 -0.3 -0.2 -0.1    0  0.1  0.2  0.3  0.4  0.5  0.6  0.7  0.8  0.9    1
RHF C: 
-2.51950144588877e-05    -0.995347881811754     0.259390371372731     0.021386328082337   0.00285577147174014  2.27139071820936e-11  7.90068654823211e-12  2.27902799986225e-12  3.32872083512906e-12   0.00448989937794861
 0.000134023245806744   -0.0190628736965776     -1.02505179543379   -0.0846779999110128   -0.0114347104631714 -9.12348407629316e-11 -3.17826236968473e-11 -8.93423337578626e-12 -1.30312399398594e-11   -0.0181315150461569
-3.18111606480313e-14  1.24925941812626e-14  2.32260364188335e-11  -1.4524181735507e-11   -1.493080695854e-09    0.0730310963408711   -0.0483670063965035     0.246956357857055    -0.965063162209922 -1.44199208160565e-11
-4.14825142817036e-14 -2.42923949443226e-14  1.42039933424148e-11 -2.21576935670459e-12 -8.84901719892321e-10     0.018989166338662     0.186016354898052     -0.94977806028451    -0.250930710666399 -7.84455113178428e-12
 0.000229847238470816 -4.39652479011332e-05   -0.0130540938940863    0.0267461863221601     0.999100155534627 -1.63554203204878e-10 -2.64012224956235e-12 -4.89802913156754e-10 -1.68343650861225e-09   -0.0404287028912796
   -0.995064325569715 -3.73557564296572e-05     0.019441312524198    -0.262105277408972    0.0109927851816868  2.78042940008499e-11  9.67652464558748e-12 -3.72076577444754e-12 -1.19581576494691e-11   0.00422293838514916
  -0.0200505025439455   0.00013151551446609   -0.0755649688908435        1.025334986499   -0.0442678387284956 -1.10111084448771e-10 -3.84141166313065e-11  1.51967830813572e-11  4.89657249017413e-11   -0.0164180189581036
-3.93733295770812e-13  1.75384445790722e-14 -2.07757365204146e-11  3.84358526475667e-11  1.16509890148407e-10     0.964862908764977    -0.246825157856061   -0.0490321493571561    0.0756307817590054 -3.53103256235616e-09
-2.66574005879345e-13  8.21338914555073e-16 -1.52370052352745e-11  2.35547963092773e-11  7.40978355293961e-11     0.250878642288424     0.949273471794486     0.188574451098591    0.0196651230550143 -2.32873511709055e-09
-3.84401584134404e-06 -0.000195760353688943   0.00609354159962408   -0.0167553006607876   -0.0174426517800661 -3.99251336885627e-09 -1.34121435003493e-09 -2.50074239781099e-10 -2.56580185667381e-10      -1.0000273558815
RDM (no constraint): 
     1.99999999062648   2.5704506701711e-08  3.11039819324472e-06  1.60178649564193e-06  1.52670955185677e-05  4.93642465973182e-13  1.76025456250902e-13  1.35449293198951e-15 -9.74456903064431e-15  1.19010563227295e-05
  2.5704506701711e-08      1.99999951044104 -3.35023572126316e-05 -6.91466297554853e-06 -9.80572291543976e-05  3.52642863517611e-13  1.26584400229969e-13  4.51355522022612e-14  1.93672332114803e-13  9.27244129747819e-05
 3.11039819324472e-06 -3.35023572126316e-05      1.99553796114443  -0.00201426452577511   -0.0433147928791049  5.39336797521154e-12 -8.73500109312244e-14  2.96682111742467e-11  1.00052676601701e-10  -0.00438065972213069
 1.60178649564193e-06 -6.91466297554853e-06  -0.00201426452577511      1.99864729859124   -0.0260906074520365 -9.84204308674346e-11  -3.3186096956334e-11  7.26966054446688e-12  1.97970363619725e-11   -0.0140615603754735
 1.52670955185677e-05 -9.80572291543976e-05   -0.0433147928791049   -0.0260906074520365     0.957397679784335  1.17922998063998e-09    3.976822677364e-10   9.4604264856405e-11  1.46914127740564e-10     0.313451165141607
 4.93642465973182e-13  3.52642863517611e-13  5.39336797521154e-12 -9.84204308674346e-11  1.17922998063998e-09      1.00801136124334    2.395626228705e-12 -2.04560034472327e-11   -0.0434331645357725  1.73518784958664e-10
 1.76025456250902e-13  1.26584400229969e-13 -8.73500109312244e-14  -3.3186096956334e-11    3.976822677364e-10    2.395626228705e-12      1.01793534523722   -0.0403684541642545  2.04402187409619e-11  6.75833921531332e-11
 1.35449293198951e-15  4.51355522022612e-14  2.96682111742467e-11  7.26966054446688e-12   9.4604264856405e-11 -2.04560034472327e-11   -0.0403684541642545     0.982131888843684  2.44740056423315e-12 -7.91433258465647e-11
-9.74456903064431e-15  1.93672332114803e-13  1.00052676601701e-10  1.97970363619725e-11  1.46914127740564e-10   -0.0434331645357725  2.04402187409619e-11  2.44740056423315e-12     0.992055872864428 -3.34605407214233e-10
 1.19010563227295e-05  9.27244129747819e-05  -0.00438065972213069   -0.0140615603754735     0.313451165141607  1.73518784958664e-10  6.75833921531332e-11 -7.91433258465647e-11 -3.34605407214233e-10      1.04828309122383
RDM Eigenvectors: 
    0.999919028920475  -0.00877773897275626   0.00916562821141165  0.000936678088464248  2.80402947534962e-05 -3.50367228694984e-13  1.36508861009262e-13 -8.76487833947696e-14  2.82550110470363e-13 -2.94143696922472e-06
  0.00866878310988358     0.999792285123832    0.0130928740807512   -0.0129924891027466  6.55622865083783e-06  1.66397116700029e-14  2.13454660037971e-14  1.71666704041558e-14 -7.50212955742829e-15  0.000103143098981263
 -0.00113207730178072    -0.015414661723793     0.208682321742608    -0.976484984973647   -0.0465583934352832  1.00147188949615e-12  1.31493208890542e-12 -1.22853259178789e-11  3.53202810987963e-11    0.0228513745490481
  0.00924211191689648     0.010029822598896    -0.977384926409422    -0.206916004343945   -0.0406594245212872  2.07541287041898e-11 -1.04767762601424e-11  8.05549378631131e-12 -4.04888880536541e-11   0.00807898493219342
-0.000228521819759824  0.000334391366116932    0.0220225939733113    0.0534523997054895    -0.650982672266721 -1.06999375169865e-09  3.05137656747005e-10  3.73652474800078e-10 -1.28553045436948e-09     0.756887866654686
-7.33315878349508e-13  -2.5843081100725e-13  1.28262833158108e-10  8.80069582585144e-11 -3.02004482869046e-09     0.768328195193893  6.28260216697929e-08  1.01333202183887e-08    -0.640056079160328 -2.60835339211801e-09
-2.39271213788676e-13 -5.35456728989082e-14  4.34491167051019e-11  3.16974471095598e-11 -1.04791183064131e-09  6.85802654526446e-08    -0.838267733669742     0.545258843750552  8.67487592979065e-09 -8.36020571990041e-10
 3.79935667188144e-14 -3.11201035695563e-13 -2.18607332661729e-12 -2.82570892081585e-11  1.16230420240937e-10 -4.48871430927533e-08     0.545258843750551     0.838267733669745  1.29095277359859e-08 -5.31620619502956e-10
  1.2359817600552e-13 -1.12383436384278e-12 -7.68061003989765e-12 -1.05621683940438e-10  8.71699317606962e-10    -0.640056079160325 -5.26402801487302e-08  1.17993847712581e-08    -0.768328195193895 -1.45238007186149e-09
-0.000193256837664874  0.000130193643203158    0.0207356572658517    0.0252190422925222    -0.756571666650001 -2.88494177962555e-09  9.82764186672967e-10 -9.47627132241591e-10  2.77581996985523e-09    -0.653095162550949
Total C: 
   0.0111092855996857    -0.992022565999043    0.0485593763385731    -0.268012648318921   0.00806206202348108  3.03949023315196e-11 -1.24996683761373e-13  3.30174888336218e-12 -2.42599244084602e-11  0.000695462107333626
 -0.00917348565824183   -0.0313803934376824    -0.130811645374905       1.0195198929699    -0.033386672246162 -1.18854313777426e-10  1.69107691484624e-12 -1.18694765624456e-11  1.01612203043508e-10  -0.00290034581760146
-2.00979872452123e-13  5.05401031995745e-13  5.11045732389281e-11   8.3981759408425e-11  2.20078308277394e-09     0.673806393654544     0.175199635615061     0.180642992696068     0.694741245948131 -2.03193250578146e-09
  9.3143396202284e-14    1.733663420183e-13  4.92175586599836e-11  2.34455268595979e-11  5.74447065763267e-10     0.175199640773533    -0.673806396090782    -0.694741243585305     0.180642987693039  1.00637801606187e-09
 0.000163752119700392 -0.000557998374369899    -0.076281340021313   -0.0337231163395952    -0.679854788189363 -1.95936511516964e-09  -1.2777453679477e-09  -2.7513418908713e-10  2.32502372097437e-09    -0.729083301693032
   -0.995050446846249  -0.00500289456031247     0.260710685199923     0.025622417111333   -0.0173144483498178 -3.50406888646241e-11 -3.24154980950539e-11  8.51594391817305e-12  2.22523069910479e-11   -0.0170894279985452
  -0.0197834180281154   -0.0143553251578442     -1.01528675543184    -0.136818882953418    0.0695381014639124  1.41131695656485e-10  1.29824142073224e-10 -3.34323647564611e-11 -8.96073659372119e-11    0.0685092903975135
-8.80705807649929e-13 -1.11133032952463e-12 -1.24065446305893e-10 -1.76131179969686e-12 -3.97010416516384e-09     0.692923419660525     0.180170419450231    -0.175685711233304    -0.675675619946942 -5.51251814462101e-10
-3.44512894082756e-13 -7.19201585499234e-13 -8.29676268529913e-11 -1.58262086260749e-11 -1.74350249968724e-09     0.180170414433322    -0.692923417291143     0.675675622376806    -0.175685716378278  1.55013371828481e-09
 4.04838628346292e-05 -1.53825873769781e-06  -0.00440396197043438  -0.00986079256849887    -0.746315187939996 -2.42925588645171e-10  1.84199672007416e-09 -4.10869984473375e-10  4.19150850731855e-09     0.666013420883148
Basis set used: STO-3G
Naturals: 
 1.99999999634363  1.99999993666125  1.99996364363147  1.99759486313066  1.31696297139415   1.0441933745707  1.04419337206742 0.955873862013476 0.955873859537068 0.685344120650202
Version: Tmhuysen's fci hack
