The Davidson algorithm did not converge.lambda: -1
The Davidson algorithm did not converge.lambda: -0.9
The Davidson algorithm did not converge.lambda: -0.8
The Davidson algorithm did not converge.lambda: -0.7
The Davidson algorithm did not converge.lambda: -0.6
The Davidson algorithm did not converge.lambda: -0.5
The Davidson algorithm did not converge.lambda: -0.4
The Davidson algorithm did not converge.lambda: -0.3
The Davidson algorithm did not converge.lambda: -0.2
The Davidson algorithm did not converge.lambda: -0.1
TOTAL ENERGY: -127.163518957895	 lambda: 0	 population of target: 6.99794510158871
1RDM: 
     1.99999994817695  1.75414665079642e-08 -5.95354276209538e-06 -1.08805060155424e-05  0.000184159587185421  5.08907180083578e-11 -1.22563894124564e-10  2.65560424949083e-10 -1.44452936407836e-12  0.000119000735943186
 1.75414665079642e-08      1.99999993661391 -4.75654480067514e-06  5.99550465436149e-06  6.30578317267624e-05 -8.53492142194572e-11  1.42180527321019e-10 -4.36057002675039e-11 -2.10219522493999e-11 -0.000211997670930838
-5.95354276209538e-06 -4.75654480067514e-06      1.99843763260477  -0.00093219864472972    0.0369050865966957 -5.36246925671345e-09  1.04163101902366e-08  2.26124525587516e-08 -5.82564217365034e-10   -0.0106595263427908
-1.08805060155424e-05  5.99550465436149e-06  -0.00093219864472972       1.9975589763507    0.0329380544174797   8.8266439810893e-09 -2.07632093135173e-08  4.29918197737873e-08 -1.55401842102947e-09    0.0354280822256014
 0.000184159587185421  6.30578317267624e-05    0.0369050865966957    0.0329380544174797      1.05761374532223 -6.91313523512799e-09 -1.04168876190598e-08  7.58694841101306e-08 -3.69681996173574e-09  0.000738925738146527
 5.08907180083578e-11 -8.53492142194572e-11 -5.36246925671345e-09   8.8266439810893e-09 -6.91313523512799e-09     0.995514033820849  -5.2707346915092e-06  1.12209150372179e-06   0.00201661971569515 -1.74129280150988e-08
-1.22563894124564e-10  1.42180527321019e-10  1.04163101902366e-08 -2.07632093135173e-08 -1.04168876190598e-08  -5.2707346915092e-06      1.00492488348391  6.31168524715798e-10   1.1294520723278e-06  3.80115898736404e-08
 2.65560424949083e-10 -4.36057002675039e-11  2.26124525587516e-08  4.29918197737873e-08  7.58694841101306e-08  1.12209150372179e-06  6.31168524715798e-10     0.995081901327935  5.23642475707773e-06 -1.44650368865475e-08
-1.44452936407836e-12 -2.10219522493999e-11 -5.82564217365034e-10 -1.55401842102947e-09 -3.69681996173574e-09   0.00201661971569515   1.1294520723278e-06  5.23642475707773e-06      1.00449275107164 -3.54777741150313e-09
 0.000119000735943186 -0.000211997670930838   -0.0106595263427908    0.0354280822256014  0.000738925738146527 -1.74129280150988e-08  3.80115898736404e-08 -1.44650368865475e-08 -3.54777741150313e-09     0.946376191227104
TOTAL ENERGY: -127.163467316932	 lambda: 0.1	 population of target: 6.99952709859803
1RDM: 
     1.99999995004707  1.37410852836154e-08 -5.91076384335129e-06 -1.05658680673456e-05  0.000183265352263164  5.19219813724147e-11 -1.24186317994833e-10  2.65369244845831e-10  -1.1999562825155e-12  0.000121807603274997
 1.37410852836154e-08      1.99999994715292 -5.00564905009518e-06  5.25399484870676e-06  6.89794036270469e-05 -8.58639382945995e-11  1.40634882989033e-10   -3.605790632318e-11 -2.14637627368589e-11 -0.000211443499172615
-5.91076384335129e-06 -5.00564905009518e-06       1.9983712464393 -0.000932091452703585    0.0381825345476814 -5.54507813354168e-09   1.0231593760672e-08  2.42005051105361e-08 -6.75036361713215e-10   -0.0107340120207064
-1.05658680673456e-05  5.25399484870676e-06 -0.000932091452703585      1.99761463969373    0.0328761665529245  8.85908581034478e-09 -2.07724466647274e-08  4.29650290696672e-08 -1.54694799426427e-09    0.0355037409048662
 0.000183265352263164  6.89794036270469e-05    0.0381825345476814    0.0328761665529245      1.03133906284111 -3.37692393859907e-09 -5.97419601764838e-09  4.09401124787032e-08 -1.93768957125169e-09   0.00132134419184785
 5.19219813724147e-11 -8.58639382945995e-11 -5.54507813354168e-09  8.85908581034478e-09 -3.37692393859907e-09     0.997630239529222 -2.78477560873211e-06  5.92872559718103e-07   0.00106084347862395 -8.97120661643906e-09
-1.24186317994833e-10  1.40634882989033e-10   1.0231593760672e-08 -2.07724466647274e-08 -5.97419601764838e-09 -2.78477560873211e-06      1.00260245385378 -4.63568455958462e-06  5.96723206831186e-07   1.9297149213699e-08
 2.65369244845831e-10   -3.605790632318e-11  2.42005051105361e-08  4.29650290696672e-08  4.09401124787032e-08  5.92872559718103e-07 -4.63568455958462e-06     0.997403910494012   2.7666470368622e-06 -6.27689458457677e-09
 -1.1999562825155e-12 -2.14637627368589e-11 -6.75036361713215e-10 -1.54694799426427e-09 -1.93768957125169e-09   0.00106084347862395  5.96723206831186e-07   2.7666470368622e-06       1.0023761248617 -1.92332998472966e-09
 0.000121807603274997 -0.000211443499172615   -0.0107340120207064    0.0355037409048662   0.00132134419184785 -8.97120661643906e-09   1.9297149213699e-08 -6.27689458457677e-09 -1.92332998472966e-09     0.972662425087281
TOTAL ENERGY: -127.163428806986	 lambda: 0.2	 population of target: 6.99980247107702
1RDM: 
     1.99999995043138   1.3607628083028e-08 -5.84789995352193e-06 -1.04989878107934e-05  0.000182371093542673  5.24028926472182e-11 -1.24737205088821e-10  2.64642039739721e-10 -1.06517011520562e-12  0.000122927385285245
  1.3607628083028e-08      1.99999994828161 -5.11662025022832e-06  5.18142478303832e-06  7.03294383099634e-05 -8.59526772808491e-11  1.40220024351805e-10 -3.42872619882685e-11 -2.15623784242669e-11 -0.000211235571872926
-5.84789995352193e-06 -5.11662025022832e-06      1.99834849483437 -0.000923994817674333    0.0385827327801207 -5.61459137397973e-09  1.01986509785416e-08  2.46844691314321e-08 -7.05650789455757e-10   -0.0107924239998922
-1.04989878107934e-05  5.18142478303832e-06 -0.000923994817674333      1.99762598705411    0.0327696051333465  8.90033968569626e-09 -2.07948626672497e-08  4.28669254006999e-08 -1.53529821880038e-09    0.0355863610777603
 0.000182371093542673  7.03294383099634e-05    0.0385827327801207    0.0327696051333465      1.02319803347564  -2.3542621299679e-09 -4.39073021397586e-09  2.99742812105235e-08 -1.40326889759092e-09   0.00129109527481654
 5.24028926472182e-11 -8.59526772808491e-11 -5.61459137397973e-09  8.90033968569626e-09  -2.3542621299679e-09     0.998295643906884 -2.00357707487742e-06  4.26561802970518e-07  0.000762139652797224 -6.33077327937733e-09
-1.24737205088821e-10  1.40220024351805e-10  1.01986509785416e-08 -2.07948626672497e-08 -4.39073021397586e-09 -2.00357707487742e-06      1.00187301471071  -4.4430597046339e-06  4.29322718018565e-07  1.34676193033558e-08
 2.64642039739721e-10 -3.42872619882685e-11  2.46844691314321e-08  4.28669254006999e-08  2.99742812105235e-08  4.26561802970518e-07  -4.4430597046339e-06     0.998133280760614  1.99053375785594e-06 -3.92441744219813e-09
-1.06517011520562e-12 -2.15623784242669e-11 -7.05650789455757e-10 -1.53529821880038e-09 -1.40326889759092e-09  0.000762139652797224  4.29322718018565e-07  1.99053375785594e-06      1.00171065159012  -1.4026006811228e-09
 0.000122927385285245 -0.000211235571872926   -0.0107924239998922    0.0355863610777603   0.00129109527481654 -6.33077327937733e-09  1.34676193033558e-08 -3.92441744219813e-09  -1.4026006811228e-09     0.980814994954599
TOTAL ENERGY: -127.163405425493	 lambda: 0.3	 population of target: 6.99989868408252
1RDM: 
     1.99999995066352  1.38177728349237e-08  -5.7933219340824e-06 -1.04614566892659e-05  0.000181556228087982  5.27231303785157e-11 -1.25003951267504e-10  2.63802238998951e-10 -9.65631690817713e-13  0.000123587146343072
 1.38177728349237e-08       1.9999999484538 -5.16995638928549e-06  5.19384561237474e-06   7.0598623863953e-05 -8.59875739554815e-11  1.40215219301807e-10 -3.39575374738276e-11 -2.15860484617206e-11 -0.000211243773118537
 -5.7933219340824e-06 -5.16995638928549e-06      1.99833732707685 -0.000915888850494006    0.0387644952995551 -5.65826852627048e-09  1.01978214135001e-08  2.48968250469017e-08 -7.21110964255595e-10   -0.0108534118586501
-1.04614566892659e-05  5.19384561237474e-06 -0.000915888850494006      1.99763103045653    0.0326649363600384  8.93921140200873e-09   -2.082742549349e-08  4.27618358553111e-08  -1.5239025314094e-09    0.0356621590877688
 0.000181556228087982   7.0598623863953e-05    0.0387644952995551    0.0326649363600384      1.01942585440131 -1.89185132177312e-09 -3.71378177240025e-09  2.51457046774485e-08 -1.15688882252023e-09   0.00124459673010352
 5.27231303785157e-11 -8.59875739554815e-11 -5.65826852627048e-09  8.93921140200873e-09 -1.89185132177312e-09     0.998605586179742 -1.63976004940223e-06  3.49097746821228e-07  0.000623275855931265 -5.10349763145188e-09
-1.25003951267504e-10  1.40215219301807e-10  1.01978214135001e-08   -2.082742549349e-08 -3.71378177240025e-09 -1.63976004940223e-06      1.00153336352031 -4.10816781529002e-06  3.51373504780753e-07  1.10319394862649e-08
 2.63802238998951e-10 -3.39575374738276e-11  2.48968250469017e-08  4.27618358553111e-08  2.51457046774485e-08  3.49097746821228e-07 -4.10816781529002e-06     0.998472910076862  1.62908932261726e-06 -2.94001732262835e-09
-9.65631690817713e-13 -2.15860484617206e-11 -7.21110964255595e-10  -1.5239025314094e-09 -1.15688882252023e-09  0.000623275855931265  3.51373504780753e-07  1.62908932261726e-06      1.00140068744118 -1.15908032844408e-09
 0.000123587146343072 -0.000211243773118537   -0.0108534118586501    0.0356621590877688   0.00124459673010352 -5.10349763145188e-09  1.10319394862649e-08 -2.94001732262835e-09 -1.15908032844408e-09     0.984593341729873
TOTAL ENERGY: -127.163389388741	 lambda: 0.4	 population of target: 6.99994516362947
1RDM: 
      1.9999999508698  1.40796375613637e-08  -5.7439001365295e-06 -1.04298656530171e-05  0.000180793474128704  5.29628122589343e-11 -1.25120195883537e-10  2.63036217080847e-10 -8.83244811700365e-13  0.000124023796256868
 1.40796375613637e-08      1.99999994842764 -5.19692860389417e-06  5.22895778324586e-06  7.04359019526092e-05 -8.60272914988777e-11   1.4033831528367e-10 -3.41960944822136e-11 -2.15826929144115e-11 -0.000211412371015123
 -5.7439001365295e-06 -5.19692860389417e-06      1.99833123972459 -0.000908069783093582     0.038853368973345 -5.69164267625094e-09  1.02273942827528e-08  2.49883756591584e-08  -7.3033429677454e-10   -0.0109176733298852
-1.04298656530171e-05  5.22895778324586e-06 -0.000908069783093582      1.99763435699761    0.0325653163420398  8.97483657676595e-09 -2.08436389299491e-08  4.26664815959034e-08 -1.51323891092848e-09    0.0357299860870523
 0.000180793474128704  7.04359019526092e-05     0.038853368973345    0.0325653163420398      1.01742371465393 -1.64777465969746e-09 -3.33172682435735e-09  2.23360546361042e-08 -1.02787354360888e-09   0.00121359375151767
 5.29628122589343e-11 -8.60272914988777e-11 -5.69164267625094e-09  8.97483657676595e-09 -1.64777465969746e-09     0.998770550134256 -1.44613009562129e-06  3.07882525619113e-07   0.00054940764570723 -4.45263933408369e-09
-1.25120195883537e-10   1.4033831528367e-10  1.02273942827528e-08 -2.08436389299491e-08 -3.33172682435735e-09 -1.44613009562129e-06      1.00135261129198 -3.89326211862668e-06   3.0987258597914e-07  9.49652294223044e-09
 2.63036217080847e-10 -3.41960944822136e-11  2.49883756591584e-08  4.26664815959034e-08  2.23360546361042e-08  3.07882525619113e-07 -3.89326211862668e-06     0.998653653265948  1.43671623197831e-06 -2.41566358960867e-09
-8.83244811700365e-13 -2.15826929144115e-11  -7.3033429677454e-10 -1.51323891092848e-09 -1.02787354360888e-09   0.00054940764570723   3.0987258597914e-07  1.43671623197831e-06      1.00123571444585 -1.02805459534366e-09
 0.000124023796256868 -0.000211412371015123   -0.0109176733298852    0.0357299860870523   0.00121359375151767 -4.45263933408369e-09  9.49652294223044e-09 -2.41566358960867e-09 -1.02805459534366e-09     0.986598260188487
TOTAL ENERGY: -127.163376809655	 lambda: 0.5	 population of target: 6.99997332179063
1RDM: 
     1.99999995107689  1.43466527700457e-08 -5.69677173190449e-06 -1.03984875346875e-05   0.00018005525465683  5.31534558581207e-11  -1.2516253100676e-10  2.62225298786914e-10   -8.111550685561e-13  0.000124322096929921
 1.43466527700457e-08      1.99999994833983 -5.20961331296369e-06  5.27364927929317e-06  7.00394236587824e-05 -8.60893189144306e-11  1.40623784051119e-10 -3.47753734991813e-11 -2.15680762221366e-11 -0.000211725429158566
-5.69677173190449e-06 -5.20961331296369e-06       1.9983280696218 -0.000900346511792453    0.0388894881532487 -5.72016198934599e-09   1.0265459290946e-08  2.50128099019833e-08 -7.35948969247759e-10   -0.0109862886474871
-1.03984875346875e-05  5.27364927929317e-06 -0.000900346511792453      1.99763713803279    0.0324688710325698  9.00782393326181e-09 -2.08626777752783e-08  4.25684042735089e-08 -1.50303254826377e-09    0.0357913250144236
  0.00018005525465683  7.00394236587824e-05    0.0388894881532487    0.0324688710325698      1.01636642045081 -1.51896006727047e-09 -3.12754399133549e-09  2.09212799326094e-08   -9.588088817612e-10   0.00119870958937559
 5.31534558581207e-11 -8.60893189144306e-11 -5.72016198934599e-09  9.00782393326181e-09 -1.51896006727047e-09     0.998857867936636 -1.34364174224481e-06  2.86064091204503e-07  0.000510278207359994 -4.10908251264266e-09
 -1.2516253100676e-10  1.40623784051119e-10   1.0265459290946e-08 -2.08626777752783e-08 -3.12754399133549e-09 -1.34364174224481e-06       1.0012569216459 -3.80695020783745e-06  2.87910510424393e-07  8.75416070127188e-09
 2.62225298786914e-10 -3.47753734991813e-11  2.50128099019833e-08  4.25684042735089e-08  2.09212799326094e-08  2.86064091204503e-07 -3.80695020783745e-06     0.998749338831168  1.33489484188612e-06 -2.13027889739037e-09
  -8.111550685561e-13 -2.15680762221366e-11 -7.35948969247759e-10 -1.50303254826377e-09   -9.588088817612e-10  0.000510278207359994  2.87910510424393e-07  1.33489484188612e-06      1.00114839255934 -9.59942934932595e-10
 0.000124322096929921 -0.000211725429158566   -0.0109862886474871    0.0357913250144236   0.00119870958937559 -4.10908251264266e-09  8.75416070127188e-09 -2.13027889739037e-09 -9.59942934932595e-10      0.98765595150489
TOTAL ENERGY: -127.163365275981	 lambda: 0.6	 population of target: 6.99999435022745
1RDM: 
     1.99999995129394  1.46139489527865e-08 -5.64964695461432e-06 -1.03648646868087e-05  0.000179315187358728  5.33116015183644e-11 -1.25141316672726e-10  2.61381574569984e-10 -7.44323373533665e-13  0.000124523242268334
 1.46139489527865e-08      1.99999994822094 -5.21340037820748e-06  5.32477465206014e-06  6.94797467429845e-05 -8.61840688702932e-11  1.41037805040849e-10  -3.5604498576221e-11 -2.15473140684927e-11 -0.000212187188621176
-5.64964695461432e-06 -5.21340037820748e-06      1.99832693686812 -0.000892464492148584    0.0388882523689734 -5.74623592129231e-09  1.03145572011123e-08  2.49884148441037e-08  -7.3924824084173e-10   -0.0110610308539904
-1.03648646868087e-05  5.32477465206014e-06 -0.000892464492148584       1.9976398162061    0.0323724051578603  9.03935958077263e-09 -2.08794623827377e-08  4.24684908067424e-08  -1.4930027341891e-09    0.0358483900123521
 0.000179315187358728  6.94797467429845e-05    0.0388882523689734    0.0323724051578603      1.01593627103225 -1.46416028271967e-09 -3.04896662730014e-09  2.03477426802002e-08  -9.3062164374372e-10   0.00119922247326611
 5.33116015183644e-11 -8.61840688702932e-11 -5.74623592129231e-09  9.03935958077263e-09 -1.46416028271967e-09     0.998893613406296 -1.30166613074238e-06   2.7713016169322e-07  0.000494178964334968 -3.97097860271454e-09
-1.25141316672726e-10  1.41037805040849e-10  1.03145572011123e-08 -2.08794623827377e-08 -3.04896662730014e-09 -1.30166613074238e-06      1.00121771615513 -3.84528560084777e-06  2.78913253507827e-07  8.45106989615791e-09
 2.61381574569984e-10  -3.5604498576221e-11  2.49884148441037e-08  4.24684908067424e-08  2.03477426802002e-08   2.7713016169322e-07 -3.84528560084777e-06      0.99878854274002  1.29319154742621e-06 -2.00578807156901e-09
-7.44323373533665e-13 -2.15473140684927e-11  -7.3924824084173e-10  -1.4930027341891e-09  -9.3062164374372e-10  0.000494178964334968  2.78913253507827e-07  1.29319154742621e-06      1.00111264550774 -9.32694770830275e-10
 0.000124523242268334 -0.000212187188621176   -0.0110610308539904    0.0358483900123521   0.00119922247326611 -3.97097860271454e-09  8.45106989615791e-09 -2.00578807156901e-09 -9.32694770830275e-10     0.988084558569498
TOTAL ENERGY: -127.16335255346	 lambda: 0.7	 population of target: 7.00001391319769
1RDM: 
     1.99999995152511  1.48876850526161e-08 -5.60027991933325e-06 -1.03271532842343e-05  0.000178544476032491  5.34495183413234e-11 -1.25066813739967e-10  2.60477775328258e-10 -6.79721117156196e-13  0.000124652321183686
 1.48876850526161e-08      1.99999994807473 -5.21092762110314e-06  5.38229599402901e-06  6.87766712656157e-05 -8.63211482192718e-11  1.41590457693261e-10 -3.66655244325381e-11 -2.15235990483236e-11 -0.000212819297589689
-5.60027991933325e-06 -5.21092762110314e-06      1.99832748866216 -0.000884126827315942    0.0388547309560992 -5.77145228117774e-09  1.03754031110007e-08  2.49208176680372e-08 -7.40643730177172e-10   -0.0111445306730011
-1.03271532842343e-05  5.38229599402901e-06 -0.000884126827315942      1.99764262234965    0.0322716611584029  9.07092988467812e-09 -2.08948578014175e-08   4.2362476587755e-08 -1.48270286930186e-09    0.0359039863226027
 0.000178544476032491  6.87766712656157e-05    0.0388547309560992    0.0322716611584029      1.01602401119144 -1.46933722311382e-09 -3.07731080841117e-09  2.04712727633643e-08 -9.35701896198219e-10   0.00121651924036837
 5.34495183413234e-11 -8.63211482192718e-11 -5.77145228117774e-09  9.07092988467812e-09 -1.46933722311382e-09     0.998886880851128 -1.30951811225348e-06  2.78803293127813e-07  0.000497011136809185 -4.00298004463297e-09
-1.25066813739967e-10  1.41590457693261e-10  1.03754031110007e-08 -2.08948578014175e-08 -3.07731080841117e-09 -1.30951811225348e-06      1.00122501864887 -4.02054041092161e-06  2.80594117408834e-07  8.51110939100581e-09
 2.60477775328258e-10 -3.66655244325381e-11  2.49208176680372e-08   4.2362476587755e-08  2.04712727633643e-08  2.78803293127813e-07 -4.02054041092161e-06     0.998781240389331  1.30099195482393e-06 -2.00974121620549e-09
-6.79721117156196e-13 -2.15235990483236e-11 -7.40643730177172e-10 -1.48270286930186e-09 -9.35701896198219e-10  0.000497011136809185  2.80594117408834e-07  1.30099195482393e-06      1.00111937820675 -9.39856955729432e-10
 0.000124652321183686 -0.000212819297589689   -0.0111445306730011    0.0359039863226027   0.00121651924036837 -4.00298004463297e-09  8.51110939100581e-09 -2.00974121620549e-09 -9.39856955729432e-10     0.987993460100879
TOTAL ENERGY: -127.163335418963	 lambda: 0.8	 population of target: 7.00003669370556
1RDM: 
     1.99999995177117  1.51804857557092e-08 -5.54583102140799e-06 -1.02831721351182e-05  0.000177705853263811  5.35785290508631e-11 -1.24944203011341e-10  2.59474221601481e-10 -6.13293757704241e-13  0.000124729285482355
 1.51804857557092e-08      1.99999994789416 -5.20356622716004e-06  5.44773485776253e-06  6.79210796185012e-05 -8.65151597111346e-11  1.42312044058386e-10  -3.7983495438394e-11  -2.1497812018627e-11 -0.000213665772900228
-5.54583102140799e-06 -5.20356622716004e-06       1.9983296740535 -0.000874946722184104    0.0387874521021773 -5.79701941895751e-09  1.04508919782034e-08  2.48068987858899e-08 -7.40248487299933e-10    -0.011240812498416
-1.02831721351182e-05  5.44773485776253e-06 -0.000874946722184104      1.99764572568273     0.032160499822399  9.10464372424423e-09 -2.09101269987697e-08  4.22440806103851e-08 -1.47146143903208e-09    0.0359620618130584
 0.000177705853263811  6.79210796185012e-05    0.0387874521021773     0.032160499822399      1.01665031158106 -1.53528408216653e-09 -3.22064954886852e-09   2.1319888135367e-08 -9.75177542525289e-10     0.001255638391577
 5.35785290508631e-11 -8.65151597111346e-11 -5.79701941895751e-09  9.10464372424423e-09 -1.53528408216653e-09      0.99883625165852 -1.36878792662745e-06  2.91480924248186e-07   0.00051936695830011 -4.21246156943893e-09
-1.24944203011341e-10  1.42312044058386e-10  1.04508919782034e-08 -2.09101269987697e-08 -3.22064954886852e-09 -1.36878792662745e-06      1.00128036477567 -4.37377264605094e-06  2.93229583680556e-07   8.9468526234045e-09
 2.59474221601481e-10  -3.7983495438394e-11  2.48068987858899e-08  4.22440806103851e-08   2.1319888135367e-08  2.91480924248186e-07 -4.37377264605094e-06     0.998725896189504  1.35984981577317e-06  -2.1429431532338e-09
-6.13293757704241e-13  -2.1497812018627e-11 -7.40248487299933e-10 -1.47146143903208e-09 -9.75177542525289e-10   0.00051936695830011  2.93229583680556e-07  1.35984981577317e-06      1.00117000932523 -9.83045891349072e-10
 0.000124729285482355 -0.000213665772900228    -0.011240812498416    0.0359620618130584     0.001255638391577 -4.21246156943893e-09   8.9468526234045e-09  -2.1429431532338e-09 -9.83045891349072e-10     0.987361867068529
TOTAL ENERGY: -127.163307384591	 lambda: 0.9	 population of target: 7.0000695267129
1RDM: 
     1.99999995202546  1.55161026163118e-08 -5.48170004052152e-06 -1.02294491546663e-05  0.000176741717491201   5.3713890492004e-11 -1.24776342931342e-10  2.58307758734821e-10 -5.39695867936314e-13  0.000124776885259469
 1.55161026163118e-08      1.99999994766107 -5.19217338780132e-06  5.52417639859228e-06    6.687567512547e-05 -8.67908198250103e-11  1.43264602052985e-10  -3.9631628650201e-11   -2.147127753398e-11 -0.000214810662879444
-5.48170004052152e-06 -5.19217338780132e-06       1.9983337088234 -0.000864337648000914    0.0386777738600459  -5.8242577687824e-09  1.05469937588272e-08  2.46336954463104e-08 -7.37760176085705e-10   -0.0113566284558021
-1.02294491546663e-05  5.52417639859228e-06 -0.000864337648000914      1.99764930471694    0.0320286954288648  9.14403663469583e-09 -2.09275732225342e-08  4.21027022953331e-08 -1.45818820964241e-09    0.0360291544491672
 0.000176741717491201    6.687567512547e-05    0.0386777738600459    0.0320286954288648      1.01797928583489 -1.67852903578924e-09 -3.51650769225444e-09  2.31163980633755e-08 -1.05941881145157e-09   0.00132871206416765
  5.3713890492004e-11 -8.67908198250103e-11  -5.8242577687824e-09  9.14403663469583e-09 -1.67852903578924e-09     0.998728916549607 -1.49473678416373e-06  3.18234863229283e-07  0.000566894631977708 -4.65434471229269e-09
-1.24776342931342e-10  1.43264602052985e-10  1.05469937588272e-08 -2.09275732225342e-08 -3.51650769225444e-09 -1.49473678416373e-06      1.00139775735594 -5.00163126962146e-06  3.20283520090267e-07  9.87208173911073e-09
 2.58307758734821e-10  -3.9631628650201e-11  2.46336954463104e-08  4.21027022953331e-08  2.31163980633755e-08  3.18234863229283e-07 -5.00163126962146e-06     0.998608508258591  1.48500628532466e-06 -2.43702371038076e-09
-5.39695867936314e-13   -2.147127753398e-11 -7.37760176085705e-10 -1.45818820964241e-09 -1.05941881145157e-09  0.000566894631977708  3.20283520090267e-07  1.48500628532466e-06      1.00127734908531 -1.07347803333087e-09
 0.000124776885259469 -0.000214810662879444   -0.0113566284558021    0.0360291544491672   0.00132871206416765 -4.65434471229269e-09  9.87208173911073e-09 -2.43702371038076e-09 -1.07347803333087e-09     0.986025269688801
TOTAL ENERGY: -127.163251764585	 lambda: 1	 population of target: 7.00012773269361
1RDM: 
     1.99999995225592  1.59490940324044e-08 -5.39836719045356e-06 -1.01591452552883e-05  0.000175544918608216  5.38834307962417e-11 -1.24568459752047e-10  2.56860950053166e-10 -4.49809979690608e-13  0.000124835091824235
 1.59490940324044e-08      1.99999994733117 -5.17813834538822e-06  5.61732694769532e-06   6.5558026624407e-05 -8.71988581365369e-11  1.44568907364537e-10 -4.17591143875613e-11 -2.14453285109163e-11 -0.000216426184183852
-5.39836719045356e-06 -5.17813834538822e-06      1.99834017790698 -0.000851247065507866    0.0385040036402787 -5.85508443002287e-09   1.0675027693693e-08  2.43712507081883e-08 -7.32279919131005e-10   -0.0115050431273852
-1.01591452552883e-05  5.61732694769532e-06 -0.000851247065507866      1.99765361419819    0.0318561027608585  9.19610409706423e-09  -2.0951442118752e-08  4.19177448124856e-08 -1.44071477146219e-09    0.0361182859846395
 0.000175544918608216   6.5558026624407e-05    0.0385040036402787    0.0318561027608585      1.02044344496932 -1.94348612966899e-09 -4.05963666383406e-09   2.6398304175279e-08 -1.21567856386629e-09   0.00146539494381738
 5.38834307962417e-11 -8.71988581365369e-11 -5.85508443002287e-09  9.19610409706423e-09 -1.94348612966899e-09     0.998531196085673 -1.72658796574022e-06  3.67601218701186e-07  0.000654469624421565 -5.47288709376002e-09
-1.24568459752047e-10  1.44568907364537e-10   1.0675027693693e-08  -2.0951442118752e-08 -4.05963666383406e-09 -1.72658796574022e-06      1.00161400751763 -6.13576237409032e-06  3.69959547528029e-07  1.15382461785605e-08
 2.56860950053166e-10 -4.17591143875613e-11  2.43712507081883e-08  4.19177448124856e-08   2.6398304175279e-08  3.67601218701186e-07 -6.13576237409032e-06     0.998392268402909  1.71534699479622e-06   -2.976811783061e-09
-4.49809979690608e-13 -2.14453285109163e-11 -7.32279919131005e-10 -1.44071477146219e-09 -1.21567856386629e-09  0.000654469624421565  3.69959547528029e-07  1.71534699479622e-06      1.00147507985897  -1.2406189282286e-09
 0.000124835091824235 -0.000216426184183852   -0.0115050431273852    0.0361182859846395   0.00146539494381738 -5.47288709376002e-09  1.15382461785605e-08   -2.976811783061e-09  -1.2406189282286e-09      0.98355031147333
-------------------general-----------------------
mullikenoperator: 
  0.00265927441173334   -0.0511820543871803  -0.00130911134858767   0.00555708688679351 -3.64670094069979e-05  1.90186249247854e-11  6.13924911895689e-12 -4.93536354463831e-11  7.76185482610526e-12  6.28670770709631e-05
  -0.0511820543871803     0.997256034493636   -0.0103124128073128  -0.00321039641754976 -0.000400325490314397 -3.97039408092692e-11  1.44648903157747e-11 -3.28886236361914e-10 -6.21961171403679e-12 -0.000145013779310905
 -0.00130911134858768   -0.0103124128073127     0.105330629700197    -0.304940799190081   -0.0199732436896605  -6.5274409843747e-09  5.00851515455921e-09  -1.7300408077106e-08  9.03649182345874e-11   -0.0272199089537176
  0.00555708688679351   -0.0032103964175498    -0.304940799190081     0.895810573838549   -0.0174215469743559  1.46273606993182e-09 -1.14492200515183e-09 -1.40628041565913e-08  5.62853034933011e-10  0.000947116008522816
-3.64670094069979e-05 -0.000400325490314397   -0.0199732436896605   -0.0174215469743559     0.480956712650758  1.17759044285533e-07   2.9240494398606e-07  3.08139073289441e-08 -1.45083344114629e-08      0.49893565689164
 1.90186249247854e-11 -3.97039408092694e-11  -6.5274409843747e-09  1.46273606993182e-09  1.17759044285533e-07     0.296583531505025 -0.000112999429152288  2.58795585758459e-05    -0.456751285863365  3.90773287954342e-08
 6.13924911895688e-12  1.44648903157747e-11  5.00851515455921e-09 -1.14492200515184e-09   2.9240494398606e-07 -0.000112999429152336     0.498398077301656    -0.499997430798182  2.23912854219905e-05   4.3165648456807e-08
 -4.9353635446383e-11 -3.28886236361913e-10  -1.7300408077106e-08 -1.40628041565913e-08  3.08139073289441e-08  2.58795585758659e-05    -0.499997430798182     0.501601921877086  0.000112263620222368  2.92922728220109e-07
 7.76185482610527e-12 -6.21961171403674e-12  9.03649182345886e-11   5.6285303493301e-10  -1.4508334411463e-08    -0.456751285863365  2.23912854218858e-05  0.000112263620222443     0.703416469316283  1.13166879094128e-07
 6.28670770709632e-05 -0.000145013779310906   -0.0272199089537176  0.000947116008522818      0.49893565689164  3.90773287954342e-08  4.31656484568067e-08  2.92922728220109e-07  1.13166879094128e-07      0.51798677490508
selected BF: 
0 1 2 3 4
selected lambdas: 
  -1 -0.9 -0.8 -0.7 -0.6 -0.5 -0.4 -0.3 -0.2 -0.1    0  0.1  0.2  0.3  0.4  0.5  0.6  0.7  0.8  0.9    1
RHF C: 
 2.41863162744807e-06    -0.995368035646249     0.260211252608451   0.00202428121533583  -0.00112668394875705 -1.49521868930548e-10 -3.37120663211861e-10 -5.93134702919904e-10  1.06551370859492e-10 -0.000536075674715313
-9.93398935449373e-06   -0.0189830179554426     -1.02860370146807  -0.00801799184242549   0.00450773661764999  5.95878558208854e-10  1.36188667854494e-09  2.32852949170454e-09  -4.1788099206975e-10   0.00213847998031892
-1.97772111456596e-12  4.94433905877292e-12 -1.04413317460946e-10 -1.27211361172267e-09  2.19073362818127e-07    0.0984208828092056   -0.0325301803444953    -0.312136204394698       0.9443654737577  9.70484609598196e-10
-5.61361079310623e-13  1.27931066337625e-11  1.05803158106793e-09 -2.53135638615387e-09  7.28489916718743e-07   -0.0325301773666521    -0.098420891818587     -0.94436547281847    -0.312136204705119  2.97883681333656e-09
-2.41772630538674e-05 -1.37328995824945e-05  -0.00441656542168596   0.00534706544812607    -0.999965516346603 -5.95956202815582e-12  -8.0412544121992e-08 -7.56151845363772e-07 -2.07237044010308e-08   0.00544590911963493
    0.995046464015207 -2.02750119834255e-06   0.00186689290830226    -0.263095901246376  -0.00180151849976733 -1.06183661773727e-09  3.22105547742984e-10 -6.79240477999856e-10 -3.35696598436279e-11  -0.00328567148380689
   0.0201198768221205  8.60826185243875e-06  -0.00728233411555329       1.0289241521421   0.00708161973169486  4.20925980175625e-09 -1.27143555553843e-09  2.68063221774324e-09  1.32837059750898e-10    0.0128081001398502
 -1.7563381312236e-11 -2.64220431513856e-12 -2.85138919016401e-10 -1.06237766886068e-09  1.05712817211237e-09     0.944346679862743    -0.312126179860139    0.0325936246410865   -0.0986118280764856 -2.62507646298273e-07
-5.51230026624516e-14 -8.26430088557342e-12 -1.44819244578947e-09  1.14798747550269e-09  1.37474413977842e-10    -0.312126180171125    -0.944346678921988    0.0986118370857182    0.0325936216633348 -1.05264484192956e-07
 1.05021674038341e-05 -1.86301303414252e-05  0.000924849372837321   -0.0124644452747533   0.00278118390135615   2.1501727322072e-07 -1.80792105249224e-07  2.41540720218238e-08 -2.23424953301468e-08     0.999922182006773
RDM (no constraint): 
     1.99999999896021 -2.43668826740552e-09 -2.86134921398204e-07  -4.4692082963997e-08   2.9759726745288e-06  1.50359354228577e-11 -3.94576269037353e-12  1.69265313478306e-12   1.1592379315671e-13 -7.88027894809903e-06
-2.43668826740552e-09      1.99999998341861 -2.63837933736664e-06 -3.79183295345934e-07  4.71328192714916e-05 -3.28985491739831e-12 -8.30402504254116e-13  4.99000908611858e-11  6.34762596347488e-13 -1.48534064249746e-05
-2.86134921398204e-07 -2.63837933736664e-06      1.99866478404426  -0.00023039485820551    0.0352371456488638  3.55038274802584e-11  1.32698499924415e-09   2.7783393204435e-08  1.16056754417495e-09  0.000622082403448075
 -4.4692082963997e-08 -3.79183295345934e-07  -0.00023039485820551      1.99978634648176   0.00481859204240635  4.15676642617884e-09 -1.45635923359394e-09    1.073688260396e-09  7.47405158800135e-11    0.0127857238994439
  2.9759726745288e-06  4.71328192714916e-05    0.0352371456488638   0.00481859204240635     0.999788102206023  1.17256201741826e-08 -1.33256857725952e-08  1.42871993934454e-09 -1.20340915166085e-09    0.0550721546275926
 1.50359354228577e-11 -3.28985491739831e-12  3.55038274802584e-11  4.15676642617884e-09  1.17256201741826e-08      1.00103459252694   6.1156932597489e-16 -1.75453852313483e-08    0.0048122481506509  3.43954679216276e-10
-3.94576269037353e-12 -8.30402504254116e-13  1.32698499924415e-09 -1.45635923359394e-09 -1.33256857725952e-08   6.1156932597489e-16      1.00103459261871   0.00481224813077855  1.75453938954788e-08  4.14997505824828e-09
 1.69265313478306e-12  4.99000908611858e-11   2.7783393204435e-08    1.073688260396e-09  1.42871993934454e-09 -1.75453852313483e-08   0.00481224813077855     0.998972192231872 -9.80403729329754e-16  4.24542939226458e-08
  1.1592379315671e-13  6.34762596347488e-13  1.16056754417495e-09  7.47405158800135e-11 -1.20340915166085e-09    0.0048122481506509  1.75453938954788e-08 -9.80403729329754e-16     0.998972192323648  4.52824801712415e-11
-7.88027894809903e-06 -1.48534064249746e-05  0.000622082403448075    0.0127857238994439    0.0550721546275926  3.43954679216276e-10  4.14997505824828e-09  4.24542939226458e-08  4.52824801712415e-11      1.00174721518797
RDM Eigenvectors: 
    0.998666650432852   -0.0512306845811864  -0.00587432777003154  -0.00241463811474485 -3.77451732389091e-06 -1.29959865842306e-11  4.57418741837588e-12  3.18826652777948e-12  1.05516385263076e-11  7.23536019424399e-06
   0.0512243482922081     0.998620040128722   0.00382219431616656   -0.0109302386270874  2.35613043429769e-05  5.46815395548957e-13 -3.64662010141334e-12  1.57851083559851e-11  3.93863032482124e-13  4.18852944662096e-05
-0.000933005300763004   -0.0115409521228551      0.32979537539617    -0.943315735673303     0.026490824006557 -1.73812855750311e-10  3.35669219718799e-10  1.74719614895179e-09  -4.3679971152116e-10    0.0235500608724118
 -0.00633278490709695  0.000328227473110537    -0.943934073400216    -0.329766080760664    0.0132598766450058 -1.26481460654185e-09  1.49719995569881e-09 -2.43044865173205e-09  6.81409493470118e-10  -0.00517308681849951
-6.31588216984778e-05 -0.000360151811293449    0.0064365213227804   -0.0351971698360909    -0.696681748214988 -1.36136808836105e-08 -5.36589312606093e-07  5.37451874529138e-07 -1.61914161814419e-08    -0.716487360972933
 -1.2301942756512e-11 -7.40373836833542e-12 -3.84324075363145e-09 -1.82657161412555e-09 -1.54709078046651e-07      0.77766623156306  0.000414642363352691  -0.00103711608883506     -0.62867637521096  1.48830142075717e-07
 4.30203603144704e-12  -1.3100032696544e-11  1.71744463165081e-09 -4.60352029674256e-10  6.89044215184657e-08 -0.000414642366595327     0.777666237560649     0.628676367792029  -0.00103711607671012 -1.77754500912793e-07
  -3.249429195419e-11 -2.72431398054413e-10  7.66970033102928e-09 -2.68773269051914e-08 -5.41418457975585e-07 -0.000337495301407646     0.628677132657607     -0.77766529458579   0.00128006505944168 -5.26350390576501e-07
-1.39384893566541e-12 -1.23326565767057e-11  2.85148711449443e-10 -1.08516433070913e-09  1.66251158490814e-09     0.628677140076776   0.00033749530540932    0.0012800650496046     0.777665288588395 -3.03724020392288e-08
 -9.3822493848963e-05 -3.73115222160948e-05   -0.0115295159697042  -0.00675377322271411    -0.716768409633975 -1.52977807600345e-07  1.21384222024629e-07  1.25709574102959e-07  1.52166353974864e-07     0.697183256801722
Total C: 
   0.0494623475632715    -0.993021940712915    0.0953519525989058    -0.246628695878008   0.00313112134285743 -1.08464762721049e-09  -1.5844337701936e-10  3.35418269334356e-09  8.66738291807907e-11  -0.00254281438173965
  0.00702430655614071   -0.0228010198927324    -0.331276379625139     0.973620685237446   -0.0110042333457171  4.31309655243616e-09  6.91019438467674e-10 -1.21899352323422e-08 -2.88742680699146e-10    0.0101740729493086
 8.17834575926116e-12   1.9161219255473e-11  6.00591547595426e-09  4.64688098298732e-09 -3.20208978221947e-07    -0.516851432786434    -0.222550504273802     0.223462145498354     0.795864674381909 -7.08811846993848e-08
-1.03789428258065e-11  4.70592364190517e-11  2.05640716617921e-08  1.14566559253908e-08 -9.58806637882731e-07     0.171873644455619    -0.669901650091841       0.6721367136861      -0.2644305364087  -6.9325962446862e-07
-6.59456531324699e-06  -0.00011361047418602   -0.0328620117947399   -0.0108817771822724     0.692539176614189  1.69296209676519e-07 -6.07767547887445e-07  1.07580874169407e-06 -1.89498358259018e-08      0.72055530027162
    0.994344120790368    0.0538512384787683     0.247744734585264    0.0786895736467814    0.0128186293316814 -5.52960110244222e-10  4.12457345255131e-10  1.04891276454905e-08 -3.12972730019976e-10  0.000662564420286757
   0.0176509742700243   -0.0102342937241789    -0.972531665462675    -0.332530009783054   -0.0503738419613569  2.14555740896257e-09 -1.58021590439491e-09 -4.11721160587451e-08  1.25667448520318e-09  -0.00301333496144253
-2.97047113200688e-11 -1.85610536185824e-12 -5.41478956871265e-09  1.83440109440586e-10  3.61124196038037e-07     0.796218226336569    -0.222528444613404    -0.222018464612758     0.516938555037132 -3.77022537423294e-07
 5.73645960247916e-12 -2.59021308081499e-11  -4.1404488245833e-09  2.98238252436471e-10  6.38722073632843e-07    -0.263714668289734    -0.672295979820792    -0.670229102600759    -0.171072149100794 -1.23002532800224e-07
 4.33311544865293e-05  0.000163655423752239    0.0356850277282728  -0.00189852429536668    -0.717924533370398  3.29565355728677e-07  -3.0301851136057e-07 -6.60017919359095e-07  8.74197387501745e-08     0.695209057318734
Basis set used: STO-3G
Naturals: 
 1.99999999993808  1.99999999746701  1.99999015582438  1.99990343958745  1.05501651134245  1.00492488670177  1.00492488670157 0.995081898149009 0.995081898148817 0.945076326139446
Version: Tmhuysen's fci hack
