The Davidson algorithm did not converge.lambda: -1
The Davidson algorithm did not converge.lambda: -0.9
The Davidson algorithm did not converge.lambda: -0.8
The Davidson algorithm did not converge.lambda: -0.7
The Davidson algorithm did not converge.lambda: -0.6
The Davidson algorithm did not converge.lambda: -0.5
The Davidson algorithm did not converge.lambda: -0.4
The Davidson algorithm did not converge.lambda: -0.3
The Davidson algorithm did not converge.lambda: -0.2
The Davidson algorithm did not converge.lambda: -0.1
TOTAL ENERGY: -127.162781494879	 lambda: 0	 population of target: 6.99999994659825
1RDM: 
     1.99999997327466 -6.51292932889143e-10  3.10187037137342e-07  3.85911007236051e-06 -7.61861900923736e-05 -0.000113684656501471  6.11455076146288e-05 -6.62512853634571e-06 -6.11476069587883e-05  6.62330827335355e-06
-6.51292932889143e-10      1.99999999826315 -5.28328662094727e-07  3.84128482102813e-07  7.64753695233023e-07 -2.93473061506443e-05 -2.06159452597235e-05  2.23214786825923e-06  2.06177706426764e-05 -2.23312952377852e-06
 3.10187037137342e-07 -5.28328662094727e-07      1.99973037724961  4.79295369816876e-05    0.0103621497706309   -0.0101059108029296  -0.00533860696994555  0.000577886174793953   0.00533916274155186 -0.000578335347378502
 3.85911007236051e-06  3.84128482102813e-07  4.79295369816876e-05      1.99939300191293    0.0103936895362308    0.0209925199517296  -0.00523168883540424  0.000566986420112044    0.0052317889030395 -0.000566675383473963
-7.61861900923736e-05  7.64753695233023e-07    0.0103621497706309    0.0103936895362308      1.00021648699546  0.000114169365401554 -0.000231227765920555   3.0177566720336e-05  0.000230116586742287 -1.97920959916797e-05
-0.000113684656501471 -2.93473061506443e-05   -0.0101059108029296    0.0209925199517296  0.000114169365401554       1.0005441341284 -0.000176286323759844    1.397049200692e-05  0.000177415556831008 -2.43503663822618e-05
 6.11455076146288e-05 -2.06159452597235e-05  -0.00533860696994555  -0.00523168883540424 -0.000231227765920555 -0.000176286323759844      1.00005583033017 -1.13529585209293e-05 -5.65481196125876e-05  1.12295751943015e-05
-6.62512853634571e-06  2.23214786825923e-06  0.000577886174793953  0.000566986420112044   3.0177566720336e-05    1.397049200692e-05 -1.13529585209293e-05     0.999999950894104  1.02432804293071e-06 -6.63395749979306e-07
-6.11476069587883e-05  2.06177706426764e-05   0.00533916274155186    0.0052317889030395  0.000230116586742287  0.000177415556831008 -5.65481196125876e-05  1.02432804293071e-06      1.00005806892258 -9.01067926380079e-07
 6.62330827335355e-06 -2.23312952377852e-06 -0.000578335347378502 -0.000566675383473963 -1.97920959916797e-05 -2.43503663822618e-05  1.12295751943015e-05 -6.63395749979306e-07 -9.01067926380079e-07      1.00000217802891
TOTAL ENERGY: -127.162781493539	 lambda: 0.1	 population of target: 6.99999998752436
1RDM: 
     1.99999997328073 -6.52681545665145e-10  3.10466911227437e-07  3.85857821104274e-06 -7.61926794475868e-05 -0.000113691156026265  6.11371125793377e-05 -6.62412771407263e-06 -6.11392313245552e-05  6.62249270351203e-06
-6.52681545665145e-10      1.99999999826307 -5.28472174502295e-07  3.84225525094434e-07   7.6661562371267e-07 -2.93454405476726e-05 -2.06244035898764e-05  2.23313765218948e-06    2.062621322871e-05 -2.23397043251384e-06
 3.10466911227437e-07 -5.28472174502295e-07      1.99973029904033  4.79139915093064e-05    0.0103626699206899   -0.0101053892216789  -0.00534129371542239  0.000578227244014504   0.00534183865154149 -0.000578575146895016
 3.85857821104274e-06  3.84225525094434e-07  4.79139915093064e-05      1.99939304925603    0.0103942005010615    0.0209930316134383  -0.00523077787881585  0.000566861837592975   0.00523088355918911 -0.000566603238482902
-7.61926794475868e-05   7.6661562371267e-07    0.0103626699206899    0.0103942005010615       1.0002165200432  0.000114198583216755  -0.00017312804851009  2.14407142042675e-05  0.000172549346056421 -1.60009218926365e-05
-0.000113691156026265 -2.93454405476726e-05   -0.0101053892216789    0.0209930316134383  0.000114198583216755      1.00054415968382 -0.000118659534736704  1.01726047634505e-05   0.00011924938921591 -1.56064763858144e-05
 6.11371125793377e-05 -2.06244035898764e-05  -0.00534129371542239  -0.00523077787881585  -0.00017312804851009 -0.000118659534736704      1.00005634728928 -8.86141747227216e-06 -5.65348145389138e-05  8.79692411175672e-06
-6.62412771407263e-06  2.23313765218948e-06  0.000578227244014504  0.000566861837592975  2.14407142042675e-05  1.01726047634505e-05 -8.86141747227216e-06      1.00000047801447   3.4521495331212e-06 -6.63217486953295e-07
-6.11392313245552e-05    2.062621322871e-05   0.00534183865154149   0.00523088355918911  0.000172549346056421   0.00011924938921591 -5.65348145389138e-05   3.4521495331212e-06      1.00005752475521  -3.3877206369022e-06
 6.62249270351203e-06 -2.23397043251384e-06 -0.000578575146895016 -0.000566603238482902 -1.60009218926365e-05 -1.56064763858144e-05  8.79692411175672e-06 -6.63217486953295e-07  -3.3877206369022e-06      1.00000165037386
TOTAL ENERGY: -127.162781492533	 lambda: 0.2	 population of target: 6.9999999947172
1RDM: 
      1.9999999732835 -6.52891968295096e-10  3.10561156002041e-07  3.85829693567696e-06 -7.61941684943764e-05 -0.000113692646031975  6.11317333391782e-05 -6.62351624293993e-06 -6.11338581594585e-05  6.62193956485741e-06
-6.52891968295096e-10      1.99999999826273 -5.28571275089341e-07  3.84250825424633e-07  7.66770052263472e-07 -2.93452808250201e-05 -2.06303762462495e-05  2.23380771339413e-06  2.06321811672475e-05 -2.23459367017352e-06
 3.10561156002041e-07 -5.28571275089341e-07      1.99973026502436  4.79120170809175e-05    0.0103627506917935   -0.0101053074152949  -0.00534257675243515  0.000578381943185034   0.00534311831632428 -0.000578698022450478
 3.85829693567696e-06  3.84250825424633e-07  4.79120170809175e-05      1.99939307853566    0.0103942797919911    0.0209931108449854  -0.00523004071076845  0.000566773847865603   0.00523014813417647 -0.000566531735698607
-7.61941684943764e-05  7.66770052263472e-07    0.0103627506917935    0.0103942797919911      1.00021652479994  0.000114202467783438 -0.000154957218291461  1.87042822544504e-05   0.00015454576027398 -1.48188153851144e-05
-0.000113692646031975 -2.93452808250201e-05   -0.0101053074152949    0.0209931108449854  0.000114202467783438      1.00054416274323 -0.000100623463016577  8.98689713886037e-06  0.000101043913884311 -1.28663421566965e-05
 6.11317333391782e-05 -2.06303762462495e-05  -0.00534257675243515  -0.00523004071076845 -0.000154957218291461 -0.000100623463016577      1.00005651348237  -8.0788445890353e-06 -5.65334282888301e-05  8.03283941140509e-06
-6.62351624293993e-06  2.23380771339413e-06  0.000578381943185034  0.000566773847865603  1.87042822544504e-05  8.98689713886037e-06  -8.0788445890353e-06      1.00000064570267   4.2153220780378e-06 -6.63204521271146e-07
-6.11338581594585e-05  2.06321811672475e-05   0.00534311831632428   0.00523014813417647   0.00015454576027398  0.000101043913884311 -5.65334282888301e-05   4.2153220780378e-06      1.00005735558171 -4.16936299551949e-06
 6.62193956485741e-06 -2.23459367017352e-06 -0.000578698022450478 -0.000566531735698607 -1.48188153851144e-05 -1.28663421566965e-05  8.03283941140509e-06 -6.63204521271146e-07 -4.16936299551949e-06      1.00000148258385
TOTAL ENERGY: -127.162781491922	 lambda: 0.3	 population of target: 6.99999999723286
1RDM: 
     1.99999997328528 -6.52896565807051e-10  3.10602179662783e-07  3.85809669021064e-06 -7.61943711541976e-05 -0.000113692853116056  6.11279450209438e-05 -6.62309237237945e-06 -6.11300726437679e-05  6.62154310174447e-06
-6.52896565807051e-10       1.9999999982624 -5.28647124463235e-07  3.84264019625425e-07  7.66449252829766e-07  -2.9345598975739e-05 -2.06349821402624e-05  2.23431748540803e-06  2.06367848734809e-05 -2.23508146403876e-06
 3.10602179662783e-07 -5.28647124463235e-07      1.99973024451426  4.79135884573973e-05    0.0103627136102459   -0.0101053441833939  -0.00534339137531198  0.000578477577770828   0.00534393137811486 -0.000578778694440622
 3.85809669021064e-06  3.84264019625425e-07  4.79135884573973e-05      1.99939310131697    0.0103942452174301    0.0209930766532703  -0.00522947767552253  0.000566709030038514   0.00522958592041784 -0.000566474666552319
-7.61943711541976e-05  7.66449252829766e-07    0.0103627136102459    0.0103942452174301      1.00021652336997   0.00011420160121611 -0.000146428404549148  1.74194542507277e-05  0.000146095595097859 -1.42648959548266e-05
-0.000113692853116056  -2.9345598975739e-05   -0.0101053441833939    0.0209930766532703   0.00011420160121611      1.00054416248315 -9.21513992777363e-05  8.43056704335612e-06  9.24921881958865e-05 -1.15790558670153e-05
 6.11279450209438e-05 -2.06349821402624e-05  -0.00534339137531198  -0.00522947767552253 -0.000146428404549148 -9.21513992777363e-05      1.00005659140447 -7.71096907952883e-06 -5.65332061574495e-05  7.67365729558414e-06
-6.62309237237945e-06  2.23431748540803e-06  0.000578477577770828  0.000566709030038514  1.74194542507277e-05  8.43056704335612e-06 -7.71096907952883e-06      1.00000072494419  4.57416843806326e-06 -6.63205064055233e-07
-6.11300726437679e-05  2.06367848734809e-05   0.00534393137811486   0.00522958592041784  0.000146095595097859  9.24921881958865e-05 -5.65332061574495e-05  4.57416843806326e-06      1.00005727711464 -4.53689412431868e-06
 6.62154310174447e-06 -2.23508146403876e-06 -0.000578778694440622 -0.000566474666552319 -1.42648959548266e-05 -1.15790558670153e-05  7.67365729558414e-06 -6.63205064055233e-07 -4.53689412431868e-06      1.00000140330468
TOTAL ENERGY: -127.162781491507	 lambda: 0.4	 population of target: 6.9999999984362
1RDM: 
     1.99999997328665 -6.52855165719701e-10  3.10617458990981e-07  3.85793228472654e-06 -7.61939575609382e-05 -0.000113692442393923  6.11250813659321e-05 -6.62277474808208e-06 -6.11272105140413e-05  6.62124044017263e-06
-6.52855165719701e-10      1.99999999826211 -5.28708483431491e-07  3.84275068351019e-07  7.65901180750778e-07 -2.93461494441791e-05   -2.063870045841e-05  2.23472614508263e-06   2.0640502106953e-05 -2.23547812888998e-06
 3.10617458990981e-07 -5.28708483431491e-07      1.99973023043208  4.79168478394844e-05    0.0103626194567718   -0.0101054380272179  -0.00534397199403966  0.000578544490905211   0.00534451115274902 -0.000578837460425869
 3.85793228472654e-06  3.84275068351019e-07  4.79168478394844e-05      1.99939312127322    0.0103941531433143    0.0209929846199418  -0.00522903116169421  0.000566658572838714   0.00522913984496297 -0.000566428436312553
-7.61939575609382e-05  7.65901180750778e-07    0.0103626194567718    0.0103941531433143      1.00021651949253   0.00011419872674479 -0.000141787406142205  1.67200219730685e-05  0.000141497438183938 -1.39635993055574e-05
-0.000113692442393923 -2.93461494441791e-05   -0.0101054380272179    0.0209929846199418   0.00011419872674479      1.00054416062789  -8.7537027174521e-05  8.12749294767166e-06  8.78344228653419e-05 -1.08778203887301e-05
 6.11250813659321e-05   -2.063870045841e-05  -0.00534397199403966  -0.00522903116169421 -0.000141787406142205  -8.7537027174521e-05      1.00005663406034 -7.51056726248287e-06 -5.65331719608448e-05  7.47799192859053e-06
-6.62277474808208e-06  2.23472614508263e-06  0.000578544490905211  0.000566658572838714  1.67200219730685e-05  8.12749294767166e-06 -7.51056726248287e-06      1.00000076716643  4.76966965111308e-06 -6.63206665631949e-07
-6.11272105140413e-05   2.0640502106953e-05   0.00534451115274902   0.00522913984496297  0.000141497438183938  8.78344228653419e-05 -5.65331719608448e-05  4.76966965111308e-06      1.00005723433487 -4.73712703965557e-06
 6.62124044017263e-06 -2.23547812888998e-06 -0.000578837460425869 -0.000566428436312553 -1.39635993055574e-05 -1.08778203887301e-05  7.47799192859053e-06 -6.63206665631949e-07 -4.73712703965557e-06      1.00000136106393
TOTAL ENERGY: -127.162781491191	 lambda: 0.5	 population of target: 6.999999999145
1RDM: 
     1.99999997328779 -6.52817094722889e-10   3.1061583434469e-07  3.85778515078782e-06 -7.61931375005171e-05 -0.000113691620951299  6.11227941854616e-05 -6.62252289525364e-06 -6.11249241019762e-05  6.62099697205605e-06
-6.52817094722889e-10      1.99999999826184 -5.28760054842216e-07  3.84287792244553e-07  7.65168878809363e-07 -2.93468786201996e-05  -2.0641792997718e-05  2.23506444370349e-06  2.06435941716065e-05 -2.23580972980643e-06
  3.1061583434469e-07 -5.28760054842216e-07      1.99973022007116  4.79213606859031e-05    0.0103624835728549   -0.0101055737708688  -0.00534441343990724  0.000578594564866341    0.0053449521208759  -0.00057888296504369
 3.85778515078782e-06  3.84287792244553e-07  4.79213606859031e-05      1.99939314001901    0.0103940210310067     0.020992852582792   -0.0052286625081072  0.000566617469885943   0.00522877141647732 -0.000566389702935764
-7.61931375005171e-05  7.65168878809363e-07    0.0103624835728549    0.0103940210310067      1.00021651392244  0.000114194579859873  -0.00013918609530487  1.63278896701004e-05  0.000138920159920031 -1.37948195133232e-05
-0.000113691620951299 -2.93468786201996e-05   -0.0101055737708688     0.020992852582792  0.000114194579859873      1.00054415791708 -8.49470292939691e-05  7.95732357209867e-06  8.52200824345245e-05 -1.04842840116175e-05
 6.11227941854616e-05  -2.0641792997718e-05  -0.00534441343990724   -0.0052286625081072  -0.00013918609530487 -8.49470292939691e-05      1.00005665836513 -7.39814605184297e-06 -5.65331403394912e-05  7.36822786360769e-06
-6.62252289525364e-06  2.23506444370349e-06  0.000578594564866341  0.000566617469885943  1.63278896701004e-05  7.95732357209867e-06 -7.39814605184297e-06      1.00000079134614  4.87933898148443e-06 -6.63207376188224e-07
-6.11249241019762e-05  2.06435941716065e-05    0.0053449521208759   0.00522877141647732  0.000138920159920031  8.52200824345245e-05 -5.65331403394912e-05  4.87933898148443e-06      1.00005720993581 -4.84945088494209e-06
 6.62099697205605e-06 -2.23580972980643e-06  -0.00057888296504369 -0.000566389702935764 -1.37948195133232e-05 -1.04842840116175e-05  7.36822786360769e-06 -6.63207376188224e-07 -4.84945088494209e-06      1.00000133687362
TOTAL ENERGY: -127.162781490916	 lambda: 0.6	 population of target: 6.99999999964552
1RDM: 
     1.99999997328883 -6.52797155188154e-10  3.10600895903123e-07  3.85764366538931e-06 -7.61919481224884e-05  -0.00011369043089423  6.11208783261233e-05 -6.62231327494778e-06 -6.11230085506564e-05  6.62079157060837e-06
-6.52797155188154e-10      1.99999999826159 -5.28804844882516e-07  3.84303410437911e-07  7.64278402986587e-07 -2.93477675563564e-05 -2.06444225526394e-05    2.235350940658e-06  2.06462235429787e-05 -2.23609285913369e-06
 3.10600895903123e-07 -5.28804844882516e-07       1.9997302121446  4.79270023356961e-05    0.0103623104750219   -0.0101057466553664   -0.0053447633727406  0.000578633595837847   0.00534530183227868  -0.00057891971086401
 3.85764366538931e-06  3.84303410437911e-07  4.79270023356961e-05      1.99939315873615    0.0103938508806944    0.0209926824328412   -0.0052283461639783   0.00056658261381516   0.00522845518527995 -0.000566356036537701
-7.61919481224884e-05  7.64278402986587e-07    0.0103623104750219    0.0103938508806944      1.00021650685917  0.000114189278481254 -0.000137886616469706  1.61319161654027e-05  0.000137632705345493 -1.37105943321773e-05
 -0.00011369043089423 -2.93477675563564e-05   -0.0101057466553664    0.0209926824328412  0.000114189278481254       1.0005441543784 -8.36491687876638e-05  7.87196531033414e-06  8.39100428529482e-05 -1.02871703127052e-05
 6.11208783261233e-05 -2.06444225526394e-05   -0.0053447633727406   -0.0052283461639783 -0.000137886616469706 -8.36491687876638e-05      1.00005667026766 -7.34188940114225e-06 -5.65330565808767e-05  7.31330047918476e-06
-6.62231327494778e-06    2.235350940658e-06  0.000578633595837847   0.00056658261381516  1.61319161654027e-05  7.87196531033414e-06 -7.34188940114225e-06      1.00000080336961  4.93420427592243e-06 -6.63206673389377e-07
-6.11230085506564e-05  2.06462235429787e-05   0.00534530183227868   0.00522845518527995  0.000137632705345493  8.39100428529482e-05 -5.65330565808767e-05  4.93420427592243e-06      1.00005719785075 -4.90564412202172e-06
 6.62079157060837e-06 -2.23609285913369e-06  -0.00057891971086401 -0.000566356036537701 -1.37105943321773e-05 -1.02871703127052e-05  7.31330047918476e-06 -6.63206673389377e-07 -4.90564412202172e-06      1.00000132484321
TOTAL ENERGY: -127.162781490639	 lambda: 0.7	 population of target: 7.00000000007137
1RDM: 
     1.99999997328987 -6.52805817039527e-10  3.10573168437672e-07  3.85750009839926e-06 -7.61903697274684e-05 -0.000113688859402243  6.11191934291817e-05 -6.62213024914982e-06 -6.11213236707599e-05  6.62060953939284e-06
-6.52805817039527e-10      1.99999999826136 -5.28844855665551e-07  3.84323420383304e-07  7.63202720755074e-07 -2.93488389124041e-05 -2.06466971542185e-05   2.2355976321021e-06  2.06484981884477e-05 -2.23633879953797e-06
 3.10573168437672e-07 -5.28844855665551e-07      1.99973020596679  4.79339149935916e-05    0.0103620962625829   -0.0101059604176132  -0.00534504879598049  0.000578664765205219   0.00534558721352476 -0.000578950355224307
 3.85750009839926e-06  3.84323420383304e-07  4.79339149935916e-05       1.9993931782293    0.0103936408470062    0.0209924727397138  -0.00522806348376212  0.000566551851287528    0.0052281725206348 -0.000566325552098102
-7.61903697274684e-05  7.63202720755074e-07    0.0103620962625829    0.0103936408470062      1.00021649821323   0.00011418279937003 -0.000137588843449401  1.60868667472448e-05  0.000137337719413787  -1.3691440442093e-05
-0.000113688859402243 -2.93488389124041e-05   -0.0101059604176132    0.0209924727397138   0.00011418279937003      1.00054415005854 -8.33453697703258e-05  7.85185547650315e-06  8.36034209163436e-05 -1.02411633846131e-05
 6.11191934291817e-05 -2.06466971542185e-05  -0.00534504879598049  -0.00522806348376212 -0.000137588843449401 -8.33453697703258e-05      1.00005667290213 -7.32883520056421e-06 -5.65328852198884e-05  7.30055444123529e-06
-6.62213024914982e-06   2.2355976321021e-06  0.000578664765205219  0.000566551851287528  1.60868667472448e-05  7.85185547650315e-06 -7.32883520056421e-06      1.00000080615559  4.94690303849156e-06 -6.63204172872152e-07
-6.11213236707599e-05  2.06484981884477e-05   0.00534558721352476    0.0052281725206348  0.000137337719413787  8.36034209163436e-05 -5.65328852198884e-05  4.94690303849156e-06      1.00005719487116 -4.91865073865962e-06
 6.62060953939284e-06 -2.23633879953797e-06 -0.000578950355224307 -0.000566325552098102  -1.3691440442093e-05 -1.02411633846131e-05  7.30055444123529e-06 -6.63204172872152e-07 -4.91865073865962e-06      1.00000132205203
TOTAL ENERGY: -127.162781490309	 lambda: 0.8	 population of target: 7.00000000051224
1RDM: 
     1.99999997329093 -6.52849439639216e-10  3.10531729277046e-07   3.8573475574895e-06 -7.61883437257613e-05 -0.000113686836119067  6.11176366558214e-05 -6.62196264025902e-06 -6.11197666676677e-05  6.62043988811579e-06
-6.52849439639216e-10      1.99999999826114 -5.28881772713679e-07  3.84349202183866e-07  7.61902030868148e-07 -2.93501358472025e-05 -2.06486982799616e-05  2.23581354132159e-06  2.06504996337266e-05  -2.2365564341271e-06
 3.10531729277046e-07 -5.28881772713679e-07      1.99973020114271  4.79423833434859e-05    0.0103618319649743   -0.0101062241351939  -0.00534528686935349  0.000578689998575616   0.00534582542887241 -0.000578976713704727
  3.8573475574895e-06  3.84349202183866e-07  4.79423833434859e-05      1.99939319931926    0.0103933842529578    0.0209922165164059  -0.00522779934888473  0.000566523527745401   0.00522790831483783 -0.000566296651263729
-7.61883437257613e-05  7.61902030868148e-07    0.0103618319649743    0.0103933842529578      1.00021648770412  0.000114174962375454 -0.000138230349633295  1.61832698575535e-05  0.000137973364624807    -1.37333696725e-05
-0.000113686836119067 -2.93501358472025e-05   -0.0101062241351939    0.0209922165164059  0.000114174962375454      1.00054414487582 -8.39732860599965e-05  7.89295043499212e-06  8.42372740716227e-05 -1.03367357780411e-05
 6.11176366558214e-05 -2.06486982799616e-05  -0.00534528686935349  -0.00522779934888473 -0.000138230349633295 -8.39732860599965e-05      1.00005666677994 -7.35622208726173e-06 -5.65325950633632e-05  7.32729338545206e-06
-6.62196264025902e-06  2.23581354132159e-06  0.000578689998575616  0.000566523527745401  1.61832698575535e-05  7.89295043499212e-06 -7.35622208726173e-06      1.00000080030085  4.92012301651546e-06 -6.63199437853749e-07
-6.11197666676677e-05  2.06504996337266e-05   0.00534582542887241   0.00522790831483783  0.000137973364624807  8.42372740716227e-05 -5.65325950633632e-05  4.92012301651546e-06       1.0000572004228 -4.89122342025544e-06
 6.62043988811579e-06  -2.2365564341271e-06 -0.000578976713704727 -0.000566296651263729    -1.37333696725e-05 -1.03367357780411e-05  7.32729338545206e-06 -6.63199437853749e-07 -4.89122342025544e-06      1.00000132790246
TOTAL ENERGY: -127.162781489836	 lambda: 0.9	 population of target: 7.00000000106642
1RDM: 
     1.99999997329208 -6.52926961071719e-10  3.10474567085617e-07  3.85717654771576e-06 -7.61857025548442e-05 -0.000113684193207193  6.11161163870424e-05 -6.62180056172545e-06 -6.11182457628227e-05  6.62027237612267e-06
-6.52926961071719e-10      1.99999999826092 -5.28917093726432e-07  3.84381393660113e-07  7.60342416219649e-07 -2.93516966964528e-05 -2.06504945964215e-05  2.23600593322661e-06  2.06522965583112e-05 -2.23675324036742e-06
 3.10474567085617e-07 -5.28917093726432e-07       1.9997301974426  4.79527564285173e-05    0.0103615065965587   -0.0101065497207618  -0.00534548953575662  0.000578710459287236   0.00534602843915123 -0.000579000179937781
 3.85717654771576e-06  3.84381393660113e-07  4.79527564285173e-05      1.99939322322059    0.0103930650681426    0.0209918971555976  -0.00522753872049234  0.000566496054366355   0.00522764750811535 -0.000566267632256627
-7.61857025548442e-05  7.60342416219649e-07    0.0103615065965587    0.0103930650681426      1.00021647479671  0.000114165309385527 -0.000139950594316828  1.64420195271743e-05  0.000139677844780033 -1.38455644236995e-05
-0.000113684193207193 -2.93516966964528e-05   -0.0101065497207618    0.0209918971555976  0.000114165309385527      1.00054413847373 -8.56706972515414e-05  8.00438724790723e-06  8.59506537279159e-05  -1.0594737317017e-05
 6.11161163870424e-05 -2.06504945964215e-05  -0.00534548953575662  -0.00522753872049234 -0.000139950594316828 -8.56706972515414e-05      1.00005665047006 -7.42992802941472e-06 -5.65321388141292e-05  7.39925554398168e-06
-6.62180056172545e-06  2.23600593322661e-06  0.000578710459287236  0.000566496054366355  1.64420195271743e-05  8.00438724790723e-06 -7.42992802941472e-06      1.00000078454215  4.84812014949397e-06 -6.63191588767595e-07
-6.11182457628227e-05  2.06522965583112e-05   0.00534602843915123   0.00522764750811535  0.000139677844780033  8.59506537279159e-05 -5.65321388141292e-05  4.84812014949397e-06      1.00005721584417 -4.81747850596892e-06
 6.62027237612267e-06 -2.23675324036742e-06 -0.000579000179937781 -0.000566267632256627 -1.38455644236995e-05  -1.0594737317017e-05  7.39925554398168e-06 -6.63191588767595e-07 -4.81747850596892e-06      1.00000134365699
TOTAL ENERGY: -127.162781489037	 lambda: 1	 population of target: 7.00000000190366
1RDM: 
     1.99999997329342 -6.53050341119878e-10  3.10395635411629e-07  3.85697601513445e-06 -7.61821996749946e-05 -0.000113680693010614  6.11144853079863e-05  -6.6216288916635e-06 -6.11166136005918e-05  6.62009051211555e-06
-6.53050341119878e-10      1.99999999826069 -5.28952268548021e-07  3.84423008234652e-07  7.58410285793258e-07 -2.93536391130356e-05 -2.06521342688549e-05  2.23617938157667e-06  2.06539372555311e-05 -2.23693499955957e-06
 3.10395635411629e-07 -5.28952268548021e-07      1.99973019489482  4.79658604631665e-05    0.0103610939252081    -0.010106962134497  -0.00534566348783896  0.000578726513729619   0.00534620301480505 -0.000579021859177902
 3.85697601513445e-06  3.84423008234652e-07  4.79658604631665e-05      1.99939325136324    0.0103926609006548    0.0209914928139321  -0.00522725949035445  0.000566467234075274   0.00522736795480056 -0.000566235912102868
-7.61821996749946e-05  7.58410285793258e-07    0.0103610939252081    0.0103926609006548      1.00021645863853  0.000114153281350597 -0.000143174120599186  1.69267282622376e-05  0.000142871851277239 -1.40559621106525e-05
-0.000113680693010614 -2.93536391130356e-05    -0.010106962134497    0.0209914928139321  0.000114153281350597      1.00054413054338 -8.88578954076852e-05  8.21406206483243e-06  8.91677541878678e-05 -1.10787413711151e-05
 6.11144853079863e-05 -2.06521342688549e-05  -0.00534566348783896  -0.00522725949035445 -0.000143174120599186 -8.88578954076852e-05       1.0000566196526 -7.56792653671667e-06 -5.65313658854095e-05  7.53399133525685e-06
 -6.6216288916635e-06  2.23617938157667e-06  0.000578726513729619  0.000566467234075274  1.69267282622376e-05  8.21406206483243e-06 -7.56792653671667e-06      1.00000075564459  4.71332592353883e-06 -6.63178235295736e-07
-6.11166136005918e-05  2.06539372555311e-05   0.00534620301480505   0.00522736795480056  0.000142871851277239  8.91677541878678e-05 -5.65313658854095e-05  4.71332592353883e-06      1.00005724516004 -4.67942484839623e-06
 6.62009051211555e-06 -2.23693499955957e-06 -0.000579021859177902 -0.000566235912102868 -1.40559621106525e-05 -1.10787413711151e-05  7.53399133525685e-06 -6.63178235295736e-07 -4.67942484839623e-06      1.00000137254873
-------------------general-----------------------
mullikenoperator: 
   0.0729261568273948    -0.259955857024948   0.00471471157667681  -0.00294016649888357  0.000107537885428704 -1.50836643408684e-05 -2.34756550502341e-08  3.00045204976787e-09  2.30773378161518e-08 -2.50900754312103e-09
   -0.259955857024948     0.927081608576005  -0.00228984053283451  -0.00435944814161851 -3.42657337279383e-05 -5.17943134597492e-05 -2.75988418203376e-08  3.00497725246192e-09  2.70836356336154e-08 -2.48654141791222e-09
   0.0047147115766768  -0.00228984053283455     0.489208042675193    -0.499613319827622  -0.00025801741798698   -0.0155732406052357 -4.56451550417182e-06  4.79418895529762e-07  4.25087788846546e-06 -1.49334186003893e-07
 -0.00294016649888356  -0.00435944814161849    -0.499613319827623     0.510789852067262    -0.015570951000982  7.63979099174339e-05  3.66019441944651e-06 -5.42253018546817e-07 -3.52328168552819e-06  3.87073428480734e-07
 0.000107537885428704 -3.42657337279392e-05 -0.000258017417986976    -0.015570951000982      0.49993028712296     0.499757400546725  3.59828234783716e-05 -3.27021025466753e-06 -2.14859074783287e-05 -1.23356304257058e-05
-1.50836643408683e-05 -5.17943134597489e-05   -0.0155732406052357  7.63979099174311e-05     0.499757400546725     0.500064049734065  2.16103949649369e-05  1.23240954150911e-05 -3.61125668832254e-05   3.2823869763026e-06
-2.34756550502546e-08 -2.75988418202853e-08 -4.56451550417101e-06  3.66019441944667e-06  3.59828234783713e-05  2.16103949649332e-05     0.500032637525555  1.62087081326538e-05     0.499999996613133 -1.64203314846125e-05
 3.00045204976572e-09  3.00497725245583e-09  4.79418895529854e-07 -5.42253018546276e-07 -3.27021025468613e-06  1.23240954150722e-05  1.62087081326303e-05     0.500006435656835    1.641877450488e-05      0.49999999926328
 2.30773378161545e-08  2.70836356335649e-08  4.25087788846552e-06 -3.52328168552739e-06  -2.1485907478325e-05  -3.6112566883225e-05     0.499999996613133  1.64187745048763e-05     0.499967364568245  -1.6207104579101e-05
-2.50900754312026e-09 -2.48654141790623e-09 -1.49334186003948e-07  3.87073428480238e-07  -1.2335630425687e-05  3.28238697632119e-06 -1.64203314846724e-05      0.49999999926328 -1.62071045791366e-05     0.499993565246493
selected BF: 
0 1 2 3 4
selected lambdas: 
  -1 -0.9 -0.8 -0.7 -0.6 -0.5 -0.4 -0.3 -0.2 -0.1    0  0.1  0.2  0.3  0.4  0.5  0.6  0.7  0.8  0.9    1
RHF C: 
 2.65522710016023e-09     0.995388341917086    -0.260144182550671 -3.15101841684476e-06   -0.0001059904353455  2.32277550707067e-06   5.1424524450049e-13  7.38867404740095e-11  -1.0964500831678e-10  -5.6843489707619e-14
-1.57454571147805e-08    0.0189027351383401      1.02864739569143  1.24746594505083e-05  0.000424141730906985 -9.22720839638639e-06 -2.05547855739157e-12 -2.90190181166607e-10  4.30606074810677e-10  2.28239704553313e-13
 9.12736674663082e-15 -5.93191279471215e-13 -4.11900742432941e-11 -1.04415295899322e-11  3.33836230112008e-07  2.21356835778166e-10  1.31691075356712e-05     0.920765373488245     0.390116811748201  1.73473377638081e-06
  5.7897606225521e-14 -3.35039154995681e-12  -3.0363853368901e-10 -6.20324961715014e-11  1.93829027421646e-06  1.46655852976238e-09 -3.10822925180267e-05     0.390116811968475    -0.920765372963831  7.34985077902533e-07
 -4.5094753012001e-08 -1.27448643777161e-06 -0.000412306089503091 -3.47004641903171e-05      0.99999991331263 -4.71732907550985e-05  4.51657731034384e-11 -1.06354440057218e-06  1.65447534927863e-06 -2.42062857592272e-13
    0.995027800591337  4.50763797580716e-09 -2.92886371572075e-06     0.263185241397514  9.98546236646471e-06    0.0027396569212606  1.28210770261402e-10 -3.87790673946766e-12  6.06943390081509e-12  7.82518329116894e-11
   0.0201928516127775 -1.37542772930772e-08  1.14380247765887e-05     -1.02899401470167  -3.9086013564315e-05   -0.0108566048765086 -5.08077940558156e-10  1.52010011162524e-11  -2.3792853999786e-11  -3.0495535601975e-10
 9.02301061919237e-13 -9.68464743136854e-16 -2.55282326451333e-13  8.25403758889418e-11 -9.22429187618387e-13  3.62992378169516e-08    -0.390116811695051   1.4824821627858e-06  1.30623040526693e-05    -0.920765373512786
-3.77517481991746e-12  3.86151924000403e-15  6.00293890111684e-13  1.21718305899578e-09  3.07835191681104e-12 -1.47504864207558e-07     0.920765372997826  6.28181596677479e-07 -3.08300409056313e-05    -0.390116811913229
-3.71218115629118e-05  3.37235627646917e-08 -6.66004141714483e-06    0.0105493836535317 -3.98271147409155e-05    -0.999944352226917 -1.49981496295234e-07  8.18571733568068e-10  -1.3253185615801e-09  2.41255162583646e-08
RDM (no constraint): 
     1.99999999847836  2.45958003258378e-12  6.49544743092236e-10  4.15862635439387e-07   3.4761491979852e-10 -3.75436265838999e-05 -3.11135499181063e-12  2.86798384514006e-13 -3.32782811056277e-13  2.83393816557766e-12
 2.45958003258378e-12      1.99999999903353 -6.27961354660618e-07 -9.64529250013761e-10  3.00644628262701e-05 -5.97203621407657e-08  1.83581531440383e-12 -3.01742600372971e-11  4.69262374537988e-11 -3.92719224729735e-12
 6.49544743092236e-10 -6.27961354660618e-07      1.99957829563294 -7.34065128368909e-07    0.0204723510970228  1.17826024971766e-07 -1.88019750872472e-11 -2.15995367650705e-08  3.35931210361889e-08  5.02999315514358e-11
 4.15862635439387e-07 -9.64529250013761e-10 -7.34065128368909e-07       1.9998843995214  2.97125115380289e-05    0.0106385516872561  5.29949525545813e-10  -8.7417723371681e-11  1.01457708039334e-10  2.50317140031898e-10
  3.4761491979852e-10  3.00644628262701e-05    0.0204723510970228  2.97125115380289e-05      1.00042086231305  0.000324664874810665  7.43279466204589e-10 -4.45298133820344e-10  6.91918928814916e-10 -1.25721717831243e-09
-3.75436265838999e-05 -5.97203621407657e-08  1.17826024971766e-07    0.0106385516872561  0.000324664874810665      1.00011484172715  5.72798112477937e-12  7.31489250265819e-09  -8.1019048171988e-09  2.43546022919411e-12
-3.11135499181063e-12  1.83581531440383e-12 -1.88019750872472e-11  5.29949525545813e-10  7.43279466204589e-10  5.72798112477937e-12      1.00000040001426 -3.45999661987099e-11 -1.39330869804582e-05   2.9491679349555e-15
 2.86798384514006e-13 -3.01742600372971e-11 -2.15995367650705e-08  -8.7417723371681e-11 -4.45298133820344e-10  7.31489250265819e-09 -3.45999661987099e-11      1.00000040074436  2.07279313358168e-15 -1.39326178672962e-05
-3.32782811056277e-13  4.69262374537988e-11  3.35931210361889e-08  1.01457708039334e-10  6.91918928814916e-10  -8.1019048171988e-09 -1.39330869804582e-05  2.07279313358168e-15      1.00000040163253 -6.81754075573997e-11
 2.83393816557766e-12 -3.92719224729735e-12  5.02999315514358e-11  2.50317140031898e-10 -1.25721717831243e-09  2.43546022919411e-12   2.9491679349555e-15 -1.39326178672962e-05 -6.81754075573997e-11      1.00000040090243
RDM Eigenvectors: 
    0.962834888621903    -0.270004713583572  -0.00485896790413733  -0.00477712427185468  2.65590873281567e-05  7.09160787540865e-11 -1.33146408697165e-10 -1.38131086384749e-10 -7.54185501012262e-11 -2.65389624519205e-05
    0.270008498238751     0.962844616200183  -0.00344297807768037   0.00371496041217334 -2.12267628020502e-05 -5.08482685129095e-10  5.60075172095539e-10 -5.67298277978221e-10 -5.11287344332964e-10 -2.13001175425596e-05
  -0.0013518841129453  -0.00487895695161572    -0.699274899603096      0.71454159188656    -0.014483095947216 -3.48083593282947e-07  3.84403654964943e-07 -3.84998531952923e-07 -3.48461420176393e-07   -0.0144753711164197
  0.00652373061534293  -0.00197238727476973     0.714644641906292     0.699373571547944  -0.00754698888238737 -2.07415209110991e-08  3.90349542787498e-08   3.9369022931443e-08  2.10580047729454e-08   0.00749912001541006
-1.93617727133859e-05 -7.10284533569125e-05   -0.0142982549824246    0.0146578607302626     0.706913430010438  1.59214918387313e-05 -1.79000681767677e-05  1.79332921724527e-05   1.5941412501067e-05     0.707003608848349
 3.32359783218577e-05 -1.09287796485431e-05   0.00759913264989655   0.00744621757236249     0.707111507202249  1.93564263869433e-06 -3.59945085732174e-06 -3.74408928932036e-06 -2.06664020503776e-06    -0.707022009664437
 9.68706517151179e-13  1.60231429235616e-12  3.81626402753998e-10  3.67823436690588e-10  2.37305017358151e-06    -0.702974579622515    0.0761426555423817    0.0761388231788951     0.703016298534436 -2.39697614743119e-06
 2.10103375308047e-11   7.6376936063827e-11  1.51036369883898e-08 -1.54471242415883e-08  1.60348337174648e-05    0.0761438033208265     0.702993089986728    -0.702997971896497    0.0761359812289053   1.6166618071686e-05
-3.26846552558793e-11 -1.18787297157992e-10 -2.34900108364435e-08  2.40246921210884e-08 -1.76983206274432e-05     0.703015496101847   -0.0761462299223504    0.0761335540136031     0.702975565173374 -1.78462093393863e-05
 3.25726116905923e-12 -5.19777827285729e-12  1.61498605699659e-10  1.92784249266015e-10 -3.41985199157669e-06   -0.0761450825969634    -0.702996986318548    -0.702993892385868    0.0761363964730876  3.45042266694379e-06
Total C: 
   -0.267495497135945     0.959299968021709     0.177055123796628    -0.187875341295074   0.00357393474739056  -0.00206271904618543 -1.63327275780641e-06  1.71252443801443e-07  1.64074401096039e-06 -1.76613299992972e-07
    -0.01010205575577    0.0146588194146877    -0.719396759177984     0.735085589579175   -0.0144091911914602   0.00811662979509507  6.48817251886892e-06 -6.80020788577049e-07 -6.51826120009006e-06  7.01560304527729e-07
-1.93362793706015e-10 -7.66304979605559e-10 -5.20353465339503e-07  5.49180097385763e-08  2.41935885510432e-05 -5.24414217352959e-06     0.344365471524391    -0.617585006056564     0.344342723859509    -0.617599603487472
 5.02652224117061e-11  1.90251479973798e-10  1.32101253448913e-07  -1.3409061623816e-08 -5.79182149709042e-06  1.29330440500808e-06    -0.617612397070538    -0.344376553250995     -0.61757221129272    -0.344331642983344
 2.90289340519094e-05 -2.11754193330741e-05   -0.0142195680219092  -0.00786590693285822     0.706918754700459     0.707108054270593  3.66168235917822e-05  1.33165392747804e-05 -4.97797837551565e-05  1.04576161015659e-06
    0.956790226232951     0.269643699107149     0.186713541557386     0.190553927058659   0.00384561152206589   0.00199984911783217  -0.00192590903733484  0.000208604106621562   0.00192602737762128 -0.000208611469670238
   0.0243579614146455   0.00162951772124002    -0.735293748088576    -0.719511017084229   -0.0151112089688476  -0.00768901423458839   0.00763191672371908   -0.0008266482872691  -0.00763238547055153  0.000826677355085003
 2.44362100920882e-05  1.96121927328918e-05    0.0133282705844522  -0.00690494521230851    -0.650977458622655     0.651002788984213   -0.0296930525918995    -0.274264353478057    0.0297316774776502     0.274247715480951
 1.03531633754709e-05  8.31005316643026e-06   0.00564744045659445  -0.00292549599950686    -0.275830476120566     0.275817858185385    0.0700889332321552     0.647282587729637   -0.0701275783284767    -0.647299406056109
 -8.6115765923629e-05  2.92240923222847e-05    0.0075436051437254   0.00737327981734497  0.000110669471075903  4.83863584641353e-05     0.702935448272549    -0.076139673001342    -0.702976363345821    0.0761409501911883
Basis set used: STO-3G
Naturals: 
 1.99999999999987  1.99999999999968  1.99999764492988  1.99999753788596  1.00032586675694  1.00001433391595  1.00001433343566 0.999986468211129 0.999986467730849  0.99967734713413
Version: Tmhuysen's fci hack
