-124.33733281063	-5	3.65893402740365
-124.402602495095	-4.5	3.67271548645537
-124.486185378117	-4	3.6924560177153
-124.597631111704	-3.5	3.7223219038279
-124.754155733318	-3	3.77080715959863
-124.988526787773	-2.5	3.85683601167487
-125.36257153665	-2	4.02528572378062
-125.957870704857	-1.5	4.37115017238021
-126.691969879686	-1	4.96551969158562
-127.22563350532	-0.5	5.67997715864349
-127.412569250226	0	6.43061040520569
-127.227408852764	0.5	7.17465528602423
-126.674810411423	1	7.91136854678476
-125.776308088571	1.5	8.63145743881305
-124.615122509962	2	9.29688855663732
-123.509046846878	2.5	9.79318637851758
-122.802197995164	3	10.0530989683571
-122.39492306292	3.5	10.1795134617968
-122.144955741299	4	10.2465990942639
-121.97809804307	4.5	10.2860457630823
