-124.234937010462	-5	3.99338721659193
-124.237886610278	-4.5	3.99401082418519
-124.242390237219	-4	3.99507660061298
-124.250097792234	-3.5	3.99714888232203
-124.266040018455	-3	4.00211718015314
-124.314032030564	-2.5	4.01997213597554
-124.694282707141	-2	4.19749836104719
-126.116846649488	-1.5	4.99197466417366
-126.575913155927	-1	5.38744393221659
-127.102006986155	-0.5	6.01783010566226
-127.21257880408	0	6.6897911195228
-127.171193894319	0.5	6.9957388381047
-126.999369088061	1	7.19731713773551
-126.11355827121	1.5	7.94309267856888
-125.231451989429	2	8.41897106591647
-124.04094422212	2.5	8.97134046266334
-122.12204179297	3	9.64857512752544
-121.124617811054	3.5	9.96609679930959
-121.023055850902	4	9.99366922073383
-120.993429643465	4.5	10.0007116659226
