-124.511157967731	-5	3.92867255132905
-124.513080030269	-4.95	3.92905890672499
-124.51505020294	-4.9	3.9294589536787
-124.517070773111	-4.85	3.92987344228911
-124.519144171062	-4.8	3.93030317559853
-124.521272981432	-4.75	3.93074901420565
-124.523459955467	-4.7	3.93121188129503
-124.525708024078	-4.65	3.93169276810833
-124.528020313369	-4.6	3.93219274024516
-124.530400159294	-4.55	3.93271294411869
-124.532851126115	-4.5	3.93325461460633
-124.535377025559	-4.45	3.933819083286
-124.537981938203	-4.4	3.9344077876398
-124.540670236717	-4.35	3.93502228120943
-124.54344661239	-4.3	3.93566424509634
-124.54631610337	-4.25	3.93633550053907
-124.549284126878	-4.2	3.93703802317087
-124.552356514335	-4.15	3.93777395883263
-124.555539550766	-4.1	3.93854564137908
-124.558840018619	-4.05	3.93935561266246
-124.56226524636	-4	3.94020664494411
-124.565823163104	-3.95	3.94110176623288
-124.569522359534	-3.9	3.94204428884334
-124.573372155814	-3.85	3.94303784159733
-124.577382679726	-3.8	3.94408640680733
-124.581564951775	-3.75	3.94519436155859
-124.5859309819	-3.7	3.94636652486932
-124.590493880057	-3.65	3.94760821184224
-124.595267980356	-3.6	3.94892529528766
-124.60026898173	-3.55	3.9503242762849
-124.605514107177	-3.5	3.9518123650148
-124.611022286933	-3.45	3.95339757430201
-124.616814363299	-3.4	3.95508882630464
-124.622913328715	-3.35	3.9568960769643
-124.629344595881	-3.3	3.95883045945313
-124.636136307848	-3.25	3.96090445078356
-124.643319693476	-3.2	3.96313206540224
-124.650929479409	-3.15	3.96552908184114
-124.659004357851	-3.1	3.96811330536315
-124.667587533037	-3.05	3.97090487755726
-124.67672735025	-3	3.97392663883088
-124.686478019188	-2.95	3.97720455308491
-124.696900455698	-2.9	3.98076820917262
-124.708063252474	-2.85	3.9846514108456
-124.72004380353	-2.8	3.98889287337612
-124.732929595115	-2.75	3.99353704294331
-124.74681968757	-2.7	3.99863506126352
-124.761826441169	-2.65	4.00424591166414
-124.778077446189	-2.6	4.01043775216602
-124.79571771685	-2.55	4.01728948047454
-124.814912131045	-2.5	4.02489255129448
-124.835848109244	-2.45	4.03335307391166
-124.858738429817	-2.4	4.04279418227765
-124.883824091306	-2.35	4.05335867421538
-124.911377010157	-2.3	4.06521186357012
-124.941702111467	-2.25	4.07854447857171
-124.975138368274	-2.2	4.09357541272098
-125.012057797908	-2.15	4.11055385160248
-125.052861314141	-2.1	4.12976016864894
-125.097969724571	-2.05	4.15150458691735
-125.147807863696	-2	4.17612228276735
-125.202779459635	-1.95	4.20396317387301
-125.263230767814	-1.9	4.23537454147762
-125.329401826353	-1.85	4.27067473100862
-125.401366892472	-1.8	4.310117322273
-125.478969754623	-1.75	4.35384737374899
-125.561765189185	-1.7	4.40185490502051
-125.648983102188	-1.65	4.45393500789562
-125.739533644773	-1.6	4.50966706925258
-125.832066694887	-1.55	4.56842524135199
-125.925086166581	-1.5	4.62942658625289
-126.017102354515	-1.45	4.69181314009391
-126.106791465386	-1.4	4.75475336293855
-126.193127989693	-1.35	4.81754221570079
-126.275463763157	-1.3	4.87967983014044
-126.353542697341	-1.25	4.94091511779122
-126.42745529861	-1.2	5.0012491226268
-126.497547889381	-1.15	5.06090055619558
-126.564306992956	-1.1	5.12024163489064
-126.628240236349	-1.05	5.17971580514719
-126.689772283754	-1	5.23975011807857
-126.749169663591	-0.95	5.30067482233566
-126.806503075279	-0.899999999999999	5.36266179381839
-126.861650444791	-0.85	5.42569198739869
-126.914337998369	-0.8	5.48955913287346
-126.96420963705	-0.75	5.5539111272041
-127.010908293723	-0.7	5.6183221613328
-127.054149669687	-0.649999999999999	5.68238015550369
-127.093771262125	-0.6	5.74576949856412
-127.129747681664	-0.55	5.80833102536963
-127.162173373897	-0.5	5.87008841867555
-127.191222066341	-0.45	5.93123952978966
-127.217095672895	-0.399999999999999	5.99211786256033
-127.239974786334	-0.35	6.05313271233852
-127.259979889913	-0.3	6.1146963435165
-127.27714932999	-0.25	6.17714602961751
-127.291437460824	-0.199999999999999	6.24066929784184
-127.302733866374	-0.149999999999999	6.3052431136635
-127.310901163975	-0.0999999999999996	6.37060056827248
-127.315824164924	-0.0499999999999998	6.43623860355254
-127.317458306463	0	6.50147420619869
-127.315863016222	0.0500000000000007	6.56554356669429
-127.311208693607	0.100000000000001	6.62772397664479
-127.303754190763	0.15	6.68744894600185
-127.29380148116	0.2	6.74438973680737
-127.281640574634	0.25	6.79848975090197
-127.267498057421	0.300000000000001	6.84995432908515
-127.251498215968	0.350000000000001	6.89920946793575
-127.233639982309	0.4	6.94684570084439
-127.213788976879	0.45	6.99355937632945
-127.191682671151	0.5	7.04009719856787
-127.166947577228	0.550000000000001	7.08720428334015
-127.139129042071	0.600000000000001	7.13557290186035
-127.107735172048	0.65	7.18578913031924
-127.072295360561	0.7	7.23827760848264
-127.032429880726	0.75	7.29325003524576
-126.987920384529	0.800000000000001	7.35066903269651
-126.938764385876	0.850000000000001	7.41024229805832
-126.885194045724	0.9	7.47145918575162
-126.827645233267	0.95	7.53367118436402
-126.766677001538	1	7.59620270472131
-126.702858782181	1.05	7.65846645789068
-126.636653688167	1.1	7.72005571909442
-126.568326435426	1.15	7.78079425062904
-126.497894268938	1.2	7.84073899593052
-126.425126345096	1.25	7.90014262856589
-126.349586238137	1.3	7.95938957450911
-126.270707438579	1.35	8.01891916585342
-126.187890224423	1.4	8.07914719412195
-126.100609106114	1.45	8.14039378561858
-126.008519239521	1.5	8.20282418345754
-125.911547830484	1.55	8.26640905919598
-125.809952590194	1.6	8.33091202348442
-125.704327918353	1.65	8.39591121190466
-125.595544871071	1.7	8.46085718478548
-125.484625696276	1.75	8.52516039606297
-125.372572958202	1.8	8.58829197344469
-125.260188293617	1.85	8.6498764234589
-125.147918647219	1.9	8.70975735443315
-125.035757908476	1.95	8.76802589556044
-124.923216634175	2	8.82501103789441
-124.809360628075	2.05	8.88123715039734
-124.692914441774	2.1	8.93735531532971
-124.572426310689	2.15	8.9940538218379
-124.446490321454	2.2	9.05195262306296
-124.314011269131	2.25	9.11149044376998
-124.174478191653	2.3	9.17282044221546
-124.028189220978	2.35	9.23573798397828
-123.876360092131	2.4	9.29966496691911
-123.72106515508	2.45	9.36370482421978
-123.565004959171	2.5	9.42676207297641
-123.411150450098	2.55	9.48769895188235
-123.262354557775	2.6	9.54548958105056
-123.121025762493	2.65	9.59933587597887
-122.988928014857	2.7	9.64872540743352
-122.867122320343	2.75	9.69343195155441
-122.756023517573	2.8	9.73347444871066
-122.655526124046	2.85	9.7690551152898
-122.565152953522	2.9	9.80049499478011
-122.484194700841	2.95	9.82817809416555
-122.411823309205	3	9.85250902477045
-122.347174828676	3.05	9.87388423115095
-122.289404463622	3.1	9.89267460708833
-122.237719555006	3.15	9.90921656722532
-122.191396413181	3.2	9.9238089113383
-122.149786588587	3.25	9.93671320910092
-122.112316378366	3.3	9.94815622261922
-122.078482492814	3.35	9.95833330269197
-122.047845872696	3.4	9.96741208200561
-122.020024758295	3.45	9.97553611760537
-121.994687762831	3.5	9.98282827015692
-121.971547412373	3.55	9.98939371131736
-121.950354198003	3.6	9.99532257751401
-121.930891359228	3.65	10.0006922389136
-121.912970299063	3.7	10.0055692421617
-121.896426608678	3.75	10.0100109590218
-121.881116671606	3.8	10.0140669722688
-121.866914733471	3.85	10.0177802492549
-121.853710433742	3.9	10.0211881205057
-121.841406665481	3.95	10.0243231123951
-121.829917767041	4	10.0272136438891
-121.819167999893	4.05	10.0298846089327
-121.809090213592	4.1	10.0323578771688
-121.799624726198	4.15	10.0346527120369
-121.790718375414	4.2	10.0367861229628
-121.782323676193	4.25	10.0387731714869
-121.774398124914	4.3	10.0406272251927
-121.766903590791	4.35	10.0423601767981
-121.759805780374	4.4	10.0439826339978
-121.753073794683	4.45	10.0455040776526
-121.746679725759	4.5	10.0469330023258
-121.740598321272	4.55	10.0482770340096
-121.73480668355	4.6	10.0495430338974
-121.729284012419	4.65	10.0507371870705
-121.724011372948	4.7	10.0518650811109
-121.718971504885	4.75	10.0529317717327
-121.714148637564	4.8	10.053941843829
-121.709528343822	4.85	10.054899461268
-121.705097402287	4.9	10.0558084124217
-121.70084367524	4.95	10.0566721502185
