-124.234937010511	-5	3.99338721660202
-124.235185478765	-4.95	3.9934371618388
-124.235442784969	-4.9	3.99348940876159
-124.235709418364	-4.85	3.99354410495131
-124.235985904074	-4.8	3.99360141001461
-124.236272806707	-4.75	3.99366149684258
-124.236570734088	-4.7	3.993724552962
-124.236880341531	-4.65	3.99379078207681
-124.237202336394	-4.6	3.99386040575133
-124.237537483357	-4.55	3.99393366534561
-124.23788661025	-4.5	3.99401082417913
-124.238250614649	-4.45	3.99409216998463
-124.238630471289	-4.4	3.99417801768958
-124.239027240432	-4.35	3.99426871257045
-124.239442077471	-4.3	3.99436463387812
-124.239876242959	-4.25	3.99446619877322
-124.24033111695	-4.2	3.99457386751743
-124.240808209259	-4.15	3.99468814799342
-124.241309179205	-4.1	3.99480960280379
-124.24183585097	-4.05	3.99493885572407
-124.242390237195	-4	3.99507660060709
-124.24297456119	-3.95	3.99522361050035
-124.243591285286	-3.9	3.99538074890316
-124.244243144292	-3.85	3.99554898307178
-124.244933183377	-3.8	3.99572939935387
-124.24566480148	-3.75	3.99592322099833
-124.24644180445	-3.7	3.99613182977474
-124.247268465841	-3.65	3.99635679115145
-124.248149600933	-3.6	3.99659988485217
-124.249090651629	-3.55	3.99686314060084
-124.250097792618	-3.5	3.99714888243205
-124.251178052187	-3.45	3.99745978040798
-124.252339463814	-3.4	3.99779891509721
-124.253591252447	-3.35	3.99816985711806
-124.254944049172	-3.3	3.9985767612057
-124.256410171553	-3.25	3.99902448750957
-124.258003956837	-3.2	3.99951874870933
-124.259742183347	-3.15	4.00006629648659
-124.261644598459	-3.1	4.00067515704932
-124.263734587539	-3.05	4.00135493167301
-124.266040018365	-3	4.00211718012344
-124.268594333114	-2.95	4.00297591955215
-124.271437965095	-2.9	4.00394827713207
-124.274620188531	-2.85	4.00505535015956
-124.278201576629	-2.8	4.00632335773583
-124.28225728365	-2.75	4.00778519334717
-124.28688150171	-2.7	4.00948255129033
-124.292193567807	-2.65	4.011468869211
-124.298346461688	-2.6	4.01381346238081
-124.305538801682	-2.55	4.01660741891985
-124.314032030783	-2.5	4.01997213606309
-124.324175407704	-2.45	4.02407187509329
-124.336442932427	-2.4	4.02913253672901
-124.351488741535	-2.35	4.03547019742025
-124.370231238707	-2.3	4.04353508603911
-124.393982028162	-2.25	4.05398010737899
-124.424643263402	-2.2	4.06776784472364
-124.465003531186	-2.15	4.08633520532649
-124.519152759777	-2.1	4.11183346909447
-124.592960801827	-2.05	4.14742783270972
-124.694282710169	-2	4.19749836256147
-124.831831295204	-1.95	4.267189783036
-125.010698961135	-1.9	4.36015926930399
-125.223959918543	-1.85	4.47393517932438
-125.447817977325	-1.8	4.59659829013917
-125.938378097679	-1.65	4.87960573558458
-126.078431554282	-1.55	4.96680593876523
-126.1168466582	-1.5	4.9919746699818
-126.145417873045	-1.45	5.01133387285237
-126.169467055284	-1.4	5.02820710361111
-126.192579363632	-1.35	5.04501905038486
-126.217484798213	-1.3	5.06382508299315
-126.246733792238	-1.25	5.08678299015191
-126.283205958658	-1.2	5.11658494400303
-126.330479410492	-1.15	5.15686256422329
-126.392866824335	-1.1	5.21238442266383
-126.474439266368	-1.05	5.28835371113251
-126.575913167939	-1	5.38744394422916
-126.689907726309	-0.95	5.50441159423923
-126.800532305979	-0.899999999999999	5.62397488852962
-126.892548263208	-0.85	5.72903719145561
-127.079095404483	-0.6	5.97629970155967
-127.130374163907	-0.35	6.08545746289991
-127.141488762255	-0.3	6.11978665021848
-127.154412303099	-0.25	6.16702180793169
-127.169290274417	-0.199999999999999	6.23356829051697
-127.185281554126	-0.149999999999999	6.32559951144747
-127.199870563632	-0.0999999999999996	6.44302269691458
-127.209545291368	-0.0499999999999998	6.57203749587862
-127.212578804079	0	6.6897911210408
-127.210408189365	0.0500000000000007	6.78138768757437
-127.205649355698	0.100000000000001	6.84617807755834
-127.200180229248	0.15	6.89049390724136
-127.19489092887	0.2	6.92098128602182
-127.19007456828	0.25	6.94251862639616
-127.185751886482	0.300000000000001	6.95830656925545
-127.18183654182	0.350000000000001	6.97039146073483
-127.178203156816	0.4	6.98010123272207
-127.174708948958	0.45	6.98833387232548
-127.17119389413	0.5	6.9957388384824
-127.167469000075	0.550000000000001	7.00283444490733
-127.163294290614	0.600000000000001	7.01009191906653
-127.158343039051	0.65	7.01800771317614
-127.152143547588	0.7	7.02718218724371
-127.143982024722	0.75	7.03842468711445
-127.132737304308	0.800000000000001	7.05291249537247
-127.116598585258	0.850000000000001	7.07244317799083
-127.092599065388	0.9	7.09982505984487
-127.05593649916	0.95	7.13939293933817
-126.999369082795	1	7.19731714300016
-126.914108177483	1.05	7.28038535086885
-126.795384375461	1.1	7.39072977901067
-126.652563330557	1.15	7.51765795224018
-126.509945405802	1.2	7.63909388230813
-126.389355768324	1.25	7.73762626308068
-126.297414908304	1.3	7.80981701912111
-126.230066957645	1.35	7.86070209243892
-126.143188366427	1.45	7.9229910382232
-126.113558268526	1.5	7.94309268035769
-126.065111734506	1.6	7.97438381013675
-125.231451963545	2	8.41897107885793
-124.984083226837	2.05	8.54113815300034
-124.755929468822	2.1	8.65112916489258
-124.567996327224	2.15	8.73961358559879
-124.315456518197	2.25	8.85467484911552
-124.234351662747	2.3	8.89034491517827
-124.172038405383	2.35	8.91715915779462
-124.122197943548	2.4	8.93815264872323
-124.07991671949	2.45	8.95559264186888
-124.040944236199	2.5	8.97134045703184
-124.000802577571	2.55	8.98723623107782
-123.953575568948	2.6	9.00557056706173
-123.890085514795	2.65	9.02974443398631
-123.795554320338	2.7	9.06506058504936
-123.64903059702	2.75	9.11879668174009
-123.430722087803	2.8	9.19742650756287
-123.138122681071	2.85	9.3009691691942
-122.794609761624	2.9	9.42043870968462
-122.441749344072	2.95	9.54108433188173
-122.122041843761	3	9.64857511059512
-121.860529160774	3.05	9.73505632936261
-121.660349641038	3.1	9.80018226516784
-121.511891745313	3.15	9.84770915734086
-121.402546863883	3.2	9.88216291138774
-121.321400837746	3.25	9.90733443965119
-121.260294297553	3.3	9.92599980741633
-121.213472268693	3.35	9.94008641848798
-121.17695169181	3.4	9.95091072575226
-121.147975617131	3.45	9.9593733379997
-121.124617814436	3.5	9.96609679834311
-121.105513873954	3.55	9.97151768960089
-121.089682331276	3.6	9.97594710236914
-121.07640593363	3.65	9.97961033190337
-121.065152351265	3.7	9.98267313447329
-121.055520629359	3.75	9.9852593071397
-121.047204546758	3.8	9.98746262204211
-121.039967182456	3.85	9.98935504888541
-121.0336230013	3.9	9.99099250543057
-121.028025078891	3.95	9.99241893167773
-121.023055850947	4	9.99366922072244
-121.018620335434	4.05	9.99477135291744
-121.01464110783	4.1	9.99574796869421
-121.01105452593	4.15	9.99661754300547
-121.007807873286	4.2	9.99739526931647
-121.004857169553	4.25	9.99809373338505
-121.002165472709	4.3	9.99872343253054
-120.999701558202	4.35	9.99929317770357
-120.997438879036	4.4	9.99981040834152
-120.995354740608	4.45	10.0002814408939
-120.993429642656	4.5	10.0007116661024
-120.99164674372	4.55	10.0011057083009
-120.989991436096	4.6	10.0014675518468
-120.988450992913	4.65	10.0018006451253
-120.987014281028	4.7	10.0021079849058
-120.985671523967	4.75	10.0023921856409
-120.984414104992	4.8	10.0026555367321
-120.983234403428	4.85	10.0029000499323
-120.982125657375	4.9	10.0031274989043
-120.981081848031	4.95	10.0033394523834
